
////////////////////////////////////////////////////////////////////////////////////////////////



                         FINITE DIFFERENCE 2D HARTREE-FOCK  (version 2.0)



////////////////////////////////////////////////////////////////////////////////////////////////

   ... start of input data ...
  title Be DFT R_inf=25.0 bohr  R = 2.3860 bohr                                   
  method  dft                                                                     
  dft b88 ! lyp                                                                   
  nuclei  4.0  0.0  2.386                                                         
  config  0                                                                       
  2 sigma  end                                                                    
  grid 169 35.0                                                                   
  orbpot hydrogen                                                                 
  lcao                                                                            
  1.0   2 0 4.0     0.0   1 0 9.0  0                                              
  1.0   1 0 4.0     0.0   1 0 9.0  0                                              
  scf 1000 10 8 8 1                                                               
  omega 1.80 -1.82                                                                
  stop                                                                            
   ... end of input data  ...
         

   molecular system: 

          Be( 4.00)      ( 0.00)   R =  2.38600 bohr = 1.26262 angstroms

   method: DFT and 
                    b88  functional

   electronic configuration:

           2  sigma      + - 
           1  sigma      + - 


          total charge            =   0
          number of
              electrons           =   4
              orbitals            =   2
              Coulomb potentials  =   2
              exchange potentials =   1

   LCAO via hydrogenic functions:

           orbital           n1 l1   Z1    c1       n2 l2   Z2    c2 

           2  sigma           2  0  4.00  1.00       1  0  9.00  0.00
           1  sigma           1  0  4.00  1.00       1  0  9.00  0.00

   grid:
          nu (h_nu)  =  169  (0.01870)
          mu (h_mu)  =  217  (0.01885)
          R_infinity =   35.00

   scf: 
          thresholds
              scf iterations           =   1000
              orbital energy           = 1.00E- 8
              orbital norm             = 1.00E- 8
              multipole moments recalc = 1.15E+00

          orbitals are relaxed
          Coulomb potentials are relaxed

          multipole expansion coefficients =  4

   (mc)sor:
          sor method used for relaxing orbitals and potentials
          ordering: middle 

                            (mc)sor iterations
                            orbital  potentials
             2 sigma           10        10
             1 sigma           10        10

          overrelaxation parameters:   orbitals       potentials 
                                        1.800       1.976   1.976

   machine accuracy      =    0.11E-15

   constants: 
               pi        =    0.3141592653589793E+01
               bohr      =    0.5291772490000000E+00 angstroms


   memory usage:
          text+data                                      0.9 MB 
          bss (common block contributions)              97.1 MB
          dynamical allocation                          11.4 MB 
              orbitals + Coulomb potentials              1.1 MB
              exchange potentials                        0.3 MB

////////////////////////////////////////////////////////////////////////////////////////////////

 ... initializing orbitals from hydrogenic functions ...
 ... initializing Coulomb potentials ...
 ... initializing Slater exchange potential ...
 ... initializing multipole moment coefficients ...
 ... initializing Lagrange multipliers ...

 total energy:                 -0.1724771086205694E+02
 total electronic energy:      -0.1724771086205694E+02
 virial ratio:                 -0.8623855430078861E+00

   scf  orbital              energy              energy diff        1-norm         overlap
    1   1 sigma      -.5200914396313172E+01       -0.68E+00       -0.38E-01        0.00E+00
    1   2 sigma      -.3960809945712807E+00       -0.33E+00       -0.11E+00        0.13E-01
    2   1 sigma      -.4656097215480720E+01        0.54E+00        0.28E-02        0.00E+00
    2   2 sigma      -.3555492828552886E+00        0.41E-01       -0.39E-01        0.59E-02
 ... multipole moment expansion coefficients recalculated ...
    3   1 sigma      -.4212632785393550E+01        0.44E+00       -0.44E-02        0.00E+00
    3   2 sigma      -.3309062400514944E+00        0.25E-01       -0.46E-01        0.97E-02
 ... multipole moment expansion coefficients recalculated ...
    4   1 sigma      -.3897943076240334E+01        0.31E+00       -0.83E-02        0.00E+00
    4   2 sigma      -.3171225125490738E+00        0.14E-01       -0.49E-01        0.12E-01
 ... multipole moment expansion coefficients recalculated ...
    5   1 sigma      -.3712166432613737E+01        0.19E+00       -0.92E-02        0.00E+00
    5   2 sigma      -.3108379242438726E+00        0.63E-02       -0.50E-01        0.12E-01
 ... multipole moment expansion coefficients recalculated ...
    6   1 sigma      -.3627055191738137E+01        0.85E-01       -0.80E-02        0.00E+00
    6   2 sigma      -.3063913758869312E+00        0.44E-02       -0.48E-01        0.10E-01
 ... multipole moment expansion coefficients recalculated ...
    7   1 sigma      -.3606560264567632E+01        0.20E-01       -0.58E-02        0.00E+00
    7   2 sigma      -.2985536709127412E+00        0.78E-02       -0.45E-01        0.69E-02
 ... multipole moment expansion coefficients recalculated ...
    8   1 sigma      -.3619721109420801E+01       -0.13E-01       -0.36E-02        0.00E+00
    8   2 sigma      -.2847069298012534E+00        0.14E-01       -0.41E-01        0.33E-02
 ... multipole moment expansion coefficients recalculated ...
    9   1 sigma      -.3645659855468908E+01       -0.26E-01       -0.19E-02        0.00E+00
    9   2 sigma      -.2654083871605424E+00        0.19E-01       -0.39E-01        0.15E-04
 ... multipole moment expansion coefficients recalculated ...
   10   1 sigma      -.3673352604743020E+01       -0.28E-01       -0.96E-03        0.00E+00
   10   2 sigma      -.2433394492372232E+00        0.22E-01       -0.37E-01        0.24E-02
 ... writing functions to disk (current precision) ...
 total energy:    -0.1466252838891322E+02
   11   1 sigma      -.3698907853574760E+01       -0.26E-01       -0.48E-03        0.00E+00
   11   2 sigma      -.2216700549725810E+00        0.22E-01       -0.36E-01        0.38E-02
   12   1 sigma      -.3722296678303648E+01       -0.23E-01       -0.31E-03        0.00E+00
   12   2 sigma      -.2027843424195086E+00        0.19E-01       -0.35E-01        0.44E-02
   13   1 sigma      -.3744654966563676E+01       -0.22E-01       -0.26E-03        0.00E+00
   13   2 sigma      -.1879408551606705E+00        0.15E-01       -0.33E-01        0.44E-02
 ... multipole moment expansion coefficients recalculated ...
   14   1 sigma      -.3766771465486071E+01       -0.22E-01       -0.25E-03        0.00E+00
   14   2 sigma      -.1774957900263885E+00        0.10E-01       -0.31E-01        0.41E-02
   15   1 sigma      -.3788800053433597E+01       -0.22E-01       -0.21E-03        0.00E+00
   15   2 sigma      -.1710348935232142E+00        0.65E-02       -0.28E-01        0.36E-02
   16   1 sigma      -.3810475212247272E+01       -0.22E-01       -0.16E-03        0.00E+00
   16   2 sigma      -.1677774911961529E+00        0.33E-02       -0.25E-01        0.32E-02
   17   1 sigma      -.3831303730551753E+01       -0.21E-01       -0.88E-04        0.00E+00
   17   2 sigma      -.1669196646267630E+00        0.86E-03       -0.22E-01        0.28E-02
   18   1 sigma      -.3850715664956756E+01       -0.19E-01       -0.20E-04        0.00E+00
   18   2 sigma      -.1677044975092259E+00       -0.78E-03       -0.19E-01        0.25E-02
 ... multipole moment expansion coefficients recalculated ...
   19   1 sigma      -.3868211809236276E+01       -0.17E-01        0.39E-04        0.00E+00
   19   2 sigma      -.1694533243741496E+00       -0.17E-02       -0.16E-01        0.22E-02
   20   1 sigma      -.3883485200850197E+01       -0.15E-01        0.85E-04        0.00E+00
   20   2 sigma      -.1716415707077015E+00       -0.22E-02       -0.14E-01        0.20E-02
 ... multipole moment expansion coefficients recalculated ...
 ... writing functions to disk (current precision) ...
 total energy:    -0.1455192822194950E+02
   21   1 sigma      -.3896439585607763E+01       -0.13E-01        0.12E-03        0.00E+00
   21   2 sigma      -.1739268166987320E+00       -0.23E-02       -0.11E-01        0.17E-02
 ... multipole moment expansion coefficients recalculated ...
   22   1 sigma      -.3907143635038449E+01       -0.11E-01        0.13E-03        0.00E+00
   22   2 sigma      -.1761030655350326E+00       -0.22E-02       -0.96E-02        0.16E-02
 ... multipole moment expansion coefficients recalculated ...
   23   1 sigma      -.3915768135495716E+01       -0.86E-02        0.14E-03        0.00E+00
   23   2 sigma      -.1780414435272721E+00       -0.19E-02       -0.81E-02        0.14E-02
 ... multipole moment expansion coefficients recalculated ...
   24   1 sigma      -.3922549007177198E+01       -0.68E-02        0.15E-03        0.00E+00
   24   2 sigma      -.1796449898816519E+00       -0.16E-02       -0.68E-02        0.12E-02
 ... multipole moment expansion coefficients recalculated ...
   25   1 sigma      -.3927785923651229E+01       -0.52E-02        0.15E-03        0.00E+00
   25   2 sigma      -.1809293236217149E+00       -0.13E-02       -0.57E-02        0.11E-02
 ... multipole moment expansion coefficients recalculated ...
   26   1 sigma      -.3931820849019307E+01       -0.40E-02        0.14E-03        0.00E+00
   26   2 sigma      -.1818732363812308E+00       -0.94E-03       -0.48E-02        0.98E-03
 ... multipole moment expansion coefficients recalculated ...
   27   1 sigma      -.3934984185299238E+01       -0.32E-02        0.13E-03        0.00E+00
   27   2 sigma      -.1825217204717406E+00       -0.65E-03       -0.40E-02        0.87E-03
 ... multipole moment expansion coefficients recalculated ...
   28   1 sigma      -.3937589603398495E+01       -0.26E-02        0.12E-03        0.00E+00
   28   2 sigma      -.1829272723199036E+00       -0.41E-03       -0.34E-02        0.79E-03
 ... multipole moment expansion coefficients recalculated ...
   29   1 sigma      -.3939915016652336E+01       -0.23E-02        0.10E-03        0.00E+00
   29   2 sigma      -.1831501128664339E+00       -0.22E-03       -0.28E-02        0.71E-03
   30   1 sigma      -.3942085805218797E+01       -0.22E-02        0.90E-04        0.00E+00
   30   2 sigma      -.1832589885540514E+00       -0.11E-03       -0.23E-02        0.65E-03
 ... multipole moment expansion coefficients recalculated ...
 ... writing functions to disk (current precision) ...
 total energy:    -0.1455532404536323E+02
   31   1 sigma      -.3944086988938823E+01       -0.20E-02        0.80E-04        0.00E+00
   31   2 sigma      -.1833203592748789E+00       -0.61E-04       -0.20E-02        0.60E-03
   32   1 sigma      -.3945883129189014E+01       -0.18E-02        0.72E-04        0.00E+00
   32   2 sigma      -.1833912160654638E+00       -0.71E-04       -0.16E-02        0.55E-03
 ... multipole moment expansion coefficients recalculated ...
   33   1 sigma      -.3947498141809545E+01       -0.16E-02        0.64E-04        0.00E+00
   33   2 sigma      -.1835081604248339E+00       -0.12E-03       -0.14E-02        0.50E-03
   34   1 sigma      -.3948985145395280E+01       -0.15E-02        0.56E-04        0.00E+00
   34   2 sigma      -.1836872900075868E+00       -0.18E-03       -0.12E-02        0.46E-03
 ... multipole moment expansion coefficients recalculated ...
   35   1 sigma      -.3950392173251510E+01       -0.14E-02        0.47E-04        0.00E+00
   35   2 sigma      -.1839265868144433E+00       -0.24E-03       -0.10E-02        0.43E-03
   36   1 sigma      -.3951755543809016E+01       -0.14E-02        0.39E-04        0.00E+00
   36   2 sigma      -.1842174252539304E+00       -0.29E-03       -0.93E-03        0.39E-03
   37   1 sigma      -.3953094487945572E+01       -0.13E-02        0.31E-04        0.00E+00
   37   2 sigma      -.1845380996084822E+00       -0.32E-03       -0.84E-03        0.36E-03
   38   1 sigma      -.3954404018020445E+01       -0.13E-02        0.25E-04        0.00E+00
   38   2 sigma      -.1848743440418756E+00       -0.34E-03       -0.74E-03        0.34E-03
   39   1 sigma      -.3955670476349250E+01       -0.13E-02        0.21E-04        0.00E+00
   39   2 sigma      -.1852256319011891E+00       -0.35E-03       -0.65E-03        0.31E-03
 ... multipole moment expansion coefficients recalculated ...
   40   1 sigma      -.3956893083950148E+01       -0.12E-02        0.17E-04        0.00E+00
   40   2 sigma      -.1855906927885687E+00       -0.37E-03       -0.56E-03        0.29E-03
 ... writing functions to disk (current precision) ...
 total energy:    -0.1455434777126902E+02
   41   1 sigma      -.3958076139102573E+01       -0.12E-02        0.14E-04        0.00E+00
   41   2 sigma      -.1859667308270854E+00       -0.38E-03       -0.48E-03        0.27E-03
   42   1 sigma      -.3959224350398465E+01       -0.11E-02        0.11E-04        0.00E+00
   42   2 sigma      -.1863523425116922E+00       -0.39E-03       -0.41E-03        0.26E-03
   43   1 sigma      -.3960339994949912E+01       -0.11E-02        0.78E-05        0.00E+00
   43   2 sigma      -.1867464550927347E+00       -0.39E-03       -0.34E-03        0.24E-03
   44   1 sigma      -.3961418786790728E+01       -0.11E-02        0.54E-05        0.00E+00
   44   2 sigma      -.1871432457263502E+00       -0.40E-03       -0.28E-03        0.22E-03
 ... multipole moment expansion coefficients recalculated ...
   45   1 sigma      -.3962449218022394E+01       -0.10E-02        0.38E-05        0.00E+00
   45   2 sigma      -.1875324229067483E+00       -0.39E-03       -0.22E-03        0.21E-03
   46   1 sigma      -.3963419663325685E+01       -0.97E-03        0.29E-05        0.00E+00
   46   2 sigma      -.1879047448312352E+00       -0.37E-03       -0.16E-03        0.20E-03
   47   1 sigma      -.3964320472089648E+01       -0.90E-03        0.25E-05        0.00E+00
   47   2 sigma      -.1882565206280480E+00       -0.35E-03       -0.99E-04        0.18E-03
 ... multipole moment expansion coefficients recalculated ...
   48   1 sigma      -.3965148201741944E+01       -0.83E-03        0.22E-05        0.00E+00
   48   2 sigma      -.1885874884264906E+00       -0.33E-03       -0.47E-04        0.17E-03
   49   1 sigma      -.3965904641694561E+01       -0.76E-03        0.20E-05        0.00E+00
   49   2 sigma      -.1888999396065500E+00       -0.31E-03       -0.13E-05        0.16E-03
 ... multipole moment expansion coefficients recalculated ...
   50   1 sigma      -.3966605522012529E+01       -0.70E-03        0.13E-05        0.00E+00
   50   2 sigma      -.1891997355202204E+00       -0.30E-03        0.37E-04        0.15E-03
 ... writing functions to disk (current precision) ...
 total energy:    -0.1455914073450712E+02
   51   1 sigma      -.3967253239354527E+01       -0.65E-03        0.77E-06        0.00E+00
   51   2 sigma      -.1894843018715231E+00       -0.28E-03        0.72E-04        0.14E-03
 ... multipole moment expansion coefficients recalculated ...
   52   1 sigma      -.3967852473985282E+01       -0.60E-03        0.38E-06        0.00E+00
   52   2 sigma      -.1897538141524855E+00       -0.27E-03        0.10E-03        0.14E-03
   53   1 sigma      -.3968408451370446E+01       -0.56E-03        0.57E-07        0.00E+00
   53   2 sigma      -.1900077581031769E+00       -0.25E-03        0.13E-03        0.13E-03
 ... multipole moment expansion coefficients recalculated ...
   54   1 sigma      -.3968924194270798E+01       -0.52E-03       -0.15E-06        0.00E+00
   54   2 sigma      -.1902468138417068E+00       -0.24E-03        0.15E-03        0.12E-03
   55   1 sigma      -.3969402916677760E+01       -0.48E-03       -0.31E-06        0.00E+00
   55   2 sigma      -.1904709963369158E+00       -0.22E-03        0.17E-03        0.12E-03
 ... multipole moment expansion coefficients recalculated ...
   56   1 sigma      -.3969848842224765E+01       -0.45E-03       -0.48E-06        0.00E+00
   56   2 sigma      -.1906804405578746E+00       -0.21E-03        0.19E-03        0.11E-03
   57   1 sigma      -.3970263427031593E+01       -0.41E-03       -0.57E-06        0.00E+00
   57   2 sigma      -.1908762183501083E+00       -0.20E-03        0.20E-03        0.10E-03
 ... multipole moment expansion coefficients recalculated ...
   58   1 sigma      -.3970649413040400E+01       -0.39E-03       -0.65E-06        0.00E+00
   58   2 sigma      -.1910588933262447E+00       -0.18E-03        0.22E-03        0.10E-03
   59   1 sigma      -.3971007418152098E+01       -0.36E-03       -0.66E-06        0.00E+00
   59   2 sigma      -.1912301757723831E+00       -0.17E-03        0.22E-03        0.95E-04
 ... multipole moment expansion coefficients recalculated ...
   60   1 sigma      -.3971340802012985E+01       -0.33E-03       -0.72E-06        0.00E+00
   60   2 sigma      -.1913903495263061E+00       -0.16E-03        0.23E-03        0.91E-04
 ... writing functions to disk (current precision) ...
 total energy:    -0.1456231422810980E+02
   61   1 sigma      -.3971651613850367E+01       -0.31E-03       -0.76E-06        0.00E+00
   61   2 sigma      -.1915400159470877E+00       -0.15E-03        0.24E-03        0.87E-04
 ... multipole moment expansion coefficients recalculated ...
   62   1 sigma      -.3971941879362447E+01       -0.29E-03       -0.79E-06        0.00E+00
   62   2 sigma      -.1916795250834982E+00       -0.14E-03        0.24E-03        0.83E-04
   63   1 sigma      -.3972212389570931E+01       -0.27E-03       -0.78E-06        0.00E+00
   63   2 sigma      -.1918094906560910E+00       -0.13E-03        0.25E-03        0.79E-04
   64   1 sigma      -.3972464171999196E+01       -0.25E-03       -0.75E-06        0.00E+00
   64   2 sigma      -.1919309697651888E+00       -0.12E-03        0.25E-03        0.76E-04
 ... multipole moment expansion coefficients recalculated ...
   65   1 sigma      -.3972700105927723E+01       -0.24E-03       -0.77E-06        0.00E+00
   65   2 sigma      -.1920438219597715E+00       -0.11E-03        0.25E-03        0.73E-04
   66   1 sigma      -.3972920026973206E+01       -0.22E-03       -0.72E-06        0.00E+00
   66   2 sigma      -.1921488116852923E+00       -0.10E-03        0.25E-03        0.70E-04
   67   1 sigma      -.3973125220209306E+01       -0.21E-03       -0.68E-06        0.00E+00
   67   2 sigma      -.1922461953971568E+00       -0.97E-04        0.25E-03        0.67E-04
 ... multipole moment expansion coefficients recalculated ...
   68   1 sigma      -.3973316558951289E+01       -0.19E-03       -0.63E-06        0.00E+00
   68   2 sigma      -.1923365145611453E+00       -0.90E-04        0.25E-03        0.65E-04
   69   1 sigma      -.3973494651142874E+01       -0.18E-03       -0.57E-06        0.00E+00
   69   2 sigma      -.1924207529758697E+00       -0.84E-04        0.25E-03        0.62E-04
 ... multipole moment expansion coefficients recalculated ...
   70   1 sigma      -.3973662107126176E+01       -0.17E-03       -0.58E-06        0.00E+00
   70   2 sigma      -.1924985579615088E+00       -0.78E-04        0.25E-03        0.60E-04
 ... writing functions to disk (current precision) ...
 total energy:    -0.1456388742734511E+02
   71   1 sigma      -.3973818106249912E+01       -0.16E-03       -0.51E-06        0.00E+00
   71   2 sigma      -.1925707849205935E+00       -0.72E-04        0.24E-03        0.58E-04
   72   1 sigma      -.3973963997628113E+01       -0.15E-03       -0.47E-06        0.00E+00
   72   2 sigma      -.1926376638778886E+00       -0.67E-04        0.24E-03        0.55E-04
 ... multipole moment expansion coefficients recalculated ...
   73   1 sigma      -.3974100597111184E+01       -0.14E-03       -0.43E-06        0.00E+00
   73   2 sigma      -.1926995546229591E+00       -0.62E-04        0.24E-03        0.53E-04
   74   1 sigma      -.3974228292676802E+01       -0.13E-03       -0.38E-06        0.00E+00
   74   2 sigma      -.1927566892056718E+00       -0.57E-04        0.23E-03        0.52E-04
   75   1 sigma      -.3974347749200910E+01       -0.12E-03       -0.34E-06        0.00E+00
   75   2 sigma      -.1928094822863959E+00       -0.53E-04        0.23E-03        0.50E-04
 ... multipole moment expansion coefficients recalculated ...
   76   1 sigma      -.3974459450380563E+01       -0.11E-03       -0.30E-06        0.00E+00
   76   2 sigma      -.1928581315044546E+00       -0.49E-04        0.23E-03        0.48E-04
   77   1 sigma      -.3974563990935894E+01       -0.10E-03       -0.26E-06        0.00E+00
   77   2 sigma      -.1929030221282924E+00       -0.45E-04        0.22E-03        0.46E-04
   78   1 sigma      -.3974661824100215E+01       -0.98E-04       -0.22E-06        0.00E+00
   78   2 sigma      -.1929443058029030E+00       -0.41E-04        0.22E-03        0.45E-04
 ... multipole moment expansion coefficients recalculated ...
   79   1 sigma      -.3974753435829314E+01       -0.92E-04       -0.19E-06        0.00E+00
   79   2 sigma      -.1929823885577953E+00       -0.38E-04        0.22E-03        0.43E-04
   80   1 sigma      -.3974839108206524E+01       -0.86E-04       -0.15E-06        0.00E+00
   80   2 sigma      -.1930174174159778E+00       -0.35E-04        0.21E-03        0.42E-04
 ... writing functions to disk (current precision) ...
 total energy:    -0.1456453185023683E+02
   81   1 sigma      -.3974919499340413E+01       -0.80E-04       -0.13E-06        0.00E+00
   81   2 sigma      -.1930495961180136E+00       -0.32E-04        0.21E-03        0.40E-04
 ... multipole moment expansion coefficients recalculated ...
   82   1 sigma      -.3974994779131027E+01       -0.75E-04       -0.96E-07        0.00E+00
   82   2 sigma      -.1930791986228646E+00       -0.30E-04        0.21E-03        0.39E-04
   83   1 sigma      -.3975065450568334E+01       -0.71E-04       -0.74E-07        0.00E+00
   83   2 sigma      -.1931063486332827E+00       -0.27E-04        0.20E-03        0.38E-04
   84   1 sigma      -.3975131630487508E+01       -0.66E-04       -0.46E-07        0.00E+00
   84   2 sigma      -.1931312540629615E+00       -0.25E-04        0.20E-03        0.37E-04
 ... multipole moment expansion coefficients recalculated ...
   85   1 sigma      -.3975193821091699E+01       -0.62E-04       -0.28E-07        0.00E+00
   85   2 sigma      -.1931540256281847E+00       -0.23E-04        0.19E-03        0.35E-04
   86   1 sigma      -.3975252106114133E+01       -0.58E-04       -0.45E-08        0.00E+00
   86   2 sigma      -.1931748731911318E+00       -0.21E-04        0.19E-03        0.34E-04
   87   1 sigma      -.3975306902428925E+01       -0.55E-04        0.11E-07        0.00E+00
   87   2 sigma      -.1931938915422737E+00       -0.19E-04        0.19E-03        0.33E-04
 ... multipole moment expansion coefficients recalculated ...
   88   1 sigma      -.3975358178580695E+01       -0.51E-04        0.35E-07        0.00E+00
   88   2 sigma      -.1932112241788297E+00       -0.17E-04        0.18E-03        0.32E-04
   89   1 sigma      -.3975406239753146E+01       -0.48E-04        0.52E-07        0.00E+00
   89   2 sigma      -.1932271037547375E+00       -0.16E-04        0.18E-03        0.31E-04
   90   1 sigma      -.3975451639874775E+01       -0.45E-04        0.55E-07        0.00E+00
   90   2 sigma      -.1932414976300079E+00       -0.14E-04        0.17E-03        0.30E-04
 ... multipole moment expansion coefficients recalculated ...
 ... writing functions to disk (current precision) ...
 total energy:    -0.1456472568062238E+02
   91   1 sigma      -.3975494163118908E+01       -0.43E-04        0.73E-07        0.00E+00
   91   2 sigma      -.1932545848648060E+00       -0.13E-04        0.17E-03        0.29E-04
   92   1 sigma      -.3975534089791844E+01       -0.40E-04        0.85E-07        0.00E+00
   92   2 sigma      -.1932664748791091E+00       -0.12E-04        0.17E-03        0.28E-04
   93   1 sigma      -.3975571780598353E+01       -0.38E-04        0.89E-07        0.00E+00
   93   2 sigma      -.1932772301745025E+00       -0.11E-04        0.16E-03        0.27E-04
 ... multipole moment expansion coefficients recalculated ...
   94   1 sigma      -.3975607104656873E+01       -0.35E-04        0.10E-06        0.00E+00
   94   2 sigma      -.1932869991787471E+00       -0.98E-05        0.16E-03        0.26E-04
   95   1 sigma      -.3975640486333127E+01       -0.33E-04        0.10E-06        0.00E+00
   95   2 sigma      -.1932957396641908E+00       -0.87E-05        0.16E-03        0.26E-04
   96   1 sigma      -.3975671812228482E+01       -0.31E-04        0.12E-06        0.00E+00
   96   2 sigma      -.1933036148189162E+00       -0.79E-05        0.15E-03        0.25E-04
 ... multipole moment expansion coefficients recalculated ...
   97   1 sigma      -.3975701212384801E+01       -0.29E-04        0.12E-06        0.00E+00
   97   2 sigma      -.1933107382293593E+00       -0.71E-05        0.15E-03        0.24E-04
   98   1 sigma      -.3975729068547114E+01       -0.28E-04        0.12E-06        0.00E+00
   98   2 sigma      -.1933170408120202E+00       -0.63E-05        0.15E-03        0.23E-04
   99   1 sigma      -.3975755212832982E+01       -0.26E-04        0.13E-06        0.00E+00
   99   2 sigma      -.1933226693941164E+00       -0.56E-05        0.14E-03        0.23E-04
 ... multipole moment expansion coefficients recalculated ...
  100   1 sigma      -.3975779764652974E+01       -0.25E-04        0.13E-06        0.00E+00
  100   2 sigma      -.1933277176815016E+00       -0.50E-05        0.14E-03        0.22E-04
 ... writing functions to disk (current precision) ...
 total energy:    -0.1456472840137174E+02
  101   1 sigma      -.3975803052802317E+01       -0.23E-04        0.13E-06        0.00E+00
  101   2 sigma      -.1933321173931135E+00       -0.44E-05        0.14E-03        0.21E-04
  102   1 sigma      -.3975824921812342E+01       -0.22E-04        0.14E-06        0.00E+00
  102   2 sigma      -.1933359944917783E+00       -0.39E-05        0.13E-03        0.21E-04
 ... multipole moment expansion coefficients recalculated ...
  103   1 sigma      -.3975845468427357E+01       -0.21E-04        0.14E-06        0.00E+00
  103   2 sigma      -.1933394266003239E+00       -0.34E-05        0.13E-03        0.20E-04
  104   1 sigma      -.3975864977416093E+01       -0.20E-04        0.13E-06        0.00E+00
  104   2 sigma      -.1933423478147966E+00       -0.29E-05        0.13E-03        0.19E-04
  105   1 sigma      -.3975883303699968E+01       -0.18E-04        0.14E-06        0.00E+00
  105   2 sigma      -.1933448652900907E+00       -0.25E-05        0.12E-03        0.19E-04
 ... multipole moment expansion coefficients recalculated ...
  106   1 sigma      -.3975900524338867E+01       -0.17E-04        0.14E-06        0.00E+00
  106   2 sigma      -.1933470443599403E+00       -0.22E-05        0.12E-03        0.18E-04
  107   1 sigma      -.3975916896373725E+01       -0.16E-04        0.13E-06        0.00E+00
  107   2 sigma      -.1933488227760547E+00       -0.18E-05        0.12E-03        0.18E-04
  108   1 sigma      -.3975932278787744E+01       -0.15E-04        0.14E-06        0.00E+00
  108   2 sigma      -.1933502917086083E+00       -0.15E-05        0.12E-03        0.17E-04
 ... multipole moment expansion coefficients recalculated ...
  109   1 sigma      -.3975946733966420E+01       -0.14E-04        0.14E-06        0.00E+00
  109   2 sigma      -.1933515051077968E+00       -0.12E-05        0.11E-03        0.17E-04
  110   1 sigma      -.3975960489833958E+01       -0.14E-04        0.13E-06        0.00E+00
  110   2 sigma      -.1933524049626758E+00       -0.90E-06        0.11E-03        0.16E-04
 ... writing functions to disk (current precision) ...
 total energy:    -0.1456466298355017E+02
  111   1 sigma      -.3975973415674568E+01       -0.13E-04        0.13E-06        0.00E+00
  111   2 sigma      -.1933530699317614E+00       -0.66E-06        0.11E-03        0.16E-04
 ... multipole moment expansion coefficients recalculated ...
  112   1 sigma      -.3975985562935687E+01       -0.12E-04        0.13E-06        0.00E+00
  112   2 sigma      -.1933535450703541E+00       -0.48E-06        0.10E-03        0.15E-04
  113   1 sigma      -.3975997132507161E+01       -0.12E-04        0.13E-06        0.00E+00
  113   2 sigma      -.1933537755675332E+00       -0.23E-06        0.10E-03        0.15E-04
  114   1 sigma      -.3976008003670120E+01       -0.11E-04        0.13E-06        0.00E+00
  114   2 sigma      -.1933538295997677E+00       -0.54E-07        0.10E-03        0.14E-04
 ... multipole moment expansion coefficients recalculated ...
  115   1 sigma      -.3976018219151225E+01       -0.10E-04        0.13E-06        0.00E+00
  115   2 sigma      -.1933537451275209E+00        0.84E-07        0.97E-04        0.14E-04
  116   1 sigma      -.3976027956506226E+01       -0.97E-05        0.12E-06        0.00E+00
  116   2 sigma      -.1933534706759654E+00        0.27E-06        0.95E-04        0.14E-04
  117   1 sigma      -.3976037104380719E+01       -0.91E-05        0.12E-06        0.00E+00
  117   2 sigma      -.1933530655648592E+00        0.41E-06        0.93E-04        0.13E-04
 ... multipole moment expansion coefficients recalculated ...
  118   1 sigma      -.3976045698533484E+01       -0.86E-05        0.12E-06        0.00E+00
  118   2 sigma      -.1933525620112824E+00        0.50E-06        0.90E-04        0.13E-04
  119   1 sigma      -.3976053896383851E+01       -0.82E-05        0.11E-06        0.00E+00
  119   2 sigma      -.1933519117331270E+00        0.65E-06        0.88E-04        0.12E-04
  120   1 sigma      -.3976061595257758E+01       -0.77E-05        0.11E-06        0.00E+00
  120   2 sigma      -.1933511666917691E+00        0.75E-06        0.86E-04        0.12E-04
 ... multipole moment expansion coefficients recalculated ...
 ... writing functions to disk (current precision) ...
 total energy:    -0.1456458220019842E+02
  121   1 sigma      -.3976068825274865E+01       -0.72E-05        0.11E-06        0.00E+00
  121   2 sigma      -.1933503543031645E+00        0.81E-06        0.84E-04        0.12E-04
  122   1 sigma      -.3976075726562881E+01       -0.69E-05        0.11E-06        0.00E+00
  122   2 sigma      -.1933494295049678E+00        0.92E-06        0.82E-04        0.11E-04
  123   1 sigma      -.3976082204415971E+01       -0.65E-05        0.10E-06        0.00E+00
  123   2 sigma      -.1933484379509440E+00        0.99E-06        0.80E-04        0.11E-04
 ... multipole moment expansion coefficients recalculated ...
  124   1 sigma      -.3976088284219250E+01       -0.61E-05        0.10E-06        0.00E+00
  124   2 sigma      -.1933474030957767E+00        0.10E-05        0.78E-04        0.11E-04
  125   1 sigma      -.3976094091104682E+01       -0.58E-05        0.98E-07        0.00E+00
  125   2 sigma      -.1933462829764061E+00        0.11E-05        0.76E-04        0.10E-04
  126   1 sigma      -.3976099537830917E+01       -0.54E-05        0.97E-07        0.00E+00
  126   2 sigma      -.1933451178925167E+00        0.12E-05        0.74E-04        0.10E-04
 ... multipole moment expansion coefficients recalculated ...
  127   1 sigma      -.3976104645836470E+01       -0.51E-05        0.96E-07        0.00E+00
  127   2 sigma      -.1933439280281333E+00        0.12E-05        0.72E-04        0.99E-05
  128   1 sigma      -.3976109527211776E+01       -0.49E-05        0.90E-07        0.00E+00
  128   2 sigma      -.1933426743749576E+00        0.13E-05        0.71E-04        0.96E-05
  129   1 sigma      -.3976114101616948E+01       -0.46E-05        0.89E-07        0.00E+00
  129   2 sigma      -.1933413926458387E+00        0.13E-05        0.69E-04        0.93E-05
 ... multipole moment expansion coefficients recalculated ...
  130   1 sigma      -.3976118387230698E+01       -0.43E-05        0.88E-07        0.00E+00
  130   2 sigma      -.1933401002873545E+00        0.13E-05        0.67E-04        0.91E-05
 ... writing functions to disk (current precision) ...
 total energy:    -0.1456450643888054E+02
  131   1 sigma      -.3976122484719592E+01       -0.41E-05        0.83E-07        0.00E+00
  131   2 sigma      -.1933387610933426E+00        0.13E-05        0.66E-04        0.88E-05
  132   1 sigma      -.3976126320042905E+01       -0.38E-05        0.82E-07        0.00E+00
  132   2 sigma      -.1933374068474638E+00        0.14E-05        0.64E-04        0.86E-05
 ... multipole moment expansion coefficients recalculated ...
  133   1 sigma      -.3976129908692432E+01       -0.36E-05        0.80E-07        0.00E+00
  133   2 sigma      -.1933360526985779E+00        0.14E-05        0.63E-04        0.83E-05
  134   1 sigma      -.3976133341312516E+01       -0.34E-05        0.76E-07        0.00E+00
  134   2 sigma      -.1933346650841781E+00        0.14E-05        0.61E-04        0.81E-05
  135   1 sigma      -.3976136549651524E+01       -0.32E-05        0.75E-07        0.00E+00
  135   2 sigma      -.1933332723962460E+00        0.14E-05        0.60E-04        0.79E-05
 ... multipole moment expansion coefficients recalculated ...
  136   1 sigma      -.3976139546962115E+01       -0.30E-05        0.73E-07        0.00E+00
  136   2 sigma      -.1933318878537147E+00        0.14E-05        0.58E-04        0.77E-05
  137   1 sigma      -.3976142415070794E+01       -0.29E-05        0.69E-07        0.00E+00
  137   2 sigma      -.1933304803643860E+00        0.14E-05        0.57E-04        0.74E-05
  138   1 sigma      -.3976145091044695E+01       -0.27E-05        0.68E-07        0.00E+00
  138   2 sigma      -.1933290753752528E+00        0.14E-05        0.55E-04        0.72E-05
 ... multipole moment expansion coefficients recalculated ...
  139   1 sigma      -.3976147586239544E+01       -0.25E-05        0.67E-07        0.00E+00
  139   2 sigma      -.1933276844786129E+00        0.14E-05        0.54E-04        0.70E-05
  140   1 sigma      -.3976149974685593E+01       -0.24E-05        0.63E-07        0.00E+00
  140   2 sigma      -.1933262788875798E+00        0.14E-05        0.53E-04        0.68E-05
 ... writing functions to disk (current precision) ...
 total energy:    -0.1456444185043675E+02
  141   1 sigma      -.3976152198339912E+01       -0.22E-05        0.62E-07        0.00E+00
  141   2 sigma      -.1933248814815394E+00        0.14E-05        0.51E-04        0.67E-05
 ... multipole moment expansion coefficients recalculated ...
  142   1 sigma      -.3976154266957661E+01       -0.21E-05        0.61E-07        0.00E+00
  142   2 sigma      -.1933235024688038E+00        0.14E-05        0.50E-04        0.65E-05
  143   1 sigma      -.3976156247651758E+01       -0.20E-05        0.57E-07        0.00E+00
  143   2 sigma      -.1933221152092592E+00        0.14E-05        0.49E-04        0.63E-05
  144   1 sigma      -.3976158086865027E+01       -0.18E-05        0.56E-07        0.00E+00
  144   2 sigma      -.1933207403328354E+00        0.14E-05        0.48E-04        0.61E-05
 ... multipole moment expansion coefficients recalculated ...
  145   1 sigma      -.3976159793002588E+01       -0.17E-05        0.55E-07        0.00E+00
  145   2 sigma      -.1933193868673420E+00        0.14E-05        0.46E-04        0.59E-05
  146   1 sigma      -.3976161427017473E+01       -0.16E-05        0.52E-07        0.00E+00
  146   2 sigma      -.1933180301664541E+00        0.14E-05        0.45E-04        0.58E-05
  147   1 sigma      -.3976162939475799E+01       -0.15E-05        0.51E-07        0.00E+00
  147   2 sigma      -.1933166888791336E+00        0.13E-05        0.44E-04        0.56E-05
 ... multipole moment expansion coefficients recalculated ...
  148   1 sigma      -.3976164337634625E+01       -0.14E-05        0.50E-07        0.00E+00
  148   2 sigma      -.1933153710202002E+00        0.13E-05        0.43E-04        0.55E-05
  149   1 sigma      -.3976165676943135E+01       -0.13E-05        0.47E-07        0.00E+00
  149   2 sigma      -.1933140537926412E+00        0.13E-05        0.42E-04        0.53E-05
  150   1 sigma      -.3976166911759174E+01       -0.12E-05        0.46E-07        0.00E+00
  150   2 sigma      -.1933127540942470E+00        0.13E-05        0.41E-04        0.52E-05
 ... multipole moment expansion coefficients recalculated ...
 ... writing functions to disk (current precision) ...
 total energy:    -0.1456438921318598E+02
  151   1 sigma      -.3976168048361433E+01       -0.11E-05        0.45E-07        0.00E+00
  151   2 sigma      -.1933114790655117E+00        0.13E-05        0.40E-04        0.50E-05
  152   1 sigma      -.3976169137268440E+01       -0.11E-05        0.42E-07        0.00E+00
  152   2 sigma      -.1933102076227415E+00        0.13E-05        0.39E-04        0.49E-05
  153   1 sigma      -.3976170136323345E+01       -0.10E-05        0.42E-07        0.00E+00
  153   2 sigma      -.1933089551093838E+00        0.13E-05        0.38E-04        0.48E-05
  154   1 sigma      -.3976171050969957E+01       -0.91E-06        0.41E-07        0.00E+00
  154   2 sigma      -.1933077279075337E+00        0.12E-05        0.37E-04        0.46E-05
  155   1 sigma      -.3976171927297311E+01       -0.88E-06        0.38E-07        0.00E+00
  155   2 sigma      -.1933065065194841E+00        0.12E-05        0.36E-04        0.45E-05
  156   1 sigma      -.3976172726355053E+01       -0.80E-06        0.38E-07        0.00E+00
  156   2 sigma      -.1933053049036708E+00        0.12E-05        0.35E-04        0.44E-05
  157   1 sigma      -.3976173452870600E+01       -0.73E-06        0.37E-07        0.00E+00
  157   2 sigma      -.1933041287813630E+00        0.12E-05        0.35E-04        0.43E-05
  158   1 sigma      -.3976174148945657E+01       -0.70E-06        0.34E-07        0.00E+00
  158   2 sigma      -.1933029601215979E+00        0.12E-05        0.34E-04        0.42E-05
  159   1 sigma      -.3976174778580341E+01       -0.63E-06        0.34E-07        0.00E+00
  159   2 sigma      -.1933018116440746E+00        0.11E-05        0.33E-04        0.40E-05
  160   1 sigma      -.3976175345886476E+01       -0.57E-06        0.33E-07        0.00E+00
  160   2 sigma      -.1933006884919004E+00        0.11E-05        0.32E-04        0.39E-05
 ... multipole moment expansion coefficients recalculated ...
 ... writing functions to disk (current precision) ...
 total energy:    -0.1456434730885548E+02
  161   1 sigma      -.3976175889366622E+01       -0.54E-06        0.31E-07        0.00E+00
  161   2 sigma      -.1932995739698051E+00        0.11E-05        0.31E-04        0.38E-05
  162   1 sigma      -.3976176375737730E+01       -0.49E-06        0.31E-07        0.00E+00
  162   2 sigma      -.1932984797099662E+00        0.11E-05        0.30E-04        0.37E-05
  163   1 sigma      -.3976176808580694E+01       -0.43E-06        0.30E-07        0.00E+00
  163   2 sigma      -.1932974103066298E+00        0.11E-05        0.30E-04        0.36E-05
  164   1 sigma      -.3976177223134571E+01       -0.41E-06        0.28E-07        0.00E+00
  164   2 sigma      -.1932963502491167E+00        0.11E-05        0.29E-04        0.35E-05
  165   1 sigma      -.3976177588609528E+01       -0.37E-06        0.28E-07        0.00E+00
  165   2 sigma      -.1932953100633719E+00        0.10E-05        0.28E-04        0.34E-05
  166   1 sigma      -.3976177908097956E+01       -0.32E-06        0.27E-07        0.00E+00
  166   2 sigma      -.1932942937326629E+00        0.10E-05        0.28E-04        0.33E-05
  167   1 sigma      -.3976178213838355E+01       -0.31E-06        0.25E-07        0.00E+00
  167   2 sigma      -.1932932863326442E+00        0.10E-05        0.27E-04        0.32E-05
  168   1 sigma      -.3976178477299086E+01       -0.26E-06        0.25E-07        0.00E+00
  168   2 sigma      -.1932922947463982E+00        0.99E-06        0.26E-04        0.32E-05
  169   1 sigma      -.3976178701127159E+01       -0.22E-06        0.24E-07        0.00E+00
  169   2 sigma      -.1932913242064218E+00        0.97E-06        0.26E-04        0.31E-05
 ... multipole moment expansion coefficients recalculated ...
  170   1 sigma      -.3976178905380355E+01       -0.20E-06        0.23E-07        0.00E+00
  170   2 sigma      -.1932903661673808E+00        0.96E-06        0.25E-04        0.30E-05
 ... writing functions to disk (current precision) ...
 total energy:    -0.1456431425735555E+02
  171   1 sigma      -.3976179070486510E+01       -0.17E-06        0.23E-07        0.00E+00
  171   2 sigma      -.1932894251212047E+00        0.94E-06        0.24E-04        0.29E-05
  172   1 sigma      -.3976179201824001E+01       -0.13E-06        0.22E-07        0.00E+00
  172   2 sigma      -.1932885092358079E+00        0.92E-06        0.24E-04        0.28E-05
  173   1 sigma      -.3976179327579358E+01       -0.13E-06        0.21E-07        0.00E+00
  173   2 sigma      -.1932876066429141E+00        0.90E-06        0.23E-04        0.28E-05
  174   1 sigma      -.3976179424314132E+01       -0.97E-07        0.20E-07        0.00E+00
  174   2 sigma      -.1932867249609795E+00        0.88E-06        0.23E-04        0.27E-05
  175   1 sigma      -.3976179496898279E+01       -0.73E-07        0.20E-07        0.00E+00
  175   2 sigma      -.1932858760494198E+00        0.85E-06        0.22E-04        0.26E-05
  176   1 sigma      -.3976179564885391E+01       -0.68E-07        0.18E-07        0.00E+00
  176   2 sigma      -.1932850485388109E+00        0.83E-06        0.22E-04        0.25E-05
 ... multipole moment expansion coefficients recalculated ...
  177   1 sigma      -.3976179641400013E+01       -0.77E-07        0.17E-07        0.00E+00
  177   2 sigma      -.1932842285007508E+00        0.82E-06        0.21E-04        0.25E-05
  178   1 sigma      -.3976179709684668E+01       -0.68E-07        0.16E-07        0.00E+00
  178   2 sigma      -.1932834214373640E+00        0.81E-06        0.21E-04        0.24E-05
  179   1 sigma      -.3976179761760700E+01       -0.52E-07        0.16E-07        0.00E+00
  179   2 sigma      -.1932826180732428E+00        0.80E-06        0.20E-04        0.24E-05
  180   1 sigma      -.3976179768552027E+01       -0.68E-08        0.17E-07        0.00E+00
  180   2 sigma      -.1932818315467129E+00        0.79E-06        0.20E-04        0.23E-05
 ... writing functions to disk (current precision) ...
 total energy:    -0.1456428848310512E+02
  181   1 sigma      -.3976179747035539E+01        0.22E-07        0.16E-07        0.00E+00
  181   2 sigma      -.1932810557867495E+00        0.78E-06        0.19E-04        0.22E-05
  182   1 sigma      -.3976179699104719E+01        0.48E-07        0.16E-07        0.00E+00
  182   2 sigma      -.1932803028064232E+00        0.75E-06        0.19E-04        0.22E-05
  183   1 sigma      -.3976179645303561E+01        0.54E-07        0.15E-07        0.00E+00
  183   2 sigma      -.1932795576130633E+00        0.75E-06        0.18E-04        0.21E-05
  184   1 sigma      -.3976179567877063E+01        0.77E-07        0.15E-07        0.00E+00
  184   2 sigma      -.1932788372566088E+00        0.72E-06        0.18E-04        0.21E-05
  185   1 sigma      -.3976179469275417E+01        0.99E-07        0.15E-07        0.00E+00
  185   2 sigma      -.1932781483067574E+00        0.69E-06        0.17E-04        0.20E-05
 ... multipole moment expansion coefficients recalculated ...
  186   1 sigma      -.3976179420989877E+01        0.48E-07        0.12E-07        0.00E+00
  186   2 sigma      -.1932774627072709E+00        0.69E-06        0.17E-04        0.20E-05
  187   1 sigma      -.3976179362427269E+01        0.59E-07        0.12E-07        0.00E+00
  187   2 sigma      -.1932767897159842E+00        0.67E-06        0.16E-04        0.19E-05
  188   1 sigma      -.3976179297879147E+01        0.65E-07        0.12E-07        0.00E+00
  188   2 sigma      -.1932761225399033E+00        0.67E-06        0.16E-04        0.19E-05
  189   1 sigma      -.3976179205715811E+01        0.92E-07        0.12E-07        0.00E+00
  189   2 sigma      -.1932754703314119E+00        0.65E-06        0.16E-04        0.18E-05
  190   1 sigma      -.3976179096850672E+01        0.11E-06        0.12E-07        0.00E+00
  190   2 sigma      -.1932748293005757E+00        0.64E-06        0.15E-04        0.18E-05
 ... writing functions to disk (current precision) ...
 total energy:    -0.1456426829585194E+02
  191   1 sigma      -.3976178971617669E+01        0.13E-06        0.12E-07        0.00E+00
  191   2 sigma      -.1932742112097117E+00        0.62E-06        0.15E-04        0.17E-05
  192   1 sigma      -.3976178844215025E+01        0.13E-06        0.11E-07        0.00E+00
  192   2 sigma      -.1932736024412156E+00        0.61E-06        0.14E-04        0.17E-05
  193   1 sigma      -.3976178715274904E+01        0.13E-06        0.10E-07        0.00E+00
  193   2 sigma      -.1932730038778936E+00        0.60E-06        0.14E-04        0.16E-05
 ... multipole moment expansion coefficients recalculated ...
  194   1 sigma      -.3976178577183803E+01        0.14E-06        0.10E-07        0.00E+00
  194   2 sigma      -.1932724251028459E+00        0.58E-06        0.14E-04        0.16E-05
  195   1 sigma      -.3976178461766925E+01        0.12E-06        0.87E-08        0.00E+00
  195   2 sigma      -.1932718501006485E+00        0.58E-06        0.13E-04        0.15E-05
  196   1 sigma      -.3976178323796246E+01        0.14E-06        0.93E-08        0.00E+00
  196   2 sigma      -.1932712881440339E+00        0.56E-06        0.13E-04        0.15E-05
  197   1 sigma      -.3976178176742371E+01        0.15E-06        0.93E-08        0.00E+00
  197   2 sigma      -.1932707362146526E+00        0.55E-06        0.13E-04        0.15E-05
  198   1 sigma      -.3976178021479920E+01        0.16E-06        0.91E-08        0.00E+00
  198   2 sigma      -.1932701996205732E+00        0.54E-06        0.12E-04        0.14E-05
  199   1 sigma      -.3976177866092048E+01        0.16E-06        0.86E-08        0.00E+00
  199   2 sigma      -.1932696718482969E+00        0.53E-06        0.12E-04        0.14E-05
  200   1 sigma      -.3976177702382142E+01        0.16E-06        0.85E-08        0.00E+00
  200   2 sigma      -.1932691614618645E+00        0.51E-06        0.12E-04        0.13E-05
 ... multipole moment expansion coefficients recalculated ...
 ... writing functions to disk (current precision) ...
 total energy:    -0.1456425256122639E+02
  201   1 sigma      -.3976177531151812E+01        0.17E-06        0.82E-08        0.00E+00
  201   2 sigma      -.1932686704615945E+00        0.49E-06        0.12E-04        0.13E-05
  202   1 sigma      -.3976177388439137E+01        0.14E-06        0.67E-08        0.00E+00
  202   2 sigma      -.1932681840543464E+00        0.49E-06        0.11E-04        0.13E-05
  203   1 sigma      -.3976177244785854E+01        0.14E-06        0.66E-08        0.00E+00
  203   2 sigma      -.1932677071414746E+00        0.48E-06        0.11E-04        0.12E-05
  204   1 sigma      -.3976177100496559E+01        0.14E-06        0.65E-08        0.00E+00
  204   2 sigma      -.1932672352164810E+00        0.47E-06        0.11E-04        0.12E-05
  205   1 sigma      -.3976176941479966E+01        0.16E-06        0.69E-08        0.00E+00
  205   2 sigma      -.1932667741413487E+00        0.46E-06        0.11E-04        0.12E-05
  206   1 sigma      -.3976176774392675E+01        0.17E-06        0.69E-08        0.00E+00
  206   2 sigma      -.1932663210479841E+00        0.45E-06        0.10E-04        0.12E-05
  207   1 sigma      -.3976176600355234E+01        0.17E-06        0.68E-08        0.00E+00
  207   2 sigma      -.1932658818418329E+00        0.44E-06        0.10E-04        0.11E-05
 ... multipole moment expansion coefficients recalculated ...
  208   1 sigma      -.3976176428577544E+01        0.17E-06        0.64E-08        0.00E+00
  208   2 sigma      -.1932654517938177E+00        0.43E-06        0.98E-05        0.11E-05
  209   1 sigma      -.3976176250788157E+01        0.18E-06        0.63E-08        0.00E+00
  209   2 sigma      -.1932650342052573E+00        0.42E-06        0.95E-05        0.11E-05
  210   1 sigma      -.3976176077242698E+01        0.17E-06        0.58E-08        0.00E+00
  210   2 sigma      -.1932646284753849E+00        0.41E-06        0.93E-05        0.10E-05
 ... writing functions to disk (current precision) ...
 total energy:    -0.1456424039686665E+02
  211   1 sigma      -.3976175924787493E+01        0.15E-06        0.48E-08        0.00E+00
  211   2 sigma      -.1932642287281667E+00        0.40E-06        0.91E-05        0.10E-05
  212   1 sigma      -.3976175769136181E+01        0.16E-06        0.49E-08        0.00E+00
  212   2 sigma      -.1932638341972401E+00        0.39E-06        0.88E-05        0.99E-06
  213   1 sigma      -.3976175604616101E+01        0.16E-06        0.52E-08        0.00E+00
  213   2 sigma      -.1932634489944076E+00        0.39E-06        0.86E-05        0.96E-06
  214   1 sigma      -.3976175436752121E+01        0.17E-06        0.52E-08        0.00E+00
  214   2 sigma      -.1932630713841774E+00        0.38E-06        0.84E-05        0.94E-06
 ... multipole moment expansion coefficients recalculated ...
  215   1 sigma      -.3976175265213122E+01        0.17E-06        0.52E-08        0.00E+00
  215   2 sigma      -.1932627070715136E+00        0.36E-06        0.82E-05        0.91E-06
  216   1 sigma      -.3976175096226713E+01        0.17E-06        0.48E-08        0.00E+00
  216   2 sigma      -.1932623493646626E+00        0.36E-06        0.80E-05        0.89E-06
  217   1 sigma      -.3976174930752139E+01        0.17E-06        0.45E-08        0.00E+00
  217   2 sigma      -.1932619981468031E+00        0.35E-06        0.78E-05        0.87E-06
  218   1 sigma      -.3976174764557042E+01        0.17E-06        0.44E-08        0.00E+00
  218   2 sigma      -.1932616580930389E+00        0.34E-06        0.76E-05        0.84E-06
  219   1 sigma      -.3976174612217261E+01        0.15E-06        0.38E-08        0.00E+00
  219   2 sigma      -.1932613214334695E+00        0.34E-06        0.74E-05        0.82E-06
  220   1 sigma      -.3976174451472969E+01        0.16E-06        0.41E-08        0.00E+00
  220   2 sigma      -.1932609929509819E+00        0.33E-06        0.73E-05        0.80E-06
 ... writing functions to disk (current precision) ...
 total energy:    -0.1456423090518967E+02
  221   1 sigma      -.3976174289520233E+01        0.16E-06        0.41E-08        0.00E+00
  221   2 sigma      -.1932606712233904E+00        0.32E-06        0.71E-05        0.78E-06
 ... multipole moment expansion coefficients recalculated ...
  222   1 sigma      -.3976174125663369E+01        0.16E-06        0.40E-08        0.00E+00
  222   2 sigma      -.1932603605327412E+00        0.31E-06        0.69E-05        0.76E-06
  223   1 sigma      -.3976173964792403E+01        0.16E-06        0.38E-08        0.00E+00
  223   2 sigma      -.1932600559940214E+00        0.30E-06        0.67E-05        0.74E-06
  224   1 sigma      -.3976173808139751E+01        0.16E-06        0.35E-08        0.00E+00
  224   2 sigma      -.1932597570708214E+00        0.30E-06        0.66E-05        0.72E-06
  225   1 sigma      -.3976173651969841E+01        0.16E-06        0.34E-08        0.00E+00
  225   2 sigma      -.1932594671954815E+00        0.29E-06        0.64E-05        0.70E-06
  226   1 sigma      -.3976173506566658E+01        0.15E-06        0.30E-08        0.00E+00
  226   2 sigma      -.1932591804985802E+00        0.29E-06        0.63E-05        0.69E-06
  227   1 sigma      -.3976173355054956E+01        0.15E-06        0.32E-08        0.00E+00
  227   2 sigma      -.1932589007869239E+00        0.28E-06        0.61E-05        0.67E-06
 ... multipole moment expansion coefficients recalculated ...
  228   1 sigma      -.3976173203065139E+01        0.15E-06        0.32E-08        0.00E+00
  228   2 sigma      -.1932586269195011E+00        0.27E-06        0.60E-05        0.65E-06
  229   1 sigma      -.3976173050419485E+01        0.15E-06        0.32E-08        0.00E+00
  229   2 sigma      -.1932583624541853E+00        0.26E-06        0.58E-05        0.64E-06
  230   1 sigma      -.3976172900412014E+01        0.15E-06        0.30E-08        0.00E+00
  230   2 sigma      -.1932581032271599E+00        0.26E-06        0.57E-05        0.62E-06
 ... writing functions to disk (current precision) ...
 total energy:    -0.1456422350941268E+02
  231   1 sigma      -.3976172754542432E+01        0.15E-06        0.28E-08        0.00E+00
  231   2 sigma      -.1932578488410277E+00        0.25E-06        0.55E-05        0.60E-06
  232   1 sigma      -.3976172609703357E+01        0.14E-06        0.27E-08        0.00E+00
  232   2 sigma      -.1932576022090793E+00        0.25E-06        0.54E-05        0.59E-06
  233   1 sigma      -.3976172474402356E+01        0.14E-06        0.23E-08        0.00E+00
  233   2 sigma      -.1932573583867625E+00        0.24E-06        0.53E-05        0.57E-06
  234   1 sigma      -.3976172334521208E+01        0.14E-06        0.26E-08        0.00E+00
  234   2 sigma      -.1932571205414864E+00        0.24E-06        0.51E-05        0.56E-06
 ... multipole moment expansion coefficients recalculated ...
  235   1 sigma      -.3976172194746059E+01        0.14E-06        0.26E-08        0.00E+00
  235   2 sigma      -.1932568877176966E+00        0.23E-06        0.50E-05        0.54E-06
  236   1 sigma      -.3976172054893576E+01        0.14E-06        0.25E-08        0.00E+00
  236   2 sigma      -.1932566628795640E+00        0.22E-06        0.49E-05        0.53E-06
  237   1 sigma      -.3976171917734019E+01        0.14E-06        0.24E-08        0.00E+00
  237   2 sigma      -.1932564425577323E+00        0.22E-06        0.48E-05        0.52E-06
  238   1 sigma      -.3976171784459776E+01        0.13E-06        0.22E-08        0.00E+00
  238   2 sigma      -.1932562264180913E+00        0.22E-06        0.47E-05        0.50E-06
  239   1 sigma      -.3976171652464754E+01        0.13E-06        0.21E-08        0.00E+00
  239   2 sigma      -.1932560168976307E+00        0.21E-06        0.45E-05        0.49E-06
  240   1 sigma      -.3976171528859596E+01        0.12E-06        0.18E-08        0.00E+00
  240   2 sigma      -.1932558098833224E+00        0.21E-06        0.44E-05        0.48E-06
 ... writing functions to disk (current precision) ...
 total energy:    -0.1456421776231268E+02
  241   1 sigma      -.3976171401814566E+01        0.13E-06        0.20E-08        0.00E+00
  241   2 sigma      -.1932556081213788E+00        0.20E-06        0.43E-05        0.47E-06
 ... multipole moment expansion coefficients recalculated ...
  242   1 sigma      -.3976171275238741E+01        0.13E-06        0.20E-08        0.00E+00
  242   2 sigma      -.1932554114826242E+00        0.20E-06        0.42E-05        0.46E-06
  243   1 sigma      -.3976171148940892E+01        0.13E-06        0.20E-08        0.00E+00
  243   2 sigma      -.1932552209492346E+00        0.19E-06        0.41E-05        0.44E-06
  244   1 sigma      -.3976171028146957E+01        0.12E-06        0.18E-08        0.00E+00
  244   2 sigma      -.1932550326142881E+00        0.19E-06        0.40E-05        0.43E-06
  245   1 sigma      -.3976170908479437E+01        0.12E-06        0.17E-08        0.00E+00
  245   2 sigma      -.1932548486192636E+00        0.18E-06        0.39E-05        0.42E-06
  246   1 sigma      -.3976170789119450E+01        0.12E-06        0.17E-08        0.00E+00
  246   2 sigma      -.1932546693816775E+00        0.18E-06        0.38E-05        0.41E-06
  247   1 sigma      -.3976170674048041E+01        0.12E-06        0.16E-08        0.00E+00
  247   2 sigma      -.1932544938652752E+00        0.18E-06        0.37E-05        0.40E-06
  248   1 sigma      -.3976170558512152E+01        0.12E-06        0.17E-08        0.00E+00
  248   2 sigma      -.1932543222451899E+00        0.17E-06        0.36E-05        0.39E-06
 ... multipole moment expansion coefficients recalculated ...
  249   1 sigma      -.3976170443905430E+01        0.11E-06        0.16E-08        0.00E+00
  249   2 sigma      -.1932541564344430E+00        0.17E-06        0.35E-05        0.38E-06
  250   1 sigma      -.3976170331989036E+01        0.11E-06        0.15E-08        0.00E+00
  250   2 sigma      -.1932539941924289E+00        0.16E-06        0.35E-05        0.37E-06
 ... writing functions to disk (current precision) ...
 total energy:    -0.1456421327643138E+02
  251   1 sigma      -.3976170223442280E+01        0.11E-06        0.14E-08        0.00E+00
  251   2 sigma      -.1932538350137099E+00        0.16E-06        0.34E-05        0.36E-06
  252   1 sigma      -.3976170116520527E+01        0.11E-06        0.14E-08        0.00E+00
  252   2 sigma      -.1932536804762759E+00        0.15E-06        0.33E-05        0.35E-06
  253   1 sigma      -.3976170015369211E+01        0.10E-06        0.12E-08        0.00E+00
  253   2 sigma      -.1932535279374061E+00        0.15E-06        0.32E-05        0.34E-06
  254   1 sigma      -.3976169912273965E+01        0.10E-06        0.13E-08        0.00E+00
  254   2 sigma      -.1932533791804418E+00        0.15E-06        0.31E-05        0.34E-06
 ... multipole moment expansion coefficients recalculated ...
  255   1 sigma      -.3976169809873575E+01        0.10E-06        0.13E-08        0.00E+00
  255   2 sigma      -.1932532336203554E+00        0.15E-06        0.31E-05        0.33E-06
  256   1 sigma      -.3976169708077553E+01        0.10E-06        0.13E-08        0.00E+00
  256   2 sigma      -.1932530930684004E+00        0.14E-06        0.30E-05        0.32E-06
  257   1 sigma      -.3976169608691242E+01        0.99E-07        0.12E-08        0.00E+00
  257   2 sigma      -.1932529554051527E+00        0.14E-06        0.29E-05        0.31E-06
  258   1 sigma      -.3976169512090535E+01        0.97E-07        0.11E-08        0.00E+00
  258   2 sigma      -.1932528203861477E+00        0.14E-06        0.28E-05        0.30E-06
  259   1 sigma      -.3976169416883915E+01        0.95E-07        0.11E-08        0.00E+00
  259   2 sigma      -.1932526894908513E+00        0.13E-06        0.28E-05        0.30E-06
  260   1 sigma      -.3976169327337268E+01        0.90E-07        0.94E-09        0.00E+00
  260   2 sigma      -.1932525602500945E+00        0.13E-06        0.27E-05        0.29E-06
 ... multipole moment expansion coefficients recalculated ...
 ... writing functions to disk (current precision) ...
 total energy:    -0.1456420979005681E+02
  261   1 sigma      -.3976169236254601E+01        0.91E-07        0.11E-08        0.00E+00
  261   2 sigma      -.1932524342336319E+00        0.13E-06        0.26E-05        0.28E-06
  262   1 sigma      -.3976169145978727E+01        0.90E-07        0.11E-08        0.00E+00
  262   2 sigma      -.1932523109449404E+00        0.12E-06        0.26E-05        0.27E-06
  263   1 sigma      -.3976169056398482E+01        0.90E-07        0.11E-08        0.00E+00
  263   2 sigma      -.1932521918819237E+00        0.12E-06        0.25E-05        0.27E-06
  264   1 sigma      -.3976168968900101E+01        0.87E-07        0.99E-09        0.00E+00
  264   2 sigma      -.1932520752841740E+00        0.12E-06        0.24E-05        0.26E-06
  265   1 sigma      -.3976168884030979E+01        0.85E-07        0.91E-09        0.00E+00
  265   2 sigma      -.1932519609718624E+00        0.11E-06        0.24E-05        0.25E-06
  266   1 sigma      -.3976168800456095E+01        0.84E-07        0.89E-09        0.00E+00
  266   2 sigma      -.1932518501666984E+00        0.11E-06        0.23E-05        0.25E-06
 ... multipole moment expansion coefficients recalculated ...
  267   1 sigma      -.3976168721747921E+01        0.79E-07        0.75E-09        0.00E+00
  267   2 sigma      -.1932517407929237E+00        0.11E-06        0.23E-05        0.24E-06
  268   1 sigma      -.3976168641891689E+01        0.80E-07        0.85E-09        0.00E+00
  268   2 sigma      -.1932516342350461E+00        0.11E-06        0.22E-05        0.24E-06
  269   1 sigma      -.3976168562842697E+01        0.79E-07        0.86E-09        0.00E+00
  269   2 sigma      -.1932515304133029E+00        0.10E-06        0.22E-05        0.23E-06
  270   1 sigma      -.3976168484482614E+01        0.78E-07        0.85E-09        0.00E+00
  270   2 sigma      -.1932514298334895E+00        0.10E-06        0.21E-05        0.22E-06
 ... writing functions to disk (current precision) ...
 total energy:    -0.1456420706829834E+02
  271   1 sigma      -.3976168409446819E+01        0.75E-07        0.74E-09        0.00E+00
  271   2 sigma      -.1932513305107550E+00        0.99E-07        0.21E-05        0.22E-06
  272   1 sigma      -.3976168335502059E+01        0.74E-07        0.73E-09        0.00E+00
  272   2 sigma      -.1932512335292758E+00        0.97E-07        0.20E-05        0.21E-06
  273   1 sigma      -.3976168262210571E+01        0.73E-07        0.74E-09        0.00E+00
  273   2 sigma      -.1932511390983389E+00        0.94E-07        0.20E-05        0.21E-06
 ... multipole moment expansion coefficients recalculated ...
  274   1 sigma      -.3976168191566241E+01        0.71E-07        0.67E-09        0.00E+00
  274   2 sigma      -.1932510467422159E+00        0.92E-07        0.19E-05        0.20E-06
  275   1 sigma      -.3976168121144056E+01        0.70E-07        0.70E-09        0.00E+00
  275   2 sigma      -.1932509568316105E+00        0.90E-07        0.19E-05        0.20E-06
  276   1 sigma      -.3976168051616245E+01        0.70E-07        0.69E-09        0.00E+00
  276   2 sigma      -.1932508696875639E+00        0.87E-07        0.18E-05        0.19E-06
  277   1 sigma      -.3976167985140757E+01        0.66E-07        0.60E-09        0.00E+00
  277   2 sigma      -.1932507837419233E+00        0.86E-07        0.18E-05        0.19E-06
  278   1 sigma      -.3976167919721948E+01        0.65E-07        0.60E-09        0.00E+00
  278   2 sigma      -.1932506997982337E+00        0.84E-07        0.17E-05        0.18E-06
  279   1 sigma      -.3976167855053084E+01        0.65E-07        0.60E-09        0.00E+00
  279   2 sigma      -.1932506179532139E+00        0.82E-07        0.17E-05        0.18E-06
 ... multipole moment expansion coefficients recalculated ...
  280   1 sigma      -.3976167792364912E+01        0.63E-07        0.56E-09        0.00E+00
  280   2 sigma      -.1932505379613156E+00        0.80E-07        0.17E-05        0.17E-06
 ... writing functions to disk (current precision) ...
 total energy:    -0.1456420494572218E+02
  281   1 sigma      -.3976167729985813E+01        0.62E-07        0.58E-09        0.00E+00
  281   2 sigma      -.1932504600881877E+00        0.78E-07        0.16E-05        0.17E-06
  282   1 sigma      -.3976167668410187E+01        0.62E-07        0.58E-09        0.00E+00
  282   2 sigma      -.1932503846036853E+00        0.75E-07        0.16E-05        0.17E-06
  283   1 sigma      -.3976167609512571E+01        0.59E-07        0.50E-09        0.00E+00
  283   2 sigma      -.1932503101676264E+00        0.74E-07        0.15E-05        0.16E-06
  284   1 sigma      -.3976167551657387E+01        0.58E-07        0.49E-09        0.00E+00
  284   2 sigma      -.1932502374637801E+00        0.73E-07        0.15E-05        0.16E-06
  285   1 sigma      -.3976167494415897E+01        0.57E-07        0.50E-09        0.00E+00
  285   2 sigma      -.1932501665534905E+00        0.71E-07        0.15E-05        0.15E-06
 ... multipole moment expansion coefficients recalculated ...
  286   1 sigma      -.3976167438943058E+01        0.55E-07        0.47E-09        0.00E+00
  286   2 sigma      -.1932500972037137E+00        0.69E-07        0.14E-05        0.15E-06
  287   1 sigma      -.3976167383801605E+01        0.55E-07        0.49E-09        0.00E+00
  287   2 sigma      -.1932500294354662E+00        0.68E-07        0.14E-05        0.15E-06
  288   1 sigma      -.3976167329413073E+01        0.54E-07        0.48E-09        0.00E+00
  288   2 sigma      -.1932499639521532E+00        0.65E-07        0.14E-05        0.14E-06
  289   1 sigma      -.3976167276440651E+01        0.53E-07        0.45E-09        0.00E+00
  289   2 sigma      -.1932498999223347E+00        0.64E-07        0.13E-05        0.14E-06
  290   1 sigma      -.3976167225200613E+01        0.51E-07        0.41E-09        0.00E+00
  290   2 sigma      -.1932498371536455E+00        0.63E-07        0.13E-05        0.14E-06
 ... writing functions to disk (current precision) ...
 total energy:    -0.1456420328995020E+02
  291   1 sigma      -.3976167174901025E+01        0.50E-07        0.40E-09        0.00E+00
  291   2 sigma      -.1932497762206873E+00        0.61E-07        0.13E-05        0.13E-06
 ... multipole moment expansion coefficients recalculated ...
  292   1 sigma      -.3976167127156094E+01        0.48E-07        0.34E-09        0.00E+00
  292   2 sigma      -.1932497161432198E+00        0.60E-07        0.12E-05        0.13E-06
  293   1 sigma      -.3976167079050006E+01        0.48E-07        0.39E-09        0.00E+00
  293   2 sigma      -.1932496576251355E+00        0.59E-07        0.12E-05        0.13E-06
  294   1 sigma      -.3976167031548977E+01        0.48E-07        0.40E-09        0.00E+00
  294   2 sigma      -.1932496006172080E+00        0.57E-07        0.12E-05        0.12E-06
  295   1 sigma      -.3976166984598039E+01        0.47E-07        0.40E-09        0.00E+00
  295   2 sigma      -.1932495453943583E+00        0.55E-07        0.11E-05        0.12E-06
  296   1 sigma      -.3976166939663212E+01        0.45E-07        0.34E-09        0.00E+00
  296   2 sigma      -.1932494908918294E+00        0.55E-07        0.11E-05        0.12E-06
  297   1 sigma      -.3976166895436268E+01        0.44E-07        0.34E-09        0.00E+00
  297   2 sigma      -.1932494376785678E+00        0.53E-07        0.11E-05        0.11E-06
  298   1 sigma      -.3976166851741189E+01        0.44E-07        0.34E-09        0.00E+00
  298   2 sigma      -.1932493858694377E+00        0.52E-07        0.11E-05        0.11E-06
 ... multipole moment expansion coefficients recalculated ...
  299   1 sigma      -.3976166809634758E+01        0.42E-07        0.31E-09        0.00E+00
  299   2 sigma      -.1932493352178006E+00        0.51E-07        0.10E-05        0.11E-06
  300   1 sigma      -.3976166767803262E+01        0.42E-07        0.33E-09        0.00E+00
  300   2 sigma      -.1932492859148991E+00        0.49E-07        0.10E-05        0.11E-06
 ... writing functions to disk (current precision) ...
 total energy:    -0.1456420199889319E+02
  301   1 sigma      -.3976166726600998E+01        0.41E-07        0.33E-09        0.00E+00
  301   2 sigma      -.1932492381296032E+00        0.48E-07        0.98E-06        0.10E-06
  302   1 sigma      -.3976166687181003E+01        0.39E-07        0.28E-09        0.00E+00
  302   2 sigma      -.1932491910224461E+00        0.47E-07        0.96E-06        0.10E-06
  303   1 sigma      -.3976166648476751E+01        0.39E-07        0.28E-09        0.00E+00
  303   2 sigma      -.1932491450242819E+00        0.46E-07        0.94E-06        0.98E-07
  304   1 sigma      -.3976166610309920E+01        0.38E-07        0.28E-09        0.00E+00
  304   2 sigma      -.1932491001826127E+00        0.45E-07        0.91E-06        0.95E-07
 ... multipole moment expansion coefficients recalculated ...
  305   1 sigma      -.3976166573332797E+01        0.37E-07        0.26E-09        0.00E+00
  305   2 sigma      -.1932490563655138E+00        0.44E-07        0.89E-06        0.93E-07
  306   1 sigma      -.3976166536645271E+01        0.37E-07        0.27E-09        0.00E+00
  306   2 sigma      -.1932490137145799E+00        0.43E-07        0.87E-06        0.91E-07
  307   1 sigma      -.3976166500506380E+01        0.36E-07        0.27E-09        0.00E+00
  307   2 sigma      -.1932489723743100E+00        0.41E-07        0.85E-06        0.88E-07
  308   1 sigma      -.3976166465916748E+01        0.35E-07        0.23E-09        0.00E+00
  308   2 sigma      -.1932489316239741E+00        0.41E-07        0.83E-06        0.86E-07
  309   1 sigma      -.3976166431998323E+01        0.34E-07        0.23E-09        0.00E+00
  309   2 sigma      -.1932488918308111E+00        0.40E-07        0.81E-06        0.84E-07
  310   1 sigma      -.3976166398517362E+01        0.33E-07        0.24E-09        0.00E+00
  310   2 sigma      -.1932488530253536E+00        0.39E-07        0.79E-06        0.82E-07
 ... multipole moment expansion coefficients recalculated ...
 ... writing functions to disk (current precision) ...
 total energy:    -0.1456420099188430E+02
  311   1 sigma      -.3976166366086755E+01        0.32E-07        0.22E-09        0.00E+00
  311   2 sigma      -.1932488150827270E+00        0.38E-07        0.77E-06        0.80E-07
  312   1 sigma      -.3976166333932165E+01        0.32E-07        0.23E-09        0.00E+00
  312   2 sigma      -.1932487780122112E+00        0.37E-07        0.75E-06        0.78E-07
  313   1 sigma      -.3976166302276658E+01        0.32E-07        0.23E-09        0.00E+00
  313   2 sigma      -.1932487421906306E+00        0.36E-07        0.73E-06        0.76E-07
  314   1 sigma      -.3976166271470247E+01        0.31E-07        0.21E-09        0.00E+00
  314   2 sigma      -.1932487071713336E+00        0.35E-07        0.71E-06        0.74E-07
  315   1 sigma      -.3976166241680888E+01        0.30E-07        0.19E-09        0.00E+00
  315   2 sigma      -.1932486728502523E+00        0.34E-07        0.70E-06        0.72E-07
  316   1 sigma      -.3976166212481237E+01        0.29E-07        0.19E-09        0.00E+00
  316   2 sigma      -.1932486395347397E+00        0.33E-07        0.68E-06        0.71E-07
 ... multipole moment expansion coefficients recalculated ...
  317   1 sigma      -.3976166184734471E+01        0.28E-07        0.16E-09        0.00E+00
  317   2 sigma      -.1932486066987020E+00        0.33E-07        0.66E-06        0.69E-07
  318   1 sigma      -.3976166156871987E+01        0.28E-07        0.19E-09        0.00E+00
  318   2 sigma      -.1932485747187151E+00        0.32E-07        0.65E-06        0.67E-07
  319   1 sigma      -.3976166129409580E+01        0.27E-07        0.19E-09        0.00E+00
  319   2 sigma      -.1932485435676958E+00        0.31E-07        0.63E-06        0.66E-07
  320   1 sigma      -.3976166102313410E+01        0.27E-07        0.19E-09        0.00E+00
  320   2 sigma      -.1932485133928994E+00        0.30E-07        0.62E-06        0.64E-07
 ... writing functions to disk (current precision) ...
 total energy:    -0.1456420020494896E+02
  321   1 sigma      -.3976166076368760E+01        0.26E-07        0.16E-09        0.00E+00
  321   2 sigma      -.1932484836216952E+00        0.30E-07        0.60E-06        0.62E-07
  322   1 sigma      -.3976166050872678E+01        0.25E-07        0.16E-09        0.00E+00
  322   2 sigma      -.1932484545592437E+00        0.29E-07        0.59E-06        0.61E-07
  323   1 sigma      -.3976166025726254E+01        0.25E-07        0.16E-09        0.00E+00
  323   2 sigma      -.1932484262662200E+00        0.28E-07        0.57E-06        0.59E-07
 ... multipole moment expansion coefficients recalculated ...
  324   1 sigma      -.3976166001494773E+01        0.24E-07        0.15E-09        0.00E+00
  324   2 sigma      -.1932483986102420E+00        0.28E-07        0.56E-06        0.58E-07
  325   1 sigma      -.3976165977469959E+01        0.24E-07        0.16E-09        0.00E+00
  325   2 sigma      -.1932483716932456E+00        0.27E-07        0.55E-06        0.56E-07
  326   1 sigma      -.3976165953839893E+01        0.24E-07        0.16E-09        0.00E+00
  326   2 sigma      -.1932483456056773E+00        0.26E-07        0.53E-06        0.55E-07
  327   1 sigma      -.3976165931222365E+01        0.23E-07        0.13E-09        0.00E+00
  327   2 sigma      -.1932483198957258E+00        0.26E-07        0.52E-06        0.54E-07
  328   1 sigma      -.3976165909042789E+01        0.22E-07        0.13E-09        0.00E+00
  328   2 sigma      -.1932482947946736E+00        0.25E-07        0.51E-06        0.52E-07
  329   1 sigma      -.3976165887203699E+01        0.22E-07        0.14E-09        0.00E+00
  329   2 sigma      -.1932482703272282E+00        0.24E-07        0.49E-06        0.51E-07
 ... multipole moment expansion coefficients recalculated ...
  330   1 sigma      -.3976165866052105E+01        0.21E-07        0.13E-09        0.00E+00
  330   2 sigma      -.1932482464224934E+00        0.24E-07        0.48E-06        0.50E-07
 ... writing functions to disk (current precision) ...
 total energy:    -0.1456419959008648E+02
  331   1 sigma      -.3976165845102943E+01        0.21E-07        0.13E-09        0.00E+00
  331   2 sigma      -.1932482231559960E+00        0.23E-07        0.47E-06        0.49E-07
  332   1 sigma      -.3976165824493759E+01        0.21E-07        0.13E-09        0.00E+00
  332   2 sigma      -.1932482006051488E+00        0.23E-07        0.46E-06        0.47E-07
  333   1 sigma      -.3976165804761200E+01        0.20E-07        0.11E-09        0.00E+00
  333   2 sigma      -.1932481783819335E+00        0.22E-07        0.45E-06        0.46E-07
  334   1 sigma      -.3976165785431232E+01        0.19E-07        0.11E-09        0.00E+00
  334   2 sigma      -.1932481566836048E+00        0.22E-07        0.44E-06        0.45E-07
  335   1 sigma      -.3976165766377067E+01        0.19E-07        0.12E-09        0.00E+00
  335   2 sigma      -.1932481355258802E+00        0.21E-07        0.43E-06        0.44E-07
 ... multipole moment expansion coefficients recalculated ...
  336   1 sigma      -.3976165747926577E+01        0.18E-07        0.11E-09        0.00E+00
  336   2 sigma      -.1932481148417351E+00        0.21E-07        0.42E-06        0.43E-07
  337   1 sigma      -.3976165729661074E+01        0.18E-07        0.11E-09        0.00E+00
  337   2 sigma      -.1932480946355970E+00        0.20E-07        0.41E-06        0.42E-07
  338   1 sigma      -.3976165711699688E+01        0.18E-07        0.11E-09        0.00E+00
  338   2 sigma      -.1932480751098267E+00        0.20E-07        0.40E-06        0.41E-07
  339   1 sigma      -.3976165694229433E+01        0.17E-07        0.10E-09        0.00E+00
  339   2 sigma      -.1932480560239316E+00        0.19E-07        0.39E-06        0.40E-07
  340   1 sigma      -.3976165677339461E+01        0.17E-07        0.93E-10        0.00E+00
  340   2 sigma      -.1932480373216989E+00        0.19E-07        0.38E-06        0.39E-07
 ... writing functions to disk (current precision) ...
 total energy:    -0.1456419910983488E+02
  341   1 sigma      -.3976165660798836E+01        0.17E-07        0.92E-10        0.00E+00
  341   2 sigma      -.1932480191679973E+00        0.18E-07        0.37E-06        0.38E-07
 ... multipole moment expansion coefficients recalculated ...
  342   1 sigma      -.3976165645070629E+01        0.16E-07        0.75E-10        0.00E+00
  342   2 sigma      -.1932480012798454E+00        0.18E-07        0.36E-06        0.37E-07
  343   1 sigma      -.3976165629309486E+01        0.16E-07        0.92E-10        0.00E+00
  343   2 sigma      -.1932479838594250E+00        0.17E-07        0.35E-06        0.36E-07
  344   1 sigma      -.3976165613791596E+01        0.16E-07        0.94E-10        0.00E+00
  344   2 sigma      -.1932479668918996E+00        0.17E-07        0.34E-06        0.35E-07
  345   1 sigma      -.3976165598497992E+01        0.15E-07        0.95E-10        0.00E+00
  345   2 sigma      -.1932479504563858E+00        0.16E-07        0.33E-06        0.34E-07
  346   1 sigma      -.3976165583850429E+01        0.15E-07        0.78E-10        0.00E+00
  346   2 sigma      -.1932479342443398E+00        0.16E-07        0.33E-06        0.34E-07
  347   1 sigma      -.3976165569469539E+01        0.14E-07        0.79E-10        0.00E+00
  347   2 sigma      -.1932479184199041E+00        0.16E-07        0.32E-06        0.33E-07
  348   1 sigma      -.3976165555301101E+01        0.14E-07        0.81E-10        0.00E+00
  348   2 sigma      -.1932479030153178E+00        0.15E-07        0.31E-06        0.32E-07
 ... multipole moment expansion coefficients recalculated ...
  349   1 sigma      -.3976165541648697E+01        0.14E-07        0.72E-10        0.00E+00
  349   2 sigma      -.1932478879593886E+00        0.15E-07        0.30E-06        0.31E-07
  350   1 sigma      -.3976165528129243E+01        0.14E-07        0.78E-10        0.00E+00
  350   2 sigma      -.1932478733067191E+00        0.15E-07        0.29E-06        0.30E-07
 ... writing functions to disk (current precision) ...
 total energy:    -0.1456419873492487E+02
  351   1 sigma      -.3976165514844265E+01        0.13E-07        0.78E-10        0.00E+00
  351   2 sigma      -.1932478591057845E+00        0.14E-07        0.29E-06        0.30E-07
  352   1 sigma      -.3976165502124973E+01        0.13E-07        0.65E-10        0.00E+00
  352   2 sigma      -.1932478451131672E+00        0.14E-07        0.28E-06        0.29E-07
  353   1 sigma      -.3976165489661752E+01        0.12E-07        0.65E-10        0.00E+00
  353   2 sigma      -.1932478314532857E+00        0.14E-07        0.27E-06        0.28E-07
  354   1 sigma      -.3976165477401110E+01        0.12E-07        0.68E-10        0.00E+00
  354   2 sigma      -.1932478181391029E+00        0.13E-07        0.27E-06        0.28E-07
 ... multipole moment expansion coefficients recalculated ...
  355   1 sigma      -.3976165465528606E+01        0.12E-07        0.62E-10        0.00E+00
  355   2 sigma      -.1932478051324502E+00        0.13E-07        0.26E-06        0.27E-07
  356   1 sigma      -.3976165453783274E+01        0.12E-07        0.67E-10        0.00E+00
  356   2 sigma      -.1932477924738059E+00        0.13E-07        0.25E-06        0.26E-07
  357   1 sigma      -.3976165442237368E+01        0.12E-07        0.67E-10        0.00E+00
  357   2 sigma      -.1932477802047696E+00        0.12E-07        0.25E-06        0.26E-07
  358   1 sigma      -.3976165431180341E+01        0.11E-07        0.55E-10        0.00E+00
  358   2 sigma      -.1932477681161131E+00        0.12E-07        0.24E-06        0.25E-07
  359   1 sigma      -.3976165420356263E+01        0.11E-07        0.55E-10        0.00E+00
  359   2 sigma      -.1932477563140049E+00        0.12E-07        0.24E-06        0.24E-07
  360   1 sigma      -.3976165409696172E+01        0.11E-07        0.58E-10        0.00E+00
  360   2 sigma      -.1932477448067296E+00        0.12E-07        0.23E-06        0.24E-07
 ... multipole moment expansion coefficients recalculated ...
 ... writing functions to disk (current precision) ...
 total energy:    -0.1456419844219592E+02
  361   1 sigma      -.3976165399375116E+01        0.10E-07        0.53E-10        0.00E+00
  361   2 sigma      -.1932477335581433E+00        0.11E-07        0.22E-06        0.23E-07
  362   1 sigma      -.3976165389168307E+01        0.10E-07        0.56E-10        0.00E+00
  362   2 sigma      -.1932477225704603E+00        0.11E-07        0.22E-06        0.23E-07
  363   1 sigma      -.3976165379138779E+01        0.10E-07        0.57E-10        0.00E+00
  363   2 sigma      -.1932477119525642E+00        0.11E-07        0.21E-06        0.22E-07
  364   1 sigma      -.3976165369386528E+01        0.98E-08        0.53E-10        0.00E+00
  364   2 sigma      -.1932477015748468E+00        0.10E-07        0.21E-06        0.21E-07
  365   1 sigma      -.3976165359958953E+01        0.94E-08        0.46E-10        0.00E+00
  365   2 sigma      -.1932476914068941E+00        0.10E-07        0.20E-06        0.21E-07
  366   1 sigma      -.3976165350732336E+01        0.92E-08        0.46E-10        0.00E+00
  366   2 sigma      -.1932476815373652E+00        0.99E-08        0.20E-06        0.20E-07
 ... multipole moment expansion coefficients recalculated ...
  367   1 sigma      -.3976165341954963E+01        0.88E-08        0.37E-10        0.00E+00
  367   2 sigma      -.1932476718137754E+00        0.97E-08        0.19E-06        0.20E-07
           
 ... orbital energy threshold reached ...
 ... writing functions to disk (current precision) ...

 total energy:                 -0.1456419827613900E+02
 total electronic energy:      -0.1456419827613900E+02
 virial ratio:                 -0.9765620616305449E+00

 total energy contributions: 
     nuclear-electron attraction energy =     -34.030953150584
     kinetic energy                     =      14.913745729402
     one electron energy                =     -19.117207421181
     coulomb energy (DFT)               =       7.237676239799
     exchange energy (DFT)              =      -2.684667094756
     correlation energy (DFT)           =       0.000000000000

       orbital               energy                     1-norm
   2 sigma          -0.1932476718137754E+00            0.19E-06
   1 sigma          -0.3976165341954963E+01            0.37E-10


 total energy uncertainty due to orbital norms not being equal 1:
     absolute = +/-0.40E-06,  relative = +/-0.27E-05%

 multipole moments relative to geometrical centre:

                                    electronic (au/Debye-Ang^k)   total (au/Debye-Ang^k)
     dipole (Mu_z, k=1)                0.4772031146881829E+01      0.3114688182837000E-04
                                       0.1212938174805409E+02      0.7916805409048686E-04

     quadrupole (Theta_zz, k=2)       -0.5693034415200950E+01     -0.3841520094738371E-04
                                      -0.7657382979230216E+01     -0.5167014362196182E-04

     octopole (Omega_zzz, k=3)         0.6791788775531124E+01      0.4454753111904353E-04
                                       0.4834169729024498E+01      0.3170745344942157E-04

     hexadecapole (Phi_zzzz, k=4)     -0.8102600030426814E+01     -0.4916642280683448E-04
                                      -0.3051850739004949E+01     -0.1851857221309289E-04


 multipole moments relative to centre of mass:

      centre     atomic weight       z
        Be        9.01218220      -1.1930
                  0.00000000       1.1930
  centre-of-mass                  -1.1930


                                    electronic (au/Debye-Ang^k)   total (au/Debye-Ang^k)
     dipole (Mu_z, k=1)                0.3038940831250189E-04      0.3038940831250189E-04
                                       0.7724273441942636E-04      0.7724273441942636E-04

     quadrupole (Theta_zz, k=2)        0.3501560425476970E-04      0.3501560425476970E-04
                                       0.4709753577319107E-04      0.4709753577319107E-04

     octopole (Omega_zzz, k=3)         0.3905292152234013E-04      0.3905292152234013E-04
                                       0.2779657278704203E-04      0.2779657278704203E-04

     hexadecapole (Phi_zzzz, k=4)      0.4574061743753324E-04      0.4574061743753324E-04
                                       0.1722823989893096E-04      0.1722823989893096E-04

////////////////////////////////////////////////////////////////////////////////////////////////

 cpu summary (sec):
    Lagrange multipliers                       1.67
    normalization+orthogonalization            0.34
    multipole moments                          0.67
    relaxation of orb. and pot.               82.29
    total energy                               1.72
    all SCF iterations                        84.97
    single SCF iteration                       0.23


 start: 2011/05/06  11:23:43.60 
 stop:  2011/05/06  11:25:16.79 

////////////////////////////////////////////////////////////////////////////////////////////////

Linux wieslaw16.fizyka.umk.pl 2.6.18-prep x86_64 x86_64 GNU/Linux
 Quad-Core AMD Opteron(tm) Processor 8380

////////////////////////////////////////////////////////////////////////////////////////////////
