
////////////////////////////////////////////////////////////////////////////////////////////////



                         FINITE DIFFERENCE 2D HARTREE-FOCK  (version 2.0)



////////////////////////////////////////////////////////////////////////////////////////////////

   ... start of input data ...
  title Th+89  point/finite  nucleus R = 2.5                                      
  method oed                                                                      
  nuclei  90.0 0.0  2.0                                                           
  config 89                                                                       
  1 sigma +  end                                                                  
                    0
  grid 169 2.5                                                                    
  orbpot hydrogen                                                                 
  lcao                                                                            
  1.0 1 0 90.0   0.0   1 0  1.0  0                                                
  scf  30 10 8                                                                    
  omega 1.80 1.80                                                                 
  stop                                                                            
   ... end of input data  ...
         

   molecular system: 

          Th(90.00)      ( 0.00)   R =  2.00000 bohr = 1.05835 angstroms

   method: OED

   nuclear potential: Coulomb 

   electronic configuration:

           1  sigma      +   


          total charge            =  89
          number of
              electrons           =   1
              orbitals            =   1
              Coulomb potentials  =   1
              exchange potentials =   0

   LCAO via hydrogenic functions:

           orbital           n1 l1   Z1    c1       n2 l2   Z2    c2 

           1  sigma           1  0 90.00  1.00       1  0  1.00  0.00

   grid:
          nu (h_nu)  =  169  (0.01870)
          mu (h_mu)  =   79  (0.02009)
          R_infinity =    2.50

   scf: 
          thresholds
              scf iterations           =     30
              orbital energy           = 1.00E- 8
              orbital norm             = 1.00E-10
              multipole moments recalc = 1.00E+15

          orbitals are relaxed
          Coulomb potentials are kept frozen

          multipole expansion coefficients =  4

   (mc)sor:
          sor method used for relaxing orbitals and potentials
          ordering: middle 

                            (mc)sor iterations
                            orbital  potentials
             1 sigma           10        10

          overrelaxation parameters:   orbitals       potentials 
                                        1.800       1.800   1.800

   machine accuracy      =    0.11E-15

   constants: 
               pi        =    0.3141592653589793E+01
               bohr      =    0.5291772490000000E+00 angstroms


   memory usage:
          text+data                                      0.9 MB 
          bss (common block contributions)              97.1 MB
          dynamical allocation                           4.1 MB 
              orbitals + Coulomb potentials              0.2 MB
              exchange potentials                        0.1 MB

////////////////////////////////////////////////////////////////////////////////////////////////

 ... initializing orbitals from hydrogenic functions ...
 ... initializing Lagrange multipliers ...

 total energy:                 -0.4050001508557506E+04
 total electronic energy:      -0.4050001508557506E+04
 virial ratio:                 -0.1999944995980770E+01

   scf  orbital              energy              energy diff        1-norm         overlap
    1   1 sigma       -.4050000704483895E+04        0.80E-03        0.12E-05
    1   1 sigma       -.4050000704483895E+04        0.80E-03        0.12E-05
    2   1 sigma       -.4050000617794831E+04        0.87E-04        0.13E-06
    2   1 sigma       -.4050000617794831E+04        0.87E-04        0.13E-06
    3   1 sigma       -.4050000609599524E+04        0.82E-05        0.30E-07
    3   1 sigma       -.4050000609599524E+04        0.82E-05        0.30E-07
    4   1 sigma       -.4050000608648714E+04        0.95E-06        0.16E-08
    4   1 sigma       -.4050000608648714E+04        0.95E-06        0.16E-08
    5   1 sigma       -.4050000608551466E+04        0.97E-07        0.57E-09
    5   1 sigma       -.4050000608551466E+04        0.97E-07        0.57E-09
    6   1 sigma       -.4050000608537452E+04        0.14E-07        0.42E-10
    6   1 sigma       -.4050000608537452E+04        0.14E-07        0.42E-10
           
 ... orbital normalization threshold reached ...
 ... writing functions to disk (current precision) ...

 total energy:                 -0.4050000608537452E+04
 total electronic energy:      -0.4050000608537452E+04
 virial ratio:                 -0.1999944130319040E+01

 total energy contributions: 
     nuclear-electron attraction energy =   -8100.227501959227
     kinetic energy                     =    4050.226893421788
     one electron energy                =   -4050.000608537439
     coulomb energy                     =       0.000000000000
     exchange energy                    =       0.000000000000
     coulomb energy (DFT)               =       0.000000000000
     exchange energy (DFT)              =       0.000000000000
     correlation energy (DFT)           =       0.000000000000

       orbital               energy                     1-norm
   1 sigma          -0.4050000608537452E+04            0.42E-10


 total energy uncertainty due to orbital norms not being equal 1:
     absolute = +/-0.17E-06,  relative = +/-0.42E-08%

////////////////////////////////////////////////////////////////////////////////////////////////

 cpu summary (sec):
    Lagrange multipliers                       0.00
    normalization+orthogonalization            0.00
    multipole moments                          0.00
    relaxation of orb. and pot.                0.04
    total energy                               0.00
    all SCF iterations                         0.04
    single SCF iteration                       0.01


 start: 2011/05/05  23:29:02.68 
 stop:  2011/05/05  23:29:02.78 

////////////////////////////////////////////////////////////////////////////////////////////////

Linux wieslaw16.fizyka.umk.pl 2.6.18-prep x86_64 x86_64 GNU/Linux
 Quad-Core AMD Opteron(tm) Processor 8380

////////////////////////////////////////////////////////////////////////////////////////////////
