
////////////////////////////////////////////////////////////////////////////////////////////////



                         FINITE DIFFERENCE 2D HARTREE-FOCK  (version 2.0)



////////////////////////////////////////////////////////////////////////////////////////////////

   ... start of input data ...
  title Th+89  point/finite  nucleus R = 2.5                                      
  method oed                                                                      
  nuclei  90.0 0.0  2.0                                                           
  config 88                                                                       
  1 sigma +                                                                       
                    0
  1 sigma +  end                                                                  
                    0
  grid 169 2.5                                                                    
  orbpot old                                                                      
  lcao                                                                            
  1.0 2 0 90.0   0.0   1 0  1.0  0                                                
  1.0 1 0 90.0   0.0   1 0  1.0  1 ! 1s orbital must be kept frozen               
  scf  30 10 8                                                                    
  omega 1.80 1.80                                                                 
  stop                                                                            
   ... end of input data  ...
         

   molecular system: 

          Th(90.00)      ( 0.00)   R =  2.00000 bohr = 1.05835 angstroms

   method: OED

   nuclear potential: Coulomb 

   electronic configuration:

           2  sigma      +   
           1  sigma      +   


          total charge            =  88
          number of
              electrons           =   2
              orbitals            =   2
              Coulomb potentials  =   2
              exchange potentials =   1

   LCAO via hydrogenic functions:

           orbital           n1 l1   Z1    c1       n2 l2   Z2    c2 

           2  sigma           2  0 90.00  1.00       1  0  1.00  0.00
           1  sigma           1  0 90.00  1.00       1  0  1.00  0.00

   grid:
          nu (h_nu)  =  169  (0.01870)
          mu (h_mu)  =   79  (0.02009)
          R_infinity =    2.50

   scf: 
          thresholds
              scf iterations           =     30
              orbital energy           = 1.00E- 8
              orbital norm             = 1.00E-10
              multipole moments recalc = 1.00E+15

          orbitals are relaxed
          Coulomb potentials are kept frozen

          multipole expansion coefficients =  4

   (mc)sor:
          sor method used for relaxing orbitals and potentials
          ordering: middle 

                            (mc)sor iterations
                            orbital  potentials
             2 sigma           10        10
             1 sigma           10        10

          overrelaxation parameters:   orbitals       potentials 
                                        1.800       1.800   1.800

   machine accuracy      =    0.11E-15

   constants: 
               pi        =    0.3141592653589793E+01
               bohr      =    0.5291772490000000E+00 angstroms


   memory usage:
          text+data                                      0.9 MB 
          bss (common block contributions)              97.1 MB
          dynamical allocation                           4.6 MB 
              orbitals + Coulomb potentials              0.4 MB
              exchange potentials                        0.1 MB

////////////////////////////////////////////////////////////////////////////////////////////////


 ... retrieving data from disk ...
     file with heading:  Th+89  point/finite  nucleus R = 
     created on: 2011/05/05  23:29:02.68 
     Warning: mismatch in number of electrons: input=                    2  file=                    1
     Warning: mismatch in number of orbitals:  input=                    2  file=                    1
 ... assuming a virtual orbital is being generated ...
 ... initializing orbitals from hydrogenic functions ...
 ... initializing Lagrange multipliers ...

 total energy:                 -0.5062500681756846E+04
 total electronic energy:      -0.5062500681756846E+04
 virial ratio:                 -0.1999947289319236E+01

   scf  orbital              energy              energy diff        1-norm         overlap
    1   2 sigma       -.1012498331305556E+04        0.17E-02        0.68E-05
    1   2 sigma       -.1012498331305556E+04        0.17E-02        0.68E-05
    2   2 sigma       -.1012498541205523E+04       -0.21E-03        0.26E-05
    2   2 sigma       -.1012498541205523E+04       -0.21E-03        0.26E-05
    3   2 sigma       -.1012498476466657E+04        0.65E-04        0.33E-05
    3   2 sigma       -.1012498476466657E+04        0.65E-04        0.33E-05
    4   2 sigma       -.1012498480486875E+04       -0.40E-05        0.15E-05
    4   2 sigma       -.1012498480486875E+04       -0.40E-05        0.15E-05
    5   2 sigma       -.1012498480859881E+04       -0.37E-06        0.11E-05
    5   2 sigma       -.1012498480859881E+04       -0.37E-06        0.11E-05
    6   2 sigma       -.1012498480366193E+04        0.49E-06        0.11E-05
    6   2 sigma       -.1012498480366193E+04        0.49E-06        0.11E-05
    7   2 sigma       -.1012498480506327E+04       -0.14E-06        0.11E-05
    7   2 sigma       -.1012498480506327E+04       -0.14E-06        0.11E-05
    8   2 sigma       -.1012498480479173E+04        0.27E-07        0.11E-05
    8   2 sigma       -.1012498480479173E+04        0.27E-07        0.11E-05
    9   2 sigma       -.1012498480482941E+04       -0.38E-08        0.11E-05
    9   2 sigma       -.1012498480482941E+04       -0.38E-08        0.11E-05
           
 ... orbital energy threshold reached reached ...
 ... writing functions to disk (current precision) ...

 total energy:                 -0.5062499089020394E+04
 total electronic energy:      -0.5062499089020394E+04
 virial ratio:                 -0.1999946676825814E+01

 total energy contributions: 
     nuclear-electron attraction energy =  -10125.268140956781
     kinetic energy                     =    5062.769051936401
     one electron energy                =   -5062.499089020381
     coulomb energy                     =       0.000000000000
     exchange energy                    =       0.000000000000
     coulomb energy (DFT)               =       0.000000000000
     exchange energy (DFT)              =       0.000000000000
     correlation energy (DFT)           =       0.000000000000

       orbital               energy                     1-norm
   2 sigma          -0.1012498480482941E+04            0.11E-05
   1 sigma          -0.4050000608537452E+04            0.11E-15


 total energy uncertainty due to orbital norms not being equal 1:
     absolute = +/-0.11E-02,  relative = +/-0.22E-04%

////////////////////////////////////////////////////////////////////////////////////////////////

 cpu summary (sec):
    Lagrange multipliers                       0.00
    normalization+orthogonalization            0.00
    multipole moments                          0.00
    relaxation of orb. and pot.                0.07
    total energy                               0.00
    all SCF iterations                         0.07
    single SCF iteration                       0.01


 start: 2011/05/05  23:29:02.89 
 stop:  2011/05/05  23:29:03.11 

////////////////////////////////////////////////////////////////////////////////////////////////

Linux wieslaw16.fizyka.umk.pl 2.6.18-prep x86_64 x86_64 GNU/Linux
 Quad-Core AMD Opteron(tm) Processor 8380

////////////////////////////////////////////////////////////////////////////////////////////////
