
////////////////////////////////////////////////////////////////////////////////////////////////



                         FINITE DIFFERENCE 2D HARTREE-FOCK  (version 2.0)



////////////////////////////////////////////////////////////////////////////////////////////////

   ... start of input data ...
  title 3P C   R = 2.386                                                          
  method hf                                                                       
  nuclei  6.0  0.0  2.386                                                         
  config  0                                                                       
  1 pi   + . +                                                                    
                    0
  1 sigma                                                                         
                    0
  1 sigma   end                                                                   
                    0
  grid 169 30.0                                                                   
  orbpot hydrogen                                                                 
  lcao                                                                            
  1.0   2 1 5.0     0.0   1 0 9.0   0                                             
  1.0   2 0 6.0     0.0   1 0 9.0   0                                             
  1.0   1 0 6.0     0.0   1 0 9.0   0                                             
  scf 400 20 12 12                                                                
  omega 1.80 1.87                                                                 
  stop                                                                            
   ... end of input data  ...
         

   molecular system: 

          C ( 6.00)      ( 0.00)   R =  2.38600 bohr = 1.26262 angstroms

   method: HF

   electronic configuration:

           1  pi         + . +   
           2  sigma      + - 
           1  sigma      + - 


          total charge            =   0
          number of
              electrons           =   6
              orbitals            =   3
              Coulomb potentials  =   3
              exchange potentials =   4

   LCAO via hydrogenic functions:

           orbital           n1 l1   Z1    c1       n2 l2   Z2    c2 

           1  pi              2  1  5.00  1.00       1  0  9.00  0.00
           2  sigma           2  0  6.00  1.00       1  0  9.00  0.00
           1  sigma           1  0  6.00  1.00       1  0  9.00  0.00

   grid:
          nu (h_nu)  =  169  (0.01870)
          mu (h_mu)  =  205  (0.01920)
          R_infinity =   30.00

   scf: 
          thresholds
              scf iterations           =    400
              orbital energy           = 1.00E-12
              orbital norm             = 1.00E-12
              multipole moments recalc = 1.15E+00

          orbitals are relaxed
          Coulomb potentials are relaxed
          exchange potential for each pair of orbitals is relaxed once per single scf iteration

          multipole expansion coefficients =  4

   (mc)sor:
          sor method used for relaxing orbitals and potentials
          ordering: middle 

                            (mc)sor iterations
                            orbital  potentials
             1 pi              10        10
             2 sigma           10        10
             1 sigma           10        10

          overrelaxation parameters:   orbitals       potentials 
                                        1.800       1.870   1.870

   machine accuracy      =    0.11E-15

   constants: 
               pi        =    0.3141592653589793E+01
               bohr      =    0.5291772490000000E+00 angstroms


   memory usage:
          text+data                                      0.9 MB 
          bss (common block contributions)              97.1 MB
          dynamical allocation                          13.0 MB 
              orbitals + Coulomb potentials              1.6 MB
              exchange potentials                        1.1 MB

////////////////////////////////////////////////////////////////////////////////////////////////

 ... initializing orbitals from hydrogenic functions ...
 ... initializing Coulomb potentials ...
 ... initializing exchange potentials ...
 ... initializing multipole moment coefficients ...
 ... initializing Lagrange multipliers ...

 total energy:                 -0.4698681612376517E+02
 total electronic energy:      -0.4698681612376517E+02
 virial ratio:                 -0.1916815923927223E+01

   scf  orbital              energy              energy diff        1-norm         overlap
    1   1 sigma       -.1236167847628453E+02        0.31E+00        0.43E-01
    1   2 sigma       -.3207398133577978E+01        0.18E+00        0.74E-01
    2   1 sigma       -.1202052003588529E+02        0.34E+00        0.24E-01
    2   2 sigma       -.3045517207904792E+01        0.16E+00        0.56E-01
    3   1 sigma       -.1171716882508039E+02        0.30E+00        0.12E-01
    3   2 sigma       -.2810757933017769E+01        0.23E+00        0.41E-01
    4   1 sigma       -.1144429302170817E+02        0.27E+00        0.35E-02
    4   2 sigma       -.2572221803779597E+01        0.24E+00        0.22E-01
 ... multipole moment expansion coefficients recalculated ...
    5   1 sigma       -.1122267429212294E+02        0.22E+00       -0.24E-02
    5   1 pi          -.1868431995864668E+01        0.11E+00       -0.82E-02
 ... multipole moment expansion coefficients recalculated ...
    6   2 sigma       -.2198188970393529E+01        0.17E+00       -0.78E-02
    6   2 sigma       -.2198188970393529E+01        0.17E+00       -0.78E-02
 ... multipole moment expansion coefficients recalculated ...
    7   2 sigma       -.2059072263609086E+01        0.14E+00       -0.15E-01
    7   2 sigma       -.2059072263609086E+01        0.14E+00       -0.15E-01
 ... multipole moment expansion coefficients recalculated ...
    8   2 sigma       -.1941698203285926E+01        0.12E+00       -0.19E-01
    8   2 sigma       -.1941698203285926E+01        0.12E+00       -0.19E-01
 ... multipole moment expansion coefficients recalculated ...
    9   2 sigma       -.1840630088081233E+01        0.10E+00       -0.22E-01
    9   2 sigma       -.1840630088081233E+01        0.10E+00       -0.22E-01
 ... multipole moment expansion coefficients recalculated ...
   10   2 sigma       -.1752321246439766E+01        0.88E-01       -0.22E-01
   10   2 sigma       -.1752321246439766E+01        0.88E-01       -0.22E-01
   11   2 sigma       -.1674469193228210E+01        0.78E-01       -0.22E-01
   11   2 sigma       -.1674469193228210E+01        0.78E-01       -0.22E-01
 ... multipole moment expansion coefficients recalculated ...
   12   2 sigma       -.1605435237851476E+01        0.69E-01       -0.22E-01
   12   2 sigma       -.1605435237851476E+01        0.69E-01       -0.22E-01
   13   2 sigma       -.1543933625416788E+01        0.62E-01       -0.21E-01
   13   2 sigma       -.1543933625416788E+01        0.62E-01       -0.21E-01
 ... multipole moment expansion coefficients recalculated ...
   14   2 sigma       -.1488909600321063E+01        0.55E-01       -0.20E-01
   14   2 sigma       -.1488909600321063E+01        0.55E-01       -0.20E-01
   15   2 sigma       -.1439493339958385E+01        0.49E-01       -0.19E-01
   15   2 sigma       -.1439493339958385E+01        0.49E-01       -0.19E-01
 ... multipole moment expansion coefficients recalculated ...
   16   2 sigma       -.1394952674235946E+01        0.45E-01       -0.18E-01
   16   2 sigma       -.1394952674235946E+01        0.45E-01       -0.18E-01
   17   2 sigma       -.1354668447062831E+01        0.40E-01       -0.17E-01
   17   2 sigma       -.1354668447062831E+01        0.40E-01       -0.17E-01
 ... multipole moment expansion coefficients recalculated ...
   18   2 sigma       -.1318113878791672E+01        0.37E-01       -0.15E-01
   18   2 sigma       -.1318113878791672E+01        0.37E-01       -0.15E-01
   19   2 sigma       -.1284840430096458E+01        0.33E-01       -0.14E-01
   19   2 sigma       -.1284840430096458E+01        0.33E-01       -0.14E-01
 ... multipole moment expansion coefficients recalculated ...
   20   2 sigma       -.1254466024821321E+01        0.30E-01       -0.13E-01
   20   2 sigma       -.1254466024821321E+01        0.30E-01       -0.13E-01
 ... writing functions to disk (current precision) ...
 total energy:    -0.4015835135875423E+02
   21   2 sigma       -.1226664704622739E+01        0.28E-01       -0.12E-01
   21   2 sigma       -.1226664704622739E+01        0.28E-01       -0.12E-01
 ... multipole moment expansion coefficients recalculated ...
   22   2 sigma       -.1201157488991418E+01        0.26E-01       -0.11E-01
   22   2 sigma       -.1201157488991418E+01        0.26E-01       -0.11E-01
   23   2 sigma       -.1177704473148273E+01        0.23E-01       -0.98E-02
   23   1 pi          -.8556350154638568E+00        0.20E-01       -0.98E-02
 ... multipole moment expansion coefficients recalculated ...
   24   2 sigma       -.1156098147659955E+01        0.22E-01       -0.88E-02
   24   1 pi          -.8374775176518745E+00        0.18E-01       -0.91E-02
   25   2 sigma       -.1136157860350250E+01        0.20E-01       -0.79E-02
   25   1 pi          -.8207442018683531E+00        0.17E-01       -0.85E-02
 ... multipole moment expansion coefficients recalculated ...
   26   2 sigma       -.1117725273060390E+01        0.18E-01       -0.71E-02
   26   1 pi          -.8052887239318314E+00        0.15E-01       -0.79E-02
   27   2 sigma       -.1100660685576875E+01        0.17E-01       -0.63E-02
   27   1 pi          -.7909839210400835E+00        0.14E-01       -0.73E-02
 ... multipole moment expansion coefficients recalculated ...
   28   2 sigma       -.1084840072280409E+01        0.16E-01       -0.55E-02
   28   1 pi          -.7777186183682141E+00        0.13E-01       -0.67E-02
   29   1 sigma       -.1112122102736707E+02       -0.15E-01       -0.13E-02
   29   1 pi          -.7653950428765319E+00        0.12E-01       -0.62E-02
   30   1 sigma       -.1113558920600654E+02       -0.14E-01       -0.12E-02
   30   1 pi          -.7539267263387517E+00        0.11E-01       -0.57E-02
 ... multipole moment expansion coefficients recalculated ...
   31   1 sigma       -.1114944596841243E+02       -0.14E-01       -0.11E-02
   31   1 pi          -.7432368011391945E+00        0.11E-01       -0.52E-02
   32   1 sigma       -.1116277612591711E+02       -0.13E-01       -0.98E-03
   32   1 pi          -.7332566109231644E+00        0.10E-01       -0.47E-02
   33   1 sigma       -.1117556923656257E+02       -0.13E-01       -0.91E-03
   33   1 pi          -.7239245732311397E+00        0.93E-02       -0.43E-02
   34   1 sigma       -.1118781915418717E+02       -0.12E-01       -0.84E-03
   34   1 pi          -.7151852438944548E+00        0.87E-02       -0.38E-02
 ... multipole moment expansion coefficients recalculated ...
   35   1 sigma       -.1119952358659580E+02       -0.12E-01       -0.78E-03
   35   1 pi          -.7069885429129621E+00        0.82E-02       -0.35E-02
   36   1 sigma       -.1121068366881404E+02       -0.11E-01       -0.73E-03
   36   1 pi          -.6992891098603549E+00        0.77E-02       -0.31E-02
   37   1 sigma       -.1122130355601982E+02       -0.11E-01       -0.68E-03
   37   1 pi          -.6920457632386317E+00        0.72E-02       -0.28E-02
 ... multipole moment expansion coefficients recalculated ...
   38   1 sigma       -.1123139003932870E+02       -0.10E-01       -0.64E-03
   38   1 pi          -.6852210435940931E+00        0.68E-02       -0.25E-02
   39   1 sigma       -.1124095218641138E+02       -0.96E-02       -0.60E-03
   39   1 pi          -.6787808242092157E+00        0.64E-02       -0.22E-02
   40   1 sigma       -.1125000100796888E+02       -0.90E-02       -0.56E-03
   40   1 pi          -.6726939766673272E+00        0.61E-02       -0.20E-02
 ... multipole moment expansion coefficients recalculated ...
 ... writing functions to disk (current precision) ...
 total energy:    -0.3889433960563895E+02
   41   1 sigma       -.1125854915029202E+02       -0.85E-02       -0.53E-03
   41   1 pi          -.6669320810536732E+00        0.58E-02       -0.17E-02
   42   1 sigma       -.1126661061363107E+02       -0.81E-02       -0.50E-03
   42   1 pi          -.6614691728058615E+00        0.55E-02       -0.15E-02
   43   1 sigma       -.1127420049568069E+02       -0.76E-02       -0.47E-03
   43   1 pi          -.6562815197166674E+00        0.52E-02       -0.13E-02
 ... multipole moment expansion coefficients recalculated ...
   44   1 sigma       -.1128133475921394E+02       -0.71E-02       -0.44E-03
   44   1 pi          -.6513474240589181E+00        0.49E-02       -0.12E-02
   45   1 sigma       -.1128803002272580E+02       -0.67E-02       -0.42E-03
   45   1 pi          -.6466470458603575E+00        0.47E-02       -0.10E-02
   46   1 sigma       -.1129430337282913E+02       -0.63E-02       -0.39E-03
   46   1 pi          -.6421622439239760E+00        0.45E-02       -0.86E-03
 ... multipole moment expansion coefficients recalculated ...
   47   1 sigma       -.1130017219710231E+02       -0.59E-02       -0.37E-03
   47   1 pi          -.6378764320174786E+00        0.43E-02       -0.74E-03
   48   1 sigma       -.1130565403605468E+02       -0.55E-02       -0.36E-03
   48   1 pi          -.6337744482500054E+00        0.41E-02       -0.63E-03
   49   1 sigma       -.1131076645288175E+02       -0.51E-02       -0.34E-03
   49   1 pi          -.6298424360337322E+00        0.39E-02       -0.53E-03
 ... multipole moment expansion coefficients recalculated ...
   50   1 sigma       -.1131552691968831E+02       -0.48E-02       -0.32E-03
   50   1 pi          -.6260677350708561E+00        0.38E-02       -0.44E-03
   51   1 sigma       -.1131995271892727E+02       -0.44E-02       -0.31E-03
   51   2 sigma       -.9027081164507189E+00        0.41E-02        0.47E-03
 ... multipole moment expansion coefficients recalculated ...
   52   1 sigma       -.1132406085882344E+02       -0.41E-02       -0.29E-03
   52   2 sigma       -.8987230741753280E+00        0.40E-02        0.49E-03
   53   2 sigma       -.8948873399977426E+00        0.38E-02        0.51E-03
   53   2 sigma       -.8948873399977426E+00        0.38E-02        0.51E-03
 ... multipole moment expansion coefficients recalculated ...
   54   2 sigma       -.8911904074408632E+00        0.37E-02        0.52E-03
   54   2 sigma       -.8911904074408632E+00        0.37E-02        0.52E-03
   55   2 sigma       -.8876227220133508E+00        0.36E-02        0.53E-03
   55   2 sigma       -.8876227220133508E+00        0.36E-02        0.53E-03
   56   2 sigma       -.8841755940120248E+00        0.34E-02        0.53E-03
   56   2 sigma       -.8841755940120248E+00        0.34E-02        0.53E-03
   57   2 sigma       -.8808411185428899E+00        0.33E-02        0.53E-03
   57   2 sigma       -.8808411185428899E+00        0.33E-02        0.53E-03
 ... multipole moment expansion coefficients recalculated ...
   58   2 sigma       -.8776121022930057E+00        0.32E-02        0.53E-03
   58   2 sigma       -.8776121022930057E+00        0.32E-02        0.53E-03
   59   2 sigma       -.8744819966133033E+00        0.31E-02        0.52E-03
   59   2 sigma       -.8744819966133033E+00        0.31E-02        0.52E-03
   60   2 sigma       -.8714448364183798E+00        0.30E-02        0.51E-03
   60   2 sigma       -.8714448364183798E+00        0.30E-02        0.51E-03
 ... writing functions to disk (current precision) ...
 total energy:    -0.3846609103666813E+02
   61   2 sigma       -.8684951844904747E+00        0.29E-02        0.50E-03
   61   2 sigma       -.8684951844904747E+00        0.29E-02        0.50E-03
   62   2 sigma       -.8656280808011201E+00        0.29E-02        0.49E-03
   62   2 sigma       -.8656280808011201E+00        0.29E-02        0.49E-03
 ... multipole moment expansion coefficients recalculated ...
   63   2 sigma       -.8628389964330103E+00        0.28E-02        0.48E-03
   63   2 sigma       -.8628389964330103E+00        0.28E-02        0.48E-03
   64   2 sigma       -.8601237917498796E+00        0.27E-02        0.47E-03
   64   2 sigma       -.8601237917498796E+00        0.27E-02        0.47E-03
   65   2 sigma       -.8574786784814581E+00        0.26E-02        0.45E-03
   65   2 sigma       -.8574786784814581E+00        0.26E-02        0.45E-03
   66   2 sigma       -.8549001853840559E+00        0.26E-02        0.44E-03
   66   2 sigma       -.8549001853840559E+00        0.26E-02        0.44E-03
   67   2 sigma       -.8523851271738812E+00        0.25E-02        0.42E-03
   67   2 sigma       -.8523851271738812E+00        0.25E-02        0.42E-03
   68   2 sigma       -.8499305764574570E+00        0.25E-02        0.41E-03
   68   2 sigma       -.8499305764574570E+00        0.25E-02        0.41E-03
 ... multipole moment expansion coefficients recalculated ...
   69   2 sigma       -.8475338383960476E+00        0.24E-02        0.40E-03
   69   2 sigma       -.8475338383960476E+00        0.24E-02        0.40E-03
   70   2 sigma       -.8451924278610656E+00        0.23E-02        0.38E-03
   70   2 sigma       -.8451924278610656E+00        0.23E-02        0.38E-03
   71   2 sigma       -.8429040488577311E+00        0.23E-02        0.37E-03
   71   2 sigma       -.8429040488577311E+00        0.23E-02        0.37E-03
   72   2 sigma       -.8406665760115239E+00        0.22E-02        0.35E-03
   72   2 sigma       -.8406665760115239E+00        0.22E-02        0.35E-03
   73   2 sigma       -.8384780379152454E+00        0.22E-02        0.34E-03
   73   2 sigma       -.8384780379152454E+00        0.22E-02        0.34E-03
   74   2 sigma       -.8363366021621630E+00        0.21E-02        0.33E-03
   74   2 sigma       -.8363366021621630E+00        0.21E-02        0.33E-03
   75   2 sigma       -.8342405619099047E+00        0.21E-02        0.32E-03
   75   2 sigma       -.8342405619099047E+00        0.21E-02        0.32E-03
 ... multipole moment expansion coefficients recalculated ...
   76   2 sigma       -.8321883238261929E+00        0.21E-02        0.30E-03
   76   2 sigma       -.8321883238261929E+00        0.21E-02        0.30E-03
   77   2 sigma       -.8301783972779599E+00        0.20E-02        0.29E-03
   77   2 sigma       -.8301783972779599E+00        0.20E-02        0.29E-03
   78   2 sigma       -.8282093846325114E+00        0.20E-02        0.28E-03
   78   2 sigma       -.8282093846325114E+00        0.20E-02        0.28E-03
   79   2 sigma       -.8262799725764882E+00        0.19E-02        0.27E-03
   79   2 sigma       -.8262799725764882E+00        0.19E-02        0.27E-03
   80   2 sigma       -.8243889243525517E+00        0.19E-02        0.26E-03
   80   2 sigma       -.8243889243525517E+00        0.19E-02        0.26E-03
 ... writing functions to disk (current precision) ...
 total energy:    -0.3824501159003378E+02
   81   2 sigma       -.8225350728124576E+00        0.19E-02        0.25E-03
   81   2 sigma       -.8225350728124576E+00        0.19E-02        0.25E-03
   82   2 sigma       -.8207173141981032E+00        0.18E-02        0.24E-03
   82   2 sigma       -.8207173141981032E+00        0.18E-02        0.24E-03
 ... multipole moment expansion coefficients recalculated ...
   83   2 sigma       -.8189346025705757E+00        0.18E-02        0.24E-03
   83   2 sigma       -.8189346025705757E+00        0.18E-02        0.24E-03
   84   2 sigma       -.8171859448139420E+00        0.17E-02        0.23E-03
   84   2 sigma       -.8171859448139420E+00        0.17E-02        0.23E-03
   85   2 sigma       -.8154703961827607E+00        0.17E-02        0.22E-03
   85   2 sigma       -.8154703961827607E+00        0.17E-02        0.22E-03
   86   2 sigma       -.8137870563371643E+00        0.17E-02        0.21E-03
   86   2 sigma       -.8137870563371643E+00        0.17E-02        0.21E-03
   87   2 sigma       -.8121350657957702E+00        0.17E-02        0.21E-03
   87   2 sigma       -.8121350657957702E+00        0.17E-02        0.21E-03
   88   2 sigma       -.8105136027560640E+00        0.16E-02        0.20E-03
   88   2 sigma       -.8105136027560640E+00        0.16E-02        0.20E-03
   89   2 sigma       -.8089218802410412E+00        0.16E-02        0.19E-03
   89   2 sigma       -.8089218802410412E+00        0.16E-02        0.19E-03
   90   2 sigma       -.8073591435297756E+00        0.16E-02        0.19E-03
   90   2 sigma       -.8073591435297756E+00        0.16E-02        0.19E-03
 ... multipole moment expansion coefficients recalculated ...
   91   2 sigma       -.8058246678406458E+00        0.15E-02        0.18E-03
   91   2 sigma       -.8058246678406458E+00        0.15E-02        0.18E-03
   92   2 sigma       -.8043177562761805E+00        0.15E-02        0.18E-03
   92   2 sigma       -.8043177562761805E+00        0.15E-02        0.18E-03
   93   2 sigma       -.8028377379978071E+00        0.15E-02        0.17E-03
   93   2 sigma       -.8028377379978071E+00        0.15E-02        0.17E-03
   94   2 sigma       -.8013839665835012E+00        0.15E-02        0.17E-03
   94   2 sigma       -.8013839665835012E+00        0.15E-02        0.17E-03
   95   2 sigma       -.7999558185400044E+00        0.14E-02        0.17E-03
   95   2 sigma       -.7999558185400044E+00        0.14E-02        0.17E-03
   96   2 sigma       -.7985526919511070E+00        0.14E-02        0.16E-03
   96   2 sigma       -.7985526919511070E+00        0.14E-02        0.16E-03
   97   2 sigma       -.7971740052385510E+00        0.14E-02        0.16E-03
   97   2 sigma       -.7971740052385510E+00        0.14E-02        0.16E-03
   98   2 sigma       -.7958191960298127E+00        0.14E-02        0.15E-03
   98   2 sigma       -.7958191960298127E+00        0.14E-02        0.15E-03
 ... multipole moment expansion coefficients recalculated ...
   99   2 sigma       -.7944877201520595E+00        0.13E-02        0.15E-03
   99   2 sigma       -.7944877201520595E+00        0.13E-02        0.15E-03
  100   2 sigma       -.7931790507364775E+00        0.13E-02        0.15E-03
  100   2 sigma       -.7931790507364775E+00        0.13E-02        0.15E-03
 ... writing functions to disk (current precision) ...
 total energy:    -0.3810220202021814E+02
  101   2 sigma       -.7918926773982324E+00        0.13E-02        0.15E-03
  101   2 sigma       -.7918926773982324E+00        0.13E-02        0.15E-03
  102   2 sigma       -.7906281054767748E+00        0.13E-02        0.14E-03
  102   2 sigma       -.7906281054767748E+00        0.13E-02        0.14E-03
  103   2 sigma       -.7893848553314013E+00        0.12E-02        0.14E-03
  103   2 sigma       -.7893848553314013E+00        0.12E-02        0.14E-03
  104   2 sigma       -.7881624616831924E+00        0.12E-02        0.14E-03
  104   2 sigma       -.7881624616831924E+00        0.12E-02        0.14E-03
  105   2 sigma       -.7869604729912560E+00        0.12E-02        0.14E-03
  105   2 sigma       -.7869604729912560E+00        0.12E-02        0.14E-03
  106   2 sigma       -.7857784508681687E+00        0.12E-02        0.13E-03
  106   2 sigma       -.7857784508681687E+00        0.12E-02        0.13E-03
  107   2 sigma       -.7846159695617900E+00        0.12E-02        0.13E-03
  107   2 sigma       -.7846159695617900E+00        0.12E-02        0.13E-03
 ... multipole moment expansion coefficients recalculated ...
  108   2 sigma       -.7834726154905383E+00        0.11E-02        0.13E-03
  108   2 sigma       -.7834726154905383E+00        0.11E-02        0.13E-03
  109   2 sigma       -.7823479868057990E+00        0.11E-02        0.13E-03
  109   2 sigma       -.7823479868057990E+00        0.11E-02        0.13E-03
  110   2 sigma       -.7812416929717583E+00        0.11E-02        0.13E-03
  110   2 sigma       -.7812416929717583E+00        0.11E-02        0.13E-03
  111   2 sigma       -.7801533543616741E+00        0.11E-02        0.12E-03
  111   2 sigma       -.7801533543616741E+00        0.11E-02        0.12E-03
  112   2 sigma       -.7790826018681551E+00        0.11E-02        0.12E-03
  112   2 sigma       -.7790826018681551E+00        0.11E-02        0.12E-03
  113   2 sigma       -.7780290765189717E+00        0.11E-02        0.12E-03
  113   2 sigma       -.7780290765189717E+00        0.11E-02        0.12E-03
  114   2 sigma       -.7769924291099137E+00        0.10E-02        0.12E-03
  114   2 sigma       -.7769924291099137E+00        0.10E-02        0.12E-03
  115   2 sigma       -.7759723198778183E+00        0.10E-02        0.12E-03
  115   2 sigma       -.7759723198778183E+00        0.10E-02        0.12E-03
  116   2 sigma       -.7749684182039180E+00        0.10E-02        0.12E-03
  116   2 sigma       -.7749684182039180E+00        0.10E-02        0.12E-03
 ... multipole moment expansion coefficients recalculated ...
  117   2 sigma       -.7739804023275987E+00        0.99E-03        0.12E-03
  117   2 sigma       -.7739804023275987E+00        0.99E-03        0.12E-03
  118   2 sigma       -.7730079590639969E+00        0.97E-03        0.11E-03
  118   2 sigma       -.7730079590639969E+00        0.97E-03        0.11E-03
  119   2 sigma       -.7720507835267165E+00        0.96E-03        0.11E-03
  119   2 sigma       -.7720507835267165E+00        0.96E-03        0.11E-03
  120   2 sigma       -.7711085788575103E+00        0.94E-03        0.11E-03
  120   2 sigma       -.7711085788575103E+00        0.94E-03        0.11E-03
 ... writing functions to disk (current precision) ...
 total energy:    -0.3800172448955455E+02
  121   2 sigma       -.7701810559602458E+00        0.93E-03        0.11E-03
  121   2 sigma       -.7701810559602458E+00        0.93E-03        0.11E-03
  122   2 sigma       -.7692679332313257E+00        0.91E-03        0.11E-03
  122   2 sigma       -.7692679332313257E+00        0.91E-03        0.11E-03
  123   2 sigma       -.7683689363020441E+00        0.90E-03        0.11E-03
  123   2 sigma       -.7683689363020441E+00        0.90E-03        0.11E-03
  124   2 sigma       -.7674837978121607E+00        0.89E-03        0.11E-03
  124   2 sigma       -.7674837978121607E+00        0.89E-03        0.11E-03
  125   2 sigma       -.7666122572051703E+00        0.87E-03        0.11E-03
  125   2 sigma       -.7666122572051703E+00        0.87E-03        0.11E-03
 ... multipole moment expansion coefficients recalculated ...
  126   2 sigma       -.7657540605278115E+00        0.86E-03        0.10E-03
  126   2 sigma       -.7657540605278115E+00        0.86E-03        0.10E-03
  127   2 sigma       -.7649089602283268E+00        0.85E-03        0.10E-03
  127   2 sigma       -.7649089602283268E+00        0.85E-03        0.10E-03
  128   2 sigma       -.7640767149564018E+00        0.83E-03        0.10E-03
  128   2 sigma       -.7640767149564018E+00        0.83E-03        0.10E-03
  129   1 pi          -.4936843071052404E+00        0.82E-03       -0.40E-04
  129   2 sigma       -.7632570893661774E+00        0.82E-03        0.10E-03
  130   1 pi          -.4928759535683009E+00        0.81E-03       -0.40E-04
  130   2 sigma       -.7624498539194788E+00        0.81E-03        0.10E-03
  131   1 pi          -.4920788590118592E+00        0.80E-03       -0.40E-04
  131   2 sigma       -.7616547846856800E+00        0.80E-03        0.10E-03
  132   1 pi          -.4912928457704115E+00        0.79E-03       -0.39E-04
  132   2 sigma       -.7608716631503740E+00        0.78E-03        0.99E-04
  133   1 pi          -.4905177399298508E+00        0.78E-03       -0.39E-04
  133   2 sigma       -.7601002760500677E+00        0.77E-03        0.98E-04
  134   1 pi          -.4897533712264388E+00        0.76E-03       -0.39E-04
  134   2 sigma       -.7593404152226966E+00        0.76E-03        0.97E-04
  135   1 pi          -.4889995729501728E+00        0.75E-03       -0.38E-04
  135   2 sigma       -.7585918774590286E+00        0.75E-03        0.96E-04
 ... multipole moment expansion coefficients recalculated ...
  136   1 pi          -.4882561818456361E+00        0.74E-03       -0.38E-04
  136   2 sigma       -.7578544643551290E+00        0.74E-03        0.95E-04
  137   1 pi          -.4875230380108091E+00        0.73E-03       -0.38E-04
  137   2 sigma       -.7571279821630914E+00        0.73E-03        0.94E-04
  138   1 pi          -.4867999847954270E+00        0.72E-03       -0.37E-04
  138   2 sigma       -.7564122416457115E+00        0.72E-03        0.93E-04
  139   1 pi          -.4860868686998101E+00        0.71E-03       -0.37E-04
  139   2 sigma       -.7557070579301906E+00        0.71E-03        0.92E-04
  140   1 pi          -.4853835392663939E+00        0.70E-03       -0.37E-04
  140   2 sigma       -.7550122503580847E+00        0.69E-03        0.91E-04
 ... writing functions to disk (current precision) ...
 total energy:    -0.3792794090392540E+02
  141   1 pi          -.4846898489730447E+00        0.69E-03       -0.36E-04
  141   2 sigma       -.7543276423441081E+00        0.68E-03        0.90E-04
  142   1 pi          -.4840056531481887E+00        0.68E-03       -0.36E-04
  142   2 sigma       -.7536530612564638E+00        0.67E-03        0.89E-04
  143   1 pi          -.4833308099007847E+00        0.67E-03       -0.36E-04
  143   2 sigma       -.7529883383077292E+00        0.66E-03        0.88E-04
  144   1 pi          -.4826651800543642E+00        0.67E-03       -0.35E-04
  144   2 sigma       -.7523333084484318E+00        0.66E-03        0.87E-04
  145   1 pi          -.4820086270774362E+00        0.66E-03       -0.35E-04
  145   2 sigma       -.7516878102583129E+00        0.65E-03        0.87E-04
  146   1 pi          -.4813610170123743E+00        0.65E-03       -0.34E-04
  146   2 sigma       -.7510516858381338E+00        0.64E-03        0.86E-04
 ... multipole moment expansion coefficients recalculated ...
  147   1 pi          -.4807222184024567E+00        0.64E-03       -0.34E-04
  147   2 sigma       -.7504247807041531E+00        0.63E-03        0.85E-04
  148   1 pi          -.4800921022196736E+00        0.63E-03       -0.34E-04
  148   2 sigma       -.7498069436826253E+00        0.62E-03        0.84E-04
  149   1 pi          -.4794705417927840E+00        0.62E-03       -0.33E-04
  149   2 sigma       -.7491980268067460E+00        0.61E-03        0.83E-04
  150   1 pi          -.4788574127290821E+00        0.61E-03       -0.33E-04
  150   2 sigma       -.7485978852071393E+00        0.60E-03        0.82E-04
  151   1 pi          -.4782525928365255E+00        0.60E-03       -0.33E-04
  151   2 sigma       -.7480063770118539E+00        0.59E-03        0.81E-04
  152   1 pi          -.4776559620670779E+00        0.60E-03       -0.32E-04
  152   2 sigma       -.7474233632655203E+00        0.58E-03        0.81E-04
  153   1 pi          -.4770674024737382E+00        0.59E-03       -0.32E-04
  153   2 sigma       -.7468487078570574E+00        0.57E-03        0.80E-04
  154   1 pi          -.4764867981694199E+00        0.58E-03       -0.32E-04
  154   2 sigma       -.7462822774477953E+00        0.57E-03        0.79E-04
  155   1 pi          -.4759140352829374E+00        0.57E-03       -0.31E-04
  155   2 sigma       -.7457239413969341E+00        0.56E-03        0.78E-04
  156   1 pi          -.4753490019112396E+00        0.57E-03       -0.31E-04
  156   2 sigma       -.7451735716877881E+00        0.55E-03        0.77E-04
  157   1 pi          -.4747915880700115E+00        0.56E-03       -0.31E-04
  157   2 sigma       -.7446310428530252E+00        0.54E-03        0.77E-04
 ... multipole moment expansion coefficients recalculated ...
  158   1 pi          -.4742416856432081E+00        0.55E-03       -0.30E-04
  158   2 sigma       -.7440962319032507E+00        0.53E-03        0.76E-04
  159   1 pi          -.4736991883338906E+00        0.54E-03       -0.30E-04
  159   2 sigma       -.7435690182549526E+00        0.53E-03        0.75E-04
  160   1 pi          -.4731639916145105E+00        0.54E-03       -0.30E-04
  160   2 sigma       -.7430492836605764E+00        0.52E-03        0.74E-04
 ... writing functions to disk (current precision) ...
 total energy:    -0.3787244797032381E+02
  161   1 pi          -.4726359926709032E+00        0.53E-03       -0.29E-04
  161   2 sigma       -.7425369121307042E+00        0.51E-03        0.73E-04
  162   1 pi          -.4721150903472351E+00        0.52E-03       -0.29E-04
  162   2 sigma       -.7420317898664606E+00        0.51E-03        0.73E-04
  163   1 pi          -.4716011851090411E+00        0.51E-03       -0.29E-04
  163   2 sigma       -.7415338052074349E+00        0.50E-03        0.72E-04
  164   1 pi          -.4710941790190892E+00        0.51E-03       -0.29E-04
  164   2 sigma       -.7410428485872722E+00        0.49E-03        0.71E-04
  165   1 pi          -.4705939757142832E+00        0.50E-03       -0.28E-04
  165   2 sigma       -.7405588124869524E+00        0.48E-03        0.70E-04
  166   1 pi          -.4701004803789202E+00        0.49E-03       -0.28E-04
  166   2 sigma       -.7400815913866907E+00        0.48E-03        0.70E-04
  167   1 pi          -.4696135997139206E+00        0.49E-03       -0.28E-04
  167   2 sigma       -.7396110817160735E+00        0.47E-03        0.69E-04
  168   1 pi          -.4691332419031782E+00        0.48E-03       -0.27E-04
  168   2 sigma       -.7391471818042348E+00        0.46E-03        0.68E-04
 ... multipole moment expansion coefficients recalculated ...
  169   1 pi          -.4686593165795419E+00        0.47E-03       -0.27E-04
  169   2 sigma       -.7386897918308661E+00        0.46E-03        0.68E-04
  170   1 pi          -.4681917347900830E+00        0.47E-03       -0.27E-04
  170   2 sigma       -.7382388137774574E+00        0.45E-03        0.67E-04
  171   1 pi          -.4677304089615428E+00        0.46E-03       -0.26E-04
  171   2 sigma       -.7377941513785919E+00        0.44E-03        0.66E-04
  172   1 pi          -.4672752528591202E+00        0.46E-03       -0.26E-04
  172   2 sigma       -.7373557100669350E+00        0.44E-03        0.65E-04
  173   1 pi          -.4668261815464843E+00        0.45E-03       -0.26E-04
  173   2 sigma       -.7369233969264837E+00        0.43E-03        0.65E-04
  174   1 pi          -.4663831113606913E+00        0.44E-03       -0.26E-04
  174   2 sigma       -.7364971206588176E+00        0.43E-03        0.64E-04
  175   1 pi          -.4659459598975908E+00        0.44E-03       -0.25E-04
  175   2 sigma       -.7360767915542157E+00        0.42E-03        0.63E-04
  176   1 pi          -.4655146459983337E+00        0.43E-03       -0.25E-04
  176   2 sigma       -.7356623214608931E+00        0.41E-03        0.63E-04
  177   1 pi          -.4650890897315261E+00        0.43E-03       -0.25E-04
  177   2 sigma       -.7352536237527167E+00        0.41E-03        0.62E-04
  178   1 pi          -.4646692123729323E+00        0.42E-03       -0.24E-04
  178   2 sigma       -.7348506132947703E+00        0.40E-03        0.61E-04
  179   1 pi          -.4642549363811237E+00        0.41E-03       -0.24E-04
  179   2 sigma       -.7344532064090235E+00        0.40E-03        0.61E-04
 ... multipole moment expansion coefficients recalculated ...
  180   1 pi          -.4638461853737659E+00        0.41E-03       -0.24E-04
  180   2 sigma       -.7340613208405502E+00        0.39E-03        0.60E-04
 ... writing functions to disk (current precision) ...
 total energy:    -0.3783017834898994E+02
  181   1 pi          -.4634428841021720E+00        0.40E-03       -0.24E-04
  181   2 sigma       -.7336748757226355E+00        0.39E-03        0.59E-04
  182   1 pi          -.4630449584258618E+00        0.40E-03       -0.23E-04
  182   2 sigma       -.7332937915434301E+00        0.38E-03        0.59E-04
  183   1 pi          -.4626523352823315E+00        0.39E-03       -0.23E-04
  183   2 sigma       -.7329179901046250E+00        0.38E-03        0.58E-04
  184   1 pi          -.4622649426557195E+00        0.39E-03       -0.23E-04
  184   2 sigma       -.7325473944889209E+00        0.37E-03        0.57E-04
  185   1 pi          -.4618827095596885E+00        0.38E-03       -0.23E-04
  185   2 sigma       -.7321819290375178E+00        0.37E-03        0.57E-04
  186   1 pi          -.4615055660287828E+00        0.38E-03       -0.22E-04
  186   2 sigma       -.7318215193309721E+00        0.36E-03        0.56E-04
  187   1 pi          -.4611334431093836E+00        0.37E-03       -0.22E-04
  187   2 sigma       -.7314660921687692E+00        0.36E-03        0.56E-04
  188   1 pi          -.4607662728487312E+00        0.37E-03       -0.22E-04
  188   2 sigma       -.7311155755464580E+00        0.35E-03        0.55E-04
  189   1 pi          -.4604039882794315E+00        0.36E-03       -0.22E-04
  189   2 sigma       -.7307698986314848E+00        0.35E-03        0.54E-04
  190   1 pi          -.4600465234024602E+00        0.36E-03       -0.21E-04
  190   2 sigma       -.7304289917390601E+00        0.34E-03        0.54E-04
 ... multipole moment expansion coefficients recalculated ...
  191   1 pi          -.4596938131686334E+00        0.35E-03       -0.21E-04
  191   2 sigma       -.7300927863071531E+00        0.34E-03        0.53E-04
  192   1 pi          -.4593457934599265E+00        0.35E-03       -0.21E-04
  192   2 sigma       -.7297612148721120E+00        0.33E-03        0.53E-04
  193   1 pi          -.4590024010700851E+00        0.34E-03       -0.21E-04
  193   2 sigma       -.7294342110431566E+00        0.33E-03        0.52E-04
  194   1 pi          -.4586635736804112E+00        0.34E-03       -0.20E-04
  194   2 sigma       -.7291117094723472E+00        0.32E-03        0.51E-04
  195   1 pi          -.4583292498360363E+00        0.33E-03       -0.20E-04
  195   2 sigma       -.7287936458296831E+00        0.32E-03        0.51E-04
  196   1 pi          -.4579993689322199E+00        0.33E-03       -0.20E-04
  196   2 sigma       -.7284799567883784E+00        0.31E-03        0.50E-04
  197   1 pi          -.4576738712097188E+00        0.33E-03       -0.20E-04
  197   2 sigma       -.7281705800114588E+00        0.31E-03        0.50E-04
  198   1 pi          -.4573526977487727E+00        0.32E-03       -0.19E-04
  198   2 sigma       -.7278654541377478E+00        0.31E-03        0.49E-04
  199   1 pi          -.4570357904609263E+00        0.32E-03       -0.19E-04
  199   2 sigma       -.7275645187652060E+00        0.30E-03        0.49E-04
  200   1 pi          -.4567230920779402E+00        0.31E-03       -0.19E-04
  200   2 sigma       -.7272677144336490E+00        0.30E-03        0.48E-04
 ... writing functions to disk (current precision) ...
 total energy:    -0.3779777220870822E+02
  201   1 pi          -.4564145461383475E+00        0.31E-03       -0.19E-04
  201   2 sigma       -.7269749826063112E+00        0.29E-03        0.48E-04
 ... multipole moment expansion coefficients recalculated ...
  202   1 pi          -.4561100969732630E+00        0.30E-03       -0.19E-04
  202   2 sigma       -.7266862656517494E+00        0.29E-03        0.47E-04
  203   1 pi          -.4558096896916206E+00        0.30E-03       -0.18E-04
  203   2 sigma       -.7264015068251743E+00        0.28E-03        0.46E-04
  204   1 pi          -.4555132701646740E+00        0.30E-03       -0.18E-04
  204   2 sigma       -.7261206502495687E+00        0.28E-03        0.46E-04
  205   1 pi          -.4552207850068384E+00        0.29E-03       -0.18E-04
  205   2 sigma       -.7258436408916706E+00        0.28E-03        0.45E-04
  206   1 pi          -.4549321815559160E+00        0.29E-03       -0.18E-04
  206   2 sigma       -.7255704245437666E+00        0.27E-03        0.45E-04
  207   1 pi          -.4546474078630993E+00        0.28E-03       -0.18E-04
  207   2 sigma       -.7253009478127228E+00        0.27E-03        0.44E-04
  208   1 pi          -.4543664126895122E+00        0.28E-03       -0.17E-04
  208   2 sigma       -.7250351581107792E+00        0.27E-03        0.44E-04
  209   1 pi          -.4540891455023806E+00        0.28E-03       -0.17E-04
  209   2 sigma       -.7247730036454421E+00        0.26E-03        0.43E-04
  210   1 pi          -.4538155564687658E+00        0.27E-03       -0.17E-04
  210   2 sigma       -.7245144334072298E+00        0.26E-03        0.43E-04
  211   1 pi          -.4535455964470989E+00        0.27E-03       -0.17E-04
  211   2 sigma       -.7242593971563176E+00        0.26E-03        0.42E-04
  212   1 pi          -.4532792169762057E+00        0.27E-03       -0.17E-04
  212   2 sigma       -.7240078454084493E+00        0.25E-03        0.42E-04
 ... multipole moment expansion coefficients recalculated ...
  213   1 pi          -.4530163702641170E+00        0.26E-03       -0.16E-04
  213   2 sigma       -.7237597294214608E+00        0.25E-03        0.42E-04
  214   1 pi          -.4527570091757980E+00        0.26E-03       -0.16E-04
  214   2 sigma       -.7235150011804876E+00        0.24E-03        0.41E-04
  215   1 pi          -.4525010872210711E+00        0.26E-03       -0.16E-04
  215   2 sigma       -.7232736133831503E+00        0.24E-03        0.41E-04
  216   1 pi          -.4522485585381544E+00        0.25E-03       -0.16E-04
  216   2 sigma       -.7230355194207445E+00        0.24E-03        0.40E-04
  217   1 pi          -.4519993778780460E+00        0.25E-03       -0.16E-04
  217   2 sigma       -.7228006733636767E+00        0.23E-03        0.40E-04
  218   1 pi          -.4517535005956450E+00        0.25E-03       -0.15E-04
  218   2 sigma       -.7225690299537182E+00        0.23E-03        0.39E-04
  219   1 pi          -.4515108826482779E+00        0.24E-03       -0.15E-04
  219   2 sigma       -.7223405445971558E+00        0.23E-03        0.39E-04
  220   1 pi          -.4512714805922067E+00        0.24E-03       -0.15E-04
  220   2 sigma       -.7221151733572229E+00        0.23E-03        0.38E-04
 ... writing functions to disk (current precision) ...
 total energy:    -0.3777284631827271E+02
  221   1 pi          -.4510352515783369E+00        0.24E-03       -0.15E-04
  221   2 sigma       -.7218928729447511E+00        0.22E-03        0.38E-04
  222   1 pi          -.4508021533448034E+00        0.23E-03       -0.15E-04
  222   2 sigma       -.7216736007078461E+00        0.22E-03        0.37E-04
  223   1 pi          -.4505721442084853E+00        0.23E-03       -0.15E-04
  223   2 sigma       -.7214573146208614E+00        0.22E-03        0.37E-04
 ... multipole moment expansion coefficients recalculated ...
  224   1 pi          -.4503451830554845E+00        0.23E-03       -0.14E-04
  224   2 sigma       -.7212439732737952E+00        0.21E-03        0.37E-04
  225   1 pi          -.4501212293313848E+00        0.22E-03       -0.14E-04
  225   2 sigma       -.7210335358602689E+00        0.21E-03        0.36E-04
  226   1 pi          -.4499002430305472E+00        0.22E-03       -0.14E-04
  226   2 sigma       -.7208259621662907E+00        0.21E-03        0.36E-04
  227   1 pi          -.4496821846830934E+00        0.22E-03       -0.14E-04
  227   2 sigma       -.7206212125542151E+00        0.20E-03        0.35E-04
  228   1 pi          -.4494670153410825E+00        0.22E-03       -0.14E-04
  228   2 sigma       -.7204192479517171E+00        0.20E-03        0.35E-04
  229   1 pi          -.4492546965720603E+00        0.21E-03       -0.14E-04
  229   2 sigma       -.7202200298454566E+00        0.20E-03        0.35E-04
  230   1 pi          -.4490451904571002E+00        0.21E-03       -0.13E-04
  230   2 sigma       -.7200235202764378E+00        0.20E-03        0.34E-04
  231   1 pi          -.4488384595888131E+00        0.21E-03       -0.13E-04
  231   2 sigma       -.7198296818340633E+00        0.19E-03        0.34E-04
  232   1 pi          -.4486344670678659E+00        0.20E-03       -0.13E-04
  232   2 sigma       -.7196384776484206E+00        0.19E-03        0.33E-04
  233   1 pi          -.4484331764965375E+00        0.20E-03       -0.13E-04
  233   2 sigma       -.7194498713824871E+00        0.19E-03        0.33E-04
  234   1 pi          -.4482345519719044E+00        0.20E-03       -0.13E-04
  234   2 sigma       -.7192638272234868E+00        0.19E-03        0.33E-04
 ... multipole moment expansion coefficients recalculated ...
  235   1 pi          -.4480385580778270E+00        0.20E-03       -0.13E-04
  235   2 sigma       -.7190803098735037E+00        0.18E-03        0.32E-04
  236   1 pi          -.4478451598766235E+00        0.19E-03       -0.12E-04
  236   2 sigma       -.7188992845407682E+00        0.18E-03        0.32E-04
  237   1 pi          -.4476543229004553E+00        0.19E-03       -0.12E-04
  237   2 sigma       -.7187207169298677E+00        0.18E-03        0.31E-04
  238   1 pi          -.4474660131398092E+00        0.19E-03       -0.12E-04
  238   2 sigma       -.7185445732288867E+00        0.18E-03        0.31E-04
  239   1 pi          -.4472801970321534E+00        0.19E-03       -0.12E-04
  239   2 sigma       -.7183708201000107E+00        0.17E-03        0.31E-04
  240   1 pi          -.4470968414565251E+00        0.18E-03       -0.12E-04
  240   2 sigma       -.7181994246750349E+00        0.17E-03        0.30E-04
 ... writing functions to disk (current precision) ...
 total energy:    -0.3775364159896552E+02
  241   1 pi          -.4469159137318139E+00        0.18E-03       -0.12E-04
  241   2 sigma       -.7180303545514897E+00        0.17E-03        0.30E-04
  242   1 pi          -.4467373816155575E+00        0.18E-03       -0.12E-04
  242   2 sigma       -.7178635777883424E+00        0.17E-03        0.30E-04
  243   1 pi          -.4465612133006571E+00        0.18E-03       -0.11E-04
  243   2 sigma       -.7176990628994799E+00        0.16E-03        0.29E-04
  244   1 pi          -.4463873774103666E+00        0.17E-03       -0.11E-04
  244   2 sigma       -.7175367788477938E+00        0.16E-03        0.29E-04
  245   1 pi          -.4462158429923435E+00        0.17E-03       -0.11E-04
  245   2 sigma       -.7173766950372942E+00        0.16E-03        0.29E-04
 ... multipole moment expansion coefficients recalculated ...
  246   1 pi          -.4460465795118553E+00        0.17E-03       -0.11E-04
  246   2 sigma       -.7172187813065687E+00        0.16E-03        0.28E-04
  247   1 pi          -.4458795568447491E+00        0.17E-03       -0.11E-04
  247   2 sigma       -.7170630079209315E+00        0.16E-03        0.28E-04
  248   1 pi          -.4457147452704353E+00        0.16E-03       -0.11E-04
  248   2 sigma       -.7169093455644373E+00        0.15E-03        0.28E-04
  249   1 pi          -.4455521154614868E+00        0.16E-03       -0.11E-04
  249   2 sigma       -.7167577653291581E+00        0.15E-03        0.27E-04
  250   1 pi          -.4453916384746619E+00        0.16E-03       -0.10E-04
  250   2 sigma       -.7166082387077286E+00        0.15E-03        0.27E-04
  251   1 pi          -.4452332857456036E+00        0.16E-03       -0.10E-04
  251   2 sigma       -.7164607375893208E+00        0.15E-03        0.27E-04
  252   1 pi          -.4450770290882895E+00        0.16E-03       -0.10E-04
  252   2 sigma       -.7163152342569465E+00        0.15E-03        0.26E-04
  253   1 pi          -.4449228406934340E+00        0.15E-03       -0.10E-04
  253   2 sigma       -.7161717013837610E+00        0.14E-03        0.26E-04
  254   1 pi          -.4447706931257454E+00        0.15E-03       -0.10E-04
  254   2 sigma       -.7160301120283030E+00        0.14E-03        0.26E-04
  255   1 pi          -.4446205593202404E+00        0.15E-03       -0.98E-05
  255   2 sigma       -.7158904396287604E+00        0.14E-03        0.25E-04
  256   1 pi          -.4444724125766242E+00        0.15E-03       -0.97E-05
  256   2 sigma       -.7157526579973652E+00        0.14E-03        0.25E-04
 ... multipole moment expansion coefficients recalculated ...
  257   1 pi          -.4443262265536907E+00        0.15E-03       -0.96E-05
  257   2 sigma       -.7156167413145194E+00        0.14E-03        0.25E-04
  258   1 pi          -.4441819752635907E+00        0.14E-03       -0.95E-05
  258   2 sigma       -.7154826641220322E+00        0.13E-03        0.25E-04
  259   1 pi          -.4440396330653975E+00        0.14E-03       -0.94E-05
  259   2 sigma       -.7153504013170209E+00        0.13E-03        0.24E-04
  260   1 pi          -.4438991746564440E+00        0.14E-03       -0.92E-05
  260   2 sigma       -.7152199281427727E+00        0.13E-03        0.24E-04
 ... writing functions to disk (current precision) ...
 total energy:    -0.3773883164029029E+02
  261   1 pi          -.4437605750646920E+00        0.14E-03       -0.91E-05
  261   2 sigma       -.7150912201818587E+00        0.13E-03        0.24E-04
  262   1 pi          -.4436238096440674E+00        0.14E-03       -0.90E-05
  262   2 sigma       -.7149642533541058E+00        0.13E-03        0.23E-04
  263   1 pi          -.4434888540743103E+00        0.13E-03       -0.89E-05
  263   2 sigma       -.7148390039131405E+00        0.13E-03        0.23E-04
  264   1 pi          -.4433556843592013E+00        0.13E-03       -0.88E-05
  264   2 sigma       -.7147154484444203E+00        0.12E-03        0.23E-04
  265   1 pi          -.4432242768247492E+00        0.13E-03       -0.87E-05
  265   2 sigma       -.7145935638605172E+00        0.12E-03        0.23E-04
  266   1 pi          -.4430946081155631E+00        0.13E-03       -0.86E-05
  266   2 sigma       -.7144733273970543E+00        0.12E-03        0.22E-04
  267   1 pi          -.4429666551904652E+00        0.13E-03       -0.85E-05
  267   2 sigma       -.7143547166077666E+00        0.12E-03        0.22E-04
 ... multipole moment expansion coefficients recalculated ...
  268   1 pi          -.4428403953175719E+00        0.13E-03       -0.84E-05
  268   2 sigma       -.7142377093591721E+00        0.12E-03        0.22E-04
  269   1 pi          -.4427158060690792E+00        0.12E-03       -0.83E-05
  269   2 sigma       -.7141222838257044E+00        0.12E-03        0.22E-04
  270   1 pi          -.4425928653160658E+00        0.12E-03       -0.82E-05
  270   2 sigma       -.7140084184837709E+00        0.11E-03        0.21E-04
  271   1 pi          -.4424715512212627E+00        0.12E-03       -0.81E-05
  271   2 sigma       -.7138960921046591E+00        0.11E-03        0.21E-04
  272   1 pi          -.4423518422319557E+00        0.12E-03       -0.80E-05
  272   2 sigma       -.7137852837485923E+00        0.11E-03        0.21E-04
  273   1 pi          -.4422337170765371E+00        0.12E-03       -0.79E-05
  273   2 sigma       -.7136759727625828E+00        0.11E-03        0.21E-04
  274   1 pi          -.4421171547639466E+00        0.12E-03       -0.78E-05
  274   2 sigma       -.7135681387784665E+00        0.11E-03        0.20E-04
  275   1 pi          -.4420021345824874E+00        0.12E-03       -0.77E-05
  275   2 sigma       -.7134617617106001E+00        0.11E-03        0.20E-04
  276   1 pi          -.4418886360981129E+00        0.11E-03       -0.76E-05
  276   2 sigma       -.7133568217521704E+00        0.10E-03        0.20E-04
  277   1 pi          -.4417766391514566E+00        0.11E-03       -0.75E-05
  277   2 sigma       -.7132532993719760E+00        0.10E-03        0.20E-04
  278   1 pi          -.4416661238537958E+00        0.11E-03       -0.74E-05
  278   2 sigma       -.7131511753098270E+00        0.10E-03        0.19E-04
 ... multipole moment expansion coefficients recalculated ...
  279   1 pi          -.4415570705832597E+00        0.11E-03       -0.73E-05
  279   2 sigma       -.7130504305727166E+00        0.10E-03        0.19E-04
  280   1 pi          -.4414494599799235E+00        0.11E-03       -0.72E-05
  280   2 sigma       -.7129510464300663E+00        0.99E-04        0.19E-04
 ... writing functions to disk (current precision) ...
 total energy:    -0.3772740510184818E+02
  281   1 pi          -.4413432729417459E+00        0.11E-03       -0.71E-05
  281   2 sigma       -.7128530044091850E+00        0.98E-04        0.19E-04
  282   1 pi          -.4412384906179603E+00        0.10E-03       -0.70E-05
  282   2 sigma       -.7127562862888213E+00        0.97E-04        0.18E-04
  283   1 pi          -.4411350944032240E+00        0.10E-03       -0.69E-05
  283   2 sigma       -.7126608740943814E+00        0.95E-04        0.18E-04
  284   1 pi          -.4410330659346733E+00        0.10E-03       -0.69E-05
  284   2 sigma       -.7125667500962578E+00        0.94E-04        0.18E-04
  285   1 pi          -.4409323870911570E+00        0.10E-03       -0.68E-05
  285   2 sigma       -.7124738968080253E+00        0.93E-04        0.18E-04
  286   1 pi          -.4408330399926679E+00        0.99E-04       -0.67E-05
  286   2 sigma       -.7123822969843561E+00        0.92E-04        0.18E-04
  287   1 pi          -.4407350069986546E+00        0.98E-04       -0.66E-05
  287   2 sigma       -.7122919336185700E+00        0.90E-04        0.17E-04
  288   1 pi          -.4406382707053518E+00        0.97E-04       -0.65E-05
  288   2 sigma       -.7122027899391634E+00        0.89E-04        0.17E-04
  289   1 pi          -.4405428139425189E+00        0.95E-04       -0.64E-05
  289   2 sigma       -.7121148494066292E+00        0.88E-04        0.17E-04
 ... multipole moment expansion coefficients recalculated ...
  290   1 pi          -.4404486197698692E+00        0.94E-04       -0.64E-05
  290   2 sigma       -.7120280957093748E+00        0.87E-04        0.17E-04
  291   1 pi          -.4403556714734678E+00        0.93E-04       -0.63E-05
  291   2 sigma       -.7119425127605377E+00        0.86E-04        0.17E-04
  292   1 pi          -.4402639525614447E+00        0.92E-04       -0.62E-05
  292   2 sigma       -.7118580846937226E+00        0.84E-04        0.16E-04
  293   1 pi          -.4401734467588656E+00        0.91E-04       -0.61E-05
  293   2 sigma       -.7117747958573690E+00        0.83E-04        0.16E-04
  294   1 pi          -.4400841380025460E+00        0.89E-04       -0.60E-05
  294   2 sigma       -.7116926308111235E+00        0.82E-04        0.16E-04
  295   1 pi          -.4399960104385272E+00        0.88E-04       -0.60E-05
  295   2 sigma       -.7116115743239710E+00        0.81E-04        0.16E-04
  296   1 pi          -.4399090484213408E+00        0.87E-04       -0.59E-05
  296   2 sigma       -.7115316113729055E+00        0.80E-04        0.16E-04
  297   1 pi          -.4398232365135852E+00        0.86E-04       -0.58E-05
  297   2 sigma       -.7114527271415789E+00        0.79E-04        0.15E-04
  298   1 pi          -.4397385594844678E+00        0.85E-04       -0.57E-05
  298   2 sigma       -.7113749070176270E+00        0.78E-04        0.15E-04
  299   1 pi          -.4396550023075818E+00        0.84E-04       -0.57E-05
  299   2 sigma       -.7112981365899205E+00        0.77E-04        0.15E-04
  300   1 pi          -.4395725501577159E+00        0.82E-04       -0.56E-05
  300   2 sigma       -.7112224016462170E+00        0.76E-04        0.15E-04
 ... multipole moment expansion coefficients recalculated ...
 ... writing functions to disk (current precision) ...
 total energy:    -0.3771858643513023E+02
  301   1 pi          -.4394911884086086E+00        0.81E-04       -0.55E-05
  301   2 sigma       -.7111476881692873E+00        0.75E-04        0.15E-04
  302   1 pi          -.4394109026288731E+00        0.80E-04       -0.55E-05
  302   2 sigma       -.7110739823342769E+00        0.74E-04        0.15E-04
  303   1 pi          -.4393316785788621E+00        0.79E-04       -0.54E-05
  303   2 sigma       -.7110012705051827E+00        0.73E-04        0.14E-04
  304   1 pi          -.4392535022062769E+00        0.78E-04       -0.53E-05
  304   2 sigma       -.7109295392301345E+00        0.72E-04        0.14E-04
  305   1 pi          -.4391763596415355E+00        0.77E-04       -0.53E-05
  305   2 sigma       -.7108587752379631E+00        0.71E-04        0.14E-04
  306   1 pi          -.4391002371954023E+00        0.76E-04       -0.52E-05
  306   2 sigma       -.7107889654368393E+00        0.70E-04        0.14E-04
  307   1 pi          -.4390251213588190E+00        0.75E-04       -0.51E-05
  307   2 sigma       -.7107200969133438E+00        0.69E-04        0.14E-04
  308   1 pi          -.4389509988023397E+00        0.74E-04       -0.51E-05
  308   2 sigma       -.7106521569308706E+00        0.68E-04        0.14E-04
  309   1 pi          -.4388778563745133E+00        0.73E-04       -0.50E-05
  309   2 sigma       -.7105851329279207E+00        0.67E-04        0.13E-04
  310   1 pi          -.4388056811005878E+00        0.72E-04       -0.49E-05
  310   2 sigma       -.7105190125152769E+00        0.66E-04        0.13E-04
  311   1 pi          -.4387344601795529E+00        0.71E-04       -0.49E-05
  311   2 sigma       -.7104537834741174E+00        0.65E-04        0.13E-04
 ... multipole moment expansion coefficients recalculated ...
  312   1 pi          -.4386641809816161E+00        0.70E-04       -0.48E-05
  312   2 sigma       -.7103894337531127E+00        0.64E-04        0.13E-04
  313   1 pi          -.4385948310458461E+00        0.69E-04       -0.48E-05
  313   2 sigma       -.7103259514655620E+00        0.63E-04        0.13E-04
  314   1 pi          -.4385263980762364E+00        0.68E-04       -0.47E-05
  314   2 sigma       -.7102633248869576E+00        0.63E-04        0.13E-04
  315   1 pi          -.4384588699389087E+00        0.68E-04       -0.46E-05
  315   2 sigma       -.7102015424504793E+00        0.62E-04        0.12E-04
  316   1 pi          -.4383922346572473E+00        0.67E-04       -0.46E-05
  316   2 sigma       -.7101405927443394E+00        0.61E-04        0.12E-04
  317   1 pi          -.4383264804108635E+00        0.66E-04       -0.45E-05
  317   2 sigma       -.7100804645104231E+00        0.60E-04        0.12E-04
  318   1 pi          -.4382615955346112E+00        0.65E-04       -0.45E-05
  318   2 sigma       -.7100211466437889E+00        0.59E-04        0.12E-04
  319   1 pi          -.4381975685182988E+00        0.64E-04       -0.44E-05
  319   2 sigma       -.7099626281912226E+00        0.59E-04        0.12E-04
  320   1 pi          -.4381343880056829E+00        0.63E-04       -0.43E-05
  320   2 sigma       -.7099048983494232E+00        0.58E-04        0.12E-04
 ... writing functions to disk (current precision) ...
 total energy:    -0.3771177914360602E+02
  321   1 pi          -.4380720427928160E+00        0.62E-04       -0.43E-05
  321   2 sigma       -.7098479464632361E+00        0.57E-04        0.12E-04
  322   1 pi          -.4380105218256833E+00        0.62E-04       -0.42E-05
  322   2 sigma       -.7097917620236851E+00        0.56E-04        0.11E-04
 ... multipole moment expansion coefficients recalculated ...
  323   1 pi          -.4379498141984133E+00        0.61E-04       -0.42E-05
  323   2 sigma       -.7097363346651631E+00        0.55E-04        0.11E-04
  324   1 pi          -.4378899091503818E+00        0.60E-04       -0.41E-05
  324   2 sigma       -.7096816541637638E+00        0.55E-04        0.11E-04
  325   1 pi          -.4378307960639236E+00        0.59E-04       -0.41E-05
  325   2 sigma       -.7096277104345359E+00        0.54E-04        0.11E-04
  326   1 pi          -.4377724644607692E+00        0.58E-04       -0.40E-05
  326   2 sigma       -.7095744935279642E+00        0.53E-04        0.11E-04
  327   1 pi          -.4377149039989412E+00        0.58E-04       -0.40E-05
  327   2 sigma       -.7095219936275159E+00        0.52E-04        0.11E-04
  328   1 pi          -.4376581044710108E+00        0.57E-04       -0.39E-05
  328   2 sigma       -.7094702010486937E+00        0.52E-04        0.11E-04
  329   1 pi          -.4376020558036884E+00        0.56E-04       -0.39E-05
  329   2 sigma       -.7094191062382547E+00        0.51E-04        0.10E-04
  330   1 pi          -.4375467480573922E+00        0.55E-04       -0.38E-05
  330   2 sigma       -.7093686997733730E+00        0.50E-04        0.10E-04
  331   1 pi          -.4374921714255597E+00        0.55E-04       -0.38E-05
  331   2 sigma       -.7093189723598803E+00        0.50E-04        0.10E-04
  332   1 pi          -.4374383162330631E+00        0.54E-04       -0.37E-05
  332   2 sigma       -.7092699148309825E+00        0.49E-04        0.10E-04
  333   1 pi          -.4373851729341753E+00        0.53E-04       -0.37E-05
  333   2 sigma       -.7092215181451147E+00        0.48E-04        0.10E-04
 ... multipole moment expansion coefficients recalculated ...
  334   1 pi          -.4373327321110700E+00        0.52E-04       -0.36E-05
  334   2 sigma       -.7091737733839945E+00        0.48E-04        0.99E-05
  335   1 pi          -.4372809844714460E+00        0.52E-04       -0.36E-05
  335   2 sigma       -.7091266717511493E+00        0.47E-04        0.97E-05
  336   1 pi          -.4372299208460810E+00        0.51E-04       -0.35E-05
  336   2 sigma       -.7090802045692035E+00        0.46E-04        0.96E-05
  337   1 pi          -.4371795321865499E+00        0.50E-04       -0.35E-05
  337   2 sigma       -.7090343632772003E+00        0.46E-04        0.95E-05
  338   1 pi          -.4371298095618799E+00        0.50E-04       -0.35E-05
  338   2 sigma       -.7089891394284344E+00        0.45E-04        0.94E-05
  339   1 pi          -.4370807441572584E+00        0.49E-04       -0.34E-05
  339   2 sigma       -.7089445246895312E+00        0.45E-04        0.93E-05
  340   1 pi          -.4370323272736827E+00        0.48E-04       -0.34E-05
  340   2 sigma       -.7089005108400848E+00        0.44E-04        0.92E-05
 ... writing functions to disk (current precision) ...
 total energy:    -0.3770652373489305E+02
  341   1 pi          -.4369845503278986E+00        0.48E-04       -0.33E-05
  341   2 sigma       -.7088570897712794E+00        0.43E-04        0.91E-05
  342   1 pi          -.4369374048509345E+00        0.47E-04       -0.33E-05
  342   2 sigma       -.7088142534853890E+00        0.43E-04        0.90E-05
  343   1 pi          -.4368908824876270E+00        0.47E-04       -0.32E-05
  343   2 sigma       -.7087719940935124E+00        0.42E-04        0.88E-05
  344   1 pi          -.4368449749946919E+00        0.46E-04       -0.32E-05
  344   2 sigma       -.7087303038147779E+00        0.42E-04        0.87E-05
 ... multipole moment expansion coefficients recalculated ...
  345   1 pi          -.4367996742389617E+00        0.45E-04       -0.32E-05
  345   2 sigma       -.7086891749742752E+00        0.41E-04        0.86E-05
  346   1 pi          -.4367549721957000E+00        0.45E-04       -0.31E-05
  346   2 sigma       -.7086486000015157E+00        0.41E-04        0.85E-05
  347   1 pi          -.4367108609467309E+00        0.44E-04       -0.31E-05
  347   2 sigma       -.7086085714284147E+00        0.40E-04        0.84E-05
  348   1 pi          -.4366673326779589E+00        0.44E-04       -0.30E-05
  348   2 sigma       -.7085690818870516E+00        0.39E-04        0.83E-05
  349   1 pi          -.4366243796765281E+00        0.43E-04       -0.30E-05
  349   2 sigma       -.7085301241076949E+00        0.39E-04        0.82E-05
  350   1 pi          -.4365819943301772E+00        0.42E-04       -0.30E-05
  350   2 sigma       -.7084916909178021E+00        0.38E-04        0.81E-05
  351   1 pi          -.4365401691266109E+00        0.42E-04       -0.29E-05
  351   2 sigma       -.7084537752418814E+00        0.38E-04        0.80E-05
  352   1 pi          -.4364988966530770E+00        0.41E-04       -0.29E-05
  352   2 sigma       -.7084163701008461E+00        0.37E-04        0.79E-05
  353   1 pi          -.4364581695961594E+00        0.41E-04       -0.28E-05
  353   2 sigma       -.7083794686106004E+00        0.37E-04        0.78E-05
  354   1 pi          -.4364179807403032E+00        0.40E-04       -0.28E-05
  354   2 sigma       -.7083430639806449E+00        0.36E-04        0.77E-05
  355   1 pi          -.4363783229666116E+00        0.40E-04       -0.28E-05
  355   2 sigma       -.7083071495136530E+00        0.36E-04        0.76E-05
 ... multipole moment expansion coefficients recalculated ...
  356   1 pi          -.4363391892511954E+00        0.39E-04       -0.27E-05
  356   2 sigma       -.7082717186031653E+00        0.35E-04        0.75E-05
  357   1 pi          -.4363005726639306E+00        0.39E-04       -0.27E-05
  357   2 sigma       -.7082367647324967E+00        0.35E-04        0.75E-05
  358   1 pi          -.4362624663666690E+00        0.38E-04       -0.27E-05
  358   2 sigma       -.7082022814729796E+00        0.34E-04        0.74E-05
  359   1 pi          -.4362248636110890E+00        0.38E-04       -0.26E-05
  359   2 sigma       -.7081682624821686E+00        0.34E-04        0.73E-05
  360   1 pi          -.4361877577362745E+00        0.37E-04       -0.26E-05
  360   2 sigma       -.7081347015018831E+00        0.34E-04        0.72E-05
 ... writing functions to disk (current precision) ...
 total energy:    -0.3770246596078331E+02
  361   1 pi          -.4361511421681818E+00        0.37E-04       -0.26E-05
  361   2 sigma       -.7081015923577456E+00        0.33E-04        0.71E-05
  362   1 pi          -.4361150104190439E+00        0.36E-04       -0.25E-05
  362   2 sigma       -.7080689289586752E+00        0.33E-04        0.70E-05
  363   1 pi          -.4360793560873479E+00        0.36E-04       -0.25E-05
  363   2 sigma       -.7080367052963612E+00        0.32E-04        0.69E-05
  364   1 pi          -.4360441728570370E+00        0.35E-04       -0.25E-05
  364   2 sigma       -.7080049154441990E+00        0.32E-04        0.68E-05
  365   1 pi          -.4360094544966238E+00        0.35E-04       -0.24E-05
  365   2 sigma       -.7079735535565299E+00        0.31E-04        0.68E-05
  366   1 pi          -.4359751948580417E+00        0.34E-04       -0.24E-05
  366   2 sigma       -.7079426138671718E+00        0.31E-04        0.67E-05
 ... multipole moment expansion coefficients recalculated ...
  367   1 pi          -.4359413878753839E+00        0.34E-04       -0.24E-05
  367   2 sigma       -.7079120906884762E+00        0.31E-04        0.66E-05
  368   1 pi          -.4359080275635674E+00        0.33E-04       -0.23E-05
  368   2 sigma       -.7078819784097998E+00        0.30E-04        0.65E-05
  369   1 pi          -.4358751080170924E+00        0.33E-04       -0.23E-05
  369   2 sigma       -.7078522714966144E+00        0.30E-04        0.64E-05
  370   1 pi          -.4358426234077841E+00        0.32E-04       -0.23E-05
  370   2 sigma       -.7078229644880429E+00        0.29E-04        0.64E-05
  371   1 pi          -.4358105679831730E+00        0.32E-04       -0.23E-05
  371   2 sigma       -.7077940519958723E+00        0.29E-04        0.63E-05
  372   1 pi          -.4357789360657809E+00        0.32E-04       -0.22E-05
  372   2 sigma       -.7077655287038547E+00        0.29E-04        0.62E-05
  373   1 pi          -.4357477220526143E+00        0.31E-04       -0.22E-05
  373   2 sigma       -.7077373893677379E+00        0.28E-04        0.61E-05
  374   1 pi          -.4357169204149951E+00        0.31E-04       -0.22E-05
  374   2 sigma       -.7077096288141904E+00        0.28E-04        0.61E-05
  375   1 pi          -.4356865256982694E+00        0.30E-04       -0.21E-05
  375   2 sigma       -.7076822419400735E+00        0.27E-04        0.60E-05
  376   1 pi          -.4356565325205612E+00        0.30E-04       -0.21E-05
  376   2 sigma       -.7076552237121385E+00        0.27E-04        0.59E-05
  377   1 pi          -.4356269355722691E+00        0.30E-04       -0.21E-05
  377   2 sigma       -.7076285691654167E+00        0.27E-04        0.58E-05
 ... multipole moment expansion coefficients recalculated ...
  378   1 pi          -.4355977296146967E+00        0.29E-04       -0.21E-05
  378   2 sigma       -.7076022734023502E+00        0.26E-04        0.58E-05
  379   1 pi          -.4355689094787984E+00        0.29E-04       -0.20E-05
  379   2 sigma       -.7075763315919383E+00        0.26E-04        0.57E-05
  380   1 pi          -.4355404700642649E+00        0.28E-04       -0.20E-05
  380   2 sigma       -.7075507389682105E+00        0.26E-04        0.56E-05
 ... writing functions to disk (current precision) ...
 total energy:    -0.3769933258516654E+02
  381   1 pi          -.4355124063376419E+00        0.28E-04       -0.20E-05
  381   2 sigma       -.7075254908290511E+00        0.25E-04        0.56E-05
  382   1 pi          -.4354847133310029E+00        0.28E-04       -0.20E-05
  382   2 sigma       -.7075005825345282E+00        0.25E-04        0.55E-05
  383   1 pi          -.4354573861408477E+00        0.27E-04       -0.19E-05
  383   2 sigma       -.7074760095068675E+00        0.25E-04        0.54E-05
  384   1 pi          -.4354304199282013E+00        0.27E-04       -0.19E-05
  384   2 sigma       -.7074517672299376E+00        0.24E-04        0.54E-05
  385   1 pi          -.4354038099181987E+00        0.27E-04       -0.19E-05
  385   2 sigma       -.7074278512488066E+00        0.24E-04        0.53E-05
  386   1 pi          -.4353775513998817E+00        0.26E-04       -0.19E-05
  386   2 sigma       -.7074042571690993E+00        0.24E-04        0.52E-05
  387   1 pi          -.4353516397253010E+00        0.26E-04       -0.18E-05
  387   2 sigma       -.7073809806562306E+00        0.23E-04        0.52E-05
  388   1 pi          -.4353260703086699E+00        0.26E-04       -0.18E-05
  388   2 sigma       -.7073580174346374E+00        0.23E-04        0.51E-05
 ... multipole moment expansion coefficients recalculated ...
  389   1 pi          -.4353008386255119E+00        0.25E-04       -0.18E-05
  389   2 sigma       -.7073353632865902E+00        0.23E-04        0.50E-05
  390   1 pi          -.4352759402116018E+00        0.25E-04       -0.18E-05
  390   2 sigma       -.7073130140516959E+00        0.22E-04        0.50E-05
  391   1 pi          -.4352513706619519E+00        0.25E-04       -0.17E-05
  391   2 sigma       -.7072909656257584E+00        0.22E-04        0.49E-05
  392   1 pi          -.4352271256295546E+00        0.24E-04       -0.17E-05
  392   2 sigma       -.7072692139590755E+00        0.22E-04        0.49E-05
  393   1 pi          -.4352032008234028E+00        0.24E-04       -0.17E-05
  393   2 sigma       -.7072477550558092E+00        0.21E-04        0.48E-05
  394   1 pi          -.4351795920087569E+00        0.24E-04       -0.17E-05
  394   2 sigma       -.7072265849736730E+00        0.21E-04        0.47E-05
  395   1 pi          -.4351562950062267E+00        0.23E-04       -0.17E-05
  395   2 sigma       -.7072056998230232E+00        0.21E-04        0.47E-05
  396   1 pi          -.4351333056921782E+00        0.23E-04       -0.16E-05
  396   2 sigma       -.7071850957671475E+00        0.21E-04        0.46E-05
  397   1 pi          -.4351106199976456E+00        0.23E-04       -0.16E-05
  397   2 sigma       -.7071647690214879E+00        0.20E-04        0.46E-05
  398   1 pi          -.4350882339083357E+00        0.22E-04       -0.16E-05
  398   2 sigma       -.7071447158528597E+00        0.20E-04        0.45E-05
  399   1 pi          -.4350661434636063E+00        0.22E-04       -0.16E-05
  399   2 sigma       -.7071249325789717E+00        0.20E-04        0.45E-05
 ... multipole moment expansion coefficients recalculated ...
  400   1 pi          -.4350443447559327E+00        0.22E-04       -0.16E-05
  400   2 sigma       -.7071054155671743E+00        0.20E-04        0.44E-05
           
 ... scf iteration limit reached ... 
 ... writing functions to disk (current precision) ...

 total energy:                 -0.3769691279864747E+02
 total electronic energy:      -0.3769691279864747E+02
 virial ratio:                 -0.2000166851670199E+01

 total energy contributions: 
     nuclear-electron attraction energy =     -88.140292162544
     kinetic energy                     =      37.690624055069
     one electron energy                =     -50.449668107474
     coulomb energy                     =      13.186794571425
     exchange energy                    =      -0.434039262595
     coulomb energy (DFT)               =      17.816831533965
     exchange energy (DFT)              =      -5.064076225135
     correlation energy (DFT)           =       0.000000000000

       orbital               energy                     1-norm
   1 pi             -0.4350443447559327E+00           -0.16E-05
   2 sigma          -0.7071054155671743E+00            0.44E-05
   1 sigma          -0.1132595653427277E+02           -0.14E-05


 total energy uncertainty due to orbital norms not being equal 1:
     absolute = +/-0.29E-04,  relative = +/-0.78E-04%

 multipole moments relative to geometrical centre:

                                    electronic (au/Debye-Ang^k)   total (au/Debye-Ang^k)
     dipole (Mu_z, k=1)                0.7156600166643226E+01     -0.1399833356775737E-02
                                       0.1819039582256792E+02     -0.3558047432085081E-02

     quadrupole (Theta_zz, k=2)       -0.6997560928361507E+01      0.1541933071638498E+01
                                      -0.9412028812945520E+01      0.2073968150684372E+01

     octopole (Omega_zzz, k=3)         0.4676127448735816E+01     -0.5511488893264191E+01
                                       0.3328312247162234E+01     -0.3922894785194338E+01

     hexadecapole (Phi_zzzz, k=4)      0.9864984107666315E+00      0.1314032470677264E+02
                                       0.3715654101917656E+00      0.4949313740840868E+01


 multipole moments relative to centre of mass:

      centre     atomic weight       z
        C        12.00000000      -1.1930
                  0.00000000       1.1930
  centre-of-mass                  -1.1930


                                    electronic (au/Debye-Ang^k)   total (au/Debye-Ang^k)
     dipole (Mu_z, k=1)               -0.1380996355155174E-02     -0.1380996355155174E-02
                                      -0.3510168200660991E-02     -0.3510168200660991E-02

     quadrupole (Theta_zz, k=2)        0.1538615886787378E+01      0.1538615886787378E+01
                                       0.2069506390405863E+01      0.2069506390405863E+01

     octopole (Omega_zzz, k=3)         0.1098533029728040E-02      0.1098533029728040E-02
                                       0.7818993337627129E-03      0.7818993337627129E-03

     hexadecapole (Phi_zzzz, k=4)     -0.2683993302288498E-02     -0.2683993302288498E-02
                                      -0.1010928209749236E-02     -0.1010928209749236E-02

////////////////////////////////////////////////////////////////////////////////////////////////

 cpu summary (sec):
    Lagrange multipliers                       3.45
    normalization+orthogonalization            0.48
    multipole moments                          1.31
    relaxation of orb. and pot.               48.02
    total energy                               0.33
    all SCF iterations                        53.26
    single SCF iteration                       0.13


 start: 2011/05/05  22:55:32.21 
 stop:  2011/05/05  22:56:26.81 

////////////////////////////////////////////////////////////////////////////////////////////////

Linux wieslaw16.fizyka.umk.pl 2.6.18-prep x86_64 x86_64 GNU/Linux
 Quad-Core AMD Opteron(tm) Processor 8380

////////////////////////////////////////////////////////////////////////////////////////////////
