
////////////////////////////////////////////////////////////////////////////////////////////////



                         FINITE DIFFERENCE 2D HARTREE-FOCK  (version 2.0)



////////////////////////////////////////////////////////////////////////////////////////////////

   ... start of input data ...
  title C 1D (m=+/-2)    R = 2.0                                                  
  method hf                                                                       
  nuclei  6.0  0.0  2.0                                                           
  config  0                                                                       
  1 pi + -                                                                        
                    0
  1 sigma                                                                         
                    0
  1 sigma   end                                                                   
                    0
  grid 169 30.0                                                                   
  orbpot hydrogen                                                                 
  lcao                                                                            
  1.0   2 1 5.0     0.0   1 0 9.0   0                                             
  1.0   2 0 6.0     0.0   1 0 9.0   0                                             
  1.0   1 0 6.0     0.0   1 0 9.0   0                                             
  scf 400 20 12 12                                                                
  omega                                                                           
  1.90                                                                            
  -1.87                                                                           
  stop                                                                            
   ... end of input data  ...
         

   molecular system: 

          C ( 6.00)      ( 0.00)   R =  2.00000 bohr = 1.05835 angstroms

   method: HF

   electronic configuration:

           1  pi         + -     
           2  sigma      + - 
           1  sigma      + - 


          total charge            =   0
          number of
              electrons           =   6
              orbitals            =   3
              Coulomb potentials  =   3
              exchange potentials =   4

   LCAO via hydrogenic functions:

           orbital           n1 l1   Z1    c1       n2 l2   Z2    c2 

           1  pi              2  1  5.00  1.00       1  0  9.00  0.00
           2  sigma           2  0  6.00  1.00       1  0  9.00  0.00
           1  sigma           1  0  6.00  1.00       1  0  9.00  0.00

   grid:
          nu (h_nu)  =  169  (0.01870)
          mu (h_mu)  =  217  (0.01895)
          R_infinity =   30.00

   scf: 
          thresholds
              scf iterations           =    400
              orbital energy           = 1.00E-12
              orbital norm             = 1.00E-12
              multipole moments recalc = 1.15E+00

          orbitals are relaxed
          Coulomb potentials are relaxed
          exchange potential for each pair of orbitals is relaxed once per single scf iteration

          multipole expansion coefficients =  4

   (mc)sor:
          sor method used for relaxing orbitals and potentials
          ordering: middle 

                            (mc)sor iterations
                            orbital  potentials
             1 pi              10        10
             2 sigma           10        10
             1 sigma           10        10

          overrelaxation parameters:   orbitals       potentials 
                                        1.900       1.976   1.976

   machine accuracy      =    0.11E-15

   constants: 
               pi        =    0.3141592653589793E+01
               bohr      =    0.5291772490000000E+00 angstroms


   memory usage:
          text+data                                      0.9 MB 
          bss (common block contributions)              97.1 MB
          dynamical allocation                          13.8 MB 
              orbitals + Coulomb potentials              1.7 MB
              exchange potentials                        1.1 MB

////////////////////////////////////////////////////////////////////////////////////////////////

 ... initializing orbitals from hydrogenic functions ...
 ... initializing Coulomb potentials ...
 ... initializing exchange potentials ...
 ... initializing multipole moment coefficients ...
 ... initializing Lagrange multipliers ...

 total energy:                 -0.4573681612027045E+02
 total electronic energy:      -0.4573681612027045E+02
 virial ratio:                 -0.1892425680176285E+01

   scf  orbital              energy              energy diff        1-norm         overlap
    1   1 sigma       -.1207881693528606E+02        0.60E+00        0.78E-01
    1   1 pi          -.1457798737688378E+01       -0.50E+00       -0.20E+00
    2   1 sigma       -.1110537487576469E+02        0.97E+00        0.38E-01
    2   1 pi          -.1597737261068637E+01       -0.14E+00       -0.79E-01
 ... multipole moment expansion coefficients recalculated ...
    3   1 sigma       -.1049206308010328E+02        0.61E+00        0.46E-02
    3   2 sigma       -.2384794093793110E+01        0.45E+00        0.33E-01
 ... multipole moment expansion coefficients recalculated ...
    4   2 sigma       -.1934316290481854E+01        0.45E+00       -0.18E-01
    4   2 sigma       -.1934316290481854E+01        0.45E+00       -0.18E-01
 ... multipole moment expansion coefficients recalculated ...
    5   2 sigma       -.1584300216384563E+01        0.35E+00       -0.66E-01
    5   2 sigma       -.1584300216384563E+01        0.35E+00       -0.66E-01
 ... multipole moment expansion coefficients recalculated ...
    6   2 sigma       -.1354587525097598E+01        0.23E+00       -0.95E-01
    6   2 sigma       -.1354587525097598E+01        0.23E+00       -0.95E-01
 ... multipole moment expansion coefficients recalculated ...
    7   1 pi          -.8699691052355933E+00        0.18E+00       -0.34E-01
    7   2 sigma       -.1208676040520976E+01        0.15E+00       -0.10E+00
 ... multipole moment expansion coefficients recalculated ...
    8   1 sigma       -.9991039533113351E+01       -0.17E+00       -0.16E-01
    8   2 sigma       -.1105117635458473E+01        0.10E+00       -0.93E-01
    9   1 sigma       -.1021221900353503E+02       -0.22E+00       -0.13E-01
    9   2 sigma       -.1019885240723935E+01        0.85E-01       -0.79E-01
 ... multipole moment expansion coefficients recalculated ...
   10   1 sigma       -.1044175086433357E+02       -0.23E+00       -0.11E-01
   10   2 sigma       -.9443008917796814E+00        0.76E-01       -0.63E-01
   11   1 sigma       -.1065280883987278E+02       -0.21E+00       -0.11E-01
   11   1 pi          -.5057541340626943E+00        0.47E-01       -0.61E-01
   12   1 sigma       -.1083662826649150E+02       -0.18E+00       -0.11E-01
   12   1 pi          -.4773200962115376E+00        0.28E-01       -0.56E-01
 ... multipole moment expansion coefficients recalculated ...
   13   1 sigma       -.1099355200328735E+02       -0.16E+00       -0.10E-01
   13   1 pi          -.4588333284101873E+00        0.18E-01       -0.47E-01
 ... multipole moment expansion coefficients recalculated ...
   14   1 sigma       -.1112827355541772E+02       -0.13E+00       -0.80E-02
   14   1 pi          -.4475543104521420E+00        0.11E-01       -0.36E-01
 ... multipole moment expansion coefficients recalculated ...
   15   1 sigma       -.1124317610119364E+02       -0.11E+00       -0.59E-02
   15   1 pi          -.4411033793442765E+00        0.65E-02       -0.23E-01
 ... multipole moment expansion coefficients recalculated ...
   16   1 sigma       -.1133812115138162E+02       -0.95E-01       -0.43E-02
   16   1 pi          -.4376721531717735E+00        0.34E-02       -0.95E-02
 ... multipole moment expansion coefficients recalculated ...
   17   1 sigma       -.1141145431205027E+02       -0.73E-01       -0.33E-02
   17   2 sigma       -.7281771343072538E+00       -0.43E-02        0.93E-02
 ... multipole moment expansion coefficients recalculated ...
   18   1 sigma       -.1146280383432080E+02       -0.51E-01       -0.27E-02
   18   2 sigma       -.7390584273059608E+00       -0.11E-01        0.13E-01
 ... multipole moment expansion coefficients recalculated ...
   19   1 sigma       -.1149294953874089E+02       -0.30E-01       -0.21E-02
   19   1 pi          -.4462471845656211E+00       -0.64E-02        0.16E-01
 ... multipole moment expansion coefficients recalculated ...
   20   2 sigma       -.7715950855798566E+00       -0.17E-01        0.10E-01
   20   1 pi          -.4525259986657550E+00       -0.63E-02        0.20E-01
 ... multipole moment expansion coefficients recalculated ...
 ... writing functions to disk (current precision) ...
 total energy:    -0.3803793043663389E+02
   21   2 sigma       -.7857943778732608E+00       -0.14E-01        0.86E-02
   21   1 pi          -.4597450720469447E+00       -0.72E-02        0.20E-01
 ... multipole moment expansion coefficients recalculated ...
   22   1 sigma       -.1148220536455618E+02        0.17E-01       -0.60E-03
   22   1 pi          -.4663991893893877E+00       -0.67E-02        0.17E-01
 ... multipole moment expansion coefficients recalculated ...
   23   1 sigma       -.1145758471158528E+02        0.25E-01       -0.26E-03
   23   1 pi          -.4705232449257175E+00       -0.41E-02        0.14E-01
 ... multipole moment expansion coefficients recalculated ...
   24   1 sigma       -.1142909414875194E+02        0.28E-01       -0.15E-04
   24   1 pi          -.4722034107602542E+00       -0.17E-02        0.10E-01
 ... multipole moment expansion coefficients recalculated ...
   25   1 sigma       -.1140024955496021E+02        0.29E-01        0.15E-03
   25   1 pi          -.4689761841865283E+00        0.32E-02        0.84E-02
   26   1 sigma       -.1137435150601726E+02        0.26E-01        0.19E-03
   26   1 pi          -.4639251918999618E+00        0.51E-02        0.52E-02
   27   1 sigma       -.1135233814644818E+02        0.22E-01        0.22E-03
   27   1 pi          -.4568091809042585E+00        0.71E-02        0.30E-02
 ... multipole moment expansion coefficients recalculated ...
   28   1 sigma       -.1133512794382519E+02        0.17E-01        0.20E-03
   28   2 sigma       -.7860667643466157E+00        0.83E-02       -0.16E-02
 ... multipole moment expansion coefficients recalculated ...
   29   1 sigma       -.1132313352450326E+02        0.12E-01        0.13E-03
   29   2 sigma       -.7770053617870887E+00        0.91E-02       -0.18E-02
 ... multipole moment expansion coefficients recalculated ...
   30   2 sigma       -.7679178547668064E+00        0.91E-02       -0.19E-02
   30   2 sigma       -.7679178547668064E+00        0.91E-02       -0.19E-02
 ... multipole moment expansion coefficients recalculated ...
   31   2 sigma       -.7594511734502882E+00        0.85E-02       -0.17E-02
   31   2 sigma       -.7594511734502882E+00        0.85E-02       -0.17E-02
   32   2 sigma       -.7521637292503098E+00        0.73E-02       -0.16E-02
   32   2 sigma       -.7521637292503098E+00        0.73E-02       -0.16E-02
 ... multipole moment expansion coefficients recalculated ...
   33   2 sigma       -.7458480248001318E+00        0.63E-02       -0.12E-02
   33   2 sigma       -.7458480248001318E+00        0.63E-02       -0.12E-02
 ... multipole moment expansion coefficients recalculated ...
   34   2 sigma       -.7408503915343374E+00        0.50E-02       -0.11E-02
   34   2 sigma       -.7408503915343374E+00        0.50E-02       -0.11E-02
 ... multipole moment expansion coefficients recalculated ...
   35   1 sigma       -.1132552926554794E+02       -0.50E-02       -0.24E-03
   35   1 pi          -.4038119847329562E+00        0.34E-02       -0.90E-03
   36   1 sigma       -.1133076685835529E+02       -0.52E-02       -0.27E-03
   36   2 sigma       -.7341186785476532E+00        0.28E-02       -0.70E-03
   37   1 sigma       -.1133583675103219E+02       -0.51E-02       -0.28E-03
   37   2 sigma       -.7320501899838292E+00        0.21E-02       -0.55E-03
   38   1 sigma       -.1134042104220748E+02       -0.46E-02       -0.28E-03
   38   2 sigma       -.7305801982171460E+00        0.15E-02       -0.41E-03
   39   1 sigma       -.1134431709832436E+02       -0.39E-02       -0.27E-03
   39   2 sigma       -.7296351158370094E+00        0.95E-03       -0.29E-03
 ... multipole moment expansion coefficients recalculated ...
   40   1 sigma       -.1134742665791861E+02       -0.31E-02       -0.25E-03
   40   1 sigma       -.1134742665791861E+02       -0.31E-02       -0.25E-03
 ... multipole moment expansion coefficients recalculated ...
 ... writing functions to disk (current precision) ...
 total energy:    -0.3772515726333296E+02
   41   1 sigma       -.1134972050062235E+02       -0.23E-02       -0.22E-03
   41   1 pi          -.3951683970219793E+00        0.70E-03        0.34E-03
 ... multipole moment expansion coefficients recalculated ...
   42   1 sigma       -.1135125556230225E+02       -0.15E-02       -0.19E-03
   42   1 pi          -.3945507500126961E+00        0.62E-03        0.43E-03
 ... multipole moment expansion coefficients recalculated ...
   43   1 sigma       -.1135215435008012E+02       -0.90E-03       -0.17E-03
   43   1 pi          -.3939516965458627E+00        0.60E-03        0.47E-03
 ... multipole moment expansion coefficients recalculated ...
   44   1 pi          -.3933681148882688E+00        0.58E-03        0.46E-03
   44   1 pi          -.3933681148882688E+00        0.58E-03        0.46E-03
 ... multipole moment expansion coefficients recalculated ...
   45   1 pi          -.3927467610503261E+00        0.62E-03        0.45E-03
   45   1 pi          -.3927467610503261E+00        0.62E-03        0.45E-03
   46   1 pi          -.3921130679185709E+00        0.63E-03        0.40E-03
   46   1 pi          -.3921130679185709E+00        0.63E-03        0.40E-03
   47   1 pi          -.3914142876829425E+00        0.70E-03        0.37E-03
   47   1 pi          -.3914142876829425E+00        0.70E-03        0.37E-03
 ... multipole moment expansion coefficients recalculated ...
   48   1 pi          -.3906507461210533E+00        0.76E-03        0.34E-03
   48   1 pi          -.3906507461210533E+00        0.76E-03        0.34E-03
   49   1 pi          -.3898797020394023E+00        0.77E-03        0.29E-03
   49   1 pi          -.3898797020394023E+00        0.77E-03        0.29E-03
   50   1 pi          -.3891555587024063E+00        0.72E-03        0.22E-03
   50   1 pi          -.3891555587024063E+00        0.72E-03        0.22E-03
   51   1 pi          -.3884506843004667E+00        0.70E-03        0.17E-03
   51   1 pi          -.3884506843004667E+00        0.70E-03        0.17E-03
   52   1 pi          -.3877876944219114E+00        0.66E-03        0.13E-03
   52   1 pi          -.3877876944219114E+00        0.66E-03        0.13E-03
   53   1 pi          -.3871762916726786E+00        0.61E-03        0.88E-04
   53   1 pi          -.3871762916726786E+00        0.61E-03        0.88E-04
   54   1 pi          -.3866191901482372E+00        0.56E-03        0.57E-04
   54   1 pi          -.3866191901482372E+00        0.56E-03        0.57E-04
 ... multipole moment expansion coefficients recalculated ...
   55   1 pi          -.3861197063959310E+00        0.50E-03        0.34E-04
   55   2 sigma       -.7222253356839690E+00        0.46E-03       -0.44E-04
   56   1 pi          -.3856752895744275E+00        0.44E-03        0.18E-04
   56   2 sigma       -.7218193957535859E+00        0.41E-03       -0.44E-04
 ... multipole moment expansion coefficients recalculated ...
   57   1 pi          -.3852830226073136E+00        0.39E-03        0.84E-05
   57   2 sigma       -.7214635669448253E+00        0.36E-03       -0.41E-04
   58   1 pi          -.3849393958353433E+00        0.34E-03        0.35E-05
   58   2 sigma       -.7211551292403593E+00        0.31E-03       -0.37E-04
 ... multipole moment expansion coefficients recalculated ...
   59   1 pi          -.3846379133339162E+00        0.30E-03        0.24E-05
   59   2 sigma       -.7208915563376728E+00        0.26E-03       -0.33E-04
   60   1 pi          -.3843737261393176E+00        0.26E-03        0.39E-05
   60   2 sigma       -.7206649353685495E+00        0.23E-03       -0.28E-04
 ... multipole moment expansion coefficients recalculated ...
 ... writing functions to disk (current precision) ...
 total energy:    -0.3764920759195568E+02
   61   1 pi          -.3841427040282799E+00        0.23E-03        0.61E-05
   61   1 sigma       -.1135023659825029E+02       -0.19E-03       -0.26E-04
   62   1 pi          -.3839384954254172E+00        0.20E-03        0.95E-05
   62   1 sigma       -.1135041226581636E+02       -0.18E-03       -0.25E-04
 ... multipole moment expansion coefficients recalculated ...
   63   1 pi          -.3837567769891739E+00        0.18E-03        0.13E-04
   63   1 sigma       -.1135056786594563E+02       -0.16E-03       -0.23E-04
   64   1 pi          -.3835939698665762E+00        0.16E-03        0.16E-04
   64   1 sigma       -.1135070090279470E+02       -0.13E-03       -0.21E-04
 ... multipole moment expansion coefficients recalculated ...
   65   1 pi          -.3834459978513802E+00        0.15E-03        0.18E-04
   65   1 sigma       -.1135081166108817E+02       -0.11E-03       -0.19E-04
   66   1 pi          -.3833105007375055E+00        0.14E-03        0.20E-04
   66   1 pi          -.3833105007375055E+00        0.14E-03        0.20E-04
 ... multipole moment expansion coefficients recalculated ...
   67   1 pi          -.3831852650576062E+00        0.13E-03        0.21E-04
   67   1 pi          -.3831852650576062E+00        0.13E-03        0.21E-04
   68   1 pi          -.3830687432222311E+00        0.12E-03        0.21E-04
   68   1 pi          -.3830687432222311E+00        0.12E-03        0.21E-04
 ... multipole moment expansion coefficients recalculated ...
   69   1 pi          -.3829598183825911E+00        0.11E-03        0.20E-04
   69   1 pi          -.3829598183825911E+00        0.11E-03        0.20E-04
   70   1 pi          -.3828579433489345E+00        0.10E-03        0.19E-04
   70   1 pi          -.3828579433489345E+00        0.10E-03        0.19E-04
   71   1 pi          -.3827627856265781E+00        0.95E-04        0.17E-04
   71   1 pi          -.3827627856265781E+00        0.95E-04        0.17E-04
 ... multipole moment expansion coefficients recalculated ...
   72   1 pi          -.3826739421055714E+00        0.89E-04        0.15E-04
   72   1 pi          -.3826739421055714E+00        0.89E-04        0.15E-04
   73   1 pi          -.3825911195336733E+00        0.83E-04        0.13E-04
   73   1 pi          -.3825911195336733E+00        0.83E-04        0.13E-04
   74   1 pi          -.3825141907605785E+00        0.77E-04        0.11E-04
   74   1 pi          -.3825141907605785E+00        0.77E-04        0.11E-04
 ... multipole moment expansion coefficients recalculated ...
   75   1 pi          -.3824430146436404E+00        0.71E-04        0.87E-05
   75   1 pi          -.3824430146436404E+00        0.71E-04        0.87E-05
   76   1 pi          -.3823773807941682E+00        0.66E-04        0.71E-05
   76   1 pi          -.3823773807941682E+00        0.66E-04        0.71E-05
 ... multipole moment expansion coefficients recalculated ...
   77   1 pi          -.3823171539739652E+00        0.60E-04        0.56E-05
   77   1 sigma       -.1135119531621638E+02       -0.15E-04       -0.59E-05
   78   1 pi          -.3822620782368173E+00        0.55E-04        0.44E-05
   78   1 sigma       -.1135121199332926E+02       -0.17E-04       -0.54E-05
 ... multipole moment expansion coefficients recalculated ...
   79   1 pi          -.3822118012502602E+00        0.50E-04        0.35E-05
   79   1 sigma       -.1135122969722499E+02       -0.18E-04       -0.50E-05
   80   1 pi          -.3821661185583607E+00        0.46E-04        0.27E-05
   80   1 sigma       -.1135124781448464E+02       -0.18E-04       -0.46E-05
 ... multipole moment expansion coefficients recalculated ...
 ... writing functions to disk (current precision) ...
 total energy:    -0.3763479346349012E+02
   81   1 pi          -.3821246593816472E+00        0.41E-04        0.22E-05
   81   2 sigma       -.7189714107965344E+00        0.30E-04        0.44E-05
   82   1 pi          -.3820870658966271E+00        0.38E-04        0.18E-05
   82   2 sigma       -.7189445003324035E+00        0.27E-04        0.44E-05
 ... multipole moment expansion coefficients recalculated ...
   83   1 pi          -.3820529880513570E+00        0.34E-04        0.15E-05
   83   2 sigma       -.7189204636620627E+00        0.24E-04        0.44E-05
   84   1 pi          -.3820220810217396E+00        0.31E-04        0.13E-05
   84   2 sigma       -.7188990091394176E+00        0.21E-04        0.45E-05
 ... multipole moment expansion coefficients recalculated ...
   85   1 pi          -.3819940212587771E+00        0.28E-04        0.11E-05
   85   2 sigma       -.7188798624545081E+00        0.19E-04        0.45E-05
   86   1 pi          -.3819684959757055E+00        0.26E-04        0.11E-05
   86   2 sigma       -.7188627479203804E+00        0.17E-04        0.45E-05
 ... multipole moment expansion coefficients recalculated ...
   87   1 pi          -.3819452347185979E+00        0.23E-04        0.10E-05
   87   2 sigma       -.7188474066028117E+00        0.15E-04        0.45E-05
   88   1 pi          -.3819239870020144E+00        0.21E-04        0.94E-06
   88   2 sigma       -.7188336121575927E+00        0.14E-04        0.45E-05
 ... multipole moment expansion coefficients recalculated ...
   89   1 pi          -.3819045375849317E+00        0.19E-04        0.89E-06
   89   2 sigma       -.7188211725627456E+00        0.12E-04        0.44E-05
   90   1 pi          -.3818867026195925E+00        0.18E-04        0.83E-06
   90   2 sigma       -.7188099090687170E+00        0.11E-04        0.44E-05
 ... multipole moment expansion coefficients recalculated ...
   91   1 pi          -.3818703196203650E+00        0.16E-04        0.76E-06
   91   2 sigma       -.7187996881392777E+00        0.10E-04        0.43E-05
   92   1 pi          -.3818552519435188E+00        0.15E-04        0.69E-06
   92   2 sigma       -.7187903813468650E+00        0.93E-05        0.43E-05
 ... multipole moment expansion coefficients recalculated ...
   93   1 pi          -.3818413783706811E+00        0.14E-04        0.61E-06
   93   2 sigma       -.7187818949657507E+00        0.85E-05        0.42E-05
   94   1 pi          -.3818286017995094E+00        0.13E-04        0.52E-06
   94   2 sigma       -.7187741373774412E+00        0.78E-05        0.41E-05
 ... multipole moment expansion coefficients recalculated ...
   95   1 pi          -.3818168323672309E+00        0.12E-04        0.43E-06
   95   2 sigma       -.7187670490151250E+00        0.71E-05        0.40E-05
   96   1 pi          -.3818059886421756E+00        0.11E-04        0.35E-06
   96   2 sigma       -.7187605740892793E+00        0.65E-05        0.38E-05
 ... multipole moment expansion coefficients recalculated ...
   97   1 pi          -.3817960064732939E+00        0.10E-04        0.27E-06
   97   2 sigma       -.7187546462351104E+00        0.59E-05        0.37E-05
   98   1 pi          -.3817868195808121E+00        0.92E-05        0.19E-06
   98   2 sigma       -.7187492446694890E+00        0.54E-05        0.36E-05
 ... multipole moment expansion coefficients recalculated ...
   99   1 pi          -.3817783689465326E+00        0.85E-05        0.13E-06
   99   2 sigma       -.7187443180139343E+00        0.49E-05        0.35E-05
  100   1 pi          -.3817706029429115E+00        0.78E-05        0.65E-07
  100   2 sigma       -.7187398315207663E+00        0.45E-05        0.34E-05
 ... multipole moment expansion coefficients recalculated ...
 ... writing functions to disk (current precision) ...
 total energy:    -0.3763218870782315E+02
  101   1 pi          -.3817634688191802E+00        0.71E-05        0.15E-07
  101   2 sigma       -.7187357558764309E+00        0.41E-05        0.32E-05
  102   1 pi          -.3817569195841437E+00        0.65E-05       -0.28E-07
  102   2 sigma       -.7187320581550005E+00        0.37E-05        0.31E-05
 ... multipole moment expansion coefficients recalculated ...
  103   1 pi          -.3817509087245674E+00        0.60E-05       -0.63E-07
  103   2 sigma       -.7187287086790377E+00        0.33E-05        0.30E-05
  104   1 pi          -.3817453939628925E+00        0.55E-05       -0.90E-07
  104   2 sigma       -.7187256783058120E+00        0.30E-05        0.29E-05
 ... multipole moment expansion coefficients recalculated ...
  105   1 pi          -.3817403342351531E+00        0.51E-05       -0.11E-06
  105   2 sigma       -.7187229396512462E+00        0.27E-05        0.28E-05
  106   1 pi          -.3817356918859915E+00        0.46E-05       -0.13E-06
  106   2 sigma       -.7187204663909386E+00        0.25E-05        0.27E-05
 ... multipole moment expansion coefficients recalculated ...
  107   1 pi          -.3817314314250977E+00        0.43E-05       -0.14E-06
  107   2 sigma       -.7187182336440894E+00        0.22E-05        0.26E-05
  108   1 pi          -.3817275200461450E+00        0.39E-05       -0.15E-06
  108   2 sigma       -.7187162186362603E+00        0.20E-05        0.25E-05
 ... multipole moment expansion coefficients recalculated ...
  109   1 pi          -.3817239272293884E+00        0.36E-05       -0.15E-06
  109   2 sigma       -.7187143995649259E+00        0.18E-05        0.24E-05
  110   1 pi          -.3817206254709662E+00        0.33E-05       -0.15E-06
  110   2 sigma       -.7187127567699405E+00        0.16E-05        0.23E-05
 ... multipole moment expansion coefficients recalculated ...
  111   1 pi          -.3817175891169300E+00        0.30E-05       -0.16E-06
  111   2 sigma       -.7187112723396498E+00        0.15E-05        0.22E-05
  112   1 pi          -.3817147953937998E+00        0.28E-05       -0.16E-06
  112   2 sigma       -.7187099301195303E+00        0.13E-05        0.21E-05
 ... multipole moment expansion coefficients recalculated ...
  113   1 pi          -.3817122230170682E+00        0.26E-05       -0.16E-06
  113   2 sigma       -.7187087154482734E+00        0.12E-05        0.20E-05
  114   1 pi          -.3817098534218717E+00        0.24E-05       -0.15E-06
  114   2 sigma       -.7187076153602678E+00        0.11E-05        0.19E-05
 ... multipole moment expansion coefficients recalculated ...
  115   1 pi          -.3817076690799390E+00        0.22E-05       -0.15E-06
  115   2 sigma       -.7187066182926025E+00        0.10E-05        0.18E-05
  116   1 pi          -.3817056549382229E+00        0.20E-05       -0.15E-06
  116   2 sigma       -.7187057139934496E+00        0.90E-06        0.18E-05
 ... multipole moment expansion coefficients recalculated ...
  117   1 pi          -.3817037965637193E+00        0.19E-05       -0.15E-06
  117   2 sigma       -.7187048933902642E+00        0.82E-06        0.17E-05
  118   1 pi          -.3817020816844465E+00        0.17E-05       -0.15E-06
  118   2 sigma       -.7187041484226842E+00        0.74E-06        0.16E-05
 ... multipole moment expansion coefficients recalculated ...
  119   1 pi          -.3817004983747943E+00        0.16E-05       -0.14E-06
  119   2 sigma       -.7187034719403367E+00        0.68E-06        0.15E-05
  120   1 pi          -.3816990365543371E+00        0.15E-05       -0.14E-06
  120   2 sigma       -.7187028575857193E+00        0.61E-06        0.15E-05
 ... multipole moment expansion coefficients recalculated ...
 ... writing functions to disk (current precision) ...
 total energy:    -0.3763171188763055E+02
  121   1 pi          -.3816976862131023E+00        0.14E-05       -0.14E-06
  121   2 sigma       -.7187022996600048E+00        0.56E-06        0.14E-05
  122   1 pi          -.3816964389737802E+00        0.12E-05       -0.14E-06
  122   2 sigma       -.7187017929942336E+00        0.51E-06        0.13E-05
 ... multipole moment expansion coefficients recalculated ...
  123   1 pi          -.3816952863784966E+00        0.12E-05       -0.13E-06
  123   2 sigma       -.7187013329798564E+00        0.46E-06        0.13E-05
  124   1 pi          -.3816942213726495E+00        0.11E-05       -0.13E-06
  124   2 sigma       -.7187009153700545E+00        0.42E-06        0.12E-05
 ... multipole moment expansion coefficients recalculated ...
  125   1 pi          -.3816932367695998E+00        0.98E-06       -0.12E-06
  125   2 sigma       -.7187005363511347E+00        0.38E-06        0.12E-05
  126   1 pi          -.3816923265888019E+00        0.91E-06       -0.12E-06
  126   2 sigma       -.7187001923958931E+00        0.34E-06        0.11E-05
 ... multipole moment expansion coefficients recalculated ...
  127   1 pi          -.3816914847023769E+00        0.84E-06       -0.12E-06
  127   2 sigma       -.7186998803131623E+00        0.31E-06        0.11E-05
  128   1 pi          -.3816907060303492E+00        0.78E-06       -0.11E-06
  128   2 sigma       -.7186995971538224E+00        0.28E-06        0.10E-05
 ... multipole moment expansion coefficients recalculated ...
  129   1 pi          -.3816899853436149E+00        0.72E-06       -0.11E-06
  129   2 sigma       -.7186993402410620E+00        0.26E-06        0.97E-06
  130   1 pi          -.3816893183307131E+00        0.67E-06       -0.11E-06
  130   2 sigma       -.7186991071092881E+00        0.23E-06        0.92E-06
 ... multipole moment expansion coefficients recalculated ...
  131   1 pi          -.3816887005370844E+00        0.62E-06       -0.10E-06
  131   2 sigma       -.7186988955154376E+00        0.21E-06        0.88E-06
  132   1 pi          -.3816881283218270E+00        0.57E-06       -0.98E-07
  132   2 sigma       -.7186987034113330E+00        0.19E-06        0.84E-06
 ... multipole moment expansion coefficients recalculated ...
  133   1 pi          -.3816875978981495E+00        0.53E-06       -0.94E-07
  133   2 sigma       -.7186985289367112E+00        0.17E-06        0.80E-06
  134   1 pi          -.3816871062040086E+00        0.49E-06       -0.90E-07
  134   2 sigma       -.7186983704011816E+00        0.16E-06        0.76E-06
 ... multipole moment expansion coefficients recalculated ...
  135   1 pi          -.3816866500270897E+00        0.46E-06       -0.86E-07
  135   2 sigma       -.7186982262745274E+00        0.14E-06        0.72E-06
  136   1 pi          -.3816862268024805E+00        0.42E-06       -0.83E-07
  136   2 sigma       -.7186980951733526E+00        0.13E-06        0.69E-06
 ... multipole moment expansion coefficients recalculated ...
  137   1 pi          -.3816858338074218E+00        0.39E-06       -0.79E-07
  137   2 sigma       -.7186979758501932E+00        0.12E-06        0.66E-06
  138   1 pi          -.3816854688967584E+00        0.36E-06       -0.76E-07
  138   2 sigma       -.7186978671785744E+00        0.11E-06        0.62E-06
 ... multipole moment expansion coefficients recalculated ...
  139   1 pi          -.3816851297620469E+00        0.34E-06       -0.72E-07
  139   2 sigma       -.7186977681462730E+00        0.99E-07        0.59E-06
  140   1 pi          -.3816848146092529E+00        0.32E-06       -0.69E-07
  140   2 sigma       -.7186976778397063E+00        0.90E-07        0.57E-06
 ... multipole moment expansion coefficients recalculated ...
 ... writing functions to disk (current precision) ...
 total energy:    -0.3763162030133878E+02
  141   1 pi          -.3816845214784719E+00        0.29E-06       -0.66E-07
  141   2 sigma       -.7186975954391666E+00        0.82E-07        0.54E-06
  142   1 pi          -.3816842488667107E+00        0.27E-06       -0.63E-07
  142   2 sigma       -.7186975202031136E+00        0.75E-07        0.51E-06
 ... multipole moment expansion coefficients recalculated ...
  143   1 pi          -.3816839951057349E+00        0.25E-06       -0.60E-07
  143   2 sigma       -.7186974514673148E+00        0.69E-07        0.49E-06
  144   1 pi          -.3816837589330562E+00        0.24E-06       -0.58E-07
  144   2 sigma       -.7186973886287360E+00        0.63E-07        0.46E-06
 ... multipole moment expansion coefficients recalculated ...
  145   1 pi          -.3816835389252731E+00        0.22E-06       -0.55E-07
  145   2 sigma       -.7186973311467679E+00        0.57E-07        0.44E-06
  146   1 pi          -.3816833340188670E+00        0.20E-06       -0.52E-07
  146   2 sigma       -.7186972785295356E+00        0.53E-07        0.42E-06
 ... multipole moment expansion coefficients recalculated ...
  147   1 pi          -.3816831429960255E+00        0.19E-06       -0.50E-07
  147   2 sigma       -.7186972303353496E+00        0.48E-07        0.40E-06
  148   1 pi          -.3816829649584217E+00        0.18E-06       -0.48E-07
  148   2 sigma       -.7186971861614335E+00        0.44E-07        0.38E-06
 ... multipole moment expansion coefficients recalculated ...
  149   1 pi          -.3816827988621951E+00        0.17E-06       -0.45E-07
  149   2 sigma       -.7186971456453404E+00        0.41E-07        0.36E-06
  150   1 pi          -.3816826439467391E+00        0.15E-06       -0.43E-07
  150   2 sigma       -.7186971084561828E+00        0.37E-07        0.34E-06
  151   1 pi          -.3816824993156449E+00        0.14E-06       -0.41E-07
  151   2 sigma       -.7186970742959722E+00        0.34E-07        0.33E-06
 ... multipole moment expansion coefficients recalculated ...
  152   1 pi          -.3816823643244338E+00        0.13E-06       -0.39E-07
  152   2 sigma       -.7186970428921917E+00        0.31E-07        0.31E-06
  153   1 pi          -.3816822382023766E+00        0.13E-06       -0.37E-07
  153   2 sigma       -.7186970139995590E+00        0.29E-07        0.29E-06
  154   1 pi          -.3816821204026133E+00        0.12E-06       -0.35E-07
  154   2 sigma       -.7186969873937379E+00        0.27E-07        0.28E-06
 ... multipole moment expansion coefficients recalculated ...
  155   1 pi          -.3816820102619047E+00        0.11E-06       -0.34E-07
  155   2 sigma       -.7186969628725413E+00        0.25E-07        0.27E-06
  156   1 pi          -.3816819073163598E+00        0.10E-06       -0.32E-07
  156   2 sigma       -.7186969402515251E+00        0.23E-07        0.25E-06
  157   1 pi          -.3816818109942801E+00        0.96E-07       -0.30E-07
  157   2 sigma       -.7186969193642354E+00        0.21E-07        0.24E-06
 ... multipole moment expansion coefficients recalculated ...
  158   1 pi          -.3816817209021037E+00        0.90E-07       -0.29E-07
  158   2 sigma       -.7186969000588634E+00        0.19E-07        0.23E-06
  159   1 pi          -.3816816365465376E+00        0.84E-07       -0.28E-07
  159   2 sigma       -.7186968821989601E+00        0.18E-07        0.22E-06
  160   1 pi          -.3816815575933665E+00        0.79E-07       -0.26E-07
  160   2 sigma       -.7186968656592883E+00        0.17E-07        0.20E-06
 ... multipole moment expansion coefficients recalculated ...
 ... writing functions to disk (current precision) ...
 total energy:    -0.3763160133974147E+02
  161   1 pi          -.3816814836164770E+00        0.74E-07       -0.25E-07
  161   2 sigma       -.7186968503277336E+00        0.15E-07        0.19E-06
  162   1 pi          -.3816814143318554E+00        0.69E-07       -0.24E-07
  162   2 sigma       -.7186968361017367E+00        0.14E-07        0.18E-06
  163   1 pi          -.3816813493704361E+00        0.65E-07       -0.22E-07
  163   2 sigma       -.7186968228884787E+00        0.13E-07        0.18E-06
 ... multipole moment expansion coefficients recalculated ...
  164   1 pi          -.3816812884905136E+00        0.61E-07       -0.21E-07
  164   2 sigma       -.7186968106035052E+00        0.12E-07        0.17E-06
  165   1 pi          -.3816812313690141E+00        0.57E-07       -0.20E-07
  165   2 sigma       -.7186967991594293E+00        0.11E-07        0.16E-06
  166   1 pi          -.3816811777794524E+00        0.54E-07       -0.19E-07
  166   2 sigma       -.7186967885145066E+00        0.11E-07        0.15E-06
 ... multipole moment expansion coefficients recalculated ...
  167   1 pi          -.3816811275120364E+00        0.50E-07       -0.18E-07
  167   2 sigma       -.7186967786069087E+00        0.99E-08        0.14E-06
  168   1 pi          -.3816810803106918E+00        0.47E-07       -0.17E-07
  168   2 sigma       -.7186967693178703E+00        0.93E-08        0.14E-06
  169   1 pi          -.3816810360185858E+00        0.44E-07       -0.16E-07
  169   2 sigma       -.7186967606907535E+00        0.86E-08        0.13E-06
 ... multipole moment expansion coefficients recalculated ...
  170   1 pi          -.3816809944040194E+00        0.42E-07       -0.16E-07
  170   2 sigma       -.7186967525827122E+00        0.81E-08        0.12E-06
  171   1 pi          -.3816809553291076E+00        0.39E-07       -0.15E-07
  171   2 sigma       -.7186967450230912E+00        0.76E-08        0.12E-06
  172   1 pi          -.3816809185745891E+00        0.37E-07       -0.14E-07
  172   2 sigma       -.7186967379139841E+00        0.71E-08        0.11E-06
 ... multipole moment expansion coefficients recalculated ...
  173   1 pi          -.3816808840911610E+00        0.34E-07       -0.13E-07
  173   2 sigma       -.7186967313084818E+00        0.66E-08        0.10E-06
  174   1 pi          -.3816808516103873E+00        0.32E-07       -0.13E-07
  174   2 sigma       -.7186967250342744E+00        0.63E-08        0.99E-07
  175   1 pi          -.3816808210502658E+00        0.31E-07       -0.12E-07
  175   2 sigma       -.7186967191763314E+00        0.59E-08        0.94E-07
 ... multipole moment expansion coefficients recalculated ...
  176   1 pi          -.3816807923790821E+00        0.29E-07       -0.11E-07
  176   2 sigma       -.7186967137259779E+00        0.55E-08        0.89E-07
  177   1 pi          -.3816807653434182E+00        0.27E-07       -0.11E-07
  177   2 sigma       -.7186967085167466E+00        0.52E-08        0.85E-07
  178   1 pi          -.3816807398873827E+00        0.25E-07       -0.10E-07
  178   2 sigma       -.7186967036480252E+00        0.49E-08        0.80E-07
 ... multipole moment expansion coefficients recalculated ...
  179   1 pi          -.3816807159904214E+00        0.24E-07       -0.98E-08
  179   2 sigma       -.7186966991100037E+00        0.45E-08        0.76E-07
  180   1 pi          -.3816806934393786E+00        0.23E-07       -0.92E-08
  180   2 sigma       -.7186966947615661E+00        0.43E-08        0.72E-07
 ... writing functions to disk (current precision) ...
 total energy:    -0.3763159700407702E+02
  181   1 pi          -.3816806721918962E+00        0.21E-07       -0.87E-08
  181   2 sigma       -.7186966906901859E+00        0.41E-08        0.68E-07
 ... multipole moment expansion coefficients recalculated ...
  182   1 pi          -.3816806522339262E+00        0.20E-07       -0.83E-08
  182   2 sigma       -.7186966868884190E+00        0.38E-08        0.65E-07
  183   1 pi          -.3816806333874836E+00        0.19E-07       -0.79E-08
  183   2 sigma       -.7186966832382939E+00        0.37E-08        0.62E-07
  184   1 pi          -.3816806156191248E+00        0.18E-07       -0.75E-08
  184   2 sigma       -.7186966798146543E+00        0.34E-08        0.58E-07
 ... multipole moment expansion coefficients recalculated ...
  185   1 pi          -.3816805989204499E+00        0.17E-07       -0.71E-08
  185   2 sigma       -.7186966766132743E+00        0.32E-08        0.55E-07
  186   1 pi          -.3816805831423666E+00        0.16E-07       -0.67E-08
  186   2 sigma       -.7186966735341960E+00        0.31E-08        0.53E-07
  187   1 pi          -.3816805682575959E+00        0.15E-07       -0.64E-08
  187   2 sigma       -.7186966706415938E+00        0.29E-08        0.50E-07
 ... multipole moment expansion coefficients recalculated ...
  188   1 pi          -.3816805542620103E+00        0.14E-07       -0.60E-08
  188   2 sigma       -.7186966679333326E+00        0.27E-08        0.47E-07
  189   1 pi          -.3816805410304633E+00        0.13E-07       -0.57E-08
  189   2 sigma       -.7186966653250457E+00        0.26E-08        0.45E-07
  190   1 pi          -.3816805285414953E+00        0.12E-07       -0.54E-08
  190   2 sigma       -.7186966628716229E+00        0.25E-08        0.43E-07
 ... multipole moment expansion coefficients recalculated ...
  191   1 pi          -.3816805167934976E+00        0.12E-07       -0.52E-08
  191   2 sigma       -.7186966605719771E+00        0.23E-08        0.40E-07
  192   1 pi          -.3816805056809507E+00        0.11E-07       -0.49E-08
  192   2 sigma       -.7186966583547876E+00        0.22E-08        0.38E-07
  193   1 pi          -.3816804951870125E+00        0.10E-07       -0.46E-08
  193   2 sigma       -.7186966562669550E+00        0.21E-08        0.36E-07
 ... multipole moment expansion coefficients recalculated ...
  194   1 pi          -.3816804853116098E+00        0.99E-08       -0.44E-08
  194   2 sigma       -.7186966543081330E+00        0.20E-08        0.34E-07
  195   1 pi          -.3816804759658625E+00        0.93E-08       -0.42E-08
  195   2 sigma       -.7186966524176133E+00        0.19E-08        0.33E-07
  196   1 pi          -.3816804671366101E+00        0.88E-08       -0.39E-08
  196   2 sigma       -.7186966506361365E+00        0.18E-08        0.31E-07
 ... multipole moment expansion coefficients recalculated ...
  197   1 pi          -.3816804588246443E+00        0.83E-08       -0.37E-08
  197   2 sigma       -.7186966489633480E+00        0.17E-08        0.29E-07
  198   1 pi          -.3816804509551579E+00        0.79E-08       -0.35E-08
  198   2 sigma       -.7186966473479401E+00        0.16E-08        0.28E-07
  199   1 pi          -.3816804435175798E+00        0.74E-08       -0.33E-08
  199   2 sigma       -.7186966458244619E+00        0.15E-08        0.26E-07
 ... multipole moment expansion coefficients recalculated ...
  200   1 pi          -.3816804365135198E+00        0.70E-08       -0.32E-08
  200   2 sigma       -.7186966443930585E+00        0.14E-08        0.25E-07
 ... writing functions to disk (current precision) ...
 total energy:    -0.3763159589707113E+02
  201   1 pi          -.3816804298796659E+00        0.66E-08       -0.30E-08
  201   2 sigma       -.7186966430101140E+00        0.14E-08        0.24E-07
  202   1 pi          -.3816804236076807E+00        0.63E-08       -0.29E-08
  202   2 sigma       -.7186966417050273E+00        0.13E-08        0.22E-07
 ... multipole moment expansion coefficients recalculated ...
  203   1 pi          -.3816804176994988E+00        0.59E-08       -0.27E-08
  203   2 sigma       -.7186966404782948E+00        0.12E-08        0.21E-07
  204   1 pi          -.3816804121016051E+00        0.56E-08       -0.26E-08
  204   2 sigma       -.7186966392927014E+00        0.12E-08        0.20E-07
  205   1 pi          -.3816804068073392E+00        0.53E-08       -0.24E-08
  205   2 sigma       -.7186966381734146E+00        0.11E-08        0.19E-07
 ... multipole moment expansion coefficients recalculated ...
  206   1 pi          -.3816804018188709E+00        0.50E-08       -0.23E-08
  206   2 sigma       -.7186966371207726E+00        0.11E-08        0.18E-07
  207   1 pi          -.3816803970909786E+00        0.47E-08       -0.22E-08
  207   2 sigma       -.7186966361032368E+00        0.10E-08        0.17E-07
  208   1 pi          -.3816803926181489E+00        0.45E-08       -0.21E-08
  208   2 sigma       -.7186966351423503E+00        0.96E-09        0.16E-07
 ... multipole moment expansion coefficients recalculated ...
  209   1 pi          -.3816803884026254E+00        0.42E-08       -0.20E-08
  209   2 sigma       -.7186966342383592E+00        0.90E-09        0.15E-07
  210   1 pi          -.3816803844061725E+00        0.40E-08       -0.19E-08
  210   2 sigma       -.7186966333645004E+00        0.87E-09        0.15E-07
  211   1 pi          -.3816803806245290E+00        0.38E-08       -0.18E-08
  211   2 sigma       -.7186966325390465E+00        0.83E-09        0.14E-07
 ... multipole moment expansion coefficients recalculated ...
  212   1 pi          -.3816803770595478E+00        0.36E-08       -0.17E-08
  212   2 sigma       -.7186966317624028E+00        0.78E-09        0.13E-07
  213   1 pi          -.3816803736788068E+00        0.34E-08       -0.16E-08
  213   2 sigma       -.7186966310115341E+00        0.75E-09        0.13E-07
  214   1 pi          -.3816803704791449E+00        0.32E-08       -0.15E-08
  214   2 sigma       -.7186966303022211E+00        0.71E-09        0.12E-07
 ... multipole moment expansion coefficients recalculated ...
  215   1 pi          -.3816803674622653E+00        0.30E-08       -0.14E-08
  215   2 sigma       -.7186966296344837E+00        0.67E-09        0.11E-07
  216   1 pi          -.3816803646007534E+00        0.29E-08       -0.13E-08
  216   2 sigma       -.7186966289891279E+00        0.65E-09        0.11E-07
  217   1 pi          -.3816803618918403E+00        0.27E-08       -0.13E-08
  217   2 sigma       -.7186966283794640E+00        0.61E-09        0.10E-07
 ... multipole moment expansion coefficients recalculated ...
  218   1 pi          -.3816803593371931E+00        0.26E-08       -0.12E-08
  218   2 sigma       -.7186966278055151E+00        0.57E-09        0.96E-08
  219   1 pi          -.3816803569136886E+00        0.24E-08       -0.11E-08
  219   2 sigma       -.7186966272507536E+00        0.55E-09        0.91E-08
  220   1 pi          -.3816803546189806E+00        0.23E-08       -0.11E-08
  220   2 sigma       -.7186966267266501E+00        0.52E-09        0.86E-08
 ... multipole moment expansion coefficients recalculated ...
 ... writing functions to disk (current precision) ...
 total energy:    -0.3763159558465048E+02
  221   1 pi          -.3816803524545969E+00        0.22E-08       -0.10E-08
  221   2 sigma       -.7186966262331760E+00        0.49E-09        0.81E-08
  222   1 pi          -.3816803504009703E+00        0.21E-08       -0.97E-09
  222   2 sigma       -.7186966257563938E+00        0.48E-09        0.77E-08
  223   1 pi          -.3816803484561460E+00        0.19E-08       -0.92E-09
  223   2 sigma       -.7186966253060065E+00        0.45E-09        0.73E-08
 ... multipole moment expansion coefficients recalculated ...
  224   1 pi          -.3816803466216334E+00        0.18E-08       -0.87E-09
  224   2 sigma       -.7186966248819244E+00        0.42E-09        0.69E-08
  225   1 pi          -.3816803448806265E+00        0.17E-08       -0.83E-09
  225   2 sigma       -.7186966244721491E+00        0.41E-09        0.66E-08
  226   1 pi          -.3816803432315790E+00        0.16E-08       -0.78E-09
  226   2 sigma       -.7186966240849721E+00        0.39E-09        0.62E-08
 ... multipole moment expansion coefficients recalculated ...
  227   1 pi          -.3816803416759549E+00        0.16E-08       -0.74E-09
  227   2 sigma       -.7186966237204779E+00        0.36E-09        0.59E-08
  228   1 pi          -.3816803401993183E+00        0.15E-08       -0.70E-09
  228   2 sigma       -.7186966233684680E+00        0.35E-09        0.56E-08
  229   1 pi          -.3816803388006709E+00        0.14E-08       -0.67E-09
  229   2 sigma       -.7186966230358247E+00        0.33E-09        0.53E-08
 ... multipole moment expansion coefficients recalculated ...
  230   1 pi          -.3816803374810114E+00        0.13E-08       -0.63E-09
  230   2 sigma       -.7186966227227036E+00        0.31E-09        0.50E-08
  231   1 pi          -.3816803362282322E+00        0.13E-08       -0.60E-09
  231   2 sigma       -.7186966224202864E+00        0.30E-09        0.48E-08
  232   1 pi          -.3816803350414126E+00        0.12E-08       -0.57E-09
  232   2 sigma       -.7186966221346549E+00        0.29E-09        0.45E-08
 ... multipole moment expansion coefficients recalculated ...
  233   1 pi          -.3816803339215045E+00        0.11E-08       -0.54E-09
  233   2 sigma       -.7186966218656803E+00        0.27E-09        0.43E-08
  234   1 pi          -.3816803328582994E+00        0.11E-08       -0.51E-09
  234   2 sigma       -.7186966216060027E+00        0.26E-09        0.41E-08
  235   1 pi          -.3816803318510318E+00        0.10E-08       -0.48E-09
  235   2 sigma       -.7186966213606847E+00        0.25E-09        0.38E-08
 ... multipole moment expansion coefficients recalculated ...
  236   1 pi          -.3816803309004335E+00        0.95E-09       -0.46E-09
  236   2 sigma       -.7186966211297809E+00        0.23E-09        0.36E-08
  237   1 pi          -.3816803299978866E+00        0.90E-09       -0.43E-09
  237   2 sigma       -.7186966209069805E+00        0.22E-09        0.35E-08
  238   1 pi          -.3816803291426769E+00        0.86E-09       -0.41E-09
  238   2 sigma       -.7186966206964360E+00        0.21E-09        0.33E-08
 ... multipole moment expansion coefficients recalculated ...
  239   1 pi          -.3816803283356029E+00        0.81E-09       -0.39E-09
  239   2 sigma       -.7186966204982648E+00        0.20E-09        0.31E-08
  240   1 pi          -.3816803275692502E+00        0.77E-09       -0.37E-09
  240   2 sigma       -.7186966203070511E+00        0.19E-09        0.29E-08
 ... writing functions to disk (current precision) ...
 total energy:    -0.3763159548963198E+02
  241   1 pi          -.3816803268429658E+00        0.73E-09       -0.35E-09
  241   2 sigma       -.7186966201264018E+00        0.18E-09        0.28E-08
 ... multipole moment expansion coefficients recalculated ...
  242   1 pi          -.3816803261574822E+00        0.69E-09       -0.33E-09
  242   2 sigma       -.7186966199563889E+00        0.17E-09        0.26E-08
  243   1 pi          -.3816803255065544E+00        0.65E-09       -0.31E-09
  243   2 sigma       -.7186966197924769E+00        0.16E-09        0.25E-08
  244   1 pi          -.3816803248896741E+00        0.62E-09       -0.30E-09
  244   2 sigma       -.7186966196375377E+00        0.15E-09        0.24E-08
 ... multipole moment expansion coefficients recalculated ...
  245   1 pi          -.3816803243074358E+00        0.58E-09       -0.28E-09
  245   2 sigma       -.7186966194918911E+00        0.15E-09        0.22E-08
  246   1 pi          -.3816803237545079E+00        0.55E-09       -0.27E-09
  246   2 sigma       -.7186966193512414E+00        0.14E-09        0.21E-08
  247   1 pi          -.3816803232304893E+00        0.52E-09       -0.25E-09
  247   2 sigma       -.7186966192185120E+00        0.13E-09        0.20E-08
 ... multipole moment expansion coefficients recalculated ...
  248   1 pi          -.3816803227358476E+00        0.49E-09       -0.24E-09
  248   2 sigma       -.7186966190935862E+00        0.12E-09        0.19E-08
  249   1 pi          -.3816803222661185E+00        0.47E-09       -0.23E-09
  249   2 sigma       -.7186966189730915E+00        0.12E-09        0.18E-08
  250   1 pi          -.3816803218208449E+00        0.45E-09       -0.21E-09
  250   2 sigma       -.7186966188593682E+00        0.11E-09        0.17E-08
 ... multipole moment expansion coefficients recalculated ...
  251   1 pi          -.3816803214005442E+00        0.42E-09       -0.20E-09
  251   2 sigma       -.7186966187523147E+00        0.11E-09        0.16E-08
  252   1 pi          -.3816803210013378E+00        0.40E-09       -0.19E-09
  252   2 sigma       -.7186966186490795E+00        0.10E-09        0.15E-08
  253   1 pi          -.3816803206229435E+00        0.38E-09       -0.18E-09
  253   2 sigma       -.7186966185517640E+00        0.97E-10        0.15E-08
 ... multipole moment expansion coefficients recalculated ...
  254   1 pi          -.3816803202657995E+00        0.36E-09       -0.17E-09
  254   2 sigma       -.7186966184599632E+00        0.92E-10        0.14E-08
  255   1 pi          -.3816803199265997E+00        0.34E-09       -0.16E-09
  255   2 sigma       -.7186966183716361E+00        0.88E-10        0.13E-08
  256   1 pi          -.3816803196050209E+00        0.32E-09       -0.16E-09
  256   2 sigma       -.7186966182882344E+00        0.83E-10        0.12E-08
 ... multipole moment expansion coefficients recalculated ...
  257   1 pi          -.3816803193014131E+00        0.30E-09       -0.15E-09
  257   2 sigma       -.7186966182097843E+00        0.78E-10        0.12E-08
  258   1 pi          -.3816803190130971E+00        0.29E-09       -0.14E-09
  258   2 sigma       -.7186966181341701E+00        0.76E-10        0.11E-08
  259   1 pi          -.3816803187396909E+00        0.27E-09       -0.13E-09
  259   2 sigma       -.7186966180627405E+00        0.71E-10        0.11E-08
 ... multipole moment expansion coefficients recalculated ...
  260   1 pi          -.3816803184817461E+00        0.26E-09       -0.13E-09
  260   2 sigma       -.7186966179955774E+00        0.67E-10        0.10E-08
 ... writing functions to disk (current precision) ...
 total energy:    -0.3763159545928779E+02
  261   1 pi          -.3816803182366497E+00        0.25E-09       -0.12E-09
  261   2 sigma       -.7186966179308794E+00        0.65E-10        0.95E-09
  262   1 pi          -.3816803180042974E+00        0.23E-09       -0.11E-09
  262   2 sigma       -.7186966178698526E+00        0.61E-10        0.90E-09
 ... multipole moment expansion coefficients recalculated ...
  263   1 pi          -.3816803177849266E+00        0.22E-09       -0.11E-09
  263   2 sigma       -.7186966178124004E+00        0.57E-10        0.85E-09
  264   1 pi          -.3816803175766088E+00        0.21E-09       -0.10E-09
  264   2 sigma       -.7186966177570673E+00        0.55E-10        0.81E-09
  265   1 pi          -.3816803173790198E+00        0.20E-09       -0.95E-10
  265   2 sigma       -.7186966177048322E+00        0.52E-10        0.77E-09
 ... multipole moment expansion coefficients recalculated ...
  266   1 pi          -.3816803171925574E+00        0.19E-09       -0.91E-10
  266   2 sigma       -.7186966176556888E+00        0.49E-10        0.73E-09
  267   1 pi          -.3816803170154301E+00        0.18E-09       -0.86E-10
  267   2 sigma       -.7186966176084102E+00        0.47E-10        0.69E-09
  268   1 pi          -.3816803168474676E+00        0.17E-09       -0.81E-10
  268   2 sigma       -.7186966175637779E+00        0.45E-10        0.65E-09
 ... multipole moment expansion coefficients recalculated ...
  269   1 pi          -.3816803166890019E+00        0.16E-09       -0.77E-10
  269   2 sigma       -.7186966175217755E+00        0.42E-10        0.62E-09
  270   1 pi          -.3816803165383331E+00        0.15E-09       -0.73E-10
  270   2 sigma       -.7186966174813016E+00        0.40E-10        0.59E-09
  271   1 pi          -.3816803163955633E+00        0.14E-09       -0.69E-10
  271   2 sigma       -.7186966174431735E+00        0.38E-10        0.56E-09
 ... multipole moment expansion coefficients recalculated ...
  272   1 pi          -.3816803162608169E+00        0.13E-09       -0.65E-10
  272   2 sigma       -.7186966174072511E+00        0.36E-10        0.53E-09
  273   1 pi          -.3816803161326683E+00        0.13E-09       -0.62E-10
  273   2 sigma       -.7186966173726947E+00        0.35E-10        0.50E-09
  274   1 pi          -.3816803160112898E+00        0.12E-09       -0.59E-10
  274   2 sigma       -.7186966173401030E+00        0.33E-10        0.47E-09
 ... multipole moment expansion coefficients recalculated ...
  275   1 pi          -.3816803158966491E+00        0.11E-09       -0.56E-10
  275   2 sigma       -.7186966173094973E+00        0.31E-10        0.45E-09
  276   1 pi          -.3816803157877922E+00        0.11E-09       -0.53E-10
  276   2 sigma       -.7186966172800395E+00        0.29E-10        0.43E-09
  277   1 pi          -.3816803156846222E+00        0.10E-09       -0.50E-10
  277   2 sigma       -.7186966172521201E+00        0.28E-10        0.40E-09
 ... multipole moment expansion coefficients recalculated ...
  278   1 pi          -.3816803155871082E+00        0.98E-10       -0.47E-10
  278   2 sigma       -.7186966172260130E+00        0.26E-10        0.38E-09
  279   1 pi          -.3816803154944681E+00        0.93E-10       -0.45E-10
  279   2 sigma       -.7186966172007825E+00        0.25E-10        0.36E-09
  280   1 pi          -.3816803154067849E+00        0.88E-10       -0.42E-10
  280   2 sigma       -.7186966171769940E+00        0.24E-10        0.34E-09
 ... multipole moment expansion coefficients recalculated ...
 ... writing functions to disk (current precision) ...
 total energy:    -0.3763159544931763E+02
  281   1 pi          -.3816803153238220E+00        0.83E-10       -0.40E-10
  281   2 sigma       -.7186966171547327E+00        0.22E-10        0.33E-09
  282   1 pi          -.3816803152451032E+00        0.79E-10       -0.38E-10
  282   2 sigma       -.7186966171331974E+00        0.22E-10        0.31E-09
  283   1 pi          -.3816803151704962E+00        0.75E-10       -0.36E-10
  283   2 sigma       -.7186966171129203E+00        0.20E-10        0.29E-09
 ... multipole moment expansion coefficients recalculated ...
  284   1 pi          -.3816803151000183E+00        0.70E-10       -0.34E-10
  284   2 sigma       -.7186966170938311E+00        0.19E-10        0.28E-09
  285   1 pi          -.3816803150330337E+00        0.67E-10       -0.32E-10
  285   2 sigma       -.7186966170754840E+00        0.18E-10        0.26E-09
  286   1 pi          -.3816803149695733E+00        0.63E-10       -0.31E-10
  286   2 sigma       -.7186966170581481E+00        0.17E-10        0.25E-09
 ... multipole moment expansion coefficients recalculated ...
  287   1 pi          -.3816803149095969E+00        0.60E-10       -0.29E-10
  287   2 sigma       -.7186966170418487E+00        0.16E-10        0.24E-09
  288   1 pi          -.3816803148526913E+00        0.57E-10       -0.27E-10
  288   2 sigma       -.7186966170262110E+00        0.16E-10        0.22E-09
  289   1 pi          -.3816803147986345E+00        0.54E-10       -0.26E-10
  289   2 sigma       -.7186966170114371E+00        0.15E-10        0.21E-09
 ... multipole moment expansion coefficients recalculated ...
  290   1 pi          -.3816803147476717E+00        0.51E-10       -0.25E-10
  290   2 sigma       -.7186966169975757E+00        0.14E-10        0.20E-09
  291   1 pi          -.3816803146991754E+00        0.48E-10       -0.23E-10
  291   2 sigma       -.7186966169841993E+00        0.13E-10        0.19E-09
  292   1 pi          -.3816803146533312E+00        0.46E-10       -0.22E-10
  292   2 sigma       -.7186966169715721E+00        0.13E-10        0.18E-09
 ... multipole moment expansion coefficients recalculated ...
  293   1 pi          -.3816803146099770E+00        0.43E-10       -0.21E-10
  293   2 sigma       -.7186966169597304E+00        0.12E-10        0.17E-09
  294   1 pi          -.3816803145687606E+00        0.41E-10       -0.20E-10
  294   2 sigma       -.7186966169483275E+00        0.11E-10        0.16E-09
  295   1 pi          -.3816803145297190E+00        0.39E-10       -0.19E-10
  295   2 sigma       -.7186966169376019E+00        0.11E-10        0.15E-09
 ... multipole moment expansion coefficients recalculated ...
  296   1 pi          -.3816803144928516E+00        0.37E-10       -0.18E-10
  296   2 sigma       -.7186966169275100E+00        0.10E-10        0.15E-09
  297   1 pi          -.3816803144579053E+00        0.35E-10       -0.17E-10
  297   2 sigma       -.7186966169177205E+00        0.98E-11        0.14E-09
  298   1 pi          -.3816803144247252E+00        0.33E-10       -0.16E-10
  298   2 sigma       -.7186966169085784E+00        0.91E-11        0.13E-09
 ... multipole moment expansion coefficients recalculated ...
  299   1 pi          -.3816803143932965E+00        0.31E-10       -0.15E-10
  299   2 sigma       -.7186966168999813E+00        0.86E-11        0.13E-09
  300   1 pi          -.3816803143635283E+00        0.30E-10       -0.14E-10
  300   2 sigma       -.7186966168917039E+00        0.83E-11        0.12E-09
 ... writing functions to disk (current precision) ...
 total energy:    -0.3763159544598832E+02
  301   1 pi          -.3816803143352687E+00        0.28E-10       -0.14E-10
  301   2 sigma       -.7186966168838995E+00        0.78E-11        0.11E-09
 ... multipole moment expansion coefficients recalculated ...
  302   1 pi          -.3816803143085736E+00        0.27E-10       -0.13E-10
  302   2 sigma       -.7186966168765982E+00        0.73E-11        0.11E-09
  303   1 pi          -.3816803142833090E+00        0.25E-10       -0.12E-10
  303   2 sigma       -.7186966168695013E+00        0.71E-11        0.10E-09
  304   1 pi          -.3816803142592726E+00        0.24E-10       -0.12E-10
  304   2 sigma       -.7186966168628035E+00        0.67E-11        0.96E-10
 ... multipole moment expansion coefficients recalculated ...
  305   1 pi          -.3816803142365695E+00        0.23E-10       -0.11E-10
  305   2 sigma       -.7186966168566302E+00        0.62E-11        0.91E-10
  306   1 pi          -.3816803142149765E+00        0.22E-10       -0.10E-10
  306   2 sigma       -.7186966168506310E+00        0.60E-11        0.87E-10
  307   1 pi          -.3816803141946661E+00        0.20E-10       -0.98E-11
  307   2 sigma       -.7186966168449573E+00        0.57E-11        0.82E-10
 ... multipole moment expansion coefficients recalculated ...
  308   1 pi          -.3816803141753420E+00        0.19E-10       -0.93E-11
  308   2 sigma       -.7186966168395954E+00        0.54E-11        0.78E-10
  309   1 pi          -.3816803141570233E+00        0.18E-10       -0.88E-11
  309   2 sigma       -.7186966168344200E+00        0.52E-11        0.74E-10
  310   1 pi          -.3816803141396443E+00        0.17E-10       -0.83E-11
  310   2 sigma       -.7186966168295972E+00        0.48E-11        0.70E-10
 ... multipole moment expansion coefficients recalculated ...
  311   1 pi          -.3816803141232255E+00        0.16E-10       -0.79E-11
  311   2 sigma       -.7186966168250963E+00        0.45E-11        0.67E-10
  312   1 pi          -.3816803141076273E+00        0.16E-10       -0.75E-11
  312   2 sigma       -.7186966168207247E+00        0.44E-11        0.64E-10
  313   1 pi          -.3816803140927822E+00        0.15E-10       -0.70E-11
  313   2 sigma       -.7186966168166111E+00        0.41E-11        0.60E-10
 ... multipole moment expansion coefficients recalculated ...
  314   1 pi          -.3816803140788316E+00        0.14E-10       -0.67E-11
  314   2 sigma       -.7186966168127307E+00        0.39E-11        0.57E-10
  315   1 pi          -.3816803140655831E+00        0.13E-10       -0.64E-11
  315   2 sigma       -.7186966168090212E+00        0.37E-11        0.54E-10
  316   1 pi          -.3816803140530607E+00        0.13E-10       -0.60E-11
  316   2 sigma       -.7186966168055045E+00        0.35E-11        0.52E-10
 ... multipole moment expansion coefficients recalculated ...
  317   1 pi          -.3816803140411453E+00        0.12E-10       -0.57E-11
  317   2 sigma       -.7186966168021551E+00        0.33E-11        0.49E-10
  318   1 pi          -.3816803140298597E+00        0.11E-10       -0.54E-11
  318   2 sigma       -.7186966167990070E+00        0.31E-11        0.47E-10
  319   1 pi          -.3816803140192389E+00        0.11E-10       -0.51E-11
  319   2 sigma       -.7186966167960840E+00        0.29E-11        0.44E-10
 ... multipole moment expansion coefficients recalculated ...
  320   1 pi          -.3816803140091514E+00        0.10E-10       -0.48E-11
  320   2 sigma       -.7186966167932072E+00        0.29E-11        0.42E-10
 ... writing functions to disk (current precision) ...
 total energy:    -0.3763159544486858E+02
  321   1 pi          -.3816803139995519E+00        0.96E-11       -0.45E-11
  321   2 sigma       -.7186966167905036E+00        0.27E-11        0.40E-10
  322   1 pi          -.3816803139904477E+00        0.91E-11       -0.43E-11
  322   2 sigma       -.7186966167878825E+00        0.26E-11        0.38E-10
 ... multipole moment expansion coefficients recalculated ...
  323   1 pi          -.3816803139818505E+00        0.86E-11       -0.41E-11
  323   2 sigma       -.7186966167856061E+00        0.23E-11        0.36E-10
  324   1 pi          -.3816803139737011E+00        0.81E-11       -0.39E-11
  324   2 sigma       -.7186966167832880E+00        0.23E-11        0.35E-10
  325   1 pi          -.3816803139660254E+00        0.77E-11       -0.37E-11
  325   2 sigma       -.7186966167811337E+00        0.22E-11        0.33E-10
 ... multipole moment expansion coefficients recalculated ...
  326   1 pi          -.3816803139586993E+00        0.73E-11       -0.34E-11
  326   2 sigma       -.7186966167790492E+00        0.21E-11        0.31E-10
  327   1 pi          -.3816803139517608E+00        0.69E-11       -0.33E-11
  327   2 sigma       -.7186966167771378E+00        0.19E-11        0.30E-10
  328   1 pi          -.3816803139451848E+00        0.66E-11       -0.31E-11
  328   2 sigma       -.7186966167753015E+00        0.18E-11        0.28E-10
 ... multipole moment expansion coefficients recalculated ...
  329   1 pi          -.3816803139389755E+00        0.62E-11       -0.29E-11
  329   2 sigma       -.7186966167736015E+00        0.17E-11        0.27E-10
  330   1 pi          -.3816803139331126E+00        0.59E-11       -0.28E-11
  330   2 sigma       -.7186966167718878E+00        0.17E-11        0.26E-10
  331   1 pi          -.3816803139275207E+00        0.56E-11       -0.26E-11
  331   2 sigma       -.7186966167702447E+00        0.16E-11        0.25E-10
 ... multipole moment expansion coefficients recalculated ...
  332   1 pi          -.3816803139222218E+00        0.53E-11       -0.25E-11
  332   2 sigma       -.7186966167689262E+00        0.13E-11        0.23E-10
  333   1 pi          -.3816803139171738E+00        0.50E-11       -0.23E-11
  333   2 sigma       -.7186966167674078E+00        0.15E-11        0.22E-10
  334   1 pi          -.3816803139124012E+00        0.48E-11       -0.22E-11
  334   2 sigma       -.7186966167660667E+00        0.13E-11        0.21E-10
 ... multipole moment expansion coefficients recalculated ...
  335   1 pi          -.3816803139079048E+00        0.45E-11       -0.21E-11
  335   2 sigma       -.7186966167648143E+00        0.13E-11        0.20E-10
  336   1 pi          -.3816803139036300E+00        0.43E-11       -0.20E-11
  336   2 sigma       -.7186966167635811E+00        0.12E-11        0.19E-10
  337   1 pi          -.3816803138996216E+00        0.40E-11       -0.19E-11
  337   2 sigma       -.7186966167624083E+00        0.12E-11        0.19E-10
 ... multipole moment expansion coefficients recalculated ...
  338   1 pi          -.3816803138958247E+00        0.38E-11       -0.18E-11
  338   2 sigma       -.7186966167613953E+00        0.10E-11        0.18E-10
  339   1 pi          -.3816803138921800E+00        0.36E-11       -0.17E-11
  339   2 sigma       -.7186966167603264E+00        0.11E-11        0.17E-10
  340   1 pi          -.3816803138887570E+00        0.34E-11       -0.16E-11
  340   2 sigma       -.7186966167593476E+00        0.98E-12        0.16E-10
 ... multipole moment expansion coefficients recalculated ...
 ... writing functions to disk (current precision) ...
 total energy:    -0.3763159544449013E+02
  341   1 pi          -.3816803138853921E+00        0.34E-11       -0.15E-11
  341   2 sigma       -.7186966167584381E+00        0.91E-12        0.15E-10
  342   1 sigma       -.1135150077141082E+02        0.30E-11        0.15E-12
  342   2 sigma       -.7186966167576205E+00        0.82E-12        0.15E-10
  343   1 pi          -.3816803138793721E+00        0.30E-11       -0.13E-11
  343   2 sigma       -.7186966167568176E+00        0.80E-12        0.14E-10
  344   1 pi          -.3816803138766733E+00        0.27E-11       -0.13E-11
  344   2 sigma       -.7186966167560151E+00        0.80E-12        0.14E-10
 ... multipole moment expansion coefficients recalculated ...
  345   1 pi          -.3816803138741260E+00        0.25E-11       -0.12E-11
  345   2 sigma       -.7186966167552784E+00        0.74E-12        0.13E-10
  346   1 pi          -.3816803138716174E+00        0.25E-11       -0.11E-11
  346   2 sigma       -.7186966167545892E+00        0.69E-12        0.13E-10
  347   1 pi          -.3816803138692575E+00        0.24E-11       -0.10E-11
  347   2 sigma       -.7186966167539093E+00        0.68E-12        0.12E-10
  348   1 sigma       -.1135150077139937E+02        0.24E-11        0.12E-12
  348   2 sigma       -.7186966167532605E+00        0.65E-12        0.12E-10
  349   1 pi          -.3816803138648508E+00        0.21E-11       -0.95E-12
  349   2 sigma       -.7186966167527156E+00        0.54E-12        0.11E-10
 ... multipole moment expansion coefficients recalculated ...
  350   1 pi          -.3816803138628888E+00        0.20E-11       -0.89E-12
  350   2 sigma       -.7186966167521631E+00        0.55E-12        0.11E-10
  351   1 pi          -.3816803138609308E+00        0.20E-11       -0.82E-12
  351   2 sigma       -.7186966167515485E+00        0.61E-12        0.10E-10
  352   1 pi          -.3816803138591620E+00        0.18E-11       -0.81E-12
  352   2 sigma       -.7186966167510374E+00        0.51E-12        0.98E-11
 ... multipole moment expansion coefficients recalculated ...
  353   1 pi          -.3816803138574354E+00        0.17E-11       -0.74E-12
  353   2 sigma       -.7186966167505817E+00        0.46E-12        0.95E-11
  354   1 pi          -.3816803138558305E+00        0.16E-11       -0.72E-12
  354   2 sigma       -.7186966167501070E+00        0.47E-12        0.91E-11
  355   1 pi          -.3816803138543445E+00        0.15E-11       -0.67E-12
  355   2 sigma       -.7186966167496700E+00        0.44E-12        0.88E-11
 ... multipole moment expansion coefficients recalculated ...
  356   1 sigma       -.1135150077138955E+02        0.16E-11        0.12E-12
  356   2 sigma       -.7186966167493223E+00        0.35E-12        0.85E-11
  357   1 pi          -.3816803138515055E+00        0.14E-11       -0.59E-12
  357   2 sigma       -.7186966167488698E+00        0.45E-12        0.82E-11
  358   1 sigma       -.1135150077138686E+02        0.14E-11        0.90E-13
  358   2 sigma       -.7186966167485966E+00        0.27E-12        0.79E-11
  359   1 pi          -.3816803138489915E+00        0.12E-11       -0.50E-12
  359   2 sigma       -.7186966167481441E+00        0.45E-12        0.77E-11
 ... multipole moment expansion coefficients recalculated ...
  360   1 sigma       -.1135150077138514E+02        0.15E-11        0.98E-13
  360   2 sigma       -.7186966167478341E+00        0.31E-12        0.74E-11
 ... multipole moment expansion coefficients recalculated ...
 ... writing functions to disk (current precision) ...
 total energy:    -0.3763159544436091E+02
  361   1 pi          -.3816803138466613E+00        0.11E-11       -0.47E-12
  361   2 sigma       -.7186966167475459E+00        0.29E-12        0.71E-11
 ... multipole moment expansion coefficients recalculated ...
  362   1 pi          -.3816803138456311E+00        0.10E-11       -0.43E-12
  362   2 sigma       -.7186966167472475E+00        0.30E-12        0.69E-11
  363   1 pi          -.3816803138446456E+00        0.99E-12       -0.40E-12
  363   2 sigma       -.7186966167469717E+00        0.28E-12        0.67E-11
 ... multipole moment expansion coefficients recalculated ...
  364   1 pi          -.3816803138436771E+00        0.97E-12       -0.37E-12
  364   2 sigma       -.7186966167466911E+00        0.28E-12        0.65E-11
           
 ... orbital energy threshold reached ...
 ... writing functions to disk (current precision) ...

 total energy:                 -0.3763159544435039E+02
 total electronic energy:      -0.3763159544435039E+02
 virial ratio:                 -0.1999999999713965E+01

 total energy contributions: 
     nuclear-electron attraction energy =     -87.991030940172
     kinetic energy                     =      37.631595455110
     one electron energy                =     -50.359435485062
     coulomb energy                     =      13.098728627408
     exchange energy                    =      -0.370888586691
     coulomb energy (DFT)               =      17.715649955130
     exchange energy (DFT)              =      -4.987809914414
     correlation energy (DFT)           =       0.000000000000

       orbital               energy                     1-norm
   1 pi             -0.3816803138436771E+00           -0.37E-12
   2 sigma          -0.7186966167466911E+00            0.65E-11
   1 sigma          -0.1135150077138323E+02            0.10E-12


 total energy uncertainty due to orbital norms not being equal 1:
     absolute = +/-0.29E-10,  relative = +/-0.77E-10%

 multipole moments relative to geometrical centre:

                                    electronic (au/Debye-Ang^k)   total (au/Debye-Ang^k)
     dipole (Mu_z, k=1)                0.6000000000123485E+01      0.1234852220477478E-09
                                       0.1525059000031387E+02      0.3138704154181937E-09

     quadrupole (Theta_zz, k=2)       -0.4385530871439118E+01      0.1614469128560882E+01
                                      -0.5898732907740768E+01      0.2171532354086141E+01

     octopole (Omega_zzz, k=3)         0.1156592614389351E+01     -0.4843407385610649E+01
                                       0.8232242182556789E+00     -0.3447376551698150E+01

     hexadecapole (Phi_zzzz, k=4)      0.3956252900575450E+01      0.9956252900575450E+01
                                       0.1490125798258815E+01      0.3750030565280264E+01


 multipole moments relative to centre of mass:

      centre     atomic weight       z
        C        12.00000000      -1.0000
                  0.00000000       1.0000
  centre-of-mass                  -1.0000


                                    electronic (au/Debye-Ang^k)   total (au/Debye-Ang^k)
     dipole (Mu_z, k=1)                0.1147300845636117E-09      0.1147300845636117E-09
                                       0.2916169133908285E-09      0.2916169133908285E-09

     quadrupole (Theta_zz, k=2)        0.1614469128805174E+01      0.1614469128805174E+01
                                       0.2171532354414725E+01      0.2171532354414725E+01

     octopole (Omega_zzz, k=3)         0.4139505641612357E-09      0.4139505641612357E-09
                                       0.2946362663382991E-09      0.2946362663382991E-09

     hexadecapole (Phi_zzzz, k=4)      0.2694381299813867E+00      0.2694381299813867E+00
                                       0.1014840857270467E+00      0.1014840857270467E+00

////////////////////////////////////////////////////////////////////////////////////////////////

 cpu summary (sec):
    Lagrange multipliers                       3.43
    normalization+orthogonalization            0.58
    multipole moments                          3.63
    relaxation of orb. and pot.               46.78
    total energy                               0.57
    all SCF iterations                        54.42
    single SCF iteration                       0.15


 start: 2011/05/05  22:56:26.89 
 stop:  2011/05/05  22:57:22.45 

////////////////////////////////////////////////////////////////////////////////////////////////

Linux wieslaw16.fizyka.umk.pl 2.6.18-prep x86_64 x86_64 GNU/Linux
 Quad-Core AMD Opteron(tm) Processor 8380

////////////////////////////////////////////////////////////////////////////////////////////////
