
////////////////////////////////////////////////////////////////////////////////////////////////



                         FINITE DIFFERENCE 2D HARTREE-FOCK  (version 2.0)



////////////////////////////////////////////////////////////////////////////////////////////////

   ... start of input data ...
  title BF  ground state:  R = 2.386                                              
  method hf                                                                       
  nuclei  5.0  9.0  2.386                                                         
  config  0                                                                       
  1 pi                                                                            
                    0
  5 sigma     end                                                                 
                    0
  grid 169 35                                                                     
  orbpot gauss-c                                                                  
  scf 500 20 8                                                                    
  omega 1.85 1.97                                                                 
  multipol -1                                                                     
  fix 1 0 2        ! orbitals are not relaxed                                     
  stop                                                                            
   ... end of input data  ...
         

   molecular system: 

          B ( 5.00)   F  ( 9.00)   R =  2.38600 bohr = 1.26262 angstroms

   method: HF

   electronic configuration:

           1  pi         + - + - 
           5  sigma      + - 
           4  sigma      + - 
           3  sigma      + - 
           2  sigma      + - 
           1  sigma      + - 


          total charge            =   0
          number of
              electrons           =  14
              orbitals            =   6
              Coulomb potentials  =   6
              exchange potentials =  16

   grid:
          nu (h_nu)  =  169  (0.01870)
          mu (h_mu)  =  217  (0.01885)
          R_infinity =   35.00

   scf: 
          thresholds
              scf iterations           =    500
              orbital energy           = 1.00E- 8
              orbital norm             = 1.00E-10
              multipole moments recalc = 1.00E+15

          orbitals are kept frozen
          Coulomb potentials are relaxed
          exchange potential for each pair of orbitals is relaxed once per single scf iteration

          multipole expansion coefficients =  4

   (mc)sor:
          sor method used for relaxing orbitals and potentials
          ordering: middle 

                            (mc)sor iterations
                            orbital  potentials
             1 pi              10        10
             5 sigma           10        10
             4 sigma           10        10
             3 sigma           10        10
             2 sigma           10        10
             1 sigma           10        10

          overrelaxation parameters:   orbitals       potentials 
                                        1.850       1.970   1.970

   machine accuracy      =    0.11E-15

   constants: 
               pi        =    0.3141592653589793E+01
               bohr      =    0.5291772490000000E+00 angstroms


   memory usage:
          text+data                                      0.9 MB 
          bss (common block contributions)              97.1 MB
          dynamical allocation                          20.0 MB 
              orbitals + Coulomb potentials              3.4 MB
              exchange potentials                        4.5 MB

////////////////////////////////////////////////////////////////////////////////////////////////

 Initializing orbitals using customized GAUSSIAN output

      centre 1:  75 exponents 
      centre 2:  49 exponents 
      centre 3:  75 exponents 

                199 exponents 
                623 primitive basis functions 
                255 primitives on centre 1
                113 primitives on centre 2
                255 primitives on centre 3

                  6 finite difference orbitals
                  7 finite basis set orbitals


     orbital        norm      
   1 pi         0.100000000001E+01
   5 sigma      0.100000000014E+01
   5 sigma      0.100000000014E+01
   4 sigma      0.100000000024E+01
   4 sigma      0.100000000024E+01
   3 sigma      0.100000000000E+01
   3 sigma      0.100000000000E+01
   2 sigma      0.999999999970E+00
   2 sigma      0.999999999970E+00
   1 sigma      0.999999999426E+00
   1 sigma      0.999999999426E+00

 ... initializing Coulomb potentials ...
 ... initializing exchange potentials ...
 ... initializing multipole moment coefficients ...
 ... initializing Lagrange multipliers ...

 total energy:                 -0.1953831159825910E+03
 total electronic energy:      -0.2142431327470503E+03
 virial ratio:                 -0.2574102198246186E+01

   scf  orbital              energy              energy diff        1-norm         overlap
    1   1 sigma       -.4137589168654572E+02        0.15E+01        0.00E+00
    1   3 sigma       -.1153868885308912E+02        0.91E-01       -0.95E-14
    2   1 sigma       -.3752096136069319E+02        0.39E+01        0.00E+00
    2   3 sigma       -.1116615814304006E+02        0.37E+00       -0.13E-14
    3   1 sigma       -.3454896847069938E+02        0.30E+01        0.00E+00
    3   3 sigma       -.1081501111320218E+02        0.35E+00       -0.22E-15
    4   1 sigma       -.3284435554427979E+02        0.17E+01        0.00E+00
    4   3 sigma       -.1032410145558799E+02        0.49E+00       -0.22E-15
    5   1 sigma       -.3202591494741378E+02        0.82E+00        0.00E+00
    5   3 sigma       -.9651607153231224E+01        0.67E+00       -0.22E-15
    6   3 sigma       -.8889257299995620E+01        0.76E+00       -0.22E-15
    6   3 sigma       -.8889257299995620E+01        0.76E+00       -0.22E-15
    7   3 sigma       -.8143405363981117E+01        0.75E+00       -0.22E-15
    7   3 sigma       -.8143405363981117E+01        0.75E+00       -0.22E-15
    8   3 sigma       -.7477202107058728E+01        0.67E+00       -0.22E-15
    8   3 sigma       -.7477202107058728E+01        0.67E+00       -0.22E-15
    9   3 sigma       -.6911121114382630E+01        0.57E+00       -0.22E-15
    9   3 sigma       -.6911121114382630E+01        0.57E+00       -0.22E-15
   10   3 sigma       -.6439555103441685E+01        0.47E+00       -0.22E-15
   10   3 sigma       -.6439555103441685E+01        0.47E+00       -0.22E-15
   11   3 sigma       -.6044944904538739E+01        0.39E+00       -0.22E-15
   11   3 sigma       -.6044944904538739E+01        0.39E+00       -0.22E-15
   12   3 sigma       -.5707190529694667E+01        0.34E+00       -0.22E-15
   12   3 sigma       -.5707190529694667E+01        0.34E+00       -0.22E-15
   13   3 sigma       -.5417401643335067E+01        0.29E+00       -0.22E-15
   13   3 sigma       -.5417401643335067E+01        0.29E+00       -0.22E-15
   14   3 sigma       -.5169641842688150E+01        0.25E+00       -0.22E-15
   14   3 sigma       -.5169641842688150E+01        0.25E+00       -0.22E-15
   15   1 pi          -.3937590005646831E+01        0.22E+00        0.00E+00
   15   3 sigma       -.4962234223440284E+01        0.21E+00       -0.22E-15
   16   1 pi          -.3736391356560468E+01        0.20E+00        0.00E+00
   16   3 sigma       -.4780636351946874E+01        0.18E+00       -0.22E-15
   17   1 pi          -.3550061360293804E+01        0.19E+00        0.00E+00
   17   3 sigma       -.4607719458711355E+01        0.17E+00       -0.22E-15
   18   1 pi          -.3377603255598927E+01        0.17E+00        0.00E+00
   18   3 sigma       -.4439792171952334E+01        0.17E+00       -0.22E-15
   19   3 sigma       -.4276221469505792E+01        0.16E+00       -0.22E-15
   19   3 sigma       -.4276221469505792E+01        0.16E+00       -0.22E-15
   20   3 sigma       -.4120903890424192E+01        0.16E+00       -0.22E-15
   20   3 sigma       -.4120903890424192E+01        0.16E+00       -0.22E-15
 ... multipole moment expansion coefficients recalculated ...
 ... writing functions to disk (current precision) ...
 total energy:    -0.1410458604665038E+03
   21   3 sigma       -.3976071491619990E+01        0.14E+00       -0.22E-15
   21   3 sigma       -.3976071491619990E+01        0.14E+00       -0.22E-15
   22   3 sigma       -.3841335414018039E+01        0.13E+00       -0.22E-15
   22   3 sigma       -.3841335414018039E+01        0.13E+00       -0.22E-15
   23   3 sigma       -.3715555030103818E+01        0.13E+00       -0.22E-15
   23   3 sigma       -.3715555030103818E+01        0.13E+00       -0.22E-15
   24   3 sigma       -.3596288971667828E+01        0.12E+00       -0.22E-15
   24   3 sigma       -.3596288971667828E+01        0.12E+00       -0.22E-15
   25   3 sigma       -.3484859518805873E+01        0.11E+00       -0.22E-15
   25   3 sigma       -.3484859518805873E+01        0.11E+00       -0.22E-15
   26   3 sigma       -.3381649727069110E+01        0.10E+00       -0.22E-15
   26   3 sigma       -.3381649727069110E+01        0.10E+00       -0.22E-15
   27   3 sigma       -.3283695908148907E+01        0.98E-01       -0.22E-15
   27   3 sigma       -.3283695908148907E+01        0.98E-01       -0.22E-15
   28   3 sigma       -.3191383829243890E+01        0.92E-01       -0.22E-15
   28   3 sigma       -.3191383829243890E+01        0.92E-01       -0.22E-15
   29   3 sigma       -.3104513928081016E+01        0.87E-01       -0.22E-15
   29   3 sigma       -.3104513928081016E+01        0.87E-01       -0.22E-15
   30   3 sigma       -.3022811184538579E+01        0.82E-01       -0.22E-15
   30   3 sigma       -.3022811184538579E+01        0.82E-01       -0.22E-15
   31   3 sigma       -.2945838658289073E+01        0.77E-01       -0.22E-15
   31   3 sigma       -.2945838658289073E+01        0.77E-01       -0.22E-15
   32   3 sigma       -.2873270857387297E+01        0.73E-01       -0.22E-15
   32   3 sigma       -.2873270857387297E+01        0.73E-01       -0.22E-15
   33   3 sigma       -.2804831680530970E+01        0.68E-01       -0.22E-15
   33   3 sigma       -.2804831680530970E+01        0.68E-01       -0.22E-15
   34   3 sigma       -.2740308805723979E+01        0.65E-01       -0.22E-15
   34   3 sigma       -.2740308805723979E+01        0.65E-01       -0.22E-15
   35   3 sigma       -.2679493124452119E+01        0.61E-01       -0.22E-15
   35   3 sigma       -.2679493124452119E+01        0.61E-01       -0.22E-15
   36   3 sigma       -.2622218089803892E+01        0.57E-01       -0.22E-15
   36   3 sigma       -.2622218089803892E+01        0.57E-01       -0.22E-15
   37   3 sigma       -.2568261816190173E+01        0.54E-01       -0.22E-15
   37   3 sigma       -.2568261816190173E+01        0.54E-01       -0.22E-15
   38   3 sigma       -.2517420971901391E+01        0.51E-01       -0.22E-15
   38   3 sigma       -.2517420971901391E+01        0.51E-01       -0.22E-15
   39   3 sigma       -.2469528665189847E+01        0.48E-01       -0.22E-15
   39   3 sigma       -.2469528665189847E+01        0.48E-01       -0.22E-15
   40   3 sigma       -.2424431698625298E+01        0.45E-01       -0.22E-15
   40   3 sigma       -.2424431698625298E+01        0.45E-01       -0.22E-15
 ... multipole moment expansion coefficients recalculated ...
 ... writing functions to disk (current precision) ...
 total energy:    -0.1292176193792895E+03
   41   3 sigma       -.2381970164215215E+01        0.42E-01       -0.22E-15
   41   3 sigma       -.2381970164215215E+01        0.42E-01       -0.22E-15
   42   3 sigma       -.2342014611403290E+01        0.40E-01       -0.22E-15
   42   3 sigma       -.2342014611403290E+01        0.40E-01       -0.22E-15
   43   3 sigma       -.2304390635788760E+01        0.38E-01       -0.22E-15
   43   3 sigma       -.2304390635788760E+01        0.38E-01       -0.22E-15
   44   3 sigma       -.2268959331774795E+01        0.35E-01       -0.22E-15
   44   3 sigma       -.2268959331774795E+01        0.35E-01       -0.22E-15
   45   3 sigma       -.2235611725552220E+01        0.33E-01       -0.22E-15
   45   3 sigma       -.2235611725552220E+01        0.33E-01       -0.22E-15
   46   3 sigma       -.2204216803134923E+01        0.31E-01       -0.22E-15
   46   3 sigma       -.2204216803134923E+01        0.31E-01       -0.22E-15
   47   3 sigma       -.2174664140726346E+01        0.30E-01       -0.22E-15
   47   3 sigma       -.2174664140726346E+01        0.30E-01       -0.22E-15
   48   3 sigma       -.2146840486985921E+01        0.28E-01       -0.22E-15
   48   3 sigma       -.2146840486985921E+01        0.28E-01       -0.22E-15
   49   3 sigma       -.2120650051209683E+01        0.26E-01       -0.22E-15
   49   3 sigma       -.2120650051209683E+01        0.26E-01       -0.22E-15
   50   3 sigma       -.2095979006222553E+01        0.25E-01       -0.22E-15
   50   3 sigma       -.2095979006222553E+01        0.25E-01       -0.22E-15
   51   3 sigma       -.2072759930236131E+01        0.23E-01       -0.22E-15
   51   3 sigma       -.2072759930236131E+01        0.23E-01       -0.22E-15
   52   3 sigma       -.2050898385366780E+01        0.22E-01       -0.22E-15
   52   3 sigma       -.2050898385366780E+01        0.22E-01       -0.22E-15
   53   3 sigma       -.2030316233260065E+01        0.21E-01       -0.22E-15
   53   3 sigma       -.2030316233260065E+01        0.21E-01       -0.22E-15
   54   3 sigma       -.2010938550980367E+01        0.19E-01       -0.22E-15
   54   3 sigma       -.2010938550980367E+01        0.19E-01       -0.22E-15
   55   3 sigma       -.1992694684001508E+01        0.18E-01       -0.22E-15
   55   3 sigma       -.1992694684001508E+01        0.18E-01       -0.22E-15
   56   3 sigma       -.1975518632191106E+01        0.17E-01       -0.22E-15
   56   3 sigma       -.1975518632191106E+01        0.17E-01       -0.22E-15
   57   3 sigma       -.1959347843063840E+01        0.16E-01       -0.22E-15
   57   3 sigma       -.1959347843063840E+01        0.16E-01       -0.22E-15
   58   3 sigma       -.1944123278882525E+01        0.15E-01       -0.22E-15
   58   3 sigma       -.1944123278882525E+01        0.15E-01       -0.22E-15
   59   3 sigma       -.1929789545227992E+01        0.14E-01       -0.22E-15
   59   3 sigma       -.1929789545227992E+01        0.14E-01       -0.22E-15
   60   3 sigma       -.1916295481705596E+01        0.13E-01       -0.22E-15
   60   3 sigma       -.1916295481705596E+01        0.13E-01       -0.22E-15
 ... multipole moment expansion coefficients recalculated ...
 ... writing functions to disk (current precision) ...
 total energy:    -0.1256804965871042E+03
   61   3 sigma       -.1903590612635945E+01        0.13E-01       -0.22E-15
   61   3 sigma       -.1903590612635945E+01        0.13E-01       -0.22E-15
   62   3 sigma       -.1891629453421823E+01        0.12E-01       -0.22E-15
   62   3 sigma       -.1891629453421823E+01        0.12E-01       -0.22E-15
   63   3 sigma       -.1880368310446279E+01        0.11E-01       -0.22E-15
   63   3 sigma       -.1880368310446279E+01        0.11E-01       -0.22E-15
   64   3 sigma       -.1869766202192352E+01        0.11E-01       -0.22E-15
   64   3 sigma       -.1869766202192352E+01        0.11E-01       -0.22E-15
   65   3 sigma       -.1859784568297378E+01        0.10E-01       -0.22E-15
   65   3 sigma       -.1859784568297378E+01        0.10E-01       -0.22E-15
   66   3 sigma       -.1850387105150592E+01        0.94E-02       -0.22E-15
   66   3 sigma       -.1850387105150592E+01        0.94E-02       -0.22E-15
   67   3 sigma       -.1841539617267516E+01        0.88E-02       -0.22E-15
   67   3 sigma       -.1841539617267516E+01        0.88E-02       -0.22E-15
   68   3 sigma       -.1833209907856206E+01        0.83E-02       -0.22E-15
   68   3 sigma       -.1833209907856206E+01        0.83E-02       -0.22E-15
   69   3 sigma       -.1825367669807120E+01        0.78E-02       -0.22E-15
   69   3 sigma       -.1825367669807120E+01        0.78E-02       -0.22E-15
   70   3 sigma       -.1817984374300622E+01        0.74E-02       -0.22E-15
   70   3 sigma       -.1817984374300622E+01        0.74E-02       -0.22E-15
   71   3 sigma       -.1811033172998775E+01        0.70E-02       -0.22E-15
   71   3 sigma       -.1811033172998775E+01        0.70E-02       -0.22E-15
   72   3 sigma       -.1804488779256477E+01        0.65E-02       -0.22E-15
   72   3 sigma       -.1804488779256477E+01        0.65E-02       -0.22E-15
   73   3 sigma       -.1798327380551338E+01        0.62E-02       -0.22E-15
   73   3 sigma       -.1798327380551338E+01        0.62E-02       -0.22E-15
   74   3 sigma       -.1792526568425476E+01        0.58E-02       -0.22E-15
   74   3 sigma       -.1792526568425476E+01        0.58E-02       -0.22E-15
   75   3 sigma       -.1787065237558926E+01        0.55E-02       -0.22E-15
   75   3 sigma       -.1787065237558926E+01        0.55E-02       -0.22E-15
   76   3 sigma       -.1781923520256372E+01        0.51E-02       -0.22E-15
   76   3 sigma       -.1781923520256372E+01        0.51E-02       -0.22E-15
   77   3 sigma       -.1777082711837259E+01        0.48E-02       -0.22E-15
   77   3 sigma       -.1777082711837259E+01        0.48E-02       -0.22E-15
   78   3 sigma       -.1772525201536688E+01        0.46E-02       -0.22E-15
   78   3 sigma       -.1772525201536688E+01        0.46E-02       -0.22E-15
   79   3 sigma       -.1768234409803544E+01        0.43E-02       -0.22E-15
   79   3 sigma       -.1768234409803544E+01        0.43E-02       -0.22E-15
   80   3 sigma       -.1764194727854758E+01        0.40E-02       -0.22E-15
   80   3 sigma       -.1764194727854758E+01        0.40E-02       -0.22E-15
 ... multipole moment expansion coefficients recalculated ...
 ... writing functions to disk (current precision) ...
 total energy:    -0.1246215827233924E+03
   81   3 sigma       -.1760391460179941E+01        0.38E-02       -0.22E-15
   81   3 sigma       -.1760391460179941E+01        0.38E-02       -0.22E-15
   82   3 sigma       -.1756810771022078E+01        0.36E-02       -0.22E-15
   82   3 sigma       -.1756810771022078E+01        0.36E-02       -0.22E-15
   83   3 sigma       -.1753439634789101E+01        0.34E-02       -0.22E-15
   83   3 sigma       -.1753439634789101E+01        0.34E-02       -0.22E-15
   84   3 sigma       -.1750265787580931E+01        0.32E-02       -0.22E-15
   84   3 sigma       -.1750265787580931E+01        0.32E-02       -0.22E-15
   85   3 sigma       -.1747277682969706E+01        0.30E-02       -0.22E-15
   85   3 sigma       -.1747277682969706E+01        0.30E-02       -0.22E-15
   86   3 sigma       -.1744464451166641E+01        0.28E-02       -0.22E-15
   86   3 sigma       -.1744464451166641E+01        0.28E-02       -0.22E-15
   87   3 sigma       -.1741815858164376E+01        0.26E-02       -0.22E-15
   87   3 sigma       -.1741815858164376E+01        0.26E-02       -0.22E-15
   88   3 sigma       -.1739322268772247E+01        0.25E-02       -0.22E-15
   88   3 sigma       -.1739322268772247E+01        0.25E-02       -0.22E-15
   89   3 sigma       -.1736974611857256E+01        0.23E-02       -0.22E-15
   89   3 sigma       -.1736974611857256E+01        0.23E-02       -0.22E-15
   90   3 sigma       -.1734764346821004E+01        0.22E-02       -0.22E-15
   90   3 sigma       -.1734764346821004E+01        0.22E-02       -0.22E-15
   91   3 sigma       -.1732683433140695E+01        0.21E-02       -0.22E-15
   91   3 sigma       -.1732683433140695E+01        0.21E-02       -0.22E-15
   92   3 sigma       -.1730724300813039E+01        0.20E-02       -0.22E-15
   92   3 sigma       -.1730724300813039E+01        0.20E-02       -0.22E-15
   93   3 sigma       -.1728879822804087E+01        0.18E-02       -0.22E-15
   93   3 sigma       -.1728879822804087E+01        0.18E-02       -0.22E-15
   94   3 sigma       -.1727143289202155E+01        0.17E-02       -0.22E-15
   94   3 sigma       -.1727143289202155E+01        0.17E-02       -0.22E-15
   95   3 sigma       -.1725508382775162E+01        0.16E-02       -0.22E-15
   95   3 sigma       -.1725508382775162E+01        0.16E-02       -0.22E-15
   96   3 sigma       -.1723969155987943E+01        0.15E-02       -0.22E-15
   96   3 sigma       -.1723969155987943E+01        0.15E-02       -0.22E-15
   97   3 sigma       -.1722520009376844E+01        0.14E-02       -0.22E-15
   97   3 sigma       -.1722520009376844E+01        0.14E-02       -0.22E-15
   98   3 sigma       -.1721155671193527E+01        0.14E-02       -0.22E-15
   98   3 sigma       -.1721155671193527E+01        0.14E-02       -0.22E-15
   99   3 sigma       -.1719871178180824E+01        0.13E-02       -0.22E-15
   99   3 sigma       -.1719871178180824E+01        0.13E-02       -0.22E-15
  100   3 sigma       -.1718661857560383E+01        0.12E-02       -0.22E-15
  100   3 sigma       -.1718661857560383E+01        0.12E-02       -0.22E-15
 ... multipole moment expansion coefficients recalculated ...
 ... writing functions to disk (current precision) ...
 total energy:    -0.1243045862007225E+03
  101   3 sigma       -.1717523310020637E+01        0.11E-02       -0.22E-15
  101   3 sigma       -.1717523310020637E+01        0.11E-02       -0.22E-15
  102   3 sigma       -.1716451393706787E+01        0.11E-02       -0.22E-15
  102   3 sigma       -.1716451393706787E+01        0.11E-02       -0.22E-15
  103   3 sigma       -.1715442209159404E+01        0.10E-02       -0.22E-15
  103   3 sigma       -.1715442209159404E+01        0.10E-02       -0.22E-15
  104   3 sigma       -.1714492085127743E+01        0.95E-03       -0.22E-15
  104   3 sigma       -.1714492085127743E+01        0.95E-03       -0.22E-15
  105   3 sigma       -.1713597565212380E+01        0.89E-03       -0.22E-15
  105   3 sigma       -.1713597565212380E+01        0.89E-03       -0.22E-15
  106   3 sigma       -.1712755395292540E+01        0.84E-03       -0.22E-15
  106   3 sigma       -.1712755395292540E+01        0.84E-03       -0.22E-15
  107   3 sigma       -.1711962511688768E+01        0.79E-03       -0.22E-15
  107   3 sigma       -.1711962511688768E+01        0.79E-03       -0.22E-15
  108   3 sigma       -.1711216030018909E+01        0.75E-03       -0.22E-15
  108   3 sigma       -.1711216030018909E+01        0.75E-03       -0.22E-15
  109   3 sigma       -.1710513234701734E+01        0.70E-03       -0.22E-15
  109   3 sigma       -.1710513234701734E+01        0.70E-03       -0.22E-15
  110   3 sigma       -.1709851569080218E+01        0.66E-03       -0.22E-15
  110   3 sigma       -.1709851569080218E+01        0.66E-03       -0.22E-15
  111   3 sigma       -.1709228626120776E+01        0.62E-03       -0.22E-15
  111   3 sigma       -.1709228626120776E+01        0.62E-03       -0.22E-15
  112   3 sigma       -.1708642139656915E+01        0.59E-03       -0.22E-15
  112   3 sigma       -.1708642139656915E+01        0.59E-03       -0.22E-15
  113   3 sigma       -.1708089976144908E+01        0.55E-03       -0.22E-15
  113   3 sigma       -.1708089976144908E+01        0.55E-03       -0.22E-15
  114   3 sigma       -.1707570126902082E+01        0.52E-03       -0.22E-15
  114   3 sigma       -.1707570126902082E+01        0.52E-03       -0.22E-15
  115   3 sigma       -.1707080700800352E+01        0.49E-03       -0.22E-15
  115   3 sigma       -.1707080700800352E+01        0.49E-03       -0.22E-15
  116   3 sigma       -.1706619917386121E+01        0.46E-03       -0.22E-15
  116   3 sigma       -.1706619917386121E+01        0.46E-03       -0.22E-15
  117   3 sigma       -.1706186100403052E+01        0.43E-03       -0.22E-15
  117   3 sigma       -.1706186100403052E+01        0.43E-03       -0.22E-15
  118   3 sigma       -.1705777671694586E+01        0.41E-03       -0.22E-15
  118   3 sigma       -.1705777671694586E+01        0.41E-03       -0.22E-15
  119   3 sigma       -.1705393145462557E+01        0.38E-03       -0.22E-15
  119   3 sigma       -.1705393145462557E+01        0.38E-03       -0.22E-15
  120   3 sigma       -.1705031122861858E+01        0.36E-03       -0.22E-15
  120   3 sigma       -.1705031122861858E+01        0.36E-03       -0.22E-15
 ... multipole moment expansion coefficients recalculated ...
 ... writing functions to disk (current precision) ...
 total energy:    -0.1242096900195347E+03
  121   3 sigma       -.1704690286912664E+01        0.34E-03       -0.22E-15
  121   3 sigma       -.1704690286912664E+01        0.34E-03       -0.22E-15
  122   3 sigma       -.1704369397708255E+01        0.32E-03       -0.22E-15
  122   3 sigma       -.1704369397708255E+01        0.32E-03       -0.22E-15
  123   3 sigma       -.1704067287905206E+01        0.30E-03       -0.22E-15
  123   3 sigma       -.1704067287905206E+01        0.30E-03       -0.22E-15
  124   3 sigma       -.1703782858476398E+01        0.28E-03       -0.22E-15
  124   3 sigma       -.1703782858476398E+01        0.28E-03       -0.22E-15
  125   3 sigma       -.1703515074713156E+01        0.27E-03       -0.22E-15
  125   3 sigma       -.1703515074713156E+01        0.27E-03       -0.22E-15
  126   3 sigma       -.1703262962461265E+01        0.25E-03       -0.22E-15
  126   3 sigma       -.1703262962461265E+01        0.25E-03       -0.22E-15
  127   3 sigma       -.1703025604576384E+01        0.24E-03       -0.22E-15
  127   3 sigma       -.1703025604576384E+01        0.24E-03       -0.22E-15
  128   3 sigma       -.1702802137588941E+01        0.22E-03       -0.22E-15
  128   3 sigma       -.1702802137588941E+01        0.22E-03       -0.22E-15
  129   3 sigma       -.1702591748561730E+01        0.21E-03       -0.22E-15
  129   3 sigma       -.1702591748561730E+01        0.21E-03       -0.22E-15
  130   3 sigma       -.1702393672132935E+01        0.20E-03       -0.22E-15
  130   3 sigma       -.1702393672132935E+01        0.20E-03       -0.22E-15
  131   3 sigma       -.1702207187732474E+01        0.19E-03       -0.22E-15
  131   3 sigma       -.1702207187732474E+01        0.19E-03       -0.22E-15
  132   3 sigma       -.1702031616960101E+01        0.18E-03       -0.22E-15
  132   3 sigma       -.1702031616960101E+01        0.18E-03       -0.22E-15
  133   3 sigma       -.1701866321117311E+01        0.17E-03       -0.22E-15
  133   3 sigma       -.1701866321117311E+01        0.17E-03       -0.22E-15
  134   3 sigma       -.1701710698884535E+01        0.16E-03       -0.22E-15
  134   3 sigma       -.1701710698884535E+01        0.16E-03       -0.22E-15
  135   3 sigma       -.1701564184132716E+01        0.15E-03       -0.22E-15
  135   3 sigma       -.1701564184132716E+01        0.15E-03       -0.22E-15
  136   3 sigma       -.1701426243864816E+01        0.14E-03       -0.22E-15
  136   3 sigma       -.1701426243864816E+01        0.14E-03       -0.22E-15
  137   3 sigma       -.1701296376276204E+01        0.13E-03       -0.22E-15
  137   3 sigma       -.1701296376276204E+01        0.13E-03       -0.22E-15
  138   3 sigma       -.1701174108929617E+01        0.12E-03       -0.22E-15
  138   3 sigma       -.1701174108929617E+01        0.12E-03       -0.22E-15
  139   3 sigma       -.1701058997035785E+01        0.12E-03       -0.22E-15
  139   3 sigma       -.1701058997035785E+01        0.12E-03       -0.22E-15
  140   3 sigma       -.1700950621836146E+01        0.11E-03       -0.22E-15
  140   3 sigma       -.1700950621836146E+01        0.11E-03       -0.22E-15
 ... multipole moment expansion coefficients recalculated ...
 ... writing functions to disk (current precision) ...
 total energy:    -0.1241812818688967E+03
  141   3 sigma       -.1700848589079081E+01        0.10E-03       -0.22E-15
  141   3 sigma       -.1700848589079081E+01        0.10E-03       -0.22E-15
  142   3 sigma       -.1700752527586028E+01        0.96E-04       -0.22E-15
  142   3 sigma       -.1700752527586028E+01        0.96E-04       -0.22E-15
  143   3 sigma       -.1700662087900181E+01        0.90E-04       -0.22E-15
  143   3 sigma       -.1700662087900181E+01        0.90E-04       -0.22E-15
  144   3 sigma       -.1700576941016962E+01        0.85E-04       -0.22E-15
  144   3 sigma       -.1700576941016962E+01        0.85E-04       -0.22E-15
  145   3 sigma       -.1700496777185453E+01        0.80E-04       -0.22E-15
  145   3 sigma       -.1700496777185453E+01        0.80E-04       -0.22E-15
  146   3 sigma       -.1700421304782337E+01        0.75E-04       -0.22E-15
  146   3 sigma       -.1700421304782337E+01        0.75E-04       -0.22E-15
  147   3 sigma       -.1700350249251249E+01        0.71E-04       -0.22E-15
  147   3 sigma       -.1700350249251249E+01        0.71E-04       -0.22E-15
  148   3 sigma       -.1700283352103455E+01        0.67E-04       -0.22E-15
  148   3 sigma       -.1700283352103455E+01        0.67E-04       -0.22E-15
  149   3 sigma       -.1700220369978044E+01        0.63E-04       -0.22E-15
  149   3 sigma       -.1700220369978044E+01        0.63E-04       -0.22E-15
  150   3 sigma       -.1700161073756107E+01        0.59E-04       -0.22E-15
  150   3 sigma       -.1700161073756107E+01        0.59E-04       -0.22E-15
  151   3 sigma       -.1700105247727404E+01        0.56E-04       -0.22E-15
  151   3 sigma       -.1700105247727404E+01        0.56E-04       -0.22E-15
  152   3 sigma       -.1700052688805698E+01        0.53E-04       -0.22E-15
  152   3 sigma       -.1700052688805698E+01        0.53E-04       -0.22E-15
  153   3 sigma       -.1700003205790075E+01        0.49E-04       -0.22E-15
  153   3 sigma       -.1700003205790075E+01        0.49E-04       -0.22E-15
  154   3 sigma       -.1699956618669553E+01        0.47E-04       -0.22E-15
  154   3 sigma       -.1699956618669553E+01        0.47E-04       -0.22E-15
  155   3 sigma       -.1699912757967393E+01        0.44E-04       -0.22E-15
  155   3 sigma       -.1699912757967393E+01        0.44E-04       -0.22E-15
  156   3 sigma       -.1699871464125399E+01        0.41E-04       -0.22E-15
  156   3 sigma       -.1699871464125399E+01        0.41E-04       -0.22E-15
  157   3 sigma       -.1699832586923236E+01        0.39E-04       -0.22E-15
  157   3 sigma       -.1699832586923236E+01        0.39E-04       -0.22E-15
  158   3 sigma       -.1699795984931820E+01        0.37E-04       -0.22E-15
  158   3 sigma       -.1699795984931820E+01        0.37E-04       -0.22E-15
  159   3 sigma       -.1699761524999122E+01        0.34E-04       -0.22E-15
  159   3 sigma       -.1699761524999122E+01        0.34E-04       -0.22E-15
  160   3 sigma       -.1699729081765172E+01        0.32E-04       -0.22E-15
  160   3 sigma       -.1699729081765172E+01        0.32E-04       -0.22E-15
 ... multipole moment expansion coefficients recalculated ...
 ... writing functions to disk (current precision) ...
 total energy:    -0.1241727775959834E+03
  161   3 sigma       -.1699698537206967E+01        0.31E-04       -0.22E-15
  161   3 sigma       -.1699698537206967E+01        0.31E-04       -0.22E-15
  162   3 sigma       -.1699669780208005E+01        0.29E-04       -0.22E-15
  162   3 sigma       -.1699669780208005E+01        0.29E-04       -0.22E-15
  163   3 sigma       -.1699642706155386E+01        0.27E-04       -0.22E-15
  163   3 sigma       -.1699642706155386E+01        0.27E-04       -0.22E-15
  164   3 sigma       -.1699617216557646E+01        0.25E-04       -0.22E-15
  164   3 sigma       -.1699617216557646E+01        0.25E-04       -0.22E-15
  165   3 sigma       -.1699593218687870E+01        0.24E-04       -0.22E-15
  165   3 sigma       -.1699593218687870E+01        0.24E-04       -0.22E-15
  166   3 sigma       -.1699570625245491E+01        0.23E-04       -0.22E-15
  166   3 sigma       -.1699570625245491E+01        0.23E-04       -0.22E-15
  167   3 sigma       -.1699549354039300E+01        0.21E-04       -0.22E-15
  167   3 sigma       -.1699549354039300E+01        0.21E-04       -0.22E-15
  168   3 sigma       -.1699529327688154E+01        0.20E-04       -0.22E-15
  168   3 sigma       -.1699529327688154E+01        0.20E-04       -0.22E-15
  169   3 sigma       -.1699510473339240E+01        0.19E-04       -0.22E-15
  169   3 sigma       -.1699510473339240E+01        0.19E-04       -0.22E-15
  170   3 sigma       -.1699492722403651E+01        0.18E-04       -0.22E-15
  170   3 sigma       -.1699492722403651E+01        0.18E-04       -0.22E-15
  171   3 sigma       -.1699476010305997E+01        0.17E-04       -0.22E-15
  171   3 sigma       -.1699476010305997E+01        0.17E-04       -0.22E-15
  172   3 sigma       -.1699460276250642E+01        0.16E-04       -0.22E-15
  172   3 sigma       -.1699460276250642E+01        0.16E-04       -0.22E-15
  173   3 sigma       -.1699445462999652E+01        0.15E-04       -0.22E-15
  173   3 sigma       -.1699445462999652E+01        0.15E-04       -0.22E-15
  174   3 sigma       -.1699431516664553E+01        0.14E-04       -0.22E-15
  174   3 sigma       -.1699431516664553E+01        0.14E-04       -0.22E-15
  175   3 sigma       -.1699418386510931E+01        0.13E-04       -0.22E-15
  175   3 sigma       -.1699418386510931E+01        0.13E-04       -0.22E-15
  176   3 sigma       -.1699406024773397E+01        0.12E-04       -0.22E-15
  176   3 sigma       -.1699406024773397E+01        0.12E-04       -0.22E-15
  177   3 sigma       -.1699394386481902E+01        0.12E-04       -0.22E-15
  177   3 sigma       -.1699394386481902E+01        0.12E-04       -0.22E-15
  178   3 sigma       -.1699383429298260E+01        0.11E-04       -0.22E-15
  178   3 sigma       -.1699383429298260E+01        0.11E-04       -0.22E-15
  179   3 sigma       -.1699373113361908E+01        0.10E-04       -0.22E-15
  179   3 sigma       -.1699373113361908E+01        0.10E-04       -0.22E-15
  180   3 sigma       -.1699363401145282E+01        0.97E-05       -0.22E-15
  180   3 sigma       -.1699363401145282E+01        0.97E-05       -0.22E-15
 ... multipole moment expansion coefficients recalculated ...
 ... writing functions to disk (current precision) ...
 total energy:    -0.1241702317541686E+03
  181   3 sigma       -.1699354257316616E+01        0.91E-05       -0.22E-15
  181   3 sigma       -.1699354257316616E+01        0.91E-05       -0.22E-15
  182   3 sigma       -.1699345648612455E+01        0.86E-05       -0.22E-15
  182   3 sigma       -.1699345648612455E+01        0.86E-05       -0.22E-15
  183   3 sigma       -.1699337543715481E+01        0.81E-05       -0.22E-15
  183   3 sigma       -.1699337543715481E+01        0.81E-05       -0.22E-15
  184   3 sigma       -.1699329913141563E+01        0.76E-05       -0.22E-15
  184   3 sigma       -.1699329913141563E+01        0.76E-05       -0.22E-15
  185   3 sigma       -.1699322729131568E+01        0.72E-05       -0.22E-15
  185   3 sigma       -.1699322729131568E+01        0.72E-05       -0.22E-15
  186   3 sigma       -.1699315965551609E+01        0.68E-05       -0.22E-15
  186   3 sigma       -.1699315965551609E+01        0.68E-05       -0.22E-15
  187   3 sigma       -.1699309597796729E+01        0.64E-05       -0.22E-15
  187   3 sigma       -.1699309597796729E+01        0.64E-05       -0.22E-15
  188   3 sigma       -.1699303602702001E+01        0.60E-05       -0.22E-15
  188   3 sigma       -.1699303602702001E+01        0.60E-05       -0.22E-15
  189   3 sigma       -.1699297958458082E+01        0.56E-05       -0.22E-15
  189   3 sigma       -.1699297958458082E+01        0.56E-05       -0.22E-15
  190   3 sigma       -.1699292644532369E+01        0.53E-05       -0.22E-15
  190   3 sigma       -.1699292644532369E+01        0.53E-05       -0.22E-15
  191   3 sigma       -.1699287641593466E+01        0.50E-05       -0.22E-15
  191   3 sigma       -.1699287641593466E+01        0.50E-05       -0.22E-15
  192   3 sigma       -.1699282931441765E+01        0.47E-05       -0.22E-15
  192   3 sigma       -.1699282931441765E+01        0.47E-05       -0.22E-15
  193   3 sigma       -.1699278496942350E+01        0.44E-05       -0.22E-15
  193   3 sigma       -.1699278496942350E+01        0.44E-05       -0.22E-15
  194   3 sigma       -.1699274321963003E+01        0.42E-05       -0.22E-15
  194   3 sigma       -.1699274321963003E+01        0.42E-05       -0.22E-15
  195   3 sigma       -.1699270391316182E+01        0.39E-05       -0.22E-15
  195   3 sigma       -.1699270391316182E+01        0.39E-05       -0.22E-15
  196   3 sigma       -.1699266690702505E+01        0.37E-05       -0.22E-15
  196   3 sigma       -.1699266690702505E+01        0.37E-05       -0.22E-15
  197   3 sigma       -.1699263206659944E+01        0.35E-05       -0.22E-15
  197   3 sigma       -.1699263206659944E+01        0.35E-05       -0.22E-15
  198   3 sigma       -.1699259926513985E+01        0.33E-05       -0.22E-15
  198   3 sigma       -.1699259926513985E+01        0.33E-05       -0.22E-15
  199   3 sigma       -.1699256838331960E+01        0.31E-05       -0.22E-15
  199   3 sigma       -.1699256838331960E+01        0.31E-05       -0.22E-15
  200   3 sigma       -.1699253930879786E+01        0.29E-05       -0.22E-15
  200   3 sigma       -.1699253930879786E+01        0.29E-05       -0.22E-15
 ... multipole moment expansion coefficients recalculated ...
 ... writing functions to disk (current precision) ...
 total energy:    -0.1241694696301621E+03
  201   3 sigma       -.1699251193580354E+01        0.27E-05       -0.22E-15
  201   3 sigma       -.1699251193580354E+01        0.27E-05       -0.22E-15
  202   3 sigma       -.1699248616476050E+01        0.26E-05       -0.22E-15
  202   3 sigma       -.1699248616476050E+01        0.26E-05       -0.22E-15
  203   3 sigma       -.1699246190191518E+01        0.24E-05       -0.22E-15
  203   3 sigma       -.1699246190191518E+01        0.24E-05       -0.22E-15
  204   3 sigma       -.1699243905900495E+01        0.23E-05       -0.22E-15
  204   3 sigma       -.1699243905900495E+01        0.23E-05       -0.22E-15
  205   3 sigma       -.1699241755293043E+01        0.22E-05       -0.22E-15
  205   3 sigma       -.1699241755293043E+01        0.22E-05       -0.22E-15
  206   3 sigma       -.1699239730545543E+01        0.20E-05       -0.22E-15
  206   3 sigma       -.1699239730545543E+01        0.20E-05       -0.22E-15
  207   3 sigma       -.1699237824292432E+01        0.19E-05       -0.22E-15
  207   3 sigma       -.1699237824292432E+01        0.19E-05       -0.22E-15
  208   3 sigma       -.1699236029598785E+01        0.18E-05       -0.22E-15
  208   3 sigma       -.1699236029598785E+01        0.18E-05       -0.22E-15
  209   3 sigma       -.1699234339936437E+01        0.17E-05       -0.22E-15
  209   3 sigma       -.1699234339936437E+01        0.17E-05       -0.22E-15
  210   3 sigma       -.1699232749157980E+01        0.16E-05       -0.22E-15
  210   3 sigma       -.1699232749157980E+01        0.16E-05       -0.22E-15
  211   3 sigma       -.1699231251476514E+01        0.15E-05       -0.22E-15
  211   3 sigma       -.1699231251476514E+01        0.15E-05       -0.22E-15
  212   3 sigma       -.1699229841444087E+01        0.14E-05       -0.22E-15
  212   3 sigma       -.1699229841444087E+01        0.14E-05       -0.22E-15
  213   3 sigma       -.1699228513930949E+01        0.13E-05       -0.22E-15
  213   3 sigma       -.1699228513930949E+01        0.13E-05       -0.22E-15
  214   3 sigma       -.1699227264107737E+01        0.12E-05       -0.22E-15
  214   3 sigma       -.1699227264107737E+01        0.12E-05       -0.22E-15
  215   3 sigma       -.1699226087428006E+01        0.12E-05       -0.22E-15
  215   3 sigma       -.1699226087428006E+01        0.12E-05       -0.22E-15
  216   3 sigma       -.1699224979611225E+01        0.11E-05       -0.22E-15
  216   3 sigma       -.1699224979611225E+01        0.11E-05       -0.22E-15
  217   3 sigma       -.1699223936627115E+01        0.10E-05       -0.22E-15
  217   3 sigma       -.1699223936627115E+01        0.10E-05       -0.22E-15
  218   3 sigma       -.1699222954681684E+01        0.98E-06       -0.22E-15
  218   3 sigma       -.1699222954681684E+01        0.98E-06       -0.22E-15
  219   3 sigma       -.1699222030202575E+01        0.92E-06       -0.22E-15
  219   3 sigma       -.1699222030202575E+01        0.92E-06       -0.22E-15
  220   3 sigma       -.1699221159826722E+01        0.87E-06       -0.22E-15
  220   3 sigma       -.1699221159826722E+01        0.87E-06       -0.22E-15
 ... multipole moment expansion coefficients recalculated ...
 ... writing functions to disk (current precision) ...
 total energy:    -0.1241692414804795E+03
  221   3 sigma       -.1699220340387823E+01        0.82E-06       -0.22E-15
  221   3 sigma       -.1699220340387823E+01        0.82E-06       -0.22E-15
  222   3 sigma       -.1699219568905184E+01        0.77E-06       -0.22E-15
  222   3 sigma       -.1699219568905184E+01        0.77E-06       -0.22E-15
  223   3 sigma       -.1699218842571881E+01        0.73E-06       -0.22E-15
  223   3 sigma       -.1699218842571881E+01        0.73E-06       -0.22E-15
  224   3 sigma       -.1699218158745875E+01        0.68E-06       -0.22E-15
  224   3 sigma       -.1699218158745875E+01        0.68E-06       -0.22E-15
  225   3 sigma       -.1699217514939155E+01        0.64E-06       -0.22E-15
  225   3 sigma       -.1699217514939155E+01        0.64E-06       -0.22E-15
  226   3 sigma       -.1699216908810133E+01        0.61E-06       -0.22E-15
  226   3 sigma       -.1699216908810133E+01        0.61E-06       -0.22E-15
  227   3 sigma       -.1699216338153670E+01        0.57E-06       -0.22E-15
  227   3 sigma       -.1699216338153670E+01        0.57E-06       -0.22E-15
  228   3 sigma       -.1699215800893613E+01        0.54E-06       -0.22E-15
  228   3 sigma       -.1699215800893613E+01        0.54E-06       -0.22E-15
  229   3 sigma       -.1699215295075765E+01        0.51E-06       -0.22E-15
  229   3 sigma       -.1699215295075765E+01        0.51E-06       -0.22E-15
  230   3 sigma       -.1699214818859719E+01        0.48E-06       -0.22E-15
  230   3 sigma       -.1699214818859719E+01        0.48E-06       -0.22E-15
  231   3 sigma       -.1699214370513314E+01        0.45E-06       -0.22E-15
  231   3 sigma       -.1699214370513314E+01        0.45E-06       -0.22E-15
  232   3 sigma       -.1699213948405649E+01        0.42E-06       -0.22E-15
  232   3 sigma       -.1699213948405649E+01        0.42E-06       -0.22E-15
  233   3 sigma       -.1699213551000788E+01        0.40E-06       -0.22E-15
  233   3 sigma       -.1699213551000788E+01        0.40E-06       -0.22E-15
  234   3 sigma       -.1699213176853478E+01        0.37E-06       -0.22E-15
  234   3 sigma       -.1699213176853478E+01        0.37E-06       -0.22E-15
  235   3 sigma       -.1699212824602286E+01        0.35E-06       -0.22E-15
  235   3 sigma       -.1699212824602286E+01        0.35E-06       -0.22E-15
  236   3 sigma       -.1699212492965799E+01        0.33E-06       -0.22E-15
  236   3 sigma       -.1699212492965799E+01        0.33E-06       -0.22E-15
  237   3 sigma       -.1699212180737746E+01        0.31E-06       -0.22E-15
  237   3 sigma       -.1699212180737746E+01        0.31E-06       -0.22E-15
  238   3 sigma       -.1699211886782148E+01        0.29E-06       -0.22E-15
  238   3 sigma       -.1699211886782148E+01        0.29E-06       -0.22E-15
  239   3 sigma       -.1699211610029957E+01        0.28E-06       -0.22E-15
  239   3 sigma       -.1699211610029957E+01        0.28E-06       -0.22E-15
  240   3 sigma       -.1699211349473948E+01        0.26E-06       -0.22E-15
  240   3 sigma       -.1699211349473948E+01        0.26E-06       -0.22E-15
 ... multipole moment expansion coefficients recalculated ...
 ... writing functions to disk (current precision) ...
 total energy:    -0.1241691731815189E+03
  241   3 sigma       -.1699211104166459E+01        0.25E-06       -0.22E-15
  241   3 sigma       -.1699211104166459E+01        0.25E-06       -0.22E-15
  242   3 sigma       -.1699210873214993E+01        0.23E-06       -0.22E-15
  242   3 sigma       -.1699210873214993E+01        0.23E-06       -0.22E-15
  243   3 sigma       -.1699210655779790E+01        0.22E-06       -0.22E-15
  243   3 sigma       -.1699210655779790E+01        0.22E-06       -0.22E-15
  244   3 sigma       -.1699210451069394E+01        0.20E-06       -0.22E-15
  244   3 sigma       -.1699210451069394E+01        0.20E-06       -0.22E-15
  245   3 sigma       -.1699210258339285E+01        0.19E-06       -0.22E-15
  245   3 sigma       -.1699210258339285E+01        0.19E-06       -0.22E-15
  246   3 sigma       -.1699210076888242E+01        0.18E-06       -0.22E-15
  246   3 sigma       -.1699210076888242E+01        0.18E-06       -0.22E-15
  247   3 sigma       -.1699209906056424E+01        0.17E-06       -0.22E-15
  247   3 sigma       -.1699209906056424E+01        0.17E-06       -0.22E-15
  248   3 sigma       -.1699209745221971E+01        0.16E-06       -0.22E-15
  248   3 sigma       -.1699209745221971E+01        0.16E-06       -0.22E-15
  249   3 sigma       -.1699209593800232E+01        0.15E-06       -0.22E-15
  249   3 sigma       -.1699209593800232E+01        0.15E-06       -0.22E-15
  250   3 sigma       -.1699209451240137E+01        0.14E-06       -0.22E-15
  250   3 sigma       -.1699209451240137E+01        0.14E-06       -0.22E-15
  251   3 sigma       -.1699209317022932E+01        0.13E-06       -0.22E-15
  251   3 sigma       -.1699209317022932E+01        0.13E-06       -0.22E-15
  252   3 sigma       -.1699209190660607E+01        0.13E-06       -0.22E-15
  252   3 sigma       -.1699209190660607E+01        0.13E-06       -0.22E-15
  253   3 sigma       -.1699209071693463E+01        0.12E-06       -0.22E-15
  253   3 sigma       -.1699209071693463E+01        0.12E-06       -0.22E-15
  254   3 sigma       -.1699208959688553E+01        0.11E-06       -0.22E-15
  254   3 sigma       -.1699208959688553E+01        0.11E-06       -0.22E-15
  255   3 sigma       -.1699208854238462E+01        0.11E-06       -0.22E-15
  255   3 sigma       -.1699208854238462E+01        0.11E-06       -0.22E-15
  256   3 sigma       -.1699208754959797E+01        0.99E-07       -0.22E-15
  256   3 sigma       -.1699208754959797E+01        0.99E-07       -0.22E-15
  257   3 sigma       -.1699208661491140E+01        0.93E-07       -0.22E-15
  257   3 sigma       -.1699208661491140E+01        0.93E-07       -0.22E-15
  258   3 sigma       -.1699208573492465E+01        0.88E-07       -0.22E-15
  258   3 sigma       -.1699208573492465E+01        0.88E-07       -0.22E-15
  259   3 sigma       -.1699208490643738E+01        0.83E-07       -0.22E-15
  259   3 sigma       -.1699208490643738E+01        0.83E-07       -0.22E-15
  260   3 sigma       -.1699208412643738E+01        0.78E-07       -0.22E-15
  260   3 sigma       -.1699208412643738E+01        0.78E-07       -0.22E-15
 ... multipole moment expansion coefficients recalculated ...
 ... writing functions to disk (current precision) ...
 total energy:    -0.1241691527355202E+03
  261   3 sigma       -.1699208339208370E+01        0.73E-07       -0.22E-15
  261   3 sigma       -.1699208339208370E+01        0.73E-07       -0.22E-15
  262   3 sigma       -.1699208270070715E+01        0.69E-07       -0.22E-15
  262   3 sigma       -.1699208270070715E+01        0.69E-07       -0.22E-15
  263   3 sigma       -.1699208204979138E+01        0.65E-07       -0.22E-15
  263   3 sigma       -.1699208204979138E+01        0.65E-07       -0.22E-15
  264   3 sigma       -.1699208143696973E+01        0.61E-07       -0.22E-15
  264   3 sigma       -.1699208143696973E+01        0.61E-07       -0.22E-15
  265   3 sigma       -.1699208086001139E+01        0.58E-07       -0.22E-15
  265   3 sigma       -.1699208086001139E+01        0.58E-07       -0.22E-15
  266   3 sigma       -.1699208031681998E+01        0.54E-07       -0.22E-15
  266   3 sigma       -.1699208031681998E+01        0.54E-07       -0.22E-15
  267   3 sigma       -.1699207980541640E+01        0.51E-07       -0.22E-15
  267   3 sigma       -.1699207980541640E+01        0.51E-07       -0.22E-15
  268   3 sigma       -.1699207932394300E+01        0.48E-07       -0.22E-15
  268   3 sigma       -.1699207932394300E+01        0.48E-07       -0.22E-15
  269   3 sigma       -.1699207887064588E+01        0.45E-07       -0.22E-15
  269   3 sigma       -.1699207887064588E+01        0.45E-07       -0.22E-15
  270   3 sigma       -.1699207844387757E+01        0.43E-07       -0.22E-15
  270   3 sigma       -.1699207844387757E+01        0.43E-07       -0.22E-15
  271   3 sigma       -.1699207804208523E+01        0.40E-07       -0.22E-15
  271   3 sigma       -.1699207804208523E+01        0.40E-07       -0.22E-15
  272   3 sigma       -.1699207766380635E+01        0.38E-07       -0.22E-15
  272   3 sigma       -.1699207766380635E+01        0.38E-07       -0.22E-15
  273   3 sigma       -.1699207730766572E+01        0.36E-07       -0.22E-15
  273   3 sigma       -.1699207730766572E+01        0.36E-07       -0.22E-15
  274   3 sigma       -.1699207697236686E+01        0.34E-07       -0.22E-15
  274   3 sigma       -.1699207697236686E+01        0.34E-07       -0.22E-15
  275   3 sigma       -.1699207665669142E+01        0.32E-07       -0.22E-15
  275   3 sigma       -.1699207665669142E+01        0.32E-07       -0.22E-15
  276   3 sigma       -.1699207635949021E+01        0.30E-07       -0.22E-15
  276   3 sigma       -.1699207635949021E+01        0.30E-07       -0.22E-15
  277   3 sigma       -.1699207607968297E+01        0.28E-07       -0.22E-15
  277   3 sigma       -.1699207607968297E+01        0.28E-07       -0.22E-15
  278   3 sigma       -.1699207581624925E+01        0.26E-07       -0.22E-15
  278   3 sigma       -.1699207581624925E+01        0.26E-07       -0.22E-15
  279   3 sigma       -.1699207556823348E+01        0.25E-07       -0.22E-15
  279   3 sigma       -.1699207556823348E+01        0.25E-07       -0.22E-15
  280   3 sigma       -.1699207533473126E+01        0.23E-07       -0.22E-15
  280   3 sigma       -.1699207533473126E+01        0.23E-07       -0.22E-15
 ... multipole moment expansion coefficients recalculated ...
 ... writing functions to disk (current precision) ...
 total energy:    -0.1241691466148002E+03
  281   3 sigma       -.1699207511489487E+01        0.22E-07       -0.22E-15
  281   3 sigma       -.1699207511489487E+01        0.22E-07       -0.22E-15
  282   3 sigma       -.1699207490792427E+01        0.21E-07       -0.22E-15
  282   3 sigma       -.1699207490792427E+01        0.21E-07       -0.22E-15
  283   3 sigma       -.1699207471306714E+01        0.19E-07       -0.22E-15
  283   3 sigma       -.1699207471306714E+01        0.19E-07       -0.22E-15
  284   3 sigma       -.1699207452961129E+01        0.18E-07       -0.22E-15
  284   3 sigma       -.1699207452961129E+01        0.18E-07       -0.22E-15
  285   3 sigma       -.1699207435689397E+01        0.17E-07       -0.22E-15
  285   3 sigma       -.1699207435689397E+01        0.17E-07       -0.22E-15
  286   3 sigma       -.1699207419428433E+01        0.16E-07       -0.22E-15
  286   3 sigma       -.1699207419428433E+01        0.16E-07       -0.22E-15
  287   3 sigma       -.1699207404119033E+01        0.15E-07       -0.22E-15
  287   3 sigma       -.1699207404119033E+01        0.15E-07       -0.22E-15
  288   3 sigma       -.1699207389705588E+01        0.14E-07       -0.22E-15
  288   3 sigma       -.1699207389705588E+01        0.14E-07       -0.22E-15
  289   3 sigma       -.1699207376135561E+01        0.14E-07       -0.22E-15
  289   3 sigma       -.1699207376135561E+01        0.14E-07       -0.22E-15
  290   3 sigma       -.1699207363359927E+01        0.13E-07       -0.22E-15
  290   3 sigma       -.1699207363359927E+01        0.13E-07       -0.22E-15
  291   3 sigma       -.1699207351331827E+01        0.12E-07       -0.22E-15
  291   3 sigma       -.1699207351331827E+01        0.12E-07       -0.22E-15
  292   3 sigma       -.1699207340007641E+01        0.11E-07       -0.22E-15
  292   3 sigma       -.1699207340007641E+01        0.11E-07       -0.22E-15
  293   3 sigma       -.1699207329346203E+01        0.11E-07       -0.22E-15
  293   3 sigma       -.1699207329346203E+01        0.11E-07       -0.22E-15
  294   3 sigma       -.1699207319308776E+01        0.10E-07       -0.22E-15
  294   3 sigma       -.1699207319308776E+01        0.10E-07       -0.22E-15
  295   3 sigma       -.1699207309858684E+01        0.95E-08       -0.22E-15
  295   3 sigma       -.1699207309858684E+01        0.95E-08       -0.22E-15
 ... multipole moment expansion coefficients recalculated ...
  296   3 sigma       -.1699207300961655E+01        0.89E-08       -0.22E-15
  296   3 sigma       -.1699207300961655E+01        0.89E-08       -0.22E-15
           
 ... orbital energy threshold reached ...
 ... writing functions to disk (current precision) ...

 total energy:                 -0.1241691449960713E+03
 total electronic energy:      -0.1430291617605307E+03
 virial ratio:                 -0.2000367524643615E+01

 total energy contributions: 
     nuclear-electron attraction energy =    -333.113403309839
     kinetic energy                     =     124.123526541207
     one electron energy                =    -208.989876768632
     coulomb energy                     =      67.826918655656
     exchange energy                    =      -1.866203647547
     coulomb energy (DFT)               =      79.890701066525
     exchange energy (DFT)              =     -13.929986058416
     correlation energy (DFT)           =       0.000000000000

       orbital               energy                     1-norm
   1 pi             -0.7457104320473480E+00            0.00E+00
   5 sigma          -0.4050630573131961E+00            0.00E+00
   4 sigma          -0.8546631440253947E+00            0.00E+00
   3 sigma          -0.1699207300961655E+01           -0.22E-15
   2 sigma          -0.7708035752604550E+01            0.00E+00
   1 sigma          -0.2637583320461630E+02            0.00E+00


 total energy uncertainty due to orbital norms not being equal 1:
     absolute = +/-0.00E+00,  relative = +/-0.00E+00%

 multipole moments relative to geometrical centre:

                                    electronic (au/Debye-Ang^k)   total (au/Debye-Ang^k)
     dipole (Mu_z, k=1)               -0.4430184722094724E+01      0.3418152779052761E+00
                                      -0.1126048847015510E+02      0.8688141098449040E+00

     quadrupole (Theta_zz, k=2)       -0.2285874924458344E+02     -0.2933263244583427E+01
                                      -0.3074602832622897E+02     -0.3945368744425887E+01

     octopole (Omega_zzz, k=3)        -0.4427322150688768E+00      0.6349012012931130E+01
                                      -0.3151220897594182E+00      0.4519015931811631E+01

     hexadecapole (Phi_zzzz, k=4)     -0.3814795339787118E+02     -0.9789025373857154E+01
                                      -0.1436845695599352E+02     -0.3687044184478950E+01


 multipole moments relative to centre of mass:

      centre     atomic weight       z
        B        11.00930540      -1.1930
        F        18.99840322       1.1930
  centre-of-mass                   0.3176


                                    electronic (au/Debye-Ang^k)   total (au/Debye-Ang^k)
     dipole (Mu_z, k=1)                0.1646975190638100E-01      0.3418152779054280E+00
                                       0.4186223895432251E-01      0.8688141098452901E+00

     quadrupole (Theta_zz, k=2)       -0.2145687314321555E+02     -0.3150396735266424E+01
                                      -0.2886044299251987E+02     -0.4237422888932255E+01

     octopole (Omega_zzz, k=3)         0.2044614640336021E+02      0.9247433498756164E+01
                                       0.1455288809546314E+02      0.6582016103314150E+01

     hexadecapole (Phi_zzzz, k=4)     -0.5099627237517304E+02     -0.1967454983699552E+02
                                      -0.1920778650682962E+02     -0.7410434827604542E+01

////////////////////////////////////////////////////////////////////////////////////////////////

 cpu summary (sec):
    Lagrange multipliers                       8.38
    normalization+orthogonalization            1.29
    multipole moments                          1.14
    relaxation of orb. and pot.               79.59
    total energy                               1.58
    all SCF iterations                        90.39
    single SCF iteration                       0.31


 start: 2011/05/05  22:51:30.91 
 stop:  2011/05/05  22:53:09.25 

////////////////////////////////////////////////////////////////////////////////////////////////

Linux wieslaw16.fizyka.umk.pl 2.6.18-prep x86_64 x86_64 GNU/Linux
 Quad-Core AMD Opteron(tm) Processor 8380

////////////////////////////////////////////////////////////////////////////////////////////////
