
////////////////////////////////////////////////////////////////////////////////////////////////



                         FINITE DIFFERENCE 2D HARTREE-FOCK  (version 2.0)



////////////////////////////////////////////////////////////////////////////////////////////////

   ... start of input data ...
  title BF: R = 2.386 bohr                                                        
  method hf                                                                       
  nuclei  5.0  9.0  2.386                                                         
  config  0                                                                       
  1 pi                                                                            
                    0
  5 sigma     end                                                                 
                    0
  grid 169 35.0                                                                   
  orbpot gauss                                                                    
  scf 200 20 8                                                                    
  omega 1.85 1.97                                                                 
  multipol -1                                                                     
  fix 1 0 2        ! orbitals are not relaxed                                     
  stop                                                                            
   ... end of input data  ...
         

   molecular system: 

          B ( 5.00)   F  ( 9.00)   R =  2.38600 bohr = 1.26262 angstroms

   method: HF

   electronic configuration:

           1  pi         + - + - 
           5  sigma      + - 
           4  sigma      + - 
           3  sigma      + - 
           2  sigma      + - 
           1  sigma      + - 


          total charge            =   0
          number of
              electrons           =  14
              orbitals            =   6
              Coulomb potentials  =   6
              exchange potentials =  16

   grid:
          nu (h_nu)  =  169  (0.01870)
          mu (h_mu)  =  217  (0.01885)
          R_infinity =   35.00

   scf: 
          thresholds
              scf iterations           =    200
              orbital energy           = 1.00E- 8
              orbital norm             = 1.00E-10
              multipole moments recalc = 1.00E+15

          orbitals are kept frozen
          Coulomb potentials are relaxed
          exchange potential for each pair of orbitals is relaxed once per single scf iteration

          multipole expansion coefficients =  4

   (mc)sor:
          sor method used for relaxing orbitals and potentials
          ordering: middle 

                            (mc)sor iterations
                            orbital  potentials
             1 pi              10        10
             5 sigma           10        10
             4 sigma           10        10
             3 sigma           10        10
             2 sigma           10        10
             1 sigma           10        10

          overrelaxation parameters:   orbitals       potentials 
                                        1.850       1.970   1.970

   machine accuracy      =    0.11E-15

   constants: 
               pi        =    0.3141592653589793E+01
               bohr      =    0.5291772490000000E+00 angstroms


   memory usage:
          text+data                                      0.9 MB 
          bss (common block contributions)              97.1 MB
          dynamical allocation                          20.0 MB 
              orbitals + Coulomb potentials              3.4 MB
              exchange potentials                        4.5 MB

////////////////////////////////////////////////////////////////////////////////////////////////

 Initializing orbitals using GAUSSIAN output

                 26 exponents 
                 52 primitive basis functions 
                 26 primitives on centre 1
                  0 primitives on centre 2
                 26 primitives on centre 3

                  6 finite difference orbitals
                  7 finite basis set orbitals


     orbital        norm      
   1 pi         0.100000003076E+01
   5 sigma      0.999336581746E+00
   4 sigma      0.999662503024E+00
   3 sigma      0.998707016263E+00
   2 sigma      0.100316830689E+01
   1 sigma      0.100446793257E+01

 ... initializing Coulomb potentials ...
 ... initializing exchange potentials ...
 ... initializing multipole moment coefficients ...
 ... initializing Lagrange multipliers ...

 total energy:                 -0.1840934696010769E+03
 total electronic energy:      -0.2029534863655363E+03
 virial ratio:                 -0.2485814167426828E+01

   scf  orbital              energy              energy diff        1-norm         overlap
    1   1 sigma       -.3921230528511503E+02        0.15E+01       -0.14E-13
    1   5 sigma       -.4922572444238662E+01        0.71E-01       -0.13E-12
    2   1 sigma       -.3627345998296901E+02        0.29E+01       -0.13E-14
    2   3 sigma       -.8874755318588361E+01        0.78E-02       -0.42E-14
    3   1 sigma       -.3410365613010997E+02        0.22E+01       -0.44E-15
    3   1 sigma       -.3410365613010997E+02        0.22E+01       -0.44E-15
    4   1 sigma       -.3280801774883215E+02        0.13E+01        0.00E+00
    4   3 sigma       -.8951719125928793E+01        0.46E-03       -0.44E-15
    5   1 sigma       -.3208642822984763E+02        0.72E+00        0.00E+00
    5   3 sigma       -.8752208670644769E+01        0.20E+00       -0.22E-15
    6   4 sigma       -.7068252807263134E+01        0.57E+00        0.00E+00
    6   3 sigma       -.8364244214528865E+01        0.39E+00       -0.22E-15
    7   4 sigma       -.6519923394743660E+01        0.55E+00        0.00E+00
    7   3 sigma       -.7873092379270574E+01        0.49E+00       -0.22E-15
    8   3 sigma       -.7358569895598156E+01        0.51E+00       -0.22E-15
    8   3 sigma       -.7358569895598156E+01        0.51E+00       -0.22E-15
    9   3 sigma       -.6871045150841798E+01        0.49E+00       -0.22E-15
    9   3 sigma       -.6871045150841798E+01        0.49E+00       -0.22E-15
   10   3 sigma       -.6437112024930689E+01        0.43E+00       -0.22E-15
   10   3 sigma       -.6437112024930689E+01        0.43E+00       -0.22E-15
   11   3 sigma       -.6064192023857411E+01        0.37E+00       -0.22E-15
   11   3 sigma       -.6064192023857411E+01        0.37E+00       -0.22E-15
   12   3 sigma       -.5748624650613791E+01        0.32E+00       -0.22E-15
   12   3 sigma       -.5748624650613791E+01        0.32E+00       -0.22E-15
   13   3 sigma       -.5472006272562368E+01        0.28E+00       -0.22E-15
   13   3 sigma       -.5472006272562368E+01        0.28E+00       -0.22E-15
   14   3 sigma       -.5226507065354846E+01        0.25E+00       -0.22E-15
   14   3 sigma       -.5226507065354846E+01        0.25E+00       -0.22E-15
   15   2 sigma       -.1081194143324773E+02        0.21E+00        0.00E+00
   15   3 sigma       -.5013767708795726E+01        0.21E+00       -0.22E-15
   16   1 pi          -.3726119228733351E+01        0.20E+00       -0.22E-15
   16   3 sigma       -.4823899728032630E+01        0.19E+00       -0.22E-15
   17   1 pi          -.3535657710242217E+01        0.19E+00       -0.22E-15
   17   3 sigma       -.4642524031003771E+01        0.18E+00       -0.22E-15
   18   1 pi          -.3360789187655633E+01        0.17E+00       -0.22E-15
   18   3 sigma       -.4468509899345825E+01        0.17E+00       -0.22E-15
   19   3 sigma       -.4302974570101028E+01        0.17E+00       -0.22E-15
   19   3 sigma       -.4302974570101028E+01        0.17E+00       -0.22E-15
   20   3 sigma       -.4147675629785041E+01        0.16E+00       -0.22E-15
   20   3 sigma       -.4147675629785041E+01        0.16E+00       -0.22E-15
 ... multipole moment expansion coefficients recalculated ...
 ... writing functions to disk (current precision) ...
 total energy:    -0.1409022892743864E+03
   21   3 sigma       -.4002645051937471E+01        0.15E+00       -0.22E-15
   21   3 sigma       -.4002645051937471E+01        0.15E+00       -0.22E-15
   22   3 sigma       -.3867199749000098E+01        0.14E+00       -0.22E-15
   22   3 sigma       -.3867199749000098E+01        0.14E+00       -0.22E-15
   23   3 sigma       -.3739722710475018E+01        0.13E+00       -0.22E-15
   23   3 sigma       -.3739722710475018E+01        0.13E+00       -0.22E-15
   24   3 sigma       -.3619320371160758E+01        0.12E+00       -0.22E-15
   24   3 sigma       -.3619320371160758E+01        0.12E+00       -0.22E-15
   25   3 sigma       -.3505123026556331E+01        0.11E+00       -0.22E-15
   25   3 sigma       -.3505123026556331E+01        0.11E+00       -0.22E-15
   26   3 sigma       -.3401852950985280E+01        0.10E+00       -0.22E-15
   26   3 sigma       -.3401852950985280E+01        0.10E+00       -0.22E-15
   27   3 sigma       -.3303499985761023E+01        0.98E-01       -0.22E-15
   27   3 sigma       -.3303499985761023E+01        0.98E-01       -0.22E-15
   28   3 sigma       -.3210875988493148E+01        0.93E-01       -0.22E-15
   28   3 sigma       -.3210875988493148E+01        0.93E-01       -0.22E-15
   29   3 sigma       -.3123783074689438E+01        0.87E-01       -0.22E-15
   29   3 sigma       -.3123783074689438E+01        0.87E-01       -0.22E-15
   30   3 sigma       -.3041897642850498E+01        0.82E-01       -0.22E-15
   30   3 sigma       -.3041897642850498E+01        0.82E-01       -0.22E-15
   31   3 sigma       -.2964763610030419E+01        0.77E-01       -0.22E-15
   31   3 sigma       -.2964763610030419E+01        0.77E-01       -0.22E-15
   32   3 sigma       -.2892022386624017E+01        0.73E-01       -0.22E-15
   32   3 sigma       -.2892022386624017E+01        0.73E-01       -0.22E-15
   33   3 sigma       -.2823412944662602E+01        0.69E-01       -0.22E-15
   33   3 sigma       -.2823412944662602E+01        0.69E-01       -0.22E-15
   34   3 sigma       -.2758710055164013E+01        0.65E-01       -0.22E-15
   34   3 sigma       -.2758710055164013E+01        0.65E-01       -0.22E-15
   35   3 sigma       -.2697728267733115E+01        0.61E-01       -0.22E-15
   35   3 sigma       -.2697728267733115E+01        0.61E-01       -0.22E-15
   36   3 sigma       -.2640253312127536E+01        0.57E-01       -0.22E-15
   36   3 sigma       -.2640253312127536E+01        0.57E-01       -0.22E-15
   37   3 sigma       -.2586114317170679E+01        0.54E-01       -0.22E-15
   37   3 sigma       -.2586114317170679E+01        0.54E-01       -0.22E-15
   38   3 sigma       -.2535114298184556E+01        0.51E-01       -0.22E-15
   38   3 sigma       -.2535114298184556E+01        0.51E-01       -0.22E-15
   39   3 sigma       -.2487089637796394E+01        0.48E-01       -0.22E-15
   39   3 sigma       -.2487089637796394E+01        0.48E-01       -0.22E-15
   40   3 sigma       -.2441876931721744E+01        0.45E-01       -0.22E-15
   40   3 sigma       -.2441876931721744E+01        0.45E-01       -0.22E-15
 ... multipole moment expansion coefficients recalculated ...
 ... writing functions to disk (current precision) ...
 total energy:    -0.1291221621743929E+03
   41   3 sigma       -.2399312888556064E+01        0.43E-01       -0.22E-15
   41   3 sigma       -.2399312888556064E+01        0.43E-01       -0.22E-15
   42   3 sigma       -.2359253230411616E+01        0.40E-01       -0.22E-15
   42   3 sigma       -.2359253230411616E+01        0.40E-01       -0.22E-15
   43   3 sigma       -.2321517884236389E+01        0.38E-01       -0.22E-15
   43   3 sigma       -.2321517884236389E+01        0.38E-01       -0.22E-15
   44   3 sigma       -.2285975989237642E+01        0.36E-01       -0.22E-15
   44   3 sigma       -.2285975989237642E+01        0.36E-01       -0.22E-15
   45   3 sigma       -.2252519885673783E+01        0.33E-01       -0.22E-15
   45   3 sigma       -.2252519885673783E+01        0.33E-01       -0.22E-15
   46   3 sigma       -.2221025050380318E+01        0.31E-01       -0.22E-15
   46   3 sigma       -.2221025050380318E+01        0.31E-01       -0.22E-15
   47   3 sigma       -.2191372258706862E+01        0.30E-01       -0.22E-15
   47   3 sigma       -.2191372258706862E+01        0.30E-01       -0.22E-15
   48   3 sigma       -.2163454090626949E+01        0.28E-01       -0.22E-15
   48   3 sigma       -.2163454090626949E+01        0.28E-01       -0.22E-15
   49   3 sigma       -.2137172162810103E+01        0.26E-01       -0.22E-15
   49   3 sigma       -.2137172162810103E+01        0.26E-01       -0.22E-15
   50   3 sigma       -.2112431252182159E+01        0.25E-01       -0.22E-15
   50   3 sigma       -.2112431252182159E+01        0.25E-01       -0.22E-15
   51   3 sigma       -.2089136972848125E+01        0.23E-01       -0.22E-15
   51   3 sigma       -.2089136972848125E+01        0.23E-01       -0.22E-15
   52   3 sigma       -.2067206418983748E+01        0.22E-01       -0.22E-15
   52   3 sigma       -.2067206418983748E+01        0.22E-01       -0.22E-15
   53   3 sigma       -.2046559169324548E+01        0.21E-01       -0.22E-15
   53   3 sigma       -.2046559169324548E+01        0.21E-01       -0.22E-15
   54   3 sigma       -.2027120471577399E+01        0.19E-01       -0.22E-15
   54   3 sigma       -.2027120471577399E+01        0.19E-01       -0.22E-15
   55   3 sigma       -.2008819592580576E+01        0.18E-01       -0.22E-15
   55   3 sigma       -.2008819592580576E+01        0.18E-01       -0.22E-15
   56   3 sigma       -.1991589902696305E+01        0.17E-01       -0.22E-15
   56   3 sigma       -.1991589902696305E+01        0.17E-01       -0.22E-15
   57   3 sigma       -.1975368499580945E+01        0.16E-01       -0.22E-15
   57   3 sigma       -.1975368499580945E+01        0.16E-01       -0.22E-15
   58   3 sigma       -.1960096483563031E+01        0.15E-01       -0.22E-15
   58   3 sigma       -.1960096483563031E+01        0.15E-01       -0.22E-15
   59   3 sigma       -.1945718194892798E+01        0.14E-01       -0.22E-15
   59   3 sigma       -.1945718194892798E+01        0.14E-01       -0.22E-15
   60   3 sigma       -.1932181112292691E+01        0.14E-01       -0.22E-15
   60   3 sigma       -.1932181112292691E+01        0.14E-01       -0.22E-15
 ... multipole moment expansion coefficients recalculated ...
 ... writing functions to disk (current precision) ...
 total energy:    -0.1256011628218961E+03
   61   3 sigma       -.1919436616176837E+01        0.13E-01       -0.22E-15
   61   3 sigma       -.1919436616176837E+01        0.13E-01       -0.22E-15
   62   3 sigma       -.1907437919832374E+01        0.12E-01       -0.22E-15
   62   3 sigma       -.1907437919832374E+01        0.12E-01       -0.22E-15
   63   3 sigma       -.1896141469388740E+01        0.11E-01       -0.22E-15
   63   3 sigma       -.1896141469388740E+01        0.11E-01       -0.22E-15
   64   3 sigma       -.1885506123919741E+01        0.11E-01       -0.22E-15
   64   3 sigma       -.1885506123919741E+01        0.11E-01       -0.22E-15
   65   3 sigma       -.1875493178627247E+01        0.10E-01       -0.22E-15
   65   3 sigma       -.1875493178627247E+01        0.10E-01       -0.22E-15
   66   3 sigma       -.1866066224698377E+01        0.94E-02       -0.22E-15
   66   3 sigma       -.1866066224698377E+01        0.94E-02       -0.22E-15
   67   3 sigma       -.1857190961805699E+01        0.89E-02       -0.22E-15
   67   3 sigma       -.1857190961805699E+01        0.89E-02       -0.22E-15
   68   3 sigma       -.1848835097129834E+01        0.84E-02       -0.22E-15
   68   3 sigma       -.1848835097129834E+01        0.84E-02       -0.22E-15
   69   3 sigma       -.1840968235864977E+01        0.79E-02       -0.22E-15
   69   3 sigma       -.1840968235864977E+01        0.79E-02       -0.22E-15
   70   3 sigma       -.1833561765361560E+01        0.74E-02       -0.22E-15
   70   3 sigma       -.1833561765361560E+01        0.74E-02       -0.22E-15
   71   3 sigma       -.1826588758146116E+01        0.70E-02       -0.22E-15
   71   3 sigma       -.1826588758146116E+01        0.70E-02       -0.22E-15
   72   3 sigma       -.1820023819681886E+01        0.66E-02       -0.22E-15
   72   3 sigma       -.1820023819681886E+01        0.66E-02       -0.22E-15
   73   3 sigma       -.1813843081071649E+01        0.62E-02       -0.22E-15
   73   3 sigma       -.1813843081071649E+01        0.62E-02       -0.22E-15
   74   3 sigma       -.1808024062121577E+01        0.58E-02       -0.22E-15
   74   3 sigma       -.1808024062121577E+01        0.58E-02       -0.22E-15
   75   3 sigma       -.1802545589773466E+01        0.55E-02       -0.22E-15
   75   3 sigma       -.1802545589773466E+01        0.55E-02       -0.22E-15
   76   3 sigma       -.1797387734959745E+01        0.52E-02       -0.22E-15
   76   3 sigma       -.1797387734959745E+01        0.52E-02       -0.22E-15
   77   3 sigma       -.1792531733700025E+01        0.49E-02       -0.22E-15
   77   3 sigma       -.1792531733700025E+01        0.49E-02       -0.22E-15
   78   3 sigma       -.1787959919912153E+01        0.46E-02       -0.22E-15
   78   3 sigma       -.1787959919912153E+01        0.46E-02       -0.22E-15
   79   3 sigma       -.1783655661602682E+01        0.43E-02       -0.22E-15
   79   3 sigma       -.1783655661602682E+01        0.43E-02       -0.22E-15
   80   3 sigma       -.1779603300861242E+01        0.41E-02       -0.22E-15
   80   3 sigma       -.1779603300861242E+01        0.41E-02       -0.22E-15
 ... multipole moment expansion coefficients recalculated ...
 ... writing functions to disk (current precision) ...
 total energy:    -0.1245470860774960E+03
   81   3 sigma       -.1775788096151070E+01        0.38E-02       -0.22E-15
   81   3 sigma       -.1775788096151070E+01        0.38E-02       -0.22E-15
   82   3 sigma       -.1772196168413883E+01        0.36E-02       -0.22E-15
   82   3 sigma       -.1772196168413883E+01        0.36E-02       -0.22E-15
   83   3 sigma       -.1768814451295922E+01        0.34E-02       -0.22E-15
   83   3 sigma       -.1768814451295922E+01        0.34E-02       -0.22E-15
   84   3 sigma       -.1765630642835093E+01        0.32E-02       -0.22E-15
   84   3 sigma       -.1765630642835093E+01        0.32E-02       -0.22E-15
   85   3 sigma       -.1762633160159528E+01        0.30E-02       -0.22E-15
   85   3 sigma       -.1762633160159528E+01        0.30E-02       -0.22E-15
   86   3 sigma       -.1759811099169514E+01        0.28E-02       -0.22E-15
   86   3 sigma       -.1759811099169514E+01        0.28E-02       -0.22E-15
   87   3 sigma       -.1757154193649610E+01        0.27E-02       -0.22E-15
   87   3 sigma       -.1757154193649610E+01        0.27E-02       -0.22E-15
   88   3 sigma       -.1754652778180722E+01        0.25E-02       -0.22E-15
   88   3 sigma       -.1754652778180722E+01        0.25E-02       -0.22E-15
   89   3 sigma       -.1752297753052893E+01        0.24E-02       -0.22E-15
   89   3 sigma       -.1752297753052893E+01        0.24E-02       -0.22E-15
   90   3 sigma       -.1750080551065778E+01        0.22E-02       -0.22E-15
   90   3 sigma       -.1750080551065778E+01        0.22E-02       -0.22E-15
   91   3 sigma       -.1747993106404639E+01        0.21E-02       -0.22E-15
   91   3 sigma       -.1747993106404639E+01        0.21E-02       -0.22E-15
   92   3 sigma       -.1746027825276798E+01        0.20E-02       -0.22E-15
   92   3 sigma       -.1746027825276798E+01        0.20E-02       -0.22E-15
   93   3 sigma       -.1744177558308213E+01        0.19E-02       -0.22E-15
   93   3 sigma       -.1744177558308213E+01        0.19E-02       -0.22E-15
   94   3 sigma       -.1742435574529518E+01        0.17E-02       -0.22E-15
   94   3 sigma       -.1742435574529518E+01        0.17E-02       -0.22E-15
   95   3 sigma       -.1740795536888950E+01        0.16E-02       -0.22E-15
   95   3 sigma       -.1740795536888950E+01        0.16E-02       -0.22E-15
   96   3 sigma       -.1739251479192545E+01        0.15E-02       -0.22E-15
   96   3 sigma       -.1739251479192545E+01        0.15E-02       -0.22E-15
   97   3 sigma       -.1737797784409516E+01        0.15E-02       -0.22E-15
   97   3 sigma       -.1737797784409516E+01        0.15E-02       -0.22E-15
   98   3 sigma       -.1736429164192611E+01        0.14E-02       -0.22E-15
   98   3 sigma       -.1736429164192611E+01        0.14E-02       -0.22E-15
   99   3 sigma       -.1735140639756835E+01        0.13E-02       -0.22E-15
   99   3 sigma       -.1735140639756835E+01        0.13E-02       -0.22E-15
  100   3 sigma       -.1733927523649658E+01        0.12E-02       -0.22E-15
  100   3 sigma       -.1733927523649658E+01        0.12E-02       -0.22E-15
 ... multipole moment expansion coefficients recalculated ...
 ... writing functions to disk (current precision) ...
 total energy:    -0.1242315375259842E+03
  101   3 sigma       -.1732785402743881E+01        0.11E-02       -0.22E-15
  101   3 sigma       -.1732785402743881E+01        0.11E-02       -0.22E-15
  102   3 sigma       -.1731710122188542E+01        0.11E-02       -0.22E-15
  102   3 sigma       -.1731710122188542E+01        0.11E-02       -0.22E-15
  103   3 sigma       -.1730697770286405E+01        0.10E-02       -0.22E-15
  103   3 sigma       -.1730697770286405E+01        0.10E-02       -0.22E-15
  104   3 sigma       -.1729744664262435E+01        0.95E-03       -0.22E-15
  104   3 sigma       -.1729744664262435E+01        0.95E-03       -0.22E-15
  105   3 sigma       -.1728847336869453E+01        0.90E-03       -0.22E-15
  105   3 sigma       -.1728847336869453E+01        0.90E-03       -0.22E-15
  106   3 sigma       -.1728002523774302E+01        0.84E-03       -0.22E-15
  106   3 sigma       -.1728002523774302E+01        0.84E-03       -0.22E-15
  107   3 sigma       -.1727207151682860E+01        0.80E-03       -0.22E-15
  107   3 sigma       -.1727207151682860E+01        0.80E-03       -0.22E-15
  108   3 sigma       -.1726458327158429E+01        0.75E-03       -0.22E-15
  108   3 sigma       -.1726458327158429E+01        0.75E-03       -0.22E-15
  109   3 sigma       -.1725753326097342E+01        0.71E-03       -0.22E-15
  109   3 sigma       -.1725753326097342E+01        0.71E-03       -0.22E-15
  110   3 sigma       -.1725089583818937E+01        0.66E-03       -0.22E-15
  110   3 sigma       -.1725089583818937E+01        0.66E-03       -0.22E-15
  111   3 sigma       -.1724464685734834E+01        0.62E-03       -0.22E-15
  111   3 sigma       -.1724464685734834E+01        0.62E-03       -0.22E-15
  112   3 sigma       -.1723876358565887E+01        0.59E-03       -0.22E-15
  112   3 sigma       -.1723876358565887E+01        0.59E-03       -0.22E-15
  113   3 sigma       -.1723322462072378E+01        0.55E-03       -0.22E-15
  113   3 sigma       -.1723322462072378E+01        0.55E-03       -0.22E-15
  114   3 sigma       -.1722800981267390E+01        0.52E-03       -0.22E-15
  114   3 sigma       -.1722800981267390E+01        0.52E-03       -0.22E-15
  115   3 sigma       -.1722310019087585E+01        0.49E-03       -0.22E-15
  115   3 sigma       -.1722310019087585E+01        0.49E-03       -0.22E-15
  116   3 sigma       -.1721847789490985E+01        0.46E-03       -0.22E-15
  116   3 sigma       -.1721847789490985E+01        0.46E-03       -0.22E-15
  117   3 sigma       -.1721412610960483E+01        0.44E-03       -0.22E-15
  117   3 sigma       -.1721412610960483E+01        0.44E-03       -0.22E-15
  118   3 sigma       -.1721002900386358E+01        0.41E-03       -0.22E-15
  118   3 sigma       -.1721002900386358E+01        0.41E-03       -0.22E-15
  119   3 sigma       -.1720617167307292E+01        0.39E-03       -0.22E-15
  119   3 sigma       -.1720617167307292E+01        0.39E-03       -0.22E-15
  120   3 sigma       -.1720254008488277E+01        0.36E-03       -0.22E-15
  120   3 sigma       -.1720254008488277E+01        0.36E-03       -0.22E-15
 ... multipole moment expansion coefficients recalculated ...
 ... writing functions to disk (current precision) ...
 total energy:    -0.1241370748098919E+03
  121   3 sigma       -.1719912102815373E+01        0.34E-03       -0.22E-15
  121   3 sigma       -.1719912102815373E+01        0.34E-03       -0.22E-15
  122   3 sigma       -.1719590206490825E+01        0.32E-03       -0.22E-15
  122   3 sigma       -.1719590206490825E+01        0.32E-03       -0.22E-15
  123   3 sigma       -.1719287148507265E+01        0.30E-03       -0.22E-15
  123   3 sigma       -.1719287148507265E+01        0.30E-03       -0.22E-15
  124   3 sigma       -.1719001826388240E+01        0.29E-03       -0.22E-15
  124   3 sigma       -.1719001826388240E+01        0.29E-03       -0.22E-15
  125   3 sigma       -.1718733202177965E+01        0.27E-03       -0.22E-15
  125   3 sigma       -.1718733202177965E+01        0.27E-03       -0.22E-15
  126   3 sigma       -.1718480298664151E+01        0.25E-03       -0.22E-15
  126   3 sigma       -.1718480298664151E+01        0.25E-03       -0.22E-15
  127   3 sigma       -.1718242195824699E+01        0.24E-03       -0.22E-15
  127   3 sigma       -.1718242195824699E+01        0.24E-03       -0.22E-15
  128   3 sigma       -.1718018027479310E+01        0.22E-03       -0.22E-15
  128   3 sigma       -.1718018027479310E+01        0.22E-03       -0.22E-15
  129   3 sigma       -.1717806978140008E+01        0.21E-03       -0.22E-15
  129   3 sigma       -.1717806978140008E+01        0.21E-03       -0.22E-15
  130   3 sigma       -.1717608280042558E+01        0.20E-03       -0.22E-15
  130   3 sigma       -.1717608280042558E+01        0.20E-03       -0.22E-15
  131   3 sigma       -.1717421210355299E+01        0.19E-03       -0.22E-15
  131   3 sigma       -.1717421210355299E+01        0.19E-03       -0.22E-15
  132   3 sigma       -.1717245088548975E+01        0.18E-03       -0.22E-15
  132   3 sigma       -.1717245088548975E+01        0.18E-03       -0.22E-15
  133   3 sigma       -.1717079273920438E+01        0.17E-03       -0.22E-15
  133   3 sigma       -.1717079273920438E+01        0.17E-03       -0.22E-15
  134   3 sigma       -.1716923163262496E+01        0.16E-03       -0.22E-15
  134   3 sigma       -.1716923163262496E+01        0.16E-03       -0.22E-15
  135   3 sigma       -.1716776188669829E+01        0.15E-03       -0.22E-15
  135   3 sigma       -.1716776188669829E+01        0.15E-03       -0.22E-15
  136   3 sigma       -.1716637815472376E+01        0.14E-03       -0.22E-15
  136   3 sigma       -.1716637815472376E+01        0.14E-03       -0.22E-15
  137   3 sigma       -.1716507540290698E+01        0.13E-03       -0.22E-15
  137   3 sigma       -.1716507540290698E+01        0.13E-03       -0.22E-15
  138   3 sigma       -.1716384889204164E+01        0.12E-03       -0.22E-15
  138   3 sigma       -.1716384889204164E+01        0.12E-03       -0.22E-15
  139   3 sigma       -.1716269416028185E+01        0.12E-03       -0.22E-15
  139   3 sigma       -.1716269416028185E+01        0.12E-03       -0.22E-15
  140   3 sigma       -.1716160700689803E+01        0.11E-03       -0.22E-15
  140   3 sigma       -.1716160700689803E+01        0.11E-03       -0.22E-15
 ... multipole moment expansion coefficients recalculated ...
 ... writing functions to disk (current precision) ...
 total energy:    -0.1241087964215010E+03
  141   3 sigma       -.1716058347700063E+01        0.10E-03       -0.22E-15
  141   3 sigma       -.1716058347700063E+01        0.10E-03       -0.22E-15
  142   3 sigma       -.1715961984714944E+01        0.96E-04       -0.22E-15
  142   3 sigma       -.1715961984714944E+01        0.96E-04       -0.22E-15
  143   3 sigma       -.1715871261181761E+01        0.91E-04       -0.22E-15
  143   3 sigma       -.1715871261181761E+01        0.91E-04       -0.22E-15
  144   3 sigma       -.1715785847062421E+01        0.85E-04       -0.22E-15
  144   3 sigma       -.1715785847062421E+01        0.85E-04       -0.22E-15
  145   3 sigma       -.1715705431634397E+01        0.80E-04       -0.22E-15
  145   3 sigma       -.1715705431634397E+01        0.80E-04       -0.22E-15
  146   3 sigma       -.1715629722358914E+01        0.76E-04       -0.22E-15
  146   3 sigma       -.1715629722358914E+01        0.76E-04       -0.22E-15
  147   3 sigma       -.1715558443817914E+01        0.71E-04       -0.22E-15
  147   3 sigma       -.1715558443817914E+01        0.71E-04       -0.22E-15
  148   3 sigma       -.1715491336711599E+01        0.67E-04       -0.22E-15
  148   3 sigma       -.1715491336711599E+01        0.67E-04       -0.22E-15
  149   3 sigma       -.1715428156914886E+01        0.63E-04       -0.22E-15
  149   3 sigma       -.1715428156914886E+01        0.63E-04       -0.22E-15
  150   3 sigma       -.1715368674589969E+01        0.59E-04       -0.22E-15
  150   3 sigma       -.1715368674589969E+01        0.59E-04       -0.22E-15
  151   3 sigma       -.1715312673349569E+01        0.56E-04       -0.22E-15
  151   3 sigma       -.1715312673349569E+01        0.56E-04       -0.22E-15
  152   3 sigma       -.1715259949470122E+01        0.53E-04       -0.22E-15
  152   3 sigma       -.1715259949470122E+01        0.53E-04       -0.22E-15
  153   3 sigma       -.1715210311150772E+01        0.50E-04       -0.22E-15
  153   3 sigma       -.1715210311150772E+01        0.50E-04       -0.22E-15
  154   3 sigma       -.1715163577815110E+01        0.47E-04       -0.22E-15
  154   3 sigma       -.1715163577815110E+01        0.47E-04       -0.22E-15
  155   3 sigma       -.1715119579454898E+01        0.44E-04       -0.22E-15
  155   3 sigma       -.1715119579454898E+01        0.44E-04       -0.22E-15
  156   3 sigma       -.1715078156010852E+01        0.41E-04       -0.22E-15
  156   3 sigma       -.1715078156010852E+01        0.41E-04       -0.22E-15
  157   3 sigma       -.1715039156791594E+01        0.39E-04       -0.22E-15
  157   3 sigma       -.1715039156791594E+01        0.39E-04       -0.22E-15
  158   3 sigma       -.1715002439923724E+01        0.37E-04       -0.22E-15
  158   3 sigma       -.1715002439923724E+01        0.37E-04       -0.22E-15
  159   3 sigma       -.1714967871837318E+01        0.35E-04       -0.22E-15
  159   3 sigma       -.1714967871837318E+01        0.35E-04       -0.22E-15
  160   3 sigma       -.1714935326779406E+01        0.33E-04       -0.22E-15
  160   3 sigma       -.1714935326779406E+01        0.33E-04       -0.22E-15
 ... multipole moment expansion coefficients recalculated ...
 ... writing functions to disk (current precision) ...
 total energy:    -0.1241003309942547E+03
  161   3 sigma       -.1714904686356180E+01        0.31E-04       -0.22E-15
  161   3 sigma       -.1714904686356180E+01        0.31E-04       -0.22E-15
  162   3 sigma       -.1714875839102680E+01        0.29E-04       -0.22E-15
  162   3 sigma       -.1714875839102680E+01        0.29E-04       -0.22E-15
  163   3 sigma       -.1714848680077262E+01        0.27E-04       -0.22E-15
  163   3 sigma       -.1714848680077262E+01        0.27E-04       -0.22E-15
  164   3 sigma       -.1714823110479607E+01        0.26E-04       -0.22E-15
  164   3 sigma       -.1714823110479607E+01        0.26E-04       -0.22E-15
  165   3 sigma       -.1714799037291751E+01        0.24E-04       -0.22E-15
  165   3 sigma       -.1714799037291751E+01        0.24E-04       -0.22E-15
  166   3 sigma       -.1714776372939347E+01        0.23E-04       -0.22E-15
  166   3 sigma       -.1714776372939347E+01        0.23E-04       -0.22E-15
  167   3 sigma       -.1714755034972759E+01        0.21E-04       -0.22E-15
  167   3 sigma       -.1714755034972759E+01        0.21E-04       -0.22E-15
  168   3 sigma       -.1714734945768402E+01        0.20E-04       -0.22E-15
  168   3 sigma       -.1714734945768402E+01        0.20E-04       -0.22E-15
  169   3 sigma       -.1714716032244485E+01        0.19E-04       -0.22E-15
  169   3 sigma       -.1714716032244485E+01        0.19E-04       -0.22E-15
  170   3 sigma       -.1714698225596910E+01        0.18E-04       -0.22E-15
  170   3 sigma       -.1714698225596910E+01        0.18E-04       -0.22E-15
  171   3 sigma       -.1714681461048032E+01        0.17E-04       -0.22E-15
  171   3 sigma       -.1714681461048032E+01        0.17E-04       -0.22E-15
  172   3 sigma       -.1714665677610974E+01        0.16E-04       -0.22E-15
  172   3 sigma       -.1714665677610974E+01        0.16E-04       -0.22E-15
  173   3 sigma       -.1714650817867993E+01        0.15E-04       -0.22E-15
  173   3 sigma       -.1714650817867993E+01        0.15E-04       -0.22E-15
  174   3 sigma       -.1714636827761938E+01        0.14E-04       -0.22E-15
  174   3 sigma       -.1714636827761938E+01        0.14E-04       -0.22E-15
  175   3 sigma       -.1714623656398969E+01        0.13E-04       -0.22E-15
  175   3 sigma       -.1714623656398969E+01        0.13E-04       -0.22E-15
  176   3 sigma       -.1714611255863865E+01        0.12E-04       -0.22E-15
  176   3 sigma       -.1714611255863865E+01        0.12E-04       -0.22E-15
  177   3 sigma       -.1714599581045263E+01        0.12E-04       -0.22E-15
  177   3 sigma       -.1714599581045263E+01        0.12E-04       -0.22E-15
  178   3 sigma       -.1714588589472211E+01        0.11E-04       -0.22E-15
  178   3 sigma       -.1714588589472211E+01        0.11E-04       -0.22E-15
  179   3 sigma       -.1714578241158838E+01        0.10E-04       -0.22E-15
  179   3 sigma       -.1714578241158838E+01        0.10E-04       -0.22E-15
  180   3 sigma       -.1714568498460094E+01        0.97E-05       -0.22E-15
  180   3 sigma       -.1714568498460094E+01        0.97E-05       -0.22E-15
 ... multipole moment expansion coefficients recalculated ...
 ... writing functions to disk (current precision) ...
 total energy:    -0.1240977967812911E+03
  181   3 sigma       -.1714559325933481E+01        0.92E-05       -0.22E-15
  181   3 sigma       -.1714559325933481E+01        0.92E-05       -0.22E-15
  182   3 sigma       -.1714550690210578E+01        0.86E-05       -0.22E-15
  182   3 sigma       -.1714550690210578E+01        0.86E-05       -0.22E-15
  183   3 sigma       -.1714542559876147E+01        0.81E-05       -0.22E-15
  183   3 sigma       -.1714542559876147E+01        0.81E-05       -0.22E-15
  184   3 sigma       -.1714534905353341E+01        0.77E-05       -0.22E-15
  184   3 sigma       -.1714534905353341E+01        0.77E-05       -0.22E-15
  185   3 sigma       -.1714527698796195E+01        0.72E-05       -0.22E-15
  185   3 sigma       -.1714527698796195E+01        0.72E-05       -0.22E-15
  186   3 sigma       -.1714520913988558E+01        0.68E-05       -0.22E-15
  186   3 sigma       -.1714520913988558E+01        0.68E-05       -0.22E-15
  187   3 sigma       -.1714514526248212E+01        0.64E-05       -0.22E-15
  187   3 sigma       -.1714514526248212E+01        0.64E-05       -0.22E-15
  188   3 sigma       -.1714508512337433E+01        0.60E-05       -0.22E-15
  188   3 sigma       -.1714508512337433E+01        0.60E-05       -0.22E-15
  189   3 sigma       -.1714502850379079E+01        0.57E-05       -0.22E-15
  189   3 sigma       -.1714502850379079E+01        0.57E-05       -0.22E-15
  190   3 sigma       -.1714497519775708E+01        0.53E-05       -0.22E-15
  190   3 sigma       -.1714497519775708E+01        0.53E-05       -0.22E-15
  191   3 sigma       -.1714492501134867E+01        0.50E-05       -0.22E-15
  191   3 sigma       -.1714492501134867E+01        0.50E-05       -0.22E-15
  192   3 sigma       -.1714487776200103E+01        0.47E-05       -0.22E-15
  192   3 sigma       -.1714487776200103E+01        0.47E-05       -0.22E-15
  193   3 sigma       -.1714483327782842E+01        0.44E-05       -0.22E-15
  193   3 sigma       -.1714483327782842E+01        0.44E-05       -0.22E-15
  194   3 sigma       -.1714479139700336E+01        0.42E-05       -0.22E-15
  194   3 sigma       -.1714479139700336E+01        0.42E-05       -0.22E-15
  195   3 sigma       -.1714475196717064E+01        0.39E-05       -0.22E-15
  195   3 sigma       -.1714475196717064E+01        0.39E-05       -0.22E-15
  196   3 sigma       -.1714471484488806E+01        0.37E-05       -0.22E-15
  196   3 sigma       -.1714471484488806E+01        0.37E-05       -0.22E-15
  197   3 sigma       -.1714467989511553E+01        0.35E-05       -0.22E-15
  197   3 sigma       -.1714467989511553E+01        0.35E-05       -0.22E-15
  198   3 sigma       -.1714464699070787E+01        0.33E-05       -0.22E-15
  198   3 sigma       -.1714464699070787E+01        0.33E-05       -0.22E-15
  199   3 sigma       -.1714461601196462E+01        0.31E-05       -0.22E-15
  199   3 sigma       -.1714461601196462E+01        0.31E-05       -0.22E-15
  200   3 sigma       -.1714458684619023E+01        0.29E-05       -0.22E-15
  200   3 sigma       -.1714458684619023E+01        0.29E-05       -0.22E-15
           
 ... scf iteration limit reached ... 
 ... writing functions to disk (current precision) ...

 total energy:                 -0.1240970381385006E+03
 total electronic energy:      -0.1429570549029600E+03
 virial ratio:                 -0.2001584346264147E+01

 total energy contributions: 
     nuclear-electron attraction energy =    -332.630550474763
     kinetic energy                     =     123.900736469548
     one electron energy                =    -208.729814005215
     coulomb energy                     =      67.631054348875
     exchange energy                    =      -1.858295246618
     coulomb energy (DFT)               =      79.675948749593
     exchange energy (DFT)              =     -13.903189647337
     correlation energy (DFT)           =       0.000000000000

       orbital               energy                     1-norm
   1 pi             -0.7463148264608428E+00           -0.22E-15
   5 sigma          -0.4140154222772905E+00           -0.22E-15
   4 sigma          -0.8468344631466103E+00            0.00E+00
   3 sigma          -0.1714458684619023E+01           -0.22E-15
   2 sigma          -0.7740474063623552E+01            0.00E+00
   1 sigma          -0.2638371627739945E+02            0.00E+00


 total energy uncertainty due to orbital norms not being equal 1:
     absolute = +/-0.00E+00,  relative = +/-0.00E+00%

 multipole moments relative to geometrical centre:

                                    electronic (au/Debye-Ang^k)   total (au/Debye-Ang^k)
     dipole (Mu_z, k=1)               -0.4602312467452164E+01      0.1696875325478366E+00
                                      -0.1169799674883355E+02      0.4313058311664520E+00

     quadrupole (Theta_zz, k=2)       -0.2342464052989066E+02     -0.3499154529890655E+01
                                      -0.3150717712319322E+02     -0.4706517541390137E+01

     octopole (Omega_zzz, k=3)        -0.5287921168315135E+00      0.6262952111168492E+01
                                      -0.3763766702143627E+00      0.4457761351356686E+01

     hexadecapole (Phi_zzzz, k=4)     -0.4011377505757304E+02     -0.1175484703355902E+02
                                      -0.1510888524597257E+02     -0.4427472474457995E+01


 multipole moments relative to centre of mass:

      centre     atomic weight       z
        B        11.00930540      -1.1930
        F        18.99840322       1.1930
  centre-of-mass                   0.3176


                                    electronic (au/Debye-Ang^k)   total (au/Debye-Ang^k)
     dipole (Mu_z, k=1)               -0.1556579934512796E+00      0.1696875325477665E+00
                                      -0.3956460397246917E+00      0.4313058311662736E+00

     quadrupole (Theta_zz, k=2)       -0.2191342262723770E+02     -0.3606946219288572E+01
                                      -0.2947452223272136E+02     -0.4851502129133744E+01

     octopole (Omega_zzz, k=3)         0.2084720516102661E+02      0.9648492256422562E+01
                                       0.1483834840201095E+02      0.6867476409861958E+01

     hexadecapole (Phi_zzzz, k=4)     -0.5317322330316724E+02     -0.2185150076498973E+02
                                      -0.2002773680345394E+02     -0.8230385124228853E+01

////////////////////////////////////////////////////////////////////////////////////////////////

 cpu summary (sec):
    Lagrange multipliers                       5.26
    normalization+orthogonalization            0.88
    multipole moments                          0.69
    relaxation of orb. and pot.               53.88
    total energy                               1.03
    all SCF iterations                        60.71
    single SCF iteration                       0.30


 start: 2011/05/05  22:50:27.60 
 stop:  2011/05/05  22:51:30.83 

////////////////////////////////////////////////////////////////////////////////////////////////

Linux wieslaw16.fizyka.umk.pl 2.6.18-prep x86_64 x86_64 GNU/Linux
 Quad-Core AMD Opteron(tm) Processor 8380

////////////////////////////////////////////////////////////////////////////////////////////////
