
////////////////////////////////////////////////////////////////////////////////////////////////



                         FINITE DIFFERENCE 2D HARTREE-FOCK  (version 2.0)



////////////////////////////////////////////////////////////////////////////////////////////////

   ... start of input data ...
  title BO     R = 1.2045A                                                        
  method hf                                                                       
  nuclei  5.0 8.0 1.2045 angstroms                                                
  config  0                                                                       
  1 pi                                                                            
                    0
  1 sigma +                                                                       
                    0
  4 sigma  end                                                                    
                    0
  grid  169 40.0                                                                  
  orbpot gauss                                                                    
  scf 300 10                                                                      
  omega 1.80 1.85                                                                 
  stop                                                                            
   ... end of input data  ...
         

   molecular system: 

          B ( 5.00)   O  ( 8.00)   R =  2.27617 bohr = 1.20450 angstroms

   method: HF

   electronic configuration:

           1  pi         + - + - 
           5  sigma      +   
           4  sigma      + - 
           3  sigma      + - 
           2  sigma      + - 
           1  sigma      + - 


          total charge            =   0
          number of
              electrons           =  13
              orbitals            =   6
              Coulomb potentials  =   6
              exchange potentials =  16

   grid:
          nu (h_nu)  =  169  (0.01870)
          mu (h_mu)  =  223  (0.01916)
          R_infinity =   40.00

   scf: 
          thresholds
              scf iterations           =    300
              orbital energy           = 1.00E-10
              orbital norm             = 1.00E-10
              multipole moments recalc = 1.15E+00

          orbitals are relaxed
          Coulomb potentials are relaxed
          exchange potential for each pair of orbitals is relaxed once per single scf iteration

          multipole expansion coefficients =  4

   (mc)sor:
          sor method used for relaxing orbitals and potentials
          ordering: middle 

                            (mc)sor iterations
                            orbital  potentials
             1 pi              10        10
             5 sigma           10        10
             4 sigma           10        10
             3 sigma           10        10
             2 sigma           10        10
             1 sigma           10        10

          overrelaxation parameters:   orbitals       potentials 
                                        1.800       1.850   1.850

   machine accuracy      =    0.11E-15

   constants: 
               pi        =    0.3141592653589793E+01
               bohr      =    0.5291772490000000E+00 angstroms


   memory usage:
          text+data                                      0.9 MB 
          bss (common block contributions)              97.1 MB
          dynamical allocation                          20.6 MB 
              orbitals + Coulomb potentials              3.5 MB
              exchange potentials                        4.6 MB

////////////////////////////////////////////////////////////////////////////////////////////////

 Initializing orbitals using GAUSSIAN output

                 86 exponents 
                 86 primitive basis functions 
                 43 primitives on centre 1
                  0 primitives on centre 2
                 43 primitives on centre 3

                  6 finite difference orbitals
                  7 finite basis set orbitals


     orbital        norm      
   1 pi         0.100019302009E+01
   5 sigma      0.999913869460E+00
   4 sigma      0.999981145677E+00
   3 sigma      0.100014326965E+01
   2 sigma      0.100000271334E+01
   1 sigma      0.100000016240E+01

 ... initializing Coulomb potentials ...
 ... initializing exchange potentials ...
 ... initializing multipole moment coefficients ...
 ... initializing Lagrange multipliers ...

 total energy:                 -0.1475277010386683E+03
 total electronic energy:      -0.1651010426409929E+03
 virial ratio:                 -0.2495471184446651E+01

   scf  orbital              energy              energy diff        1-norm         overlap
    1   1 pi          -.7608291907867757E+01       -0.60E+00        0.12E+00
    1   4 sigma       -.8337983190018310E+01       -0.45E+00        0.14E+00
    2   1 sigma       -.3160880717057302E+02        0.56E+00        0.10E-01
    2   4 sigma       -.8595870243762095E+01       -0.26E+00        0.93E-01
    3   1 sigma       -.3110402915673917E+02        0.50E+00        0.55E-02
    3   1 pi          -.8083067660853692E+01       -0.16E+00        0.73E-01
 ... multipole moment expansion coefficients recalculated ...
    4   1 sigma       -.3067302600668603E+02        0.43E+00        0.29E-02
    4   1 pi          -.8152014787901576E+01       -0.69E-01        0.61E-01
 ... multipole moment expansion coefficients recalculated ...
    5   1 sigma       -.3027546196874672E+02        0.40E+00        0.18E-02
    5   1 pi          -.8149977871362152E+01        0.20E-02        0.52E-01
    6   1 sigma       -.2987992919934200E+02        0.40E+00        0.14E-02
    6   1 pi          -.8093659274780087E+01        0.56E-01        0.45E-01
    7   1 sigma       -.2947879907903715E+02        0.40E+00        0.14E-02
    7   5 sigma       -.6260880464898221E+01        0.58E-01        0.38E-01
    8   1 sigma       -.2907743034261729E+02        0.40E+00        0.15E-02
    8   5 sigma       -.6181464658553408E+01        0.79E-01        0.35E-01
    9   1 sigma       -.2868357435968524E+02        0.39E+00        0.19E-02
    9   5 sigma       -.6089827158975730E+01        0.92E-01        0.30E-01
   10   1 sigma       -.2830352834241414E+02        0.38E+00        0.22E-02
   10   5 sigma       -.5992658012315878E+01        0.97E-01        0.26E-01
 ... writing functions to disk (current precision) ...
 total energy:    -0.1501534599858021E+03
   11   1 sigma       -.2794161623989849E+02        0.36E+00        0.26E-02
   11   5 sigma       -.5894516700477828E+01        0.98E-01        0.23E-01
 ... multipole moment expansion coefficients recalculated ...
   12   1 sigma       -.2760053523640269E+02        0.34E+00        0.28E-02
   12   5 sigma       -.5798247920234865E+01        0.96E-01        0.19E-01
   13   1 sigma       -.2728175712468061E+02        0.32E+00        0.30E-02
   13   3 sigma       -.7232240295855550E+01        0.14E+00       -0.18E-01
   14   1 sigma       -.2698583890839719E+02        0.30E+00        0.30E-02
   14   3 sigma       -.7090603798825275E+01        0.14E+00       -0.19E-01
 ... multipole moment expansion coefficients recalculated ...
   15   1 sigma       -.2671265140483098E+02        0.27E+00        0.30E-02
   15   3 sigma       -.6952635293509106E+01        0.14E+00       -0.20E-01
   16   1 sigma       -.2646155287615045E+02        0.25E+00        0.30E-02
   16   3 sigma       -.6819077307291998E+01        0.13E+00       -0.20E-01
 ... multipole moment expansion coefficients recalculated ...
   17   1 sigma       -.2623153356311776E+02        0.23E+00        0.29E-02
   17   3 sigma       -.6690317318573888E+01        0.13E+00       -0.19E-01
   18   1 sigma       -.2602133932778776E+02        0.21E+00        0.28E-02
   18   3 sigma       -.6566524599836672E+01        0.12E+00       -0.19E-01
 ... multipole moment expansion coefficients recalculated ...
   19   1 sigma       -.2582957399986791E+02        0.19E+00        0.27E-02
   19   3 sigma       -.6447733518230421E+01        0.12E+00       -0.18E-01
   20   1 sigma       -.2565477941329663E+02        0.17E+00        0.26E-02
   20   3 sigma       -.6333892588433068E+01        0.11E+00       -0.17E-01
 ... multipole moment expansion coefficients recalculated ...
 ... writing functions to disk (current precision) ...
 total energy:    -0.1407923771612668E+03
   21   1 sigma       -.2549549475033756E+02        0.16E+00        0.24E-02
   21   3 sigma       -.6224893701052779E+01        0.11E+00       -0.17E-01
   22   1 sigma       -.2535029837103443E+02        0.15E+00        0.23E-02
   22   3 sigma       -.6120590362020360E+01        0.10E+00       -0.16E-01
 ... multipole moment expansion coefficients recalculated ...
   23   1 sigma       -.2521783562086345E+02        0.13E+00        0.22E-02
   23   3 sigma       -.6020809879277579E+01        0.10E+00       -0.15E-01
   24   1 sigma       -.2509683589534492E+02        0.12E+00        0.21E-02
   24   3 sigma       -.5925362112903260E+01        0.95E-01       -0.14E-01
 ... multipole moment expansion coefficients recalculated ...
   25   1 sigma       -.2498612176535403E+02        0.11E+00        0.19E-02
   25   3 sigma       -.5834046126122033E+01        0.91E-01       -0.13E-01
   26   1 sigma       -.2488461240820201E+02        0.10E+00        0.18E-02
   26   3 sigma       -.5746655411929618E+01        0.87E-01       -0.12E-01
 ... multipole moment expansion coefficients recalculated ...
   27   1 sigma       -.2479132307995231E+02        0.93E-01        0.17E-02
   27   3 sigma       -.5662982046474106E+01        0.84E-01       -0.11E-01
   28   4 sigma       -.5971658998380801E+01        0.90E-01        0.26E-02
   28   3 sigma       -.5582819971559314E+01        0.80E-01       -0.10E-01
   29   4 sigma       -.5884366932775301E+01        0.87E-01        0.27E-02
   29   3 sigma       -.5505967543611717E+01        0.77E-01       -0.96E-02
 ... multipole moment expansion coefficients recalculated ...
   30   4 sigma       -.5799804562055554E+01        0.85E-01        0.28E-02
   30   3 sigma       -.5432229458623790E+01        0.74E-01       -0.89E-02
 ... writing functions to disk (current precision) ...
 total energy:    -0.1341410520954515E+03
   31   4 sigma       -.5717832769803071E+01        0.82E-01        0.29E-02
   31   3 sigma       -.5361418149190943E+01        0.71E-01       -0.82E-02
   32   4 sigma       -.5638321159210824E+01        0.80E-01        0.29E-02
   32   3 sigma       -.5293354740742434E+01        0.68E-01       -0.75E-02
   33   4 sigma       -.5561147421352953E+01        0.77E-01        0.30E-02
   33   3 sigma       -.5227869645713696E+01        0.65E-01       -0.69E-02
   34   4 sigma       -.5486196709784187E+01        0.75E-01        0.30E-02
   34   3 sigma       -.5164802865741462E+01        0.63E-01       -0.63E-02
 ... multipole moment expansion coefficients recalculated ...
   35   4 sigma       -.5413361052743479E+01        0.73E-01        0.30E-02
   35   3 sigma       -.5104004063063845E+01        0.61E-01       -0.58E-02
   36   4 sigma       -.5342538817029007E+01        0.71E-01        0.30E-02
   36   3 sigma       -.5045332453512060E+01        0.59E-01       -0.53E-02
   37   4 sigma       -.5273634227189707E+01        0.69E-01        0.30E-02
   37   3 sigma       -.4988656565190170E+01        0.57E-01       -0.48E-02
   38   4 sigma       -.5206556937842139E+01        0.67E-01        0.30E-02
   38   3 sigma       -.4933853899364127E+01        0.55E-01       -0.44E-02
   39   4 sigma       -.5141221654022337E+01        0.65E-01        0.30E-02
   39   3 sigma       -.4880810523376476E+01        0.53E-01       -0.40E-02
   40   4 sigma       -.5077547793424583E+01        0.64E-01        0.30E-02
   40   3 sigma       -.4829420619582389E+01        0.51E-01       -0.36E-02
 ... multipole moment expansion coefficients recalculated ...
 ... writing functions to disk (current precision) ...
 total energy:    -0.1292839084458164E+03
   41   4 sigma       -.5015459184348964E+01        0.62E-01        0.30E-02
   41   3 sigma       -.4779586009346992E+01        0.50E-01       -0.32E-02
   42   4 sigma       -.4954883793728681E+01        0.61E-01        0.30E-02
   42   4 sigma       -.4954883793728681E+01        0.61E-01        0.30E-02
   43   4 sigma       -.4895753480375498E+01        0.59E-01        0.30E-02
   43   4 sigma       -.4895753480375498E+01        0.59E-01        0.30E-02
   44   4 sigma       -.4838003769406631E+01        0.58E-01        0.29E-02
   44   4 sigma       -.4838003769406631E+01        0.58E-01        0.29E-02
   45   4 sigma       -.4781573644586865E+01        0.56E-01        0.29E-02
   45   4 sigma       -.4781573644586865E+01        0.56E-01        0.29E-02
   46   4 sigma       -.4726405355990505E+01        0.55E-01        0.29E-02
   46   4 sigma       -.4726405355990505E+01        0.55E-01        0.29E-02
 ... multipole moment expansion coefficients recalculated ...
   47   4 sigma       -.4672444240942820E+01        0.54E-01        0.28E-02
   47   4 sigma       -.4672444240942820E+01        0.54E-01        0.28E-02
   48   4 sigma       -.4619638556641774E+01        0.53E-01        0.28E-02
   48   4 sigma       -.4619638556641774E+01        0.53E-01        0.28E-02
   49   4 sigma       -.4567939323196119E+01        0.52E-01        0.28E-02
   49   4 sigma       -.4567939323196119E+01        0.52E-01        0.28E-02
   50   4 sigma       -.4517300176072447E+01        0.51E-01        0.28E-02
   50   4 sigma       -.4517300176072447E+01        0.51E-01        0.28E-02
 ... writing functions to disk (current precision) ...
 total energy:    -0.1255347781913258E+03
   51   4 sigma       -.4467677227133421E+01        0.50E-01        0.27E-02
   51   4 sigma       -.4467677227133421E+01        0.50E-01        0.27E-02
   52   4 sigma       -.4419028933591060E+01        0.49E-01        0.27E-02
   52   4 sigma       -.4419028933591060E+01        0.49E-01        0.27E-02
   53   2 sigma       -.1133110410670168E+02        0.48E-01        0.67E-03
   53   4 sigma       -.4371315974293339E+01        0.48E-01        0.27E-02
   54   2 sigma       -.1128352578825910E+02        0.48E-01        0.66E-03
   54   4 sigma       -.4324501132831560E+01        0.47E-01        0.27E-02
 ... multipole moment expansion coefficients recalculated ...
   55   2 sigma       -.1123649661332532E+02        0.47E-01        0.65E-03
   55   4 sigma       -.4278549187007371E+01        0.46E-01        0.26E-02
   56   2 sigma       -.1119002866668958E+02        0.46E-01        0.64E-03
   56   4 sigma       -.4233426804239581E+01        0.45E-01        0.26E-02
   57   2 sigma       -.1114413268065202E+02        0.46E-01        0.63E-03
   57   4 sigma       -.4189102442540128E+01        0.44E-01        0.26E-02
   58   2 sigma       -.1109881805115291E+02        0.45E-01        0.62E-03
   58   4 sigma       -.4145546256700996E+01        0.44E-01        0.26E-02
   59   2 sigma       -.1105409286176258E+02        0.45E-01        0.61E-03
   59   4 sigma       -.4102730009372748E+01        0.43E-01        0.26E-02
   60   2 sigma       -.1100996391430050E+02        0.44E-01        0.60E-03
   60   4 sigma       -.4060626986719552E+01        0.42E-01        0.26E-02
 ... writing functions to disk (current precision) ...
 total energy:    -0.1224982830202573E+03
   61   2 sigma       -.1096643676503441E+02        0.44E-01        0.60E-03
   61   4 sigma       -.4019211918364574E+01        0.41E-01        0.26E-02
   62   2 sigma       -.1092351576554111E+02        0.43E-01        0.59E-03
   62   4 sigma       -.3978460901366005E+01        0.41E-01        0.26E-02
   63   2 sigma       -.1088120410740151E+02        0.42E-01        0.58E-03
   63   4 sigma       -.3938351327995544E+01        0.40E-01        0.25E-02
   64   2 sigma       -.1083950387001496E+02        0.42E-01        0.57E-03
   64   4 sigma       -.3898861817094045E+01        0.39E-01        0.25E-02
   65   2 sigma       -.1079841607089495E+02        0.41E-01        0.56E-03
   65   4 sigma       -.3859972148812500E+01        0.39E-01        0.25E-02
 ... multipole moment expansion coefficients recalculated ...
   66   2 sigma       -.1075794071785398E+02        0.40E-01        0.55E-03
   66   4 sigma       -.3821663202542279E+01        0.38E-01        0.25E-02
   67   2 sigma       -.1071807686258638E+02        0.40E-01        0.54E-03
   67   4 sigma       -.3783916897860829E+01        0.38E-01        0.25E-02
   68   2 sigma       -.1067882265517827E+02        0.39E-01        0.53E-03
   68   4 sigma       -.3746716138339510E+01        0.37E-01        0.25E-02
   69   2 sigma       -.1064017539912875E+02        0.39E-01        0.52E-03
   69   4 sigma       -.3710044758075147E+01        0.37E-01        0.25E-02
   70   2 sigma       -.1060213160652793E+02        0.38E-01        0.51E-03
   70   4 sigma       -.3673887470811517E+01        0.36E-01        0.25E-02
 ... writing functions to disk (current precision) ...
 total energy:    -0.1199535383651609E+03
   71   2 sigma       -.1056468705303525E+02        0.37E-01        0.51E-03
   71   4 sigma       -.3638229821531533E+01        0.36E-01        0.25E-02
   72   2 sigma       -.1052783683238317E+02        0.37E-01        0.50E-03
   72   4 sigma       -.3603058140413104E+01        0.35E-01        0.25E-02
   73   2 sigma       -.1049157541011283E+02        0.36E-01        0.49E-03
   73   4 sigma       -.3568359499033445E+01        0.35E-01        0.25E-02
   74   2 sigma       -.1045589667631184E+02        0.36E-01        0.48E-03
   74   4 sigma       -.3534121668714064E+01        0.34E-01        0.25E-02
 ... multipole moment expansion coefficients recalculated ...
   75   2 sigma       -.1042079399716043E+02        0.35E-01        0.47E-03
   75   4 sigma       -.3500333080903027E+01        0.34E-01        0.25E-02
   76   2 sigma       -.1038626026507232E+02        0.35E-01        0.47E-03
   76   4 sigma       -.3466982789512045E+01        0.33E-01        0.25E-02
   77   2 sigma       -.1035228794731222E+02        0.34E-01        0.46E-03
   77   4 sigma       -.3434060435114331E+01        0.33E-01        0.25E-02
   78   2 sigma       -.1031886913293152E+02        0.33E-01        0.45E-03
   78   4 sigma       -.3401556210933997E+01        0.33E-01        0.25E-02
   79   2 sigma       -.1028599557792831E+02        0.33E-01        0.45E-03
   79   4 sigma       -.3369460830537073E+01        0.32E-01        0.25E-02
   80   2 sigma       -.1025365874852532E+02        0.32E-01        0.44E-03
   80   4 sigma       -.3337765497156514E+01        0.32E-01        0.26E-02
 ... writing functions to disk (current precision) ...
 total energy:    -0.1177711645768978E+03
   81   2 sigma       -.1022184986250633E+02        0.32E-01        0.43E-03
   81   4 sigma       -.3306461874567716E+01        0.31E-01        0.26E-02
   82   2 sigma       -.1019055992855307E+02        0.31E-01        0.43E-03
   82   4 sigma       -.3275542059459084E+01        0.31E-01        0.26E-02
   83   2 sigma       -.1015977978354147E+02        0.31E-01        0.42E-03
   83   4 sigma       -.3244998555222229E+01        0.31E-01        0.26E-02
 ... multipole moment expansion coefficients recalculated ...
   84   2 sigma       -.1012950012777737E+02        0.30E-01        0.41E-03
   84   4 sigma       -.3214824247099088E+01        0.30E-01        0.26E-02
   85   4 sigma       -.3185012378607166E+01        0.30E-01        0.26E-02
   85   4 sigma       -.3185012378607166E+01        0.30E-01        0.26E-02
   86   4 sigma       -.3155556529183853E+01        0.29E-01        0.26E-02
   86   4 sigma       -.3155556529183853E+01        0.29E-01        0.26E-02
   87   4 sigma       -.3126450592995139E+01        0.29E-01        0.26E-02
   87   4 sigma       -.3126450592995139E+01        0.29E-01        0.26E-02
   88   4 sigma       -.3097688758858275E+01        0.29E-01        0.26E-02
   88   4 sigma       -.3097688758858275E+01        0.29E-01        0.26E-02
   89   4 sigma       -.3069265491228879E+01        0.28E-01        0.26E-02
   89   4 sigma       -.3069265491228879E+01        0.28E-01        0.26E-02
   90   4 sigma       -.3041175512204670E+01        0.28E-01        0.26E-02
   90   4 sigma       -.3041175512204670E+01        0.28E-01        0.26E-02
 ... writing functions to disk (current precision) ...
 total energy:    -0.1158699756843155E+03
   91   4 sigma       -.3013413784499602E+01        0.28E-01        0.26E-02
   91   4 sigma       -.3013413784499602E+01        0.28E-01        0.26E-02
   92   4 sigma       -.2985975495348731E+01        0.27E-01        0.26E-02
   92   4 sigma       -.2985975495348731E+01        0.27E-01        0.26E-02
   93   4 sigma       -.2958856041289046E+01        0.27E-01        0.26E-02
   93   4 sigma       -.2958856041289046E+01        0.27E-01        0.26E-02
   94   4 sigma       -.2932051013773795E+01        0.27E-01        0.26E-02
   94   4 sigma       -.2932051013773795E+01        0.27E-01        0.26E-02
   95   4 sigma       -.2905556185578559E+01        0.26E-01        0.26E-02
   95   4 sigma       -.2905556185578559E+01        0.26E-01        0.26E-02
 ... multipole moment expansion coefficients recalculated ...
   96   4 sigma       -.2879367497967435E+01        0.26E-01        0.26E-02
   96   4 sigma       -.2879367497967435E+01        0.26E-01        0.26E-02
   97   4 sigma       -.2853481048585259E+01        0.26E-01        0.26E-02
   97   4 sigma       -.2853481048585259E+01        0.26E-01        0.26E-02
   98   4 sigma       -.2827893080045778E+01        0.26E-01        0.26E-02
   98   4 sigma       -.2827893080045778E+01        0.26E-01        0.26E-02
   99   4 sigma       -.2802599969181755E+01        0.25E-01        0.26E-02
   99   4 sigma       -.2802599969181755E+01        0.25E-01        0.26E-02
  100   4 sigma       -.2777598216935290E+01        0.25E-01        0.26E-02
  100   4 sigma       -.2777598216935290E+01        0.25E-01        0.26E-02
 ... writing functions to disk (current precision) ...
 total energy:    -0.1141965998241066E+03
  101   4 sigma       -.2752884438854783E+01        0.25E-01        0.26E-02
  101   4 sigma       -.2752884438854783E+01        0.25E-01        0.26E-02
  102   4 sigma       -.2728455356164102E+01        0.24E-01        0.26E-02
  102   4 sigma       -.2728455356164102E+01        0.24E-01        0.26E-02
  103   4 sigma       -.2704307787376726E+01        0.24E-01        0.26E-02
  103   4 sigma       -.2704307787376726E+01        0.24E-01        0.26E-02
  104   4 sigma       -.2680438640426158E+01        0.24E-01        0.26E-02
  104   4 sigma       -.2680438640426158E+01        0.24E-01        0.26E-02
  105   4 sigma       -.2656844905299287E+01        0.24E-01        0.26E-02
  105   4 sigma       -.2656844905299287E+01        0.24E-01        0.26E-02
  106   4 sigma       -.2633523647143778E+01        0.23E-01        0.26E-02
  106   4 sigma       -.2633523647143778E+01        0.23E-01        0.26E-02
  107   4 sigma       -.2610471999835354E+01        0.23E-01        0.26E-02
  107   4 sigma       -.2610471999835354E+01        0.23E-01        0.26E-02
  108   4 sigma       -.2587687159980256E+01        0.23E-01        0.26E-02
  108   4 sigma       -.2587687159980256E+01        0.23E-01        0.26E-02
 ... multipole moment expansion coefficients recalculated ...
  109   4 sigma       -.2565166381333422E+01        0.23E-01        0.26E-02
  109   4 sigma       -.2565166381333422E+01        0.23E-01        0.26E-02
  110   4 sigma       -.2542906969614792E+01        0.22E-01        0.26E-02
  110   4 sigma       -.2542906969614792E+01        0.22E-01        0.26E-02
 ... writing functions to disk (current precision) ...
 total energy:    -0.1127143144168531E+03
  111   4 sigma       -.2520906277700914E+01        0.22E-01        0.26E-02
  111   4 sigma       -.2520906277700914E+01        0.22E-01        0.26E-02
  112   4 sigma       -.2499161701188837E+01        0.22E-01        0.26E-02
  112   4 sigma       -.2499161701188837E+01        0.22E-01        0.26E-02
  113   4 sigma       -.2477670674300906E+01        0.21E-01        0.26E-02
  113   4 sigma       -.2477670674300906E+01        0.21E-01        0.26E-02
  114   4 sigma       -.2456430666110467E+01        0.21E-01        0.26E-02
  114   4 sigma       -.2456430666110467E+01        0.21E-01        0.26E-02
  115   4 sigma       -.2435439177066424E+01        0.21E-01        0.26E-02
  115   4 sigma       -.2435439177066424E+01        0.21E-01        0.26E-02
  116   4 sigma       -.2414693735805388E+01        0.21E-01        0.26E-02
  116   4 sigma       -.2414693735805388E+01        0.21E-01        0.26E-02
  117   4 sigma       -.2394191896242758E+01        0.21E-01        0.26E-02
  117   4 sigma       -.2394191896242758E+01        0.21E-01        0.26E-02
  118   4 sigma       -.2373931234929330E+01        0.20E-01        0.25E-02
  118   4 sigma       -.2373931234929330E+01        0.20E-01        0.25E-02
  119   4 sigma       -.2353909348662406E+01        0.20E-01        0.25E-02
  119   4 sigma       -.2353909348662406E+01        0.20E-01        0.25E-02
  120   4 sigma       -.2334123852337438E+01        0.20E-01        0.25E-02
  120   4 sigma       -.2334123852337438E+01        0.20E-01        0.25E-02
 ... multipole moment expansion coefficients recalculated ...
 ... writing functions to disk (current precision) ...
 total energy:    -0.1113961672995219E+03
  121   4 sigma       -.2314572377024761E+01        0.20E-01        0.25E-02
  121   4 sigma       -.2314572377024761E+01        0.20E-01        0.25E-02
  122   4 sigma       -.2295252568262229E+01        0.19E-01        0.25E-02
  122   4 sigma       -.2295252568262229E+01        0.19E-01        0.25E-02
  123   4 sigma       -.2276162084548328E+01        0.19E-01        0.25E-02
  123   4 sigma       -.2276162084548328E+01        0.19E-01        0.25E-02
  124   4 sigma       -.2257298596025914E+01        0.19E-01        0.25E-02
  124   4 sigma       -.2257298596025914E+01        0.19E-01        0.25E-02
  125   4 sigma       -.2238659783354275E+01        0.19E-01        0.25E-02
  125   4 sigma       -.2238659783354275E+01        0.19E-01        0.25E-02
  126   4 sigma       -.2220243336752160E+01        0.18E-01        0.25E-02
  126   4 sigma       -.2220243336752160E+01        0.18E-01        0.25E-02
  127   4 sigma       -.2202046955184448E+01        0.18E-01        0.25E-02
  127   4 sigma       -.2202046955184448E+01        0.18E-01        0.25E-02
  128   4 sigma       -.2184068345681546E+01        0.18E-01        0.25E-02
  128   4 sigma       -.2184068345681546E+01        0.18E-01        0.25E-02
  129   4 sigma       -.2166305222789064E+01        0.18E-01        0.25E-02
  129   4 sigma       -.2166305222789064E+01        0.18E-01        0.25E-02
  130   4 sigma       -.2148755308140513E+01        0.18E-01        0.25E-02
  130   4 sigma       -.2148755308140513E+01        0.18E-01        0.25E-02
 ... multipole moment expansion coefficients recalculated ...
 ... writing functions to disk (current precision) ...
 total energy:    -0.1102209329408002E+03
  131   4 sigma       -.2131416330151467E+01        0.17E-01        0.25E-02
  131   4 sigma       -.2131416330151467E+01        0.17E-01        0.25E-02
  132   4 sigma       -.2114286023822734E+01        0.17E-01        0.24E-02
  132   4 sigma       -.2114286023822734E+01        0.17E-01        0.24E-02
 ... multipole moment expansion coefficients recalculated ...
  133   4 sigma       -.2097362130645899E+01        0.17E-01        0.24E-02
  133   4 sigma       -.2097362130645899E+01        0.17E-01        0.24E-02
  134   4 sigma       -.2080642398601125E+01        0.17E-01        0.24E-02
  134   4 sigma       -.2080642398601125E+01        0.17E-01        0.24E-02
  135   4 sigma       -.2064124582241428E+01        0.17E-01        0.24E-02
  135   4 sigma       -.2064124582241428E+01        0.17E-01        0.24E-02
  136   4 sigma       -.2047806442853511E+01        0.16E-01        0.24E-02
  136   4 sigma       -.2047806442853511E+01        0.16E-01        0.24E-02
  137   4 sigma       -.2031685748696016E+01        0.16E-01        0.24E-02
  137   4 sigma       -.2031685748696016E+01        0.16E-01        0.24E-02
  138   4 sigma       -.2015760275306040E+01        0.16E-01        0.24E-02
  138   4 sigma       -.2015760275306040E+01        0.16E-01        0.24E-02
  139   4 sigma       -.2000027805842667E+01        0.16E-01        0.24E-02
  139   4 sigma       -.2000027805842667E+01        0.16E-01        0.24E-02
  140   4 sigma       -.1984486131468516E+01        0.16E-01        0.24E-02
  140   4 sigma       -.1984486131468516E+01        0.16E-01        0.24E-02
 ... writing functions to disk (current precision) ...
 total energy:    -0.1091709795002952E+03
  141   4 sigma       -.1969133051762012E+01        0.15E-01        0.24E-02
  141   4 sigma       -.1969133051762012E+01        0.15E-01        0.24E-02
  142   4 sigma       -.1953966375165098E+01        0.15E-01        0.23E-02
  142   4 sigma       -.1953966375165098E+01        0.15E-01        0.23E-02
  143   4 sigma       -.1938983919463970E+01        0.15E-01        0.23E-02
  143   4 sigma       -.1938983919463970E+01        0.15E-01        0.23E-02
  144   4 sigma       -.1924183512293405E+01        0.15E-01        0.23E-02
  144   4 sigma       -.1924183512293405E+01        0.15E-01        0.23E-02
 ... multipole moment expansion coefficients recalculated ...
  145   4 sigma       -.1909562991668400E+01        0.15E-01        0.23E-02
  145   4 sigma       -.1909562991668400E+01        0.15E-01        0.23E-02
  146   4 sigma       -.1895120206530502E+01        0.14E-01        0.23E-02
  146   4 sigma       -.1895120206530502E+01        0.14E-01        0.23E-02
  147   4 sigma       -.1880853017316696E+01        0.14E-01        0.23E-02
  147   4 sigma       -.1880853017316696E+01        0.14E-01        0.23E-02
  148   4 sigma       -.1866759296539962E+01        0.14E-01        0.23E-02
  148   4 sigma       -.1866759296539962E+01        0.14E-01        0.23E-02
  149   4 sigma       -.1852836929363187E+01        0.14E-01        0.23E-02
  149   4 sigma       -.1852836929363187E+01        0.14E-01        0.23E-02
  150   4 sigma       -.1839083814158812E+01        0.14E-01        0.23E-02
  150   4 sigma       -.1839083814158812E+01        0.14E-01        0.23E-02
 ... writing functions to disk (current precision) ...
 total energy:    -0.1082312302008378E+03
  151   4 sigma       -.1825497863059454E+01        0.14E-01        0.22E-02
  151   4 sigma       -.1825497863059454E+01        0.14E-01        0.22E-02
  152   4 sigma       -.1812077002494586E+01        0.13E-01        0.22E-02
  152   4 sigma       -.1812077002494586E+01        0.13E-01        0.22E-02
  153   4 sigma       -.1798819173719536E+01        0.13E-01        0.22E-02
  153   4 sigma       -.1798819173719536E+01        0.13E-01        0.22E-02
  154   4 sigma       -.1785722333333397E+01        0.13E-01        0.22E-02
  154   4 sigma       -.1785722333333397E+01        0.13E-01        0.22E-02
  155   4 sigma       -.1772784453785095E+01        0.13E-01        0.22E-02
  155   4 sigma       -.1772784453785095E+01        0.13E-01        0.22E-02
  156   4 sigma       -.1760003523865167E+01        0.13E-01        0.22E-02
  156   4 sigma       -.1760003523865167E+01        0.13E-01        0.22E-02
 ... multipole moment expansion coefficients recalculated ...
  157   4 sigma       -.1747377549179619E+01        0.13E-01        0.22E-02
  157   4 sigma       -.1747377549179619E+01        0.13E-01        0.22E-02
  158   4 sigma       -.1734904552606358E+01        0.12E-01        0.22E-02
  158   4 sigma       -.1734904552606358E+01        0.12E-01        0.22E-02
  159   4 sigma       -.1722582574728527E+01        0.12E-01        0.21E-02
  159   4 sigma       -.1722582574728527E+01        0.12E-01        0.21E-02
  160   4 sigma       -.1710409674249608E+01        0.12E-01        0.21E-02
  160   4 sigma       -.1710409674249608E+01        0.12E-01        0.21E-02
 ... writing functions to disk (current precision) ...
 total energy:    -0.1073886490630831E+03
  161   4 sigma       -.1698383928396357E+01        0.12E-01        0.21E-02
  161   4 sigma       -.1698383928396357E+01        0.12E-01        0.21E-02
  162   4 sigma       -.1686503433299661E+01        0.12E-01        0.21E-02
  162   4 sigma       -.1686503433299661E+01        0.12E-01        0.21E-02
  163   4 sigma       -.1674766304339462E+01        0.12E-01        0.21E-02
  163   4 sigma       -.1674766304339462E+01        0.12E-01        0.21E-02
  164   4 sigma       -.1663170676446717E+01        0.12E-01        0.21E-02
  164   4 sigma       -.1663170676446717E+01        0.12E-01        0.21E-02
  165   4 sigma       -.1651714704373032E+01        0.11E-01        0.21E-02
  165   4 sigma       -.1651714704373032E+01        0.11E-01        0.21E-02
  166   4 sigma       -.1640396562934432E+01        0.11E-01        0.20E-02
  166   4 sigma       -.1640396562934432E+01        0.11E-01        0.20E-02
  167   4 sigma       -.1629214447229571E+01        0.11E-01        0.20E-02
  167   4 sigma       -.1629214447229571E+01        0.11E-01        0.20E-02
  168   4 sigma       -.1618166572838549E+01        0.11E-01        0.20E-02
  168   4 sigma       -.1618166572838549E+01        0.11E-01        0.20E-02
 ... multipole moment expansion coefficients recalculated ...
  169   4 sigma       -.1607251175996687E+01        0.11E-01        0.20E-02
  169   4 sigma       -.1607251175996687E+01        0.11E-01        0.20E-02
  170   4 sigma       -.1596466513747603E+01        0.11E-01        0.20E-02
  170   4 sigma       -.1596466513747603E+01        0.11E-01        0.20E-02
 ... writing functions to disk (current precision) ...
 total energy:    -0.1066319406853803E+03
  171   4 sigma       -.1585810864071851E+01        0.11E-01        0.20E-02
  171   4 sigma       -.1585810864071851E+01        0.11E-01        0.20E-02
  172   4 sigma       -.1575282525998062E+01        0.11E-01        0.20E-02
  172   4 sigma       -.1575282525998062E+01        0.11E-01        0.20E-02
  173   4 sigma       -.1564879819698152E+01        0.10E-01        0.19E-02
  173   4 sigma       -.1564879819698152E+01        0.10E-01        0.19E-02
  174   4 sigma       -.1554601086567062E+01        0.10E-01        0.19E-02
  174   4 sigma       -.1554601086567062E+01        0.10E-01        0.19E-02
  175   4 sigma       -.1544444689266379E+01        0.10E-01        0.19E-02
  175   4 sigma       -.1544444689266379E+01        0.10E-01        0.19E-02
  176   4 sigma       -.1534409011730665E+01        0.10E-01        0.19E-02
  176   4 sigma       -.1534409011730665E+01        0.10E-01        0.19E-02
  177   4 sigma       -.1524492459149086E+01        0.99E-02        0.19E-02
  177   4 sigma       -.1524492459149086E+01        0.99E-02        0.19E-02
  178   4 sigma       -.1514693457922088E+01        0.98E-02        0.19E-02
  178   4 sigma       -.1514693457922088E+01        0.98E-02        0.19E-02
  179   4 sigma       -.1505010455606565E+01        0.97E-02        0.19E-02
  179   4 sigma       -.1505010455606565E+01        0.97E-02        0.19E-02
  180   4 sigma       -.1495441920841457E+01        0.96E-02        0.18E-02
  180   4 sigma       -.1495441920841457E+01        0.96E-02        0.18E-02
 ... multipole moment expansion coefficients recalculated ...
 ... writing functions to disk (current precision) ...
 total energy:    -0.1059513259459790E+03
  181   4 sigma       -.1485986343263395E+01        0.95E-02        0.18E-02
  181   4 sigma       -.1485986343263395E+01        0.95E-02        0.18E-02
  182   4 sigma       -.1476642233405593E+01        0.93E-02        0.18E-02
  182   4 sigma       -.1476642233405593E+01        0.93E-02        0.18E-02
  183   4 sigma       -.1467408122584514E+01        0.92E-02        0.18E-02
  183   4 sigma       -.1467408122584514E+01        0.92E-02        0.18E-02
  184   4 sigma       -.1458282562775489E+01        0.91E-02        0.18E-02
  184   4 sigma       -.1458282562775489E+01        0.91E-02        0.18E-02
  185   4 sigma       -.1449264126485297E+01        0.90E-02        0.18E-02
  185   4 sigma       -.1449264126485297E+01        0.90E-02        0.18E-02
  186   4 sigma       -.1440351406616566E+01        0.89E-02        0.18E-02
  186   4 sigma       -.1440351406616566E+01        0.89E-02        0.18E-02
  187   4 sigma       -.1431543016307357E+01        0.88E-02        0.18E-02
  187   4 sigma       -.1431543016307357E+01        0.88E-02        0.18E-02
  188   4 sigma       -.1422837588747064E+01        0.87E-02        0.17E-02
  188   4 sigma       -.1422837588747064E+01        0.87E-02        0.17E-02
  189   4 sigma       -.1414233776975558E+01        0.86E-02        0.17E-02
  189   4 sigma       -.1414233776975558E+01        0.86E-02        0.17E-02
  190   4 sigma       -.1405730253672276E+01        0.85E-02        0.17E-02
  190   4 sigma       -.1405730253672276E+01        0.85E-02        0.17E-02
 ... multipole moment expansion coefficients recalculated ...
 ... writing functions to disk (current precision) ...
 total energy:    -0.1053383426377474E+03
  191   4 sigma       -.1397325710939993E+01        0.84E-02        0.17E-02
  191   4 sigma       -.1397325710939993E+01        0.84E-02        0.17E-02
  192   4 sigma       -.1389018860084160E+01        0.83E-02        0.17E-02
  192   4 sigma       -.1389018860084160E+01        0.83E-02        0.17E-02
 ... multipole moment expansion coefficients recalculated ...
  193   4 sigma       -.1380808431387717E+01        0.82E-02        0.17E-02
  193   4 sigma       -.1380808431387717E+01        0.82E-02        0.17E-02
  194   4 sigma       -.1372693173882928E+01        0.81E-02        0.17E-02
  194   4 sigma       -.1372693173882928E+01        0.81E-02        0.17E-02
  195   4 sigma       -.1364671855118679E+01        0.80E-02        0.16E-02
  195   4 sigma       -.1364671855118679E+01        0.80E-02        0.16E-02
  196   4 sigma       -.1356743260927992E+01        0.79E-02        0.16E-02
  196   4 sigma       -.1356743260927992E+01        0.79E-02        0.16E-02
  197   4 sigma       -.1348906195199354E+01        0.78E-02        0.16E-02
  197   4 sigma       -.1348906195199354E+01        0.78E-02        0.16E-02
  198   4 sigma       -.1341159479649400E+01        0.77E-02        0.16E-02
  198   4 sigma       -.1341159479649400E+01        0.77E-02        0.16E-02
  199   4 sigma       -.1333501953581549E+01        0.77E-02        0.16E-02
  199   4 sigma       -.1333501953581549E+01        0.77E-02        0.16E-02
  200   4 sigma       -.1325932473629992E+01        0.76E-02        0.16E-02
  200   4 sigma       -.1325932473629992E+01        0.76E-02        0.16E-02
 ... writing functions to disk (current precision) ...
 total energy:    -0.1047856581984013E+03
  201   4 sigma       -.1318449913495051E+01        0.75E-02        0.16E-02
  201   4 sigma       -.1318449913495051E+01        0.75E-02        0.16E-02
  202   4 sigma       -.1311053163680249E+01        0.74E-02        0.15E-02
  202   4 sigma       -.1311053163680249E+01        0.74E-02        0.15E-02
  203   4 sigma       -.1303741131226992E+01        0.73E-02        0.15E-02
  203   4 sigma       -.1303741131226992E+01        0.73E-02        0.15E-02
  204   4 sigma       -.1296512739456072E+01        0.72E-02        0.15E-02
  204   4 sigma       -.1296512739456072E+01        0.72E-02        0.15E-02
  205   4 sigma       -.1289366927707709E+01        0.71E-02        0.15E-02
  205   4 sigma       -.1289366927707709E+01        0.71E-02        0.15E-02
 ... multipole moment expansion coefficients recalculated ...
  206   4 sigma       -.1282302651091318E+01        0.71E-02        0.15E-02
  206   4 sigma       -.1282302651091318E+01        0.71E-02        0.15E-02
  207   4 sigma       -.1275318880238643E+01        0.70E-02        0.15E-02
  207   4 sigma       -.1275318880238643E+01        0.70E-02        0.15E-02
  208   4 sigma       -.1268414601067421E+01        0.69E-02        0.15E-02
  208   4 sigma       -.1268414601067421E+01        0.69E-02        0.15E-02
  209   4 sigma       -.1261588814536073E+01        0.68E-02        0.15E-02
  209   4 sigma       -.1261588814536073E+01        0.68E-02        0.15E-02
  210   4 sigma       -.1254840536393199E+01        0.67E-02        0.14E-02
  210   4 sigma       -.1254840536393199E+01        0.67E-02        0.14E-02
 ... writing functions to disk (current precision) ...
 total energy:    -0.1042868965062122E+03
  211   4 sigma       -.1248168796923060E+01        0.67E-02        0.14E-02
  211   4 sigma       -.1248168796923060E+01        0.67E-02        0.14E-02
  212   4 sigma       -.1241572640693154E+01        0.66E-02        0.14E-02
  212   4 sigma       -.1241572640693154E+01        0.66E-02        0.14E-02
  213   4 sigma       -.1235051126303850E+01        0.65E-02        0.14E-02
  213   4 sigma       -.1235051126303850E+01        0.65E-02        0.14E-02
  214   4 sigma       -.1228603326141744E+01        0.64E-02        0.14E-02
  214   4 sigma       -.1228603326141744E+01        0.64E-02        0.14E-02
  215   4 sigma       -.1222228326142758E+01        0.64E-02        0.14E-02
  215   4 sigma       -.1222228326142758E+01        0.64E-02        0.14E-02
  216   4 sigma       -.1215925225555585E+01        0.63E-02        0.14E-02
  216   4 sigma       -.1215925225555585E+01        0.63E-02        0.14E-02
  217   4 sigma       -.1209693136711977E+01        0.62E-02        0.14E-02
  217   4 sigma       -.1209693136711977E+01        0.62E-02        0.14E-02
  218   4 sigma       -.1203531184800934E+01        0.62E-02        0.13E-02
  218   4 sigma       -.1203531184800934E+01        0.62E-02        0.13E-02
 ... multipole moment expansion coefficients recalculated ...
  219   4 sigma       -.1197438507646349E+01        0.61E-02        0.13E-02
  219   4 sigma       -.1197438507646349E+01        0.61E-02        0.13E-02
  220   4 sigma       -.1191414255488644E+01        0.60E-02        0.13E-02
  220   4 sigma       -.1191414255488644E+01        0.60E-02        0.13E-02
 ... writing functions to disk (current precision) ...
 total energy:    -0.1038364841100786E+03
  221   4 sigma       -.1185457590772963E+01        0.60E-02        0.13E-02
  221   4 sigma       -.1185457590772963E+01        0.60E-02        0.13E-02
  222   4 sigma       -.1179567687946662E+01        0.59E-02        0.13E-02
  222   4 sigma       -.1179567687946662E+01        0.59E-02        0.13E-02
  223   4 sigma       -.1173743733264983E+01        0.58E-02        0.13E-02
  223   4 sigma       -.1173743733264983E+01        0.58E-02        0.13E-02
  224   4 sigma       -.1167984924590729E+01        0.58E-02        0.13E-02
  224   4 sigma       -.1167984924590729E+01        0.58E-02        0.13E-02
  225   4 sigma       -.1162290471185278E+01        0.57E-02        0.13E-02
  225   4 sigma       -.1162290471185278E+01        0.57E-02        0.13E-02
  226   4 sigma       -.1156659593500185E+01        0.56E-02        0.13E-02
  226   4 sigma       -.1156659593500185E+01        0.56E-02        0.13E-02
  227   4 sigma       -.1151091522971393E+01        0.56E-02        0.12E-02
  227   4 sigma       -.1151091522971393E+01        0.56E-02        0.12E-02
  228   4 sigma       -.1145585501820144E+01        0.55E-02        0.12E-02
  228   4 sigma       -.1145585501820144E+01        0.55E-02        0.12E-02
  229   4 sigma       -.1140140782860751E+01        0.54E-02        0.12E-02
  229   4 sigma       -.1140140782860751E+01        0.54E-02        0.12E-02
  230   4 sigma       -.1134756629312299E+01        0.54E-02        0.12E-02
  230   4 sigma       -.1134756629312299E+01        0.54E-02        0.12E-02
 ... multipole moment expansion coefficients recalculated ...
 ... writing functions to disk (current precision) ...
 total energy:    -0.1034295194972870E+03
  231   4 sigma       -.1129432314618809E+01        0.53E-02        0.12E-02
  231   4 sigma       -.1129432314618809E+01        0.53E-02        0.12E-02
 ... multipole moment expansion coefficients recalculated ...
  232   4 sigma       -.1124167122271546E+01        0.53E-02        0.12E-02
  232   4 sigma       -.1124167122271546E+01        0.53E-02        0.12E-02
  233   4 sigma       -.1118960345638135E+01        0.52E-02        0.12E-02
  233   4 sigma       -.1118960345638135E+01        0.52E-02        0.12E-02
  234   4 sigma       -.1113811287796333E+01        0.51E-02        0.12E-02
  234   4 sigma       -.1113811287796333E+01        0.51E-02        0.12E-02
  235   4 sigma       -.1108719261377324E+01        0.51E-02        0.12E-02
  235   4 sigma       -.1108719261377324E+01        0.51E-02        0.12E-02
  236   4 sigma       -.1103683588417900E+01        0.50E-02        0.11E-02
  236   4 sigma       -.1103683588417900E+01        0.50E-02        0.11E-02
  237   4 sigma       -.1098703600204332E+01        0.50E-02        0.11E-02
  237   4 sigma       -.1098703600204332E+01        0.50E-02        0.11E-02
  238   4 sigma       -.1093778637113286E+01        0.49E-02        0.11E-02
  238   4 sigma       -.1093778637113286E+01        0.49E-02        0.11E-02
  239   4 sigma       -.1088908048449896E+01        0.49E-02        0.11E-02
  239   4 sigma       -.1088908048449896E+01        0.49E-02        0.11E-02
  240   4 sigma       -.1084091192289516E+01        0.48E-02        0.11E-02
  240   4 sigma       -.1084091192289516E+01        0.48E-02        0.11E-02
 ... writing functions to disk (current precision) ...
 total energy:    -0.1030616661560240E+03
  241   4 sigma       -.1079327435325283E+01        0.48E-02        0.11E-02
  241   4 sigma       -.1079327435325283E+01        0.48E-02        0.11E-02
  242   4 sigma       -.1074616152720082E+01        0.47E-02        0.11E-02
  242   4 sigma       -.1074616152720082E+01        0.47E-02        0.11E-02
  243   4 sigma       -.1069956727964347E+01        0.47E-02        0.11E-02
  243   4 sigma       -.1069956727964347E+01        0.47E-02        0.11E-02
  244   4 sigma       -.1065348552738178E+01        0.46E-02        0.11E-02
  244   4 sigma       -.1065348552738178E+01        0.46E-02        0.11E-02
 ... multipole moment expansion coefficients recalculated ...
  245   4 sigma       -.1060791026778505E+01        0.46E-02        0.11E-02
  245   4 sigma       -.1060791026778505E+01        0.46E-02        0.11E-02
  246   4 sigma       -.1056283557748880E+01        0.45E-02        0.11E-02
  246   4 sigma       -.1056283557748880E+01        0.45E-02        0.11E-02
  247   4 sigma       -.1051825561121173E+01        0.45E-02        0.10E-02
  247   4 sigma       -.1051825561121173E+01        0.45E-02        0.10E-02
  248   4 sigma       -.1047416460058969E+01        0.44E-02        0.10E-02
  248   4 sigma       -.1047416460058969E+01        0.44E-02        0.10E-02
  249   4 sigma       -.1043055685301406E+01        0.44E-02        0.10E-02
  249   4 sigma       -.1043055685301406E+01        0.44E-02        0.10E-02
  250   4 sigma       -.1038742675038294E+01        0.43E-02        0.10E-02
  250   4 sigma       -.1038742675038294E+01        0.43E-02        0.10E-02
 ... writing functions to disk (current precision) ...
 total energy:    -0.1027290670705437E+03
  251   4 sigma       -.1034476874784842E+01        0.43E-02        0.10E-02
  251   4 sigma       -.1034476874784842E+01        0.43E-02        0.10E-02
  252   4 sigma       -.1030257737259423E+01        0.42E-02        0.10E-02
  252   4 sigma       -.1030257737259423E+01        0.42E-02        0.10E-02
  253   4 sigma       -.1026084722262680E+01        0.42E-02        0.99E-03
  253   4 sigma       -.1026084722262680E+01        0.42E-02        0.99E-03
  254   4 sigma       -.1021957296565153E+01        0.41E-02        0.98E-03
  254   4 sigma       -.1021957296565153E+01        0.41E-02        0.98E-03
  255   4 sigma       -.1017874933793779E+01        0.41E-02        0.97E-03
  255   4 sigma       -.1017874933793779E+01        0.41E-02        0.97E-03
  256   4 sigma       -.1013837114327302E+01        0.40E-02        0.96E-03
  256   4 sigma       -.1013837114327302E+01        0.40E-02        0.96E-03
  257   4 sigma       -.1009843325191450E+01        0.40E-02        0.95E-03
  257   4 sigma       -.1009843325191450E+01        0.40E-02        0.95E-03
 ... multipole moment expansion coefficients recalculated ...
  258   4 sigma       -.1005893059957129E+01        0.40E-02        0.94E-03
  258   4 sigma       -.1005893059957129E+01        0.40E-02        0.94E-03
  259   4 sigma       -.1001985818643213E+01        0.39E-02        0.93E-03
  259   4 sigma       -.1001985818643213E+01        0.39E-02        0.93E-03
  260   4 sigma       -.9981211076194043E+00        0.39E-02        0.93E-03
  260   4 sigma       -.9981211076194043E+00        0.39E-02        0.93E-03
 ... writing functions to disk (current precision) ...
 total energy:    -0.1024282768699323E+03
  261   4 sigma       -.9942984395192056E+00        0.38E-02        0.92E-03
  261   4 sigma       -.9942984395192056E+00        0.38E-02        0.92E-03
  262   4 sigma       -.9905173331549113E+00        0.38E-02        0.91E-03
  262   4 sigma       -.9905173331549113E+00        0.38E-02        0.91E-03
  263   4 sigma       -.9867773134301654E+00        0.37E-02        0.90E-03
  263   4 sigma       -.9867773134301654E+00        0.37E-02        0.90E-03
  264   4 sigma       -.9830779112449637E+00        0.37E-02        0.89E-03
  264   4 sigma       -.9830779112449637E+00        0.37E-02        0.89E-03
  265   4 sigma       -.9794186634006978E+00        0.37E-02        0.89E-03
  265   4 sigma       -.9794186634006978E+00        0.37E-02        0.89E-03
  266   4 sigma       -.9757991125050047E+00        0.36E-02        0.88E-03
  266   4 sigma       -.9757991125050047E+00        0.36E-02        0.88E-03
  267   4 sigma       -.9722188068820419E+00        0.36E-02        0.87E-03
  267   4 sigma       -.9722188068820419E+00        0.36E-02        0.87E-03
  268   4 sigma       -.9686773004841776E+00        0.35E-02        0.86E-03
  268   4 sigma       -.9686773004841776E+00        0.35E-02        0.86E-03
  269   4 sigma       -.9651741528074513E+00        0.35E-02        0.85E-03
  269   4 sigma       -.9651741528074513E+00        0.35E-02        0.85E-03
  270   4 sigma       -.9617089288116736E+00        0.35E-02        0.85E-03
  270   4 sigma       -.9617089288116736E+00        0.35E-02        0.85E-03
 ... multipole moment expansion coefficients recalculated ...
 ... writing functions to disk (current precision) ...
 total energy:    -0.1021562076827088E+03
  271   4 sigma       -.9582811988390665E+00        0.34E-02        0.84E-03
  271   4 sigma       -.9582811988390665E+00        0.34E-02        0.84E-03
  272   4 sigma       -.9548905385393844E+00        0.34E-02        0.83E-03
  272   4 sigma       -.9548905385393844E+00        0.34E-02        0.83E-03
  273   4 sigma       -.9515365287945974E+00        0.34E-02        0.82E-03
  273   4 sigma       -.9515365287945974E+00        0.34E-02        0.82E-03
  274   4 sigma       -.9482187556506627E+00        0.33E-02        0.82E-03
  274   4 sigma       -.9482187556506627E+00        0.33E-02        0.82E-03
  275   4 sigma       -.9449368102519822E+00        0.33E-02        0.81E-03
  275   4 sigma       -.9449368102519822E+00        0.33E-02        0.81E-03
  276   4 sigma       -.9416902887749359E+00        0.32E-02        0.80E-03
  276   4 sigma       -.9416902887749359E+00        0.32E-02        0.80E-03
  277   4 sigma       -.9384787923521332E+00        0.32E-02        0.79E-03
  277   4 sigma       -.9384787923521332E+00        0.32E-02        0.79E-03
  278   4 sigma       -.9353019269983314E+00        0.32E-02        0.79E-03
  278   4 sigma       -.9353019269983314E+00        0.32E-02        0.79E-03
  279   4 sigma       -.9321593035339912E+00        0.31E-02        0.78E-03
  279   4 sigma       -.9321593035339912E+00        0.31E-02        0.78E-03
  280   4 sigma       -.9290505375138549E+00        0.31E-02        0.77E-03
  280   4 sigma       -.9290505375138549E+00        0.31E-02        0.77E-03
 ... multipole moment expansion coefficients recalculated ...
 ... writing functions to disk (current precision) ...
 total energy:    -0.1019100853000710E+03
  281   4 sigma       -.9259752491589541E+00        0.31E-02        0.77E-03
  281   4 sigma       -.9259752491589541E+00        0.31E-02        0.77E-03
  282   4 sigma       -.9229330632882498E+00        0.30E-02        0.76E-03
  282   4 sigma       -.9229330632882498E+00        0.30E-02        0.76E-03
  283   4 sigma       -.9199236092550906E+00        0.30E-02        0.75E-03
  283   4 sigma       -.9199236092550906E+00        0.30E-02        0.75E-03
 ... multipole moment expansion coefficients recalculated ...
  284   4 sigma       -.9169465208836129E+00        0.30E-02        0.75E-03
  284   4 sigma       -.9169465208836129E+00        0.30E-02        0.75E-03
  285   4 sigma       -.9140014364097739E+00        0.29E-02        0.74E-03
  285   4 sigma       -.9140014364097739E+00        0.29E-02        0.74E-03
  286   4 sigma       -.9110879984200606E+00        0.29E-02        0.73E-03
  286   4 sigma       -.9110879984200606E+00        0.29E-02        0.73E-03
  287   4 sigma       -.9082058537992665E+00        0.29E-02        0.73E-03
  287   4 sigma       -.9082058537992665E+00        0.29E-02        0.73E-03
  288   4 sigma       -.9053546536786854E+00        0.29E-02        0.72E-03
  288   4 sigma       -.9053546536786854E+00        0.29E-02        0.72E-03
  289   4 sigma       -.9025340533830830E+00        0.28E-02        0.71E-03
  289   4 sigma       -.9025340533830830E+00        0.28E-02        0.71E-03
  290   4 sigma       -.8997437123712375E+00        0.28E-02        0.71E-03
  290   4 sigma       -.8997437123712375E+00        0.28E-02        0.71E-03
 ... writing functions to disk (current precision) ...
 total energy:    -0.1016874128929119E+03
  291   4 sigma       -.8969832941748255E+00        0.28E-02        0.70E-03
  291   4 sigma       -.8969832941748255E+00        0.28E-02        0.70E-03
  292   4 sigma       -.8942524663380258E+00        0.27E-02        0.69E-03
  292   4 sigma       -.8942524663380258E+00        0.27E-02        0.69E-03
  293   4 sigma       -.8915509003600803E+00        0.27E-02        0.69E-03
  293   4 sigma       -.8915509003600803E+00        0.27E-02        0.69E-03
  294   4 sigma       -.8888782716380597E+00        0.27E-02        0.68E-03
  294   4 sigma       -.8888782716380597E+00        0.27E-02        0.68E-03
  295   4 sigma       -.8862342594147119E+00        0.26E-02        0.68E-03
  295   4 sigma       -.8862342594147119E+00        0.26E-02        0.68E-03
  296   4 sigma       -.8836185467260700E+00        0.26E-02        0.67E-03
  296   4 sigma       -.8836185467260700E+00        0.26E-02        0.67E-03
 ... multipole moment expansion coefficients recalculated ...
  297   4 sigma       -.8810308203548329E+00        0.26E-02        0.66E-03
  297   4 sigma       -.8810308203548329E+00        0.26E-02        0.66E-03
  298   4 sigma       -.8784707707851362E+00        0.26E-02        0.66E-03
  298   4 sigma       -.8784707707851362E+00        0.26E-02        0.66E-03
  299   4 sigma       -.8759380921579698E+00        0.25E-02        0.65E-03
  299   4 sigma       -.8759380921579698E+00        0.25E-02        0.65E-03
  300   4 sigma       -.8734324822214976E+00        0.25E-02        0.65E-03
  300   4 sigma       -.8734324822214976E+00        0.25E-02        0.65E-03
           
 ... scf iteration limit reached ... 
 ... writing functions to disk (current precision) ...

 total energy:                 -0.1014859403426030E+03
 total electronic energy:      -0.1190592819449277E+03
 virial ratio:                 -0.2016021652567988E+01

 total energy contributions: 
     nuclear-electron attraction energy =    -271.579542121147
     kinetic energy                     =      99.885607837288
     one electron energy                =    -171.693934283860
     coulomb energy                     =      54.162872852841
     exchange energy                    =      -1.528220513905
     coulomb energy (DFT)               =      64.389462137147
     exchange energy (DFT)              =     -11.754809798211
     correlation energy (DFT)           =       0.000000000000

       orbital               energy                     1-norm
   1 pi             -0.7647219777235650E+00            0.61E-04
   5 sigma          -0.7457112929485596E+00           -0.20E-03
   4 sigma          -0.8734324822214976E+00            0.65E-03
   3 sigma          -0.1560031615309567E+01            0.42E-03
   2 sigma          -0.7920648614138790E+01            0.47E-04
   1 sigma          -0.2078325062041672E+02            0.38E-04


 total energy uncertainty due to orbital norms not being equal 1:
     absolute = +/-0.14E-01,  relative = +/-0.13E-01%

 multipole moments relative to geometrical centre:

                                    electronic (au/Debye-Ang^k)   total (au/Debye-Ang^k)
     dipole (Mu_z, k=1)               -0.4561724386560101E+01     -0.1147461956695130E+01
                                      -0.1159483138540493E+02     -0.2916578640359197E+01

     quadrupole (Theta_zz, k=2)       -0.1693814972607322E+02     -0.9998936831357597E-01
                                      -0.2278256022232528E+02     -0.1344901209421781E+00

     octopole (Omega_zzz, k=3)        -0.2191540752685774E+01      0.2230759116355800E+01
                                      -0.1559865937634176E+01      0.1587780266648434E+01

     hexadecapole (Phi_zzzz, k=4)     -0.2932684160109605E+02     -0.7517330506201542E+01
                                      -0.1104597818933332E+02     -0.2831408507706771E+01


 multipole moments relative to centre of mass:

      centre     atomic weight       z
        B        11.00930540      -1.1381
        O        15.99491463       1.1381
  centre-of-mass                   0.2101


                                    electronic (au/Debye-Ang^k)   total (au/Debye-Ang^k)
     dipole (Mu_z, k=1)               -0.1831279045887687E+01     -0.1148544224742933E+01
                                      -0.4654680984070716E+01     -0.2919329511403721E+01

     quadrupole (Theta_zz, k=2)       -0.1561116098762570E+02      0.3661485159813394E+00
                                      -0.2099770170253720E+02      0.4924859415322796E+00

     octopole (Omega_zzz, k=3)         0.8028103262605573E+01      0.2168043594967342E+01
                                       0.5714137329092033E+01      0.1543141440993499E+01

     hexadecapole (Phi_zzzz, k=4)     -0.3193558860821385E+02     -0.9483874479739509E+01
                                      -0.1202856482222306E+02     -0.3572108857766063E+01

////////////////////////////////////////////////////////////////////////////////////////////////

 cpu summary (sec):
    Lagrange multipliers                      20.32
    normalization+orthogonalization            1.89
    multipole moments                          3.09
    relaxation of orb. and pot.              113.24
    total energy                               1.81
    all SCF iterations                       127.23
    single SCF iteration                       0.42


 start: 2011/05/05  22:53:09.36 
 stop:  2011/05/05  22:55:32.11 

////////////////////////////////////////////////////////////////////////////////////////////////

Linux wieslaw16.fizyka.umk.pl 2.6.18-prep x86_64 x86_64 GNU/Linux
 Quad-Core AMD Opteron(tm) Processor 8380

////////////////////////////////////////////////////////////////////////////////////////////////
