
////////////////////////////////////////////////////////////////////////////////////////////////



                         FINITE DIFFERENCE 2D HARTREE-FOCK  (version 2.0)



////////////////////////////////////////////////////////////////////////////////////////////////

   ... start of input data ...
  title Be R_inf=35.0 bohr  R = 2.3860 bohr                                       
  method  hf                                                                      
  nuclei  4.0  0.0  2.386                                                         
  config  0                                                                       
  2 sigma  end                                                                    
                    0
  grid 169 35.0                                                                   
  orbpot old                                                                      
  lcao                                                                            
  1.0   2 0 4.0     0.0   1 0 9.0  0                                              
  1.0   1 0 4.0     0.0   1 0 9.0  0                                              
  scf 3000 10 8 8 1                                                               
  stop                                                                            
   ... end of input data  ...
         

   molecular system: 

          Be( 4.00)      ( 0.00)   R =  2.38600 bohr = 1.26262 angstroms

   method: HF

   electronic configuration:

           2  sigma      + - 
           1  sigma      + - 


          total charge            =   0
          number of
              electrons           =   4
              orbitals            =   2
              Coulomb potentials  =   2
              exchange potentials =   1

   grid:
          nu (h_nu)  =  169  (0.01870)
          mu (h_mu)  =  217  (0.01885)
          R_infinity =   35.00

   scf: 
          thresholds
              scf iterations           =   3000
              orbital energy           = 1.00E- 8
              orbital norm             = 1.00E- 8
              multipole moments recalc = 1.15E+00

          orbitals are relaxed
          Coulomb potentials are relaxed
          exchange potential for each pair of orbitals is relaxed once per single scf iteration

          multipole expansion coefficients =  4

   (mc)sor:
          sor method used for relaxing orbitals and potentials
          ordering: middle 

                            (mc)sor iterations
                            orbital  potentials
             2 sigma           10        10
             1 sigma           10        10

          overrelaxation parameters:   orbitals       potentials 
                                        1.937       1.976   1.976

   machine accuracy      =    0.11E-15

   constants: 
               pi        =    0.3141592653589793E+01
               bohr      =    0.5291772490000000E+00 angstroms


   memory usage:
          text+data                                      0.9 MB 
          bss (common block contributions)              97.1 MB
          dynamical allocation                          12.0 MB 
              orbitals + Coulomb potentials              1.1 MB
              exchange potentials                        0.3 MB

////////////////////////////////////////////////////////////////////////////////////////////////


 ... retrieving data from disk ...
     file with heading:  Be R_inf=35.0 bohr  R = 2.3860 bo
     created on: 2011/05/05  22:48:35.61 
 ... orbitals and potentials retrieved ... 

 total energy:                 -0.1458202179524458E+02
 total electronic energy:      -0.1458202179524458E+02
 virial ratio:                 -0.2000556784381952E+01

   scf  orbital              energy              energy diff        1-norm         overlap
    1   1 sigma      -.4729998661780428E+01       -0.17E-03       -0.82E-04        0.00E+00
    1   2 sigma      -.3113086826604354E+00        0.21E-03       -0.18E-04        0.32E-03
    2   1 sigma      -.4730170392578966E+01       -0.17E-03       -0.74E-04        0.00E+00
    2   2 sigma      -.3111166132278707E+00        0.19E-03       -0.13E-04        0.29E-03
    3   1 sigma      -.4730338939303120E+01       -0.17E-03       -0.68E-04        0.00E+00
    3   2 sigma      -.3109423270350855E+00        0.17E-03       -0.10E-04        0.26E-03
 ... multipole moment expansion coefficients recalculated ...
    4   1 sigma      -.4730505409343916E+01       -0.17E-03       -0.63E-04        0.00E+00
    4   2 sigma      -.3107847051274191E+00        0.16E-03       -0.87E-05        0.24E-03
    5   1 sigma      -.4730667347354932E+01       -0.16E-03       -0.58E-04        0.00E+00
    5   2 sigma      -.3106429922949869E+00        0.14E-03       -0.82E-05        0.21E-03
    6   1 sigma      -.4730823297921500E+01       -0.16E-03       -0.54E-04        0.00E+00
    6   2 sigma      -.3105154864987987E+00        0.13E-03       -0.78E-05        0.20E-03
    7   1 sigma      -.4730971908807918E+01       -0.15E-03       -0.50E-04        0.00E+00
    7   2 sigma      -.3104011626960645E+00        0.11E-03       -0.76E-05        0.18E-03
 ... multipole moment expansion coefficients recalculated ...
    8   1 sigma      -.4731111961958861E+01       -0.14E-03       -0.46E-04        0.00E+00
    8   2 sigma      -.3102984608817596E+00        0.10E-03       -0.70E-05        0.16E-03
    9   1 sigma      -.4731242658444554E+01       -0.13E-03       -0.43E-04        0.00E+00
    9   2 sigma      -.3102061538921550E+00        0.92E-04       -0.63E-05        0.15E-03
   10   1 sigma      -.4731363654463969E+01       -0.12E-03       -0.39E-04        0.00E+00
   10   2 sigma      -.3101229576558122E+00        0.83E-04       -0.54E-05        0.13E-03
 ... multipole moment expansion coefficients recalculated ...
 ... writing functions to disk (current precision) ...
 total energy:    -0.1457665805068561E+02
   11   1 sigma      -.4731474699455166E+01       -0.11E-03       -0.36E-04        0.00E+00
   11   2 sigma      -.3100477081382558E+00        0.75E-04       -0.44E-05        0.12E-03
   12   1 sigma      -.4731575952595705E+01       -0.10E-03       -0.33E-04        0.00E+00
   12   2 sigma      -.3099794353553413E+00        0.68E-04       -0.35E-05        0.11E-03
 ... multipole moment expansion coefficients recalculated ...
   13   1 sigma      -.4731668123514250E+01       -0.92E-04       -0.30E-04        0.00E+00
   13   2 sigma      -.3099172600451079E+00        0.62E-04       -0.26E-05        0.10E-03
   14   1 sigma      -.4731751662286461E+01       -0.84E-04       -0.28E-04        0.00E+00
   14   2 sigma      -.3098605314285146E+00        0.57E-04       -0.18E-05        0.93E-04
 ... multipole moment expansion coefficients recalculated ...
   15   1 sigma      -.4731827217309482E+01       -0.76E-04       -0.25E-04        0.00E+00
   15   2 sigma      -.3098087167862333E+00        0.52E-04       -0.12E-05        0.85E-04
   16   1 sigma      -.4731895623715214E+01       -0.68E-04       -0.23E-04        0.00E+00
   16   2 sigma      -.3097613466656801E+00        0.47E-04       -0.75E-06        0.77E-04
 ... multipole moment expansion coefficients recalculated ...
   17   1 sigma      -.4731957692800854E+01       -0.62E-04       -0.21E-04        0.00E+00
   17   2 sigma      -.3097180148385354E+00        0.43E-04       -0.39E-06        0.70E-04
   18   1 sigma      -.4732014192593237E+01       -0.56E-04       -0.19E-04        0.00E+00
   18   2 sigma      -.3096784031217865E+00        0.40E-04       -0.10E-06        0.64E-04
 ... multipole moment expansion coefficients recalculated ...
   19   1 sigma      -.4732065821454967E+01       -0.52E-04       -0.17E-04        0.00E+00
   19   2 sigma      -.3096421662163424E+00        0.36E-04        0.22E-06        0.58E-04
   20   1 sigma      -.4732113089217295E+01       -0.47E-04       -0.16E-04        0.00E+00
   20   2 sigma      -.3096090427950977E+00        0.33E-04        0.55E-06        0.53E-04
 ... multipole moment expansion coefficients recalculated ...
 ... writing functions to disk (current precision) ...
 total energy:    -0.1457450840238871E+02
   21   1 sigma      -.4732156486336121E+01       -0.43E-04       -0.14E-04        0.00E+00
   21   2 sigma      -.3095787921413971E+00        0.30E-04        0.86E-06        0.48E-04
   22   1 sigma      -.4732196541656032E+01       -0.40E-04       -0.13E-04        0.00E+00
   22   2 sigma      -.3095511758007126E+00        0.28E-04        0.12E-05        0.44E-04
 ... multipole moment expansion coefficients recalculated ...
   23   1 sigma      -.4732233618352248E+01       -0.37E-04       -0.12E-04        0.00E+00
   23   2 sigma      -.3095259809398221E+00        0.25E-04        0.14E-05        0.40E-04
   24   1 sigma      -.4732267837119436E+01       -0.34E-04       -0.11E-04        0.00E+00
   24   2 sigma      -.3095030435974324E+00        0.23E-04        0.16E-05        0.36E-04
 ... multipole moment expansion coefficients recalculated ...
   25   1 sigma      -.4732299571789854E+01       -0.32E-04       -0.10E-04        0.00E+00
   25   2 sigma      -.3094821702784110E+00        0.21E-04        0.17E-05        0.33E-04
   26   1 sigma      -.4732328963386575E+01       -0.29E-04       -0.92E-05        0.00E+00
   26   2 sigma      -.3094632009929508E+00        0.19E-04        0.18E-05        0.30E-04
 ... multipole moment expansion coefficients recalculated ...
   27   1 sigma      -.4732356207234886E+01       -0.27E-04       -0.84E-05        0.00E+00
   27   2 sigma      -.3094459563676897E+00        0.17E-04        0.18E-05        0.27E-04
   28   1 sigma      -.4732381436841436E+01       -0.25E-04       -0.77E-05        0.00E+00
   28   2 sigma      -.3094302845165871E+00        0.16E-04        0.17E-05        0.25E-04
 ... multipole moment expansion coefficients recalculated ...
   29   1 sigma      -.4732404706952842E+01       -0.23E-04       -0.70E-05        0.00E+00
   29   2 sigma      -.3094160441426614E+00        0.14E-04        0.17E-05        0.22E-04
   30   1 sigma      -.4732426199003634E+01       -0.21E-04       -0.64E-05        0.00E+00
   30   2 sigma      -.3094030966727079E+00        0.13E-04        0.17E-05        0.20E-04
 ... multipole moment expansion coefficients recalculated ...
 ... writing functions to disk (current precision) ...
 total energy:    -0.1457362978637424E+02
   31   1 sigma      -.4732446000947818E+01       -0.20E-04       -0.59E-05        0.00E+00
   31   2 sigma      -.3093913213747914E+00        0.12E-04        0.16E-05        0.19E-04
   32   1 sigma      -.4732464231876101E+01       -0.18E-04       -0.54E-05        0.00E+00
   32   2 sigma      -.3093806035297091E+00        0.11E-04        0.15E-05        0.17E-04
 ... multipole moment expansion coefficients recalculated ...
   33   1 sigma      -.4732480963976210E+01       -0.17E-04       -0.49E-05        0.00E+00
   33   2 sigma      -.3093708479151644E+00        0.98E-05        0.14E-05        0.15E-04
   34   1 sigma      -.4732496337220073E+01       -0.15E-04       -0.45E-05        0.00E+00
   34   2 sigma      -.3093619592097250E+00        0.89E-05        0.14E-05        0.14E-04
 ... multipole moment expansion coefficients recalculated ...
   35   1 sigma      -.4732510444365653E+01       -0.14E-04       -0.41E-05        0.00E+00
   35   2 sigma      -.3093538593492438E+00        0.81E-05        0.13E-05        0.13E-04
   36   1 sigma      -.4732523379060224E+01       -0.13E-04       -0.38E-05        0.00E+00
   36   2 sigma      -.3093464733435782E+00        0.74E-05        0.12E-05        0.12E-04
 ... multipole moment expansion coefficients recalculated ...
   37   1 sigma      -.4732535246237454E+01       -0.12E-04       -0.34E-05        0.00E+00
   37   2 sigma      -.3093397375886493E+00        0.67E-05        0.12E-05        0.11E-04
   38   1 sigma      -.4732546133596272E+01       -0.11E-04       -0.31E-05        0.00E+00
   38   2 sigma      -.3093335913960047E+00        0.61E-05        0.11E-05        0.96E-05
 ... multipole moment expansion coefficients recalculated ...
   39   1 sigma      -.4732556128763878E+01       -0.10E-04       -0.29E-05        0.00E+00
   39   2 sigma      -.3093279832899489E+00        0.56E-05        0.10E-05        0.87E-05
   40   1 sigma      -.4732565307139714E+01       -0.92E-05       -0.26E-05        0.00E+00
   40   2 sigma      -.3093228639885561E+00        0.51E-05        0.96E-06        0.79E-05
 ... multipole moment expansion coefficients recalculated ...
 ... writing functions to disk (current precision) ...
 total energy:    -0.1457327223214504E+02
   41   1 sigma      -.4732573740863923E+01       -0.84E-05       -0.24E-05        0.00E+00
   41   2 sigma      -.3093181916821544E+00        0.47E-05        0.91E-06        0.72E-05
   42   1 sigma      -.4732581490085680E+01       -0.77E-05       -0.22E-05        0.00E+00
   42   2 sigma      -.3093139267604395E+00        0.43E-05        0.85E-06        0.66E-05
 ... multipole moment expansion coefficients recalculated ...
   43   1 sigma      -.4732588616949917E+01       -0.71E-05       -0.20E-05        0.00E+00
   43   2 sigma      -.3093100351807416E+00        0.39E-05        0.80E-06        0.60E-05
   44   1 sigma      -.4732595170435770E+01       -0.66E-05       -0.18E-05        0.00E+00
   44   2 sigma      -.3093064843224389E+00        0.36E-05        0.75E-06        0.54E-05
 ... multipole moment expansion coefficients recalculated ...
   45   1 sigma      -.4732601200910242E+01       -0.60E-05       -0.17E-05        0.00E+00
   45   2 sigma      -.3093032454469080E+00        0.32E-05        0.70E-06        0.49E-05
   46   1 sigma      -.4732606747817999E+01       -0.55E-05       -0.15E-05        0.00E+00
   46   2 sigma      -.3093002913350813E+00        0.30E-05        0.66E-06        0.45E-05
 ... multipole moment expansion coefficients recalculated ...
   47   1 sigma      -.4732611853174038E+01       -0.51E-05       -0.14E-05        0.00E+00
   47   2 sigma      -.3092975976527026E+00        0.27E-05        0.62E-06        0.41E-05
   48   1 sigma      -.4732616549523097E+01       -0.47E-05       -0.13E-05        0.00E+00
   48   2 sigma      -.3092951413697649E+00        0.25E-05        0.58E-06        0.37E-05
 ... multipole moment expansion coefficients recalculated ...
   49   1 sigma      -.4732620871105706E+01       -0.43E-05       -0.12E-05        0.00E+00
   49   2 sigma      -.3092929018384198E+00        0.22E-05        0.54E-06        0.34E-05
   50   1 sigma      -.4732624845586312E+01       -0.40E-05       -0.11E-05        0.00E+00
   50   2 sigma      -.3092908596648307E+00        0.20E-05        0.50E-06        0.31E-05
 ... multipole moment expansion coefficients recalculated ...
 ... writing functions to disk (current precision) ...
 total energy:    -0.1457312561720281E+02
   51   1 sigma      -.4732628501234351E+01       -0.37E-05       -0.97E-06        0.00E+00
   51   2 sigma      -.3092889975592659E+00        0.19E-05        0.47E-06        0.28E-05
   52   1 sigma      -.4732631861850485E+01       -0.34E-05       -0.89E-06        0.00E+00
   52   2 sigma      -.3092872992751357E+00        0.17E-05        0.43E-06        0.26E-05
 ... multipole moment expansion coefficients recalculated ...
   53   1 sigma      -.4732634951298669E+01       -0.31E-05       -0.81E-06        0.00E+00
   53   2 sigma      -.3092857504332593E+00        0.15E-05        0.40E-06        0.23E-05
   54   1 sigma      -.4732637790197135E+01       -0.28E-05       -0.74E-06        0.00E+00
   54   2 sigma      -.3092843375177694E+00        0.14E-05        0.37E-06        0.21E-05
 ... multipole moment expansion coefficients recalculated ...
   55   1 sigma      -.4732640398951840E+01       -0.26E-05       -0.68E-06        0.00E+00
   55   2 sigma      -.3092830486109024E+00        0.13E-05        0.35E-06        0.19E-05
   56   1 sigma      -.4732642795366226E+01       -0.24E-05       -0.62E-06        0.00E+00
   56   2 sigma      -.3092818725201691E+00        0.12E-05        0.32E-06        0.17E-05
 ... multipole moment expansion coefficients recalculated ...
   57   1 sigma      -.4732644996958654E+01       -0.22E-05       -0.57E-06        0.00E+00
   57   2 sigma      -.3092807993857691E+00        0.11E-05        0.30E-06        0.16E-05
   58   1 sigma      -.4732647019035984E+01       -0.20E-05       -0.52E-06        0.00E+00
   58   2 sigma      -.3092798199549776E+00        0.98E-06        0.27E-06        0.14E-05
 ... multipole moment expansion coefficients recalculated ...
   59   1 sigma      -.4732648876557271E+01       -0.19E-05       -0.47E-06        0.00E+00
   59   2 sigma      -.3092789260689945E+00        0.89E-06        0.25E-06        0.13E-05
   60   1 sigma      -.4732650582570267E+01       -0.17E-05       -0.43E-06        0.00E+00
   60   2 sigma      -.3092781100904807E+00        0.82E-06        0.23E-06        0.12E-05
 ... multipole moment expansion coefficients recalculated ...
 ... writing functions to disk (current precision) ...
 total energy:    -0.1457306542883414E+02
   61   1 sigma      -.4732652149830364E+01       -0.16E-05       -0.40E-06        0.00E+00
   61   2 sigma      -.3092773652631120E+00        0.74E-06        0.21E-06        0.11E-05
   62   1 sigma      -.4732653589397997E+01       -0.14E-05       -0.36E-06        0.00E+00
   62   2 sigma      -.3092766852763058E+00        0.68E-06        0.20E-06        0.99E-06
 ... multipole moment expansion coefficients recalculated ...
   63   1 sigma      -.4732654912051237E+01       -0.13E-05       -0.33E-06        0.00E+00
   63   2 sigma      -.3092760645333463E+00        0.62E-06        0.18E-06        0.90E-06
   64   1 sigma      -.4732656127126624E+01       -0.12E-05       -0.30E-06        0.00E+00
   64   2 sigma      -.3092754978080190E+00        0.57E-06        0.17E-06        0.82E-06
 ... multipole moment expansion coefficients recalculated ...
   65   1 sigma      -.4732657243686644E+01       -0.11E-05       -0.28E-06        0.00E+00
   65   2 sigma      -.3092749804494319E+00        0.52E-06        0.15E-06        0.75E-06
   66   1 sigma      -.4732658269567858E+01       -0.10E-05       -0.25E-06        0.00E+00
   66   2 sigma      -.3092745081186119E+00        0.47E-06        0.14E-06        0.68E-06
 ... multipole moment expansion coefficients recalculated ...
   67   1 sigma      -.4732659212368979E+01       -0.94E-06       -0.23E-06        0.00E+00
   67   2 sigma      -.3092740769385489E+00        0.43E-06        0.13E-06        0.62E-06
   68   1 sigma      -.4732660078672292E+01       -0.87E-06       -0.21E-06        0.00E+00
   68   2 sigma      -.3092736832955809E+00        0.39E-06        0.12E-06        0.56E-06
 ... multipole moment expansion coefficients recalculated ...
   69   1 sigma      -.4732660874852394E+01       -0.80E-06       -0.19E-06        0.00E+00
   69   2 sigma      -.3092733239529901E+00        0.36E-06        0.11E-06        0.51E-06
   70   1 sigma      -.4732661606450222E+01       -0.73E-06       -0.18E-06        0.00E+00
   70   2 sigma      -.3092729958978844E+00        0.33E-06        0.10E-06        0.47E-06
 ... multipole moment expansion coefficients recalculated ...
 ... writing functions to disk (current precision) ...
 total energy:    -0.1457304063764629E+02
   71   1 sigma      -.4732662278809300E+01       -0.67E-06       -0.16E-06        0.00E+00
   71   2 sigma      -.3092726964281685E+00        0.30E-06        0.91E-07        0.42E-06
   72   1 sigma      -.4732662896610424E+01       -0.62E-06       -0.15E-06        0.00E+00
   72   2 sigma      -.3092724230307196E+00        0.27E-06        0.84E-07        0.39E-06
 ... multipole moment expansion coefficients recalculated ...
   73   1 sigma      -.4732663464354553E+01       -0.57E-06       -0.14E-06        0.00E+00
   73   2 sigma      -.3092721734497834E+00        0.25E-06        0.77E-07        0.35E-06
   74   1 sigma      -.4732663986007301E+01       -0.52E-06       -0.12E-06        0.00E+00
   74   2 sigma      -.3092719455886881E+00        0.23E-06        0.70E-07        0.32E-06
 ... multipole moment expansion coefficients recalculated ...
   75   1 sigma      -.4732664465358873E+01       -0.48E-06       -0.11E-06        0.00E+00
   75   2 sigma      -.3092717375659646E+00        0.21E-06        0.64E-07        0.29E-06
   76   1 sigma      -.4732664905773715E+01       -0.44E-06       -0.10E-06        0.00E+00
   76   2 sigma      -.3092715476342665E+00        0.19E-06        0.59E-07        0.26E-06
 ... multipole moment expansion coefficients recalculated ...
   77   1 sigma      -.4732665310451124E+01       -0.40E-06       -0.94E-07        0.00E+00
   77   2 sigma      -.3092713742268762E+00        0.17E-06        0.54E-07        0.24E-06
   78   1 sigma      -.4732665682244351E+01       -0.37E-06       -0.86E-07        0.00E+00
   78   2 sigma      -.3092712158892972E+00        0.16E-06        0.49E-07        0.22E-06
 ... multipole moment expansion coefficients recalculated ...
   79   1 sigma      -.4732666023857472E+01       -0.34E-06       -0.79E-07        0.00E+00
   79   2 sigma      -.3092710713178424E+00        0.14E-06        0.45E-07        0.20E-06
   80   1 sigma      -.4732666337707747E+01       -0.31E-06       -0.72E-07        0.00E+00
   80   2 sigma      -.3092709393024367E+00        0.13E-06        0.41E-07        0.18E-06
 ... multipole moment expansion coefficients recalculated ...
 ... writing functions to disk (current precision) ...
 total energy:    -0.1457303040313133E+02
   81   1 sigma      -.4732666626080118E+01       -0.29E-06       -0.66E-07        0.00E+00
   81   2 sigma      -.3092708187583888E+00        0.12E-06        0.37E-07        0.17E-06
   82   1 sigma      -.4732666891020735E+01       -0.26E-06       -0.60E-07        0.00E+00
   82   2 sigma      -.3092707086790460E+00        0.11E-06        0.34E-07        0.15E-06
 ... multipole moment expansion coefficients recalculated ...
   83   1 sigma      -.4732667134459698E+01       -0.24E-06       -0.55E-07        0.00E+00
   83   2 sigma      -.3092706081615948E+00        0.10E-06        0.31E-07        0.14E-06
   84   1 sigma      -.4732667358126606E+01       -0.22E-06       -0.50E-07        0.00E+00
   84   2 sigma      -.3092705163682754E+00        0.92E-07        0.28E-07        0.12E-06
 ... multipole moment expansion coefficients recalculated ...
   85   1 sigma      -.4732667563651294E+01       -0.21E-06       -0.46E-07        0.00E+00
   85   2 sigma      -.3092704325470510E+00        0.84E-07        0.26E-07        0.11E-06
   86   1 sigma      -.4732667752492109E+01       -0.19E-06       -0.42E-07        0.00E+00
   86   2 sigma      -.3092703560002383E+00        0.77E-07        0.23E-07        0.10E-06
 ... multipole moment expansion coefficients recalculated ...
   87   1 sigma      -.4732667926023909E+01       -0.17E-06       -0.39E-07        0.00E+00
   87   2 sigma      -.3092702861010705E+00        0.70E-07        0.21E-07        0.94E-07
   88   1 sigma      -.4732668085477822E+01       -0.16E-06       -0.35E-07        0.00E+00
   88   2 sigma      -.3092702222680555E+00        0.64E-07        0.19E-07        0.85E-07
 ... multipole moment expansion coefficients recalculated ...
   89   1 sigma      -.4732668232012095E+01       -0.15E-06       -0.32E-07        0.00E+00
   89   2 sigma      -.3092701639787276E+00        0.58E-07        0.18E-07        0.78E-07
   90   1 sigma      -.4732668366664432E+01       -0.13E-06       -0.30E-07        0.00E+00
   90   2 sigma      -.3092701107483382E+00        0.53E-07        0.16E-07        0.71E-07
 ... multipole moment expansion coefficients recalculated ...
 ... writing functions to disk (current precision) ...
 total energy:    -0.1457302616948577E+02
   91   1 sigma      -.4732668490411120E+01       -0.12E-06       -0.27E-07        0.00E+00
   91   2 sigma      -.3092700621412658E+00        0.49E-07        0.14E-07        0.64E-07
   92   1 sigma      -.4732668604128214E+01       -0.11E-06       -0.25E-07        0.00E+00
   92   2 sigma      -.3092700177532040E+00        0.44E-07        0.13E-07        0.59E-07
 ... multipole moment expansion coefficients recalculated ...
   93   1 sigma      -.4732668708638135E+01       -0.10E-06       -0.23E-07        0.00E+00
   93   2 sigma      -.3092699772208800E+00        0.41E-07        0.12E-07        0.53E-07
   94   1 sigma      -.4732668804680607E+01       -0.96E-07       -0.21E-07        0.00E+00
   94   2 sigma      -.3092699402070715E+00        0.37E-07        0.11E-07        0.49E-07
 ... multipole moment expansion coefficients recalculated ...
   95   1 sigma      -.4732668892949127E+01       -0.88E-07       -0.19E-07        0.00E+00
   95   2 sigma      -.3092699064087217E+00        0.34E-07        0.98E-08        0.44E-07
   96   1 sigma      -.4732668974068249E+01       -0.81E-07       -0.17E-07        0.00E+00
   96   2 sigma      -.3092698755445979E+00        0.31E-07        0.89E-08        0.40E-07
 ... multipole moment expansion coefficients recalculated ...
   97   1 sigma      -.4732669048623366E+01       -0.75E-07       -0.16E-07        0.00E+00
   97   2 sigma      -.3092698473620181E+00        0.28E-07        0.81E-08        0.37E-07
   98   1 sigma      -.4732669117142092E+01       -0.69E-07       -0.14E-07        0.00E+00
   98   2 sigma      -.3092698216262504E+00        0.26E-07        0.73E-08        0.33E-07
 ... multipole moment expansion coefficients recalculated ...
   99   1 sigma      -.4732669180117336E+01       -0.63E-07       -0.13E-07        0.00E+00
   99   2 sigma      -.3092697981266714E+00        0.23E-07        0.66E-08        0.30E-07
  100   1 sigma      -.4732669237995371E+01       -0.58E-07       -0.12E-07        0.00E+00
  100   2 sigma      -.3092697766675336E+00        0.21E-07        0.60E-08        0.28E-07
 ... multipole moment expansion coefficients recalculated ...
 ... writing functions to disk (current precision) ...
 total energy:    -0.1457302441499085E+02
  101   1 sigma      -.4732669291192923E+01       -0.53E-07       -0.11E-07        0.00E+00
  101   2 sigma      -.3092697570732001E+00        0.20E-07        0.54E-08        0.25E-07
  102   1 sigma      -.4732669340086121E+01       -0.49E-07       -0.10E-07        0.00E+00
  102   2 sigma      -.3092697391804329E+00        0.18E-07        0.49E-08        0.23E-07
 ... multipole moment expansion coefficients recalculated ...
  103   1 sigma      -.4732669385026771E+01       -0.45E-07       -0.93E-08        0.00E+00
  103   2 sigma      -.3092697228427663E+00        0.16E-07        0.44E-08        0.21E-07
           
 ... orbital normalization threshold reached ...
 ... writing functions to disk (current precision) ...

 total energy:                 -0.1457302412638850E+02
 total electronic energy:      -0.1457302412638850E+02
 virial ratio:                 -0.2000000056263223E+01

 total energy contributions: 
     nuclear-electron attraction energy =     -33.635190832848
     kinetic energy                     =      14.573023306463
     one electron energy                =     -19.062167526385
     coulomb energy                     =       4.539841241162
     exchange energy                    =      -0.050697841164
     coulomb energy (DFT)               =       7.156057194854
     exchange energy (DFT)              =      -2.666913794856
     correlation energy (DFT)           =       0.000000000000

       orbital               energy                     1-norm
   2 sigma          -0.3092697228427663E+00            0.44E-08
   1 sigma          -0.4732669385026771E+01           -0.93E-08


 total energy uncertainty due to orbital norms not being equal 1:
     absolute = +/-0.12E-06,  relative = +/-0.84E-06%

 multipole moments relative to geometrical centre:

                                    electronic (au/Debye-Ang^k)   total (au/Debye-Ang^k)
     dipole (Mu_z, k=1)                0.4771999797949659E+01     -0.2020503417909936E-06
                                       0.1212930206643552E+02     -0.5135644870023847E-06

     quadrupole (Theta_zz, k=2)       -0.5692994867726041E+01      0.1132273961701458E-05
                                      -0.7657329786128058E+01      0.1522958536665068E-05

     octopole (Omega_zzz, k=3)         0.6791742067180060E+01     -0.2160819945196124E-05
                                       0.4834136483571162E+01     -0.1537999886947693E-05

     hexadecapole (Phi_zzzz, k=4)     -0.8102548572872720E+01      0.2291131286469295E-05
                                      -0.3051831357476316E+01      0.8629564193606571E-06


 multipole moments relative to centre of mass:

      centre     atomic weight       z
        Be        9.01218220      -1.1930
                  0.00000000       1.1930
  centre-of-mass                  -1.1930


                                    electronic (au/Debye-Ang^k)   total (au/Debye-Ang^k)
     dipole (Mu_z, k=1)               -0.1883067435378295E-06     -0.1883067435378295E-06
                                      -0.4786314899884311E-06     -0.4786314899884311E-06

     quadrupole (Theta_zz, k=2)        0.5920302219594806E-06      0.5920302219594806E-06
                                       0.7963068223718786E-06      0.7963068223718786E-06

     octopole (Omega_zzz, k=3)         0.9393494123197555E-06      0.9393494123197555E-06
                                       0.6685977205847373E-06      0.6685977205847373E-06

     hexadecapole (Phi_zzzz, k=4)      0.2525954226971060E-06      0.2525954226971060E-06
                                       0.9514026664683130E-07      0.9514026664683130E-07

////////////////////////////////////////////////////////////////////////////////////////////////

 cpu summary (sec):
    Lagrange multipliers                       0.33
    normalization+orthogonalization            0.12
    multipole moments                          0.52
    relaxation of orb. and pot.                7.57
    total energy                               0.22
    all SCF iterations                         8.54
    single SCF iteration                       0.08


 start: 2011/05/05  22:48:40.61 
 stop:  2011/05/05  22:48:49.38 

////////////////////////////////////////////////////////////////////////////////////////////////

Linux wieslaw16.fizyka.umk.pl 2.6.18-prep x86_64 x86_64 GNU/Linux
 Quad-Core AMD Opteron(tm) Processor 8380

////////////////////////////////////////////////////////////////////////////////////////////////
