
////////////////////////////////////////////////////////////////////////////////////////////////



                         FINITE DIFFERENCE 2D HARTREE-FOCK  (version 2.1)



////////////////////////////////////////////////////////////////////////////////////////////////

 ... start of input data ...
  title Be LDA+SAP                                                                
  method  hf                                                                      
  nuclei  4.0  0.0  2.386                                                         
  config  0                                                                       
  2 sigma  end                                                                    
  grid 95 40.0                                                                    
  orbpot noexch                                                                   
  scf 200 10 6 8 1                                                                
  fixorb                                                                          
  fixcoul                                                                         
  stop                                                                            
 ... end of input data ...
 

   molecular system: 

          Be( 4.00)      ( 0.00)   R =  2.38600 bohr = 1.26262 angstroms

   method: HF

   electronic configuration:

           2  sigma      + - 
           1  sigma      + - 


          total charge            =   0
          number of
              electrons           =   4
              orbitals            =   2
              Coulomb potentials  =   2
              exchange potentials =   1

   grid:
          nu (h_nu)  =   91  (0.03491)
          mu (h_mu)  =  127  (0.03338)
          R_infinity =   40.00

   scf: 
          thresholds
              scf iterations           =    200
              orbital energy           = 1.00E- 6
              orbital norm             = 1.00E- 8
              multipole moments recalc = 1.15E+00

          orbitals are kept frozen
          Coulomb potentials are kept frozen
          exchange potential for each pair of orbitals is relaxed once per single scf iteration

          multipole expansion coefficients =  4

   (mc)sor:
          sor method used for relaxing orbitals and potentials
          ordering: middle 

                            (mc)sor iterations
                            orbital  potentials
             2 sigma           10        10
             1 sigma           10        10

          overrelaxation parameters:   orbitals       potentials 
                                        1.922       1.961   1.961

   machine accuracy      =    0.11E-15

   constants: 
               pi        =    0.3141592653589793E+01
               bohr      =    0.5291772490000000E+00 angstroms


   memory usage:
          text+data                                      0.9 MB 
          bss (common block contributions)              96.9 MB
          dynamical allocation                           3.6 MB 
              orbitals + Coulomb potentials              0.0 MB
              exchange potentials                        0.0 MB

////////////////////////////////////////////////////////////////////////////////////////////////


 ... retrieving data from disk ...
     file with heading:  Be LDA+SAP                                                                     
     created on: 2019/06/11  13:20:26.63                                                         
 ... orbitals and potentials retrieved ... 

 total energy:                 -0.1739254708632774E+02
 total electronic energy:      -0.1739254708632774E+02
 virial ratio:                 -0.2222480546343074E+01

   scf  orbital              energy              energy diff        1-norm         overlap
    1   1 sigma      -.6155081061160985E+01       -0.24E+01        0.38E-04        0.00E+00
    1   2 sigma      -.1442222336898301E+01       -0.13E+01        0.20E-04        0.00E+00
    2   1 sigma      -.6169923023951411E+01       -0.15E-01        0.38E-04        0.00E+00
    2   2 sigma      -.1455267010064523E+01       -0.13E-01        0.20E-04        0.00E+00
    3   1 sigma      -.6182967697117634E+01       -0.13E-01        0.38E-04        0.00E+00
    3   2 sigma      -.1461174897976200E+01       -0.59E-02        0.20E-04        0.00E+00
    4   1 sigma      -.6188875585029317E+01       -0.59E-02        0.38E-04        0.00E+00
    4   2 sigma      -.1461262714393943E+01       -0.88E-04        0.20E-04        0.00E+00
    5   1 sigma      -.6188963401447051E+01       -0.88E-04        0.38E-04        0.00E+00
    5   2 sigma      -.1459549988486302E+01        0.17E-02        0.20E-04        0.00E+00
    6   1 sigma      -.6187250675539415E+01        0.17E-02        0.38E-04        0.00E+00
    6   2 sigma      -.1458297622672375E+01        0.13E-02        0.20E-04        0.00E+00
    7   1 sigma      -.6185998309725484E+01        0.13E-02        0.38E-04        0.00E+00
    7   2 sigma      -.1457769620453474E+01        0.53E-03        0.20E-04        0.00E+00
    8   1 sigma      -.6185470307506593E+01        0.53E-03        0.38E-04        0.00E+00
    8   2 sigma      -.1457615075525279E+01        0.15E-03        0.20E-04        0.00E+00
    9   1 sigma      -.6185315762578394E+01        0.15E-03        0.38E-04        0.00E+00
    9   2 sigma      -.1457580020611230E+01        0.35E-04        0.20E-04        0.00E+00
   10   1 sigma      -.6185280707664347E+01        0.35E-04        0.38E-04        0.00E+00
   10   2 sigma      -.1457566976313393E+01        0.13E-04        0.20E-04        0.00E+00
 ... multipole moment expansion coefficients recalculated ...
 ... writing functions to disk (current precision) ...
 total energy:    -0.1745292029073880E+02
   11   1 sigma      -.6185267663366508E+01        0.13E-04        0.38E-04        0.00E+00
   11   2 sigma      -.1457555612096352E+01        0.11E-04        0.20E-04        0.00E+00
   12   1 sigma      -.6185256299149463E+01        0.11E-04        0.38E-04        0.00E+00
   12   2 sigma      -.1457548071325852E+01        0.75E-05        0.20E-04        0.00E+00
   13   1 sigma      -.6185248758378965E+01        0.75E-05        0.38E-04        0.00E+00
   13   2 sigma      -.1457547974222744E+01        0.97E-07        0.20E-04        0.00E+00
   14   1 sigma      -.6185248661275864E+01        0.97E-07        0.38E-04        0.00E+00
   14   2 sigma      -.1457553103797834E+01       -0.51E-05        0.20E-04        0.00E+00
   15   1 sigma      -.6185253790850943E+01       -0.51E-05        0.38E-04        0.00E+00
   15   2 sigma      -.1457557382651997E+01       -0.43E-05        0.20E-04        0.00E+00
   16   1 sigma      -.6185258069705108E+01       -0.43E-05        0.38E-04        0.00E+00
   16   2 sigma      -.1457556218594960E+01        0.12E-05        0.20E-04        0.00E+00
   17   1 sigma      -.6185256905648067E+01        0.12E-05        0.38E-04        0.00E+00
   17   2 sigma      -.1457548030605611E+01        0.82E-05        0.20E-04        0.00E+00
   18   1 sigma      -.6185248717658720E+01        0.82E-05        0.38E-04        0.00E+00
   18   2 sigma      -.1457541335368981E+01        0.67E-05        0.20E-04        0.00E+00
   19   1 sigma      -.6185242022422085E+01        0.67E-05        0.38E-04        0.00E+00
   19   2 sigma      -.1457537350005045E+01        0.40E-05        0.20E-04        0.00E+00
   20   1 sigma      -.6185238037058157E+01        0.40E-05        0.38E-04        0.00E+00
   20   2 sigma      -.1457533938185700E+01        0.34E-05        0.20E-04        0.00E+00
 ... multipole moment expansion coefficients recalculated ...
 ... writing functions to disk (current precision) ...
 total energy:    -0.1745285421448342E+02
   21   1 sigma      -.6185234625238810E+01        0.34E-05        0.38E-04        0.00E+00
   21   2 sigma      -.1457530614340712E+01        0.33E-05        0.20E-04        0.00E+00
   22   1 sigma      -.6185231301393829E+01        0.33E-05        0.38E-04        0.00E+00
   22   2 sigma      -.1457527487147722E+01        0.31E-05        0.20E-04        0.00E+00
   23   1 sigma      -.6185228174200841E+01        0.31E-05        0.38E-04        0.00E+00
   23   2 sigma      -.1457524791506713E+01        0.27E-05        0.20E-04        0.00E+00
   24   1 sigma      -.6185225478559823E+01        0.27E-05        0.38E-04        0.00E+00
   24   2 sigma      -.1457521874668515E+01        0.29E-05        0.20E-04        0.00E+00
   25   1 sigma      -.6185222561721632E+01        0.29E-05        0.38E-04        0.00E+00
   25   2 sigma      -.1457518905183949E+01        0.30E-05        0.20E-04        0.00E+00
   26   1 sigma      -.6185219592237067E+01        0.30E-05        0.38E-04        0.00E+00
   26   2 sigma      -.1457516511794330E+01        0.24E-05        0.20E-04        0.00E+00
   27   1 sigma      -.6185217198847447E+01        0.24E-05        0.38E-04        0.00E+00
   27   2 sigma      -.1457515069838103E+01        0.14E-05        0.20E-04        0.00E+00
   28   1 sigma      -.6185215756891218E+01        0.14E-05        0.38E-04        0.00E+00
   28   2 sigma      -.1457514327813401E+01        0.74E-06        0.20E-04        0.00E+00
   29   1 sigma      -.6185215014866515E+01        0.74E-06        0.38E-04        0.00E+00
   29   2 sigma      -.1457513748151500E+01        0.58E-06        0.20E-04        0.00E+00
 ... multipole moment expansion coefficients recalculated ...
   30   1 sigma      -.6185214435204609E+01        0.58E-06        0.38E-04        0.00E+00
   30   2 sigma      -.1457513109217697E+01        0.64E-06        0.20E-04        0.00E+00
           
 ... orbital energy threshold reached ...
 ... writing functions to disk (current precision) ...

 total energy:                 -0.1745281255654741E+02
 total electronic energy:      -0.1745281255654741E+02
 virial ratio:                 -0.2226716462140461E+01

 total energy contributions: 
     nuclear-electron attraction energy =     -33.225449715043
     kinetic energy                     =      14.227258779991
     one electron energy                =     -18.998190935052
     coulomb energy                     =       1.605643848724
     exchange energy                    =      -0.060265470220
     nuclear repulsion energy           =       0.000000000000
     coulomb energy (DFT)               =       3.032609806932
     exchange energy (DFT)              =      -1.487231428427
     correlation energy (DFT)           =       0.000000000000

       orbital               energy                     1-norm
   2 sigma          -0.1457513109217697E+01           -0.20E-04
   1 sigma          -0.6185214435204609E+01           -0.38E-04


 total energy uncertainty due to orbital norms not being equal 1:
     absolute = +/-0.61E-03,  relative = +/-0.35E-02%

 multipole moments relative to geometrical centre:

                                    electronic (au/Debye-Ang^k)   total (au/Debye-Ang^k)
     dipole (Mu_z, k=1)                0.4772135123289598E+01      0.1351232895965282E-03
                                       0.1212964603164818E+02      0.3434516481813195E-03

     quadrupole (Theta_zz, k=2)       -0.5693150703004360E+01     -0.1547030043571596E-03
                                      -0.7657539391466922E+01     -0.2080823803273070E-03

     octopole (Omega_zzz, k=3)         0.6791893462272948E+01      0.1492342729427776E-03
                                       0.4834244241571204E+01      0.1062200001554876E-03

     hexadecapole (Phi_zzzz, k=4)     -0.8102635075384832E+01     -0.8421138082503887E-04
                                      -0.3051863938716229E+01     -0.3171828349399400E-04


 multipole moments relative to centre of mass:

      centre     atomic weight       z
        Be        9.01218220      -1.1930
                  0.00000000       1.1930
  centre-of-mass              -1.19300000000000


                                    electronic (au/Debye-Ang^k)   total (au/Debye-Ang^k)
     dipole (Mu_z, k=1)               -0.2386875120867103E-05     -0.2386875120867103E-05
                                      -0.6066875641590771E-05     -0.6066875641590771E-05

     quadrupole (Theta_zz, k=2)        0.3651538097189551E-05      0.3651538097189551E-05
                                       0.4911480176331061E-05      0.4911480176331061E-05

     octopole (Omega_zzz, k=3)        -0.2321672376812958E-04     -0.2321672376812958E-04
                                      -0.1652489306666325E-04     -0.1652489306666325E-04

     hexadecapole (Phi_zzzz, k=4)     -0.8911452654112228E-05     -0.8911452654112228E-05
                                      -0.3356505722352361E-05     -0.3356505722352361E-05

////////////////////////////////////////////////////////////////////////////////////////////////

 cpu summary (sec):
    Lagrange multipliers                       0.02
    normalization+orthogonalization            0.00
    multipole moments                          0.00
    relaxation of orb. and pot.                0.08
    total energy                               0.01
    all SCF iterations                         0.10
    single SCF iteration                       0.00



 start: 2019/06/11  13:20:26.69                                                         
 stop:  2019/06/11  13:20:26.81                                                         

////////////////////////////////////////////////////////////////////////////////////////////////

Linux scobie 5.1.6-200.fc29.x86_64 x86_64 x86_64 GNU/Linux
Intell(R) Core(TM) i5-4200U CPU @ 1.60GHz

////////////////////////////////////////////////////////////////////////////////////////////////
