
////////////////////////////////////////////////////////////////////////////////////////////////



                         FINITE DIFFERENCE 2D HARTREE-FOCK  (version 2.1)



////////////////////////////////////////////////////////////////////////////////////////////////

 ... start of input data ...
  title Be LDA+SAP                                                                
  method  hf                                                                      
  nuclei  4.0  0.0  2.386                                                         
  config  0                                                                       
  2 sigma  end                                                                    
  grid 95 40.0                                                                    
  orbpot old                                                                      
  scf 200 10 6 8 1                                                                
  stop                                                                            
 ... end of input data ...
 

   molecular system: 

          Be( 4.00)      ( 0.00)   R =  2.38600 bohr = 1.26262 angstroms

   method: HF

   electronic configuration:

           2  sigma      + - 
           1  sigma      + - 


          total charge            =   0
          number of
              electrons           =   4
              orbitals            =   2
              Coulomb potentials  =   2
              exchange potentials =   1

   grid:
          nu (h_nu)  =   91  (0.03491)
          mu (h_mu)  =  127  (0.03338)
          R_infinity =   40.00

   scf: 
          thresholds
              scf iterations           =    200
              orbital energy           = 1.00E- 6
              orbital norm             = 1.00E- 8
              multipole moments recalc = 1.15E+00

          orbitals are relaxed
          Coulomb potentials are relaxed
          exchange potential for each pair of orbitals is relaxed once per single scf iteration

          multipole expansion coefficients =  4

   (mc)sor:
          sor method used for relaxing orbitals and potentials
          ordering: middle 

                            (mc)sor iterations
                            orbital  potentials
             2 sigma           10        10
             1 sigma           10        10

          overrelaxation parameters:   orbitals       potentials 
                                        1.922       1.961   1.961

   machine accuracy      =    0.11E-15

   constants: 
               pi        =    0.3141592653589793E+01
               bohr      =    0.5291772490000000E+00 angstroms


   memory usage:
          text+data                                      0.9 MB 
          bss (common block contributions)              96.9 MB
          dynamical allocation                           3.6 MB 
              orbitals + Coulomb potentials              0.0 MB
              exchange potentials                        0.0 MB

////////////////////////////////////////////////////////////////////////////////////////////////


 ... retrieving data from disk ...
     file with heading:  Be LDA+SAP                                                                     
     created on: 2019/06/11  13:20:26.80                                                         
 ... orbitals and potentials retrieved ... 

 total energy:                 -0.1745281255654741E+02
 total electronic energy:      -0.1745281255654741E+02
 virial ratio:                 -0.2226716462140461E+01

   scf  orbital              energy              energy diff        1-norm         overlap
    1   1 sigma      -.5808214091121666E+01        0.38E+00       -0.68E-01        0.00E+00
    1   2 sigma      -.1534281075163734E+01       -0.77E-01       -0.37E+00        0.25E-01
    2   1 sigma      -.5542829464611168E+01        0.27E+00       -0.62E-01        0.00E+00
    2   2 sigma      -.1438094530236331E+01        0.96E-01       -0.23E+00        0.16E-01
    3   1 sigma      -.5324145846994867E+01        0.22E+00       -0.71E-01        0.00E+00
    3   2 sigma      -.1289905432903808E+01        0.15E+00       -0.11E+00        0.42E-01
    4   1 sigma      -.5160659371665050E+01        0.16E+00       -0.56E-01        0.00E+00
    4   2 sigma      -.1137352958403280E+01        0.15E+00       -0.65E-01        0.57E-01
    5   1 sigma      -.5051756082427952E+01        0.11E+00       -0.36E-01        0.00E+00
    5   2 sigma      -.1000024470538828E+01        0.14E+00       -0.59E-01        0.56E-01
    6   1 sigma      -.4999182045074013E+01        0.53E-01       -0.23E-01        0.00E+00
    6   2 sigma      -.8873820127798684E+00        0.11E+00       -0.77E-01        0.46E-01
    7   1 sigma      -.4991323438778150E+01        0.79E-02       -0.15E-01        0.00E+00
    7   2 sigma      -.7966425768545646E+00        0.91E-01       -0.11E+00        0.36E-01
    8   1 sigma      -.5003929893791977E+01       -0.13E-01       -0.78E-02        0.00E+00
    8   2 sigma      -.7273452121860259E+00        0.69E-01       -0.15E+00        0.28E-01
    9   1 sigma      -.5011412653223725E+01       -0.75E-02       -0.29E-02        0.00E+00
    9   2 sigma      -.6699682290098499E+00        0.57E-01       -0.20E+00        0.22E-01
   10   1 sigma      -.4994933275235653E+01        0.16E-01       -0.31E-02        0.00E+00
   10   2 sigma      -.6173870998609761E+00        0.53E-01       -0.20E+00        0.17E-01
 ... multipole moment expansion coefficients recalculated ...
 ... writing functions to disk (current precision) ...
 total energy:    -0.1527918952842799E+02
   11   1 sigma      -.4956329513558538E+01        0.39E-01       -0.56E-02        0.00E+00
   11   2 sigma      -.5689633110006038E+00        0.48E-01       -0.14E+00        0.11E-01
   12   1 sigma      -.4905107775359373E+01        0.51E-01       -0.86E-02        0.00E+00
   12   2 sigma      -.5277276667646553E+00        0.41E-01       -0.83E-01        0.68E-02
   13   1 sigma      -.4851701325715885E+01        0.53E-01       -0.11E-01        0.00E+00
   13   2 sigma      -.4930684035651169E+00        0.35E-01       -0.58E-01        0.58E-02
   14   1 sigma      -.4809331421170408E+01        0.42E-01       -0.11E-01        0.00E+00
   14   2 sigma      -.4642087524067740E+00        0.29E-01       -0.41E-01        0.57E-02
   15   1 sigma      -.4782794643818846E+01        0.27E-01       -0.92E-02        0.00E+00
   15   2 sigma      -.4375401077843419E+00        0.27E-01       -0.40E-01        0.70E-02
   16   1 sigma      -.4766150932391959E+01        0.17E-01       -0.72E-02        0.00E+00
   16   2 sigma      -.4137871451109212E+00        0.24E-01       -0.38E-01        0.75E-02
   17   1 sigma      -.4756377613266684E+01        0.98E-02       -0.49E-02        0.00E+00
   17   2 sigma      -.3938520997193689E+00        0.20E-01       -0.34E-01        0.69E-02
   18   1 sigma      -.4750284731350746E+01        0.61E-02       -0.30E-02        0.00E+00
   18   2 sigma      -.3779133031518771E+00        0.16E-01       -0.30E-01        0.58E-02
   19   1 sigma      -.4746327262672031E+01        0.40E-02       -0.18E-02        0.00E+00
   19   2 sigma      -.3655024663651099E+00        0.12E-01       -0.27E-01        0.46E-02
   20   1 sigma      -.4743705590224110E+01        0.26E-02       -0.11E-02        0.00E+00
   20   2 sigma      -.3558409066892112E+00        0.97E-02       -0.24E-01        0.35E-02
 ... multipole moment expansion coefficients recalculated ...
 ... writing functions to disk (current precision) ...
 total energy:    -0.1469145053827085E+02
   21   1 sigma      -.4741695978277866E+01        0.20E-02       -0.80E-03        0.00E+00
   21   2 sigma      -.3481386960173420E+00        0.77E-02       -0.19E-01        0.26E-02
   22   1 sigma      -.4739509108793887E+01        0.22E-02       -0.69E-03        0.00E+00
   22   2 sigma      -.3417075515470311E+00        0.64E-02       -0.15E-01        0.20E-02
   23   1 sigma      -.4737036056664781E+01        0.25E-02       -0.63E-03        0.00E+00
   23   2 sigma      -.3362283657167826E+00        0.55E-02       -0.10E-01        0.16E-02
   24   1 sigma      -.4734545019112097E+01        0.25E-02       -0.59E-03        0.00E+00
   24   2 sigma      -.3315044262909499E+00        0.47E-02       -0.78E-02        0.13E-02
   25   1 sigma      -.4732393495524546E+01        0.22E-02       -0.55E-03        0.00E+00
   25   2 sigma      -.3274254487744725E+00        0.41E-02       -0.64E-02        0.11E-02
   26   1 sigma      -.4730766564190961E+01        0.16E-02       -0.49E-03        0.00E+00
   26   2 sigma      -.3239846361911116E+00        0.34E-02       -0.55E-02        0.10E-02
   27   1 sigma      -.4729782690078476E+01        0.98E-03       -0.38E-03        0.00E+00
   27   2 sigma      -.3211515513460370E+00        0.28E-02       -0.47E-02        0.89E-03
   28   1 sigma      -.4729364464734724E+01        0.42E-03       -0.24E-03        0.00E+00
   28   2 sigma      -.3188516781943800E+00        0.23E-02       -0.40E-02        0.76E-03
   29   1 sigma      -.4729337600236274E+01        0.27E-04       -0.12E-03        0.00E+00
   29   2 sigma      -.3169954930190306E+00        0.19E-02       -0.33E-02        0.63E-03
   30   1 sigma      -.4729507280364372E+01       -0.17E-03       -0.33E-04        0.00E+00
   30   2 sigma      -.3155158055938962E+00        0.15E-02       -0.27E-02        0.50E-03
 ... multipole moment expansion coefficients recalculated ...
 ... writing functions to disk (current precision) ...
 total energy:    -0.1459193605641887E+02
   31   1 sigma      -.4729727840946982E+01       -0.22E-03        0.18E-04        0.00E+00
   31   2 sigma      -.3143451601763869E+00        0.12E-02       -0.21E-02        0.39E-03
   32   1 sigma      -.4729993181253240E+01       -0.27E-03        0.54E-04        0.00E+00
   32   2 sigma      -.3134134999487215E+00        0.93E-03       -0.16E-02        0.29E-03
   33   1 sigma      -.4730258019112732E+01       -0.26E-03        0.66E-04        0.00E+00
   33   2 sigma      -.3126588782650059E+00        0.75E-03       -0.13E-02        0.22E-03
   34   1 sigma      -.4730481505784208E+01       -0.22E-03        0.60E-04        0.00E+00
   34   2 sigma      -.3120258340164801E+00        0.63E-03       -0.11E-02        0.18E-03
   35   1 sigma      -.4730622943793934E+01       -0.14E-03        0.44E-04        0.00E+00
   35   2 sigma      -.3114998375237554E+00        0.53E-03       -0.87E-03        0.15E-03
   36   1 sigma      -.4730750581236455E+01       -0.13E-03        0.43E-04        0.00E+00
   36   2 sigma      -.3110629245856356E+00        0.44E-03       -0.68E-03        0.12E-03
   37   1 sigma      -.4730877147987551E+01       -0.13E-03        0.40E-04        0.00E+00
   37   2 sigma      -.3107035981116624E+00        0.36E-03       -0.53E-03        0.96E-04
   38   1 sigma      -.4731020871469251E+01       -0.14E-03        0.39E-04        0.00E+00
   38   2 sigma      -.3104119461795829E+00        0.29E-03       -0.42E-03        0.78E-04
   39   1 sigma      -.4731180306580784E+01       -0.16E-03        0.38E-04        0.00E+00
   39   2 sigma      -.3101758114552988E+00        0.24E-03       -0.34E-03        0.65E-04
   40   1 sigma      -.4731340801429978E+01       -0.16E-03        0.39E-04        0.00E+00
   40   2 sigma      -.3099877318843691E+00        0.19E-03       -0.28E-03        0.54E-04
 ... multipole moment expansion coefficients recalculated ...
 ... writing functions to disk (current precision) ...
 total energy:    -0.1457591838355356E+02
   41   1 sigma      -.4731489943657397E+01       -0.15E-03        0.39E-04        0.00E+00
   41   2 sigma      -.3098401875294186E+00        0.15E-03       -0.22E-03        0.43E-04
   42   1 sigma      -.4731639173205243E+01       -0.15E-03        0.40E-04        0.00E+00
   42   2 sigma      -.3097253659099357E+00        0.11E-03       -0.17E-03        0.32E-04
   43   1 sigma      -.4731783671998610E+01       -0.14E-03        0.39E-04        0.00E+00
   43   2 sigma      -.3096356092973371E+00        0.90E-04       -0.13E-03        0.23E-04
   44   1 sigma      -.4731912035042807E+01       -0.13E-03        0.35E-04        0.00E+00
   44   2 sigma      -.3095617177699479E+00        0.74E-04       -0.11E-03        0.18E-04
   45   1 sigma      -.4732010135818735E+01       -0.98E-04        0.29E-04        0.00E+00
   45   2 sigma      -.3095025944200969E+00        0.59E-04       -0.88E-04        0.14E-04
   46   1 sigma      -.4732093354016769E+01       -0.83E-04        0.26E-04        0.00E+00
   46   2 sigma      -.3094547037364654E+00        0.48E-04       -0.67E-04        0.10E-04
   47   1 sigma      -.4732163797656918E+01       -0.70E-04        0.23E-04        0.00E+00
   47   2 sigma      -.3094158097611910E+00        0.39E-04       -0.51E-04        0.77E-05
   48   1 sigma      -.4732226490167095E+01       -0.63E-04        0.19E-04        0.00E+00
   48   2 sigma      -.3093843781485901E+00        0.31E-04       -0.39E-04        0.58E-05
   49   1 sigma      -.4732283348872315E+01       -0.57E-04        0.16E-04        0.00E+00
   49   2 sigma      -.3093588673453469E+00        0.26E-04       -0.31E-04        0.49E-05
   50   1 sigma      -.4732333894823190E+01       -0.51E-04        0.14E-04        0.00E+00
   50   2 sigma      -.3093386238616203E+00        0.20E-04       -0.24E-04        0.42E-05
 ... multipole moment expansion coefficients recalculated ...
 ... writing functions to disk (current precision) ...
 total energy:    -0.1457346387819681E+02
   51   1 sigma      -.4732378018147115E+01       -0.44E-04        0.13E-04        0.00E+00
   51   2 sigma      -.3093229213507465E+00        0.16E-04       -0.18E-04        0.33E-05
   52   1 sigma      -.4732418804873918E+01       -0.41E-04        0.12E-04        0.00E+00
   52   2 sigma      -.3093109938432368E+00        0.12E-04       -0.14E-04        0.23E-05
   53   1 sigma      -.4732456430432009E+01       -0.38E-04        0.11E-04        0.00E+00
   53   2 sigma      -.3093020088627498E+00        0.90E-05       -0.10E-04        0.15E-05
   54   1 sigma      -.4732489552115823E+01       -0.33E-04        0.94E-05        0.00E+00
   54   2 sigma      -.3092947334094203E+00        0.73E-05       -0.94E-05        0.11E-05
   55   1 sigma      -.4732516020012892E+01       -0.26E-04        0.78E-05        0.00E+00
   55   2 sigma      -.3092891502809820E+00        0.56E-05       -0.71E-05        0.73E-06
   56   1 sigma      -.4732538437952083E+01       -0.22E-04        0.69E-05        0.00E+00
   56   2 sigma      -.3092847575472246E+00        0.44E-05       -0.53E-05        0.44E-06
   57   1 sigma      -.4732557195988331E+01       -0.19E-04        0.59E-05        0.00E+00
   57   2 sigma      -.3092812561649569E+00        0.35E-05       -0.38E-05        0.22E-06
   58   1 sigma      -.4732573264349026E+01       -0.16E-04        0.50E-05        0.00E+00
   58   2 sigma      -.3092784663117687E+00        0.28E-05       -0.27E-05        0.84E-07
   59   1 sigma      -.4732587159388566E+01       -0.14E-04        0.42E-05        0.00E+00
   59   2 sigma      -.3092762184640283E+00        0.22E-05       -0.21E-05        0.67E-07
   60   1 sigma      -.4732599060773575E+01       -0.12E-04        0.35E-05        0.00E+00
   60   2 sigma      -.3092744625198094E+00        0.18E-05       -0.15E-05        0.83E-07
 ... multipole moment expansion coefficients recalculated ...
 ... writing functions to disk (current precision) ...
 total energy:    -0.1457309147142476E+02
   61   1 sigma      -.4732609198735179E+01       -0.10E-04        0.31E-05        0.00E+00
   61   2 sigma      -.3092731333257506E+00        0.13E-05       -0.95E-06        0.53E-07
   62   1 sigma      -.4732618185403578E+01       -0.90E-05        0.27E-05        0.00E+00
   62   2 sigma      -.3092721631166395E+00        0.97E-06       -0.58E-06        0.56E-08
   63   1 sigma      -.4732626195208264E+01       -0.80E-05        0.24E-05        0.00E+00
   63   2 sigma      -.3092714730110080E+00        0.69E-06       -0.41E-06        0.52E-07
   64   1 sigma      -.4732633145509999E+01       -0.70E-05        0.20E-05        0.00E+00
   64   2 sigma      -.3092709215318303E+00        0.55E-06       -0.47E-06        0.53E-07
   65   1 sigma      -.4732638804337775E+01       -0.57E-05        0.17E-05        0.00E+00
   65   2 sigma      -.3092705283887105E+00        0.39E-06       -0.33E-06        0.62E-07
   66   1 sigma      -.4732643584903698E+01       -0.48E-05        0.15E-05        0.00E+00
   66   2 sigma      -.3092702381890657E+00        0.29E-06       -0.21E-06        0.72E-07
   67   1 sigma      -.4732647581959666E+01       -0.40E-05        0.12E-05        0.00E+00
   67   2 sigma      -.3092700188148472E+00        0.22E-06       -0.11E-06        0.80E-07
   68   1 sigma      -.4732650968384224E+01       -0.34E-05        0.10E-05        0.00E+00
   68   2 sigma      -.3092698523574782E+00        0.17E-06       -0.34E-07        0.80E-07
   69   1 sigma      -.4732653850188447E+01       -0.29E-05        0.88E-06        0.00E+00
   69   2 sigma      -.3092697225071384E+00        0.13E-06       -0.53E-08        0.67E-07
   70   1 sigma      -.4732656287082735E+01       -0.24E-05        0.74E-06        0.00E+00
   70   2 sigma      -.3092696265689157E+00        0.96E-07        0.25E-07        0.52E-07
 ... multipole moment expansion coefficients recalculated ...
 ... writing functions to disk (current precision) ...
 total energy:    -0.1457303409881072E+02
   71   1 sigma      -.4732658342781868E+01       -0.21E-05        0.63E-06        0.00E+00
   71   2 sigma      -.3092695598720046E+00        0.67E-07        0.52E-07        0.44E-07
   72   1 sigma      -.4732660118453289E+01       -0.18E-05        0.54E-06        0.00E+00
   72   2 sigma      -.3092695182666489E+00        0.42E-07        0.66E-07        0.42E-07
   73   1 sigma      -.4732661661213485E+01       -0.15E-05        0.46E-06        0.00E+00
   73   2 sigma      -.3092694963257359E+00        0.22E-07        0.62E-07        0.39E-07
   74   1 sigma      -.4732662982704491E+01       -0.13E-05        0.39E-06        0.00E+00
   74   2 sigma      -.3092694804468430E+00        0.16E-07        0.33E-07        0.33E-07
   75   1 sigma      -.4732664071758859E+01       -0.11E-05        0.33E-06        0.00E+00
   75   2 sigma      -.3092694750244251E+00        0.54E-08        0.33E-07        0.29E-07
   76   1 sigma      -.4732664989860975E+01       -0.92E-06        0.28E-06        0.00E+00
   76   2 sigma      -.3092694748858469E+00        0.14E-09        0.33E-07        0.26E-07
 ... multipole moment expansion coefficients recalculated ...
   77   1 sigma      -.4732665758282886E+01       -0.77E-06        0.24E-06        0.00E+00
   77   2 sigma      -.3092694772666593E+00       -0.24E-08        0.33E-07        0.24E-07
           
 ... orbital energy threshold reached ...
 ... writing functions to disk (current precision) ...

 total energy:                 -0.1457302625210343E+02
 total electronic energy:      -0.1457302625210343E+02
 virial ratio:                 -0.2000000094904952E+01

 total energy contributions: 
     nuclear-electron attraction energy =     -33.635192260689
     kinetic energy                     =      14.573024869051
     one electron energy                =     -19.062167391638
     coulomb energy                     =       4.539839074763
     exchange energy                    =      -0.050697935229
     nuclear repulsion energy           =       0.000000000000
     coulomb energy (DFT)               =       7.156056301143
     exchange energy (DFT)              =      -2.666915161609
     correlation energy (DFT)           =       0.000000000000

       orbital               energy                     1-norm
   2 sigma          -0.3092694772666593E+00           -0.33E-07
   1 sigma          -0.4732665758282886E+01           -0.24E-06


 total energy uncertainty due to orbital norms not being equal 1:
     absolute = +/-0.33E-05,  relative = +/-0.23E-04%

 multipole moments relative to geometrical centre:

                                    electronic (au/Debye-Ang^k)   total (au/Debye-Ang^k)
     dipole (Mu_z, k=1)                0.4771998738819892E+01     -0.1261180108791393E-05
                                       0.1212929937437654E+02     -0.3205623459222155E-05

     quadrupole (Theta_zz, k=2)       -0.5692993880858689E+01      0.2119141313983164E-05
                                      -0.7657328458747839E+01      0.2850338755190093E-05

     octopole (Omega_zzz, k=3)         0.6791742858084580E+01     -0.1369915424653811E-05
                                       0.4834137046510738E+01     -0.9750603112163654E-06

     hexadecapole (Phi_zzzz, k=4)     -0.8102553335116927E+01     -0.2471112919621987E-05
                                      -0.3051833151179380E+01     -0.9307466444836697E-06


 multipole moments relative to centre of mass:

      centre     atomic weight       z
        Be        9.01218220      -1.1930
                  0.00000000       1.1930
  centre-of-mass              -1.19300000000000


                                    electronic (au/Debye-Ang^k)   total (au/Debye-Ang^k)
     dipole (Mu_z, k=1)               -0.8604260201031892E-06     -0.8604260201031892E-06
                                      -0.2187000742987582E-05     -0.2187000742987582E-05

     quadrupole (Theta_zz, k=2)       -0.7941160476239092E-06     -0.7941160476239092E-06
                                      -0.1068121192166420E-05     -0.1068121192166420E-05

     octopole (Omega_zzz, k=3)         0.4798492107167818E-06      0.4798492107167818E-06
                                       0.3415407347914708E-06      0.3415407347914708E-06

     hexadecapole (Phi_zzzz, k=4)      0.9432785195316509E-06      0.9432785195316509E-06
                                       0.3552866038197520E-06      0.3552866038197520E-06

////////////////////////////////////////////////////////////////////////////////////////////////

 cpu summary (sec):
    Lagrange multipliers                       0.05
    normalization+orthogonalization            0.01
    multipole moments                          0.01
    relaxation of orb. and pot.                0.96
    total energy                               0.02
    all SCF iterations                         1.03
    single SCF iteration                       0.01



 start: 2019/06/11  13:20:26.86                                                         
 stop:  2019/06/11  13:20:27.95                                                         

////////////////////////////////////////////////////////////////////////////////////////////////

Linux scobie 5.1.6-200.fc29.x86_64 x86_64 x86_64 GNU/Linux
Intell(R) Core(TM) i5-4200U CPU @ 1.60GHz

////////////////////////////////////////////////////////////////////////////////////////////////
