
////////////////////////////////////////////////////////////////////////////////////////////////



                         FINITE DIFFERENCE 2D HARTREE-FOCK  (version 2.1)



////////////////////////////////////////////////////////////////////////////////////////////////

 ... start of input data ...
  title Ne   R = 2.0                                                              
  method hf                                                                       
  nuclei  10.0  0.0  2.0                                                          
  config  0                                                                       
  1 pi                                                                            
  2 sigma                                                                         
  1 sigma   end                                                                   
  grid 269 30.0                                                                   
  orbpot old                                                                      
  scf 3000 10 4 8 1                                                               
  stop                                                                            
 ... end of input data ...
 

   molecular system: 

          Ne(10.00)      ( 0.00)   R =  2.00000 bohr = 1.05835 angstroms

   method: HF

   electronic configuration:

           1  pi         + - + - 
           3  sigma      + - 
           2  sigma      + - 
           1  sigma      + - 


          total charge            =   0
          number of
              electrons           =  10
              orbitals            =   4
              Coulomb potentials  =   4
              exchange potentials =   7

   grid:
          nu (h_nu)  =  265  (0.01190)
          mu (h_mu)  =  349  (0.01176)
          R_infinity =   30.00

   scf: 
          thresholds
              scf iterations           =   3000
              orbital energy           = 1.00E- 4
              orbital norm             = 1.00E- 8
              multipole moments recalc = 1.15E+00

          orbitals are relaxed
          Coulomb potentials are relaxed
          exchange potential for each pair of orbitals is relaxed once per single scf iteration

          multipole expansion coefficients =  4

   (mc)sor:
          sor method used for relaxing orbitals and potentials
          ordering: middle 

                            (mc)sor iterations
                            orbital  potentials
             1 pi              10        10
             3 sigma           10        10
             2 sigma           10        10
             1 sigma           10        10

          overrelaxation parameters:   orbitals       potentials 
                                        1.944       1.983   1.983

   machine accuracy      =    0.11E-15

   constants: 
               pi        =    0.3141592653589793E+01
               bohr      =    0.5291772490000000E+00 angstroms


   memory usage:
          text+data                                      0.9 MB 
          bss (common block contributions)              96.9 MB
          dynamical allocation                          36.3 MB 
              orbitals + Coulomb potentials              5.0 MB
              exchange potentials                        4.0 MB

////////////////////////////////////////////////////////////////////////////////////////////////


 ... retrieving data from disk ...
     file with heading:  Ne   R = 2.0                                                                   
     created on: 2019/08/21  20:32:49.15                                                         
 ... orbitals and potentials retrieved ... 

 total energy:                 -0.1333645657268849E+03
 total electronic energy:      -0.1333645657268849E+03
 virial ratio:                 -0.2046110797712958E+01

   scf  orbital              energy              energy diff        1-norm         overlap
    1   1 sigma      -.3347778755026515E+02       -0.41E-02        0.92E-03        0.00E+00
    1   2 sigma      -.2858472270744398E+01       -0.16E-01       -0.72E-02        0.13E-01
    1   3 sigma      -.1773051002151304E+01       -0.69E-02       -0.13E-01        0.50E-01
    1   1 pi         -.1750716189827131E+01       -0.34E-02        0.65E-05        0.00E+00
    2   1 sigma      -.3353977147293704E+02       -0.62E-01       -0.10E-02        0.00E+00
    2   2 sigma      -.2872072946461000E+01       -0.14E-01       -0.74E-02        0.12E-02
    2   3 sigma      -.1783212401702597E+01       -0.10E-01       -0.12E-01        0.45E-01
    2   1 pi         -.1751114407332400E+01       -0.40E-03       -0.72E-03        0.00E+00
    3   1 sigma      -.3358583316433671E+02       -0.46E-01       -0.14E-02        0.00E+00
    3   2 sigma      -.2874009345549647E+01       -0.19E-02       -0.78E-02        0.21E-02
    3   3 sigma      -.1787878492115613E+01       -0.47E-02       -0.12E-01        0.40E-01
    3   1 pi         -.1749585261502832E+01        0.15E-02       -0.11E-02        0.00E+00
    4   1 sigma      -.3361706791178266E+02       -0.31E-01       -0.11E-02        0.00E+00
    4   2 sigma      -.2870269159696042E+01        0.37E-02       -0.75E-02        0.30E-02
    4   3 sigma      -.1788795710195325E+01       -0.92E-03       -0.11E-01        0.35E-01
    4   1 pi         -.1746449637252560E+01        0.31E-02       -0.13E-02        0.00E+00
    5   1 sigma      -.3363302184788324E+02       -0.16E-01       -0.80E-03        0.00E+00
    5   2 sigma      -.2863330532239576E+01        0.69E-02       -0.69E-02        0.32E-02
    5   3 sigma      -.1786912517530579E+01        0.19E-02       -0.94E-02        0.31E-01
    5   1 pi         -.1742054178712163E+01        0.44E-02       -0.14E-02        0.00E+00
    6   1 sigma      -.3363505696938374E+02       -0.20E-02       -0.52E-03        0.00E+00
    6   2 sigma      -.2853581079575953E+01        0.97E-02       -0.64E-02        0.31E-02
    6   3 sigma      -.1782744068960229E+01        0.42E-02       -0.81E-02        0.27E-01
    6   1 pi         -.1736532257269255E+01        0.55E-02       -0.14E-02        0.00E+00
    7   1 sigma      -.3362607098113649E+02        0.90E-02       -0.33E-03        0.00E+00
    7   2 sigma      -.2841419398561081E+01        0.12E-01       -0.58E-02        0.29E-02
    7   3 sigma      -.1776533685344679E+01        0.62E-02       -0.68E-02        0.23E-01
    7   1 pi         -.1729837662606936E+01        0.67E-02       -0.15E-02        0.00E+00
    8   1 sigma      -.3360971333592941E+02        0.16E-01       -0.24E-03        0.00E+00
    8   2 sigma      -.2827449966892203E+01        0.14E-01       -0.52E-02        0.27E-02
    8   3 sigma      -.1768347129001617E+01        0.82E-02       -0.57E-02        0.20E-01
    8   1 pi         -.1721824077544245E+01        0.80E-02       -0.15E-02        0.00E+00
    9   1 sigma      -.3358936189979005E+02        0.20E-01       -0.23E-03        0.00E+00
    9   2 sigma      -.2812396946626496E+01        0.15E-01       -0.45E-02        0.24E-02
    9   3 sigma      -.1758234346212790E+01        0.10E-01       -0.46E-02        0.17E-01
    9   1 pi         -.1712355144692964E+01        0.95E-02       -0.15E-02        0.00E+00
   10   1 sigma      -.3356753402378915E+02        0.22E-01       -0.28E-03        0.00E+00
   10   2 sigma      -.2796708091073414E+01        0.16E-01       -0.40E-02        0.22E-02
   10   3 sigma      -.1746260607265517E+01        0.12E-01       -0.37E-02        0.14E-01
   10   1 pi         -.1701348457137621E+01        0.11E-01       -0.14E-02        0.00E+00
 ... multipole moment expansion coefficients recalculated ...
 ... writing functions to disk (current precision) ...
 total energy:    -0.1331854793984070E+03
   11   1 sigma      -.3354577018047139E+02        0.22E-01       -0.36E-03        0.00E+00
   11   2 sigma      -.2780598583982217E+01        0.16E-01       -0.35E-02        0.21E-02
   11   3 sigma      -.1732550691954097E+01        0.14E-01       -0.28E-02        0.12E-01
   11   1 pi         -.1688827739247548E+01        0.13E-01       -0.13E-02        0.00E+00
   12   1 sigma      -.3352484516394361E+02        0.21E-01       -0.43E-03        0.00E+00
   12   2 sigma      -.2763975590538289E+01        0.17E-01       -0.31E-02        0.19E-02
   12   3 sigma      -.1717317502205129E+01        0.15E-01       -0.21E-02        0.99E-02
   12   1 pi         -.1674891456117109E+01        0.14E-01       -0.11E-02        0.00E+00
   13   1 sigma      -.3350507033144486E+02        0.20E-01       -0.48E-03        0.00E+00
   13   2 sigma      -.2746727359211622E+01        0.17E-01       -0.28E-02        0.18E-02
   13   3 sigma      -.1700793264069288E+01        0.17E-01       -0.14E-02        0.80E-02
   13   1 pi         -.1659728941451721E+01        0.15E-01       -0.93E-03        0.00E+00
   14   1 sigma      -.3348655085805524E+02        0.19E-01       -0.50E-03        0.00E+00
   14   2 sigma      -.2728753618913313E+01        0.18E-01       -0.25E-02        0.17E-02
   14   3 sigma      -.1683283182736067E+01        0.18E-01       -0.89E-03        0.64E-02
   14   1 pi         -.1643569976787289E+01        0.16E-01       -0.75E-03        0.00E+00
   15   1 sigma      -.3346932778351626E+02        0.17E-01       -0.48E-03        0.00E+00
   15   2 sigma      -.2710074221566371E+01        0.19E-01       -0.22E-02        0.16E-02
   15   3 sigma      -.1665029939754016E+01        0.18E-01       -0.45E-03        0.49E-02
   15   1 pi         -.1626672030702897E+01        0.17E-01       -0.59E-03        0.00E+00
   16   1 sigma      -.3345343337698561E+02        0.16E-01       -0.44E-03        0.00E+00
   16   2 sigma      -.2690802326073825E+01        0.19E-01       -0.20E-02        0.15E-02
   16   3 sigma      -.1646320473035095E+01        0.19E-01       -0.11E-03        0.37E-02
   16   1 pi         -.1609282635828917E+01        0.17E-01       -0.46E-03        0.00E+00
   17   1 sigma      -.3343886601765759E+02        0.15E-01       -0.40E-03        0.00E+00
   17   2 sigma      -.2671089450040176E+01        0.20E-01       -0.18E-02        0.14E-02
   17   3 sigma      -.1627381483304957E+01        0.19E-01        0.12E-03        0.25E-02
   17   1 pi         -.1591608772335988E+01        0.18E-01       -0.39E-03        0.00E+00
   18   1 sigma      -.3342552554182795E+02        0.13E-01       -0.36E-03        0.00E+00
   18   2 sigma      -.2651136003201392E+01        0.20E-01       -0.16E-02        0.13E-02
   18   3 sigma      -.1608433713923599E+01        0.19E-01        0.27E-03        0.16E-02
   18   1 pi         -.1573813212179331E+01        0.18E-01       -0.37E-03        0.00E+00
   19   1 sigma      -.3341316584865685E+02        0.12E-01       -0.33E-03        0.00E+00
   19   2 sigma      -.2631287632733178E+01        0.20E-01       -0.15E-02        0.12E-02
   19   3 sigma      -.1589822766166201E+01        0.19E-01        0.34E-03        0.74E-03
   19   1 pi         -.1556107094471457E+01        0.18E-01       -0.40E-03        0.00E+00
   20   1 sigma      -.3340178084814840E+02        0.11E-01       -0.31E-03        0.00E+00
   20   2 sigma      -.2611918080043145E+01        0.19E-01       -0.14E-02        0.11E-02
   20   3 sigma      -.1571767297549474E+01        0.18E-01        0.34E-03        0.10E-03
   20   1 pi         -.1538733129553346E+01        0.17E-01       -0.47E-03        0.00E+00
 ... multipole moment expansion coefficients recalculated ...
 ... writing functions to disk (current precision) ...
 total energy:    -0.1321825114606354E+03
   21   1 sigma      -.3339152560167467E+02        0.10E-01       -0.29E-03        0.00E+00
   21   2 sigma      -.2593275796001363E+01        0.19E-01       -0.14E-02        0.97E-03
   21   3 sigma      -.1554335926879261E+01        0.17E-01        0.27E-03        0.55E-03
   21   1 pi         -.1521890805479432E+01        0.17E-01       -0.57E-03        0.00E+00
   22   1 sigma      -.3338235993321418E+02        0.92E-02       -0.27E-03        0.00E+00
   22   2 sigma      -.2575522806024480E+01        0.18E-01       -0.14E-02        0.87E-03
   22   3 sigma      -.1537626916909193E+01        0.17E-01        0.16E-03        0.11E-02
   22   1 pi         -.1505705296182581E+01        0.16E-01       -0.71E-03        0.00E+00
   23   1 sigma      -.3337403383443042E+02        0.83E-02       -0.25E-03        0.00E+00
   23   2 sigma      -.2558569524770400E+01        0.17E-01       -0.14E-02        0.79E-03
   23   3 sigma      -.1519774212016664E+01        0.18E-01       -0.42E-03        0.14E-02
   23   1 pi         -.1490113174097020E+01        0.16E-01       -0.93E-03        0.00E+00
   24   1 sigma      -.3336598897343088E+02        0.80E-02       -0.24E-03        0.00E+00
   24   2 sigma      -.2541357399981841E+01        0.17E-01       -0.16E-02        0.72E-03
   24   3 sigma      -.1496290154898380E+01        0.23E-01       -0.18E-02        0.13E-02
   24   1 pi         -.1472168830306995E+01        0.18E-01       -0.16E-02        0.00E+00
   25   1 sigma      -.3335518134258077E+02        0.11E-01       -0.26E-03        0.00E+00
   25   2 sigma      -.2522145721141236E+01        0.19E-01       -0.21E-02        0.71E-03
   25   3 sigma      -.1470068013137617E+01        0.26E-01       -0.27E-02        0.85E-03
   25   1 pi         -.1451025565740837E+01        0.21E-01       -0.24E-02        0.00E+00
   26   1 sigma      -.3333353182315697E+02        0.22E-01       -0.37E-03        0.00E+00
   26   2 sigma      -.2502106602356779E+01        0.20E-01       -0.24E-02        0.68E-03
   26   3 sigma      -.1446149313166881E+01        0.24E-01       -0.29E-02        0.50E-03
   26   1 pi         -.1426992821650718E+01        0.24E-01       -0.30E-02        0.00E+00
   27   1 sigma      -.3330445505419302E+02        0.29E-01       -0.41E-03        0.00E+00
   27   2 sigma      -.2480979867062327E+01        0.21E-01       -0.26E-02        0.66E-03
   27   3 sigma      -.1423930111423038E+01        0.22E-01       -0.29E-02        0.43E-03
   27   1 pi         -.1400970745346617E+01        0.26E-01       -0.34E-02        0.00E+00
   28   1 sigma      -.3327349219362587E+02        0.31E-01       -0.40E-03        0.00E+00
   28   2 sigma      -.2457700916865091E+01        0.23E-01       -0.28E-02        0.70E-03
   28   3 sigma      -.1402488415410607E+01        0.21E-01       -0.28E-02        0.77E-03
   28   1 pi         -.1375375942884171E+01        0.26E-01       -0.34E-02        0.00E+00
   29   1 sigma      -.3324320733314146E+02        0.30E-01       -0.36E-03        0.00E+00
   29   2 sigma      -.2434184834075722E+01        0.24E-01       -0.28E-02        0.67E-03
   29   3 sigma      -.1381445795507240E+01        0.21E-01       -0.25E-02        0.14E-02
   29   1 pi         -.1350403787623710E+01        0.25E-01       -0.33E-02        0.00E+00
   30   1 sigma      -.3321462382786773E+02        0.29E-01       -0.34E-03        0.00E+00
   30   2 sigma      -.2410925406566500E+01        0.23E-01       -0.26E-02        0.63E-03
   30   3 sigma      -.1360984344756217E+01        0.20E-01       -0.20E-02        0.21E-02
   30   1 pi         -.1327964508213874E+01        0.22E-01       -0.29E-02        0.00E+00
 ... multipole moment expansion coefficients recalculated ...
 ... writing functions to disk (current precision) ...
 total energy:    -0.1310797791041410E+03
   31   1 sigma      -.3319032816185623E+02        0.24E-01       -0.32E-03        0.00E+00
   31   2 sigma      -.2388316792443799E+01        0.23E-01       -0.23E-02        0.59E-03
   31   3 sigma      -.1340615142943877E+01        0.20E-01       -0.14E-02        0.30E-02
   31   1 pi         -.1306170356333409E+01        0.22E-01       -0.28E-02        0.00E+00
   32   1 sigma      -.3316713678644815E+02        0.23E-01       -0.35E-03        0.00E+00
   32   2 sigma      -.2366430785587937E+01        0.22E-01       -0.20E-02        0.54E-03
   32   3 sigma      -.1319872928439858E+01        0.21E-01       -0.91E-03        0.37E-02
   32   1 pi         -.1285899048485867E+01        0.20E-01       -0.25E-02        0.00E+00
   33   1 sigma      -.3314627682790430E+02        0.21E-01       -0.37E-03        0.00E+00
   33   2 sigma      -.2345750145259458E+01        0.21E-01       -0.16E-02        0.49E-03
   33   3 sigma      -.1299087816307985E+01        0.21E-01       -0.40E-03        0.44E-02
   33   1 pi         -.1266922123740576E+01        0.19E-01       -0.21E-02        0.00E+00
   34   1 sigma      -.3312681494913911E+02        0.19E-01       -0.39E-03        0.00E+00
   34   2 sigma      -.2325942274311556E+01        0.20E-01       -0.13E-02        0.45E-03
   34   3 sigma      -.1278458706210300E+01        0.21E-01        0.75E-04        0.50E-02
   34   1 pi         -.1248890027712820E+01        0.18E-01       -0.18E-02        0.00E+00
   35   1 sigma      -.3310820739211928E+02        0.19E-01       -0.40E-03        0.00E+00
   35   2 sigma      -.2306542626423662E+01        0.19E-01       -0.10E-02        0.43E-03
   35   3 sigma      -.1257573512935849E+01        0.21E-01        0.43E-03        0.55E-02
   35   1 pi         -.1229237052538615E+01        0.20E-01       -0.18E-02        0.00E+00
   36   1 sigma      -.3308821461903371E+02        0.20E-01       -0.41E-03        0.00E+00
   36   2 sigma      -.2287697967393362E+01        0.19E-01       -0.77E-03        0.39E-03
   36   3 sigma      -.1237002627084124E+01        0.21E-01        0.74E-03        0.59E-02
   36   1 pi         -.1211915041393505E+01        0.17E-01       -0.13E-02        0.00E+00
   37   1 sigma      -.3307159006324366E+02        0.17E-01       -0.35E-03        0.00E+00
   37   2 sigma      -.2269725103728538E+01        0.18E-01       -0.52E-03        0.38E-03
   37   3 sigma      -.1217167098673071E+01        0.20E-01        0.10E-02        0.62E-02
   37   1 pi         -.1194119154257887E+01        0.18E-01       -0.12E-02        0.00E+00
   38   1 sigma      -.3305411845706746E+02        0.17E-01       -0.35E-03        0.00E+00
   38   2 sigma      -.2250317492286149E+01        0.19E-01       -0.56E-03        0.38E-03
   38   3 sigma      -.1195514435216795E+01        0.22E-01        0.99E-03        0.64E-02
   38   1 pi         -.1171464416265438E+01        0.23E-01       -0.17E-02        0.00E+00
   39   1 sigma      -.3303360205491945E+02        0.21E-01       -0.35E-03        0.00E+00
   39   2 sigma      -.2232623514084441E+01        0.18E-01       -0.26E-03        0.31E-03
   39   3 sigma      -.1177109349955105E+01        0.18E-01        0.14E-02        0.64E-02
   39   1 pi         -.1159797242058309E+01        0.12E-01       -0.13E-03        0.00E+00
   40   1 sigma      -.3302480184825299E+02        0.88E-02       -0.21E-03        0.00E+00
   40   2 sigma      -.2219191703405107E+01        0.13E-01        0.18E-03        0.29E-03
   40   3 sigma      -.1163043452737242E+01        0.14E-01        0.18E-02        0.65E-02
   40   1 pi         -.1145748491521376E+01        0.14E-01       -0.38E-03        0.00E+00
 ... multipole moment expansion coefficients recalculated ...
 ... writing functions to disk (current precision) ...
 total energy:    -0.1301113931868725E+03
   41   1 sigma      -.3301491227457696E+02        0.99E-02       -0.24E-03        0.00E+00
   41   2 sigma      -.2205671531444221E+01        0.14E-01        0.10E-03        0.27E-03
   41   3 sigma      -.1148689901888522E+01        0.14E-01        0.16E-02        0.64E-02
   41   1 pi         -.1131392396959438E+01        0.14E-01       -0.47E-03        0.00E+00
   42   1 sigma      -.3300653493507711E+02        0.84E-02       -0.23E-03        0.00E+00
   42   2 sigma      -.2192061363309730E+01        0.14E-01       -0.14E-05        0.26E-03
   42   3 sigma      -.1134436512579345E+01        0.14E-01        0.15E-02        0.63E-02
   42   1 pi         -.1117802015182509E+01        0.14E-01       -0.47E-03        0.00E+00
   43   1 sigma      -.3299965512968768E+02        0.69E-02       -0.22E-03        0.00E+00
   43   2 sigma      -.2179134458548344E+01        0.13E-01       -0.50E-04        0.24E-03
   43   3 sigma      -.1120970272496455E+01        0.13E-01        0.13E-02        0.62E-02
   43   1 pi         -.1105057762563314E+01        0.13E-01       -0.51E-03        0.00E+00
   44   1 sigma      -.3299365408214859E+02        0.60E-02       -0.20E-03        0.00E+00
   44   2 sigma      -.2167013175294366E+01        0.12E-01       -0.99E-04        0.22E-03
   44   3 sigma      -.1108328156872345E+01        0.13E-01        0.12E-02        0.62E-02
   44   1 pi         -.1093152885984427E+01        0.12E-01       -0.58E-03        0.00E+00
   45   1 sigma      -.3298803901767195E+02        0.56E-02       -0.19E-03        0.00E+00
   45   2 sigma      -.2155695938585083E+01        0.11E-01       -0.15E-03        0.19E-03
   45   3 sigma      -.1096471904258262E+01        0.12E-01        0.11E-02        0.61E-02
   45   1 pi         -.1082053360931408E+01        0.11E-01       -0.68E-03        0.00E+00
   46   1 sigma      -.3298246467803970E+02        0.56E-02       -0.16E-03        0.00E+00
   46   2 sigma      -.2145167354112418E+01        0.11E-01       -0.20E-03        0.17E-03
   46   3 sigma      -.1085360720641091E+01        0.11E-01        0.94E-03        0.60E-02
   46   1 pi         -.1071708925397838E+01        0.10E-01       -0.79E-03        0.00E+00
   47   1 sigma      -.3297671421512037E+02        0.58E-02       -0.15E-03        0.00E+00
   47   2 sigma      -.2135395979059906E+01        0.98E-02       -0.24E-03        0.14E-03
   47   3 sigma      -.1074942736872771E+01        0.10E-01        0.82E-03        0.60E-02
   47   1 pi         -.1062050432822495E+01        0.97E-02       -0.90E-03        0.00E+00
   48   1 sigma      -.3297064046658448E+02        0.61E-02       -0.13E-03        0.00E+00
   48   2 sigma      -.2126335613015979E+01        0.91E-02       -0.26E-03        0.10E-03
   48   3 sigma      -.1065152519887452E+01        0.98E-02        0.73E-03        0.59E-02
   48   1 pi         -.1052999170019261E+01        0.91E-02       -0.10E-02        0.00E+00
   49   1 sigma      -.3296414576750546E+02        0.65E-02       -0.12E-03        0.00E+00
   49   2 sigma      -.2117930291368515E+01        0.84E-02       -0.27E-03        0.75E-04
   49   3 sigma      -.1055921467145582E+01        0.92E-02        0.67E-03        0.59E-02
   49   1 pi         -.1044481980775691E+01        0.85E-02       -0.11E-02        0.00E+00
   50   1 sigma      -.3295719065940474E+02        0.70E-02       -0.12E-03        0.00E+00
   50   2 sigma      -.2110098234266886E+01        0.78E-02       -0.26E-03        0.49E-04
   50   3 sigma      -.1047168815537134E+01        0.88E-02        0.63E-03        0.59E-02
   50   1 pi         -.1036412812163201E+01        0.81E-02       -0.11E-02        0.00E+00
 ... multipole moment expansion coefficients recalculated ...
 ... writing functions to disk (current precision) ...
 total energy:    -0.1295027120955889E+03
   51   1 sigma      -.3294975939652232E+02        0.74E-02       -0.12E-03        0.00E+00
   51   2 sigma      -.2102759234755791E+01        0.73E-02       -0.24E-03        0.28E-04
   51   3 sigma      -.1038816703075947E+01        0.84E-02        0.62E-03        0.58E-02
   51   1 pi         -.1028719454622808E+01        0.77E-02       -0.12E-02        0.00E+00
   52   1 sigma      -.3294189504248508E+02        0.79E-02       -0.12E-03        0.00E+00
   52   2 sigma      -.2095830579017496E+01        0.69E-02       -0.20E-03        0.13E-04
   52   3 sigma      -.1030798018359933E+01        0.80E-02        0.64E-03        0.58E-02
   52   1 pi         -.1021336648736801E+01        0.74E-02       -0.11E-02        0.00E+00
   53   1 sigma      -.3293368106410050E+02        0.82E-02       -0.12E-03        0.00E+00
   53   2 sigma      -.2089233335410647E+01        0.66E-02       -0.15E-03        0.23E-05
   53   3 sigma      -.1023056367437043E+01        0.77E-02        0.68E-03        0.58E-02
   53   1 pi         -.1014210090827246E+01        0.71E-02       -0.11E-02        0.00E+00
   54   1 sigma      -.3292523623977865E+02        0.84E-02       -0.12E-03        0.00E+00
   54   2 sigma      -.2082897770516050E+01        0.63E-02       -0.83E-04        0.39E-05
   54   3 sigma      -.1015547618785114E+01        0.75E-02        0.73E-03        0.57E-02
   54   1 pi         -.1007297414078014E+01        0.69E-02       -0.10E-02        0.00E+00
   55   1 sigma      -.3291670554718974E+02        0.85E-02       -0.12E-03        0.00E+00
   55   2 sigma      -.2076766788540239E+01        0.61E-02       -0.14E-04        0.66E-05
   55   3 sigma      -.1008242799296630E+01        0.73E-02        0.79E-03        0.57E-02
   55   1 pi         -.1000570308988534E+01        0.67E-02       -0.97E-03        0.00E+00
   56   1 sigma      -.3290824756327717E+02        0.85E-02       -0.13E-03        0.00E+00
   56   2 sigma      -.2070811017473158E+01        0.60E-02        0.57E-04        0.65E-05
   56   3 sigma      -.1001159978527465E+01        0.71E-02        0.86E-03        0.56E-02
   56   1 pi         -.9940177497468685E+00        0.66E-02       -0.87E-03        0.00E+00
   57   1 sigma      -.3290002108205957E+02        0.82E-02       -0.13E-03        0.00E+00
   57   2 sigma      -.2065028722164895E+01        0.58E-02        0.13E-03        0.44E-05
   57   3 sigma      -.9943001481492661E+00        0.69E-02        0.93E-03        0.55E-02
   57   1 pi         -.9876908699232345E+00        0.63E-02       -0.76E-03        0.00E+00
   58   1 sigma      -.3289227687462778E+02        0.77E-02       -0.12E-03        0.00E+00
   58   2 sigma      -.2059395040821078E+01        0.56E-02        0.19E-03        0.14E-05
   58   3 sigma      -.9876149826641782E+00        0.67E-02        0.98E-03        0.54E-02
   58   1 pi         -.9815461619662980E+00        0.61E-02       -0.65E-03        0.00E+00
   59   1 sigma      -.3288504758954863E+02        0.72E-02       -0.12E-03        0.00E+00
   59   2 sigma      -.2053855137448789E+01        0.55E-02        0.25E-03        0.34E-05
   59   3 sigma      -.9810928684446480E+00        0.65E-02        0.10E-02        0.53E-02
   59   1 pi         -.9755341257085632E+00        0.60E-02       -0.55E-03        0.00E+00
   60   1 sigma      -.3287833994593832E+02        0.67E-02       -0.12E-03        0.00E+00
   60   2 sigma      -.2048399773457378E+01        0.55E-02        0.30E-03        0.92E-05
   60   3 sigma      -.9747721762309016E+00        0.63E-02        0.11E-02        0.52E-02
   60   1 pi         -.9696841737450281E+00        0.58E-02       -0.46E-03        0.00E+00
 ... multipole moment expansion coefficients recalculated ...
 ... writing functions to disk (current precision) ...
 total energy:    -0.1291737292437257E+03
   61   1 sigma      -.3287224417124823E+02        0.61E-02       -0.12E-03        0.00E+00
   61   2 sigma      -.2043056105853676E+01        0.53E-02        0.33E-03        0.14E-04
   61   3 sigma      -.9686726973270883E+00        0.61E-02        0.11E-02        0.50E-02
   61   1 pi         -.9640312058839093E+00        0.57E-02       -0.38E-03        0.00E+00
   62   1 sigma      -.3286679295390509E+02        0.55E-02       -0.11E-03        0.00E+00
   62   2 sigma      -.2037850279556789E+01        0.52E-02        0.36E-03        0.19E-04
   62   3 sigma      -.9628091752870773E+00        0.59E-02        0.11E-02        0.49E-02
   62   1 pi         -.9585962996927115E+00        0.54E-02       -0.31E-03        0.00E+00
   63   1 sigma      -.3286197583196954E+02        0.48E-02       -0.11E-03        0.00E+00
   63   2 sigma      -.2032805405706991E+01        0.50E-02        0.38E-03        0.21E-04
   63   3 sigma      -.9571982215503105E+00        0.56E-02        0.11E-02        0.48E-02
   63   1 pi         -.9533936488311685E+00        0.52E-02       -0.26E-03        0.00E+00
   64   1 sigma      -.3285775941926572E+02        0.42E-02       -0.99E-04        0.00E+00
   64   2 sigma      -.2027943080462125E+01        0.49E-02        0.39E-03        0.23E-04
   64   3 sigma      -.9518526685741566E+00        0.53E-02        0.11E-02        0.47E-02
   64   1 pi         -.9484345618007772E+00        0.50E-02       -0.22E-03        0.00E+00
   65   1 sigma      -.3285408791782758E+02        0.37E-02       -0.91E-04        0.00E+00
   65   2 sigma      -.2023283438441748E+01        0.47E-02        0.39E-03        0.22E-04
   65   3 sigma      -.9467804951646528E+00        0.51E-02        0.10E-02        0.45E-02
   65   1 pi         -.9437269269799611E+00        0.47E-02       -0.20E-03        0.00E+00
   66   1 sigma      -.3285088608889858E+02        0.32E-02       -0.84E-04        0.00E+00
   66   2 sigma      -.2018843466635623E+01        0.44E-02        0.38E-03        0.21E-04
   66   3 sigma      -.9419853892464385E+00        0.48E-02        0.98E-03        0.44E-02
   66   1 pi         -.9392746305918909E+00        0.45E-02       -0.19E-03        0.00E+00
   67   1 sigma      -.3284806751563008E+02        0.28E-02       -0.76E-04        0.00E+00
   67   2 sigma      -.2014636024558952E+01        0.42E-02        0.36E-03        0.17E-04
   67   3 sigma      -.9374669478420117E+00        0.45E-02        0.94E-03        0.43E-02
   67   1 pi         -.9350770853280341E+00        0.42E-02       -0.20E-03        0.00E+00
   68   1 sigma      -.3284554239093028E+02        0.25E-02       -0.69E-04        0.00E+00
   68   2 sigma      -.2010668703516428E+01        0.40E-02        0.34E-03        0.13E-04
   68   3 sigma      -.9332199730736406E+00        0.42E-02        0.89E-03        0.42E-02
   68   1 pi         -.9311293313887834E+00        0.39E-02       -0.21E-03        0.00E+00
   69   1 sigma      -.3284322384696537E+02        0.23E-02       -0.63E-04        0.00E+00
   69   2 sigma      -.2006943451223290E+01        0.37E-02        0.32E-03        0.76E-05
   69   3 sigma      -.9292343999327439E+00        0.40E-02        0.85E-03        0.41E-02
   69   1 pi         -.9274223910320920E+00        0.37E-02       -0.22E-03        0.00E+00
   70   1 sigma      -.3284103268312470E+02        0.22E-02       -0.57E-04        0.00E+00
   70   2 sigma      -.2003457393093360E+01        0.35E-02        0.30E-03        0.18E-05
   70   3 sigma      -.9254973062411533E+00        0.37E-02        0.80E-03        0.40E-02
   70   1 pi         -.9239433209989230E+00        0.35E-02       -0.25E-03        0.00E+00
 ... multipole moment expansion coefficients recalculated ...
 ... writing functions to disk (current precision) ...
 total energy:    -0.1289238201717022E+03
   71   1 sigma      -.3283889921260543E+02        0.21E-02       -0.53E-04        0.00E+00
   71   2 sigma      -.2000201828532015E+01        0.33E-02        0.28E-03        0.41E-05
   71   3 sigma      -.9219921769084429E+00        0.35E-02        0.76E-03        0.39E-02
   71   1 pi         -.9206770810740696E+00        0.33E-02       -0.27E-03        0.00E+00
   72   1 sigma      -.3283676814242795E+02        0.21E-02       -0.49E-04        0.00E+00
   72   2 sigma      -.1997163843658113E+01        0.30E-02        0.26E-03        0.98E-05
   72   3 sigma      -.9187004694144978E+00        0.33E-02        0.72E-03        0.38E-02
   72   1 pi         -.9176057939175184E+00        0.31E-02       -0.29E-03        0.00E+00
   73   1 sigma      -.3283459723392701E+02        0.22E-02       -0.46E-04        0.00E+00
   73   2 sigma      -.1994326770872370E+01        0.28E-02        0.25E-03        0.15E-04
   73   3 sigma      -.9156024504674676E+00        0.31E-02        0.69E-03        0.37E-02
   73   1 pi         -.9147105664915873E+00        0.29E-02       -0.30E-03        0.00E+00
   74   1 sigma      -.3283235959217924E+02        0.22E-02       -0.44E-04        0.00E+00
   74   2 sigma      -.1991671249525591E+01        0.27E-02        0.23E-03        0.20E-04
   74   3 sigma      -.9126776653475481E+00        0.29E-02        0.66E-03        0.36E-02
   74   1 pi         -.9119721233440767E+00        0.27E-02       -0.32E-03        0.00E+00
   75   1 sigma      -.3283004284050040E+02        0.23E-02       -0.42E-04        0.00E+00
   75   2 sigma      -.1989176555161473E+01        0.25E-02        0.23E-03        0.24E-04
   75   3 sigma      -.9099062420641424E+00        0.28E-02        0.64E-03        0.35E-02
   75   1 pi         -.9093719226196839E+00        0.26E-02       -0.32E-03        0.00E+00
   76   1 sigma      -.3282764808163643E+02        0.24E-02       -0.41E-04        0.00E+00
   76   2 sigma      -.1986821271159494E+01        0.24E-02        0.22E-03        0.26E-04
   76   3 sigma      -.9072696734058390E+00        0.26E-02        0.62E-03        0.34E-02
   76   1 pi         -.9068918195190019E+00        0.25E-02       -0.32E-03        0.00E+00
   77   1 sigma      -.3282518650293581E+02        0.25E-02       -0.41E-04        0.00E+00
   77   2 sigma      -.1984584674091645E+01        0.22E-02        0.22E-03        0.28E-04
   77   3 sigma      -.9047511953268632E+00        0.25E-02        0.61E-03        0.33E-02
   77   1 pi         -.9045167041943660E+00        0.24E-02       -0.32E-03        0.00E+00
   78   1 sigma      -.3282268104765355E+02        0.25E-02       -0.40E-04        0.00E+00
   78   2 sigma      -.1982447615824325E+01        0.21E-02        0.22E-03        0.29E-04
   78   3 sigma      -.9023356255941319E+00        0.24E-02        0.60E-03        0.33E-02
   78   1 pi         -.9022336304426126E+00        0.23E-02       -0.30E-03        0.00E+00
   79   1 sigma      -.3282016059639218E+02        0.25E-02       -0.40E-04        0.00E+00
   79   2 sigma      -.1980391970562650E+01        0.21E-02        0.23E-03        0.29E-04
   79   3 sigma      -.9000093293575979E+00        0.23E-02        0.59E-03        0.32E-02
   79   1 pi         -.9000291026567702E+00        0.22E-02       -0.29E-03        0.00E+00
   80   1 sigma      -.3281765231941101E+02        0.25E-02       -0.40E-04        0.00E+00
   80   2 sigma      -.1978403443786247E+01        0.20E-02        0.24E-03        0.29E-04
   80   3 sigma      -.8977634035311652E+00        0.22E-02        0.59E-03        0.31E-02
   80   1 pi         -.8978960790560517E+00        0.21E-02       -0.27E-03        0.00E+00
 ... multipole moment expansion coefficients recalculated ...
 ... writing functions to disk (current precision) ...
 total energy:    -0.1287893517392934E+03
   81   1 sigma      -.3281519160795845E+02        0.25E-02       -0.40E-04        0.00E+00
   81   2 sigma      -.1976471748111981E+01        0.19E-02        0.24E-03        0.27E-04
   81   3 sigma      -.8955916320251518E+00        0.22E-02        0.59E-03        0.30E-02
   81   1 pi         -.8958286617606337E+00        0.21E-02       -0.24E-03        0.00E+00
   82   1 sigma      -.3281281090586955E+02        0.24E-02       -0.40E-04        0.00E+00
   82   2 sigma      -.1974588986793194E+01        0.19E-02        0.25E-03        0.26E-04
   82   3 sigma      -.8934894429716866E+00        0.21E-02        0.59E-03        0.29E-02
   82   1 pi         -.8938234026207610E+00        0.20E-02       -0.22E-03        0.00E+00
   83   1 sigma      -.3281053903905818E+02        0.23E-02       -0.39E-04        0.00E+00
   83   2 sigma      -.1972750734101350E+01        0.18E-02        0.26E-03        0.24E-04
   83   3 sigma      -.8914547875018588E+00        0.20E-02        0.59E-03        0.29E-02
   83   1 pi         -.8918791721756616E+00        0.19E-02       -0.19E-03        0.00E+00
   84   1 sigma      -.3280840016161424E+02        0.21E-02       -0.38E-04        0.00E+00
   84   2 sigma      -.1970955292470373E+01        0.18E-02        0.27E-03        0.22E-04
   84   3 sigma      -.8894873467326008E+00        0.20E-02        0.58E-03        0.28E-02
   84   1 pi         -.8899964492512886E+00        0.19E-02       -0.17E-03        0.00E+00
   85   1 sigma      -.3280641247490101E+02        0.20E-02       -0.37E-04        0.00E+00
   85   2 sigma      -.1969203485907713E+01        0.18E-02        0.27E-03        0.20E-04
   85   3 sigma      -.8875882393446659E+00        0.19E-02        0.58E-03        0.27E-02
   85   1 pi         -.8881771367189231E+00        0.18E-02       -0.14E-03        0.00E+00
   86   1 sigma      -.3280458726688082E+02        0.18E-02       -0.36E-04        0.00E+00
   86   2 sigma      -.1967497625271422E+01        0.17E-02        0.27E-03        0.18E-04
   86   3 sigma      -.8857595981187298E+00        0.18E-02        0.57E-03        0.26E-02
   86   1 pi         -.8864233194255569E+00        0.18E-02       -0.12E-03        0.00E+00
   87   1 sigma      -.3280292751429891E+02        0.17E-02       -0.34E-04        0.00E+00
   87   2 sigma      -.1965841942830606E+01        0.17E-02        0.27E-03        0.16E-04
   87   3 sigma      -.8840046318403374E+00        0.18E-02        0.56E-03        0.25E-02
   87   1 pi         -.8847379858361002E+00        0.17E-02       -0.11E-03        0.00E+00
   88   1 sigma      -.3280143087442026E+02        0.15E-02       -0.32E-04        0.00E+00
   88   2 sigma      -.1964241095979231E+01        0.16E-02        0.27E-03        0.15E-04
   88   3 sigma      -.8823265517430645E+00        0.17E-02        0.55E-03        0.25E-02
   88   1 pi         -.8831240196162433E+00        0.16E-02       -0.92E-04        0.00E+00
   89   1 sigma      -.3280008944945889E+02        0.13E-02       -0.30E-04        0.00E+00
   89   2 sigma      -.1962698644277653E+01        0.15E-02        0.27E-03        0.14E-04
   89   3 sigma      -.8807265105158955E+00        0.16E-02        0.54E-03        0.24E-02
   89   1 pi         -.8815823259846169E+00        0.15E-02       -0.82E-04        0.00E+00
   90   1 sigma      -.3279888789671925E+02        0.12E-02       -0.28E-04        0.00E+00
   90   2 sigma      -.1961220308702996E+01        0.15E-02        0.26E-03        0.13E-04
   90   3 sigma      -.8792062478839409E+00        0.15E-02        0.52E-03        0.23E-02
   90   1 pi         -.8801153844601934E+00        0.15E-02       -0.75E-04        0.00E+00
 ... multipole moment expansion coefficients recalculated ...
 ... writing functions to disk (current precision) ...
 total energy:    -0.1286979267227602E+03
   91   1 sigma      -.3279781065148522E+02        0.11E-02       -0.26E-04        0.00E+00
   91   2 sigma      -.1959809291832535E+01        0.14E-02        0.25E-03        0.13E-04
   91   3 sigma      -.8777665987235928E+00        0.14E-02        0.50E-03        0.22E-02
   91   1 pi         -.8787235860387277E+00        0.14E-02       -0.72E-04        0.00E+00
   92   1 sigma      -.3279683775568104E+02        0.97E-03       -0.24E-04        0.00E+00
   92   2 sigma      -.1958467901827429E+01        0.13E-02        0.24E-03        0.13E-04
   92   3 sigma      -.8764069818134992E+00        0.14E-02        0.48E-03        0.22E-02
   92   1 pi         -.8774063166438353E+00        0.13E-02       -0.71E-04        0.00E+00
   93   1 sigma      -.3279594831956847E+02        0.89E-03       -0.22E-04        0.00E+00
   93   2 sigma      -.1957197661821288E+01        0.13E-02        0.23E-03        0.14E-04
   93   3 sigma      -.8751258031389639E+00        0.13E-02        0.46E-03        0.21E-02
   93   1 pi         -.8761621454651110E+00        0.12E-02       -0.73E-04        0.00E+00
   94   1 sigma      -.3279512202874256E+02        0.83E-03       -0.21E-04        0.00E+00
   94   2 sigma      -.1955998618907845E+01        0.12E-02        0.22E-03        0.15E-04
   94   3 sigma      -.8739203086093816E+00        0.12E-02        0.44E-03        0.20E-02
   94   1 pi         -.8749886761966295E+00        0.12E-02       -0.76E-04        0.00E+00
   95   1 sigma      -.3279433984214154E+02        0.78E-03       -0.19E-04        0.00E+00
   95   2 sigma      -.1954869701559131E+01        0.11E-02        0.21E-03        0.15E-04
   95   3 sigma      -.8727869585878221E+00        0.11E-02        0.43E-03        0.20E-02
   95   1 pi         -.8738827405789689E+00        0.11E-02       -0.80E-04        0.00E+00
   96   1 sigma      -.3279358500163296E+02        0.75E-03       -0.18E-04        0.00E+00
   96   2 sigma      -.1953808094933480E+01        0.11E-02        0.20E-03        0.16E-04
   96   3 sigma      -.8717214387275689E+00        0.11E-02        0.41E-03        0.19E-02
   96   1 pi         -.8728401299862139E+00        0.10E-02       -0.84E-04        0.00E+00
   97   1 sigma      -.3279284299573793E+02        0.74E-03       -0.17E-04        0.00E+00
   97   2 sigma      -.1952810602501799E+01        0.10E-02        0.19E-03        0.17E-04
   97   3 sigma      -.8707192145442590E+00        0.10E-02        0.39E-03        0.19E-02
   97   1 pi         -.8718563950730704E+00        0.98E-03       -0.88E-04        0.00E+00
   98   1 sigma      -.3279210333064843E+02        0.74E-03       -0.16E-04        0.00E+00
   98   2 sigma      -.1951872700620626E+01        0.94E-03        0.18E-03        0.18E-04
   98   3 sigma      -.8697752461276611E+00        0.94E-03        0.37E-03        0.18E-02
   98   1 pi         -.8709266349149019E+00        0.93E-03       -0.91E-04        0.00E+00
   99   1 sigma      -.3279135900790696E+02        0.74E-03       -0.15E-04        0.00E+00
   99   2 sigma      -.1950987952987523E+01        0.88E-03        0.18E-03        0.18E-04
   99   3 sigma      -.8688830867052673E+00        0.89E-03        0.36E-03        0.17E-02
   99   1 pi         -.8700449705500102E+00        0.88E-03       -0.93E-04        0.00E+00
  100   1 sigma      -.3279060502068721E+02        0.75E-03       -0.14E-04        0.00E+00
  100   2 sigma      -.1950152401330390E+01        0.84E-03        0.17E-03        0.19E-04
  100   3 sigma      -.8680376142418247E+00        0.85E-03        0.35E-03        0.17E-02
  100   1 pi         -.8692069068027894E+00        0.84E-03       -0.94E-04        0.00E+00
 ... multipole moment expansion coefficients recalculated ...
 ... writing functions to disk (current precision) ...
 total energy:    -0.1286397793148768E+03
  101   1 sigma      -.3278984158468074E+02        0.76E-03       -0.14E-04        0.00E+00
  101   2 sigma      -.1949359743884092E+01        0.79E-03        0.17E-03        0.19E-04
  101   3 sigma      -.8672337536631218E+00        0.80E-03        0.34E-03        0.16E-02
  101   1 pi         -.8684075584773634E+00        0.80E-03       -0.94E-04        0.00E+00
  102   1 sigma      -.3278907071406165E+02        0.77E-03       -0.14E-04        0.00E+00
  102   2 sigma      -.1948604321163916E+01        0.76E-03        0.16E-03        0.19E-04
  102   3 sigma      -.8664667552570009E+00        0.77E-03        0.33E-03        0.16E-02
  102   1 pi         -.8676426002824407E+00        0.76E-03       -0.92E-04        0.00E+00
  103   1 sigma      -.3278829682432588E+02        0.77E-03       -0.13E-04        0.00E+00
  103   2 sigma      -.1947881340268589E+01        0.72E-03        0.16E-03        0.19E-04
  103   3 sigma      -.8657326493755413E+00        0.73E-03        0.32E-03        0.15E-02
  103   1 pi         -.8669083733029019E+00        0.73E-03       -0.88E-04        0.00E+00
  104   1 sigma      -.3278752630009222E+02        0.77E-03       -0.13E-04        0.00E+00
  104   2 sigma      -.1947186412708003E+01        0.69E-03        0.16E-03        0.18E-04
  104   3 sigma      -.8650279515654002E+00        0.70E-03        0.31E-03        0.15E-02
  104   1 pi         -.8662017004639164E+00        0.71E-03       -0.83E-04        0.00E+00
  105   1 sigma      -.3278676640927343E+02        0.76E-03       -0.13E-04        0.00E+00
  105   2 sigma      -.1946515957766707E+01        0.67E-03        0.15E-03        0.18E-04
  105   3 sigma      -.8643499434405602E+00        0.68E-03        0.30E-03        0.15E-02
  105   1 pi         -.8655201540746713E+00        0.68E-03       -0.78E-04        0.00E+00
  106   1 sigma      -.3278602480642482E+02        0.74E-03       -0.13E-04        0.00E+00
  106   2 sigma      -.1945866770427079E+01        0.65E-03        0.15E-03        0.17E-04
  106   3 sigma      -.8636965995839176E+00        0.65E-03        0.30E-03        0.14E-02
  106   1 pi         -.8648618564840405E+00        0.66E-03       -0.71E-04        0.00E+00
  107   1 sigma      -.3278530863616621E+02        0.72E-03       -0.13E-04        0.00E+00
  107   2 sigma      -.1945237100008471E+01        0.63E-03        0.15E-03        0.17E-04
  107   3 sigma      -.8630668125759975E+00        0.63E-03        0.29E-03        0.14E-02
  107   1 pi         -.8642257114147487E+00        0.64E-03       -0.65E-04        0.00E+00
  108   1 sigma      -.3278462475834805E+02        0.68E-03       -0.12E-04        0.00E+00
  108   2 sigma      -.1944625502086497E+01        0.61E-03        0.15E-03        0.16E-04
  108   3 sigma      -.8624599350052584E+00        0.61E-03        0.29E-03        0.13E-02
  108   1 pi         -.8636110775763459E+00        0.61E-03       -0.58E-04        0.00E+00
  109   1 sigma      -.3278397887251808E+02        0.65E-03       -0.12E-04        0.00E+00
  109   2 sigma      -.1944030233738719E+01        0.60E-03        0.15E-03        0.15E-04
  109   3 sigma      -.8618748502993174E+00        0.59E-03        0.28E-03        0.13E-02
  109   1 pi         -.8630173286336937E+00        0.59E-03       -0.51E-04        0.00E+00
  110   1 sigma      -.3278337432811045E+02        0.60E-03       -0.12E-04        0.00E+00
  110   2 sigma      -.1943452685032439E+01        0.58E-03        0.15E-03        0.14E-04
  110   3 sigma      -.8613118328876439E+00        0.56E-03        0.27E-03        0.12E-02
  110   1 pi         -.8624448929571678E+00        0.57E-03       -0.45E-04        0.00E+00
 ... multipole moment expansion coefficients recalculated ...
 ... writing functions to disk (current precision) ...
 total energy:    -0.1286063925402369E+03
  111   1 sigma      -.3278281415532066E+02        0.56E-03       -0.11E-04        0.00E+00
  111   2 sigma      -.1942892526120017E+01        0.56E-03        0.15E-03        0.13E-04
  111   3 sigma      -.8607711586292961E+00        0.54E-03        0.27E-03        0.12E-02
  111   1 pi         -.8618940312578935E+00        0.55E-03       -0.40E-04        0.00E+00
  112   1 sigma      -.3278229906793392E+02        0.52E-03       -0.11E-04        0.00E+00
  112   2 sigma      -.1942350246218046E+01        0.54E-03        0.14E-03        0.13E-04
  112   3 sigma      -.8602530981622216E+00        0.52E-03        0.26E-03        0.12E-02
  112   1 pi         -.8613651462469871E+00        0.53E-03       -0.35E-04        0.00E+00
  113   1 sigma      -.3278182824153771E+02        0.47E-03       -0.10E-04        0.00E+00
  113   2 sigma      -.1941826889841057E+01        0.52E-03        0.14E-03        0.12E-04
  113   3 sigma      -.8597580555618194E+00        0.50E-03        0.25E-03        0.11E-02
  113   1 pi         -.8608586485310834E+00        0.51E-03       -0.31E-04        0.00E+00
  114   1 sigma      -.3278139947957749E+02        0.43E-03       -0.95E-05        0.00E+00
  114   2 sigma      -.1941323367832434E+01        0.50E-03        0.14E-03        0.12E-04
  114   3 sigma      -.8592862841640887E+00        0.47E-03        0.25E-03        0.11E-02
  114   1 pi         -.8603748494026604E+00        0.48E-03       -0.29E-04        0.00E+00
  115   1 sigma      -.3278100940224425E+02        0.39E-03       -0.89E-05        0.00E+00
  115   2 sigma      -.1940840630334478E+01        0.48E-03        0.13E-03        0.11E-04
  115   3 sigma      -.8588379369337655E+00        0.45E-03        0.24E-03        0.11E-02
  115   1 pi         -.8599139034413721E+00        0.46E-03       -0.27E-04        0.00E+00
  116   1 sigma      -.3278065369596318E+02        0.36E-03       -0.83E-05        0.00E+00
  116   2 sigma      -.1940379124083323E+01        0.46E-03        0.13E-03        0.11E-04
  116   3 sigma      -.8584130004155046E+00        0.42E-03        0.23E-03        0.10E-02
  116   1 pi         -.8594758830699227E+00        0.44E-03       -0.25E-04        0.00E+00
  117   1 sigma      -.3278032747028271E+02        0.33E-03       -0.78E-05        0.00E+00
  117   2 sigma      -.1939939705898443E+01        0.44E-03        0.12E-03        0.11E-04
  117   3 sigma      -.8580114373480985E+00        0.40E-03        0.22E-03        0.98E-03
  117   1 pi         -.8590604572798455E+00        0.42E-03       -0.25E-04        0.00E+00
  118   1 sigma      -.3278002558818146E+02        0.30E-03       -0.72E-05        0.00E+00
  118   2 sigma      -.1939522384905919E+01        0.42E-03        0.12E-03        0.11E-04
  118   3 sigma      -.8576327923873244E+00        0.38E-03        0.21E-03        0.95E-03
  118   1 pi         -.8586670306684923E+00        0.39E-03       -0.25E-04        0.00E+00
  119   1 sigma      -.3277974298121666E+02        0.28E-03       -0.67E-05        0.00E+00
  119   2 sigma      -.1939126102175912E+01        0.40E-03        0.11E-03        0.11E-04
  119   3 sigma      -.8572757150044374E+00        0.36E-03        0.21E-03        0.92E-03
  119   1 pi         -.8582947885112020E+00        0.37E-03       -0.25E-04        0.00E+00
  120   1 sigma      -.3277947469973636E+02        0.27E-03       -0.63E-05        0.00E+00
  120   2 sigma      -.1938751731265180E+01        0.37E-03        0.11E-03        0.11E-04
  120   3 sigma      -.8569394384637423E+00        0.34E-03        0.20E-03        0.89E-03
  120   1 pi         -.8579427530661814E+00        0.35E-03       -0.26E-04        0.00E+00
 ... multipole moment expansion coefficients recalculated ...
 ... writing functions to disk (current precision) ...
 total energy:    -0.1285830413125755E+03
  121   1 sigma      -.3277921656376424E+02        0.26E-03       -0.59E-05        0.00E+00
  121   2 sigma      -.1938397745123579E+01        0.35E-03        0.10E-03        0.11E-04
  121   3 sigma      -.8566227041887533E+00        0.32E-03        0.19E-03        0.86E-03
  121   1 pi         -.8576097543404959E+00        0.33E-03       -0.27E-04        0.00E+00
  122   1 sigma      -.3277896498968680E+02        0.25E-03       -0.55E-05        0.00E+00
  122   2 sigma      -.1938062947849049E+01        0.33E-03        0.10E-03        0.10E-04
  122   3 sigma      -.8563241040412581E+00        0.30E-03        0.18E-03        0.83E-03
  122   1 pi         -.8572944949199748E+00        0.32E-03       -0.27E-04        0.00E+00
  123   1 sigma      -.3277871716687739E+02        0.25E-03       -0.52E-05        0.00E+00
  123   2 sigma      -.1937746218036114E+01        0.32E-03        0.96E-04        0.10E-04
  123   3 sigma      -.8560422355793165E+00        0.28E-03        0.18E-03        0.80E-03
  123   1 pi         -.8569955980078063E+00        0.30E-03       -0.28E-04        0.00E+00
  124   1 sigma      -.3277847117285229E+02        0.25E-03       -0.50E-05        0.00E+00
  124   2 sigma      -.1937446138045972E+01        0.30E-03        0.93E-04        0.10E-04
  124   3 sigma      -.8557756141885307E+00        0.27E-03        0.17E-03        0.78E-03
  124   1 pi         -.8567116561359231E+00        0.28E-03       -0.28E-04        0.00E+00
  125   1 sigma      -.3277822593861704E+02        0.25E-03       -0.48E-05        0.00E+00
  125   2 sigma      -.1937161306159133E+01        0.28E-03        0.89E-04        0.10E-04
  125   3 sigma      -.8555228257570811E+00        0.25E-03        0.16E-03        0.75E-03
  125   1 pi         -.8564413290757837E+00        0.27E-03       -0.28E-04        0.00E+00
  126   1 sigma      -.3277798120746422E+02        0.24E-03       -0.46E-05        0.00E+00
  126   2 sigma      -.1936890061451269E+01        0.27E-03        0.87E-04        0.10E-04
  126   3 sigma      -.8552825299843114E+00        0.24E-03        0.16E-03        0.73E-03
  126   1 pi         -.8561833654334148E+00        0.26E-03       -0.28E-04        0.00E+00
  127   1 sigma      -.3277773734510084E+02        0.24E-03       -0.45E-05        0.00E+00
  127   2 sigma      -.1936631253600908E+01        0.26E-03        0.84E-04        0.10E-04
  127   3 sigma      -.8550536729831748E+00        0.23E-03        0.15E-03        0.71E-03
  127   1 pi         -.8559366100291648E+00        0.25E-03       -0.27E-04        0.00E+00
  128   1 sigma      -.3277749537080227E+02        0.24E-03       -0.44E-05        0.00E+00
  128   2 sigma      -.1936383489029057E+01        0.25E-03        0.82E-04        0.98E-05
  128   3 sigma      -.8548352484769506E+00        0.22E-03        0.15E-03        0.68E-03
  128   1 pi         -.8556999940842047E+00        0.24E-03       -0.26E-04        0.00E+00
  129   1 sigma      -.3277725670020068E+02        0.24E-03       -0.43E-05        0.00E+00
  129   2 sigma      -.1936144918781995E+01        0.24E-03        0.80E-04        0.96E-05
  129   3 sigma      -.8546259158559284E+00        0.21E-03        0.14E-03        0.66E-03
  129   1 pi         -.8554726004406668E+00        0.23E-03       -0.25E-04        0.00E+00
  130   1 sigma      -.3277702281133257E+02        0.23E-03       -0.42E-05        0.00E+00
  130   2 sigma      -.1935915573784804E+01        0.23E-03        0.78E-04        0.93E-05
  130   3 sigma      -.8544250926384578E+00        0.20E-03        0.14E-03        0.64E-03
  130   1 pi         -.8552537566810692E+00        0.22E-03       -0.23E-04        0.00E+00
 ... multipole moment expansion coefficients recalculated ...
 ... writing functions to disk (current precision) ...
 total energy:    -0.1285697636191713E+03
  131   1 sigma      -.3277679554351484E+02        0.23E-03       -0.41E-05        0.00E+00
  131   2 sigma      -.1935694104376630E+01        0.22E-03        0.76E-04        0.90E-05
  131   3 sigma      -.8542321655171659E+00        0.19E-03        0.14E-03        0.62E-03
  131   1 pi         -.8550428979942062E+00        0.21E-03       -0.21E-04        0.00E+00
  132   1 sigma      -.3277657654221454E+02        0.22E-03       -0.40E-05        0.00E+00
  132   2 sigma      -.1935479778856307E+01        0.21E-03        0.74E-04        0.86E-05
  132   3 sigma      -.8540466537253515E+00        0.19E-03        0.13E-03        0.60E-03
  132   1 pi         -.8548396438143779E+00        0.20E-03       -0.20E-04        0.00E+00
  133   1 sigma      -.3277636731020276E+02        0.21E-03       -0.39E-05        0.00E+00
  133   2 sigma      -.1935272278411777E+01        0.21E-03        0.73E-04        0.83E-05
  133   3 sigma      -.8538682771952484E+00        0.18E-03        0.13E-03        0.58E-03
  133   1 pi         -.8546437288375195E+00        0.20E-03       -0.18E-04        0.00E+00
  134   1 sigma      -.3277616907960547E+02        0.20E-03       -0.38E-05        0.00E+00
  134   2 sigma      -.1935071330455918E+01        0.20E-03        0.71E-04        0.79E-05
  134   3 sigma      -.8536968323668770E+00        0.17E-03        0.13E-03        0.56E-03
  134   1 pi         -.8544549898175831E+00        0.19E-03       -0.16E-04        0.00E+00
  135   1 sigma      -.3277598274278930E+02        0.19E-03       -0.36E-05        0.00E+00
  135   2 sigma      -.1934876869120346E+01        0.19E-03        0.69E-04        0.76E-05
  135   3 sigma      -.8535322349239731E+00        0.16E-03        0.12E-03        0.54E-03
  135   1 pi         -.8542733629898542E+00        0.18E-03       -0.14E-04        0.00E+00
  136   1 sigma      -.3277580880525625E+02        0.17E-03       -0.35E-05        0.00E+00
  136   2 sigma      -.1934688753411933E+01        0.19E-03        0.68E-04        0.73E-05
  136   3 sigma      -.8533744681826949E+00        0.16E-03        0.12E-03        0.52E-03
  136   1 pi         -.8540988876450388E+00        0.17E-03       -0.13E-04        0.00E+00
  137   1 sigma      -.3277564738824648E+02        0.16E-03       -0.33E-05        0.00E+00
  137   2 sigma      -.1934507288926481E+01        0.18E-03        0.66E-04        0.70E-05
  137   3 sigma      -.8532236824808983E+00        0.15E-03        0.12E-03        0.50E-03
  137   1 pi         -.8539315677000854E+00        0.17E-03       -0.12E-04        0.00E+00
  138   1 sigma      -.3277549823318294E+02        0.15E-03       -0.32E-05        0.00E+00
  138   2 sigma      -.1934332530077032E+01        0.17E-03        0.64E-04        0.67E-05
  138   3 sigma      -.8530799539035190E+00        0.14E-03        0.11E-03        0.49E-03
  138   1 pi         -.8537713686966839E+00        0.16E-03       -0.11E-04        0.00E+00
  139   1 sigma      -.3277536073506657E+02        0.14E-03       -0.30E-05        0.00E+00
  139   2 sigma      -.1934164108521783E+01        0.17E-03        0.62E-04        0.65E-05
  139   3 sigma      -.8529430014341859E+00        0.14E-03        0.11E-03        0.47E-03
  139   1 pi         -.8536183422049959E+00        0.15E-03       -0.98E-05        0.00E+00
  140   1 sigma      -.3277523402271636E+02        0.13E-03       -0.28E-05        0.00E+00
  140   2 sigma      -.1934002986769253E+01        0.16E-03        0.60E-04        0.63E-05
  140   3 sigma      -.8528129420834194E+00        0.13E-03        0.10E-03        0.45E-03
  140   1 pi         -.8534724035227121E+00        0.15E-03       -0.92E-05        0.00E+00
 ... multipole moment expansion coefficients recalculated ...
 ... writing functions to disk (current precision) ...
 total energy:    -0.1285610927907499E+03
  141   1 sigma      -.3277511698816377E+02        0.12E-03       -0.27E-05        0.00E+00
  141   2 sigma      -.1933848793124580E+01        0.15E-03        0.58E-04        0.61E-05
  141   3 sigma      -.8526896673995612E+00        0.12E-03        0.10E-03        0.44E-03
  141   1 pi         -.8533334633457752E+00        0.14E-03       -0.88E-05        0.00E+00
  142   1 sigma      -.3277500839375553E+02        0.11E-03       -0.25E-05        0.00E+00
  142   2 sigma      -.1933701480978609E+01        0.15E-03        0.56E-04        0.59E-05
  142   3 sigma      -.8525730174706769E+00        0.12E-03        0.97E-04        0.42E-03
  142   1 pi         -.8532013986061084E+00        0.13E-03       -0.86E-05        0.00E+00
  143   1 sigma      -.3277490695312776E+02        0.10E-03       -0.23E-05        0.00E+00
  143   2 sigma      -.1933561102970346E+01        0.14E-03        0.54E-04        0.58E-05
  143   3 sigma      -.8524628208218505E+00        0.11E-03        0.94E-04        0.41E-03
  143   1 pi         -.8530760137714619E+00        0.13E-03       -0.85E-05        0.00E+00
  144   1 sigma      -.3277481138728939E+02        0.96E-04       -0.22E-05        0.00E+00
  144   2 sigma      -.1933427540283560E+01        0.13E-03        0.52E-04        0.57E-05
  144   3 sigma      -.8523588167994713E+00        0.10E-03        0.90E-04        0.40E-03
  144   1 pi         -.8529570523823011E+00        0.12E-03       -0.85E-05        0.00E+00
  145   1 sigma      -.3277472049088811E+02        0.91E-04       -0.21E-05        0.00E+00
  145   2 sigma      -.1933300648248620E+01        0.13E-03        0.50E-04        0.56E-05
  145   3 sigma      -.8522607133037585E+00        0.98E-04        0.87E-04        0.38E-03
  145   1 pi         -.8528442170007757E+00        0.11E-03       -0.85E-05        0.00E+00
  146   1 sigma      -.3277463318069110E+02        0.87E-04       -0.19E-05        0.00E+00
  146   2 sigma      -.1933180068888280E+01        0.12E-03        0.48E-04        0.55E-05
  146   3 sigma      -.8521681803959495E+00        0.93E-04        0.84E-04        0.37E-03
  146   1 pi         -.8527372153373349E+00        0.11E-03       -0.86E-05        0.00E+00
  147   1 sigma      -.3277454856180489E+02        0.85E-04       -0.18E-05        0.00E+00
  147   2 sigma      -.1933065660366722E+01        0.11E-03        0.46E-04        0.54E-05
  147   3 sigma      -.8520809540372714E+00        0.87E-04        0.81E-04        0.36E-03
  147   1 pi         -.8526356718968842E+00        0.10E-03       -0.86E-05        0.00E+00
  148   1 sigma      -.3277446591517092E+02        0.83E-04       -0.17E-05        0.00E+00
  148   2 sigma      -.1932957012112292E+01        0.11E-03        0.45E-04        0.53E-05
  148   3 sigma      -.8519986913634199E+00        0.82E-04        0.78E-04        0.34E-03
  148   1 pi         -.8525391633691815E+00        0.97E-04       -0.87E-05        0.00E+00
  149   1 sigma      -.3277438471957080E+02        0.81E-04       -0.17E-05        0.00E+00
  149   2 sigma      -.1932853357022909E+01        0.10E-03        0.43E-04        0.52E-05
  149   3 sigma      -.8519208007884504E+00        0.78E-04        0.75E-04        0.33E-03
  149   1 pi         -.8524473631129545E+00        0.92E-04       -0.87E-05        0.00E+00
  150   1 sigma      -.3277430470409278E+02        0.80E-04       -0.16E-05        0.00E+00
  150   2 sigma      -.1932754917365985E+01        0.98E-04        0.42E-04        0.50E-05
  150   3 sigma      -.8518470090518804E+00        0.74E-04        0.72E-04        0.32E-03
  150   1 pi         -.8523598486936788E+00        0.88E-04       -0.86E-05        0.00E+00
 ... multipole moment expansion coefficients recalculated ...
 ... writing functions to disk (current precision) ...
 total energy:    -0.1285556482086975E+03
  151   1 sigma      -.3277422572463371E+02        0.79E-04       -0.15E-05        0.00E+00
  151   2 sigma      -.1932660943856876E+01        0.94E-04        0.40E-04        0.49E-05
  151   3 sigma      -.8517769288321890E+00        0.70E-04        0.70E-04        0.31E-03
  151   1 pi         -.8522762638394870E+00        0.84E-04       -0.84E-05        0.00E+00
           
 ... orbital energy threshold reached ...
 ... writing functions to disk (current precision) ...

 total energy:                 -0.1285552593942017E+03
 total electronic energy:      -0.1285552593942017E+03
 virial ratio:                 -0.2000073374296689E+01

 total energy contributions: 
     nuclear-electron attraction energy =    -311.131620291108
     kinetic energy                     =     128.545827434501
     one electron energy                =    -182.585792856607
     coulomb energy                     =      56.137940409918
     exchange energy                    =      -2.107406947493
     nuclear repulsion energy           =       0.000000000000
     coulomb energy (DFT)               =      66.137943523046
     exchange energy (DFT)              =     -12.107410060621
     correlation energy (DFT)           =       0.000000000000

       orbital               energy                     1-norm
   1 pi             -0.8522762638394870E+00            0.84E-05
   3 sigma          -0.8517769288321890E+00           -0.70E-04
   2 sigma          -0.1932660943856876E+01           -0.40E-04
   1 sigma          -0.3277422572463371E+02            0.15E-05


 total energy uncertainty due to orbital norms not being equal 1:
     absolute = +/-0.11E-02,  relative = +/-0.87E-03%

 multipole moments relative to geometrical centre:

                                    electronic (au/Debye-Ang^k)   total (au/Debye-Ang^k)
     dipole (Mu_z, k=1)                0.1000192739300997E+02      0.1927393009971468E-02
                                       0.2542254898009399E+02      0.4898980093990127E-02

     quadrupole (Theta_zz, k=2)       -0.1000399891651957E+02     -0.3998916519572404E-02
                                      -0.1345582082255699E+02     -0.5378719512141823E-02

     octopole (Omega_zzz, k=3)         0.1000777727696908E+02      0.7777276969083147E-02
                                       0.7123203557425098E+01      0.5535607502051777E-02

     hexadecapole (Phi_zzzz, k=4)     -0.1001433266035995E+02     -0.1433266035994762E-01
                                      -0.3771906352947672E+01     -0.5398407911924164E-02


 multipole moments relative to centre of mass:

      centre     atomic weight       z
        Ne       19.99243560      -1.0000
                  0.00000000       1.0000
  centre-of-mass              -1.00000000000000


                                    electronic (au/Debye-Ang^k)   total (au/Debye-Ang^k)
     dipole (Mu_z, k=1)                0.1867682945511932E-02      0.1867682945511932E-02
                                       0.4747211141999135E-02      0.4747211141999135E-02

     quadrupole (Theta_zz, k=2)       -0.1386253312017526E-03     -0.1386253312017526E-03
                                      -0.1864571991344589E-03     -0.1864571991344589E-03

     octopole (Omega_zzz, k=3)         0.1513898273788944E-02      0.1513898273788944E-02
                                       0.1077542522279139E-02      0.1077542522279139E-02

     hexadecapole (Phi_zzzz, k=4)      0.4734719852041811E-03      0.4734719852041811E-03
                                       0.1783335994023396E-03      0.1783335994023396E-03

////////////////////////////////////////////////////////////////////////////////////////////////

 cpu summary (sec):
    Lagrange multipliers                       3.22
    normalization+orthogonalization            0.52
    multipole moments                          0.78
    relaxation of orb. and pot.               58.47
    total energy                               1.27
    all SCF iterations                        62.99
    single SCF iteration                       0.42



 start: 2019/08/21  20:33:00.23                                                         
 stop:  2019/08/21  20:34:04.76                                                         

////////////////////////////////////////////////////////////////////////////////////////////////

Linux scobie 5.1.21-200.fc29.x86_64 x86_64 x86_64 GNU/Linux
Intell(R) Core(TM) i5-4200U CPU @ 1.60GHz

////////////////////////////////////////////////////////////////////////////////////////////////
