
////////////////////////////////////////////////////////////////////////////////////////////////



                         FINITE DIFFERENCE 2D HARTREE-FOCK  (version 2.1)



////////////////////////////////////////////////////////////////////////////////////////////////

 ... start of input data ...
  title Ne   R = 2.0                                                              
  method hf                                                                       
  nuclei  10.0  0.0  2.0                                                          
  config  0                                                                       
  1 pi                                                                            
  2 sigma                                                                         
  1 sigma   end                                                                   
  grid 269 30.0                                                                   
  orbpot lda                                                                      
  scf 3000 10 2 8 1                                                               
  fixorb                                                                          
  stop                                                                            
 ... end of input data ...
 

   molecular system: 

          Ne(10.00)      ( 0.00)   R =  2.00000 bohr = 1.05835 angstroms

   method: HF

   electronic configuration:

           1  pi         + - + - 
           3  sigma      + - 
           2  sigma      + - 
           1  sigma      + - 


          total charge            =   0
          number of
              electrons           =  10
              orbitals            =   4
              Coulomb potentials  =   4
              exchange potentials =   7

   grid:
          nu (h_nu)  =  265  (0.01190)
          mu (h_mu)  =  349  (0.01176)
          R_infinity =   30.00

   scf: 
          thresholds
              scf iterations           =   3000
              orbital energy           = 1.00E- 2
              orbital norm             = 1.00E- 8
              multipole moments recalc = 1.15E+00

          orbitals are kept frozen
          Coulomb potentials are relaxed
          exchange potential for each pair of orbitals is relaxed once per single scf iteration

          multipole expansion coefficients =  4

   (mc)sor:
          sor method used for relaxing orbitals and potentials
          ordering: middle 

                            (mc)sor iterations
                            orbital  potentials
             1 pi              10        10
             3 sigma           10        10
             2 sigma           10        10
             1 sigma           10        10

          overrelaxation parameters:   orbitals       potentials 
                                        1.847       1.884   1.884

   machine accuracy      =    0.11E-15

   constants: 
               pi        =    0.3141592653589793E+01
               bohr      =    0.5291772490000000E+00 angstroms


   memory usage:
          text+data                                      0.9 MB 
          bss (common block contributions)              96.9 MB
          dynamical allocation                          36.3 MB 
              orbitals + Coulomb potentials              5.0 MB
              exchange potentials                        4.0 MB

////////////////////////////////////////////////////////////////////////////////////////////////

 ... initializing molecular orbitals from LDA functions ...
Asigma iorb,co1,co2,eh,n,l   4   1.0   0.0    -30.2347    1    0
Asigma iorb,co1,co2,eh,n,l   3   1.0   0.0     -1.2660    2    0
Asigma iorb,co1,co2,eh,n,l   2   1.0   0.0     -0.4431    2    1

Api    iorb,co1,co2,eh,n,l   1   1.0   0.0     -0.4431    2    1



 ... initializing Coulomb potentials (effective_coulomb_charge) ...
 ... initializing exchange potentials ...
 ... initializing multipole moment coefficients ...
 ... initializing Lagrange multipliers ...

 total energy:                 -0.1112567480108963E+03
 total electronic energy:      -0.1112567480108963E+03
 virial ratio:                 -0.1872697217422602E+01

   scf  orbital              energy              energy diff        1-norm         overlap
    1   1 sigma      0.9131748091580434E+01        0.25E-01       -0.10E+01        0.00E+00
    1   2 sigma      0.3096579481065310E+01       -0.55E-01       -0.10E+01        0.00E+00
    1   3 sigma      0.4897223044365010E+01       -0.91E-01       -0.10E+01        0.00E+00
    1   1 pi         0.1443303719543110E+01        0.20E+00       -0.10E+01        0.00E+00
    2   1 sigma      0.6340642471326618E+01       -0.28E+01       -0.10E+01        0.00E+00
    2   2 sigma      0.2971468931780826E+01       -0.13E+00       -0.10E+01        0.00E+00
    2   3 sigma      0.4701572808555177E+01       -0.20E+00       -0.10E+01        0.00E+00
    2   1 pi         0.1625211540407372E+01        0.18E+00       -0.10E+01        0.00E+00
    3   1 sigma      0.3701596798800132E+01       -0.26E+01       -0.10E+01        0.00E+00
    3   2 sigma      0.2790540622880108E+01       -0.18E+00       -0.10E+01        0.00E+00
    3   3 sigma      0.4506043290824516E+01       -0.20E+00       -0.10E+01        0.00E+00
    3   1 pi         0.1779468020242703E+01        0.15E+00       -0.10E+01        0.00E+00
    4   1 sigma      0.1208524646803873E+01       -0.25E+01       -0.10E+01        0.00E+00
    4   2 sigma      0.2573020641939703E+01       -0.22E+00       -0.10E+01        0.00E+00
    4   3 sigma      0.4314050807652384E+01       -0.19E+00       -0.10E+01        0.00E+00
    4   1 pi         0.1901612259960828E+01        0.12E+00       -0.10E+01        0.00E+00
    5   1 sigma      -.1127935982594529E+01       -0.23E+01       -0.10E+01        0.00E+00
    5   2 sigma      0.2344457026908708E+01       -0.23E+00       -0.10E+01        0.00E+00
    5   3 sigma      0.4126492819653189E+01       -0.19E+00       -0.10E+01        0.00E+00
    5   1 pi         0.1991250228090649E+01        0.90E-01       -0.10E+01        0.00E+00
    6   1 sigma      -.3295441233991660E+01       -0.22E+01       -0.10E+01        0.00E+00
    6   2 sigma      0.2125140593574617E+01       -0.22E+00       -0.10E+01        0.00E+00
    6   3 sigma      0.3943405958530954E+01       -0.18E+00       -0.10E+01        0.00E+00
    6   1 pi         0.2049929177969570E+01        0.59E-01       -0.10E+01        0.00E+00
    7   1 sigma      -.5290773830562401E+01       -0.20E+01       -0.10E+01        0.00E+00
    7   2 sigma      0.1926264098920264E+01       -0.20E+00       -0.10E+01        0.00E+00
    7   3 sigma      0.3764599079466437E+01       -0.18E+00       -0.10E+01        0.00E+00
    7   1 pi         0.2080575069904580E+01        0.31E-01       -0.10E+01        0.00E+00
    8   1 sigma      -.7119898997084483E+01       -0.18E+01       -0.10E+01        0.00E+00
    8   2 sigma      0.1751003699926683E+01       -0.18E+00       -0.10E+01        0.00E+00
    8   3 sigma      0.3589904287426597E+01       -0.17E+00       -0.10E+01        0.00E+00
    8   1 pi         0.2087031530820385E+01        0.65E-02       -0.10E+01        0.00E+00
    9   1 sigma      -.8793830856391523E+01       -0.17E+01       -0.10E+01        0.00E+00
    9   2 sigma      0.1597359247578988E+01       -0.15E+00       -0.10E+01        0.00E+00
    9   3 sigma      0.3419215494368041E+01       -0.17E+00       -0.10E+01        0.00E+00
    9   1 pi         0.2073322071644501E+01       -0.14E-01       -0.10E+01        0.00E+00
   10   1 sigma      -.1032574576633326E+02       -0.15E+01       -0.10E+01        0.00E+00
   10   2 sigma      0.1461075634763514E+01       -0.14E+00       -0.10E+01        0.00E+00
   10   3 sigma      0.3252467839604245E+01       -0.17E+00       -0.10E+01        0.00E+00
   10   1 pi         0.2043124745232429E+01       -0.30E-01       -0.10E+01        0.00E+00
 ... multipole moment expansion coefficients recalculated ...
 ... writing functions to disk (current precision) ...
 total energy:    -0.1138097174787821E+03
   11   1 sigma      -.1172938206405886E+02       -0.14E+01       -0.10E+01        0.00E+00
   11   2 sigma      0.1337656465704011E+01       -0.12E+00       -0.10E+01        0.00E+00
   11   3 sigma      0.3089629716764257E+01       -0.16E+00       -0.10E+01        0.00E+00
   11   1 pi         0.1999600082043862E+01       -0.44E-01       -0.10E+01        0.00E+00
   12   1 sigma      -.1301799171109666E+02       -0.13E+01       -0.10E+01        0.00E+00
   12   2 sigma      0.1223302266996276E+01       -0.11E+00       -0.10E+01        0.00E+00
   12   3 sigma      0.2930702837897092E+01       -0.16E+00       -0.10E+01        0.00E+00
   12   1 pi         0.1945402287562022E+01       -0.54E-01       -0.10E+01        0.00E+00
   13   1 sigma      -.1420371691290953E+02       -0.12E+01       -0.10E+01        0.00E+00
   13   2 sigma      0.1115135613306355E+01       -0.11E+00       -0.10E+01        0.00E+00
   13   3 sigma      0.2775714977534465E+01       -0.15E+00       -0.10E+01        0.00E+00
   13   1 pi         0.1882740458498569E+01       -0.63E-01       -0.10E+01        0.00E+00
   14   1 sigma      -.1529736046871686E+02       -0.11E+01       -0.10E+01        0.00E+00
   14   2 sigma      0.1011119793910087E+01       -0.10E+00       -0.10E+01        0.00E+00
   14   3 sigma      0.2624703262599574E+01       -0.15E+00       -0.10E+01        0.00E+00
   14   1 pi         0.1813446839122516E+01       -0.69E-01       -0.10E+01        0.00E+00
   15   1 sigma      -.1630840519424428E+02       -0.10E+01       -0.10E+01        0.00E+00
   15   2 sigma      0.9098907056878272E+00       -0.10E+00       -0.10E+01        0.00E+00
   15   3 sigma      0.2477700121041190E+01       -0.15E+00       -0.10E+01        0.00E+00
   15   1 pi         0.1739040459399366E+01       -0.74E-01       -0.10E+01        0.00E+00
   16   1 sigma      -.1724514018159828E+02       -0.94E+00       -0.10E+01        0.00E+00
   16   2 sigma      0.8105869753838508E+00       -0.99E-01       -0.10E+01        0.00E+00
   16   3 sigma      0.2334726200226775E+01       -0.14E+00       -0.10E+01        0.00E+00
   16   1 pi         0.1660781643509031E+01       -0.78E-01       -0.10E+01        0.00E+00
   17   1 sigma      -.1811481392871611E+02       -0.87E+00       -0.10E+01        0.00E+00
   17   2 sigma      0.7127050439206091E+00       -0.98E-01       -0.10E+01        0.00E+00
   17   3 sigma      0.2195787922833018E+01       -0.14E+00       -0.10E+01        0.00E+00
   17   1 pi         0.1579716869648873E+01       -0.81E-01       -0.10E+01        0.00E+00
   18   1 sigma      -.1892378095701699E+02       -0.81E+00       -0.10E+01        0.00E+00
   18   2 sigma      0.6159858408930940E+00       -0.97E-01       -0.10E+01        0.00E+00
   18   3 sigma      0.2060876982686837E+01       -0.13E+00       -0.10E+01        0.00E+00
   18   1 pi         0.1496715244422733E+01       -0.83E-01       -0.10E+01        0.00E+00
   19   1 sigma      -.1967763116431996E+02       -0.75E+00       -0.10E+01        0.00E+00
   19   2 sigma      0.5203310465570077E+00       -0.96E-01       -0.10E+01        0.00E+00
   19   3 sigma      0.1929970615068751E+01       -0.13E+00       -0.10E+01        0.00E+00
   19   1 pi         0.1412498183219448E+01       -0.84E-01       -0.10E+01        0.00E+00
   20   1 sigma      -.2038130017875658E+02       -0.70E+00       -0.10E+01        0.00E+00
   20   2 sigma      0.4257434208606909E+00       -0.95E-01       -0.10E+01        0.00E+00
   20   3 sigma      0.1803032377152141E+01       -0.13E+00       -0.10E+01        0.00E+00
   20   1 pi         0.1327663648748874E+01       -0.85E-01       -0.10E+01        0.00E+00
 ... multipole moment expansion coefficients recalculated ...
 ... writing functions to disk (current precision) ...
 total energy:    -0.1188368261825908E+03
   21   1 sigma      -.2103916224760424E+02       -0.66E+00       -0.10E+01        0.00E+00
   21   2 sigma      0.3322853116667943E+00       -0.93E-01       -0.10E+01        0.00E+00
   21   3 sigma      0.1680013333498158E+01       -0.12E+00       -0.10E+01        0.00E+00
   21   1 pi         0.1242706220333766E+01       -0.85E-01       -0.10E+01        0.00E+00
   22   1 sigma      -.2165510811454437E+02       -0.62E+00       -0.10E+01        0.00E+00
   22   2 sigma      0.2400506532309024E+00       -0.92E-01       -0.10E+01        0.00E+00
   22   3 sigma      0.1560853703595077E+01       -0.12E+00       -0.10E+01        0.00E+00
   22   1 pi         0.1158033718839857E+01       -0.85E-01       -0.10E+01        0.00E+00
   23   1 sigma      -.2223261035215550E+02       -0.58E+00       -0.10E+01        0.00E+00
   23   2 sigma      0.1491464547425068E+00       -0.91E-01       -0.10E+01        0.00E+00
   23   3 sigma      0.1445484457895217E+01       -0.12E+00       -0.10E+01        0.00E+00
   23   1 pi         0.1073981075136649E+01       -0.84E-01       -0.10E+01        0.00E+00
   24   1 sigma      -.2277477833174714E+02       -0.54E+00       -0.10E+01        0.00E+00
   24   2 sigma      0.5968090823724737E-01       -0.89E-01       -0.10E+01        0.00E+00
   24   3 sigma      0.1333828916144391E+01       -0.11E+00       -0.10E+01        0.00E+00
   24   1 pi         0.9908219264130622E+00       -0.83E-01       -0.10E+01        0.00E+00
   25   1 sigma      -.2328440465876197E+02       -0.51E+00       -0.10E+01        0.00E+00
   25   2 sigma      -.2824399158039093E-01       -0.88E-01       -0.10E+01        0.00E+00
   25   3 sigma      0.1225804230900350E+01       -0.11E+00       -0.10E+01        0.00E+00
   25   1 pi         0.9087783643176657E+00       -0.82E-01       -0.10E+01        0.00E+00
   26   1 sigma      -.2376400457411413E+02       -0.48E+00       -0.10E+01        0.00E+00
   26   2 sigma      -.1145366685054245E+00       -0.86E-01       -0.10E+01        0.00E+00
   26   3 sigma      0.1121322789942889E+01       -0.10E+00       -0.10E+01        0.00E+00
   26   1 pi         0.8280290982554739E+00       -0.81E-01       -0.10E+01        0.00E+00
   27   1 sigma      -.2421584954059438E+02       -0.45E+00       -0.10E+01        0.00E+00
   27   2 sigma      -.1991181092118897E+00       -0.85E-01       -0.10E+01        0.00E+00
   27   3 sigma      0.1020293452514279E+01       -0.10E+00       -0.10E+01        0.00E+00
   27   1 pi         0.7487163238477308E+00       -0.79E-01       -0.10E+01        0.00E+00
   28   1 sigma      -.2464199600226027E+02       -0.43E+00       -0.10E+01        0.00E+00
   28   2 sigma      -.2819226346529540E+00       -0.83E-01       -0.10E+01        0.00E+00
   28   3 sigma      0.9226226393029133E+00       -0.98E-01       -0.10E+01        0.00E+00
   28   1 pi         0.6709515006030760E+00       -0.78E-01       -0.10E+01        0.00E+00
   29   1 sigma      -.2504431011832236E+02       -0.40E+00       -0.10E+01        0.00E+00
   29   2 sigma      -.3628978024738441E+00       -0.81E-01       -0.10E+01        0.00E+00
   29   3 sigma      0.8282152695898439E+00       -0.94E-01       -0.10E+01        0.00E+00
   29   1 pi         0.5948202202861843E+00       -0.76E-01       -0.10E+01        0.00E+00
   30   1 sigma      -.2542448912385183E+02       -0.38E+00       -0.10E+01        0.00E+00
   30   2 sigma      -.4420037788338789E+00       -0.79E-01       -0.10E+01        0.00E+00
   30   3 sigma      0.7369755570588232E+00       -0.91E-01       -0.10E+01        0.00E+00
   30   1 pi         0.5203863141820335E+00       -0.74E-01       -0.10E+01        0.00E+00
 ... multipole moment expansion coefficients recalculated ...
 ... writing functions to disk (current precision) ...
 total energy:    -0.1230291448382900E+03
   31   1 sigma      -.2578407985040909E+02       -0.36E+00       -0.10E+01        0.00E+00
   31   2 sigma      -.5192124083352567E+00       -0.77E-01       -0.10E+01        0.00E+00
   31   3 sigma      0.6488076771838518E+00       -0.88E-01       -0.10E+01        0.00E+00
   31   1 pi         0.4476953231635594E+00       -0.73E-01       -0.10E+01        0.00E+00
   32   1 sigma      -.2612449484433817E+02       -0.34E+00       -0.10E+01        0.00E+00
   32   2 sigma      -.5945061340150399E+00       -0.75E-01       -0.10E+01        0.00E+00
   32   3 sigma      0.5636163207067710E+00       -0.85E-01       -0.10E+01        0.00E+00
   32   1 pi         0.3767774332777698E+00       -0.71E-01       -0.10E+01        0.00E+00
   33   1 sigma      -.2644702644389502E+02       -0.32E+00       -0.10E+01        0.00E+00
   33   2 sigma      -.6678768663199488E+00       -0.73E-01       -0.10E+01        0.00E+00
   33   3 sigma      0.4813071477774251E+00       -0.82E-01       -0.10E+01        0.00E+00
   33   1 pi         0.3076499622345512E+00       -0.69E-01       -0.10E+01        0.00E+00
   34   1 sigma      -.2675285911468946E+02       -0.31E+00       -0.10E+01        0.00E+00
   34   2 sigma      -.7393248638900829E+00       -0.71E-01       -0.10E+01        0.00E+00
   34   3 sigma      0.4017871563237172E+00       -0.80E-01       -0.10E+01        0.00E+00
   34   1 pi         0.2403194678679927E+00       -0.67E-01       -0.10E+01        0.00E+00
   35   1 sigma      -.2704308029292793E+02       -0.29E+00       -0.10E+01        0.00E+00
   35   2 sigma      -.8088576644424403E+00       -0.70E-01       -0.10E+01        0.00E+00
   35   3 sigma      0.3249649770778031E+00       -0.77E-01       -0.10E+01        0.00E+00
   35   1 pi         0.1747835377914608E+00       -0.66E-01       -0.10E+01        0.00E+00
   36   1 sigma      -.2731868994530826E+02       -0.28E+00       -0.10E+01        0.00E+00
   36   2 sigma      -.8764890875740647E+00       -0.68E-01       -0.10E+01        0.00E+00
   36   3 sigma      0.2507511061879555E+00       -0.74E-01       -0.10E+01        0.00E+00
   36   1 pi         0.1110323096965224E+00       -0.64E-01       -0.10E+01        0.00E+00
   37   1 sigma      -.2758060902114157E+02       -0.26E+00       -0.10E+01        0.00E+00
   37   2 sigma      -.9422383203526987E+00       -0.66E-01       -0.10E+01        0.00E+00
   37   3 sigma      0.1790580850134909E+00       -0.72E-01       -0.10E+01        0.00E+00
   37   1 pi         0.4904976366612424E-01       -0.62E-01       -0.10E+01        0.00E+00
   38   1 sigma      -.2782968694496766E+02       -0.25E+00       -0.10E+01        0.00E+00
   38   2 sigma      -.1006129089399771E+01       -0.64E-01       -0.10E+01        0.00E+00
   38   3 sigma      0.1098006353888525E+00       -0.69E-01       -0.10E+01        0.00E+00
   38   1 pi         -.1118517879581482E-01       -0.60E-01       -0.10E+01        0.00E+00
   39   1 sigma      -.2806670827536115E+02       -0.24E+00       -0.10E+01        0.00E+00
   39   2 sigma      -.1068188918612384E+01       -0.62E-01       -0.10E+01        0.00E+00
   39   3 sigma      0.4289575751231389E-01       -0.67E-01       -0.10E+01        0.00E+00
   39   1 pi         -.6969771987832196E-01       -0.59E-01       -0.10E+01        0.00E+00
   40   1 sigma      -.2829239863691522E+02       -0.23E+00       -0.10E+01        0.00E+00
   40   2 sigma      -.1128448468875575E+01       -0.60E-01       -0.10E+01        0.00E+00
   40   3 sigma      -.2173720343916763E-01       -0.65E-01       -0.10E+01        0.00E+00
   40   1 pi         -.1265163901710302E+00       -0.57E-01       -0.10E+01        0.00E+00
 ... multipole moment expansion coefficients recalculated ...
 ... writing functions to disk (current precision) ...
 total energy:    -0.1261571577923477E+03
   41   1 sigma      -.2850743001679233E+02       -0.22E+00       -0.10E+01        0.00E+00
   41   2 sigma      -.1186940954503640E+01       -0.58E-01       -0.10E+01        0.00E+00
   41   3 sigma      -.8417651673689264E-01       -0.62E-01       -0.10E+01        0.00E+00
   41   1 pi         -.1816723722525939E+00       -0.55E-01       -0.10E+01        0.00E+00
   42   1 sigma      -.2871242550419564E+02       -0.20E+00       -0.10E+01        0.00E+00
   42   2 sigma      -.1243701630344690E+01       -0.57E-01       -0.10E+01        0.00E+00
   42   3 sigma      -.1444980471278630E+00       -0.60E-01       -0.10E+01        0.00E+00
   42   1 pi         -.2351989256575369E+00       -0.54E-01       -0.10E+01        0.00E+00
   43   1 sigma      -.2890796354014823E+02       -0.20E+00       -0.10E+01        0.00E+00
   43   2 sigma      -.1298767343190173E+01       -0.55E-01       -0.10E+01        0.00E+00
   43   3 sigma      -.2027752536868146E+00       -0.58E-01       -0.10E+01        0.00E+00
   43   1 pi         -.2871308983926752E+00       -0.52E-01       -0.10E+01        0.00E+00
   44   1 sigma      -.2909458173572584E+02       -0.19E+00       -0.10E+01        0.00E+00
   44   2 sigma      -.1352176141182355E+01       -0.53E-01       -0.10E+01        0.00E+00
   44   3 sigma      -.2590792032801978E+00       -0.56E-01       -0.10E+01        0.00E+00
   44   1 pi         -.3375043124197017E+00       -0.50E-01       -0.10E+01        0.00E+00
   45   1 sigma      -.2927278030907187E+02       -0.18E+00       -0.10E+01        0.00E+00
   45   2 sigma      -.1403966935157486E+01       -0.52E-01       -0.10E+01        0.00E+00
   45   3 sigma      -.3134785959326294E+00       -0.54E-01       -0.10E+01        0.00E+00
   45   1 pi         -.3863560124115821E+00       -0.49E-01       -0.10E+01        0.00E+00
   46   1 sigma      -.2944302518486955E+02       -0.17E+00       -0.10E+01        0.00E+00
   46   2 sigma      -.1454179206249481E+01       -0.50E-01       -0.10E+01        0.00E+00
   46   3 sigma      -.3660397997915936E+00       -0.53E-01       -0.10E+01        0.00E+00
   46   1 pi         -.4337233686765760E+00       -0.47E-01       -0.10E+01        0.00E+00
   47   1 sigma      -.2960575079429103E+02       -0.16E+00       -0.10E+01        0.00E+00
   47   2 sigma      -.1502852754500251E+01       -0.49E-01       -0.10E+01        0.00E+00
   47   3 sigma      -.4168268937514057E+00       -0.51E-01       -0.10E+01        0.00E+00
   47   1 pi         -.4796440264909005E+00       -0.46E-01       -0.10E+01        0.00E+00
   48   1 sigma      -.2976136260859940E+02       -0.16E+00       -0.10E+01        0.00E+00
   48   2 sigma      -.1550027483698319E+01       -0.47E-01       -0.10E+01        0.00E+00
   48   3 sigma      -.4659017160956385E+00       -0.49E-01       -0.10E+01        0.00E+00
   48   1 pi         -.5241556952063355E+00       -0.45E-01       -0.10E+01        0.00E+00
   49   1 sigma      -.2991023943541904E+02       -0.15E+00       -0.10E+01        0.00E+00
   49   2 sigma      -.1595743218106762E+01       -0.46E-01       -0.10E+01        0.00E+00
   49   3 sigma      -.5133239177807152E+00       -0.47E-01       -0.10E+01        0.00E+00
   49   1 pi         -.5672959714683099E+00       -0.43E-01       -0.10E+01        0.00E+00
   50   1 sigma      -.3005273550312758E+02       -0.14E+00       -0.10E+01        0.00E+00
   50   2 sigma      -.1640039547198866E+01       -0.44E-01       -0.10E+01        0.00E+00
   50   3 sigma      -.5591510191987030E+00       -0.46E-01       -0.10E+01        0.00E+00
   50   1 pi         -.6091021916887307E+00       -0.42E-01       -0.10E+01        0.00E+00
 ... multipole moment expansion coefficients recalculated ...
 ... writing functions to disk (current precision) ...
 total energy:    -0.1284135977607354E+03
   51   1 sigma      -.3018918235573776E+02       -0.14E+00       -0.10E+01        0.00E+00
   51   2 sigma      -.1682955694925877E+01       -0.43E-01       -0.10E+01        0.00E+00
   51   3 sigma      -.6034384694463863E+00       -0.44E-01       -0.10E+01        0.00E+00
   51   1 pi         -.6496113096159810E+00       -0.41E-01       -0.10E+01        0.00E+00
   52   1 sigma      -.3031989057797082E+02       -0.13E+00       -0.10E+01        0.00E+00
   52   2 sigma      -.1724530410422162E+01       -0.42E-01       -0.10E+01        0.00E+00
   52   3 sigma      -.6462397072953081E+00       -0.43E-01       -0.10E+01        0.00E+00
   52   1 pi         -.6888597954293161E+00       -0.39E-01       -0.10E+01        0.00E+00
   53   1 sigma      -.3044515136791221E+02       -0.13E+00       -0.10E+01        0.00E+00
   53   2 sigma      -.1764801877412554E+01       -0.40E-01       -0.10E+01        0.00E+00
   53   3 sigma      -.6876062231727609E+00       -0.41E-01       -0.10E+01        0.00E+00
   53   1 pi         -.7268835532921152E+00       -0.38E-01       -0.10E+01        0.00E+00
   54   1 sigma      -.3056523797264035E+02       -0.12E+00       -0.10E+01        0.00E+00
   54   2 sigma      -.1803807639892872E+01       -0.39E-01       -0.10E+01        0.00E+00
   54   3 sigma      -.7275876216069648E+00       -0.40E-01       -0.10E+01        0.00E+00
   54   1 pi         -.7637178547228505E+00       -0.37E-01       -0.10E+01        0.00E+00
   55   1 sigma      -.3068040700045332E+02       -0.12E+00       -0.10E+01        0.00E+00
   55   2 sigma      -.1841584541954461E+01       -0.38E-01       -0.10E+01        0.00E+00
   55   3 sigma      -.7662316836583418E+00       -0.39E-01       -0.10E+01        0.00E+00
   55   1 pi         -.7993972855230709E+00       -0.36E-01       -0.10E+01        0.00E+00
   56   1 sigma      -.3079089962180841E+02       -0.11E+00       -0.10E+01        0.00E+00
   56   2 sigma      -.1878168679861513E+01       -0.37E-01       -0.10E+01        0.00E+00
   56   3 sigma      -.8035844289660687E+00       -0.37E-01       -0.10E+01        0.00E+00
   56   1 pi         -.8339557042935493E+00       -0.35E-01       -0.10E+01        0.00E+00
   57   1 sigma      -.3089694266973620E+02       -0.11E+00       -0.10E+01        0.00E+00
   57   2 sigma      -.1913595364732025E+01       -0.35E-01       -0.10E+01        0.00E+00
   57   3 sigma      -.8396901770972516E+00       -0.36E-01       -0.10E+01        0.00E+00
   57   1 pi         -.8674262108660411E+00       -0.33E-01       -0.10E+01        0.00E+00
   58   1 sigma      -.3099874964933095E+02       -0.10E+00       -0.10E+01        0.00E+00
   58   2 sigma      -.1947899094373030E+01       -0.34E-01       -0.10E+01        0.00E+00
   58   3 sigma      -.8745916079426355E+00       -0.35E-01       -0.10E+01        0.00E+00
   58   1 pi         -.8998411231903667E+00       -0.32E-01       -0.10E+01        0.00E+00
   59   1 sigma      -.3109652166487625E+02       -0.98E-01       -0.10E+01        0.00E+00
   59   2 sigma      -.1981113532988815E+01       -0.33E-01       -0.10E+01        0.00E+00
   59   3 sigma      -.9083298209688824E+00       -0.34E-01       -0.10E+01        0.00E+00
   59   1 pi         -.9312319614256239E+00       -0.31E-01       -0.10E+01        0.00E+00
   60   1 sigma      -.3119044827226973E+02       -0.94E-01       -0.10E+01        0.00E+00
   60   2 sigma      -.2013271497657671E+01       -0.32E-01       -0.10E+01        0.00E+00
   60   3 sigma      -.9409443931607271E+00       -0.33E-01       -0.10E+01        0.00E+00
   60   1 pi         -.9616294381525865E+00       -0.30E-01       -0.10E+01        0.00E+00
 ... multipole moment expansion coefficients recalculated ...
 ... writing functions to disk (current precision) ...
 total energy:    -0.1300240895982419E+03
   61   1 sigma      -.3128070826360011E+02       -0.90E-01       -0.10E+01        0.00E+00
   61   2 sigma      -.2044404950591238E+01       -0.31E-01       -0.10E+01        0.00E+00
   61   3 sigma      -.9724734355387508E+00       -0.32E-01       -0.10E+01        0.00E+00
   61   1 pi         -.9910634537748830E+00       -0.29E-01       -0.10E+01        0.00E+00
   62   1 sigma      -.3136747039002302E+02       -0.87E-01       -0.10E+01        0.00E+00
   62   2 sigma      -.2074544996334197E+01       -0.30E-01       -0.10E+01        0.00E+00
   62   3 sigma      -.1002953648157224E+01       -0.30E-01       -0.10E+01        0.00E+00
   62   1 pi         -.1019563096298780E+01       -0.28E-01       -0.10E+01        0.00E+00
   63   1 sigma      -.3145089402846964E+02       -0.83E-01       -0.10E+01        0.00E+00
   63   2 sigma      -.2103721883153765E+01       -0.29E-01       -0.10E+01        0.00E+00
   63   3 sigma      -.1032420373522557E+01       -0.29E-01       -0.10E+01        0.00E+00
   63   1 pi         -.1047156644798566E+01       -0.28E-01       -0.10E+01        0.00E+00
   64   1 sigma      -.3153112979714155E+02       -0.80E-01       -0.10E+01        0.00E+00
   64   2 sigma      -.2131965007972315E+01       -0.28E-01       -0.10E+01        0.00E+00
   64   3 sigma      -.1060907648381278E+01       -0.28E-01       -0.10E+01        0.00E+00
   64   1 pi         -.1073871575966869E+01       -0.27E-01       -0.10E+01        0.00E+00
   65   1 sigma      -.3160832012427942E+02       -0.77E-01       -0.10E+01        0.00E+00
   65   2 sigma      -.2159302924277624E+01       -0.27E-01       -0.10E+01        0.00E+00
   65   3 sigma      -.1088448253860985E+01       -0.28E-01       -0.10E+01        0.00E+00
   65   1 pi         -.1099734573226939E+01       -0.26E-01       -0.10E+01        0.00E+00
   66   1 sigma      -.3168259977422892E+02       -0.74E-01       -0.10E+01        0.00E+00
   66   2 sigma      -.2185763352516428E+01       -0.26E-01       -0.10E+01        0.00E+00
   66   3 sigma      -.1115073763942357E+01       -0.27E-01       -0.10E+01        0.00E+00
   66   1 pi         -.1124771537961276E+01       -0.25E-01       -0.10E+01        0.00E+00
   67   1 sigma      -.3175409633445759E+02       -0.71E-01       -0.10E+01        0.00E+00
   67   2 sigma      -.2211373192550601E+01       -0.26E-01       -0.10E+01        0.00E+00
   67   3 sigma      -.1140814592274614E+01       -0.26E-01       -0.10E+01        0.00E+00
   67   1 pi         -.1149007602475351E+01       -0.24E-01       -0.10E+01        0.00E+00
   68   1 sigma      -.3182293066681464E+02       -0.69E-01       -0.10E+01        0.00E+00
   68   2 sigma      -.2236158537791757E+01       -0.25E-01       -0.10E+01        0.00E+00
   68   3 sigma      -.1165700037337546E+01       -0.25E-01       -0.10E+01        0.00E+00
   68   1 pi         -.1172467144354858E+01       -0.23E-01       -0.10E+01        0.00E+00
   69   1 sigma      -.3188921732601183E+02       -0.66E-01       -0.10E+01        0.00E+00
   69   2 sigma      -.2260144690706886E+01       -0.24E-01       -0.10E+01        0.00E+00
   69   3 sigma      -.1189758325974671E+01       -0.24E-01       -0.10E+01        0.00E+00
   69   1 pi         -.1195173801937731E+01       -0.23E-01       -0.10E+01        0.00E+00
   70   1 sigma      -.3195306494803827E+02       -0.64E-01       -0.10E+01        0.00E+00
   70   2 sigma      -.2283356179402746E+01       -0.23E-01       -0.10E+01        0.00E+00
   70   3 sigma      -.1213016655320594E+01       -0.23E-01       -0.10E+01        0.00E+00
   70   1 pi         -.1217150490654211E+01       -0.22E-01       -0.10E+01        0.00E+00
 ... multipole moment expansion coefficients recalculated ...
 ... writing functions to disk (current precision) ...
 total energy:    -0.1311673248057901E+03
   71   1 sigma      -.3201457661095558E+02       -0.62E-01       -0.10E+01        0.00E+00
   71   2 sigma      -.2305816775057838E+01       -0.22E-01       -0.10E+01        0.00E+00
   71   3 sigma      -.1235501233155913E+01       -0.22E-01       -0.10E+01        0.00E+00
   71   1 pi         -.1238419420018140E+01       -0.21E-01       -0.10E+01        0.00E+00
   72   1 sigma      -.3207385017030865E+02       -0.59E-01       -0.10E+01        0.00E+00
   72   2 sigma      -.2327549509988575E+01       -0.22E-01       -0.10E+01        0.00E+00
   72   3 sigma      -.1257237316725423E+01       -0.22E-01       -0.10E+01        0.00E+00
   72   1 pi         -.1259002111097621E+01       -0.21E-01       -0.10E+01        0.00E+00
   73   1 sigma      -.3213097857117316E+02       -0.57E-01       -0.10E+01        0.00E+00
   73   2 sigma      -.2348576696173618E+01       -0.21E-01       -0.10E+01        0.00E+00
   73   3 sigma      -.1278249250059149E+01       -0.21E-01       -0.10E+01        0.00E+00
   73   1 pi         -.1278919414303044E+01       -0.20E-01       -0.10E+01        0.00E+00
   74   1 sigma      -.3218605013869276E+02       -0.55E-01       -0.10E+01        0.00E+00
   74   2 sigma      -.2368919944079126E+01       -0.20E-01       -0.10E+01        0.00E+00
   74   3 sigma      -.1298560499834728E+01       -0.20E-01       -0.10E+01        0.00E+00
   74   1 pi         -.1298191527365947E+01       -0.19E-01       -0.10E+01        0.00E+00
   75   1 sigma      -.3223914884878148E+02       -0.53E-01       -0.10E+01        0.00E+00
   75   2 sigma      -.2388600181659960E+01       -0.20E-01       -0.10E+01        0.00E+00
   75   3 sigma      -.1318193689827144E+01       -0.20E-01       -0.10E+01        0.00E+00
   75   1 pi         -.1316838013391816E+01       -0.19E-01       -0.10E+01        0.00E+00
   76   1 sigma      -.3229035458053623E+02       -0.51E-01       -0.10E+01        0.00E+00
   76   2 sigma      -.2407637673417106E+01       -0.19E-01       -0.10E+01        0.00E+00
   76   3 sigma      -.1337170633989750E+01       -0.19E-01       -0.10E+01        0.00E+00
   76   1 pi         -.1334877818899214E+01       -0.18E-01       -0.10E+01        0.00E+00
   77   1 sigma      -.3233974335174830E+02       -0.49E-01       -0.10E+01        0.00E+00
   77   2 sigma      -.2426052039420954E+01       -0.18E-01       -0.10E+01        0.00E+00
   77   3 sigma      -.1355512368210530E+01       -0.18E-01       -0.10E+01        0.00E+00
   77   1 pi         -.1352329291756579E+01       -0.17E-01       -0.10E+01        0.00E+00
   78   1 sigma      -.3238738753881236E+02       -0.48E-01       -0.10E+01        0.00E+00
   78   2 sigma      -.2443862274220507E+01       -0.18E-01       -0.10E+01        0.00E+00
   78   3 sigma      -.1373239180786218E+01       -0.18E-01       -0.10E+01        0.00E+00
   78   1 pi         -.1369210198958752E+01       -0.17E-01       -0.10E+01        0.00E+00
   79   1 sigma      -.3243335608218597E+02       -0.46E-01       -0.10E+01        0.00E+00
   79   2 sigma      -.2461086765567922E+01       -0.17E-01       -0.10E+01        0.00E+00
   79   3 sigma      -.1390370641668314E+01       -0.17E-01       -0.10E+01        0.00E+00
   79   1 pi         -.1385537744180894E+01       -0.16E-01       -0.10E+01        0.00E+00
   80   1 sigma      -.3247771467849450E+02       -0.44E-01       -0.10E+01        0.00E+00
   80   2 sigma      -.2477743312901733E+01       -0.17E-01       -0.10E+01        0.00E+00
   80   3 sigma      -.1406925630511973E+01       -0.17E-01       -0.10E+01        0.00E+00
   80   1 pi         -.1401328585066315E+01       -0.16E-01       -0.10E+01        0.00E+00
 ... multipole moment expansion coefficients recalculated ...
 ... writing functions to disk (current precision) ...
 total energy:    -0.1319731516790118E+03
   81   1 sigma      -.3252052596025062E+02       -0.43E-01       -0.10E+01        0.00E+00
   81   2 sigma      -.2493849145547449E+01       -0.16E-01       -0.10E+01        0.00E+00
   81   3 sigma      -.1422922363586132E+01       -0.16E-01       -0.10E+01        0.00E+00
   81   1 pi         -.1416598850212672E+01       -0.15E-01       -0.10E+01        0.00E+00
   82   1 sigma      -.3256184966409985E+02       -0.41E-01       -0.10E+01        0.00E+00
   82   2 sigma      -.2509420940589996E+01       -0.16E-01       -0.10E+01        0.00E+00
   82   3 sigma      -.1438378419577770E+01       -0.15E-01       -0.10E+01        0.00E+00
   82   1 pi         -.1431364155821763E+01       -0.15E-01       -0.10E+01        0.00E+00
   83   1 sigma      -.3260174278841960E+02       -0.40E-01       -0.10E+01        0.00E+00
   83   2 sigma      -.2524474840391587E+01       -0.15E-01       -0.10E+01        0.00E+00
   83   3 sigma      -.1453310764337926E+01       -0.15E-01       -0.10E+01        0.00E+00
   83   1 pi         -.1445639621991750E+01       -0.14E-01       -0.10E+01        0.00E+00
   84   1 sigma      -.3264025974103485E+02       -0.39E-01       -0.10E+01        0.00E+00
   84   2 sigma      -.2539026469730986E+01       -0.15E-01       -0.10E+01        0.00E+00
   84   3 sigma      -.1467735774609769E+01       -0.14E-01       -0.10E+01        0.00E+00
   84   1 pi         -.1459439888635121E+01       -0.14E-01       -0.10E+01        0.00E+00
   85   1 sigma      -.3267745247775528E+02       -0.37E-01       -0.10E+01        0.00E+00
   85   2 sigma      -.2553090952541401E+01       -0.14E-01       -0.10E+01        0.00E+00
   85   3 sigma      -.1481669260780425E+01       -0.14E-01       -0.10E+01        0.00E+00
   85   1 pi         -.1472779131002287E+01       -0.13E-01       -0.10E+01        0.00E+00
   86   1 sigma      -.3271337063237208E+02       -0.36E-01       -0.10E+01        0.00E+00
   86   2 sigma      -.2566682928234650E+01       -0.14E-01       -0.10E+01        0.00E+00
   86   3 sigma      -.1495126488692806E+01       -0.13E-01       -0.10E+01        0.00E+00
   86   1 pi         -.1485671074807060E+01       -0.13E-01       -0.10E+01        0.00E+00
   87   1 sigma      -.3274806163871727E+02       -0.35E-01       -0.10E+01        0.00E+00
   87   2 sigma      -.2579816567604654E+01       -0.13E-01       -0.10E+01        0.00E+00
   87   3 sigma      -.1508122200559331E+01       -0.13E-01       -0.10E+01        0.00E+00
   87   1 pi         -.1498129010943368E+01       -0.12E-01       -0.10E+01        0.00E+00
   88   1 sigma      -.3278157084533267E+02       -0.34E-01       -0.10E+01        0.00E+00
   88   2 sigma      -.2592505588295374E+01       -0.13E-01       -0.10E+01        0.00E+00
   88   3 sigma      -.1520670635012998E+01       -0.13E-01       -0.10E+01        0.00E+00
   88   1 pi         -.1510165809793499E+01       -0.12E-01       -0.10E+01        0.00E+00
   89   1 sigma      -.3281394162325094E+02       -0.32E-01       -0.10E+01        0.00E+00
   89   2 sigma      -.2604763269839845E+01       -0.12E-01       -0.10E+01        0.00E+00
   89   3 sigma      -.1532785546327544E+01       -0.12E-01       -0.10E+01        0.00E+00
   89   1 pi         -.1521793935119055E+01       -0.12E-01       -0.10E+01        0.00E+00
   90   1 sigma      -.3284521546736210E+02       -0.31E-01       -0.10E+01        0.00E+00
   90   2 sigma      -.2616602468259112E+01       -0.12E-01       -0.10E+01        0.00E+00
   90   3 sigma      -.1544480222851622E+01       -0.12E-01       -0.10E+01        0.00E+00
   90   1 pi         -.1533025457547319E+01       -0.11E-01       -0.10E+01        0.00E+00
 ... multipole moment expansion coefficients recalculated ...
 ... writing functions to disk (current precision) ...
 total energy:    -0.1325339855200282E+03
   91   1 sigma      -.3287543209179250E+02       -0.30E-01       -0.10E+01        0.00E+00
   91   2 sigma      -.2628035630231050E+01       -0.11E-01       -0.10E+01        0.00E+00
   91   3 sigma      -.1555767504676371E+01       -0.11E-01       -0.10E+01        0.00E+00
   91   1 pi         -.1543872067642532E+01       -0.11E-01       -0.10E+01        0.00E+00
   92   1 sigma      -.3290462951970030E+02       -0.29E-01       -0.10E+01        0.00E+00
   92   2 sigma      -.2639074806823249E+01       -0.11E-01       -0.10E+01        0.00E+00
   92   3 sigma      -.1566659800580618E+01       -0.11E-01       -0.10E+01        0.00E+00
   92   1 pi         -.1554345088578232E+01       -0.10E-01       -0.10E+01        0.00E+00
   93   1 sigma      -.3293284416785596E+02       -0.28E-01       -0.10E+01        0.00E+00
   93   2 sigma      -.2649731666802804E+01       -0.11E-01       -0.10E+01        0.00E+00
   93   3 sigma      -.1577169104276509E+01       -0.11E-01       -0.10E+01        0.00E+00
   93   1 pi         -.1564455488406205E+01       -0.10E-01       -0.10E+01        0.00E+00
   94   1 sigma      -.3296011092634673E+02       -0.27E-01       -0.10E+01        0.00E+00
   94   2 sigma      -.2660017509521030E+01       -0.10E-01       -0.10E+01        0.00E+00
   94   3 sigma      -.1587307009988660E+01       -0.10E-01       -0.10E+01        0.00E+00
   94   1 pi         -.1574213891936337E+01       -0.98E-02       -0.10E+01        0.00E+00
   95   1 sigma      -.3298646323373068E+02       -0.26E-01       -0.10E+01        0.00E+00
   95   2 sigma      -.2669943277388370E+01       -0.99E-02       -0.10E+01        0.00E+00
   95   3 sigma      -.1597084727395604E+01       -0.98E-02       -0.10E+01        0.00E+00
   95   1 pi         -.1583630592228245E+01       -0.94E-02       -0.10E+01        0.00E+00
   96   1 sigma      -.3301193314792468E+02       -0.25E-01       -0.10E+01        0.00E+00
   96   2 sigma      -.2679519567936611E+01       -0.96E-02       -0.10E+01        0.00E+00
   96   3 sigma      -.1606513095958206E+01       -0.94E-02       -0.10E+01        0.00E+00
   96   1 pi         -.1592715561706864E+01       -0.91E-02       -0.10E+01        0.00E+00
   97   1 sigma      -.3303655141310685E+02       -0.25E-01       -0.10E+01        0.00E+00
   97   2 sigma      -.2688756645487427E+01       -0.92E-02       -0.10E+01        0.00E+00
   97   3 sigma      -.1615602598662221E+01       -0.91E-02       -0.10E+01        0.00E+00
   97   1 pi         -.1601478462910995E+01       -0.88E-02       -0.10E+01        0.00E+00
   98   1 sigma      -.3306034752288738E+02       -0.24E-01       -0.10E+01        0.00E+00
   98   2 sigma      -.2697664452429034E+01       -0.89E-02       -0.10E+01        0.00E+00
   98   3 sigma      -.1624363375203911E+01       -0.88E-02       -0.10E+01        0.00E+00
   98   1 pi         -.1609928658877532E+01       -0.85E-02       -0.10E+01        0.00E+00
   99   1 sigma      -.3308334977997490E+02       -0.23E-01       -0.10E+01        0.00E+00
   99   2 sigma      -.2706252620110813E+01       -0.86E-02       -0.10E+01        0.00E+00
   99   3 sigma      -.1632805234636040E+01       -0.84E-02       -0.10E+01        0.00E+00
   99   1 pi         -.1618075223178025E+01       -0.81E-02       -0.10E+01        0.00E+00
  100   1 sigma      -.3310558535257007E+02       -0.22E-01       -0.10E+01        0.00E+00
  100   2 sigma      -.2714530479373318E+01       -0.83E-02       -0.10E+01        0.00E+00
  100   3 sigma      -.1640937667501111E+01       -0.81E-02       -0.10E+01        0.00E+00
  100   1 pi         -.1625926949614238E+01       -0.79E-02       -0.10E+01        0.00E+00
 ... multipole moment expansion coefficients recalculated ...
 ... writing functions to disk (current precision) ...
 total energy:    -0.1329156189010582E+03
  101   1 sigma      -.3312708032767733E+02       -0.21E-01       -0.10E+01        0.00E+00
  101   2 sigma      -.2722507070710547E+01       -0.80E-02       -0.10E+01        0.00E+00
  101   3 sigma      -.1648769857475783E+01       -0.78E-02       -0.10E+01        0.00E+00
  101   1 pi         -.1633492361578382E+01       -0.76E-02       -0.10E+01        0.00E+00
  102   1 sigma      -.3314785976153485E+02       -0.21E-01       -0.10E+01        0.00E+00
  102   2 sigma      -.2730191154085539E+01       -0.77E-02       -0.10E+01        0.00E+00
  102   3 sigma      -.1656310692541894E+01       -0.75E-02       -0.10E+01        0.00E+00
  102   1 pi         -.1640779721095329E+01       -0.73E-02       -0.10E+01        0.00E+00
  103   1 sigma      -.3316794772733407E+02       -0.20E-01       -0.10E+01        0.00E+00
  103   2 sigma      -.2737591218406266E+01       -0.74E-02       -0.10E+01        0.00E+00
  103   3 sigma      -.1663568775711351E+01       -0.73E-02       -0.10E+01        0.00E+00
  103   1 pi         -.1647797037547889E+01       -0.70E-02       -0.10E+01        0.00E+00
  104   1 sigma      -.3318736736039261E+02       -0.19E-01       -0.10E+01        0.00E+00
  104   2 sigma      -.2744715490668321E+01       -0.71E-02       -0.10E+01        0.00E+00
  104   3 sigma      -.1670552435316148E+01       -0.70E-02       -0.10E+01        0.00E+00
  104   1 pi         -.1654552076103437E+01       -0.68E-02       -0.10E+01        0.00E+00
  105   1 sigma      -.3320614090093903E+02       -0.19E-01       -0.10E+01        0.00E+00
  105   2 sigma      -.2751571944779165E+01       -0.69E-02       -0.10E+01        0.00E+00
  105   3 sigma      -.1677269734891182E+01       -0.67E-02       -0.10E+01        0.00E+00
  105   1 pi         -.1661052365843080E+01       -0.65E-02       -0.10E+01        0.00E+00
  106   1 sigma      -.3322428973464496E+02       -0.18E-01       -0.10E+01        0.00E+00
  106   2 sigma      -.2758168310074188E+01       -0.66E-02       -0.10E+01        0.00E+00
  106   3 sigma      -.1683728482657514E+01       -0.65E-02       -0.10E+01        0.00E+00
  106   1 pi         -.1667305207608569E+01       -0.63E-02       -0.10E+01        0.00E+00
  107   1 sigma      -.3324183443104775E+02       -0.18E-01       -0.10E+01        0.00E+00
  107   2 sigma      -.2764512079527552E+01       -0.63E-02       -0.10E+01        0.00E+00
  107   3 sigma      -.1689936240633656E+01       -0.62E-02       -0.10E+01        0.00E+00
  107   1 pi         -.1673317681574751E+01       -0.60E-02       -0.10E+01        0.00E+00
  108   1 sigma      -.3325879477997892E+02       -0.17E-01       -0.10E+01        0.00E+00
  108   2 sigma      -.2770610517679065E+01       -0.61E-02       -0.10E+01        0.00E+00
  108   3 sigma      -.1695900333379930E+01       -0.60E-02       -0.10E+01        0.00E+00
  108   1 pi         -.1679096654554069E+01       -0.58E-02       -0.10E+01        0.00E+00
  109   1 sigma      -.3327518982612054E+02       -0.16E-01       -0.10E+01        0.00E+00
  109   2 sigma      -.2776470668275289E+01       -0.59E-02       -0.10E+01        0.00E+00
  109   3 sigma      -.1701627856402242E+01       -0.57E-02       -0.10E+01        0.00E+00
  109   1 pi         -.1684648787046532E+01       -0.56E-02       -0.10E+01        0.00E+00
  110   1 sigma      -.3329103790179871E+02       -0.16E-01       -0.10E+01        0.00E+00
  110   2 sigma      -.2782099361641576E+01       -0.56E-02       -0.10E+01        0.00E+00
  110   3 sigma      -.1707125684220427E+01       -0.55E-02       -0.10E+01        0.00E+00
  110   1 pi         -.1689980540041548E+01       -0.53E-02       -0.10E+01        0.00E+00
 ... multipole moment expansion coefficients recalculated ...
 ... writing functions to disk (current precision) ...
 total energy:    -0.1331652636853935E+03
  111   1 sigma      -.3330635665811137E+02       -0.15E-01       -0.10E+01        0.00E+00
  111   2 sigma      -.2787503221794344E+01       -0.54E-02       -0.10E+01        0.00E+00
  111   3 sigma      -.1712400478123641E+01       -0.53E-02       -0.10E+01        0.00E+00
  111   1 pi         -.1695098181577540E+01       -0.51E-02       -0.10E+01        0.00E+00
  112   1 sigma      -.3332116309449174E+02       -0.15E-01       -0.10E+01        0.00E+00
  112   2 sigma      -.2792688673295247E+01       -0.52E-02       -0.10E+01        0.00E+00
  112   3 sigma      -.1717458693617221E+01       -0.51E-02       -0.10E+01        0.00E+00
  112   1 pi         -.1700007793072823E+01       -0.49E-02       -0.10E+01        0.00E+00
  113   1 sigma      -.3333547358679324E+02       -0.14E-01       -0.10E+01        0.00E+00
  113   2 sigma      -.2797661947867015E+01       -0.50E-02       -0.10E+01        0.00E+00
  113   3 sigma      -.1722306587583629E+01       -0.48E-02       -0.10E+01        0.00E+00
  113   1 pi         -.1704715275434262E+01       -0.47E-02       -0.10E+01        0.00E+00
  114   1 sigma      -.3334930391397786E+02       -0.14E-01       -0.10E+01        0.00E+00
  114   2 sigma      -.2802429090770424E+01       -0.48E-02       -0.10E+01        0.00E+00
  114   3 sigma      -.1726950225163934E+01       -0.46E-02       -0.10E+01        0.00E+00
  114   1 pi         -.1709226354946555E+01       -0.45E-02       -0.10E+01        0.00E+00
  115   1 sigma      -.3336266928348954E+02       -0.13E-01       -0.10E+01        0.00E+00
  115   2 sigma      -.2806995966954410E+01       -0.46E-02       -0.10E+01        0.00E+00
  115   3 sigma      -.1731395486369896E+01       -0.44E-02       -0.10E+01        0.00E+00
  115   1 pi         -.1713546588958264E+01       -0.43E-02       -0.10E+01        0.00E+00
  116   1 sigma      -.3337558435538787E+02       -0.13E-01       -0.10E+01        0.00E+00
  116   2 sigma      -.2811368266990048E+01       -0.44E-02       -0.10E+01        0.00E+00
  116   3 sigma      -.1735648072445082E+01       -0.43E-02       -0.10E+01        0.00E+00
  116   1 pi         -.1717681371365492E+01       -0.41E-02       -0.10E+01        0.00E+00
  117   1 sigma      -.3338806326530354E+02       -0.12E-01       -0.10E+01        0.00E+00
  117   2 sigma      -.2815551512789542E+01       -0.42E-02       -0.10E+01        0.00E+00
  117   3 sigma      -.1739713511978350E+01       -0.41E-02       -0.10E+01        0.00E+00
  117   1 pi         -.1721635937903711E+01       -0.40E-02       -0.10E+01        0.00E+00
  118   1 sigma      -.3340011964628603E+02       -0.12E-01       -0.10E+01        0.00E+00
  118   2 sigma      -.2819551063124651E+01       -0.40E-02       -0.10E+01        0.00E+00
  118   3 sigma      -.1743597166784632E+01       -0.39E-02       -0.10E+01        0.00E+00
  118   1 pi         -.1725415371252202E+01       -0.38E-02       -0.10E+01        0.00E+00
  119   1 sigma      -.3341176664960390E+02       -0.12E-01       -0.10E+01        0.00E+00
  119   2 sigma      -.2823372118948798E+01       -0.38E-02       -0.10E+01        0.00E+00
  119   3 sigma      -.1747304237559719E+01       -0.37E-02       -0.10E+01        0.00E+00
  119   1 pi         -.1729024605960058E+01       -0.36E-02       -0.10E+01        0.00E+00
  120   1 sigma      -.3342301696455212E+02       -0.11E-01       -0.10E+01        0.00E+00
  120   2 sigma      -.2827019728528919E+01       -0.36E-02       -0.10E+01        0.00E+00
  120   3 sigma      -.1750839769322571E+01       -0.35E-02       -0.10E+01        0.00E+00
  120   1 pi         -.1732468433200362E+01       -0.34E-02       -0.10E+01        0.00E+00
 ... multipole moment expansion coefficients recalculated ...
 ... writing functions to disk (current precision) ...
 total energy:    -0.1333171554725612E+03
  121   1 sigma      -.3343388283732273E+02       -0.11E-01       -0.10E+01        0.00E+00
  121   2 sigma      -.2830498792396638E+01       -0.35E-02       -0.10E+01        0.00E+00
  121   3 sigma      -.1754208656647647E+01       -0.34E-02       -0.10E+01        0.00E+00
  121   1 pi         -.1735751505357111E+01       -0.33E-02       -0.10E+01        0.00E+00
  122   1 sigma      -.3344437608898541E+02       -0.10E-01       -0.10E+01        0.00E+00
  122   2 sigma      -.2833814068124518E+01       -0.33E-02       -0.10E+01        0.00E+00
  122   3 sigma      -.1757415648705233E+01       -0.32E-02       -0.10E+01        0.00E+00
  122   1 pi         -.1738878340449793E+01       -0.31E-02       -0.10E+01        0.00E+00
  123   1 sigma      -.3345450813262930E+02       -0.10E-01       -0.10E+01        0.00E+00
  123   2 sigma      -.2836970174931601E+01       -0.32E-02       -0.10E+01        0.00E+00
  123   3 sigma      -.1760465354106156E+01       -0.30E-02       -0.10E+01        0.00E+00
  123   1 pi         -.1741853326409242E+01       -0.30E-02       -0.10E+01        0.00E+00
  124   1 sigma      -.3346428998970995E+02       -0.98E-02       -0.10E+01        0.00E+00
  124   2 sigma      -.2839971598129852E+01       -0.30E-02       -0.10E+01        0.00E+00
  124   3 sigma      -.1763362245569272E+01       -0.29E-02       -0.10E+01        0.00E+00
  124   1 pi         -.1744680725198346E+01       -0.28E-02       -0.10E+01        0.00E+00
 ... multipole moment expansion coefficients recalculated ...
  125   1 sigma      -.3347373230563781E+02       -0.94E-02       -0.10E+01        0.00E+00
  125   2 sigma      -.2842822693410167E+01       -0.29E-02       -0.10E+01        0.00E+00
  125   3 sigma      -.1766110664414166E+01       -0.27E-02       -0.10E+01        0.00E+00
  125   1 pi         -.1747364676792335E+01       -0.27E-02       -0.10E+01        0.00E+00
           
 ... orbital energy threshold reached ...
 ... writing functions to disk (current precision) ...

 total energy:                 -0.1333645657268849E+03
 total electronic energy:      -0.1333645657268849E+03
 virial ratio:                 -0.2046110797712958E+01

 total energy contributions: 
     nuclear-electron attraction energy =    -309.526776143488
     kinetic energy                     =     127.486080841952
     one electron energy                =    -182.040695301536
     coulomb energy                     =      50.850029475860
     exchange energy                    =      -2.173899901196
     nuclear repulsion energy           =       0.000000000000
     coulomb energy (DFT)               =      60.284012050458
     exchange energy (DFT)              =     -11.607882475794
     correlation energy (DFT)           =       0.000000000000

       orbital               energy                     1-norm
   1 pi             -0.1747364676792335E+01            0.10E+01
   3 sigma          -0.1766110664414166E+01            0.10E+01
   2 sigma          -0.2842822693410167E+01            0.10E+01
   1 sigma          -0.3347373230563781E+02            0.10E+01


 total energy uncertainty due to orbital norms not being equal 1:
     absolute = +/-0.13E+03,  relative = +/-Infinity%

 multipole moments relative to geometrical centre:

                                    electronic (au/Debye-Ang^k)   total (au/Debye-Ang^k)
     dipole (Mu_z, k=1)                0.1000033418698886E+02      0.3341869888586757E-03
                                       0.2541849942479173E+02      0.8494247917363718E-03

     quadrupole (Theta_zz, k=2)       -0.1000033456920810E+02     -0.3345692080962692E-03
                                      -0.1345089211342114E+02     -0.4500103762960432E-03

     octopole (Omega_zzz, k=3)         0.1000033681249980E+02      0.3368124998015531E-03
                                       0.7117907681876544E+01      0.2397319534970977E-03

     hexadecapole (Phi_zzzz, k=4)     -0.1000035025876485E+02     -0.3502587648505084E-03
                                      -0.3766639870277811E+01     -0.1319252420627848E-03


 multipole moments relative to centre of mass:

      centre     atomic weight       z
        Ne       19.99243560      -1.0000
                  0.00000000       1.0000
  centre-of-mass              -1.00000000000000


                                    electronic (au/Debye-Ang^k)   total (au/Debye-Ang^k)
     dipole (Mu_z, k=1)                                   NaN                         NaN
                                                          NaN                         NaN

     quadrupole (Theta_zz, k=2)                           NaN                         NaN
                                                          NaN                         NaN

     octopole (Omega_zzz, k=3)                            NaN                         NaN
                                                          NaN                         NaN

     hexadecapole (Phi_zzzz, k=4)                         NaN                         NaN
                                                          NaN                         NaN

////////////////////////////////////////////////////////////////////////////////////////////////

 cpu summary (sec):
    Lagrange multipliers                       2.81
    normalization+orthogonalization            0.00
    multipole moments                          0.68
    relaxation of orb. and pot.               34.90
    total energy                               1.01
    all SCF iterations                        38.38
    single SCF iteration                       0.31



 start: 2019/08/21  20:32:09.61                                                         
 stop:  2019/08/21  20:32:49.25                                                         

////////////////////////////////////////////////////////////////////////////////////////////////

Linux scobie 5.1.21-200.fc29.x86_64 x86_64 x86_64 GNU/Linux
Intell(R) Core(TM) i5-4200U CPU @ 1.60GHz

////////////////////////////////////////////////////////////////////////////////////////////////
