
////////////////////////////////////////////////////////////////////////////////////////////////



                         FINITE DIFFERENCE 2D HARTREE-FOCK  (version 2.1)



////////////////////////////////////////////////////////////////////////////////////////////////

   ... start of input data ...
  title Kr LDA orbitals                                                           
  method hfs                                                                      
  nuclei  36.0 0.0  2.0                                                           
  config  0                                                                       
  1 delta                                                                         
  4 pi                                                                            
  8 sigma  end                                                                    
  grid  249 60.0                                                                  
  orbpot lda                                                                      
  lcao                                                                            
  1.0   3 2 17.1     0.0   2 1 5.0   0                                            
  1.0   4 1 24.0     0.0   2 1 5.0   0                                            
  1.0   3 2 17.1     0.0   2 1 5.0   0                                            
  1.0   3 1 12.7    -0.0   2 0 9.0   0                                            
  1.0   2 1 4.90    -0.0   2 0 9.0   0                                            
  1.0   4 1 24.0    -0.0   2 0 9.0   0                                            
  1.0   4 0 21.0    -0.0   2 0 9.0   0                                            
  1.0   3 2 17.0    -0.0   2 0 9.0   0                                            
  1.0   3 1 12.7    -0.0   2 0 9.0   0                                            
  1.0   3 0 10.6    -0.0   2 0 9.0   0                                            
  1.0   2 1 4.9      0.0   2 0 9.0   0                                            
  1.0   2 0 3.8      0.0   1 0 9.0   0                                            
  1.0   1 0 0.65    -0.0   1 0 9.0   0                                            
  scf 4000 10 6 8                                                                 
  conv 2000                                                                       
  print 220                                                                       
  stop                                                                            
   ... end of input data  ...
         

   molecular system: 

          Kr(36.00)      ( 0.00)   R =  2.00000 bohr = 1.05835 angstroms

   method: HFS  (alpha =    0.70574)

   electronic configuration:

           1  delta      + - + - 
           4  pi         + - + - 
           3  pi         + - + - 
           2  pi         + - + - 
           1  pi         + - + - 
           8  sigma      + - 
           7  sigma      + - 
           6  sigma      + - 
           5  sigma      + - 
           4  sigma      + - 
           3  sigma      + - 
           2  sigma      + - 
           1  sigma      + - 


          total charge            =   0
          number of
              electrons           =  36
              orbitals            =  13
              Coulomb potentials  =  13
              exchange potentials =  93

   grid:
          nu (h_nu)  =  247  (0.01277)
          mu (h_mu)  =  379  (0.01267)
          R_infinity =   60.00

   scf: 
          thresholds
              scf iterations           =   4000
              orbital energy           = 1.00E- 6
              orbital norm             = 1.00E- 8
              multipole moments recalc = 1.15E+00

          orbitals are relaxed
          Coulomb potentials are relaxed

          multipole expansion coefficients =  4

   (mc)sor:
          sor method used for relaxing orbitals and potentials
          ordering: middle 

                            (mc)sor iterations
                            orbital  potentials
             1 delta           10        10
             4 pi              10        10
             3 pi              10        10
             2 pi              10        10
             1 pi              10        10
             8 sigma           10        10
             7 sigma           10        10
             6 sigma           10        10
             5 sigma           10        10
             4 sigma           10        10
             3 sigma           10        10
             2 sigma           10        10
             1 sigma           10        10

          overrelaxation parameters:   orbitals       potentials 
                                        1.944       1.983   1.983

   machine accuracy      =    0.11E-15

   constants: 
               pi        =    0.3141592653589793E+01
               bohr      =    0.5291772490000000E+00 angstroms


   memory usage:
          text+data                                      0.9 MB 
          bss (common block contributions)              96.9 MB
          dynamical allocation                          42.9 MB 
              orbitals + Coulomb potentials             18.0 MB
              exchange potentials                        0.0 MB

////////////////////////////////////////////////////////////////////////////////////////////////

 ... initializing molecular orbitals from LDA functions ...
 Orbitals on centre Z1 (Z= 36.):
             n    l         e
        1    1    0   -0.509889E+03
        2    2    0   -0.662137E+02
        3    3    0   -0.925254E+01
        4    4    0   -0.771573E+00
        5    2    1   -0.599433E+02
        6    3    1   -0.702420E+01
        7    4    1   -0.299875E+00
        8    3    2   -0.301257E+01

 Normalization of LCAOs
   1 delta       0.9999959888630572E+00
   4 pi          0.9999609192247103E+00
   3 pi          0.9999961956939662E+00
   2 pi          0.9998997669722647E+00
   1 pi          0.1000062192042128E+01
   8 sigma       0.9999608949202762E+00
   7 sigma       0.9999133461658704E+00
   6 sigma       0.9999961226206274E+00
   5 sigma       0.9999000614368061E+00
   4 sigma       0.9998650216948346E+00
   3 sigma       0.1000061715587482E+01
   2 sigma       0.1000060076270449E+01
   1 sigma       0.1000327483831764E+01
 ... initializing Coulomb potentials ...
 ... initializing Slater exchange potential ...
 ... initializing multipole moment coefficients ...
 ... initializing Lagrange multipliers ...

 total energy:                 -0.3922324095973458E+04
 total electronic energy:      -0.3922324095973458E+04
 virial ratio:                 -0.1428101588709565E+01

   scf  orbital              energy              energy diff        1-norm         overlap
    1   6 sigma       -.6708496566532671E+02       -0.91E+01       -0.24E+00
    1   2 pi          -.6776377882983140E+02       -0.55E+01       -0.36E+00
    2   1 sigma       -.5835761373271600E+03        0.61E+02       -0.12E+00
    2   4 pi          -.3355832259017316E+02       -0.34E+01       -0.44E+00
    3   1 sigma       -.5352531781994943E+03        0.48E+02       -0.12E+00
    3   4 pi          -.3374514465262084E+02       -0.19E+00       -0.35E+00
    4   1 sigma       -.5056871753207548E+03        0.30E+02       -0.13E+00
    4   4 pi          -.3188493686020547E+02        0.19E+01       -0.21E+00
    5   3 sigma       -.8039479719814378E+02        0.17E+02       -0.13E+00
    5   2 pi          -.4180642157027993E+02        0.67E+01        0.14E+00
    6   2 sigma       -.8200702507635042E+02        0.15E+02       -0.70E-01
    6   2 pi          -.3701972963189993E+02        0.48E+01        0.22E+00
    7   2 sigma       -.7114892005304907E+02        0.11E+02       -0.81E-01
    7   4 pi          -.2394705805367173E+02        0.23E+01        0.33E+00
    8   1 sigma       -.5162287873246046E+03       -0.77E+01        0.17E-01
    8   4 pi          -.2213792465662920E+02        0.18E+01        0.42E+00
    9   1 sigma       -.5229258467068232E+03       -0.67E+01        0.28E-01
    9   4 pi          -.2021435418289116E+02        0.19E+01        0.44E+00
   10   1 pi          -.6425029795784378E+02       -0.63E+01       -0.20E+00
   10   4 pi          -.1757652702428314E+02        0.26E+01        0.46E+00
 ... multipole moment expansion coefficients recalculated ...
 ... writing functions to disk (current precision) ...
 total energy:    -0.2919599598539337E+04
   11   3 sigma       -.6913563290607426E+02       -0.63E+01       -0.64E-01
   11   4 pi          -.1486200062888106E+02        0.27E+01        0.59E+00
   12   2 sigma       -.7780316213015128E+02       -0.50E+01        0.62E-01
   12   4 pi          -.1307042415231343E+02        0.18E+01        0.81E+00
   13   2 sigma       -.8144855606280616E+02       -0.36E+01        0.14E+00
   13   4 pi          -.1189464241959811E+02        0.12E+01        0.95E+00
   14   2 sigma       -.8407871095005389E+02       -0.26E+01        0.12E+00
   14   4 pi          -.1101605771574348E+02        0.88E+00        0.10E+01
   15   1 sigma       -.5317089464981891E+03       -0.26E+01        0.45E-02
   15   4 pi          -.1052166012450499E+02        0.49E+00        0.10E+01
   16   1 sigma       -.5347657287926255E+03       -0.31E+01        0.71E-02
   16   4 pi          -.1063478690991408E+02       -0.11E+00        0.93E+00
   17   1 sigma       -.5372445720828921E+03       -0.25E+01        0.94E-02
   17   4 pi          -.1163133880547126E+02       -0.10E+01        0.69E+00
   18   8 sigma       -.1490454703905661E+02       -0.24E+01        0.11E+00
   18   4 pi          -.1379848019254846E+02       -0.22E+01        0.34E+00
   19   4 pi          -.1678442778365964E+02       -0.30E+01        0.51E-01
   19   1 delta       -.8641650392992824E+01        0.44E-01        0.27E+00
   20   5 sigma       -.1737956686584002E+02       -0.45E+01       -0.69E-01
   20   1 delta       -.9035436014863603E+01       -0.39E+00        0.21E+00
 ... multipole moment expansion coefficients recalculated ...
 ... writing functions to disk (current precision) ...
 total energy:    -0.2869658298517044E+04
   21   4 sigma       -.2286565093918590E+02       -0.55E+01       -0.45E-01
   21   8 sigma       -.1280768094743796E+02        0.50E+01       -0.18E+00
   22   4 pi          -.1365599105026064E+02        0.54E+01       -0.29E+00
   22   4 pi          -.1365599105026064E+02        0.54E+01       -0.29E+00
   23   4 pi          -.4844781267388933E+01        0.88E+01       -0.28E+00
   23   7 sigma       -.6313932277097379E+01        0.73E+01       -0.33E+00
   24   1 sigma       -.5166693654894900E+03        0.54E+01       -0.23E-01
   24   4 pi          -.5919714180591901E+01       -0.11E+01        0.11E+01
   25   2 sigma       -.7687264385518648E+02        0.44E+01       -0.40E-01
   25   4 pi          -.6566063008339462E+01       -0.65E+00        0.86E+00
   26   2 sigma       -.7317587804291759E+02        0.37E+01       -0.46E-01
   26   7 sigma       -.6633783795238132E+01        0.21E+00        0.34E+00
   27   2 sigma       -.7083075874952854E+02        0.23E+01       -0.46E-01
   27   7 sigma       -.6243956832881849E+01        0.39E+00        0.20E+00
   28   1 sigma       -.5154931294600261E+03       -0.27E+01        0.78E-03
   28   7 sigma       -.5827036619657477E+01        0.42E+00        0.15E+00
   29   1 sigma       -.5181827608449375E+03       -0.27E+01        0.65E-02
   29   7 sigma       -.5413942534091838E+01        0.41E+00        0.12E+00
   30   1 sigma       -.5202432612620440E+03       -0.21E+01        0.94E-02
   30   7 sigma       -.5015368704426653E+01        0.40E+00        0.93E-01
 ... multipole moment expansion coefficients recalculated ...
 ... writing functions to disk (current precision) ...
 total energy:    -0.2806426531675044E+04
   31   3 sigma       -.6766266885301918E+02       -0.17E+01       -0.18E-02
   31   4 pi          -.6446116948734060E+01       -0.70E+00       -0.15E+00
   32   2 sigma       -.7465092835631580E+02       -0.16E+01        0.16E-01
   32   8 sigma       -.7457057089034382E+01       -0.20E+00        0.99E-01
   33   2 sigma       -.7577317095484278E+02       -0.11E+01        0.22E-01
   33   4 pi          -.7591178827316654E+01       -0.16E+00        0.92E-01
   34   1 sigma       -.5209447355330841E+03        0.87E+00       -0.86E-04
   34   7 sigma       -.4283656728233492E+01       -0.22E+00       -0.26E+00
   35   7 sigma       -.5943249638088883E+01       -0.17E+01       -0.49E+00
   35   7 sigma       -.5943249638088883E+01       -0.17E+01       -0.49E+00
   36   1 sigma       -.5189534320793704E+03        0.10E+01       -0.36E-02
   36   2 pi          -.1265817618391240E+02       -0.24E+00       -0.95E-01
   37   1 sigma       -.5175101925305546E+03        0.14E+01       -0.54E-02
   37   1 delta       -.8928549556559602E+01       -0.18E+00       -0.10E+00
   38   1 sigma       -.5156492307545961E+03        0.19E+01       -0.68E-02
   38   1 delta       -.9034059930624977E+01       -0.11E+00       -0.82E-01
   39   1 sigma       -.5136327349352227E+03        0.20E+01       -0.76E-02
   39   4 pi          -.4870992564989482E+01        0.54E+00        0.46E-01
   40   1 sigma       -.5118930015142889E+03        0.17E+01       -0.77E-02
   40   4 pi          -.4444663567126199E+01        0.43E+00        0.77E-01
 ... multipole moment expansion coefficients recalculated ...
 ... writing functions to disk (current precision) ...
 total energy:    -0.2846532305435737E+04
   41   2 sigma       -.6935316177626360E+02        0.14E+01       -0.20E-01
   41   4 pi          -.4091584580563142E+01        0.35E+00        0.93E-01
   42   2 sigma       -.6831322440231685E+02        0.10E+01       -0.19E-01
   42   4 pi          -.3797816783205448E+01        0.29E+00        0.99E-01
   43   1 sigma       -.5117639671024195E+03       -0.82E+00       -0.98E-03
   43   4 pi          -.3557078676078458E+01        0.24E+00        0.95E-01
   44   1 sigma       -.5130620777772065E+03       -0.13E+01        0.21E-02
   44   4 pi          -.3364036701365135E+01        0.19E+00        0.80E-01
   45   1 sigma       -.5144794032701903E+03       -0.14E+01        0.43E-02
   45   4 pi          -.3216658857336501E+01        0.15E+00        0.53E-01
   46   1 sigma       -.5157268402763945E+03       -0.12E+01        0.53E-02
   46   7 sigma       -.3638507018549719E+01        0.96E-01       -0.49E-01
   47   3 sigma       -.6438818347095460E+02       -0.10E+01        0.74E-02
   47   7 sigma       -.3636024537242406E+01        0.25E-02       -0.99E-01
   48   2 sigma       -.7113598852365870E+02       -0.92E+00        0.11E-01
   48   7 sigma       -.3758499678610136E+01       -0.12E+00       -0.15E+00
   49   2 sigma       -.7183376004255399E+02       -0.70E+00        0.13E-01
   49   7 sigma       -.3997215351758964E+01       -0.24E+00       -0.18E+00
   50   1 sigma       -.5166421030103273E+03        0.48E+00        0.39E-03
   50   4 pi          -.3511538092751437E+01       -0.21E+00       -0.16E+00
 ... multipole moment expansion coefficients recalculated ...
 ... writing functions to disk (current precision) ...
 total energy:    -0.2815080045245229E+04
   51   1 sigma       -.5156235943185027E+03        0.10E+01       -0.19E-02
   51   4 pi          -.3556187729699850E+01       -0.45E-01       -0.10E+00
   52   1 sigma       -.5141413245976080E+03        0.15E+01       -0.41E-02
   52   1 delta       -.6715606140653691E+01       -0.53E-01       -0.54E-01
   53   1 sigma       -.5125082893304037E+03        0.16E+01       -0.56E-02
   53   1 delta       -.6624015747579982E+01        0.92E-01       -0.38E-01
   54   1 sigma       -.5111297397144029E+03        0.14E+01       -0.60E-02
   54   4 pi          -.2909644186296148E+01        0.22E+00        0.33E-01
   55   2 sigma       -.6829499243443003E+02        0.11E+01       -0.12E-01
   55   4 pi          -.2716235261563515E+01        0.19E+00        0.36E-01
   56   2 sigma       -.6738215161129665E+02        0.91E+00       -0.13E-01
   56   4 pi          -.2552317923554710E+01        0.16E+00        0.35E-01
   57   2 sigma       -.6678263324159242E+02        0.60E+00       -0.13E-01
   57   4 pi          -.2415485775973366E+01        0.14E+00        0.30E-01
   58   1 sigma       -.5109375379693033E+03       -0.63E+00        0.30E-03
   58   1 delta       -.4895928634743520E+01        0.35E+00        0.32E-01
   59   1 sigma       -.5117212380111014E+03       -0.78E+00        0.19E-02
   59   1 delta       -.4612898685933935E+01        0.28E+00        0.29E-01
   60   1 sigma       -.5124820444508473E+03       -0.76E+00        0.28E-02
   60   7 sigma       -.2735659432705322E+01        0.39E-01       -0.25E-01
 ... multipole moment expansion coefficients recalculated ...
 ... writing functions to disk (current precision) ...
 total energy:    -0.2766758733688202E+04
   61   1 sigma       -.5131007169644527E+03       -0.62E+00        0.30E-02
   61   7 sigma       -.2714293294089938E+01        0.21E-01       -0.33E-01
   62   2 sigma       -.6817059741217135E+02       -0.57E+00        0.50E-02
   62   7 sigma       -.2696435656822054E+01        0.18E-01       -0.37E-01
   63   2 sigma       -.6866637496470658E+02       -0.50E+00        0.74E-02
   63   4 pi          -.2062221551416958E+01        0.20E-01       -0.45E-01
   64   2 sigma       -.6900598850675520E+02       -0.34E+00        0.81E-02
   64   4 pi          -.2031293158762928E+01        0.31E-01       -0.50E-01
   65   1 sigma       -.5132978994149312E+03        0.31E+00       -0.99E-04
   65   4 pi          -.1969829603974198E+01        0.61E-01       -0.45E-01
   66   1 sigma       -.5127758783956322E+03        0.52E+00       -0.11E-02
   66   1 delta       -.4589692430020357E+01       -0.12E+00       -0.37E-01
   67   1 sigma       -.5121074298823636E+03        0.67E+00       -0.20E-02
   67   1 delta       -.4666819238907429E+01       -0.77E-01       -0.33E-01
   68   1 sigma       -.5113944241260108E+03        0.71E+00       -0.26E-02
   68   1 delta       -.4677107747665772E+01       -0.10E-01       -0.23E-01
   69   1 sigma       -.5107625110250587E+03        0.63E+00       -0.28E-02
   69   4 pi          -.1486574321669007E+01        0.12E+00        0.21E-01
   70   3 sigma       -.6077204204774694E+02        0.54E+00       -0.70E-02
   70   4 pi          -.1383837237545755E+01        0.10E+00        0.29E-01
 ... multipole moment expansion coefficients recalculated ...
 ... writing functions to disk (current precision) ...
 total energy:    -0.2779765130506039E+04
   71   2 sigma       -.6678888957736680E+02        0.44E+00       -0.67E-02
   71   4 pi          -.1302535717710182E+01        0.81E-01        0.32E-01
   72   2 sigma       -.6650084281748913E+02        0.29E+00       -0.64E-02
   72   4 pi          -.1241533049328456E+01        0.61E-01        0.30E-01
   73   1 sigma       -.5106321715029034E+03       -0.34E+00        0.16E-03
   73   4 pi          -.1199042216492597E+01        0.42E-01        0.23E-01
   74   1 sigma       -.5110998964765756E+03       -0.47E+00        0.11E-02
   74   8 sigma       -.1229178060924745E+01       -0.11E-01       -0.25E-01
   75   1 sigma       -.5115862175652112E+03       -0.49E+00        0.17E-02
   75   8 sigma       -.1251934932684112E+01       -0.23E-01       -0.30E-01
   76   1 sigma       -.5119997944802607E+03       -0.41E+00        0.19E-02
   76   8 sigma       -.1272769678202287E+01       -0.21E-01       -0.29E-01
   77   3 sigma       -.6128145770497758E+02       -0.35E+00        0.33E-02
   77   4 pi          -.1180517604061333E+01       -0.13E-01       -0.30E-01
   78   2 sigma       -.6769163920131132E+02       -0.30E+00        0.41E-02
   78   4 pi          -.1196962297226293E+01       -0.16E-01       -0.41E-01
   79   2 sigma       -.6788970842570785E+02       -0.20E+00        0.43E-02
   79   4 pi          -.1205663801712046E+01       -0.87E-02       -0.47E-01
   80   1 sigma       -.5120645737522735E+03        0.24E+00       -0.15E-03
   80   4 pi          -.1194979871752469E+01        0.11E-01       -0.43E-01
 ... multipole moment expansion coefficients recalculated ...
 ... writing functions to disk (current precision) ...
 total energy:    -0.2770928240682840E+04
   81   1 sigma       -.5116956179368492E+03        0.37E+00       -0.85E-03
   81   4 pi          -.1158646787376032E+01        0.36E-01       -0.31E-01
   82   1 sigma       -.5112577589264210E+03        0.44E+00       -0.14E-02
   82   1 delta       -.3955037872377062E+01       -0.17E-01       -0.18E-01
   83   1 sigma       -.5108249920110117E+03        0.43E+00       -0.17E-02
   83   8 sigma       -.9540493153067864E+00        0.69E-01        0.15E-01
   84   1 sigma       -.5104718372557803E+03        0.35E+00       -0.17E-02
   84   4 pi          -.9589814582325751E+00        0.71E-01        0.14E-01
   85   2 sigma       -.6671553221411166E+02        0.32E+00       -0.38E-02
   85   4 pi          -.8957815940087670E+00        0.63E-01        0.22E-01
   86   2 sigma       -.6646415251061106E+02        0.25E+00       -0.42E-02
   86   4 pi          -.8438940593058142E+00        0.52E-01        0.25E-01
   87   2 sigma       -.6631372545814301E+02        0.15E+00       -0.39E-02
   87   4 pi          -.8043989066077444E+00        0.39E-01        0.24E-01
   88   1 sigma       -.5105200512271572E+03       -0.22E+00        0.22E-03
   88   4 pi          -.7769934889583219E+00        0.27E-01        0.19E-01
   89   1 sigma       -.5108010847966635E+03       -0.28E+00        0.72E-03
   89   8 sigma       -.7896388721793812E+00       -0.45E-02       -0.13E-01
   90   1 sigma       -.5110883721389021E+03       -0.29E+00        0.10E-02
   90   8 sigma       -.7997619641089031E+00       -0.10E-01       -0.18E-01
 ... multipole moment expansion coefficients recalculated ...
 ... writing functions to disk (current precision) ...
 total energy:    -0.2753279357179933E+04
   91   1 sigma       -.5113315993859443E+03       -0.24E+00        0.11E-02
   91   8 sigma       -.8088251055524331E+00       -0.91E-02       -0.19E-01
   92   2 sigma       -.6692317135276409E+02       -0.21E+00        0.21E-02
   92   8 sigma       -.8102685824116591E+00       -0.14E-02       -0.16E-01
   93   2 sigma       -.6710114462595571E+02       -0.18E+00        0.27E-02
   93   4 pi          -.7643448046471910E+00       -0.48E-02       -0.21E-01
   94   2 sigma       -.6721600170643241E+02       -0.11E+00        0.27E-02
   94   4 pi          -.7642739953736495E+00        0.71E-04       -0.25E-01
   95   1 sigma       -.5113526665677069E+03        0.15E+00       -0.11E-03
   95   4 pi          -.7553819431904003E+00        0.89E-02       -0.24E-01
   96   1 sigma       -.5111313255841660E+03        0.22E+00       -0.52E-03
   96   4 pi          -.7359961493263398E+00        0.19E-01       -0.19E-01
   97   1 sigma       -.5108745214266621E+03        0.26E+00       -0.83E-03
   97   4 pi          -.7074858034124922E+00        0.29E-01       -0.12E-01
   98   1 sigma       -.5106259972723179E+03        0.25E+00       -0.10E-02
   98   8 sigma       -.6343482039012969E+00        0.36E-01        0.95E-02
   99   3 sigma       -.6036962184816328E+02        0.20E+00       -0.21E-02
   99   8 sigma       -.6030609018122064E+00        0.31E-01        0.91E-02
  100   2 sigma       -.6651711940163530E+02        0.18E+00       -0.23E-02
  100   4 pi          -.6071393110974448E+00        0.32E-01        0.98E-02
 ... multipole moment expansion coefficients recalculated ...
 ... writing functions to disk (current precision) ...
 total energy:    -0.2760136575987174E+04
  101   2 sigma       -.6637531771224654E+02        0.14E+00       -0.25E-02
  101   4 pi          -.5810936840481382E+00        0.26E-01        0.13E-01
  102   2 sigma       -.6629444133345582E+02        0.81E-01       -0.22E-02
  102   4 pi          -.5619837930288440E+00        0.19E-01        0.12E-01
  103   1 sigma       -.5104925508991859E+03       -0.14E+00        0.17E-03
  103   4 pi          -.5500172139996202E+00        0.12E-01        0.10E-01
  104   1 sigma       -.5106632887137520E+03       -0.17E+00        0.46E-03
  104   8 sigma       -.5617763544695862E+00       -0.53E-02       -0.75E-02
  105   1 sigma       -.5108351302654301E+03       -0.17E+00        0.64E-03
  105   8 sigma       -.5690308474315593E+00       -0.73E-02       -0.10E-01
  106   1 sigma       -.5109775360678302E+03       -0.14E+00        0.68E-03
  106   8 sigma       -.5746539743562415E+00       -0.56E-02       -0.10E-01
  107   2 sigma       -.6668045839613792E+02       -0.12E+00        0.13E-02
  107   4 pi          -.5523341088015243E+00       -0.45E-02       -0.95E-02
  108   2 sigma       -.6678320413046734E+02       -0.10E+00        0.16E-02
  108   4 pi          -.5552824783786647E+00       -0.29E-02       -0.13E-01
  109   2 sigma       -.6684625633804512E+02       -0.63E-01        0.16E-02
  109   4 pi          -.5542607502540591E+00        0.10E-02       -0.14E-01
  110   1 sigma       -.5109591834656062E+03        0.96E-01       -0.10E-03
  110   4 pi          -.5476341504654201E+00        0.66E-02       -0.13E-01
 ... multipole moment expansion coefficients recalculated ...
 ... writing functions to disk (current precision) ...
 total energy:    -0.2757706435902363E+04
  111   1 sigma       -.5108242424837512E+03        0.13E+00       -0.34E-03
  111   4 pi          -.5351166668830132E+00        0.13E-01       -0.96E-02
  112   1 sigma       -.5106737330122196E+03        0.15E+00       -0.51E-03
  112   8 sigma       -.4963409220961381E+00        0.22E-01        0.61E-02
  113   1 sigma       -.5105331755064090E+03        0.14E+00       -0.59E-03
  113   8 sigma       -.4754603257137617E+00        0.21E-01        0.68E-02
  114   3 sigma       -.6022733008700223E+02        0.12E+00       -0.12E-02
  114   8 sigma       -.4577358238753924E+00        0.18E-01        0.65E-02
  115   2 sigma       -.6642308504433851E+02        0.10E+00       -0.14E-02
  115   4 pi          -.4595550810392766E+00        0.18E-01        0.70E-02
  116   2 sigma       -.6634586406671721E+02        0.77E-01       -0.14E-02
  116   4 pi          -.4449314446200994E+00        0.15E-01        0.83E-02
  117   1 sigma       -.5104103499513411E+03       -0.47E-01       -0.71E-04
  117   4 pi          -.4346934350825613E+00        0.10E-01        0.81E-02
  118   1 sigma       -.5104950751439573E+03       -0.85E-01        0.13E-03
  118   4 pi          -.4290051232547185E+00        0.57E-02        0.63E-02
  119   1 sigma       -.5105987546378583E+03       -0.10E+00        0.30E-03
  119   8 sigma       -.4386435590558797E+00       -0.41E-02       -0.45E-02
  120   1 sigma       -.5107012364678875E+03       -0.10E+00        0.39E-03
  120   8 sigma       -.4437525255645909E+00       -0.51E-02       -0.62E-02
 ... multipole moment expansion coefficients recalculated ...
 ... writing functions to disk (current precision) ...
 total energy:    -0.2751760521822569E+04
  121   1 sigma       -.5107844653009874E+03       -0.83E-01        0.41E-03
  121   8 sigma       -.4478688966947573E+00       -0.41E-02       -0.66E-02
  122   2 sigma       -.6655482538032875E+02       -0.74E-01        0.82E-03
  122   4 pi          -.4366363323591891E+00       -0.39E-02       -0.65E-02
  123   2 sigma       -.6661424272998843E+02       -0.59E-01        0.96E-03
  123   4 pi          -.4393523230260250E+00       -0.27E-02       -0.84E-02
  124   2 sigma       -.6664871426108105E+02       -0.34E-01        0.92E-03
  124   4 pi          -.4395041772162038E+00       -0.15E-03       -0.89E-02
  125   1 sigma       -.5107566545641129E+03        0.61E-01       -0.78E-04
  125   4 pi          -.4363063814708816E+00        0.32E-02       -0.81E-02
  126   1 sigma       -.5106738041152345E+03        0.83E-01       -0.22E-03
  126   4 pi          -.4297100915972329E+00        0.66E-02       -0.60E-02
  127   1 sigma       -.5105841621313241E+03        0.90E-01       -0.31E-03
  127   8 sigma       -.4080753606065954E+00        0.12E-01        0.37E-02
  128   1 sigma       -.5105029163997011E+03        0.81E-01       -0.35E-03
  128   8 sigma       -.3965995253323733E+00        0.11E-01        0.43E-02
  129   3 sigma       -.6016641901779397E+02        0.68E-01       -0.76E-03
  129   8 sigma       -.3869296478136803E+00        0.97E-02        0.42E-02
  130   2 sigma       -.6638799843757843E+02        0.60E-01       -0.82E-03
  130   4 pi          -.3884957036766075E+00        0.10E-01        0.43E-02
 ... multipole moment expansion coefficients recalculated ...
 ... writing functions to disk (current precision) ...
 total energy:    -0.2754184691428670E+04
  131   2 sigma       -.6634504060077062E+02        0.43E-01       -0.84E-03
  131   4 pi          -.3805533675465824E+00        0.79E-02        0.51E-02
  132   1 sigma       -.5104474403536968E+03       -0.32E-01       -0.23E-04
  132   4 pi          -.3751703076287036E+00        0.54E-02        0.49E-02
  133   1 sigma       -.5105003165720908E+03       -0.53E-01        0.96E-04
  133   4 pi          -.3724546690802129E+00        0.27E-02        0.39E-02
  134   1 sigma       -.5105631100287537E+03       -0.63E-01        0.19E-03
  134   8 sigma       -.3786156533861025E+00       -0.27E-02       -0.24E-02
  135   1 sigma       -.5106239124862119E+03       -0.61E-01        0.24E-03
  135   8 sigma       -.3817731153178521E+00       -0.32E-02       -0.34E-02
  136   3 sigma       -.6020185584573214E+02       -0.49E-01        0.39E-03
  136   8 sigma       -.3842424859776195E+00       -0.25E-02       -0.36E-02
  137   2 sigma       -.6648264349360228E+02       -0.44E-01        0.52E-03
  137   4 pi          -.3784474952943171E+00       -0.24E-02       -0.37E-02
  138   2 sigma       -.6651700315876968E+02       -0.34E-01        0.59E-03
  138   4 pi          -.3800074031871503E+00       -0.16E-02       -0.48E-02
  139   1 sigma       -.5106850608541221E+03        0.19E-01        0.38E-04
  139   4 pi          -.3799954736619888E+00        0.12E-04       -0.50E-02
  140   1 sigma       -.5106468071537348E+03        0.38E-01       -0.56E-04
  140   4 pi          -.3780523791511534E+00        0.19E-02       -0.45E-02
 ... multipole moment expansion coefficients recalculated ...
 ... writing functions to disk (current precision) ...
 total energy:    -0.2753833259527060E+04
  141   1 sigma       -.5105968800259104E+03        0.50E-01       -0.14E-03
  141   4 pi          -.3742304325550130E+00        0.38E-02       -0.32E-02
  142   1 sigma       -.5105442070706423E+03        0.53E-01       -0.19E-03
  142   8 sigma       -.3620693129387718E+00        0.68E-02        0.22E-02
  143   1 sigma       -.5104977002742598E+03        0.47E-01       -0.21E-03
  143   8 sigma       -.3557361960614180E+00        0.63E-02        0.25E-02
  144   3 sigma       -.6014190196891664E+02        0.40E-01       -0.46E-03
  144   8 sigma       -.3505263541985819E+00        0.52E-02        0.25E-02
  145   2 sigma       -.6637829485617785E+02        0.34E-01       -0.49E-03
  145   4 pi          -.3514426491452411E+00        0.54E-02        0.26E-02
  146   2 sigma       -.6635467929734605E+02        0.24E-01       -0.49E-03
  146   4 pi          -.3473140804440185E+00        0.41E-02        0.30E-02
  147   1 sigma       -.5104749368870284E+03       -0.21E-01       -0.29E-05
  147   4 pi          -.3447231463347045E+00        0.26E-02        0.28E-02
  148   1 sigma       -.5105076593837607E+03       -0.33E-01        0.66E-04
  148   4 pi          -.3437078517536136E+00        0.10E-02        0.21E-02
  149   1 sigma       -.5105453991232628E+03       -0.38E-01        0.12E-03
  149   8 sigma       -.3480585241413117E+00       -0.20E-02       -0.15E-02
  150   1 sigma       -.5105811098095811E+03       -0.36E-01        0.14E-03
  150   8 sigma       -.3501539684104920E+00       -0.21E-02       -0.20E-02
 ... multipole moment expansion coefficients recalculated ...
 ... writing functions to disk (current precision) ...
 total energy:    -0.2751757573890923E+04
  151   3 sigma       -.6017318549221602E+02       -0.29E-01        0.25E-03
  151   8 sigma       -.3517497393248341E+00       -0.16E-02       -0.21E-02
  152   2 sigma       -.6644314316138475E+02       -0.26E-01        0.32E-03
  152   4 pi          -.3488242954291358E+00       -0.17E-02       -0.24E-02
  153   2 sigma       -.6646265384199050E+02       -0.20E-01        0.35E-03
  153   4 pi          -.3498398792759794E+00       -0.10E-02       -0.29E-02
  154   1 sigma       -.5106112630770926E+03        0.13E-01        0.16E-04
  154   4 pi          -.3498474654135819E+00       -0.76E-05       -0.29E-02
  155   1 sigma       -.5105873794010940E+03        0.24E-01       -0.40E-04
  155   4 pi          -.3486856903028865E+00        0.12E-02       -0.25E-02
  156   1 sigma       -.5105572841190896E+03        0.30E-01       -0.86E-04
  156   4 pi          -.3464244572340291E+00        0.23E-02       -0.17E-02
  157   1 sigma       -.5105263586355218E+03        0.31E-01       -0.11E-03
  157   8 sigma       -.3392051823367730E+00        0.39E-02        0.14E-02
  158   1 sigma       -.5104998075540127E+03        0.27E-01       -0.12E-03
  158   8 sigma       -.3356457860638713E+00        0.36E-02        0.16E-02
  159   2 sigma       -.6639633541656254E+02        0.23E-01       -0.25E-03
  159   8 sigma       -.3327861504354033E+00        0.29E-02        0.15E-02
  160   2 sigma       -.6637692817125620E+02        0.19E-01       -0.29E-03
  160   4 pi          -.3333615112454922E+00        0.30E-02        0.17E-02
 ... multipole moment expansion coefficients recalculated ...
 ... writing functions to disk (current precision) ...
 total energy:    -0.2752590905344179E+04
  161   2 sigma       -.6636409567277651E+02        0.13E-01       -0.29E-03
  161   4 pi          -.3311246003355386E+00        0.22E-02        0.19E-02
  162   1 sigma       -.5104925444123944E+03       -0.14E-01        0.51E-05
  162   4 pi          -.3298236427918972E+00        0.13E-02        0.17E-02
  163   1 sigma       -.5105127996965600E+03       -0.20E-01        0.45E-04
  163   4 pi          -.3294652827977167E+00        0.36E-03        0.12E-02
  164   1 sigma       -.5105354886758673E+03       -0.23E-01        0.74E-04
  164   8 sigma       -.3324428934660268E+00       -0.13E-02       -0.91E-03
  165   1 sigma       -.5105564480964058E+03       -0.21E-01        0.88E-04
  165   8 sigma       -.3337876166365703E+00       -0.13E-02       -0.12E-02
  166   3 sigma       -.6015716701891617E+02       -0.17E-01        0.16E-03
  166   8 sigma       -.3347942292855528E+00       -0.10E-02       -0.12E-02
  167   2 sigma       -.6642086592297839E+02       -0.15E-01        0.20E-03
  167   4 pi          -.3331816564616865E+00       -0.11E-02       -0.15E-02
  168   2 sigma       -.6643191807847533E+02       -0.11E-01        0.21E-03
  168   4 pi          -.3338435243022708E+00       -0.66E-03       -0.17E-02
  169   1 sigma       -.5105706879538845E+03        0.87E-02        0.53E-05
  169   4 pi          -.3338847805923173E+00       -0.41E-04       -0.17E-02
  170   1 sigma       -.5105558539193376E+03        0.15E-01       -0.27E-04
  170   4 pi          -.3332284919879172E+00        0.66E-03       -0.15E-02
 ... multipole moment expansion coefficients recalculated ...
 ... writing functions to disk (current precision) ...
 total energy:    -0.2752632771076602E+04
  171   1 sigma       -.5105377444863110E+03        0.18E-01       -0.54E-04
  171   4 pi          -.3319336217830866E+00        0.13E-02       -0.97E-03
  172   1 sigma       -.5105195907077299E+03        0.18E-01       -0.69E-04
  172   8 sigma       -.3277189221538315E+00        0.22E-02        0.84E-03
  173   1 sigma       -.5105044279473342E+03        0.15E-01       -0.73E-04
  173   8 sigma       -.3257416791964616E+00        0.20E-02        0.95E-03
  174   2 sigma       -.6639002118878624E+02        0.13E-01       -0.15E-03
  174   8 sigma       -.3241979745015335E+00        0.15E-02        0.89E-03
  175   2 sigma       -.6637897415271536E+02        0.11E-01       -0.17E-03
  175   4 pi          -.3245965318155015E+00        0.17E-02        0.10E-02
  176   2 sigma       -.6637201794067649E+02        0.70E-02       -0.17E-03
  176   4 pi          -.3234138522268637E+00        0.12E-02        0.11E-02
  177   1 sigma       -.5105035819319949E+03       -0.89E-02        0.68E-05
  177   4 pi          -.3227880299135713E+00        0.63E-03        0.10E-02
  178   1 sigma       -.5105160312798790E+03       -0.12E-01        0.30E-04
  178   4 pi          -.3227125587317730E+00        0.75E-04        0.71E-03
  179   1 sigma       -.5105295987586101E+03       -0.14E-01        0.46E-04
  179   8 sigma       -.3246372072045318E+00       -0.86E-03       -0.55E-03
  180   1 sigma       -.5105418284544901E+03       -0.12E-01        0.53E-04
  180   8 sigma       -.3254747415382937E+00       -0.84E-03       -0.69E-03
 ... multipole moment expansion coefficients recalculated ...
 ... writing functions to disk (current precision) ...
 total energy:    -0.2751902684826745E+04
  181   3 sigma       -.6014784405434881E+02       -0.10E-01        0.10E-03
  181   8 sigma       -.3260844231946081E+00       -0.61E-03       -0.70E-03
  182   2 sigma       -.6640789389424771E+02       -0.89E-02        0.12E-03
  182   4 pi          -.3252010675847465E+00       -0.66E-03       -0.88E-03
  183   2 sigma       -.6641410907345877E+02       -0.62E-02        0.13E-03
  183   4 pi          -.3255931315762339E+00       -0.39E-03       -0.10E-02
  184   1 sigma       -.5105480574269498E+03        0.57E-02        0.70E-06
  184   4 pi          -.3256048577475106E+00       -0.12E-04       -0.10E-02
  185   1 sigma       -.5105389066431828E+03        0.92E-02       -0.18E-04
  185   4 pi          -.3252040984725717E+00        0.40E-03       -0.82E-03
  186   1 sigma       -.5105280639923755E+03        0.11E-01       -0.33E-04
  186   4 pi          -.3244355586330805E+00        0.77E-03       -0.52E-03
  187   1 sigma       -.5105174562808996E+03        0.11E-01       -0.42E-04
  187   8 sigma       -.3219630917267757E+00        0.12E-02        0.52E-03
  188   1 sigma       -.5105088459186686E+03        0.86E-02       -0.43E-04
  188   8 sigma       -.3208589601239247E+00        0.11E-02        0.57E-03
  189   2 sigma       -.6638786657549993E+02        0.79E-02       -0.92E-04
  189   8 sigma       -.3200266225794408E+00        0.83E-03        0.52E-03
  190   2 sigma       -.6638161890480599E+02        0.62E-02       -0.10E-03
  190   4 pi          -.3202695612081072E+00        0.91E-03        0.64E-03
 ... multipole moment expansion coefficients recalculated ...
 ... writing functions to disk (current precision) ...
 total energy:    -0.2752183425774119E+04
  191   2 sigma       -.6637789914510698E+02        0.37E-02       -0.97E-04
  191   4 pi          -.3196519573059113E+00        0.62E-03        0.68E-03
  192   1 sigma       -.5105104005424501E+03       -0.57E-02        0.62E-05
  192   4 pi          -.3193684467359077E+00        0.28E-03        0.59E-03
  193   1 sigma       -.5105180144507781E+03       -0.76E-02        0.19E-04
  193   4 pi          -.3194074384432355E+00       -0.39E-04        0.40E-03
  194   1 sigma       -.5105260928555189E+03       -0.81E-02        0.28E-04
  194   8 sigma       -.3206578214035183E+00       -0.55E-03       -0.34E-03
  195   1 sigma       -.5105331927586398E+03       -0.71E-02        0.32E-04
  195   8 sigma       -.3211790394525238E+00       -0.52E-03       -0.41E-03
  196   3 sigma       -.6014244182179682E+02       -0.60E-02        0.65E-04
  196   8 sigma       -.3215487117825013E+00       -0.37E-03       -0.41E-03
  197   2 sigma       -.6640037799335664E+02       -0.51E-02        0.73E-04
  197   4 pi          -.3210649829089185E+00       -0.41E-03       -0.54E-03
  198   2 sigma       -.6640383664583358E+02       -0.35E-02        0.74E-04
  198   4 pi          -.3213006110754790E+00       -0.24E-03       -0.61E-03
  199   1 sigma       -.5105354997617623E+03        0.37E-02       -0.11E-05
  199   4 pi          -.3213026881162833E+00       -0.21E-05       -0.58E-03
  200   1 sigma       -.5105298709786010E+03        0.56E-02       -0.12E-04
  200   4 pi          -.3210584661764777E+00        0.24E-03       -0.46E-03
 ... multipole moment expansion coefficients recalculated ...
 ... writing functions to disk (current precision) ...
 total energy:    -0.2752247118217952E+04
  201   1 sigma       -.5105233903652347E+03        0.65E-02       -0.21E-04
  201   4 pi          -.3206008149769985E+00        0.46E-03       -0.27E-03
  202   1 sigma       -.5105172037061859E+03        0.62E-02       -0.25E-04
  202   8 sigma       -.3191367255942552E+00        0.71E-03        0.32E-03
  203   3 sigma       -.6013491387603148E+02        0.51E-02       -0.47E-04
  203   8 sigma       -.3185185444103205E+00        0.62E-03        0.34E-03
  204   2 sigma       -.6638742568737581E+02        0.46E-02       -0.56E-04
  204   8 sigma       -.3180693988640222E+00        0.45E-03        0.31E-03
  205   2 sigma       -.6638390545299835E+02        0.35E-02       -0.62E-04
  205   4 pi          -.3182191830229648E+00        0.50E-03        0.39E-03
  206   2 sigma       -.6638194255669531E+02        0.20E-02       -0.56E-04
  206   4 pi          -.3178952799040786E+00        0.32E-03        0.41E-03
  207   1 sigma       -.5105144561724832E+03       -0.36E-02        0.50E-05
  207   4 pi          -.3177709287375272E+00        0.12E-03        0.34E-03
  208   1 sigma       -.5105190954912832E+03       -0.46E-02        0.13E-04
  208   4 pi          -.3178349541099905E+00       -0.64E-04        0.22E-03
  209   1 sigma       -.5105238908149363E+03       -0.48E-02        0.17E-04
  209   8 sigma       -.3186296652156564E+00       -0.35E-03       -0.21E-03
  210   1 sigma       -.5105279961639318E+03       -0.41E-02        0.19E-04
  210   8 sigma       -.3189474142081430E+00       -0.32E-03       -0.25E-03
 ... multipole moment expansion coefficients recalculated ...
 ... writing functions to disk (current precision) ...
 total energy:    -0.2751992956365678E+04
  211   2 sigma       -.6639298271154497E+02       -0.35E-02        0.36E-04
  211   8 sigma       -.3191666363188901E+00       -0.22E-03       -0.24E-03
  212   2 sigma       -.6639594166056993E+02       -0.30E-02        0.44E-04
  212   4 pi          -.3188961051389150E+00       -0.25E-03       -0.33E-03
  213   2 sigma       -.6639785214687001E+02       -0.19E-02        0.44E-04
  213   4 pi          -.3190338272523654E+00       -0.14E-03       -0.36E-03
  214   1 sigma       -.5105285393212120E+03        0.24E-02       -0.16E-05
  214   4 pi          -.3190296212607819E+00        0.42E-05       -0.34E-03
  215   1 sigma       -.5105250913084623E+03        0.34E-02       -0.80E-05
  215   4 pi          -.3188799816105892E+00        0.15E-03       -0.26E-03
  216   1 sigma       -.5105212289644845E+03        0.39E-02       -0.13E-04
  216   8 sigma       -.3181508431455420E+00        0.41E-03        0.15E-03
  217   1 sigma       -.5105176307347231E+03        0.36E-02       -0.15E-04
  217   8 sigma       -.3177450144406784E+00        0.41E-03        0.19E-03
  218   3 sigma       -.6013399373264902E+02        0.30E-02       -0.30E-04
  218   8 sigma       -.3174004518944464E+00        0.34E-03        0.20E-03
  219   2 sigma       -.6638764104932383E+02        0.26E-02       -0.34E-04
  219   4 pi          -.3175255067297797E+00        0.35E-03        0.19E-03
  220   2 sigma       -.6638566640803062E+02        0.20E-02       -0.36E-04
  220   4 pi          -.3172516674091561E+00        0.27E-03        0.24E-03
 ... multipole moment expansion coefficients recalculated ...
 ... writing functions to disk (current precision) ...
 total energy:    -0.2752082766505324E+04
  221   1 sigma       -.5105145739667674E+03       -0.13E-02       -0.17E-05
  221   4 pi          -.3170851762713731E+00        0.17E-03        0.24E-03
  222   1 sigma       -.5105168383718828E+03       -0.23E-02        0.37E-05
  222   4 pi          -.3170372360848752E+00        0.48E-04        0.20E-03
  223   1 sigma       -.5105196509090074E+03       -0.28E-02        0.80E-05
  223   4 pi          -.3170985536118636E+00       -0.61E-04        0.12E-03
  224   1 sigma       -.5105224853762769E+03       -0.28E-02        0.11E-04
  224   8 sigma       -.3175969657001829E+00       -0.22E-03       -0.13E-03
  225   1 sigma       -.5105248478949929E+03       -0.24E-02        0.11E-04
  225   8 sigma       -.3177883982558996E+00       -0.19E-03       -0.15E-03
  226   2 sigma       -.6639159992981290E+02       -0.21E-02        0.23E-04
  226   4 pi          -.3176174934908715E+00       -0.19E-03       -0.15E-03
  227   2 sigma       -.6639329822061451E+02       -0.17E-02        0.27E-04
  227   4 pi          -.3177656526700545E+00       -0.15E-03       -0.20E-03
  228   2 sigma       -.6639434247654542E+02       -0.10E-02        0.26E-04
  228   4 pi          -.3178438045302094E+00       -0.78E-04       -0.21E-03
  229   1 sigma       -.5105246740370940E+03        0.15E-02       -0.15E-05
  229   4 pi          -.3178360451992646E+00        0.78E-05       -0.19E-03
  230   1 sigma       -.5105225709162165E+03        0.21E-02       -0.52E-05
  230   4 pi          -.3177423828091648E+00        0.94E-04       -0.14E-03
 ... multipole moment expansion coefficients recalculated ...
 ... writing functions to disk (current precision) ...
 total energy:    -0.2752120995845171E+04
  231   1 sigma       -.5105202763332697E+03        0.23E-02       -0.78E-05
  231   8 sigma       -.3173014563525456E+00        0.24E-03        0.95E-04
  232   1 sigma       -.5105181908816215E+03        0.21E-02       -0.90E-05
  232   8 sigma       -.3170690020962645E+00        0.23E-03        0.12E-03
  233   3 sigma       -.6013372085228636E+02        0.17E-02       -0.18E-04
  233   8 sigma       -.3168768359725256E+00        0.19E-03        0.12E-03
  234   2 sigma       -.6638801939144945E+02        0.15E-02       -0.21E-04
  234   4 pi          -.3169528589338881E+00        0.20E-03        0.12E-03
  235   2 sigma       -.6638691862764422E+02        0.11E-02       -0.22E-04
  235   4 pi          -.3168030876506762E+00        0.15E-03        0.15E-03
  236   1 sigma       -.5105168021607989E+03       -0.84E-03       -0.53E-06
  236   4 pi          -.3167186940309854E+00        0.84E-04        0.14E-03
  237   1 sigma       -.5105182159065312E+03       -0.14E-02        0.26E-05
  237   4 pi          -.3167046586265059E+00        0.14E-04        0.11E-03
  238   1 sigma       -.5105199142033488E+03       -0.17E-02        0.51E-05
  238   4 pi          -.3167538845370323E+00       -0.49E-04        0.67E-04
  239   1 sigma       -.5105215832327876E+03       -0.17E-02        0.65E-05
  239   8 sigma       -.3170642542759801E+00       -0.13E-03       -0.78E-04
  240   1 sigma       -.5105229355228968E+03       -0.14E-02        0.67E-05
  240   8 sigma       -.3171785991424230E+00       -0.11E-03       -0.88E-04
 ... multipole moment expansion coefficients recalculated ...
 ... writing functions to disk (current precision) ...
 total energy:    -0.2752032810424894E+04
  241   2 sigma       -.6639074822894291E+02       -0.12E-02        0.14E-04
  241   4 pi          -.3170809878115861E+00       -0.11E-03       -0.91E-04
  242   2 sigma       -.6639171771928518E+02       -0.97E-03        0.16E-04
  242   4 pi          -.3171684592075650E+00       -0.87E-04       -0.12E-03
  243   2 sigma       -.6639228142125410E+02       -0.56E-03        0.15E-04
  243   4 pi          -.3172122142789568E+00       -0.44E-04       -0.13E-03
  244   1 sigma       -.5105225352707027E+03        0.96E-03       -0.12E-05
  244   4 pi          -.3172040644699052E+00        0.81E-05       -0.11E-03
  245   1 sigma       -.5105212564401065E+03        0.13E-02       -0.33E-05
  245   4 pi          -.3171454277958219E+00        0.59E-04       -0.80E-04
  246   1 sigma       -.5105198967936747E+03        0.14E-02       -0.48E-05
  246   8 sigma       -.3168787985682719E+00        0.14E-03        0.59E-04
  247   1 sigma       -.5105186918885369E+03        0.12E-02       -0.54E-05
  247   8 sigma       -.3167456841398888E+00        0.13E-03        0.71E-04
  248   3 sigma       -.6013370977349695E+02        0.10E-02       -0.11E-04
  248   8 sigma       -.3166387198685605E+00        0.11E-03        0.71E-04
  249   2 sigma       -.6638837979799341E+02        0.88E-03       -0.12E-04
  249   4 pi          -.3166846868079389E+00        0.11E-03        0.76E-04
  250   2 sigma       -.6638777012925203E+02        0.61E-03       -0.13E-04
  250   4 pi          -.3166029850633549E+00        0.82E-04        0.88E-04
 ... multipole moment expansion coefficients recalculated ...
 ... writing functions to disk (current precision) ...
 total energy:    -0.2752060199472148E+04
  251   1 sigma       -.5105181196827025E+03       -0.56E-03       -0.41E-07
  251   4 pi          -.3165609121513810E+00        0.42E-04        0.84E-04
  252   1 sigma       -.5105189968841395E+03       -0.88E-03        0.18E-05
  252   4 pi          -.3165604714173718E+00        0.44E-06        0.66E-04
  253   1 sigma       -.5105200184079315E+03       -0.10E-02        0.32E-05
  253   1 delta       -.3069351624641641E+01        0.14E-03        0.37E-04
  254   1 sigma       -.5105209977513499E+03       -0.98E-03        0.39E-05
  254   8 sigma       -.3167880919924002E+00       -0.81E-04       -0.48E-04
  255   3 sigma       -.6013464828410845E+02       -0.79E-03        0.70E-05
  255   8 sigma       -.3168556789749815E+00       -0.68E-04       -0.52E-04
  256   2 sigma       -.6639021568818596E+02       -0.72E-03        0.87E-05
  256   4 pi          -.3167996059820339E+00       -0.69E-04       -0.57E-04
  257   2 sigma       -.6639076627169896E+02       -0.55E-03        0.96E-05
  257   4 pi          -.3168506174252030E+00       -0.51E-04       -0.72E-04
  258   1 sigma       -.5105219584680260E+03        0.31E-03        0.60E-06
  258   4 pi          -.3168745508801791E+00       -0.24E-04       -0.74E-04
  259   1 sigma       -.5105213549979306E+03        0.60E-03       -0.89E-06
  259   4 pi          -.3168673338930681E+00        0.72E-05       -0.64E-04
  260   1 sigma       -.5105205803617353E+03        0.77E-03       -0.21E-05
  260   4 pi          -.3168304985030659E+00        0.37E-04       -0.44E-04
 ... multipole moment expansion coefficients recalculated ...
 ... writing functions to disk (current precision) ...
 total energy:    -0.2752078711497137E+04
  261   1 sigma       -.5105197771218654E+03        0.80E-03       -0.29E-05
  261   8 sigma       -.3166695898076703E+00        0.82E-04        0.37E-04
  262   1 sigma       -.5105190834517525E+03        0.69E-03       -0.32E-05
  262   8 sigma       -.3165934393060041E+00        0.76E-04        0.43E-04
  263   3 sigma       -.6013378785644782E+02        0.60E-03       -0.70E-05
  263   8 sigma       -.3165341134868243E+00        0.59E-04        0.42E-04
  264   2 sigma       -.6638866912597706E+02        0.51E-03       -0.75E-05
  264   4 pi          -.3165616232085888E+00        0.63E-04        0.47E-04
  265   2 sigma       -.6638833392345722E+02        0.34E-03       -0.74E-05
  265   4 pi          -.3165173682619127E+00        0.44E-04        0.53E-04
  266   1 sigma       -.5105188925823383E+03       -0.36E-03        0.14E-06
  266   4 pi          -.3164970584261226E+00        0.20E-04        0.49E-04
  267   1 sigma       -.5105194338084289E+03       -0.54E-03        0.12E-05
  267   4 pi          -.3165012827442446E+00       -0.42E-05        0.37E-04
  268   1 sigma       -.5105200458604710E+03       -0.61E-03        0.20E-05
  268   8 sigma       -.3165951639522113E+00       -0.48E-04       -0.22E-04
  269   1 sigma       -.5105206182193513E+03       -0.57E-03        0.24E-05
  269   8 sigma       -.3166436931172960E+00       -0.49E-04       -0.29E-04
  270   3 sigma       -.6013449033358199E+02       -0.47E-03        0.44E-05
  270   8 sigma       -.3166832946603435E+00       -0.40E-04       -0.31E-04
 ... multipole moment expansion coefficients recalculated ...
 ... writing functions to disk (current precision) ...
 total energy:    -0.2752048254139824E+04
  271   2 sigma       -.6638988080730248E+02       -0.42E-03        0.53E-05
  271   4 pi          -.3166512043046588E+00       -0.41E-04       -0.35E-04
  272   2 sigma       -.6639019158781733E+02       -0.31E-03        0.57E-05
  272   4 pi          -.3166806122324246E+00       -0.29E-04       -0.43E-04
  273   1 sigma       -.5105210823593819E+03        0.21E-03        0.24E-06
  273   4 pi          -.3166933268507393E+00       -0.13E-04       -0.43E-04
  274   1 sigma       -.5105207054745714E+03        0.38E-03       -0.64E-06
  274   4 pi          -.3166873802027474E+00        0.59E-05       -0.36E-04
  275   1 sigma       -.5105202377430957E+03        0.47E-03       -0.13E-05
  275   4 pi          -.3166641715446623E+00        0.23E-04       -0.24E-04
  276   1 sigma       -.5105197646486657E+03        0.47E-03       -0.18E-05
  276   8 sigma       -.3165671074981624E+00        0.48E-04        0.22E-04
  277   1 sigma       -.5105193668807852E+03        0.40E-03       -0.19E-05
  277   8 sigma       -.3165235624479159E+00        0.44E-04        0.26E-04
  278   2 sigma       -.6638916979510543E+02        0.35E-03       -0.38E-05
  278   8 sigma       -.3164907522599911E+00        0.33E-04        0.24E-04
  279   2 sigma       -.6638888121646950E+02        0.29E-03       -0.45E-05
  279   4 pi          -.3165070015639095E+00        0.36E-04        0.29E-04
  280   2 sigma       -.6638869861407292E+02        0.18E-03       -0.43E-05
  280   4 pi          -.3164831612097032E+00        0.24E-04        0.32E-04
 ... multipole moment expansion coefficients recalculated ...
 ... writing functions to disk (current precision) ...
 total energy:    -0.2752056159752508E+04
  281   1 sigma       -.5105193416459566E+03       -0.24E-03        0.18E-06
  281   4 pi          -.3164737484258104E+00        0.94E-05        0.29E-04
  282   1 sigma       -.5105196738988349E+03       -0.33E-03        0.79E-06
  282   4 pi          -.3164787687880164E+00       -0.50E-05        0.21E-04
  283   1 sigma       -.5105200392913832E+03       -0.37E-03        0.12E-05
  283   8 sigma       -.3165381490652521E+00       -0.30E-04       -0.14E-04
  284   1 sigma       -.5105203725679856E+03       -0.33E-03        0.14E-05
  284   8 sigma       -.3165672047694095E+00       -0.29E-04       -0.18E-04
  285   3 sigma       -.6013438141049096E+02       -0.28E-03        0.28E-05
  285   8 sigma       -.3165902414997248E+00       -0.23E-04       -0.18E-04
  286   2 sigma       -.6638966972285515E+02       -0.24E-03        0.32E-05
  286   4 pi          -.3165718243567426E+00       -0.24E-04       -0.22E-04
  287   2 sigma       -.6638984402259582E+02       -0.17E-03        0.34E-05
  287   4 pi          -.3165886452444582E+00       -0.17E-04       -0.26E-04
  288   1 sigma       -.5105205841179790E+03        0.14E-03        0.70E-07
  288   4 pi          -.3165952301153290E+00       -0.66E-05       -0.25E-04
  289   1 sigma       -.5105203500022928E+03        0.23E-03       -0.44E-06
  289   4 pi          -.3165906927785898E+00        0.45E-05       -0.21E-04
  290   1 sigma       -.5105200685646226E+03        0.28E-03       -0.85E-06
  290   4 pi          -.3165760976838747E+00        0.15E-04       -0.13E-04
 ... multipole moment expansion coefficients recalculated ...
 ... writing functions to disk (current precision) ...
 total energy:    -0.2752064257320212E+04
  291   1 sigma       -.5105197907587339E+03        0.28E-03       -0.11E-05
  291   8 sigma       -.3165176462982338E+00        0.28E-04        0.14E-04
  292   1 sigma       -.5105195635908494E+03        0.23E-03       -0.11E-05
  292   8 sigma       -.3164927901542960E+00        0.25E-04        0.15E-04
  293   2 sigma       -.6638919361397588E+02        0.20E-03       -0.24E-05
  293   8 sigma       -.3164747296435664E+00        0.18E-04        0.14E-04
  294   2 sigma       -.6638902940861547E+02        0.16E-03       -0.27E-05
  294   4 pi          -.3164842865581612E+00        0.20E-04        0.18E-04
  295   2 sigma       -.6638893095610888E+02        0.98E-04       -0.25E-05
  295   4 pi          -.3164715480027738E+00        0.13E-04        0.19E-04
  296   1 sigma       -.5105196003771604E+03       -0.15E-03        0.16E-06
  296   4 pi          -.3164674738997029E+00        0.41E-05        0.17E-04
  297   1 sigma       -.5105198034048781E+03       -0.20E-03        0.52E-06
  297   4 pi          -.3164718565954736E+00       -0.44E-05        0.12E-04
  298   1 sigma       -.5105200207714056E+03       -0.22E-03        0.76E-06
  298   8 sigma       -.3165090027641249E+00       -0.18E-04       -0.86E-05
  299   1 sigma       -.5105202140586315E+03       -0.19E-03        0.85E-06
  299   8 sigma       -.3165262668738542E+00       -0.17E-04       -0.11E-04
  300   3 sigma       -.6013430679015102E+02       -0.16E-03        0.18E-05
  300   8 sigma       -.3165395515834462E+00       -0.13E-04       -0.11E-04
 ... multipole moment expansion coefficients recalculated ...
 ... writing functions to disk (current precision) ...
 total energy:    -0.2752053823421488E+04
  301   2 sigma       -.6638953637253768E+02       -0.14E-03        0.20E-05
  301   4 pi          -.3165290097423181E+00       -0.14E-04       -0.13E-04
  302   2 sigma       -.6638963343783730E+02       -0.97E-04        0.20E-05
  302   4 pi          -.3165385168733970E+00       -0.95E-05       -0.15E-04
  303   1 sigma       -.5105203012098276E+03        0.92E-04       -0.45E-09
  303   4 pi          -.3165417774206887E+00       -0.33E-05       -0.15E-04
  304   1 sigma       -.5105201565160891E+03        0.14E-03       -0.30E-06
  304   4 pi          -.3165384243362830E+00        0.34E-05       -0.12E-04
  305   1 sigma       -.5105199876877414E+03        0.17E-03       -0.53E-06
  305   4 pi          -.3165292568420170E+00        0.92E-05       -0.69E-05
  306   1 sigma       -.5105198250758577E+03        0.16E-03       -0.65E-06
  306   8 sigma       -.3164941319072661E+00        0.16E-04        0.84E-05
  307   3 sigma       -.6013413951036726E+02        0.13E-03       -0.12E-05
  307   8 sigma       -.3164799721742959E+00        0.14E-04        0.91E-05
  308   2 sigma       -.6638922245137779E+02        0.12E-03       -0.14E-05
  308   4 pi          -.3164868818669824E+00        0.14E-04        0.83E-05
  309   2 sigma       -.6638912946475973E+02        0.93E-04       -0.16E-05
  309   4 pi          -.3164756446667312E+00        0.11E-04        0.11E-04
  310   2 sigma       -.6638907706843591E+02        0.52E-04       -0.15E-05
  310   4 pi          -.3164689117958233E+00        0.67E-05        0.11E-04
 ... multipole moment expansion coefficients recalculated ...
 ... writing functions to disk (current precision) ...
 total energy:    -0.2752055924005323E+04
  311   1 sigma       -.5105197482035589E+03       -0.95E-04        0.13E-06
  311   4 pi          -.3164673650035219E+00        0.15E-05        0.97E-05
  312   1 sigma       -.5105198717201635E+03       -0.12E-03        0.33E-06
  312   4 pi          -.3164707606094126E+00       -0.34E-05        0.66E-05
  313   1 sigma       -.5105200005733098E+03       -0.13E-03        0.46E-06
  313   8 sigma       -.3164938505665376E+00       -0.11E-04       -0.54E-05
  314   1 sigma       -.5105201122288272E+03       -0.11E-03        0.51E-06
  314   8 sigma       -.3165040543153239E+00       -0.10E-04       -0.65E-05
  315   3 sigma       -.6013425626708110E+02       -0.95E-04        0.11E-05
  315   8 sigma       -.3165116616145234E+00       -0.76E-05       -0.63E-05
  316   2 sigma       -.6638945225007556E+02       -0.81E-04        0.12E-05
  316   4 pi          -.3165056264586319E+00       -0.83E-05       -0.81E-05
  317   2 sigma       -.6638950587024532E+02       -0.54E-04        0.12E-05
  317   4 pi          -.3165109507640800E+00       -0.53E-05       -0.92E-05
  318   1 sigma       -.5105201409953927E+03        0.60E-04       -0.25E-07
  318   4 pi          -.3165124795063612E+00       -0.15E-05       -0.86E-05
  319   1 sigma       -.5105200519824697E+03        0.89E-04       -0.20E-06
  319   4 pi          -.3165100951262865E+00        0.24E-05       -0.66E-05
  320   1 sigma       -.5105199510551739E+03        0.10E-03       -0.33E-06
  320   8 sigma       -.3164928195754442E+00        0.95E-05        0.39E-05
 ... multipole moment expansion coefficients recalculated ...
 ... writing functions to disk (current precision) ...
 total energy:    -0.2752059265847188E+04
  321   1 sigma       -.5105198561831346E+03        0.95E-04       -0.39E-06
  321   8 sigma       -.3164832830499158E+00        0.95E-05        0.51E-05
  322   3 sigma       -.6013413522787005E+02        0.78E-04       -0.74E-06
  322   8 sigma       -.3164752364875483E+00        0.80E-05        0.54E-05
  323   2 sigma       -.6638924787594848E+02        0.70E-04       -0.88E-06
  323   4 pi          -.3164793540650521E+00        0.82E-05        0.53E-05
  324   2 sigma       -.6638919549367802E+02        0.52E-04       -0.95E-06
  324   4 pi          -.3164730773464370E+00        0.63E-05        0.66E-05
  325   1 sigma       -.5105197723019010E+03       -0.32E-04       -0.48E-07
  325   4 pi          -.3164695643848709E+00        0.35E-05        0.67E-05
  326   1 sigma       -.5105198319709807E+03       -0.60E-04        0.95E-07
  326   4 pi          -.3164691470830192E+00        0.42E-06        0.56E-05
  327   1 sigma       -.5105199068144911E+03       -0.75E-04        0.21E-06
  327   4 pi          -.3164716074982401E+00       -0.25E-05        0.36E-05
  328   1 sigma       -.5105199829353752E+03       -0.76E-04        0.28E-06
  328   8 sigma       -.3164858489124178E+00       -0.66E-05       -0.33E-05
  329   1 sigma       -.5105200471564527E+03       -0.64E-04        0.30E-06
  329   8 sigma       -.3164918414735816E+00       -0.60E-05       -0.39E-05
  330   2 sigma       -.6638935287202696E+02       -0.56E-04        0.61E-06
  330   8 sigma       -.3164961615057429E+00       -0.43E-05       -0.37E-05
 ... multipole moment expansion coefficients recalculated ...
 ... writing functions to disk (current precision) ...
 total energy:    -0.2752055726699582E+04
  331   2 sigma       -.6638939927262490E+02       -0.46E-04        0.72E-06
  331   4 pi          -.3164927196242111E+00       -0.48E-05       -0.50E-05
  332   2 sigma       -.6638942862213352E+02       -0.29E-04        0.70E-06
  332   4 pi          -.3164956650823392E+00       -0.29E-05       -0.54E-05
  333   1 sigma       -.5105200505407281E+03        0.39E-04       -0.30E-07
  333   4 pi          -.3164963133390515E+00       -0.65E-06       -0.50E-05
  334   1 sigma       -.5105199960185770E+03        0.55E-04       -0.13E-06
  334   4 pi          -.3164946505562902E+00        0.17E-05       -0.37E-05
  335   1 sigma       -.5105199358582006E+03        0.60E-04       -0.20E-06
  335   8 sigma       -.3164840079800229E+00        0.57E-05        0.24E-05
  336   1 sigma       -.5105198806941416E+03        0.55E-04       -0.23E-06
  336   8 sigma       -.3164784546436401E+00        0.56E-05        0.31E-05
  337   3 sigma       -.6013413786028565E+02        0.46E-04       -0.47E-06
  337   8 sigma       -.3164738956511144E+00        0.46E-05        0.32E-05
  338   2 sigma       -.6638926760813311E+02        0.40E-04       -0.53E-06
  338   4 pi          -.3164763308101648E+00        0.47E-05        0.33E-05
  339   2 sigma       -.6638923827151589E+02        0.29E-04       -0.56E-06
  339   4 pi          -.3164728401012304E+00        0.35E-05        0.40E-05
  340   1 sigma       -.5105198417640169E+03       -0.22E-04       -0.16E-07
  340   4 pi          -.3164710388718639E+00        0.18E-05        0.39E-05
 ... multipole moment expansion coefficients recalculated ...
 ... writing functions to disk (current precision) ...
 total energy:    -0.2752056207702264E+04
  341   1 sigma       -.5105198789990097E+03       -0.37E-04        0.67E-07
  341   4 pi          -.3164710790137129E+00       -0.40E-07        0.32E-05
  342   1 sigma       -.5105199241726540E+03       -0.45E-04        0.13E-06
  342   4 pi          -.3164727897096213E+00       -0.17E-05        0.20E-05
  343   1 sigma       -.5105199689867384E+03       -0.45E-04        0.17E-06
  343   8 sigma       -.3164815298209511E+00       -0.40E-05       -0.21E-05
  344   1 sigma       -.5105200057652631E+03       -0.37E-04        0.18E-06
  344   8 sigma       -.3164850318861276E+00       -0.35E-05       -0.23E-05
  345   2 sigma       -.6638933950882017E+02       -0.33E-04        0.37E-06
  345   4 pi          -.3164827363790543E+00       -0.35E-05       -0.23E-05
  346   2 sigma       -.6638936599879264E+02       -0.26E-04        0.43E-06
  346   4 pi          -.3164855034371250E+00       -0.28E-05       -0.30E-05
  347   2 sigma       -.6638938189227913E+02       -0.16E-04        0.41E-06
  347   4 pi          -.3164871142589369E+00       -0.16E-05       -0.32E-05
  348   1 sigma       -.5105199996582282E+03        0.25E-04       -0.26E-07
  348   4 pi          -.3164873404823929E+00       -0.23E-06       -0.29E-05
  349   1 sigma       -.5105199664001297E+03        0.33E-04       -0.85E-07
  349   4 pi          -.3164862090975333E+00        0.11E-05       -0.21E-05
  350   1 sigma       -.5105199306633021E+03        0.36E-04       -0.12E-06
  350   8 sigma       -.3164796771064537E+00        0.34E-05        0.15E-05
 ... multipole moment expansion coefficients recalculated ...
 ... writing functions to disk (current precision) ...
 total energy:    -0.2752057534655057E+04
  351   1 sigma       -.5105198987020855E+03        0.32E-04       -0.14E-06
  351   8 sigma       -.3164764491901089E+00        0.32E-05        0.19E-05
  352   3 sigma       -.6013414239983101E+02        0.27E-04       -0.29E-06
  352   8 sigma       -.3164738756013854E+00        0.26E-05        0.19E-05
  353   2 sigma       -.6638928195447525E+02        0.23E-04       -0.32E-06
  353   4 pi          -.3164753097262434E+00        0.27E-05        0.20E-05
  354   2 sigma       -.6638926563178435E+02        0.16E-04       -0.33E-06
  354   4 pi          -.3164733795311108E+00        0.19E-05        0.24E-05
  355   1 sigma       -.5105198820671593E+03       -0.14E-04       -0.27E-08
  355   4 pi          -.3164724773711711E+00        0.90E-06        0.23E-05
  356   1 sigma       -.5105199051681011E+03       -0.23E-04        0.46E-07
  356   4 pi          -.3164726675175302E+00       -0.19E-06        0.18E-05
  357   1 sigma       -.5105199323340237E+03       -0.27E-04        0.84E-07
  357   4 pi          -.3164738235286819E+00       -0.12E-05        0.11E-05
  358   1 sigma       -.5105199586253231E+03       -0.26E-04        0.10E-06
  358   8 sigma       -.3164791540789302E+00       -0.24E-05       -0.13E-05
  359   3 sigma       -.6013416646497171E+02       -0.21E-04        0.18E-06
  359   8 sigma       -.3164811887045396E+00       -0.20E-05       -0.14E-05
  360   2 sigma       -.6638933012121556E+02       -0.19E-04        0.23E-06
  360   4 pi          -.3164798510907367E+00       -0.20E-05       -0.14E-05
 ... multipole moment expansion coefficients recalculated ...
 ... writing functions to disk (current precision) ...
 total energy:    -0.2752056347925594E+04
  361   2 sigma       -.6638934516740809E+02       -0.15E-04        0.26E-06
  361   4 pi          -.3164814348017835E+00       -0.16E-05       -0.18E-05
  362   2 sigma       -.6638935366403136E+02       -0.85E-05        0.24E-06
  362   4 pi          -.3164823021022158E+00       -0.87E-06       -0.19E-05
  363   1 sigma       -.5105199711576931E+03        0.15E-04       -0.21E-07
  363   4 pi          -.3164823376724257E+00       -0.36E-07       -0.17E-05
  364   1 sigma       -.5105199509488009E+03        0.20E-04       -0.54E-07
  364   4 pi          -.3164815770082292E+00        0.76E-06       -0.11E-05
  365   1 sigma       -.5105199297812582E+03        0.21E-04       -0.76E-07
  365   8 sigma       -.3164775805025499E+00        0.20E-05        0.94E-06
  366   1 sigma       -.5105199113322496E+03        0.18E-04       -0.84E-07
  366   8 sigma       -.3164757087108612E+00        0.19E-05        0.11E-05
  367   3 sigma       -.6013414678339043E+02        0.16E-04       -0.18E-06
  367   8 sigma       -.3164742616020071E+00        0.14E-05        0.11E-05
  368   2 sigma       -.6638929193724100E+02        0.13E-04       -0.19E-06
  368   4 pi          -.3164751004300541E+00        0.15E-05        0.13E-05
  369   2 sigma       -.6638928292319119E+02        0.90E-05       -0.19E-06
  369   4 pi          -.3164740392592869E+00        0.11E-05        0.14E-05
  370   1 sigma       -.5105199053130616E+03       -0.95E-05        0.26E-08
  370   4 pi          -.3164736018926142E+00        0.44E-06        0.14E-05
 ... multipole moment expansion coefficients recalculated ...
 ... writing functions to disk (current precision) ...
 total energy:    -0.2752056422175784E+04
  371   1 sigma       -.5105199195686690E+03       -0.14E-04        0.31E-07
  371   4 pi          -.3164738102282776E+00       -0.21E-06        0.10E-05
  372   1 sigma       -.5105199358468145E+03       -0.16E-04        0.52E-07
  372   1 delta       -.3069621530503653E+01        0.20E-05        0.58E-06
  373   1 sigma       -.5105199512173259E+03       -0.15E-04        0.63E-07
  373   8 sigma       -.3164778135317903E+00       -0.14E-05       -0.78E-06
  374   3 sigma       -.6013416480984077E+02       -0.13E-04        0.12E-06
  374   8 sigma       -.3164789899962059E+00       -0.12E-05       -0.83E-06
  375   2 sigma       -.6638932367085123E+02       -0.11E-04        0.14E-06
  375   4 pi          -.3164782104997812E+00       -0.12E-05       -0.88E-06
  376   2 sigma       -.6638933217096894E+02       -0.85E-05        0.15E-06
  376   4 pi          -.3164791111974878E+00       -0.90E-06       -0.11E-05
  377   1 sigma       -.5105199649875453E+03        0.52E-05        0.79E-08
  377   4 pi          -.3164795708538612E+00       -0.46E-06       -0.11E-05
  378   1 sigma       -.5105199552743453E+03        0.97E-05       -0.15E-07
  378   4 pi          -.3164795328396366E+00        0.38E-07       -0.95E-06
  379   1 sigma       -.5105199430407292E+03        0.12E-04       -0.34E-07
  379   4 pi          -.3164790304323759E+00        0.50E-06       -0.63E-06
  380   1 sigma       -.5105199305463270E+03        0.12E-04       -0.46E-07
  380   8 sigma       -.3164765944057955E+00        0.12E-05        0.58E-06
 ... multipole moment expansion coefficients recalculated ...
 ... writing functions to disk (current precision) ...
 total energy:    -0.2752056934298586E+04
  381   1 sigma       -.5105199199390858E+03        0.11E-04       -0.50E-07
  381   8 sigma       -.3164755116928148E+00        0.11E-05        0.67E-06
  382   2 sigma       -.6638930638382641E+02        0.92E-05       -0.97E-07
  382   8 sigma       -.3164747020268166E+00        0.81E-06        0.64E-06
  383   2 sigma       -.6638929869558328E+02        0.77E-05       -0.12E-06
  383   4 pi          -.3164751907984567E+00        0.88E-06        0.78E-06
  384   2 sigma       -.6638929376030502E+02        0.49E-05       -0.11E-06
  384   4 pi          -.3164746122341526E+00        0.58E-06        0.86E-06
  385   1 sigma       -.5105199186506901E+03       -0.61E-05        0.40E-08
  385   4 pi          -.3164744103855597E+00        0.20E-06        0.79E-06
  386   1 sigma       -.5105199274054215E+03       -0.88E-05        0.21E-07
  386   4 pi          -.3164745891722909E+00       -0.18E-06        0.59E-06
  387   1 sigma       -.5105199371259361E+03       -0.97E-05        0.32E-07
  387   8 sigma       -.3164762127339920E+00       -0.84E-06       -0.36E-06
  388   1 sigma       -.5105199460793937E+03       -0.90E-05        0.38E-07
  388   8 sigma       -.3164770441265432E+00       -0.83E-06       -0.47E-06
  389   3 sigma       -.6013416322820088E+02       -0.74E-05        0.74E-07
  389   8 sigma       -.3164777203706635E+00       -0.68E-06       -0.49E-06
  390   2 sigma       -.6638931931912002E+02       -0.65E-05        0.87E-07
  390   4 pi          -.3164772680698960E+00       -0.70E-06       -0.55E-06
 ... multipole moment expansion coefficients recalculated ...
 ... writing functions to disk (current precision) ...
 total energy:    -0.2752056541700420E+04
  391   2 sigma       -.6638932409223278E+02       -0.48E-05        0.92E-07
  391   4 pi          -.3164777767065630E+00       -0.51E-06       -0.67E-06
  392   1 sigma       -.5105199525300741E+03        0.35E-05        0.28E-08
  392   4 pi          -.3164780148048294E+00       -0.24E-06       -0.66E-06
  393   1 sigma       -.5105199464742317E+03        0.61E-05       -0.11E-07
  393   4 pi          -.3164779560486686E+00        0.59E-07       -0.54E-06
  394   1 sigma       -.5105199390947265E+03        0.74E-05       -0.22E-07
  394   4 pi          -.3164776268786795E+00        0.33E-06       -0.34E-06
  395   1 sigma       -.5105199317413169E+03        0.74E-05       -0.28E-07
  395   8 sigma       -.3164761464859538E+00        0.70E-06        0.35E-06
  396   1 sigma       -.5105199256682563E+03        0.61E-05       -0.29E-07
  396   8 sigma       -.3164755220459909E+00        0.62E-06        0.40E-06
  397   2 sigma       -.6638930755677120E+02        0.54E-05       -0.59E-07
  397   8 sigma       -.3164750714108386E+00        0.45E-06        0.37E-06
  398   2 sigma       -.6638930316968742E+02        0.44E-05       -0.69E-07
  398   4 pi          -.3164753543611134E+00        0.50E-06        0.48E-06
  399   2 sigma       -.6638930049481495E+02        0.27E-05       -0.66E-07
  399   4 pi          -.3164750414928328E+00        0.31E-06        0.51E-06
  400   1 sigma       -.5105199262556677E+03       -0.39E-05        0.39E-08
  400   4 pi          -.3164749556390660E+00        0.86E-07        0.46E-06
 ... multipole moment expansion coefficients recalculated ...
 ... writing functions to disk (current precision) ...
 total energy:    -0.2752056533615090E+04
  401   1 sigma       -.5105199316078038E+03       -0.54E-05        0.13E-07
  401   4 pi          -.3164750933588039E+00       -0.14E-06        0.33E-06
  402   1 sigma       -.5105199373926292E+03       -0.58E-05        0.20E-07
  402   8 sigma       -.3164761025020830E+00       -0.51E-06       -0.23E-06
  403   1 sigma       -.5105199425889484E+03       -0.52E-05        0.23E-07
  403   8 sigma       -.3164765920886339E+00       -0.49E-06       -0.29E-06
  404   3 sigma       -.6013416192660900E+02       -0.44E-05        0.46E-07
  404   8 sigma       -.3164769788687600E+00       -0.39E-06       -0.29E-06
  405   2 sigma       -.6638931642598983E+02       -0.38E-05        0.54E-07
  405   4 pi          -.3164767165422084E+00       -0.41E-06       -0.34E-06
  406   2 sigma       -.6638931908865844E+02       -0.27E-05        0.55E-07
  406   4 pi          -.3164770017187379E+00       -0.29E-06       -0.40E-06
  407   1 sigma       -.5105199453866786E+03        0.23E-05        0.53E-09
  407   4 pi          -.3164771218613929E+00       -0.12E-06       -0.39E-06
  408   1 sigma       -.5105199416316191E+03        0.38E-05       -0.74E-08
  408   4 pi          -.3164770656011555E+00        0.56E-07       -0.31E-06
  409   1 sigma       -.5105199371958441E+03        0.44E-05       -0.14E-07
  409   4 pi          -.3164768528153346E+00        0.21E-06       -0.18E-06
  410   1 sigma       -.5105199328835683E+03        0.43E-05       -0.17E-07
  410   8 sigma       -.3164759564699473E+00        0.41E-06        0.22E-06
 ... multipole moment expansion coefficients recalculated ...
 ... writing functions to disk (current precision) ...
 total energy:    -0.2752056726886686E+04
  411   3 sigma       -.6013415802829934E+02        0.35E-05       -0.30E-07
  411   8 sigma       -.3164755974396201E+00        0.36E-06        0.24E-06
  412   2 sigma       -.6638930857830925E+02        0.32E-05       -0.36E-07
  412   4 pi          -.3164757953142718E+00        0.36E-06        0.22E-06
  413   2 sigma       -.6638930608688916E+02        0.25E-05       -0.40E-07
  413   4 pi          -.3164755114206130E+00        0.28E-06        0.29E-06
  414   2 sigma       -.6638930465459701E+02        0.14E-05       -0.38E-07
  414   4 pi          -.3164753442907262E+00        0.17E-06        0.30E-06
  415   1 sigma       -.5105199305675293E+03       -0.25E-05        0.31E-08
  415   4 pi          -.3164753132917824E+00        0.31E-07        0.27E-06
  416   1 sigma       -.5105199338258591E+03       -0.33E-05        0.86E-08
  416   4 pi          -.3164754132365282E+00       -0.10E-06        0.18E-06
  417   1 sigma       -.5105199372570070E+03       -0.34E-05        0.12E-07
  417   8 sigma       -.3164760363627153E+00       -0.31E-06       -0.14E-06
  418   1 sigma       -.5105199402611240E+03       -0.30E-05        0.14E-07
  418   8 sigma       -.3164763233817283E+00       -0.29E-06       -0.17E-06
  419   3 sigma       -.6013416093932595E+02       -0.26E-05        0.29E-07
  419   8 sigma       -.3164765432136321E+00       -0.22E-06       -0.17E-06
  420   2 sigma       -.6638931452726280E+02       -0.22E-05        0.33E-07
  420   4 pi          -.3164763918120919E+00       -0.24E-06       -0.21E-06
 ... multipole moment expansion coefficients recalculated ...
 ... writing functions to disk (current precision) ...
 total energy:    -0.2752056599043103E+04
  421   2 sigma       -.6638931600147075E+02       -0.15E-05        0.33E-07
  421   4 pi          -.3164765503909557E+00       -0.16E-06       -0.24E-06
  422   1 sigma       -.5105199413050348E+03        0.15E-05       -0.36E-09
  422   4 pi          -.3164766086065107E+00       -0.58E-07       -0.23E-06
  423   1 sigma       -.5105199389885340E+03        0.23E-05       -0.50E-08
  423   4 pi          -.3164765623094041E+00        0.46E-07       -0.18E-06
  424   1 sigma       -.5105199363310642E+03        0.27E-05       -0.85E-08
  424   8 sigma       -.3164761271168430E+00        0.24E-06        0.99E-07
  425   1 sigma       -.5105199338098830E+03        0.25E-05       -0.10E-07
  425   8 sigma       -.3164758843970965E+00        0.24E-06        0.13E-06
  426   3 sigma       -.6013415803068111E+02        0.21E-05       -0.19E-07
  426   8 sigma       -.3164756786982075E+00        0.21E-06        0.14E-06
  427   2 sigma       -.6638930937046771E+02        0.18E-05       -0.21E-07
  427   4 pi          -.3164757954150446E+00        0.21E-06        0.14E-06
  428   2 sigma       -.6638930796287110E+02        0.14E-05       -0.23E-07
  428   4 pi          -.3164756353791240E+00        0.16E-06        0.18E-06
  429   1 sigma       -.5105199314390763E+03       -0.82E-06       -0.14E-08
  429   4 pi          -.3164755471923826E+00        0.88E-07        0.18E-06
 ... multipole moment expansion coefficients recalculated ...
  430   1 sigma       -.5105199329950889E+03       -0.16E-05        0.24E-08
  430   4 pi          -.3164755405044275E+00        0.67E-08        0.15E-06
 ... writing functions to disk (current precision) ...
 total energy:    -0.2752056584102934E+04
  431   1 sigma       -.5105199349707624E+03       -0.20E-05        0.55E-08
  431   4 pi          -.3164756102165001E+00       -0.70E-07        0.10E-06
  432   1 sigma       -.5105199369991202E+03       -0.20E-05        0.75E-08
  432   8 sigma       -.3164759932144285E+00       -0.18E-06       -0.89E-07
  433   1 sigma       -.5105199387289041E+03       -0.17E-05        0.80E-08
  433   8 sigma       -.3164761608189472E+00       -0.17E-06       -0.10E-06
  434   2 sigma       -.6638931204125819E+02       -0.15E-05        0.17E-07
  434   8 sigma       -.3164762850585632E+00       -0.12E-06       -0.10E-06
  435   2 sigma       -.6638931329405489E+02       -0.13E-05        0.21E-07
  435   4 pi          -.3164761977539889E+00       -0.14E-06       -0.13E-06
  436   2 sigma       -.6638931410336025E+02       -0.81E-06        0.20E-07
  436   4 pi          -.3164762851532501E+00       -0.87E-07       -0.14E-06
  437   1 sigma       -.5105199389819957E+03        0.99E-06       -0.61E-09
  437   4 pi          -.3164763118182528E+00       -0.27E-07       -0.13E-06
 ... multipole moment expansion coefficients recalculated ...
  438   1 sigma       -.5105199375595254E+03        0.14E-05       -0.33E-08
  438   4 pi          -.3164762767967950E+00        0.35E-07       -0.99E-07
  439   1 sigma       -.5105199359728213E+03        0.16E-05       -0.53E-08
  439   8 sigma       -.3164760066759484E+00        0.14E-06        0.62E-07
  440   1 sigma       -.5105199345043757E+03        0.15E-05       -0.62E-08
  440   8 sigma       -.3164758643078756E+00        0.14E-06        0.80E-07
 ... writing functions to disk (current precision) ...
 total energy:    -0.2752056655696115E+04
  441   3 sigma       -.6013415815262309E+02        0.12E-05       -0.12E-07
  441   8 sigma       -.3164757468986217E+00        0.12E-06        0.83E-07
  442   2 sigma       -.6638930994821354E+02        0.11E-05       -0.12E-07
  442   4 pi          -.3164758154606773E+00        0.12E-06        0.87E-07
  443   2 sigma       -.6638930915752097E+02        0.79E-06       -0.13E-07
  443   4 pi          -.3164757257802364E+00        0.90E-07        0.11E-06
  444   1 sigma       -.5105199333804488E+03       -0.56E-06       -0.54E-09
  444   4 pi          -.3164756801376605E+00        0.46E-07        0.11E-06
 ... multipole moment expansion coefficients recalculated ...
  445   1 sigma       -.5105199343528833E+03       -0.97E-06        0.17E-08
  445   4 pi          -.3164756830367885E+00       -0.29E-08        0.88E-07
           
 ... orbital energy threshold reached ...
 ... writing functions to disk (current precision) ...

 total energy:                 -0.2752056597080363E+04
 total electronic energy:      -0.2752056597080363E+04
 virial ratio:                 -0.9999999945194982E+00

 total energy contributions: 
     nuclear-electron attraction energy =   -6583.639540824864
     kinetic energy                     =    2752.056612163015
     one electron energy                =   -3831.582928661849
     nuclear repulsion energy           =       0.000000000000
     coulomb energy (DFT)               =    1173.363144812036
     exchange energy (DFT)              =     -93.836813230458
     correlation energy (DFT)           =       0.000000000000

       orbital               energy                     1-norm
   1 delta          -0.3069628640465538E+01           -0.53E-07
   4 pi             -0.3164756830367885E+00           -0.88E-07
   3 pi             -0.3069628675304479E+01           -0.45E-07
   2 pi             -0.7088962738231224E+01           -0.39E-07
   1 pi             -0.6013415662863582E+02            0.10E-07
   8 sigma          -0.3164757545195336E+00            0.10E-07
   7 sigma          -0.7912805259021809E+00            0.12E-07
   6 sigma          -0.3069628692894142E+01           -0.41E-07
   5 sigma          -0.7088962671931604E+01           -0.32E-07
   4 sigma          -0.9318741177600401E+01           -0.36E-07
   3 sigma          -0.6013415644645312E+02            0.92E-08
   2 sigma          -0.6638930881430559E+02            0.77E-08
   1 sigma          -0.5105199343528833E+03           -0.17E-08


 total energy uncertainty due to orbital norms not being equal 1:
     absolute = +/-0.23E-04,  relative = +/-0.82E-06%

 multipole moments relative to geometrical centre:

                                    electronic (au/Debye-Ang^k)   total (au/Debye-Ang^k)
     dipole (Mu_z, k=1)                0.3600000205751060E+02      0.2057510599229317E-05
                                       0.9150354522970842E+02      0.5229708428250106E-05

     quadrupole (Theta_zz, k=2)       -0.3600000671550630E+02     -0.6715506295051910E-05
                                      -0.4842160060361432E+02     -0.9032652861422893E-05

     octopole (Omega_zzz, k=3)         0.3600000941703755E+02      0.9417037553305363E-05
                                       0.2562361132245761E+02      0.6702734637638333E-05

     hexadecapole (Phi_zzzz, k=4)     -0.3599998476189436E+02      0.1523810563952566E-04
                                      -0.1355942286268410E+02      0.5739444595856741E-05


 multipole moments relative to centre of mass:

      centre     atomic weight       z
        Kr       83.91150700      -1.0000
                  0.00000000       1.0000
  centre-of-mass              -1.00000000000000


                                    electronic (au/Debye-Ang^k)   total (au/Debye-Ang^k)
     dipole (Mu_z, k=1)                0.1534885985600915E-05      0.1534885985600915E-05
                                       0.3901319477190909E-05      0.3901319477190909E-05

     quadrupole (Theta_zz, k=2)       -0.7929120648628069E-06     -0.7929120648628069E-06
                                      -0.1066501782124293E-05     -0.1066501782124293E-05

     octopole (Omega_zzz, k=3)        -0.8065148514666766E-05     -0.8065148514666766E-05
                                      -0.5740504909421311E-05     -0.5740504909421311E-05

     hexadecapole (Phi_zzzz, k=4)      0.2752701895179271E-04      0.2752701895179271E-04
                                       0.1036807355850769E-04      0.1036807355850769E-04

////////////////////////////////////////////////////////////////////////////////////////////////

 cpu summary (sec):
    Lagrange multipliers                      32.83
    normalization+orthogonalization           10.64
    multipole moments                          2.13
    relaxation of orb. and pot.              387.78
    total energy                               6.19
    all SCF iterations                       433.37
    single SCF iteration                       0.97



 start: 2019/06/07  19:39:49.73                                                         
 stop:  2019/06/07  19:47:14.28                                                         

////////////////////////////////////////////////////////////////////////////////////////////////

Linux scobie 5.0.17-200.fc29.x86_64 x86_64 x86_64 GNU/Linux
Intell(R) Core(TM) i5-4200U CPU @ 1.60GHz

////////////////////////////////////////////////////////////////////////////////////////////////
