
////////////////////////////////////////////////////////////////////////////////////////////////



                         FINITE DIFFERENCE 2D HARTREE-FOCK  (version 2.0)



////////////////////////////////////////////////////////////////////////////////////////////////

   ... start of input data ...
  title H2+                                                                       
  method hf                                                                       
  nuclei  1.0 1.0  2.0                                                            
  config 1                                                                        
  1 sigma g + end                                                                 
                    0
  grid 169  40.0                                                                  
  orbpot hydrogen                                                                 
  lcao                                                                            
  1.0 1 0 1.0   1.0   1 0  1.0  0                                                 
  scf  400 10 16 16                                                               
  omega 1.95 -1.87                                                                
  stop                                                                            
   ... end of input data  ...
         

   molecular system: 

          H ( 1.00)   H  ( 1.00)   R =  2.00000 bohr = 1.05835 angstroms

   method: HF

   electronic configuration:

           1  sigma   g  +   


          total charge            =   1
          number of
              electrons           =   1
              orbitals            =   1
              Coulomb potentials  =   1
              exchange potentials =   0

   LCAO via hydrogenic functions:

           orbital           n1 l1   Z1    c1       n2 l2   Z2    c2 

           1  sigma   g       1  0  1.00  0.50       1  0  1.00  0.50

   grid:
          nu (h_nu)  =  169  (0.01870)
          mu (h_mu)  =  235  (0.01873)
          R_infinity =   40.00

   scf: 
          thresholds
              scf iterations           =    400
              orbital energy           = 1.00E-16
              orbital norm             = 1.00E-16
              multipole moments recalc = 1.15E+00

          orbitals are relaxed
          Coulomb potentials are relaxed
          exchange potential for each pair of orbitals is relaxed once per single scf iteration

          multipole expansion coefficients =  4

   (mc)sor:
          sor method used for relaxing orbitals and potentials
          ordering: middle 

                            (mc)sor iterations
                            orbital  potentials
             1 sigma   g       10        10

          overrelaxation parameters:   orbitals       potentials 
                                        1.950       1.977   1.977

   machine accuracy      =    0.11E-15

   constants: 
               pi        =    0.3141592653589793E+01
               bohr      =    0.5291772490000000E+00 angstroms


   memory usage:
          text+data                                      0.9 MB 
          bss (common block contributions)              97.1 MB
          dynamical allocation                          11.7 MB 
              orbitals + Coulomb potentials              0.6 MB
              exchange potentials                        0.0 MB

////////////////////////////////////////////////////////////////////////////////////////////////

 ... initializing orbitals from hydrogenic functions ...
 ... initializing Coulomb potentials ...
 ... initializing exchange potentials ...
 ... initializing multipole moment coefficients ...
 ... initializing Lagrange multipliers ...

 total energy:                 -0.5537714953187387E+00
 total electronic energy:      -0.1053771495318739E+01
 virial ratio:                 -0.2433684597606621E+01

   scf  orbital              energy              energy diff        1-norm         overlap
    1   1 sigma   g   -.1076617105264773E+01       -0.23E-01        0.81E-01
    1   1 sigma   g   -.1076617105264773E+01       -0.23E-01        0.81E-01
    2   1 sigma   g   -.1086301113642775E+01       -0.97E-02        0.69E-01
    2   1 sigma   g   -.1086301113642775E+01       -0.97E-02        0.69E-01
    3   1 sigma   g   -.1092175268392512E+01       -0.59E-02        0.51E-01
    3   1 sigma   g   -.1092175268392512E+01       -0.59E-02        0.51E-01
    4   1 sigma   g   -.1096152324902857E+01       -0.40E-02        0.36E-01
    4   1 sigma   g   -.1096152324902857E+01       -0.40E-02        0.36E-01
    5   1 sigma   g   -.1098798694810737E+01       -0.26E-02        0.26E-01
    5   1 sigma   g   -.1098798694810737E+01       -0.26E-02        0.26E-01
    6   1 sigma   g   -.1100409644356248E+01       -0.16E-02        0.20E-01
    6   1 sigma   g   -.1100409644356248E+01       -0.16E-02        0.20E-01
    7   1 sigma   g   -.1101620174351400E+01       -0.12E-02        0.14E-01
    7   1 sigma   g   -.1101620174351400E+01       -0.12E-02        0.14E-01
    8   1 sigma   g   -.1101872269628157E+01       -0.25E-03        0.10E-01
    8   1 sigma   g   -.1101872269628157E+01       -0.25E-03        0.10E-01
    9   1 sigma   g   -.1101995472344259E+01       -0.12E-03        0.72E-02
    9   1 sigma   g   -.1101995472344259E+01       -0.12E-03        0.72E-02
   10   1 sigma   g   -.1102040828935554E+01       -0.45E-04        0.48E-02
   10   1 sigma   g   -.1102040828935554E+01       -0.45E-04        0.48E-02
 ... writing functions to disk (current precision) ...
 total energy:    -0.6020408289355541E+00
   11   1 sigma   g   -.1101852407844276E+01        0.19E-03        0.31E-02
   11   1 sigma   g   -.1101852407844276E+01        0.19E-03        0.31E-02
   12   1 sigma   g   -.1102116031432394E+01       -0.26E-03        0.18E-02
   12   1 sigma   g   -.1102116031432394E+01       -0.26E-03        0.18E-02
   13   1 sigma   g   -.1102340022671407E+01       -0.22E-03        0.97E-03
   13   1 sigma   g   -.1102340022671407E+01       -0.22E-03        0.97E-03
   14   1 sigma   g   -.1102445768084120E+01       -0.11E-03        0.43E-03
   14   1 sigma   g   -.1102445768084120E+01       -0.11E-03        0.43E-03
   15   1 sigma   g   -.1102531611918494E+01       -0.86E-04        0.12E-03
   15   1 sigma   g   -.1102531611918494E+01       -0.86E-04        0.12E-03
   16   1 sigma   g   -.1102598014516477E+01       -0.66E-04       -0.61E-04
   16   1 sigma   g   -.1102598014516477E+01       -0.66E-04       -0.61E-04
   17   1 sigma   g   -.1102622489517572E+01       -0.24E-04       -0.12E-03
   17   1 sigma   g   -.1102622489517572E+01       -0.24E-04       -0.12E-03
   18   1 sigma   g   -.1102640333242492E+01       -0.18E-04       -0.12E-03
   18   1 sigma   g   -.1102640333242492E+01       -0.18E-04       -0.12E-03
   19   1 sigma   g   -.1102648667842854E+01       -0.83E-05       -0.99E-04
   19   1 sigma   g   -.1102648667842854E+01       -0.83E-05       -0.99E-04
   20   1 sigma   g   -.1102648608674625E+01        0.59E-07       -0.66E-04
   20   1 sigma   g   -.1102648608674625E+01        0.59E-07       -0.66E-04
 ... writing functions to disk (current precision) ...
 total energy:    -0.6026486086746254E+00
   21   1 sigma   g   -.1102646190381767E+01        0.24E-05       -0.42E-04
   21   1 sigma   g   -.1102646190381767E+01        0.24E-05       -0.42E-04
   22   1 sigma   g   -.1102642571966233E+01        0.36E-05       -0.22E-04
   22   1 sigma   g   -.1102642571966233E+01        0.36E-05       -0.22E-04
   23   1 sigma   g   -.1102639012653741E+01        0.36E-05       -0.90E-05
   23   1 sigma   g   -.1102639012653741E+01        0.36E-05       -0.90E-05
   24   1 sigma   g   -.1102636561102554E+01        0.25E-05       -0.14E-05
   24   1 sigma   g   -.1102636561102554E+01        0.25E-05       -0.14E-05
   25   1 sigma   g   -.1102635388918701E+01        0.12E-05        0.15E-05
   25   1 sigma   g   -.1102635388918701E+01        0.12E-05        0.15E-05
   26   1 sigma   g   -.1102635044461059E+01        0.34E-06        0.15E-05
   26   1 sigma   g   -.1102635044461059E+01        0.34E-06        0.15E-05
   27   1 sigma   g   -.1102634835386225E+01        0.21E-06       -0.79E-07
   27   1 sigma   g   -.1102634835386225E+01        0.21E-06       -0.79E-07
   28   1 sigma   g   -.1102634763664165E+01        0.72E-07       -0.62E-06
   28   1 sigma   g   -.1102634763664165E+01        0.72E-07       -0.62E-06
   29   1 sigma   g   -.1102634616990999E+01        0.15E-06       -0.22E-06
   29   1 sigma   g   -.1102634616990999E+01        0.15E-06       -0.22E-06
   30   1 sigma   g   -.1102634427147283E+01        0.19E-06        0.12E-06
   30   1 sigma   g   -.1102634427147283E+01        0.19E-06        0.12E-06
 ... writing functions to disk (current precision) ...
 total energy:    -0.6026344271472834E+00
   31   1 sigma   g   -.1102634322725986E+01        0.10E-06        0.24E-07
   31   1 sigma   g   -.1102634322725986E+01        0.10E-06        0.24E-07
   32   1 sigma   g   -.1102634299537320E+01        0.23E-07       -0.15E-06
   32   1 sigma   g   -.1102634299537320E+01        0.23E-07       -0.15E-06
   33   1 sigma   g   -.1102634273254324E+01        0.26E-07       -0.14E-06
   33   1 sigma   g   -.1102634273254324E+01        0.26E-07       -0.14E-06
   34   1 sigma   g   -.1102634233360377E+01        0.40E-07       -0.80E-07
   34   1 sigma   g   -.1102634233360377E+01        0.40E-07       -0.80E-07
   35   1 sigma   g   -.1102634211732000E+01        0.22E-07       -0.49E-07
   35   1 sigma   g   -.1102634211732000E+01        0.22E-07       -0.49E-07
   36   1 sigma   g   -.1102634204654372E+01        0.71E-08       -0.21E-07
   36   1 sigma   g   -.1102634204654372E+01        0.71E-08       -0.21E-07
   37   1 sigma   g   -.1102634204992500E+01       -0.34E-09       -0.13E-08
   37   1 sigma   g   -.1102634204992500E+01       -0.34E-09       -0.13E-08
   38   1 sigma   g   -.1102634206267180E+01       -0.13E-08        0.61E-08
   38   1 sigma   g   -.1102634206267180E+01       -0.13E-08        0.61E-08
   39   1 sigma   g   -.1102634207140461E+01       -0.87E-09        0.74E-08
   39   1 sigma   g   -.1102634207140461E+01       -0.87E-09        0.74E-08
   40   1 sigma   g   -.1102634209644425E+01       -0.25E-08        0.75E-08
   40   1 sigma   g   -.1102634209644425E+01       -0.25E-08        0.75E-08
 ... writing functions to disk (current precision) ...
 total energy:    -0.6026342096444248E+00
   41   1 sigma   g   -.1102634212010536E+01       -0.24E-08        0.58E-08
   41   1 sigma   g   -.1102634212010536E+01       -0.24E-08        0.58E-08
   42   1 sigma   g   -.1102634212904962E+01       -0.89E-09        0.38E-08
   42   1 sigma   g   -.1102634212904962E+01       -0.89E-09        0.38E-08
   43   1 sigma   g   -.1102634214011762E+01       -0.11E-08        0.22E-08
   43   1 sigma   g   -.1102634214011762E+01       -0.11E-08        0.22E-08
   44   1 sigma   g   -.1102634214588244E+01       -0.58E-09        0.12E-08
   44   1 sigma   g   -.1102634214588244E+01       -0.58E-09        0.12E-08
   45   1 sigma   g   -.1102634214991251E+01       -0.40E-09        0.10E-08
   45   1 sigma   g   -.1102634214991251E+01       -0.40E-09        0.10E-08
   46   1 sigma   g   -.1102634215205089E+01       -0.21E-09        0.76E-09
   46   1 sigma   g   -.1102634215205089E+01       -0.21E-09        0.76E-09
   47   1 sigma   g   -.1102634215329586E+01       -0.12E-09        0.55E-09
   47   1 sigma   g   -.1102634215329586E+01       -0.12E-09        0.55E-09
   48   1 sigma   g   -.1102634215365936E+01       -0.36E-10        0.33E-09
   48   1 sigma   g   -.1102634215365936E+01       -0.36E-10        0.33E-09
   49   1 sigma   g   -.1102634215375861E+01       -0.99E-11        0.12E-09
   49   1 sigma   g   -.1102634215375861E+01       -0.99E-11        0.12E-09
   50   1 sigma   g   -.1102634215364980E+01        0.11E-10       -0.34E-10
   50   1 sigma   g   -.1102634215364980E+01        0.11E-10       -0.34E-10
 ... writing functions to disk (current precision) ...
 total energy:    -0.6026342153649804E+00
   51   1 sigma   g   -.1102634215331135E+01        0.34E-10       -0.12E-09
   51   1 sigma   g   -.1102634215331135E+01        0.34E-10       -0.12E-09
   52   1 sigma   g   -.1102634215287906E+01        0.43E-10       -0.17E-09
   52   1 sigma   g   -.1102634215287906E+01        0.43E-10       -0.17E-09
   53   1 sigma   g   -.1102634215237791E+01        0.50E-10       -0.18E-09
   53   1 sigma   g   -.1102634215237791E+01        0.50E-10       -0.18E-09
   54   1 sigma   g   -.1102634215185077E+01        0.53E-10       -0.18E-09
   54   1 sigma   g   -.1102634215185077E+01        0.53E-10       -0.18E-09
   55   1 sigma   g   -.1102634215134104E+01        0.51E-10       -0.18E-09
   55   1 sigma   g   -.1102634215134104E+01        0.51E-10       -0.18E-09
   56   1 sigma   g   -.1102634215085293E+01        0.49E-10       -0.16E-09
   56   1 sigma   g   -.1102634215085293E+01        0.49E-10       -0.16E-09
   57   1 sigma   g   -.1102634215039547E+01        0.46E-10       -0.15E-09
   57   1 sigma   g   -.1102634215039547E+01        0.46E-10       -0.15E-09
   58   1 sigma   g   -.1102634214997242E+01        0.42E-10       -0.14E-09
   58   1 sigma   g   -.1102634214997242E+01        0.42E-10       -0.14E-09
   59   1 sigma   g   -.1102634214958673E+01        0.39E-10       -0.12E-09
   59   1 sigma   g   -.1102634214958673E+01        0.39E-10       -0.12E-09
   60   1 sigma   g   -.1102634214923550E+01        0.35E-10       -0.11E-09
   60   1 sigma   g   -.1102634214923550E+01        0.35E-10       -0.11E-09
 ... writing functions to disk (current precision) ...
 total energy:    -0.6026342149235497E+00
   61   1 sigma   g   -.1102634214891370E+01        0.32E-10       -0.10E-09
   61   1 sigma   g   -.1102634214891370E+01        0.32E-10       -0.10E-09
   62   1 sigma   g   -.1102634214861769E+01        0.30E-10       -0.94E-10
   62   1 sigma   g   -.1102634214861769E+01        0.30E-10       -0.94E-10
   63   1 sigma   g   -.1102634214834719E+01        0.27E-10       -0.86E-10
   63   1 sigma   g   -.1102634214834719E+01        0.27E-10       -0.86E-10
   64   1 sigma   g   -.1102634214809632E+01        0.25E-10       -0.79E-10
   64   1 sigma   g   -.1102634214809632E+01        0.25E-10       -0.79E-10
   65   1 sigma   g   -.1102634214786558E+01        0.23E-10       -0.73E-10
   65   1 sigma   g   -.1102634214786558E+01        0.23E-10       -0.73E-10
   66   1 sigma   g   -.1102634214765263E+01        0.21E-10       -0.67E-10
   66   1 sigma   g   -.1102634214765263E+01        0.21E-10       -0.67E-10
   67   1 sigma   g   -.1102634214745501E+01        0.20E-10       -0.62E-10
   67   1 sigma   g   -.1102634214745501E+01        0.20E-10       -0.62E-10
   68   1 sigma   g   -.1102634214727255E+01        0.18E-10       -0.58E-10
   68   1 sigma   g   -.1102634214727255E+01        0.18E-10       -0.58E-10
   69   1 sigma   g   -.1102634214710329E+01        0.17E-10       -0.54E-10
   69   1 sigma   g   -.1102634214710329E+01        0.17E-10       -0.54E-10
   70   1 sigma   g   -.1102634214694783E+01        0.16E-10       -0.50E-10
   70   1 sigma   g   -.1102634214694783E+01        0.16E-10       -0.50E-10
 ... writing functions to disk (current precision) ...
 total energy:    -0.6026342146947832E+00
   71   1 sigma   g   -.1102634214680160E+01        0.15E-10       -0.46E-10
   71   1 sigma   g   -.1102634214680160E+01        0.15E-10       -0.46E-10
   72   1 sigma   g   -.1102634214666738E+01        0.13E-10       -0.43E-10
   72   1 sigma   g   -.1102634214666738E+01        0.13E-10       -0.43E-10
   73   1 sigma   g   -.1102634214654307E+01        0.12E-10       -0.39E-10
   73   1 sigma   g   -.1102634214654307E+01        0.12E-10       -0.39E-10
   74   1 sigma   g   -.1102634214642694E+01        0.12E-10       -0.37E-10
   74   1 sigma   g   -.1102634214642694E+01        0.12E-10       -0.37E-10
   75   1 sigma   g   -.1102634214631959E+01        0.11E-10       -0.34E-10
   75   1 sigma   g   -.1102634214631959E+01        0.11E-10       -0.34E-10
   76   1 sigma   g   -.1102634214622078E+01        0.99E-11       -0.31E-10
   76   1 sigma   g   -.1102634214622078E+01        0.99E-11       -0.31E-10
   77   1 sigma   g   -.1102634214612810E+01        0.93E-11       -0.29E-10
   77   1 sigma   g   -.1102634214612810E+01        0.93E-11       -0.29E-10
   78   1 sigma   g   -.1102634214604260E+01        0.85E-11       -0.27E-10
   78   1 sigma   g   -.1102634214604260E+01        0.85E-11       -0.27E-10
   79   1 sigma   g   -.1102634214596375E+01        0.79E-11       -0.25E-10
   79   1 sigma   g   -.1102634214596375E+01        0.79E-11       -0.25E-10
   80   1 sigma   g   -.1102634214589031E+01        0.73E-11       -0.23E-10
   80   1 sigma   g   -.1102634214589031E+01        0.73E-11       -0.23E-10
 ... writing functions to disk (current precision) ...
 total energy:    -0.6026342145890313E+00
   81   1 sigma   g   -.1102634214582169E+01        0.69E-11       -0.22E-10
   81   1 sigma   g   -.1102634214582169E+01        0.69E-11       -0.22E-10
   82   1 sigma   g   -.1102634214575907E+01        0.63E-11       -0.20E-10
   82   1 sigma   g   -.1102634214575907E+01        0.63E-11       -0.20E-10
   83   1 sigma   g   -.1102634214569960E+01        0.59E-11       -0.18E-10
   83   1 sigma   g   -.1102634214569960E+01        0.59E-11       -0.18E-10
   84   1 sigma   g   -.1102634214564516E+01        0.54E-11       -0.17E-10
   84   1 sigma   g   -.1102634214564516E+01        0.54E-11       -0.17E-10
   85   1 sigma   g   -.1102634214559511E+01        0.50E-11       -0.16E-10
   85   1 sigma   g   -.1102634214559511E+01        0.50E-11       -0.16E-10
   86   1 sigma   g   -.1102634214554855E+01        0.47E-11       -0.15E-10
   86   1 sigma   g   -.1102634214554855E+01        0.47E-11       -0.15E-10
   87   1 sigma   g   -.1102634214550512E+01        0.43E-11       -0.14E-10
   87   1 sigma   g   -.1102634214550512E+01        0.43E-11       -0.14E-10
   88   1 sigma   g   -.1102634214546493E+01        0.40E-11       -0.13E-10
   88   1 sigma   g   -.1102634214546493E+01        0.40E-11       -0.13E-10
   89   1 sigma   g   -.1102634214542680E+01        0.38E-11       -0.12E-10
   89   1 sigma   g   -.1102634214542680E+01        0.38E-11       -0.12E-10
   90   1 sigma   g   -.1102634214539269E+01        0.34E-11       -0.11E-10
   90   1 sigma   g   -.1102634214539269E+01        0.34E-11       -0.11E-10
 ... writing functions to disk (current precision) ...
 total energy:    -0.6026342145392687E+00
   91   1 sigma   g   -.1102634214536052E+01        0.32E-11       -0.10E-10
   91   1 sigma   g   -.1102634214536052E+01        0.32E-11       -0.10E-10
   92   1 sigma   g   -.1102634214533106E+01        0.29E-11       -0.93E-11
   92   1 sigma   g   -.1102634214533106E+01        0.29E-11       -0.93E-11
   93   1 sigma   g   -.1102634214530369E+01        0.27E-11       -0.86E-11
   93   1 sigma   g   -.1102634214530369E+01        0.27E-11       -0.86E-11
   94   1 sigma   g   -.1102634214527741E+01        0.26E-11       -0.80E-11
   94   1 sigma   g   -.1102634214527741E+01        0.26E-11       -0.80E-11
   95   1 sigma   g   -.1102634214525420E+01        0.23E-11       -0.75E-11
   95   1 sigma   g   -.1102634214525420E+01        0.23E-11       -0.75E-11
   96   1 sigma   g   -.1102634214523265E+01        0.22E-11       -0.69E-11
   96   1 sigma   g   -.1102634214523265E+01        0.22E-11       -0.69E-11
   97   1 sigma   g   -.1102634214521170E+01        0.21E-11       -0.64E-11
   97   1 sigma   g   -.1102634214521170E+01        0.21E-11       -0.64E-11
   98   1 sigma   g   -.1102634214519278E+01        0.19E-11       -0.59E-11
   98   1 sigma   g   -.1102634214519278E+01        0.19E-11       -0.59E-11
   99   1 sigma   g   -.1102634214517582E+01        0.17E-11       -0.55E-11
   99   1 sigma   g   -.1102634214517582E+01        0.17E-11       -0.55E-11
  100   1 sigma   g   -.1102634214515978E+01        0.16E-11       -0.51E-11
  100   1 sigma   g   -.1102634214515978E+01        0.16E-11       -0.51E-11
 ... writing functions to disk (current precision) ...
 total energy:    -0.6026342145159780E+00
  101   1 sigma   g   -.1102634214514514E+01        0.15E-11       -0.47E-11
  101   1 sigma   g   -.1102634214514514E+01        0.15E-11       -0.47E-11
  102   1 sigma   g   -.1102634214513173E+01        0.13E-11       -0.43E-11
  102   1 sigma   g   -.1102634214513173E+01        0.13E-11       -0.43E-11
  103   1 sigma   g   -.1102634214511828E+01        0.13E-11       -0.40E-11
  103   1 sigma   g   -.1102634214511828E+01        0.13E-11       -0.40E-11
  104   1 sigma   g   -.1102634214510547E+01        0.13E-11       -0.37E-11
  104   1 sigma   g   -.1102634214510547E+01        0.13E-11       -0.37E-11
  105   1 sigma   g   -.1102634214509444E+01        0.11E-11       -0.35E-11
  105   1 sigma   g   -.1102634214509444E+01        0.11E-11       -0.35E-11
  106   1 sigma   g   -.1102634214508427E+01        0.10E-11       -0.32E-11
  106   1 sigma   g   -.1102634214508427E+01        0.10E-11       -0.32E-11
  107   1 sigma   g   -.1102634214507470E+01        0.96E-12       -0.29E-11
  107   1 sigma   g   -.1102634214507470E+01        0.96E-12       -0.29E-11
  108   1 sigma   g   -.1102634214506538E+01        0.93E-12       -0.27E-11
  108   1 sigma   g   -.1102634214506538E+01        0.93E-12       -0.27E-11
  109   1 sigma   g   -.1102634214505779E+01        0.76E-12       -0.25E-11
  109   1 sigma   g   -.1102634214505779E+01        0.76E-12       -0.25E-11
  110   1 sigma   g   -.1102634214504977E+01        0.80E-12       -0.23E-11
  110   1 sigma   g   -.1102634214504977E+01        0.80E-12       -0.23E-11
 ... writing functions to disk (current precision) ...
 total energy:    -0.6026342145049772E+00
  111   1 sigma   g   -.1102634214504363E+01        0.61E-12       -0.22E-11
  111   1 sigma   g   -.1102634214504363E+01        0.61E-12       -0.22E-11
  112   1 sigma   g   -.1102634214503696E+01        0.67E-12       -0.20E-11
  112   1 sigma   g   -.1102634214503696E+01        0.67E-12       -0.20E-11
  113   1 sigma   g   -.1102634214503085E+01        0.61E-12       -0.18E-11
  113   1 sigma   g   -.1102634214503085E+01        0.61E-12       -0.18E-11
  114   1 sigma   g   -.1102634214502490E+01        0.60E-12       -0.17E-11
  114   1 sigma   g   -.1102634214502490E+01        0.60E-12       -0.17E-11
  115   1 sigma   g   -.1102634214501928E+01        0.56E-12       -0.16E-11
  115   1 sigma   g   -.1102634214501928E+01        0.56E-12       -0.16E-11
  116   1 sigma   g   -.1102634214501479E+01        0.45E-12       -0.15E-11
  116   1 sigma   g   -.1102634214501479E+01        0.45E-12       -0.15E-11
  117   1 sigma   g   -.1102634214500988E+01        0.49E-12       -0.13E-11
  117   1 sigma   g   -.1102634214500988E+01        0.49E-12       -0.13E-11
  118   1 sigma   g   -.1102634214500613E+01        0.38E-12       -0.12E-11
  118   1 sigma   g   -.1102634214500613E+01        0.38E-12       -0.12E-11
  119   1 sigma   g   -.1102634214500283E+01        0.33E-12       -0.11E-11
  119   1 sigma   g   -.1102634214500283E+01        0.33E-12       -0.11E-11
  120   1 sigma   g   -.1102634214499862E+01        0.42E-12       -0.10E-11
  120   1 sigma   g   -.1102634214499862E+01        0.42E-12       -0.10E-11
 ... writing functions to disk (current precision) ...
 total energy:    -0.6026342144998615E+00
  121   1 sigma   g   -.1102634214499504E+01        0.36E-12       -0.98E-12
  121   1 sigma   g   -.1102634214499504E+01        0.36E-12       -0.98E-12
  122   1 sigma   g   -.1102634214499233E+01        0.27E-12       -0.90E-12
  122   1 sigma   g   -.1102634214499233E+01        0.27E-12       -0.90E-12
  123   1 sigma   g   -.1102634214498986E+01        0.25E-12       -0.83E-12
  123   1 sigma   g   -.1102634214498986E+01        0.25E-12       -0.83E-12
  124   1 sigma   g   -.1102634214498640E+01        0.35E-12       -0.74E-12
  124   1 sigma   g   -.1102634214498640E+01        0.35E-12       -0.74E-12
  125   1 sigma   g   -.1102634214498481E+01        0.16E-12       -0.71E-12
  125   1 sigma   g   -.1102634214498481E+01        0.16E-12       -0.71E-12
  126   1 sigma   g   -.1102634214498283E+01        0.20E-12       -0.62E-12
  126   1 sigma   g   -.1102634214498283E+01        0.20E-12       -0.62E-12
  127   1 sigma   g   -.1102634214498035E+01        0.25E-12       -0.56E-12
  127   1 sigma   g   -.1102634214498035E+01        0.25E-12       -0.56E-12
  128   1 sigma   g   -.1102634214497785E+01        0.25E-12       -0.52E-12
  128   1 sigma   g   -.1102634214497785E+01        0.25E-12       -0.52E-12
  129   1 sigma   g   -.1102634214497609E+01        0.18E-12       -0.50E-12
  129   1 sigma   g   -.1102634214497609E+01        0.18E-12       -0.50E-12
  130   1 sigma   g   -.1102634214497439E+01        0.17E-12       -0.46E-12
  130   1 sigma   g   -.1102634214497439E+01        0.17E-12       -0.46E-12
 ... writing functions to disk (current precision) ...
 total energy:    -0.6026342144974395E+00
  131   1 sigma   g   -.1102634214497227E+01        0.21E-12       -0.42E-12
  131   1 sigma   g   -.1102634214497227E+01        0.21E-12       -0.42E-12
  132   1 sigma   g   -.1102634214497093E+01        0.13E-12       -0.40E-12
  132   1 sigma   g   -.1102634214497093E+01        0.13E-12       -0.40E-12
  133   1 sigma   g   -.1102634214496949E+01        0.14E-12       -0.37E-12
  133   1 sigma   g   -.1102634214496949E+01        0.14E-12       -0.37E-12
  134   1 sigma   g   -.1102634214496917E+01        0.33E-13       -0.33E-12
  134   1 sigma   g   -.1102634214496917E+01        0.33E-13       -0.33E-12
  135   1 sigma   g   -.1102634214496827E+01        0.89E-13       -0.27E-12
  135   1 sigma   g   -.1102634214496827E+01        0.89E-13       -0.27E-12
  136   1 sigma   g   -.1102634214496671E+01        0.16E-12       -0.24E-12
  136   1 sigma   g   -.1102634214496671E+01        0.16E-12       -0.24E-12
  137   1 sigma   g   -.1102634214496566E+01        0.11E-12       -0.22E-12
  137   1 sigma   g   -.1102634214496566E+01        0.11E-12       -0.22E-12
  138   1 sigma   g   -.1102634214496484E+01        0.81E-13       -0.21E-12
  138   1 sigma   g   -.1102634214496484E+01        0.81E-13       -0.21E-12
  139   1 sigma   g   -.1102634214496353E+01        0.13E-12       -0.19E-12
  139   1 sigma   g   -.1102634214496353E+01        0.13E-12       -0.19E-12
  140   1 sigma   g   -.1102634214496260E+01        0.93E-13       -0.18E-12
  140   1 sigma   g   -.1102634214496260E+01        0.93E-13       -0.18E-12
 ... writing functions to disk (current precision) ...
 total energy:    -0.6026342144962602E+00
  141   1 sigma   g   -.1102634214496270E+01       -0.93E-14       -0.17E-12
  141   1 sigma   g   -.1102634214496270E+01       -0.93E-14       -0.17E-12
  142   1 sigma   g   -.1102634214496238E+01        0.32E-13       -0.12E-12
  142   1 sigma   g   -.1102634214496238E+01        0.32E-13       -0.12E-12
  143   1 sigma   g   -.1102634214496113E+01        0.12E-12       -0.99E-13
  143   1 sigma   g   -.1102634214496113E+01        0.12E-12       -0.99E-13
  144   1 sigma   g   -.1102634214496100E+01        0.14E-13       -0.11E-12
  144   1 sigma   g   -.1102634214496100E+01        0.14E-13       -0.11E-12
  145   1 sigma   g   -.1102634214496068E+01        0.31E-13       -0.73E-13
  145   1 sigma   g   -.1102634214496068E+01        0.31E-13       -0.73E-13
  146   1 sigma   g   -.1102634214495993E+01        0.75E-13       -0.56E-13
  146   1 sigma   g   -.1102634214495993E+01        0.75E-13       -0.56E-13
  147   1 sigma   g   -.1102634214495945E+01        0.48E-13       -0.52E-13
  147   1 sigma   g   -.1102634214495945E+01        0.48E-13       -0.52E-13
  148   1 sigma   g   -.1102634214495878E+01        0.67E-13       -0.40E-13
  148   1 sigma   g   -.1102634214495878E+01        0.67E-13       -0.40E-13
  149   1 sigma   g   -.1102634214495749E+01        0.13E-12       -0.46E-13
  149   1 sigma   g   -.1102634214495749E+01        0.13E-12       -0.46E-13
  150   1 sigma   g   -.1102634214495753E+01       -0.40E-14       -0.61E-13
  150   1 sigma   g   -.1102634214495753E+01       -0.40E-14       -0.61E-13
 ... writing functions to disk (current precision) ...
 total energy:    -0.6026342144957535E+00
  151   1 sigma   g   -.1102634214495695E+01        0.58E-13       -0.44E-13
  151   1 sigma   g   -.1102634214495695E+01        0.58E-13       -0.44E-13
  152   1 sigma   g   -.1102634214495716E+01       -0.20E-13       -0.36E-13
  152   1 sigma   g   -.1102634214495716E+01       -0.20E-13       -0.36E-13
  153   1 sigma   g   -.1102634214495671E+01        0.44E-13       -0.15E-13
  153   1 sigma   g   -.1102634214495671E+01        0.44E-13       -0.15E-13
  154   1 sigma   g   -.1102634214495645E+01        0.26E-13       -0.18E-13
  154   1 sigma   g   -.1102634214495645E+01        0.26E-13       -0.18E-13
  155   1 sigma   g   -.1102634214495646E+01       -0.67E-15       -0.95E-14
  155   1 sigma   g   -.1102634214495646E+01       -0.67E-15       -0.95E-14
  156   1 sigma   g   -.1102634214495581E+01        0.65E-13        0.26E-14
  156   1 sigma   g   -.1102634214495581E+01        0.65E-13        0.26E-14
  157   1 sigma   g   -.1102634214495526E+01        0.55E-13        0.11E-13
  157   1 sigma   g   -.1102634214495526E+01        0.55E-13        0.11E-13
  158   1 sigma   g   -.1102634214495508E+01        0.18E-13       -0.40E-14
  158   1 sigma   g   -.1102634214495508E+01        0.18E-13       -0.40E-14
  159   1 sigma   g   -.1102634214495450E+01        0.58E-13       -0.29E-14
  159   1 sigma   g   -.1102634214495450E+01        0.58E-13       -0.29E-14
  160   1 sigma   g   -.1102634214495447E+01        0.38E-14       -0.91E-14
  160   1 sigma   g   -.1102634214495447E+01        0.38E-14       -0.91E-14
 ... writing functions to disk (current precision) ...
 total energy:    -0.6026342144954466E+00
  161   1 sigma   g   -.1102634214495507E+01       -0.60E-13        0.56E-15
  161   1 sigma   g   -.1102634214495507E+01       -0.60E-13        0.56E-15
  162   1 sigma   g   -.1102634214495447E+01        0.60E-13        0.33E-13
  162   1 sigma   g   -.1102634214495447E+01        0.60E-13        0.33E-13
  163   1 sigma   g   -.1102634214495410E+01        0.36E-13        0.22E-13
  163   1 sigma   g   -.1102634214495410E+01        0.36E-13        0.22E-13
  164   1 sigma   g   -.1102634214495425E+01       -0.15E-13        0.12E-13
  164   1 sigma   g   -.1102634214495425E+01       -0.15E-13        0.12E-13
  165   1 sigma   g   -.1102634214495397E+01        0.28E-13        0.31E-13
  165   1 sigma   g   -.1102634214495397E+01        0.28E-13        0.31E-13
  166   1 sigma   g   -.1102634214495361E+01        0.36E-13        0.26E-13
  166   1 sigma   g   -.1102634214495361E+01        0.36E-13        0.26E-13
  167   1 sigma   g   -.1102634214495379E+01       -0.18E-13        0.19E-13
  167   1 sigma   g   -.1102634214495379E+01       -0.18E-13        0.19E-13
  168   1 sigma   g   -.1102634214495450E+01       -0.71E-13        0.35E-13
  168   1 sigma   g   -.1102634214495450E+01       -0.71E-13        0.35E-13
  169   1 sigma   g   -.1102634214495362E+01        0.88E-13        0.65E-13
  169   1 sigma   g   -.1102634214495362E+01        0.88E-13        0.65E-13
  170   1 sigma   g   -.1102634214495364E+01       -0.27E-14        0.35E-13
  170   1 sigma   g   -.1102634214495364E+01       -0.27E-14        0.35E-13
 ... writing functions to disk (current precision) ...
 total energy:    -0.6026342144953643E+00
  171   1 sigma   g   -.1102634214495395E+01       -0.30E-13        0.47E-13
  171   1 sigma   g   -.1102634214495395E+01       -0.30E-13        0.47E-13
  172   1 sigma   g   -.1102634214495374E+01        0.21E-13        0.50E-13
  172   1 sigma   g   -.1102634214495374E+01        0.21E-13        0.50E-13
  173   1 sigma   g   -.1102634214495317E+01        0.57E-13        0.59E-13
  173   1 sigma   g   -.1102634214495317E+01        0.57E-13        0.59E-13
  174   1 sigma   g   -.1102634214495398E+01       -0.81E-13        0.32E-13
  174   1 sigma   g   -.1102634214495398E+01       -0.81E-13        0.32E-13
  175   1 sigma   g   -.1102634214495399E+01       -0.44E-15        0.72E-13
  175   1 sigma   g   -.1102634214495399E+01       -0.44E-15        0.72E-13
  176   1 sigma   g   -.1102634214495388E+01        0.11E-13        0.79E-13
  176   1 sigma   g   -.1102634214495388E+01        0.11E-13        0.79E-13
  177   1 sigma   g   -.1102634214495360E+01        0.28E-13        0.73E-13
  177   1 sigma   g   -.1102634214495360E+01        0.28E-13        0.73E-13
  178   1 sigma   g   -.1102634214495397E+01       -0.37E-13        0.65E-13
  178   1 sigma   g   -.1102634214495397E+01       -0.37E-13        0.65E-13
  179   1 sigma   g   -.1102634214495396E+01        0.89E-15        0.80E-13
  179   1 sigma   g   -.1102634214495396E+01        0.89E-15        0.80E-13
  180   1 sigma   g   -.1102634214495340E+01        0.57E-13        0.85E-13
  180   1 sigma   g   -.1102634214495340E+01        0.57E-13        0.85E-13
 ... writing functions to disk (current precision) ...
 total energy:    -0.6026342144953396E+00
  181   1 sigma   g   -.1102634214495333E+01        0.67E-14        0.61E-13
  181   1 sigma   g   -.1102634214495333E+01        0.67E-14        0.61E-13
  182   1 sigma   g   -.1102634214495378E+01       -0.45E-13        0.63E-13
  182   1 sigma   g   -.1102634214495378E+01       -0.45E-13        0.63E-13
  183   1 sigma   g   -.1102634214495348E+01        0.30E-13        0.79E-13
  183   1 sigma   g   -.1102634214495348E+01        0.30E-13        0.79E-13
  184   1 sigma   g   -.1102634214495404E+01       -0.56E-13        0.75E-13
  184   1 sigma   g   -.1102634214495404E+01       -0.56E-13        0.75E-13
  185   1 sigma   g   -.1102634214495356E+01        0.48E-13        0.84E-13
  185   1 sigma   g   -.1102634214495356E+01        0.48E-13        0.84E-13
  186   1 sigma   g   -.1102634214495323E+01        0.32E-13        0.78E-13
  186   1 sigma   g   -.1102634214495323E+01        0.32E-13        0.78E-13
  187   1 sigma   g   -.1102634214495346E+01       -0.23E-13        0.70E-13
  187   1 sigma   g   -.1102634214495346E+01       -0.23E-13        0.70E-13
  188   1 sigma   g   -.1102634214495357E+01       -0.11E-13        0.74E-13
  188   1 sigma   g   -.1102634214495357E+01       -0.11E-13        0.74E-13
  189   1 sigma   g   -.1102634214495250E+01        0.11E-12        0.85E-13
  189   1 sigma   g   -.1102634214495250E+01        0.11E-12        0.85E-13
  190   1 sigma   g   -.1102634214495234E+01        0.16E-13        0.46E-13
  190   1 sigma   g   -.1102634214495234E+01        0.16E-13        0.46E-13
 ... writing functions to disk (current precision) ...
 total energy:    -0.6026342144952337E+00
  191   1 sigma   g   -.1102634214495236E+01       -0.24E-14        0.38E-13
  191   1 sigma   g   -.1102634214495236E+01       -0.24E-14        0.38E-13
  192   1 sigma   g   -.1102634214495249E+01       -0.12E-13        0.43E-13
  192   1 sigma   g   -.1102634214495249E+01       -0.12E-13        0.43E-13
  193   1 sigma   g   -.1102634214495261E+01       -0.12E-13        0.53E-13
  193   1 sigma   g   -.1102634214495261E+01       -0.12E-13        0.53E-13
  194   1 sigma   g   -.1102634214495243E+01        0.18E-13        0.55E-13
  194   1 sigma   g   -.1102634214495243E+01        0.18E-13        0.55E-13
  195   1 sigma   g   -.1102634214495243E+01       -0.22E-15        0.45E-13
  195   1 sigma   g   -.1102634214495243E+01       -0.22E-15        0.45E-13
  196   1 sigma   g   -.1102634214495272E+01       -0.29E-13        0.59E-13
  196   1 sigma   g   -.1102634214495272E+01       -0.29E-13        0.59E-13
  197   1 sigma   g   -.1102634214495264E+01        0.75E-14        0.59E-13
  197   1 sigma   g   -.1102634214495264E+01        0.75E-14        0.59E-13
  198   1 sigma   g   -.1102634214495276E+01       -0.11E-13        0.64E-13
  198   1 sigma   g   -.1102634214495276E+01       -0.11E-13        0.64E-13
  199   1 sigma   g   -.1102634214495284E+01       -0.82E-14        0.68E-13
  199   1 sigma   g   -.1102634214495284E+01       -0.82E-14        0.68E-13
  200   1 sigma   g   -.1102634214495312E+01       -0.28E-13        0.67E-13
  200   1 sigma   g   -.1102634214495312E+01       -0.28E-13        0.67E-13
 ... writing functions to disk (current precision) ...
 total energy:    -0.6026342144953118E+00
  201   1 sigma   g   -.1102634214495357E+01       -0.45E-13        0.75E-13
  201   1 sigma   g   -.1102634214495357E+01       -0.45E-13        0.75E-13
  202   1 sigma   g   -.1102634214495329E+01        0.28E-13        0.10E-12
  202   1 sigma   g   -.1102634214495329E+01        0.28E-13        0.10E-12
  203   1 sigma   g   -.1102634214495343E+01       -0.14E-13        0.87E-13
  203   1 sigma   g   -.1102634214495343E+01       -0.14E-13        0.87E-13
  204   1 sigma   g   -.1102634214495313E+01        0.30E-13        0.95E-13
  204   1 sigma   g   -.1102634214495313E+01        0.30E-13        0.95E-13
  205   1 sigma   g   -.1102634214495325E+01       -0.13E-13        0.73E-13
  205   1 sigma   g   -.1102634214495325E+01       -0.13E-13        0.73E-13
  206   1 sigma   g   -.1102634214495303E+01        0.22E-13        0.78E-13
  206   1 sigma   g   -.1102634214495303E+01        0.22E-13        0.78E-13
  207   1 sigma   g   -.1102634214495349E+01       -0.45E-13        0.74E-13
  207   1 sigma   g   -.1102634214495349E+01       -0.45E-13        0.74E-13
  208   1 sigma   g   -.1102634214495350E+01       -0.11E-14        0.90E-13
  208   1 sigma   g   -.1102634214495350E+01       -0.11E-14        0.90E-13
  209   1 sigma   g   -.1102634214495322E+01        0.28E-13        0.90E-13
  209   1 sigma   g   -.1102634214495322E+01        0.28E-13        0.90E-13
  210   1 sigma   g   -.1102634214495294E+01        0.28E-13        0.79E-13
  210   1 sigma   g   -.1102634214495294E+01        0.28E-13        0.79E-13
 ... writing functions to disk (current precision) ...
 total energy:    -0.6026342144952943E+00
  211   1 sigma   g   -.1102634214495335E+01       -0.41E-13        0.73E-13
  211   1 sigma   g   -.1102634214495335E+01       -0.41E-13        0.73E-13
  212   1 sigma   g   -.1102634214495328E+01        0.73E-14        0.88E-13
  212   1 sigma   g   -.1102634214495328E+01        0.73E-14        0.88E-13
  213   1 sigma   g   -.1102634214495322E+01        0.58E-14        0.89E-13
  213   1 sigma   g   -.1102634214495322E+01        0.58E-14        0.89E-13
  214   1 sigma   g   -.1102634214495252E+01        0.70E-13        0.81E-13
  214   1 sigma   g   -.1102634214495252E+01        0.70E-13        0.81E-13
  215   1 sigma   g   -.1102634214495240E+01        0.13E-13        0.58E-13
  215   1 sigma   g   -.1102634214495240E+01        0.13E-13        0.58E-13
  216   1 sigma   g   -.1102634214495278E+01       -0.38E-13        0.48E-13
  216   1 sigma   g   -.1102634214495278E+01       -0.38E-13        0.48E-13
  217   1 sigma   g   -.1102634214495296E+01       -0.18E-13        0.68E-13
  217   1 sigma   g   -.1102634214495296E+01       -0.18E-13        0.68E-13
  218   1 sigma   g   -.1102634214495257E+01        0.39E-13        0.70E-13
  218   1 sigma   g   -.1102634214495257E+01        0.39E-13        0.70E-13
  219   1 sigma   g   -.1102634214495234E+01        0.23E-13        0.65E-13
  219   1 sigma   g   -.1102634214495234E+01        0.23E-13        0.65E-13
  220   1 sigma   g   -.1102634214495226E+01        0.75E-14        0.55E-13
  220   1 sigma   g   -.1102634214495226E+01        0.75E-14        0.55E-13
 ... writing functions to disk (current precision) ...
 total energy:    -0.6026342144952264E+00
  221   1 sigma   g   -.1102634214495286E+01       -0.60E-13        0.47E-13
  221   1 sigma   g   -.1102634214495286E+01       -0.60E-13        0.47E-13
  222   1 sigma   g   -.1102634214495256E+01        0.31E-13        0.73E-13
  222   1 sigma   g   -.1102634214495256E+01        0.31E-13        0.73E-13
  223   1 sigma   g   -.1102634214495281E+01       -0.26E-13        0.61E-13
  223   1 sigma   g   -.1102634214495281E+01       -0.26E-13        0.61E-13
  224   1 sigma   g   -.1102634214495334E+01       -0.53E-13        0.73E-13
  224   1 sigma   g   -.1102634214495334E+01       -0.53E-13        0.73E-13
  225   1 sigma   g   -.1102634214495294E+01        0.40E-13        0.88E-13
  225   1 sigma   g   -.1102634214495294E+01        0.40E-13        0.88E-13
  226   1 sigma   g   -.1102634214495340E+01       -0.46E-13        0.86E-13
  226   1 sigma   g   -.1102634214495340E+01       -0.46E-13        0.86E-13
  227   1 sigma   g   -.1102634214495339E+01        0.67E-15        0.94E-13
  227   1 sigma   g   -.1102634214495339E+01        0.67E-15        0.94E-13
  228   1 sigma   g   -.1102634214495334E+01        0.56E-14        0.94E-13
  228   1 sigma   g   -.1102634214495334E+01        0.56E-14        0.94E-13
  229   1 sigma   g   -.1102634214495315E+01        0.19E-13        0.92E-13
  229   1 sigma   g   -.1102634214495315E+01        0.19E-13        0.92E-13
  230   1 sigma   g   -.1102634214495298E+01        0.17E-13        0.82E-13
  230   1 sigma   g   -.1102634214495298E+01        0.17E-13        0.82E-13
 ... writing functions to disk (current precision) ...
 total energy:    -0.6026342144952979E+00
  231   1 sigma   g   -.1102634214495288E+01        0.10E-13        0.73E-13
  231   1 sigma   g   -.1102634214495288E+01        0.10E-13        0.73E-13
  232   1 sigma   g   -.1102634214495262E+01        0.26E-13        0.69E-13
  232   1 sigma   g   -.1102634214495262E+01        0.26E-13        0.69E-13
  233   1 sigma   g   -.1102634214495266E+01       -0.44E-14        0.65E-13
  233   1 sigma   g   -.1102634214495266E+01       -0.44E-14        0.65E-13
  234   1 sigma   g   -.1102634214495298E+01       -0.32E-13        0.66E-13
  234   1 sigma   g   -.1102634214495298E+01       -0.32E-13        0.66E-13
  235   1 sigma   g   -.1102634214495262E+01        0.36E-13        0.80E-13
  235   1 sigma   g   -.1102634214495262E+01        0.36E-13        0.80E-13
  236   1 sigma   g   -.1102634214495228E+01        0.34E-13        0.61E-13
  236   1 sigma   g   -.1102634214495228E+01        0.34E-13        0.61E-13
  237   1 sigma   g   -.1102634214495256E+01       -0.28E-13        0.49E-13
  237   1 sigma   g   -.1102634214495256E+01       -0.28E-13        0.49E-13
  238   1 sigma   g   -.1102634214495261E+01       -0.49E-14        0.63E-13
  238   1 sigma   g   -.1102634214495261E+01       -0.49E-14        0.63E-13
  239   1 sigma   g   -.1102634214495258E+01        0.24E-14        0.67E-13
  239   1 sigma   g   -.1102634214495258E+01        0.24E-14        0.67E-13
  240   1 sigma   g   -.1102634214495276E+01       -0.18E-13        0.65E-13
  240   1 sigma   g   -.1102634214495276E+01       -0.18E-13        0.65E-13
 ... writing functions to disk (current precision) ...
 total energy:    -0.6026342144952763E+00
  241   1 sigma   g   -.1102634214495252E+01        0.24E-13        0.73E-13
  241   1 sigma   g   -.1102634214495252E+01        0.24E-13        0.73E-13
  242   1 sigma   g   -.1102634214495206E+01        0.46E-13        0.64E-13
  242   1 sigma   g   -.1102634214495206E+01        0.46E-13        0.64E-13
  243   1 sigma   g   -.1102634214495188E+01        0.18E-13        0.43E-13
  243   1 sigma   g   -.1102634214495188E+01        0.18E-13        0.43E-13
  244   1 sigma   g   -.1102634214495251E+01       -0.63E-13        0.39E-13
  244   1 sigma   g   -.1102634214495251E+01       -0.63E-13        0.39E-13
  245   1 sigma   g   -.1102634214495273E+01       -0.22E-13        0.65E-13
  245   1 sigma   g   -.1102634214495273E+01       -0.22E-13        0.65E-13
  246   1 sigma   g   -.1102634214495245E+01        0.28E-13        0.71E-13
  246   1 sigma   g   -.1102634214495245E+01        0.28E-13        0.71E-13
  247   1 sigma   g   -.1102634214495280E+01       -0.36E-13        0.60E-13
  247   1 sigma   g   -.1102634214495280E+01       -0.36E-13        0.60E-13
  248   1 sigma   g   -.1102634214495318E+01       -0.38E-13        0.74E-13
  248   1 sigma   g   -.1102634214495318E+01       -0.38E-13        0.74E-13
  249   1 sigma   g   -.1102634214495266E+01        0.52E-13        0.85E-13
  249   1 sigma   g   -.1102634214495266E+01        0.52E-13        0.85E-13
  250   1 sigma   g   -.1102634214495283E+01       -0.17E-13        0.68E-13
  250   1 sigma   g   -.1102634214495283E+01       -0.17E-13        0.68E-13
 ... writing functions to disk (current precision) ...
 total energy:    -0.6026342144952830E+00
  251   1 sigma   g   -.1102634214495314E+01       -0.31E-13        0.72E-13
  251   1 sigma   g   -.1102634214495314E+01       -0.31E-13        0.72E-13
  252   1 sigma   g   -.1102634214495289E+01        0.25E-13        0.82E-13
  252   1 sigma   g   -.1102634214495289E+01        0.25E-13        0.82E-13
  253   1 sigma   g   -.1102634214495314E+01       -0.25E-13        0.74E-13
  253   1 sigma   g   -.1102634214495314E+01       -0.25E-13        0.74E-13
  254   1 sigma   g   -.1102634214495332E+01       -0.19E-13        0.83E-13
  254   1 sigma   g   -.1102634214495332E+01       -0.19E-13        0.83E-13
  255   1 sigma   g   -.1102634214495348E+01       -0.16E-13        0.88E-13
  255   1 sigma   g   -.1102634214495348E+01       -0.16E-13        0.88E-13
  256   1 sigma   g   -.1102634214495308E+01        0.40E-13        0.96E-13
  256   1 sigma   g   -.1102634214495308E+01        0.40E-13        0.96E-13
  257   1 sigma   g   -.1102634214495246E+01        0.62E-13        0.78E-13
  257   1 sigma   g   -.1102634214495246E+01        0.62E-13        0.78E-13
  258   1 sigma   g   -.1102634214495285E+01       -0.39E-13        0.56E-13
  258   1 sigma   g   -.1102634214495285E+01       -0.39E-13        0.56E-13
  259   1 sigma   g   -.1102634214495288E+01       -0.31E-14        0.70E-13
  259   1 sigma   g   -.1102634214495288E+01       -0.31E-14        0.70E-13
  260   1 sigma   g   -.1102634214495291E+01       -0.24E-14        0.72E-13
  260   1 sigma   g   -.1102634214495291E+01       -0.24E-14        0.72E-13
 ... writing functions to disk (current precision) ...
 total energy:    -0.6026342144952908E+00
  261   1 sigma   g   -.1102634214495293E+01       -0.18E-14        0.72E-13
  261   1 sigma   g   -.1102634214495293E+01       -0.18E-14        0.72E-13
  262   1 sigma   g   -.1102634214495228E+01        0.64E-13        0.74E-13
  262   1 sigma   g   -.1102634214495228E+01        0.64E-13        0.74E-13
  263   1 sigma   g   -.1102634214495247E+01       -0.19E-13        0.47E-13
  263   1 sigma   g   -.1102634214495247E+01       -0.19E-13        0.47E-13
  264   1 sigma   g   -.1102634214495249E+01       -0.24E-14        0.57E-13
  264   1 sigma   g   -.1102634214495249E+01       -0.24E-14        0.57E-13
  265   1 sigma   g   -.1102634214495251E+01       -0.16E-14        0.58E-13
  265   1 sigma   g   -.1102634214495251E+01       -0.16E-14        0.58E-13
  266   1 sigma   g   -.1102634214495250E+01        0.67E-15        0.60E-13
  266   1 sigma   g   -.1102634214495250E+01        0.67E-15        0.60E-13
  267   1 sigma   g   -.1102634214495293E+01       -0.42E-13        0.60E-13
  267   1 sigma   g   -.1102634214495293E+01       -0.42E-13        0.60E-13
  268   1 sigma   g   -.1102634214495313E+01       -0.20E-13        0.77E-13
  268   1 sigma   g   -.1102634214495313E+01       -0.20E-13        0.77E-13
  269   1 sigma   g   -.1102634214495287E+01        0.26E-13        0.80E-13
  269   1 sigma   g   -.1102634214495287E+01        0.26E-13        0.80E-13
  270   1 sigma   g   -.1102634214495301E+01       -0.14E-13        0.74E-13
  270   1 sigma   g   -.1102634214495301E+01       -0.14E-13        0.74E-13
 ... writing functions to disk (current precision) ...
 total energy:    -0.6026342144953010E+00
  271   1 sigma   g   -.1102634214495311E+01       -0.10E-13        0.78E-13
  271   1 sigma   g   -.1102634214495311E+01       -0.10E-13        0.78E-13
  272   1 sigma   g   -.1102634214495266E+01        0.45E-13        0.82E-13
  272   1 sigma   g   -.1102634214495266E+01        0.45E-13        0.82E-13
  273   1 sigma   g   -.1102634214495211E+01        0.55E-13        0.63E-13
  273   1 sigma   g   -.1102634214495211E+01        0.55E-13        0.63E-13
  274   1 sigma   g   -.1102634214495225E+01       -0.14E-13        0.41E-13
  274   1 sigma   g   -.1102634214495225E+01       -0.14E-13        0.41E-13
  275   1 sigma   g   -.1102634214495247E+01       -0.22E-13        0.48E-13
  275   1 sigma   g   -.1102634214495247E+01       -0.22E-13        0.48E-13
  276   1 sigma   g   -.1102634214495274E+01       -0.27E-13        0.57E-13
  276   1 sigma   g   -.1102634214495274E+01       -0.27E-13        0.57E-13
  277   1 sigma   g   -.1102634214495316E+01       -0.42E-13        0.70E-13
  277   1 sigma   g   -.1102634214495316E+01       -0.42E-13        0.70E-13
  278   1 sigma   g   -.1102634214495257E+01        0.59E-13        0.85E-13
  278   1 sigma   g   -.1102634214495257E+01        0.59E-13        0.85E-13
  279   1 sigma   g   -.1102634214495317E+01       -0.60E-13        0.62E-13
  279   1 sigma   g   -.1102634214495317E+01       -0.60E-13        0.62E-13
  280   1 sigma   g   -.1102634214495361E+01       -0.45E-13        0.84E-13
  280   1 sigma   g   -.1102634214495361E+01       -0.45E-13        0.84E-13
 ... writing functions to disk (current precision) ...
 total energy:    -0.6026342144953614E+00
  281   1 sigma   g   -.1102634214495364E+01       -0.27E-14        0.99E-13
  281   1 sigma   g   -.1102634214495364E+01       -0.27E-14        0.99E-13
  282   1 sigma   g   -.1102634214495291E+01        0.73E-13        0.10E-12
  282   1 sigma   g   -.1102634214495291E+01        0.73E-13        0.10E-12
  283   1 sigma   g   -.1102634214495306E+01       -0.16E-13        0.76E-13
  283   1 sigma   g   -.1102634214495306E+01       -0.16E-13        0.76E-13
  284   1 sigma   g   -.1102634214495315E+01       -0.91E-14        0.76E-13
  284   1 sigma   g   -.1102634214495315E+01       -0.91E-14        0.76E-13
  285   1 sigma   g   -.1102634214495332E+01       -0.17E-13        0.80E-13
  285   1 sigma   g   -.1102634214495332E+01       -0.17E-13        0.80E-13
  286   1 sigma   g   -.1102634214495329E+01        0.31E-14        0.86E-13
  286   1 sigma   g   -.1102634214495329E+01        0.31E-14        0.86E-13
  287   1 sigma   g   -.1102634214495292E+01        0.38E-13        0.86E-13
  287   1 sigma   g   -.1102634214495292E+01        0.38E-13        0.86E-13
  288   1 sigma   g   -.1102634214495324E+01       -0.32E-13        0.71E-13
  288   1 sigma   g   -.1102634214495324E+01       -0.32E-13        0.71E-13
  289   1 sigma   g   -.1102634214495324E+01        0.20E-15        0.83E-13
  289   1 sigma   g   -.1102634214495324E+01        0.20E-15        0.83E-13
  290   1 sigma   g   -.1102634214495283E+01        0.41E-13        0.83E-13
  290   1 sigma   g   -.1102634214495283E+01        0.41E-13        0.83E-13
 ... writing functions to disk (current precision) ...
 total energy:    -0.6026342144952832E+00
  291   1 sigma   g   -.1102634214495337E+01       -0.54E-13        0.68E-13
  291   1 sigma   g   -.1102634214495337E+01       -0.54E-13        0.68E-13
  292   1 sigma   g   -.1102634214495321E+01        0.16E-13        0.88E-13
  292   1 sigma   g   -.1102634214495321E+01        0.16E-13        0.88E-13
  293   1 sigma   g   -.1102634214495243E+01        0.78E-13        0.84E-13
  293   1 sigma   g   -.1102634214495243E+01        0.78E-13        0.84E-13
  294   1 sigma   g   -.1102634214495262E+01       -0.19E-13        0.53E-13
  294   1 sigma   g   -.1102634214495262E+01       -0.19E-13        0.53E-13
  295   1 sigma   g   -.1102634214495251E+01        0.11E-13        0.61E-13
  295   1 sigma   g   -.1102634214495251E+01        0.11E-13        0.61E-13
  296   1 sigma   g   -.1102634214495245E+01        0.58E-14        0.58E-13
  296   1 sigma   g   -.1102634214495245E+01        0.58E-14        0.58E-13
  297   1 sigma   g   -.1102634214495219E+01        0.26E-13        0.56E-13
  297   1 sigma   g   -.1102634214495219E+01        0.26E-13        0.56E-13
  298   1 sigma   g   -.1102634214495229E+01       -0.93E-14        0.47E-13
  298   1 sigma   g   -.1102634214495229E+01       -0.93E-14        0.47E-13
  299   1 sigma   g   -.1102634214495254E+01       -0.26E-13        0.51E-13
  299   1 sigma   g   -.1102634214495254E+01       -0.26E-13        0.51E-13
  300   1 sigma   g   -.1102634214495250E+01        0.44E-14        0.62E-13
  300   1 sigma   g   -.1102634214495250E+01        0.44E-14        0.62E-13
 ... writing functions to disk (current precision) ...
 total energy:    -0.6026342144952499E+00
  301   1 sigma   g   -.1102634214495231E+01        0.19E-13        0.60E-13
  301   1 sigma   g   -.1102634214495231E+01        0.19E-13        0.60E-13
  302   1 sigma   g   -.1102634214495194E+01        0.37E-13        0.53E-13
  302   1 sigma   g   -.1102634214495194E+01        0.37E-13        0.53E-13
  303   1 sigma   g   -.1102634214495244E+01       -0.50E-13        0.42E-13
  303   1 sigma   g   -.1102634214495244E+01       -0.50E-13        0.42E-13
  304   1 sigma   g   -.1102634214495251E+01       -0.64E-14        0.57E-13
  304   1 sigma   g   -.1102634214495251E+01       -0.64E-14        0.57E-13
  305   1 sigma   g   -.1102634214495316E+01       -0.65E-13        0.62E-13
  305   1 sigma   g   -.1102634214495316E+01       -0.65E-13        0.62E-13
  306   1 sigma   g   -.1102634214495375E+01       -0.59E-13        0.88E-13
  306   1 sigma   g   -.1102634214495375E+01       -0.59E-13        0.88E-13
  307   1 sigma   g   -.1102634214495331E+01        0.44E-13        0.11E-12
  307   1 sigma   g   -.1102634214495331E+01        0.44E-13        0.11E-12
  308   1 sigma   g   -.1102634214495279E+01        0.52E-13        0.88E-13
  308   1 sigma   g   -.1102634214495279E+01        0.52E-13        0.88E-13
  309   1 sigma   g   -.1102634214495251E+01        0.28E-13        0.69E-13
  309   1 sigma   g   -.1102634214495251E+01        0.28E-13        0.69E-13
  310   1 sigma   g   -.1102634214495294E+01       -0.43E-13        0.58E-13
  310   1 sigma   g   -.1102634214495294E+01       -0.43E-13        0.58E-13
 ... writing functions to disk (current precision) ...
 total energy:    -0.6026342144952939E+00
  311   1 sigma   g   -.1102634214495293E+01        0.44E-15        0.71E-13
  311   1 sigma   g   -.1102634214495293E+01        0.44E-15        0.71E-13
  312   1 sigma   g   -.1102634214495243E+01        0.51E-13        0.72E-13
  312   1 sigma   g   -.1102634214495243E+01        0.51E-13        0.72E-13
  313   1 sigma   g   -.1102634214495255E+01       -0.12E-13        0.58E-13
  313   1 sigma   g   -.1102634214495255E+01       -0.12E-13        0.58E-13
  314   1 sigma   g   -.1102634214495301E+01       -0.47E-13        0.57E-13
  314   1 sigma   g   -.1102634214495301E+01       -0.47E-13        0.57E-13
  315   1 sigma   g   -.1102634214495303E+01       -0.16E-14        0.78E-13
  315   1 sigma   g   -.1102634214495303E+01       -0.16E-14        0.78E-13
  316   1 sigma   g   -.1102634214495305E+01       -0.20E-14        0.77E-13
  316   1 sigma   g   -.1102634214495305E+01       -0.20E-14        0.77E-13
  317   1 sigma   g   -.1102634214495227E+01        0.77E-13        0.79E-13
  317   1 sigma   g   -.1102634214495227E+01        0.77E-13        0.79E-13
  318   1 sigma   g   -.1102634214495167E+01        0.60E-13        0.51E-13
  318   1 sigma   g   -.1102634214495167E+01        0.60E-13        0.51E-13
  319   1 sigma   g   -.1102634214495255E+01       -0.88E-13        0.24E-13
  319   1 sigma   g   -.1102634214495255E+01       -0.88E-13        0.24E-13
  320   1 sigma   g   -.1102634214495271E+01       -0.16E-13        0.61E-13
  320   1 sigma   g   -.1102634214495271E+01       -0.16E-13        0.61E-13
 ... writing functions to disk (current precision) ...
 total energy:    -0.6026342144952710E+00
  321   1 sigma   g   -.1102634214495307E+01       -0.36E-13        0.71E-13
  321   1 sigma   g   -.1102634214495307E+01       -0.36E-13        0.71E-13
  322   1 sigma   g   -.1102634214495222E+01        0.85E-13        0.82E-13
  322   1 sigma   g   -.1102634214495222E+01        0.85E-13        0.82E-13
  323   1 sigma   g   -.1102634214495183E+01        0.39E-13        0.48E-13
  323   1 sigma   g   -.1102634214495183E+01        0.39E-13        0.48E-13
  324   1 sigma   g   -.1102634214495166E+01        0.16E-13        0.33E-13
  324   1 sigma   g   -.1102634214495166E+01        0.16E-13        0.33E-13
  325   1 sigma   g   -.1102634214495188E+01       -0.22E-13        0.26E-13
  325   1 sigma   g   -.1102634214495188E+01       -0.22E-13        0.26E-13
  326   1 sigma   g   -.1102634214495229E+01       -0.41E-13        0.38E-13
  326   1 sigma   g   -.1102634214495229E+01       -0.41E-13        0.38E-13
  327   1 sigma   g   -.1102634214495270E+01       -0.42E-13        0.54E-13
  327   1 sigma   g   -.1102634214495270E+01       -0.42E-13        0.54E-13
  328   1 sigma   g   -.1102634214495243E+01        0.27E-13        0.70E-13
  328   1 sigma   g   -.1102634214495243E+01        0.27E-13        0.70E-13
  329   1 sigma   g   -.1102634214495198E+01        0.45E-13        0.60E-13
  329   1 sigma   g   -.1102634214495198E+01        0.45E-13        0.60E-13
  330   1 sigma   g   -.1102634214495257E+01       -0.58E-13        0.43E-13
  330   1 sigma   g   -.1102634214495257E+01       -0.58E-13        0.43E-13
 ... writing functions to disk (current precision) ...
 total energy:    -0.6026342144952568E+00
  331   1 sigma   g   -.1102634214495249E+01        0.73E-14        0.63E-13
  331   1 sigma   g   -.1102634214495249E+01        0.73E-14        0.63E-13
  332   1 sigma   g   -.1102634214495263E+01       -0.14E-13        0.61E-13
  332   1 sigma   g   -.1102634214495263E+01       -0.14E-13        0.61E-13
  333   1 sigma   g   -.1102634214495245E+01        0.19E-13        0.67E-13
  333   1 sigma   g   -.1102634214495245E+01        0.19E-13        0.67E-13
  334   1 sigma   g   -.1102634214495275E+01       -0.31E-13        0.58E-13
  334   1 sigma   g   -.1102634214495275E+01       -0.31E-13        0.58E-13
  335   1 sigma   g   -.1102634214495274E+01        0.11E-14        0.70E-13
  335   1 sigma   g   -.1102634214495274E+01        0.11E-14        0.70E-13
  336   1 sigma   g   -.1102634214495298E+01       -0.24E-13        0.69E-13
  336   1 sigma   g   -.1102634214495298E+01       -0.24E-13        0.69E-13
  337   1 sigma   g   -.1102634214495256E+01        0.43E-13        0.76E-13
  337   1 sigma   g   -.1102634214495256E+01        0.43E-13        0.76E-13
  338   1 sigma   g   -.1102634214495265E+01       -0.95E-14        0.62E-13
  338   1 sigma   g   -.1102634214495265E+01       -0.95E-14        0.62E-13
  339   1 sigma   g   -.1102634214495270E+01       -0.44E-14        0.63E-13
  339   1 sigma   g   -.1102634214495270E+01       -0.44E-14        0.63E-13
  340   1 sigma   g   -.1102634214495197E+01        0.73E-13        0.67E-13
  340   1 sigma   g   -.1102634214495197E+01        0.73E-13        0.67E-13
 ... writing functions to disk (current precision) ...
 total energy:    -0.6026342144951971E+00
  341   1 sigma   g   -.1102634214495215E+01       -0.18E-13        0.37E-13
  341   1 sigma   g   -.1102634214495215E+01       -0.18E-13        0.37E-13
  342   1 sigma   g   -.1102634214495226E+01       -0.11E-13        0.43E-13
  342   1 sigma   g   -.1102634214495226E+01       -0.11E-13        0.43E-13
  343   1 sigma   g   -.1102634214495228E+01       -0.13E-14        0.50E-13
  343   1 sigma   g   -.1102634214495228E+01       -0.13E-14        0.50E-13
  344   1 sigma   g   -.1102634214495202E+01        0.26E-13        0.51E-13
  344   1 sigma   g   -.1102634214495202E+01        0.26E-13        0.51E-13
  345   1 sigma   g   -.1102634214495288E+01       -0.87E-13        0.42E-13
  345   1 sigma   g   -.1102634214495288E+01       -0.87E-13        0.42E-13
  346   1 sigma   g   -.1102634214495225E+01        0.63E-13        0.76E-13
  346   1 sigma   g   -.1102634214495225E+01        0.63E-13        0.76E-13
  347   1 sigma   g   -.1102634214495245E+01       -0.20E-13        0.51E-13
  347   1 sigma   g   -.1102634214495245E+01       -0.20E-13        0.51E-13
  348   1 sigma   g   -.1102634214495264E+01       -0.20E-13        0.59E-13
  348   1 sigma   g   -.1102634214495264E+01       -0.20E-13        0.59E-13
  349   1 sigma   g   -.1102634214495264E+01        0.22E-15        0.68E-13
  349   1 sigma   g   -.1102634214495264E+01        0.22E-15        0.68E-13
  350   1 sigma   g   -.1102634214495287E+01       -0.23E-13        0.67E-13
  350   1 sigma   g   -.1102634214495287E+01       -0.23E-13        0.67E-13
 ... writing functions to disk (current precision) ...
 total energy:    -0.6026342144952870E+00
  351   1 sigma   g   -.1102634214495278E+01        0.93E-14        0.75E-13
  351   1 sigma   g   -.1102634214495278E+01        0.93E-14        0.75E-13
  352   1 sigma   g   -.1102634214495251E+01        0.26E-13        0.70E-13
  352   1 sigma   g   -.1102634214495251E+01        0.26E-13        0.70E-13
  353   1 sigma   g   -.1102634214495267E+01       -0.15E-13        0.59E-13
  353   1 sigma   g   -.1102634214495267E+01       -0.15E-13        0.59E-13
  354   1 sigma   g   -.1102634214495298E+01       -0.32E-13        0.66E-13
  354   1 sigma   g   -.1102634214495298E+01       -0.32E-13        0.66E-13
  355   1 sigma   g   -.1102634214495296E+01        0.20E-14        0.77E-13
  355   1 sigma   g   -.1102634214495296E+01        0.20E-14        0.77E-13
  356   1 sigma   g   -.1102634214495253E+01        0.43E-13        0.75E-13
  356   1 sigma   g   -.1102634214495253E+01        0.43E-13        0.75E-13
  357   1 sigma   g   -.1102634214495302E+01       -0.49E-13        0.60E-13
  357   1 sigma   g   -.1102634214495302E+01       -0.49E-13        0.60E-13
  358   1 sigma   g   -.1102634214495288E+01        0.14E-13        0.76E-13
  358   1 sigma   g   -.1102634214495288E+01        0.14E-13        0.76E-13
  359   1 sigma   g   -.1102634214495340E+01       -0.52E-13        0.72E-13
  359   1 sigma   g   -.1102634214495340E+01       -0.52E-13        0.72E-13
  360   1 sigma   g   -.1102634214495297E+01        0.43E-13        0.93E-13
  360   1 sigma   g   -.1102634214495297E+01        0.43E-13        0.93E-13
 ... writing functions to disk (current precision) ...
 total energy:    -0.6026342144952972E+00
  361   1 sigma   g   -.1102634214495302E+01       -0.51E-14        0.76E-13
  361   1 sigma   g   -.1102634214495302E+01       -0.51E-14        0.76E-13
  362   1 sigma   g   -.1102634214495394E+01       -0.92E-13        0.76E-13
  362   1 sigma   g   -.1102634214495394E+01       -0.92E-13        0.76E-13
  363   1 sigma   g   -.1102634214495336E+01        0.59E-13        0.11E-12
  363   1 sigma   g   -.1102634214495336E+01        0.59E-13        0.11E-12
  364   1 sigma   g   -.1102634214495307E+01        0.29E-13        0.90E-13
  364   1 sigma   g   -.1102634214495307E+01        0.29E-13        0.90E-13
  365   1 sigma   g   -.1102634214495268E+01        0.39E-13        0.76E-13
  365   1 sigma   g   -.1102634214495268E+01        0.39E-13        0.76E-13
  366   1 sigma   g   -.1102634214495303E+01       -0.34E-13        0.63E-13
  366   1 sigma   g   -.1102634214495303E+01       -0.34E-13        0.63E-13
  367   1 sigma   g   -.1102634214495246E+01        0.57E-13        0.74E-13
  367   1 sigma   g   -.1102634214495246E+01        0.57E-13        0.74E-13
  368   1 sigma   g   -.1102634214495251E+01       -0.58E-14        0.57E-13
  368   1 sigma   g   -.1102634214495251E+01       -0.58E-14        0.57E-13
  369   1 sigma   g   -.1102634214495233E+01        0.18E-13        0.58E-13
  369   1 sigma   g   -.1102634214495233E+01        0.18E-13        0.58E-13
  370   1 sigma   g   -.1102634214495176E+01        0.57E-13        0.50E-13
  370   1 sigma   g   -.1102634214495176E+01        0.57E-13        0.50E-13
 ... writing functions to disk (current precision) ...
 total energy:    -0.6026342144951760E+00
  371   1 sigma   g   -.1102634214495192E+01       -0.16E-13        0.29E-13
  371   1 sigma   g   -.1102634214495192E+01       -0.16E-13        0.29E-13
  372   1 sigma   g   -.1102634214495235E+01       -0.44E-13        0.39E-13
  372   1 sigma   g   -.1102634214495235E+01       -0.44E-13        0.39E-13
  373   1 sigma   g   -.1102634214495264E+01       -0.29E-13        0.56E-13
  373   1 sigma   g   -.1102634214495264E+01       -0.29E-13        0.56E-13
  374   1 sigma   g   -.1102634214495270E+01       -0.60E-14        0.67E-13
  374   1 sigma   g   -.1102634214495270E+01       -0.60E-14        0.67E-13
  375   1 sigma   g   -.1102634214495264E+01        0.58E-14        0.72E-13
  375   1 sigma   g   -.1102634214495264E+01        0.58E-14        0.72E-13
  376   1 sigma   g   -.1102634214495278E+01       -0.14E-13        0.67E-13
  376   1 sigma   g   -.1102634214495278E+01       -0.14E-13        0.67E-13
  377   1 sigma   g   -.1102634214495235E+01        0.43E-13        0.72E-13
  377   1 sigma   g   -.1102634214495235E+01        0.43E-13        0.72E-13
  378   1 sigma   g   -.1102634214495244E+01       -0.93E-14        0.54E-13
  378   1 sigma   g   -.1102634214495244E+01       -0.93E-14        0.54E-13
  379   1 sigma   g   -.1102634214495248E+01       -0.44E-14        0.57E-13
  379   1 sigma   g   -.1102634214495248E+01       -0.44E-14        0.57E-13
  380   1 sigma   g   -.1102634214495267E+01       -0.19E-13        0.59E-13
  380   1 sigma   g   -.1102634214495267E+01       -0.19E-13        0.59E-13
 ... writing functions to disk (current precision) ...
 total energy:    -0.6026342144952672E+00
  381   1 sigma   g   -.1102634214495326E+01       -0.59E-13        0.66E-13
  381   1 sigma   g   -.1102634214495326E+01       -0.59E-13        0.66E-13
  382   1 sigma   g   -.1102634214495270E+01        0.56E-13        0.87E-13
  382   1 sigma   g   -.1102634214495270E+01        0.56E-13        0.87E-13
  383   1 sigma   g   -.1102634214495283E+01       -0.13E-13        0.68E-13
  383   1 sigma   g   -.1102634214495283E+01       -0.13E-13        0.68E-13
  384   1 sigma   g   -.1102634214495309E+01       -0.26E-13        0.70E-13
  384   1 sigma   g   -.1102634214495309E+01       -0.26E-13        0.70E-13
  385   1 sigma   g   -.1102634214495279E+01        0.30E-13        0.79E-13
  385   1 sigma   g   -.1102634214495279E+01        0.30E-13        0.79E-13
  386   1 sigma   g   -.1102634214495308E+01       -0.29E-13        0.70E-13
  386   1 sigma   g   -.1102634214495308E+01       -0.29E-13        0.70E-13
  387   1 sigma   g   -.1102634214495275E+01        0.33E-13        0.79E-13
  387   1 sigma   g   -.1102634214495275E+01        0.33E-13        0.79E-13
  388   1 sigma   g   -.1102634214495281E+01       -0.62E-14        0.69E-13
  388   1 sigma   g   -.1102634214495281E+01       -0.62E-14        0.69E-13
  389   1 sigma   g   -.1102634214495255E+01        0.26E-13        0.70E-13
  389   1 sigma   g   -.1102634214495255E+01        0.26E-13        0.70E-13
  390   1 sigma   g   -.1102634214495263E+01       -0.87E-14        0.60E-13
  390   1 sigma   g   -.1102634214495263E+01       -0.87E-14        0.60E-13
 ... writing functions to disk (current precision) ...
 total energy:    -0.6026342144952632E+00
  391   1 sigma   g   -.1102634214495300E+01       -0.37E-13        0.62E-13
  391   1 sigma   g   -.1102634214495300E+01       -0.37E-13        0.62E-13
  392   1 sigma   g   -.1102634214495239E+01        0.61E-13        0.76E-13
  392   1 sigma   g   -.1102634214495239E+01        0.61E-13        0.76E-13
  393   1 sigma   g   -.1102634214495205E+01        0.33E-13        0.54E-13
  393   1 sigma   g   -.1102634214495205E+01        0.33E-13        0.54E-13
  394   1 sigma   g   -.1102634214495250E+01       -0.44E-13        0.41E-13
  394   1 sigma   g   -.1102634214495250E+01       -0.44E-13        0.41E-13
  395   1 sigma   g   -.1102634214495233E+01        0.16E-13        0.58E-13
  395   1 sigma   g   -.1102634214495233E+01        0.16E-13        0.58E-13
  396   1 sigma   g   -.1102634214495195E+01        0.39E-13        0.53E-13
  396   1 sigma   g   -.1102634214495195E+01        0.39E-13        0.53E-13
  397   1 sigma   g   -.1102634214495299E+01       -0.10E-12        0.40E-13
  397   1 sigma   g   -.1102634214495299E+01       -0.10E-12        0.40E-13
  398   1 sigma   g   -.1102634214495313E+01       -0.14E-13        0.80E-13
  398   1 sigma   g   -.1102634214495313E+01       -0.14E-13        0.80E-13
  399   1 sigma   g   -.1102634214495262E+01        0.51E-13        0.84E-13
  399   1 sigma   g   -.1102634214495262E+01        0.51E-13        0.84E-13
  400   1 sigma   g   -.1102634214495255E+01        0.75E-14        0.65E-13
  400   1 sigma   g   -.1102634214495255E+01        0.75E-14        0.65E-13
           
 ... scf iteration limit reached ... 
 ... writing functions to disk (current precision) ...

 total energy:                 -0.6026342144952548E+00
 total electronic energy:      -0.1102634214495255E+01
 virial ratio:                 -0.2000956647265431E+01

 total energy contributions: 
     nuclear-electron attraction energy =      -1.704692471605
     kinetic energy                     =       0.602058257110
     one electron energy                =      -1.102634214495
     coulomb energy                     =       0.000000000000
     exchange energy                    =       0.000000000000
     coulomb energy (DFT)               =       0.000000000000
     exchange energy (DFT)              =       0.000000000000
     correlation energy (DFT)           =       0.000000000000

       orbital               energy                     1-norm
   1 sigma    g     -0.1102634214495255E+01            0.65E-13


 total energy uncertainty due to orbital norms not being equal 1:
     absolute = +/-0.80E-13,  relative = +/-0.13E-10%

 checking symmetry of orbitals:
          required    actual 
   1 sigma    g          g

 multipole moments relative to geometrical centre:

                                    electronic (au/Debye-Ang^k)   total (au/Debye-Ang^k)
     dipole (Mu_z, k=1)                0.0000000000000000E+00      0.0000000000000000E+00
                                       0.0000000000000000E+00      0.0000000000000000E+00

     quadrupole (Theta_zz, k=2)        0.0000000000000000E+00      0.2000000000000000E+01
                                       0.0000000000000000E+00      0.2690088420608970E+01

     octopole (Omega_zzz, k=3)         0.0000000000000000E+00      0.0000000000000000E+00
                                       0.0000000000000000E+00      0.0000000000000000E+00

     hexadecapole (Phi_zzzz, k=4)      0.0000000000000000E+00      0.2000000000000000E+01
                                       0.0000000000000000E+00      0.7533015890071495E+00


 multipole moments relative to centre of mass:

      centre     atomic weight       z
        H         1.00782503      -1.0000
        H         1.00782503       1.0000
  centre-of-mass                   0.0000


                                    electronic (au/Debye-Ang^k)   total (au/Debye-Ang^k)
     dipole (Mu_z, k=1)               -0.4496403249731884E-14     -0.4440892098500626E-14
                                      -0.1142880040605476E-13     -0.1128770410474544E-13

     quadrupole (Theta_zz, k=2)       -0.4693517815096456E+00      0.1530648218490354E+01
                                      -0.6312988963156444E+00      0.2058789524293326E+01

     octopole (Omega_zzz, k=3)        -0.1984523656517467E-14     -0.1998401444325282E-14
                                      -0.1412518042585847E-14     -0.1422395791135398E-14

     hexadecapole (Phi_zzzz, k=4)     -0.3378073535008396E+00      0.1662192646499160E+01
                                      -0.1272354080852412E+00      0.6260661809219082E+00

////////////////////////////////////////////////////////////////////////////////////////////////

 cpu summary (sec):
    Lagrange multipliers                       0.68
    normalization+orthogonalization            0.12
    multipole moments                          0.00
    relaxation of orb. and pot.                5.50
    total energy                               0.16
    all SCF iterations                         6.30
    single SCF iteration                       0.02


 start: 2011/05/05  23:05:40.44 
 stop:  2011/05/05  23:05:47.18 

////////////////////////////////////////////////////////////////////////////////////////////////

Linux wieslaw16.fizyka.umk.pl 2.6.18-prep x86_64 x86_64 GNU/Linux
 Quad-Core AMD Opteron(tm) Processor 8380

////////////////////////////////////////////////////////////////////////////////////////////////
