
////////////////////////////////////////////////////////////////////////////////////////////////



                         FINITE DIFFERENCE 2D HARTREE-FOCK  (version 2.0)



////////////////////////////////////////////////////////////////////////////////////////////////

   ... start of input data ...
  title 1P C+   R = 2.386                                                         
  method hf                                                                       
  nuclei  6.0  0.0  2.386                                                         
  config  1                                                                       
  1 pi   +                                                                        
                    0
  1 sigma                                                                         
                    0
  1 sigma   end                                                                   
                    0
  grid   169 30.0                                                                 
  orbpot hydrogen ! orpot old ! using 3p results                                  
  lcao                                                                            
  1.0   2 1 5.0     0.0   1 0 9.0   0                                             
  1.0   2 0 6.0     0.0   1 0 9.0   0                                             
  1.0   1 0 6.0     0.0   1 0 9.0   0                                             
  scf 500 20 7                                                                    
  stop                                                                            
   ... end of input data  ...
         

   molecular system: 

          C ( 6.00)      ( 0.00)   R =  2.38600 bohr = 1.26262 angstroms

   method: HF

   electronic configuration:

           1  pi         +       
           2  sigma      + - 
           1  sigma      + - 


          total charge            =   1
          number of
              electrons           =   5
              orbitals            =   3
              Coulomb potentials  =   3
              exchange potentials =   4

   LCAO via hydrogenic functions:

           orbital           n1 l1   Z1    c1       n2 l2   Z2    c2 

           1  pi              2  1  5.00  1.00       1  0  9.00  0.00
           2  sigma           2  0  6.00  1.00       1  0  9.00  0.00
           1  sigma           1  0  6.00  1.00       1  0  9.00  0.00

   grid:
          nu (h_nu)  =  169  (0.01870)
          mu (h_mu)  =  205  (0.01920)
          R_infinity =   30.00

   scf: 
          thresholds
              scf iterations           =    500
              orbital energy           = 1.00E- 7
              orbital norm             = 1.00E-10
              multipole moments recalc = 1.15E+00

          orbitals are relaxed
          Coulomb potentials are relaxed
          exchange potential for each pair of orbitals is relaxed once per single scf iteration

          multipole expansion coefficients =  4

   (mc)sor:
          sor method used for relaxing orbitals and potentials
          ordering: middle 

                            (mc)sor iterations
                            orbital  potentials
             1 pi              10        10
             2 sigma           10        10
             1 sigma           10        10

          overrelaxation parameters:   orbitals       potentials 
                                        1.936       1.976   1.976

   machine accuracy      =    0.11E-15

   constants: 
               pi        =    0.3141592653589793E+01
               bohr      =    0.5291772490000000E+00 angstroms


   memory usage:
          text+data                                      0.9 MB 
          bss (common block contributions)              97.1 MB
          dynamical allocation                          13.0 MB 
              orbitals + Coulomb potentials              1.6 MB
              exchange potentials                        1.1 MB

////////////////////////////////////////////////////////////////////////////////////////////////

 ... initializing orbitals from hydrogenic functions ...
 ... initializing Coulomb potentials ...
 ... initializing exchange potentials ...
 ... initializing multipole moment coefficients ...
 ... initializing Lagrange multipliers ...

 total energy:                 -0.4477472976895724E+02
 total electronic energy:      -0.4477472976895724E+02
 virial ratio:                 -0.1930383994699009E+01

   scf  orbital              energy              energy diff        1-norm         overlap
    1   1 sigma       -.1356985530784491E+02        0.74E+00        0.11E+00
    1   1 pi          -.2141514689367408E+01       -0.53E+00       -0.30E+00
    2   1 sigma       -.1245374274354441E+02        0.11E+01        0.51E-01
    2   1 pi          -.2282677657258748E+01       -0.14E+00       -0.95E-01
 ... multipole moment expansion coefficients recalculated ...
    3   1 sigma       -.1177653511738770E+02        0.68E+00        0.57E-02
    3   2 sigma       -.2337032833045954E+01        0.42E+00       -0.24E-01
 ... multipole moment expansion coefficients recalculated ...
    4   1 sigma       -.1121551219110954E+02        0.56E+00       -0.85E-02
    4   2 sigma       -.1985498964460658E+01        0.35E+00       -0.12E+00
 ... multipole moment expansion coefficients recalculated ...
    5   1 sigma       -.1087309843141716E+02        0.34E+00       -0.17E-01
    5   2 sigma       -.1768556689457279E+01        0.22E+00       -0.19E+00
 ... multipole moment expansion coefficients recalculated ...
    6   1 pi          -.1620158401445177E+01        0.21E+00       -0.36E-01
    6   2 sigma       -.1662837836697251E+01        0.11E+00       -0.21E+00
 ... multipole moment expansion coefficients recalculated ...
    7   1 pi          -.1439343083554191E+01        0.18E+00       -0.51E-01
    7   2 sigma       -.1606580204481253E+01        0.56E-01       -0.19E+00
 ... multipole moment expansion coefficients recalculated ...
    8   1 sigma       -.1106413282915124E+02       -0.20E+00       -0.93E-02
    8   2 sigma       -.1554728819795027E+01        0.52E-01       -0.15E+00
    9   1 sigma       -.1128638087218437E+02       -0.22E+00       -0.10E-01
    9   2 sigma       -.1493757251398948E+01        0.61E-01       -0.11E+00
 ... multipole moment expansion coefficients recalculated ...
   10   1 sigma       -.1148696034710008E+02       -0.20E+00       -0.15E-01
   10   2 sigma       -.1427746786197639E+01        0.66E-01       -0.68E-01
   11   1 sigma       -.1165160355673463E+02       -0.16E+00       -0.18E-01
   11   1 pi          -.1066794632962794E+01        0.53E-01       -0.47E-01
 ... multipole moment expansion coefficients recalculated ...
   12   1 sigma       -.1178571975169006E+02       -0.13E+00       -0.17E-01
   12   1 pi          -.1032186380895502E+01        0.35E-01       -0.29E-01
 ... multipole moment expansion coefficients recalculated ...
   13   1 sigma       -.1189605796111846E+02       -0.11E+00       -0.12E-01
   13   1 sigma       -.1189605796111846E+02       -0.11E+00       -0.12E-01
 ... multipole moment expansion coefficients recalculated ...
   14   1 sigma       -.1198534340105398E+02       -0.89E-01       -0.80E-02
   14   2 sigma       -.1244667795932704E+01        0.23E-01        0.19E-01
 ... multipole moment expansion coefficients recalculated ...
   15   1 sigma       -.1205266653841592E+02       -0.67E-01       -0.58E-02
   15   2 sigma       -.1236733698582326E+01        0.79E-02        0.28E-01
 ... multipole moment expansion coefficients recalculated ...
   16   1 sigma       -.1209591980127202E+02       -0.43E-01       -0.50E-02
   16   1 pi          -.9889420132258007E+00        0.49E-03        0.36E-01
 ... multipole moment expansion coefficients recalculated ...
   17   1 sigma       -.1211536917773708E+02       -0.19E-01       -0.41E-02
   17   1 pi          -.9940777333665558E+00       -0.51E-02        0.39E-01
 ... multipole moment expansion coefficients recalculated ...
   18   2 sigma       -.1260340859667157E+01       -0.12E-01        0.21E-01
   18   1 pi          -.1002410556626951E+01       -0.83E-02        0.36E-01
 ... multipole moment expansion coefficients recalculated ...
   19   1 sigma       -.1209305092806025E+02        0.20E-01       -0.14E-02
   19   1 pi          -.1011007566467001E+01       -0.86E-02        0.28E-01
 ... multipole moment expansion coefficients recalculated ...
   20   1 sigma       -.1206091593641018E+02        0.32E-01       -0.40E-03
   20   1 pi          -.1017381138854372E+01       -0.64E-02        0.18E-01
 ... multipole moment expansion coefficients recalculated ...
 ... writing functions to disk (current precision) ...
 total energy:    -0.3766817835191291E+02
   21   1 sigma       -.1202304619863316E+02        0.38E-01        0.44E-03
   21   1 pi          -.1019924588265374E+01       -0.25E-02        0.92E-02
 ... multipole moment expansion coefficients recalculated ...
   22   1 sigma       -.1198583381366967E+02        0.37E-01        0.98E-03
   22   2 sigma       -.1275610000109149E+01        0.30E-02       -0.38E-02
   23   1 sigma       -.1195429865979368E+02        0.32E-01        0.12E-02
   23   2 sigma       -.1268757658038480E+01        0.69E-02       -0.42E-02
 ... multipole moment expansion coefficients recalculated ...
   24   1 sigma       -.1193037942424002E+02        0.24E-01        0.13E-02
   24   2 sigma       -.1260186543303357E+01        0.86E-02       -0.40E-02
 ... multipole moment expansion coefficients recalculated ...
   25   1 sigma       -.1191488958041733E+02        0.15E-01        0.12E-02
   25   2 sigma       -.1248973943847852E+01        0.11E-01       -0.24E-02
 ... multipole moment expansion coefficients recalculated ...
   26   2 sigma       -.1237755071493238E+01        0.11E-01       -0.16E-02
   26   1 pi          -.9834975654864162E+00        0.10E-01       -0.18E-02
 ... multipole moment expansion coefficients recalculated ...
   27   2 sigma       -.1226777107913043E+01        0.11E-01       -0.53E-03
   27   1 pi          -.9735534909953105E+00        0.99E-02       -0.10E-02
   28   2 sigma       -.1216546983079403E+01        0.10E-01        0.50E-03
   28   2 sigma       -.1216546983079403E+01        0.10E-01        0.50E-03
   29   2 sigma       -.1207459097130759E+01        0.91E-02        0.14E-02
   29   2 sigma       -.1207459097130759E+01        0.91E-02        0.14E-02
 ... multipole moment expansion coefficients recalculated ...
   30   2 sigma       -.1199761514745464E+01        0.77E-02        0.20E-02
   30   2 sigma       -.1199761514745464E+01        0.77E-02        0.20E-02
 ... multipole moment expansion coefficients recalculated ...
   31   2 sigma       -.1193844819012165E+01        0.59E-02        0.23E-02
   31   2 sigma       -.1193844819012165E+01        0.59E-02        0.23E-02
 ... multipole moment expansion coefficients recalculated ...
   32   2 sigma       -.1189264429814203E+01        0.46E-02        0.25E-02
   32   2 sigma       -.1189264429814203E+01        0.46E-02        0.25E-02
 ... multipole moment expansion coefficients recalculated ...
   33   2 sigma       -.1185903861223242E+01        0.34E-02        0.23E-02
   33   1 pi          -.9374936519744779E+00        0.30E-02        0.26E-02
 ... multipole moment expansion coefficients recalculated ...
   34   2 sigma       -.1183344102259440E+01        0.26E-02        0.21E-02
   34   1 pi          -.9351955186742793E+00        0.23E-02        0.23E-02
 ... multipole moment expansion coefficients recalculated ...
   35   2 sigma       -.1181382427498741E+01        0.20E-02        0.16E-02
   35   1 pi          -.9332995170251994E+00        0.19E-02        0.20E-02
 ... multipole moment expansion coefficients recalculated ...
   36   1 pi          -.9315371047660230E+00        0.18E-02        0.17E-02
   36   1 pi          -.9315371047660230E+00        0.18E-02        0.17E-02
   37   1 pi          -.9299247009944946E+00        0.16E-02        0.13E-02
   37   1 pi          -.9299247009944946E+00        0.16E-02        0.13E-02
 ... multipole moment expansion coefficients recalculated ...
   38   1 pi          -.9282609487357960E+00        0.17E-02        0.11E-02
   38   1 pi          -.9282609487357960E+00        0.17E-02        0.11E-02
   39   1 pi          -.9265392482351924E+00        0.17E-02        0.84E-03
   39   1 pi          -.9265392482351924E+00        0.17E-02        0.84E-03
   40   1 pi          -.9248074108478468E+00        0.17E-02        0.65E-03
   40   1 pi          -.9248074108478468E+00        0.17E-02        0.65E-03
 ... writing functions to disk (current precision) ...
 total energy:    -0.3735959370677288E+02
   41   1 pi          -.9231081596456052E+00        0.17E-02        0.50E-03
   41   1 pi          -.9231081596456052E+00        0.17E-02        0.50E-03
   42   1 pi          -.9214621522654691E+00        0.16E-02        0.41E-03
   42   1 pi          -.9214621522654691E+00        0.16E-02        0.41E-03
   43   2 sigma       -.1168668293757216E+01        0.15E-02        0.84E-04
   43   1 pi          -.9199914665608295E+00        0.15E-02        0.31E-03
   44   1 pi          -.9185870590404481E+00        0.14E-02        0.32E-03
   44   1 pi          -.9185870590404481E+00        0.14E-02        0.32E-03
   45   1 pi          -.9173060962651975E+00        0.13E-02        0.33E-03
   45   1 pi          -.9173060962651975E+00        0.13E-02        0.33E-03
 ... multipole moment expansion coefficients recalculated ...
   46   2 sigma       -.1164879765349809E+01        0.12E-02        0.22E-03
   46   1 pi          -.9161705563767368E+00        0.11E-02        0.33E-03
   47   1 pi          -.9150121130413749E+00        0.12E-02        0.44E-03
   47   1 pi          -.9150121130413749E+00        0.12E-02        0.44E-03
   48   2 sigma       -.1162823566786508E+01        0.10E-02        0.30E-03
   48   1 pi          -.9140740955116065E+00        0.94E-03        0.38E-03
 ... multipole moment expansion coefficients recalculated ...
   49   1 pi          -.9132326304493517E+00        0.84E-03        0.38E-03
   49   1 pi          -.9132326304493517E+00        0.84E-03        0.38E-03
 ... multipole moment expansion coefficients recalculated ...
   50   1 pi          -.9124868751825876E+00        0.75E-03        0.36E-03
   50   1 pi          -.9124868751825876E+00        0.75E-03        0.36E-03
   51   1 pi          -.9118244650914522E+00        0.66E-03        0.33E-03
   51   1 pi          -.9118244650914522E+00        0.66E-03        0.33E-03
 ... multipole moment expansion coefficients recalculated ...
   52   1 pi          -.9112293201127768E+00        0.60E-03        0.29E-03
   52   1 pi          -.9112293201127768E+00        0.60E-03        0.29E-03
   53   1 pi          -.9106905249517490E+00        0.54E-03        0.26E-03
   53   1 pi          -.9106905249517490E+00        0.54E-03        0.26E-03
 ... multipole moment expansion coefficients recalculated ...
   54   1 pi          -.9101951082144955E+00        0.50E-03        0.23E-03
   54   1 pi          -.9101951082144955E+00        0.50E-03        0.23E-03
   55   1 pi          -.9097385949772763E+00        0.46E-03        0.20E-03
   55   1 pi          -.9097385949772763E+00        0.46E-03        0.20E-03
 ... multipole moment expansion coefficients recalculated ...
   56   1 pi          -.9093172506987672E+00        0.42E-03        0.18E-03
   56   1 pi          -.9093172506987672E+00        0.42E-03        0.18E-03
   57   1 pi          -.9089293714769053E+00        0.39E-03        0.15E-03
   57   1 pi          -.9089293714769053E+00        0.39E-03        0.15E-03
 ... multipole moment expansion coefficients recalculated ...
   58   1 pi          -.9085691352126037E+00        0.36E-03        0.14E-03
   58   1 pi          -.9085691352126037E+00        0.36E-03        0.14E-03
   59   1 pi          -.9082387909417817E+00        0.33E-03        0.12E-03
   59   1 pi          -.9082387909417817E+00        0.33E-03        0.12E-03
 ... multipole moment expansion coefficients recalculated ...
   60   1 pi          -.9079353359637881E+00        0.30E-03        0.11E-03
   60   1 pi          -.9079353359637881E+00        0.30E-03        0.11E-03
 ... writing functions to disk (current precision) ...
 total energy:    -0.3730297052442550E+02
   61   1 pi          -.9076570341183436E+00        0.28E-03        0.10E-03
   61   1 pi          -.9076570341183436E+00        0.28E-03        0.10E-03
 ... multipole moment expansion coefficients recalculated ...
   62   1 pi          -.9074026534207391E+00        0.25E-03        0.97E-04
   62   1 pi          -.9074026534207391E+00        0.25E-03        0.97E-04
   63   1 pi          -.9071708619021845E+00        0.23E-03        0.90E-04
   63   1 pi          -.9071708619021845E+00        0.23E-03        0.90E-04
 ... multipole moment expansion coefficients recalculated ...
   64   1 pi          -.9069600985294661E+00        0.21E-03        0.84E-04
   64   1 pi          -.9069600985294661E+00        0.21E-03        0.84E-04
   65   1 pi          -.9067685392531986E+00        0.19E-03        0.79E-04
   65   1 pi          -.9067685392531986E+00        0.19E-03        0.79E-04
 ... multipole moment expansion coefficients recalculated ...
   66   1 pi          -.9065944769670389E+00        0.17E-03        0.73E-04
   66   1 pi          -.9065944769670389E+00        0.17E-03        0.73E-04
   67   1 pi          -.9064359618257329E+00        0.16E-03        0.67E-04
   67   1 pi          -.9064359618257329E+00        0.16E-03        0.67E-04
 ... multipole moment expansion coefficients recalculated ...
   68   1 pi          -.9062918918254255E+00        0.14E-03        0.61E-04
   68   1 pi          -.9062918918254255E+00        0.14E-03        0.61E-04
   69   1 pi          -.9061601838593147E+00        0.13E-03        0.56E-04
   69   1 pi          -.9061601838593147E+00        0.13E-03        0.56E-04
 ... multipole moment expansion coefficients recalculated ...
   70   1 pi          -.9060404471031362E+00        0.12E-03        0.50E-04
   70   1 pi          -.9060404471031362E+00        0.12E-03        0.50E-04
   71   1 pi          -.9059311327838651E+00        0.11E-03        0.46E-04
   71   1 pi          -.9059311327838651E+00        0.11E-03        0.46E-04
 ... multipole moment expansion coefficients recalculated ...
   72   1 pi          -.9058311591833310E+00        0.10E-03        0.41E-04
   72   1 pi          -.9058311591833310E+00        0.10E-03        0.41E-04
   73   1 pi          -.9057397838359846E+00        0.91E-04        0.38E-04
   73   1 pi          -.9057397838359846E+00        0.91E-04        0.38E-04
 ... multipole moment expansion coefficients recalculated ...
   74   1 pi          -.9056562744966667E+00        0.84E-04        0.34E-04
   74   1 pi          -.9056562744966667E+00        0.84E-04        0.34E-04
   75   1 pi          -.9055799205382096E+00        0.76E-04        0.31E-04
   75   1 pi          -.9055799205382096E+00        0.76E-04        0.31E-04
 ... multipole moment expansion coefficients recalculated ...
   76   1 pi          -.9055102325497266E+00        0.70E-04        0.28E-04
   76   1 pi          -.9055102325497266E+00        0.70E-04        0.28E-04
   77   1 pi          -.9054466083735453E+00        0.64E-04        0.26E-04
   77   1 pi          -.9054466083735453E+00        0.64E-04        0.26E-04
 ... multipole moment expansion coefficients recalculated ...
   78   1 pi          -.9053886246994711E+00        0.58E-04        0.24E-04
   78   1 pi          -.9053886246994711E+00        0.58E-04        0.24E-04
   79   1 pi          -.9053357356319074E+00        0.53E-04        0.22E-04
   79   1 pi          -.9053357356319074E+00        0.53E-04        0.22E-04
 ... multipole moment expansion coefficients recalculated ...
   80   1 pi          -.9052875715078379E+00        0.48E-04        0.20E-04
   80   1 pi          -.9052875715078379E+00        0.48E-04        0.20E-04
 ... writing functions to disk (current precision) ...
 total energy:    -0.3729395919395048E+02
   81   1 pi          -.9052436598182121E+00        0.44E-04        0.18E-04
   81   1 pi          -.9052436598182121E+00        0.44E-04        0.18E-04
 ... multipole moment expansion coefficients recalculated ...
   82   1 pi          -.9052036718650593E+00        0.40E-04        0.16E-04
   82   1 pi          -.9052036718650593E+00        0.40E-04        0.16E-04
   83   1 pi          -.9051672083307603E+00        0.36E-04        0.15E-04
   83   1 pi          -.9051672083307603E+00        0.36E-04        0.15E-04
 ... multipole moment expansion coefficients recalculated ...
   84   1 pi          -.9051339924543895E+00        0.33E-04        0.14E-04
   84   1 pi          -.9051339924543895E+00        0.33E-04        0.14E-04
   85   1 pi          -.9051036876186904E+00        0.30E-04        0.13E-04
   85   1 pi          -.9051036876186904E+00        0.30E-04        0.13E-04
 ... multipole moment expansion coefficients recalculated ...
   86   1 pi          -.9050760645811753E+00        0.28E-04        0.11E-04
   86   1 pi          -.9050760645811753E+00        0.28E-04        0.11E-04
   87   1 pi          -.9050508521728524E+00        0.25E-04        0.10E-04
   87   1 pi          -.9050508521728524E+00        0.25E-04        0.10E-04
 ... multipole moment expansion coefficients recalculated ...
   88   1 pi          -.9050278652614865E+00        0.23E-04        0.95E-05
   88   1 pi          -.9050278652614865E+00        0.23E-04        0.95E-05
   89   1 pi          -.9050068809278398E+00        0.21E-04        0.87E-05
   89   1 pi          -.9050068809278398E+00        0.21E-04        0.87E-05
 ... multipole moment expansion coefficients recalculated ...
   90   1 pi          -.9049877504877291E+00        0.19E-04        0.79E-05
   90   1 pi          -.9049877504877291E+00        0.19E-04        0.79E-05
   91   1 pi          -.9049702886767959E+00        0.17E-04        0.72E-05
   91   1 pi          -.9049702886767959E+00        0.17E-04        0.72E-05
 ... multipole moment expansion coefficients recalculated ...
   92   1 pi          -.9049543746770361E+00        0.16E-04        0.66E-05
   92   1 pi          -.9049543746770361E+00        0.16E-04        0.66E-05
   93   1 pi          -.9049398549230521E+00        0.15E-04        0.60E-05
   93   1 pi          -.9049398549230521E+00        0.15E-04        0.60E-05
 ... multipole moment expansion coefficients recalculated ...
   94   1 pi          -.9049266291764035E+00        0.13E-04        0.55E-05
   94   1 pi          -.9049266291764035E+00        0.13E-04        0.55E-05
   95   1 pi          -.9049145663197091E+00        0.12E-04        0.50E-05
   95   1 pi          -.9049145663197091E+00        0.12E-04        0.50E-05
 ... multipole moment expansion coefficients recalculated ...
   96   1 pi          -.9049035822232439E+00        0.11E-04        0.45E-05
   96   1 pi          -.9049035822232439E+00        0.11E-04        0.45E-05
   97   1 pi          -.9048935660150668E+00        0.10E-04        0.41E-05
   97   1 pi          -.9048935660150668E+00        0.10E-04        0.41E-05
 ... multipole moment expansion coefficients recalculated ...
   98   1 pi          -.9048844456472693E+00        0.91E-05        0.38E-05
   98   1 pi          -.9048844456472693E+00        0.91E-05        0.38E-05
   99   1 pi          -.9048761286824276E+00        0.83E-05        0.35E-05
   99   1 pi          -.9048761286824276E+00        0.83E-05        0.35E-05
 ... multipole moment expansion coefficients recalculated ...
  100   1 pi          -.9048685549869058E+00        0.76E-05        0.31E-05
  100   1 pi          -.9048685549869058E+00        0.76E-05        0.31E-05
 ... writing functions to disk (current precision) ...
 total energy:    -0.3729251569978752E+02
  101   1 pi          -.9048616473802298E+00        0.69E-05        0.29E-05
  101   1 pi          -.9048616473802298E+00        0.69E-05        0.29E-05
 ... multipole moment expansion coefficients recalculated ...
  102   1 pi          -.9048553561717614E+00        0.63E-05        0.26E-05
  102   1 pi          -.9048553561717614E+00        0.63E-05        0.26E-05
  103   1 pi          -.9048496174611342E+00        0.57E-05        0.24E-05
  103   1 pi          -.9048496174611342E+00        0.57E-05        0.24E-05
 ... multipole moment expansion coefficients recalculated ...
  104   1 pi          -.9048443907286021E+00        0.52E-05        0.22E-05
  104   1 pi          -.9048443907286021E+00        0.52E-05        0.22E-05
  105   1 pi          -.9048396229191571E+00        0.48E-05        0.20E-05
  105   1 pi          -.9048396229191571E+00        0.48E-05        0.20E-05
 ... multipole moment expansion coefficients recalculated ...
  106   1 pi          -.9048352806022804E+00        0.43E-05        0.18E-05
  106   1 pi          -.9048352806022804E+00        0.43E-05        0.18E-05
  107   1 pi          -.9048313199112492E+00        0.40E-05        0.16E-05
  107   1 pi          -.9048313199112492E+00        0.40E-05        0.16E-05
 ... multipole moment expansion coefficients recalculated ...
  108   1 pi          -.9048277132112186E+00        0.36E-05        0.15E-05
  108   1 pi          -.9048277132112186E+00        0.36E-05        0.15E-05
  109   1 pi          -.9048244238810721E+00        0.33E-05        0.14E-05
  109   1 pi          -.9048244238810721E+00        0.33E-05        0.14E-05
 ... multipole moment expansion coefficients recalculated ...
  110   1 pi          -.9048214289705236E+00        0.30E-05        0.12E-05
  110   1 pi          -.9048214289705236E+00        0.30E-05        0.12E-05
  111   1 pi          -.9048186979144015E+00        0.27E-05        0.11E-05
  111   1 pi          -.9048186979144015E+00        0.27E-05        0.11E-05
 ... multipole moment expansion coefficients recalculated ...
  112   1 pi          -.9048162116197109E+00        0.25E-05        0.10E-05
  112   1 pi          -.9048162116197109E+00        0.25E-05        0.10E-05
  113   1 pi          -.9048139445746268E+00        0.23E-05        0.94E-06
  113   1 pi          -.9048139445746268E+00        0.23E-05        0.94E-06
 ... multipole moment expansion coefficients recalculated ...
  114   1 pi          -.9048118809078098E+00        0.21E-05        0.86E-06
  114   1 pi          -.9048118809078098E+00        0.21E-05        0.86E-06
  115   1 pi          -.9048099992773890E+00        0.19E-05        0.78E-06
  115   1 pi          -.9048099992773890E+00        0.19E-05        0.78E-06
 ... multipole moment expansion coefficients recalculated ...
  116   1 pi          -.9048082865245592E+00        0.17E-05        0.71E-06
  116   1 pi          -.9048082865245592E+00        0.17E-05        0.71E-06
  117   1 pi          -.9048067248941702E+00        0.16E-05        0.65E-06
  117   1 pi          -.9048067248941702E+00        0.16E-05        0.65E-06
 ... multipole moment expansion coefficients recalculated ...
  118   1 pi          -.9048053034382062E+00        0.14E-05        0.59E-06
  118   1 pi          -.9048053034382062E+00        0.14E-05        0.59E-06
  119   1 pi          -.9048040073999162E+00        0.13E-05        0.54E-06
  119   1 pi          -.9048040073999162E+00        0.13E-05        0.54E-06
 ... multipole moment expansion coefficients recalculated ...
  120   1 pi          -.9048028277144344E+00        0.12E-05        0.49E-06
  120   1 pi          -.9048028277144344E+00        0.12E-05        0.49E-06
 ... writing functions to disk (current precision) ...
 total energy:    -0.3729228459931709E+02
  121   1 pi          -.9048017521200142E+00        0.11E-05        0.45E-06
  121   1 pi          -.9048017521200142E+00        0.11E-05        0.45E-06
 ... multipole moment expansion coefficients recalculated ...
  122   1 pi          -.9048007731221608E+00        0.98E-06        0.41E-06
  122   1 pi          -.9048007731221608E+00        0.98E-06        0.41E-06
  123   1 pi          -.9047998805327633E+00        0.89E-06        0.37E-06
  123   1 pi          -.9047998805327633E+00        0.89E-06        0.37E-06
 ... multipole moment expansion coefficients recalculated ...
  124   1 pi          -.9047990681522911E+00        0.81E-06        0.34E-06
  124   1 pi          -.9047990681522911E+00        0.81E-06        0.34E-06
  125   1 pi          -.9047983275081006E+00        0.74E-06        0.31E-06
  125   1 pi          -.9047983275081006E+00        0.74E-06        0.31E-06
 ... multipole moment expansion coefficients recalculated ...
  126   1 pi          -.9047976534691835E+00        0.67E-06        0.28E-06
  126   1 pi          -.9047976534691835E+00        0.67E-06        0.28E-06
  127   1 pi          -.9047970389842535E+00        0.61E-06        0.26E-06
  127   1 pi          -.9047970389842535E+00        0.61E-06        0.26E-06
 ... multipole moment expansion coefficients recalculated ...
  128   1 pi          -.9047964798006971E+00        0.56E-06        0.23E-06
  128   1 pi          -.9047964798006971E+00        0.56E-06        0.23E-06
  129   1 pi          -.9047959700504400E+00        0.51E-06        0.21E-06
  129   1 pi          -.9047959700504400E+00        0.51E-06        0.21E-06
 ... multipole moment expansion coefficients recalculated ...
  130   1 pi          -.9047955062066699E+00        0.46E-06        0.19E-06
  130   1 pi          -.9047955062066699E+00        0.46E-06        0.19E-06
  131   1 pi          -.9047950833860643E+00        0.42E-06        0.18E-06
  131   1 pi          -.9047950833860643E+00        0.42E-06        0.18E-06
 ... multipole moment expansion coefficients recalculated ...
  132   1 pi          -.9047946986646020E+00        0.38E-06        0.16E-06
  132   1 pi          -.9047946986646020E+00        0.38E-06        0.16E-06
  133   1 pi          -.9047943479801650E+00        0.35E-06        0.15E-06
  133   1 pi          -.9047943479801650E+00        0.35E-06        0.15E-06
 ... multipole moment expansion coefficients recalculated ...
  134   1 pi          -.9047940289093224E+00        0.32E-06        0.13E-06
  134   1 pi          -.9047940289093224E+00        0.32E-06        0.13E-06
  135   1 pi          -.9047937380746371E+00        0.29E-06        0.12E-06
  135   1 pi          -.9047937380746371E+00        0.29E-06        0.12E-06
 ... multipole moment expansion coefficients recalculated ...
  136   1 pi          -.9047934734689727E+00        0.26E-06        0.11E-06
  136   1 pi          -.9047934734689727E+00        0.26E-06        0.11E-06
  137   1 pi          -.9047932322853991E+00        0.24E-06        0.10E-06
  137   1 pi          -.9047932322853991E+00        0.24E-06        0.10E-06
 ... multipole moment expansion coefficients recalculated ...
  138   1 pi          -.9047930128622865E+00        0.22E-06        0.92E-07
  138   1 pi          -.9047930128622865E+00        0.22E-06        0.92E-07
  139   1 pi          -.9047928128673952E+00        0.20E-06        0.84E-07
  139   1 pi          -.9047928128673952E+00        0.20E-06        0.84E-07
 ... multipole moment expansion coefficients recalculated ...
  140   1 pi          -.9047926309253267E+00        0.18E-06        0.76E-07
  140   1 pi          -.9047926309253267E+00        0.18E-06        0.76E-07
 ... writing functions to disk (current precision) ...
 total energy:    -0.3729224770844954E+02
  141   1 pi          -.9047924650982764E+00        0.17E-06        0.70E-07
  141   1 pi          -.9047924650982764E+00        0.17E-06        0.70E-07
 ... multipole moment expansion coefficients recalculated ...
  142   1 pi          -.9047923142479282E+00        0.15E-06        0.63E-07
  142   1 pi          -.9047923142479282E+00        0.15E-06        0.63E-07
  143   1 pi          -.9047921767637499E+00        0.14E-06        0.58E-07
  143   1 pi          -.9047921767637499E+00        0.14E-06        0.58E-07
 ... multipole moment expansion coefficients recalculated ...
  144   1 pi          -.9047920517033137E+00        0.13E-06        0.53E-07
  144   1 pi          -.9047920517033137E+00        0.13E-06        0.53E-07
  145   1 pi          -.9047919377283602E+00        0.11E-06        0.48E-07
  145   1 pi          -.9047919377283602E+00        0.11E-06        0.48E-07
 ... multipole moment expansion coefficients recalculated ...
  146   1 pi          -.9047918340582681E+00        0.10E-06        0.44E-07
  146   1 pi          -.9047918340582681E+00        0.10E-06        0.44E-07
  147   1 pi          -.9047917395807241E+00        0.94E-07        0.40E-07
  147   1 pi          -.9047917395807241E+00        0.94E-07        0.40E-07
 ... multipole moment expansion coefficients recalculated ...
  148   1 pi          -.9047916536495078E+00        0.86E-07        0.36E-07
  148   1 pi          -.9047916536495078E+00        0.86E-07        0.36E-07
           
 ... orbital energy threshold reached ...
 ... writing functions to disk (current precision) ...

 total energy:                 -0.3729224407000907E+02
 total electronic energy:      -0.3729224407000907E+02
 virial ratio:                 -0.2000000100483158E+01

 total energy contributions: 
     nuclear-electron attraction energy =     -84.867824518234
     kinetic energy                     =      37.292240322763
     one electron energy                =     -47.575584195470
     coulomb energy                     =      10.557820635559
     exchange energy                    =      -0.274480510094
     coulomb energy (DFT)               =      14.684993039090
     exchange energy (DFT)              =      -4.401652913625
     correlation energy (DFT)           =       0.000000000000

       orbital               energy                     1-norm
   1 pi             -0.9047916536495078E+00            0.36E-07
   2 sigma          -0.1153788381088449E+01            0.89E-08
   1 sigma          -0.1189826592732489E+02           -0.37E-08


 total energy uncertainty due to orbital norms not being equal 1:
     absolute = +/-0.53E-07,  relative = +/-0.14E-06%

 multipole moments relative to geometrical centre:

                                    electronic (au/Debye-Ang^k)   total (au/Debye-Ang^k)
     dipole (Mu_z, k=1)                0.5964998532706240E+01     -0.1193001467293762E+01
                                       0.1516162449548407E+02     -0.3032329374515928E+01

     quadrupole (Theta_zz, k=2)       -0.6566317296496463E+01      0.1973176703503542E+01
                                      -0.8831987062674765E+01      0.2654009900955128E+01

     octopole (Omega_zzz, k=3)         0.6521495572718537E+01     -0.3666120769281470E+01
                                       0.4641784002350377E+01     -0.2609423030006194E+01

     hexadecapole (Phi_zzzz, k=4)     -0.5432176766089885E+01      0.6721649529916125E+01
                                      -0.2046033694831614E+01      0.2531714635817488E+01


 multipole moments relative to centre of mass:

      centre     atomic weight       z
        C        12.00000000      -1.1930
                  0.00000000       1.1930
  centre-of-mass                  -1.1930


                                    electronic (au/Debye-Ang^k)   total (au/Debye-Ang^k)
     dipole (Mu_z, k=1)               -0.1339050216229916E-05     -0.1339050216229916E-05
                                      -0.3403550972855631E-05     -0.3403550972855631E-05

     quadrupole (Theta_zz, k=2)        0.5499242095061282E+00      0.5499242095061282E+00
                                       0.7396723741024882E+00      0.7396723741024882E+00

     octopole (Omega_zzz, k=3)         0.2475075617194024E-06      0.2475075617194024E-06
                                       0.1761676639413791E-06      0.1761676639413791E-06

     hexadecapole (Phi_zzzz, k=4)     -0.7127400638757994E-04     -0.7127400638757994E-04
                                      -0.2684541113333485E-04     -0.2684541113333485E-04

////////////////////////////////////////////////////////////////////////////////////////////////

 cpu summary (sec):
    Lagrange multipliers                       1.29
    normalization+orthogonalization            0.18
    multipole moments                          1.85
    relaxation of orb. and pot.               17.81
    total energy                               0.11
    all SCF iterations                        21.13
    single SCF iteration                       0.14


 start: 2011/05/05  22:58:56.01 
 stop:  2011/05/05  22:59:17.87 

////////////////////////////////////////////////////////////////////////////////////////////////

Linux wieslaw16.fizyka.umk.pl 2.6.18-prep x86_64 x86_64 GNU/Linux
 Quad-Core AMD Opteron(tm) Processor 8380

////////////////////////////////////////////////////////////////////////////////////////////////
