
////////////////////////////////////////////////////////////////////////////////////////////////



                         FINITE DIFFERENCE 2D HARTREE-FOCK  (version 2.0)



////////////////////////////////////////////////////////////////////////////////////////////////

   ... start of input data ...
  title  Ne+9: first 6 sigma states                                               
  method oed                                                                      
  nuclei  10.0 0.0  1.4                                                           
  config 4                                                                        
  1 sigma +                                                                       
                    0
  1 sigma +                                                                       
                    0
  1 sigma +                                                                       
                    0
  1 sigma +                                                                       
                    0
  1 sigma +                                                                       
                    0
  1 sigma + end                                                                   
                    0
  grid 269 60.0                                                                   
  orbpot hydrogen                                                                 
  lcao                                                                            
  1.0 6 0 11.0   0.0   1 0  1.0  0                                                
  1.0 5 0 11.0   0.0   1 0  1.0  0                                                
  1.0 4 0 11.0   0.0   1 0  1.0  0                                                
  1.0 3 0 11.0   0.0   1 0  1.0  0                                                
  1.0 2 0 11.0   0.0   1 0  1.0  0                                                
  1.0 1 0 11.0   0.0   1 0  1.0  0                                                
  scf  500 20 8 8 1                                                               
  omega  -1.92 -1.87                                                              
  stop                                                                            
   ... end of input data  ...
         

   molecular system: 

          Ne(10.00)      ( 0.00)   R =  1.40000 bohr = 0.74085 angstroms

   method: OED

   nuclear potential: Coulomb 

   electronic configuration:

           6  sigma      +   
           5  sigma      +   
           4  sigma      +   
           3  sigma      +   
           2  sigma      +   
           1  sigma      +   


          total charge            =   4
          number of
              electrons           =   6
              orbitals            =   6
              Coulomb potentials  =   6
              exchange potentials =  15

   LCAO via hydrogenic functions:

           orbital           n1 l1   Z1    c1       n2 l2   Z2    c2 

           6  sigma           6  0 11.00  1.00       1  0  1.00  0.00
           5  sigma           5  0 11.00  1.00       1  0  1.00  0.00
           4  sigma           4  0 11.00  1.00       1  0  1.00  0.00
           3  sigma           3  0 11.00  1.00       1  0  1.00  0.00
           2  sigma           2  0 11.00  1.00       1  0  1.00  0.00
           1  sigma           1  0 11.00  1.00       1  0  1.00  0.00

   grid:
          nu (h_nu)  =  265  (0.01190)
          mu (h_mu)  =  439  (0.01174)
          R_infinity =   60.00

   scf: 
          thresholds
              scf iterations           =    500
              orbital energy           = 1.00E- 8
              orbital norm             = 1.00E- 8
              multipole moments recalc = 1.00E+15

          orbitals are relaxed
          Coulomb potentials are kept frozen

          multipole expansion coefficients =  4

   (mc)sor:
          sor method used for relaxing orbitals and potentials
          ordering: middle 

                            (mc)sor iterations
                            orbital  potentials
             6 sigma           10        10
             5 sigma           10        10
             4 sigma           10        10
             3 sigma           10        10
             2 sigma           10        10
             1 sigma           10        10

          overrelaxation parameters:   orbitals       potentials 
                                        1.945       1.984   1.984

   machine accuracy      =    0.11E-15

   constants: 
               pi        =    0.3141592653589793E+01
               bohr      =    0.5291772490000000E+00 angstroms


   memory usage:
          text+data                                      0.9 MB 
          bss (common block contributions)              97.1 MB
          dynamical allocation                          61.2 MB 
              orbitals + Coulomb potentials             10.7 MB
              exchange potentials                        0.9 MB

////////////////////////////////////////////////////////////////////////////////////////////////

 ... initializing orbitals from hydrogenic functions ...
 ... initializing Lagrange multipliers ...

 total energy:                 -0.7382374999988494E+02
 total electronic energy:      -0.7382374999988494E+02
 virial ratio:                 -0.1818181818167001E+01

   scf  orbital              energy              energy diff        1-norm         overlap
    1   1 sigma      -.4974373204469418E+02       -0.24E+00       -0.48E-01        0.00E+00
    1   2 sigma      -.1239681704412019E+02       -0.22E-01       -0.53E-01        0.16E-01
    1   3 sigma      -.5519423122624487E+01       -0.19E-01       -0.67E-01        0.13E-02
    1   4 sigma      -.3101611518220503E+01       -0.79E-02       -0.98E-01        0.27E-03
    1   5 sigma      -.1959545230744012E+01        0.20E-01       -0.13E+00        0.55E-03
    1   6 sigma      -.1370985852003222E+01        0.40E-02       -0.19E+00        0.38E-03
    2   1 sigma      -.4984889343521697E+02       -0.11E+00       -0.38E-01        0.00E+00
    2   2 sigma      -.1243758683810667E+02       -0.41E-01       -0.48E-01        0.14E-01
    2   3 sigma      -.5533689034383003E+01       -0.14E-01       -0.61E-01        0.64E-03
    2   4 sigma      -.3109387419281168E+01       -0.78E-02       -0.92E-01        0.15E-03
    2   5 sigma      -.1956894689682300E+01        0.27E-02       -0.15E+00        0.28E-03
    2   6 sigma      -.1372255327232671E+01       -0.13E-02       -0.19E+00        0.17E-03
    3   1 sigma      -.4989312105622664E+02       -0.44E-01       -0.30E-01        0.00E+00
    3   2 sigma      -.1245969767676592E+02       -0.22E-01       -0.41E-01        0.12E-01
    3   3 sigma      -.5540872270867829E+01       -0.72E-02       -0.54E-01        0.20E-03
    3   4 sigma      -.3115005778131410E+01       -0.56E-02       -0.82E-01        0.99E-05
    3   5 sigma      -.1959636861716836E+01       -0.27E-02       -0.15E+00        0.81E-04
    3   6 sigma      -.1374564815023926E+01       -0.23E-02       -0.17E+00        0.18E-04
    4   1 sigma      -.4992228940931306E+02       -0.29E-01       -0.23E-01        0.00E+00
    4   2 sigma      -.1247163695595843E+02       -0.12E-01       -0.35E-01        0.10E-01
    4   3 sigma      -.5545694320668128E+01       -0.48E-02       -0.49E-01        0.20E-03
    4   4 sigma      -.3120432321602610E+01       -0.54E-02       -0.74E-01        0.30E-04
    4   5 sigma      -.1965368378585770E+01       -0.57E-02       -0.14E+00        0.75E-04
    4   6 sigma      -.1377575298884265E+01       -0.30E-02       -0.14E+00        0.10E-03
    5   1 sigma      -.4994786298634126E+02       -0.26E-01       -0.17E-01        0.00E+00
    5   2 sigma      -.1247990066812680E+02       -0.83E-02       -0.31E-01        0.85E-02
    5   3 sigma      -.5550344934299998E+01       -0.47E-02       -0.44E-01        0.57E-03
    5   4 sigma      -.3127016388487903E+01       -0.66E-02       -0.66E-01        0.29E-03
    5   5 sigma      -.1973987215105081E+01       -0.86E-02       -0.13E+00        0.20E-03
    5   6 sigma      -.1381870180267692E+01       -0.43E-02       -0.12E+00        0.21E-03
    6   1 sigma      -.4996738587868513E+02       -0.20E-01       -0.12E-01        0.00E+00
    6   2 sigma      -.1248645587203231E+02       -0.66E-02       -0.26E-01        0.70E-02
    6   3 sigma      -.5555296022796695E+01       -0.50E-02       -0.39E-01        0.92E-03
    6   4 sigma      -.3135674394950668E+01       -0.87E-02       -0.59E-01        0.53E-03
    6   5 sigma      -.1986502254680847E+01       -0.13E-01       -0.11E+00        0.30E-03
    6   6 sigma      -.1388924557284232E+01       -0.71E-02       -0.99E-01        0.28E-03
    7   1 sigma      -.4998028509123000E+02       -0.13E-01       -0.84E-02        0.00E+00
    7   2 sigma      -.1249177411268173E+02       -0.53E-02       -0.23E-01        0.55E-02
    7   3 sigma      -.5560739778587566E+01       -0.54E-02       -0.35E-01        0.12E-02
    7   4 sigma      -.3147544933743732E+01       -0.12E-01       -0.52E-01        0.75E-03
    7   5 sigma      -.2005375133374575E+01       -0.19E-01       -0.97E-01        0.36E-03
    7   6 sigma      -.1401949279072305E+01       -0.13E-01       -0.79E-01        0.31E-03
    8   1 sigma      -.4998820055588546E+02       -0.79E-02       -0.54E-02        0.00E+00
    8   2 sigma      -.1249588855534744E+02       -0.41E-02       -0.19E-01        0.42E-02
    8   3 sigma      -.5566973117683361E+01       -0.62E-02       -0.31E-01        0.15E-02
    8   4 sigma      -.3164369001508403E+01       -0.17E-01       -0.44E-01        0.94E-03
    8   5 sigma      -.2035387208330456E+01       -0.30E-01       -0.80E-01        0.37E-03
    8   6 sigma      -.1427371636398441E+01       -0.25E-01       -0.57E-01        0.29E-03
    9   1 sigma      -.4999299632018601E+02       -0.48E-02       -0.31E-02        0.00E+00
    9   2 sigma      -.1249891866894628E+02       -0.30E-02       -0.16E-01        0.30E-02
    9   3 sigma      -.5574484731320762E+01       -0.75E-02       -0.27E-01        0.18E-02
    9   4 sigma      -.3188867017173989E+01       -0.24E-01       -0.36E-01        0.11E-02
    9   5 sigma      -.2085248006306299E+01       -0.50E-01       -0.59E-01        0.32E-03
    9   6 sigma      -.1477199162765324E+01       -0.50E-01       -0.25E-01        0.20E-03
   10   1 sigma      -.4999590800225324E+02       -0.29E-02       -0.16E-02        0.00E+00
   10   2 sigma      -.1250100415192857E+02       -0.21E-02       -0.13E-01        0.20E-02
   10   3 sigma      -.5583885287575338E+01       -0.94E-02       -0.24E-01        0.19E-02
   10   4 sigma      -.3225253132735395E+01       -0.36E-01       -0.26E-01        0.12E-02
   10   5 sigma      -.2170695804593820E+01       -0.85E-01       -0.33E-01        0.21E-03
   10   6 sigma      -.1571843513396297E+01       -0.95E-01        0.21E-01        0.22E-04
   11   1 sigma      -.4999769663387571E+02       -0.18E-02       -0.65E-03        0.00E+00
   11   2 sigma      -.1250232065990171E+02       -0.13E-02       -0.11E-01        0.12E-02
   11   3 sigma      -.5595900093029908E+01       -0.12E-01       -0.20E-01        0.21E-02
   11   4 sigma      -.3280164687334249E+01       -0.55E-01       -0.14E-01        0.12E-02
   11   5 sigma      -.2320729971823118E+01       -0.15E+00        0.31E-02        0.18E-04
   11   6 sigma      -.1738987076444713E+01       -0.17E+00        0.87E-01        0.26E-03
   12   1 sigma      -.4999879383132976E+02       -0.11E-02       -0.11E-03        0.00E+00
   12   2 sigma      -.1250306964938252E+02       -0.75E-03       -0.87E-02        0.55E-03
   12   3 sigma      -.5611435843123481E+01       -0.16E-01       -0.17E-01        0.21E-02
   12   4 sigma      -.3364399405257849E+01       -0.84E-01        0.14E-02        0.12E-02
   12   5 sigma      -.2588532213927103E+01       -0.27E+00        0.48E-01        0.23E-03
   12   6 sigma      -.1987563908127619E+01       -0.25E+00        0.16E+00        0.47E-03
   13   1 sigma      -.4999944536744360E+02       -0.65E-03        0.13E-03        0.00E+00
   13   2 sigma      -.1250341189551170E+02       -0.34E-03       -0.70E-02        0.12E-03
   13   3 sigma      -.5631604892976623E+01       -0.20E-01       -0.14E-01        0.21E-02
   13   4 sigma      -.3496366899983661E+01       -0.13E+00        0.22E-01        0.11E-02
   13   5 sigma      -.3055218056430707E+01       -0.47E+00        0.88E-01        0.46E-03
   13   6 sigma      -.2227029448429731E+01       -0.24E+00        0.21E+00        0.96E-03
   14   1 sigma      -.4999980458418666E+02       -0.36E-03        0.19E-03        0.00E+00
   14   2 sigma      -.1250348444256674E+02       -0.73E-04       -0.55E-02        0.13E-03
   14   3 sigma      -.5657834283845590E+01       -0.26E-01       -0.99E-02        0.20E-02
   14   4 sigma      -.3709121362808322E+01       -0.21E+00        0.50E-01        0.10E-02
   14   5 sigma      -.3741684799445682E+01       -0.69E+00        0.91E-01        0.45E-03
   14   6 sigma      -.2280468073303490E+01       -0.53E-01        0.25E+00        0.11E-02
   15   1 sigma      -.4999997646987526E+02       -0.17E-03        0.15E-03        0.00E+00
   15   2 sigma      -.1250339039571166E+02        0.94E-04       -0.42E-02        0.25E-03
   15   3 sigma      -.5691962498725118E+01       -0.34E-01       -0.60E-02        0.19E-02
   15   4 sigma      -.4064805319385376E+01       -0.36E+00        0.87E-01        0.79E-03
   15   5 sigma      -.4364772117681351E+01       -0.62E+00        0.37E-01        0.57E-04
   15   6 sigma      -.2196298566010888E+01        0.84E-01        0.29E+00        0.11E-02
   16   1 sigma      -.5000003831390062E+02       -0.62E-04        0.94E-04        0.00E+00
   16   2 sigma      -.1250319105113116E+02        0.20E-03       -0.32E-02        0.26E-03
   16   3 sigma      -.5736366159444572E+01       -0.44E-01       -0.17E-02        0.18E-02
   16   4 sigma      -.4679190009711612E+01       -0.61E+00        0.13E+00        0.47E-03
   16   5 sigma      -.4550452121062212E+01       -0.19E+00       -0.47E-02        0.79E-03
   16   6 sigma      -.2259723844246009E+01       -0.63E-01        0.26E+00        0.95E-03
   17   1 sigma      -.5000004468872976E+02       -0.64E-05        0.40E-04        0.00E+00
   17   2 sigma      -.1250292835308525E+02        0.26E-03       -0.24E-02        0.21E-03
   17   3 sigma      -.5794137388446845E+01       -0.58E-01        0.32E-02        0.18E-02
   17   4 sigma      -.5722729230756122E+01       -0.10E+01        0.16E+00        0.84E-04
   17   5 sigma      -.4299734819011341E+01        0.25E+00       -0.24E-02        0.11E-02
   17   6 sigma      -.2479126780435819E+01       -0.22E+00        0.19E+00        0.99E-03
   18   1 sigma      -.5000003064936875E+02        0.14E-04        0.58E-05        0.00E+00
   18   2 sigma      -.1250262309312474E+02        0.31E-03       -0.17E-02        0.15E-03
   18   3 sigma      -.5869305492555227E+01       -0.75E-01        0.88E-02        0.15E-03
   18   4 sigma      -.7210088253719752E+01       -0.15E+01        0.15E+00        0.10E-02
   18   5 sigma      -.3907009472580435E+01        0.39E+00       -0.66E-02        0.66E-03
   18   6 sigma      -.2729559255618637E+01       -0.25E+00        0.16E+00        0.14E-02
   19   1 sigma      -.5000001433750244E+02        0.16E-04       -0.85E-05        0.00E+00
   19   2 sigma      -.1250228652362045E+02        0.34E-03       -0.12E-02        0.10E-03
   19   3 sigma      -.5967130288602556E+01       -0.98E-01        0.15E-01        0.19E-02
   19   4 sigma      -.8615314848410241E+01       -0.14E+01        0.87E-01        0.22E-02
   19   5 sigma      -.3817126927377967E+01        0.90E-01       -0.30E-01        0.29E-03
   19   6 sigma      -.2900047139157425E+01       -0.17E+00        0.13E+00        0.17E-02
   20   1 sigma      -.5000000295160822E+02        0.11E-04       -0.10E-04        0.00E+00
   20   2 sigma      -.1250194547078849E+02        0.34E-03       -0.84E-03        0.68E-04
   20   3 sigma      -.6094514565349174E+01       -0.13E+00        0.23E-01        0.20E-02
   20   4 sigma      -.9480378904311795E+01       -0.87E+00        0.41E-01        0.23E-02
   20   5 sigma      -.4025259179188903E+01       -0.21E+00       -0.22E-01        0.11E-02
   20   6 sigma      -.3002025917633205E+01       -0.10E+00        0.77E-01        0.22E-02
 ... writing functions to disk (current precision) ...
 total energy:    -0.8510412698887978E+02
   21   1 sigma      -.4999999761130957E+02        0.53E-05       -0.74E-05        0.00E+00
   21   2 sigma      -.1250161964262888E+02        0.33E-03       -0.57E-03        0.50E-04
   21   3 sigma      -.6260514614195083E+01       -0.17E+00        0.33E-01        0.23E-02
   21   4 sigma      -.9921876729100928E+01       -0.44E+00        0.34E-01        0.32E-02
   21   5 sigma      -.4286832801824755E+01       -0.26E+00        0.14E-01        0.14E-02
   21   6 sigma      -.3095214133516944E+01       -0.93E-01        0.30E-01        0.24E-02
   22   1 sigma      -.4999999642790859E+02        0.12E-05       -0.39E-05        0.00E+00
   22   2 sigma      -.1250132217856145E+02        0.30E-03       -0.38E-03        0.40E-04
   22   3 sigma      -.6476949386508606E+01       -0.22E+00        0.44E-01        0.26E-02
   22   4 sigma      -.1010150532302083E+02       -0.18E+00        0.38E-01        0.27E-02
   22   5 sigma      -.4524527689303238E+01       -0.24E+00        0.42E-01        0.15E-02
   22   6 sigma      -.3180383788508927E+01       -0.85E-01        0.12E-01        0.24E-02
   23   1 sigma      -.4999999709552711E+02       -0.67E-06       -0.16E-05        0.00E+00
   23   2 sigma      -.1250106316928588E+02        0.26E-03       -0.25E-03        0.35E-04
   23   3 sigma      -.6758946351910271E+01       -0.28E+00        0.56E-01        0.30E-02
   23   4 sigma      -.1008189522017542E+02        0.20E-01        0.39E-01        0.19E-02
   23   5 sigma      -.4738259787404766E+01       -0.21E+00        0.58E-01        0.15E-02
   23   6 sigma      -.3256057766728208E+01       -0.76E-01        0.11E-01        0.25E-02
   24   1 sigma      -.4999999817452103E+02       -0.11E-05       -0.57E-06        0.00E+00
   24   2 sigma      -.1250084728395915E+02        0.22E-03       -0.17E-03        0.30E-04
   24   3 sigma      -.7124891211873741E+01       -0.37E+00        0.70E-01        0.35E-02
   24   4 sigma      -.9882690626344104E+01        0.20E+00        0.37E-01        0.12E-02
   24   5 sigma      -.4931019221687102E+01       -0.19E+00        0.67E-01        0.14E-02
   24   6 sigma      -.3328973649365953E+01       -0.73E-01        0.16E-01        0.25E-02
   25   1 sigma      -.4999999905546016E+02       -0.88E-06       -0.11E-06        0.00E+00
   25   2 sigma      -.1250067355049283E+02        0.17E-03       -0.11E-03        0.26E-04
   25   3 sigma      -.7594436361747122E+01       -0.47E+00        0.83E-01        0.40E-02
   25   4 sigma      -.9512616854108913E+01        0.37E+00        0.36E-01        0.51E-03
   25   5 sigma      -.5100762247568291E+01       -0.17E+00        0.72E-01        0.13E-02
   25   6 sigma      -.3406629279304400E+01       -0.78E-01        0.24E-01        0.25E-02
   26   1 sigma      -.4999999960237526E+02       -0.55E-06        0.90E-07        0.00E+00
   26   2 sigma      -.1250053708755762E+02        0.14E-03       -0.77E-04        0.23E-04
   26   3 sigma      -.8181965236588796E+01       -0.59E+00        0.94E-01        0.47E-02
   26   4 sigma      -.8984386936442995E+01        0.53E+00        0.34E-01        0.99E-04
   26   5 sigma      -.5242571065415993E+01       -0.14E+00        0.74E-01        0.12E-02
   26   6 sigma      -.3494713068456839E+01       -0.88E-01        0.34E-01        0.26E-02
   27   1 sigma      -.4999999987914062E+02       -0.28E-06        0.16E-06        0.00E+00
   27   2 sigma      -.1250043133175076E+02        0.11E-03       -0.55E-04        0.20E-04
   27   3 sigma      -.8882714975732867E+01       -0.70E+00        0.99E-01        0.54E-02
   27   4 sigma      -.8330885305165314E+01        0.65E+00        0.33E-01        0.32E-04
   27   5 sigma      -.5350307162407354E+01       -0.11E+00        0.74E-01        0.10E-02
   27   6 sigma      -.3597652458658870E+01       -0.10E+00        0.43E-01        0.57E-03
   28   1 sigma      -.4999999999744166E+02       -0.12E-06        0.15E-06        0.00E+00
   28   2 sigma      -.1250034966893380E+02        0.82E-04       -0.40E-04        0.17E-04
   28   3 sigma      -.9654704657886253E+01       -0.77E+00        0.95E-01        0.61E-02
   28   4 sigma      -.7621748142032041E+01        0.71E+00        0.29E-01        0.11E-03
   28   5 sigma      -.5419522581147730E+01       -0.69E-01        0.70E-01        0.90E-03
   28   6 sigma      -.3719563630708908E+01       -0.12E+00        0.52E-01        0.28E-02
   29   1 sigma      -.5000000004093651E+02       -0.43E-07        0.10E-06        0.00E+00
   29   2 sigma      -.1250028629392630E+02        0.63E-04       -0.31E-04        0.14E-04
   29   3 sigma      -.1041493918230566E+02       -0.76E+00        0.81E-01        0.65E-02
   29   4 sigma      -.6958502467856173E+01        0.66E+00        0.22E-01        0.44E-03
   29   5 sigma      -.5453015467566295E+01       -0.33E-01        0.63E-01        0.76E-03
   29   6 sigma      -.3864517920517990E+01       -0.14E+00        0.60E-01        0.29E-02
   30   1 sigma      -.5000000004908037E+02       -0.81E-08        0.52E-07        0.00E+00
   30   2 sigma      -.1250023650873916E+02        0.50E-04       -0.24E-04        0.12E-04
   30   3 sigma      -.1107143025317307E+02       -0.66E+00        0.60E-01        0.65E-02
   30   4 sigma      -.6430973300975032E+01        0.53E+00        0.12E-01        0.80E-03
   30   5 sigma      -.5463576863528653E+01       -0.11E-01        0.53E-01        0.62E-03
   30   6 sigma      -.4035262466474430E+01       -0.17E+00        0.66E-01        0.30E-02
   31   1 sigma      -.5000000004908063E+02       -0.26E-12        0.42E-14        0.00E+00
   31   2 sigma      -.1250019675931018E+02        0.40E-04       -0.20E-04        0.97E-05
   31   3 sigma      -.1157172777074810E+02       -0.50E+00        0.39E-01        0.60E-02
   31   4 sigma      -.6069886961529458E+01        0.36E+00        0.18E-03        0.10E-02
   31   5 sigma      -.5467013956043139E+01       -0.34E-02        0.42E-01        0.49E-03
   31   6 sigma      -.4229868663804084E+01       -0.19E+00        0.69E-01        0.31E-02
   32   1 sigma      -.5000000004908065E+02       -0.21E-13        0.22E-15        0.00E+00
   32   2 sigma      -.1250016448883060E+02        0.32E-04       -0.16E-04        0.81E-05
   32   3 sigma      -.1191775524498473E+02       -0.35E+00        0.23E-01        0.52E-02
   32   4 sigma      -.5848786090804745E+01        0.22E+00       -0.90E-02        0.11E-02
   32   5 sigma      -.5472684037409822E+01       -0.57E-02        0.32E-01        0.36E-03
   32   6 sigma      -.4438835950081993E+01       -0.21E+00        0.70E-01        0.30E-02
   33   1 sigma      -.5000000004908065E+02        0.20E-07        0.00E+00        0.00E+00
   33   2 sigma      -.1250013791333950E+02        0.27E-04       -0.13E-04        0.69E-05
   33   3 sigma      -.1214232641818212E+02       -0.22E+00        0.12E-01        0.44E-02
   33   4 sigma      -.5721517869601731E+01        0.13E+00       -0.15E-01        0.11E-02
   33   5 sigma      -.5482309418476352E+01       -0.96E-02        0.24E-01        0.24E-03
   33   6 sigma      -.4646757312244080E+01       -0.21E+00        0.68E-01        0.29E-02
   34   1 sigma      -.5000000004908065E+02        0.20E-07        0.00E+00        0.00E+00
   34   2 sigma      -.1250011584746355E+02        0.22E-04       -0.11E-04        0.58E-05
   34   3 sigma      -.1228276904725883E+02       -0.14E+00        0.50E-02        0.35E-02
   34   4 sigma      -.5649727070768525E+01        0.72E-01       -0.17E-01        0.95E-03
   34   5 sigma      -.5494119636998726E+01       -0.12E-01        0.18E-01        0.14E-03
   34   6 sigma      -.4838142884581019E+01       -0.19E+00        0.65E-01        0.27E-02
   35   1 sigma      -.5000000004908065E+02        0.20E-07        0.00E+00        0.00E+00
   35   2 sigma      -.1250009745249180E+02        0.18E-04       -0.89E-05        0.49E-05
   35   3 sigma      -.1236896398104901E+02       -0.86E-01        0.10E-02        0.28E-02
   35   4 sigma      -.5609127231410190E+01        0.41E-01       -0.17E-01        0.82E-03
   35   5 sigma      -.5506009169009846E+01       -0.12E-01        0.14E-01        0.53E-04
   35   6 sigma      -.5002767349658813E+01       -0.16E+00        0.61E-01        0.24E-02
   36   1 sigma      -.5000000004908065E+02        0.20E-07        0.00E+00        0.00E+00
   36   2 sigma      -.1250008208953963E+02        0.15E-04       -0.73E-05        0.41E-05
   36   3 sigma      -.1242157712857840E+02       -0.53E-01       -0.12E-02        0.23E-02
   36   4 sigma      -.5586011727113865E+01        0.23E-01       -0.16E-01        0.70E-03
   36   5 sigma      -.5516608283639210E+01       -0.11E-01        0.12E-01        0.14E-04
   36   6 sigma      -.5137214588630742E+01       -0.13E+00        0.57E-01        0.21E-02
   37   1 sigma      -.5000000004908065E+02        0.20E-07        0.00E+00        0.00E+00
   37   2 sigma      -.1250006923782070E+02        0.13E-04       -0.60E-05        0.35E-05
   37   3 sigma      -.1245386027857425E+02       -0.32E-01       -0.24E-02        0.18E-02
   37   4 sigma      -.5572839556205781E+01        0.13E-01       -0.14E-01        0.58E-03
   37   5 sigma      -.5525349012093250E+01       -0.87E-02        0.94E-02        0.63E-04
   37   6 sigma      -.5243121133495857E+01       -0.11E+00        0.53E-01        0.17E-02
   38   1 sigma      -.5000000004908065E+02        0.20E-07        0.00E+00        0.00E+00
   38   2 sigma      -.1250005846009747E+02        0.11E-04       -0.50E-05        0.29E-05
   38   3 sigma      -.1247392045464863E+02       -0.20E-01       -0.30E-02        0.14E-02
   38   4 sigma      -.5565383289509319E+01        0.75E-02       -0.13E-01        0.48E-03
   38   5 sigma      -.5532227746913764E+01       -0.69E-02        0.77E-02        0.98E-04
   38   6 sigma      -.5324568850277392E+01       -0.81E-01        0.48E-01        0.15E-02
   39   1 sigma      -.5000000004908065E+02        0.20E-07        0.00E+00        0.00E+00
   39   2 sigma      -.1250004939354687E+02        0.91E-05       -0.41E-05        0.25E-05
   39   3 sigma      -.1248656584459373E+02       -0.13E-01       -0.33E-02        0.12E-02
   39   4 sigma      -.5561234432523067E+01        0.41E-02       -0.11E-01        0.40E-03
   39   5 sigma      -.5537510286211236E+01       -0.53E-02        0.62E-02        0.12E-03
   39   6 sigma      -.5386222723404195E+01       -0.62E-01        0.44E-01        0.12E-02
   40   1 sigma      -.5000000004908065E+02        0.20E-07        0.00E+00        0.00E+00
   40   2 sigma      -.1250004174581507E+02        0.76E-05       -0.34E-05        0.21E-05
   40   3 sigma      -.1249460638686837E+02       -0.80E-02       -0.32E-02        0.95E-03
   40   4 sigma      -.5559018815032180E+01        0.22E-02       -0.92E-02        0.33E-03
   40   5 sigma      -.5541527706160393E+01       -0.40E-02        0.50E-02        0.13E-03
   40   6 sigma      -.5432392311300213E+01       -0.46E-01        0.40E-01        0.10E-02
 ... writing functions to disk (current precision) ...
 total energy:    -0.9152758701425688E+02
   41   1 sigma      -.5000000004908065E+02        0.20E-07        0.00E+00        0.00E+00
   41   2 sigma      -.1250003528567624E+02        0.65E-05       -0.28E-05        0.18E-05
   41   3 sigma      -.1249969334920279E+02       -0.51E-02       -0.30E-02        0.77E-03
   41   4 sigma      -.5557949106351651E+01        0.11E-02       -0.78E-02        0.27E-03
   41   5 sigma      -.5544582455651498E+01       -0.31E-02        0.40E-02        0.14E-03
   41   6 sigma      -.5466697476093095E+01       -0.34E-01        0.35E-01        0.84E-03
   42   1 sigma      -.5000000004908065E+02        0.20E-07        0.00E+00        0.00E+00
   42   2 sigma      -.1250002982801512E+02        0.55E-05       -0.24E-05        0.15E-05
   42   3 sigma      -.1250282486505619E+02       -0.31E-02       -0.27E-02        0.64E-03
   42   4 sigma      -.5557560993904000E+01        0.39E-03       -0.66E-02        0.22E-03
   42   5 sigma      -.5546917280100915E+01       -0.23E-02        0.32E-02        0.13E-03
   42   6 sigma      -.5492030301430655E+01       -0.25E-01        0.31E-01        0.69E-03
   43   1 sigma      -.5000000004908065E+02        0.20E-07        0.00E+00        0.00E+00
   43   2 sigma      -.1250002521916530E+02        0.46E-05       -0.20E-05        0.13E-05
   43   3 sigma      -.1250463369356856E+02       -0.18E-02       -0.24E-02        0.53E-03
   43   4 sigma      -.5557564059275359E+01       -0.31E-05       -0.56E-02        0.18E-03
   43   5 sigma      -.5548714969045926E+01       -0.18E-02        0.25E-02        0.13E-03
   43   6 sigma      -.5510633887149559E+01       -0.19E-01        0.28E-01        0.46E-03
   44   1 sigma      -.5000000004908065E+02        0.20E-07        0.00E+00        0.00E+00
   44   2 sigma      -.1250002132789063E+02        0.39E-05       -0.17E-05        0.11E-05
   44   3 sigma      -.1250554375533901E+02       -0.91E-03       -0.21E-02        0.44E-03
   44   4 sigma      -.5557765790117831E+01       -0.20E-03       -0.48E-02        0.15E-03
   44   5 sigma      -.5550109424185371E+01       -0.14E-02        0.19E-02        0.12E-03
   44   6 sigma      -.5524217534629531E+01       -0.14E-01        0.24E-01        0.21E-03
   45   1 sigma      -.5000000004908065E+02        0.20E-07        0.00E+00        0.00E+00
   45   2 sigma      -.1250001804192308E+02        0.33E-05       -0.14E-05        0.92E-06
   45   3 sigma      -.1250585250392610E+02       -0.31E-03       -0.18E-02        0.37E-03
   45   4 sigma      -.5558035938400083E+01       -0.27E-03       -0.41E-02        0.12E-03
   45   5 sigma      -.5551198458746748E+01       -0.11E-02        0.14E-02        0.11E-03
   45   6 sigma      -.5534070761416095E+01       -0.99E-02        0.21E-01        0.40E-04
   46   1 sigma      -.5000000004908065E+02        0.20E-07        0.00E+00        0.00E+00
   46   2 sigma      -.1250001526631714E+02        0.28E-05       -0.12E-05        0.78E-06
   46   3 sigma      -.1250577381405100E+02        0.79E-04       -0.15E-02        0.31E-03
   46   4 sigma      -.5558290052703719E+01       -0.25E-03       -0.35E-02        0.10E-03
   46   5 sigma      -.5552054375031759E+01       -0.86E-03        0.11E-02        0.11E-03
   46   6 sigma      -.5541161798200171E+01       -0.71E-02        0.18E-01        0.79E-04
   47   1 sigma      -.5000000004908065E+02        0.20E-07        0.00E+00        0.00E+00
   47   2 sigma      -.1250001292102411E+02        0.23E-05       -0.10E-05        0.66E-06
   47   3 sigma      -.1250546109451406E+02        0.31E-03       -0.13E-02        0.26E-03
   47   4 sigma      -.5558479941573393E+01       -0.19E-03       -0.31E-02        0.83E-04
   47   5 sigma      -.5552731477017568E+01       -0.68E-03        0.82E-03        0.97E-04
   47   6 sigma      -.5546216474200887E+01       -0.51E-02        0.15E-01        0.29E-04
   48   1 sigma      -.5000000004908065E+02        0.20E-07        0.00E+00        0.00E+00
   48   2 sigma      -.1250001093830787E+02        0.20E-05       -0.84E-06        0.56E-06
   48   3 sigma      -.1250502147467321E+02        0.44E-03       -0.11E-02        0.22E-03
   48   4 sigma      -.5558585415586902E+01       -0.11E-03       -0.27E-02        0.69E-04
   48   5 sigma      -.5553270945745027E+01       -0.54E-03        0.60E-03        0.88E-04
   48   6 sigma      -.5549778465244207E+01       -0.36E-02        0.13E-01        0.20E-03
   49   1 sigma      -.5000000004908065E+02        0.20E-07        0.00E+00        0.00E+00
   49   2 sigma      -.1250000926105271E+02        0.17E-05       -0.71E-06        0.48E-06
   49   3 sigma      -.1250452666292515E+02        0.49E-03       -0.91E-03        0.18E-03
   49   4 sigma      -.5558605912925858E+01       -0.20E-04       -0.24E-02        0.58E-04
   49   5 sigma      -.5553703970606830E+01       -0.43E-03        0.44E-03        0.79E-04
   49   6 sigma      -.5552254278564896E+01       -0.25E-02        0.11E-01        0.20E-03
   50   1 sigma      -.5000000004908065E+02        0.20E-07        0.00E+00        0.00E+00
   50   2 sigma      -.1250000784145986E+02        0.14E-05       -0.60E-06        0.41E-06
   50   3 sigma      -.1250402237587152E+02        0.50E-03       -0.76E-03        0.15E-03
   50   4 sigma      -.5558552607668629E+01        0.53E-04       -0.21E-02        0.49E-04
   50   5 sigma      -.5554054009330525E+01       -0.35E-03        0.31E-03        0.71E-04
   50   6 sigma      -.5553946523946281E+01       -0.17E-02        0.94E-02        0.17E-03
   51   1 sigma      -.5000000004908065E+02        0.20E-07        0.00E+00        0.00E+00
   51   2 sigma      -.1250000663952135E+02        0.12E-05       -0.51E-06        0.35E-06
   51   3 sigma      -.1250353620200057E+02        0.49E-03       -0.64E-03        0.13E-03
   51   4 sigma      -.5558441947676331E+01        0.11E-03       -0.19E-02        0.42E-04
   51   5 sigma      -.5554338637121804E+01       -0.28E-03        0.22E-03        0.64E-04
   51   6 sigma      -.5555078748914752E+01       -0.11E-02        0.79E-02        0.14E-03
   52   1 sigma      -.5000000004908065E+02        0.20E-07        0.00E+00        0.00E+00
   52   2 sigma      -.1250000562162340E+02        0.10E-05       -0.43E-06        0.30E-06
   52   3 sigma      -.1250308357893979E+02        0.45E-03       -0.53E-03        0.11E-03
   52   4 sigma      -.5558291157051685E+01        0.15E-03       -0.17E-02        0.36E-04
   52   5 sigma      -.5554571078637134E+01       -0.23E-03        0.16E-03        0.57E-04
   52   6 sigma      -.5555814562801249E+01       -0.74E-03        0.67E-02        0.12E-03
   53   1 sigma      -.5000000004908065E+02        0.20E-07        0.00E+00        0.00E+00
   53   2 sigma      -.1250000475946191E+02        0.86E-06       -0.36E-06        0.25E-06
   53   3 sigma      -.1250267203163341E+02        0.41E-03       -0.45E-03        0.90E-04
   53   4 sigma      -.5558115645162232E+01        0.18E-03       -0.15E-02        0.30E-04
   53   5 sigma      -.5554761408204455E+01       -0.19E-03        0.11E-03        0.52E-04
   53   6 sigma      -.5556272664353447E+01       -0.46E-03        0.56E-02        0.10E-03
   54   1 sigma      -.5000000004908065E+02        0.20E-07        0.00E+00        0.00E+00
   54   2 sigma      -.1250000402913287E+02        0.73E-06       -0.31E-06        0.22E-06
   54   3 sigma      -.1250230406664483E+02        0.37E-03       -0.37E-03        0.76E-04
   54   4 sigma      -.5557927884869872E+01        0.19E-03       -0.14E-02        0.26E-04
   54   5 sigma      -.5554917434748209E+01       -0.16E-03        0.75E-04        0.46E-04
   54   6 sigma      -.5556538532635235E+01       -0.27E-03        0.47E-02        0.85E-04
   55   1 sigma      -.5000000004908065E+02        0.20E-07        0.00E+00        0.00E+00
   55   2 sigma      -.1250000341041737E+02        0.62E-06       -0.26E-06        0.18E-06
   55   3 sigma      -.1250197911233124E+02        0.32E-03       -0.32E-03        0.64E-04
   55   4 sigma      -.5557737232029888E+01        0.19E-03       -0.12E-02        0.23E-04
   55   5 sigma      -.5555045327800607E+01       -0.13E-03        0.52E-04        0.41E-04
   55   6 sigma      -.5556673313124477E+01       -0.13E-03        0.39E-02        0.73E-04
   56   1 sigma      -.5000000004908065E+02        0.20E-07        0.00E+00        0.00E+00
   56   2 sigma      -.1250000288620735E+02        0.52E-06       -0.22E-06        0.16E-06
   56   3 sigma      -.1250169480504492E+02        0.28E-03       -0.27E-03        0.54E-04
   56   4 sigma      -.5557550245420396E+01        0.19E-03       -0.11E-02        0.19E-04
   56   5 sigma      -.5555150050179210E+01       -0.10E-03        0.35E-04        0.37E-04
   56   6 sigma      -.5556720448342852E+01       -0.47E-04        0.33E-02        0.62E-04
   57   1 sigma      -.5000000004908065E+02        0.20E-07        0.00E+00        0.00E+00
   57   2 sigma      -.1250000244202462E+02        0.44E-06       -0.18E-06        0.14E-06
   57   3 sigma      -.1250144783269440E+02        0.25E-03       -0.22E-03        0.45E-04
   57   4 sigma      -.5557371208537827E+01        0.18E-03       -0.98E-03        0.17E-04
   57   5 sigma      -.5555235652685188E+01       -0.86E-04        0.24E-04        0.33E-04
   57   6 sigma      -.5556710571903555E+01        0.99E-05        0.27E-02        0.53E-04
   58   1 sigma      -.5000000004908065E+02        0.20E-07        0.00E+00        0.00E+00
   58   2 sigma      -.1250000206561354E+02        0.38E-06       -0.15E-06        0.12E-06
   58   3 sigma      -.1250123447926502E+02        0.21E-03       -0.19E-03        0.38E-04
   58   4 sigma      -.5557202678371044E+01        0.17E-03       -0.87E-03        0.15E-04
   58   5 sigma      -.5555305474218551E+01       -0.70E-04        0.16E-04        0.30E-04
   58   6 sigma      -.5556665094199180E+01        0.45E-04        0.23E-02        0.45E-04
   59   1 sigma      -.5000000004908065E+02        0.20E-07        0.00E+00        0.00E+00
   59   2 sigma      -.1250000174660130E+02        0.32E-06       -0.13E-06        0.10E-06
   59   3 sigma      -.1250105096689271E+02        0.18E-03       -0.16E-03        0.32E-04
   59   4 sigma      -.5557045972742013E+01        0.16E-03       -0.77E-03        0.13E-04
   59   5 sigma      -.5555362280558200E+01       -0.57E-04        0.97E-05        0.27E-04
   59   6 sigma      -.5556598813580734E+01        0.66E-04        0.19E-02        0.39E-04
   60   1 sigma      -.5000000004908065E+02        0.20E-07        0.00E+00        0.00E+00
   60   2 sigma      -.1250000147621327E+02        0.27E-06       -0.11E-06        0.87E-07
   60   3 sigma      -.1250089366104831E+02        0.16E-03       -0.13E-03        0.27E-04
   60   4 sigma      -.5556901562654856E+01        0.14E-03       -0.68E-03        0.11E-04
   60   5 sigma      -.5555408365310124E+01       -0.46E-04        0.52E-05        0.24E-04
   60   6 sigma      -.5556521809794432E+01        0.77E-04        0.16E-02        0.33E-04
 ... writing functions to disk (current precision) ...
 total energy:    -0.9166972692410164E+02
   61   1 sigma      -.5000000004908065E+02        0.20E-07        0.00E+00        0.00E+00
   61   2 sigma      -.1250000124702006E+02        0.23E-06       -0.92E-07        0.76E-07
   61   3 sigma      -.1250075918419531E+02        0.13E-03       -0.11E-03        0.23E-04
   61   4 sigma      -.5556769366495290E+01        0.13E-03       -0.60E-03        0.97E-05
   61   5 sigma      -.5555445628236710E+01       -0.37E-04        0.16E-05        0.22E-04
   61   6 sigma      -.5556440813714750E+01        0.81E-04        0.13E-02        0.29E-04
   62   1 sigma      -.5000000004908065E+02        0.20E-07        0.00E+00        0.00E+00
   62   2 sigma      -.1250000105273194E+02        0.19E-06       -0.77E-07        0.66E-07
   62   3 sigma      -.1250064446983268E+02        0.11E-03       -0.95E-04        0.19E-04
   62   4 sigma      -.5556648958041193E+01        0.12E-03       -0.53E-03        0.85E-05
   62   5 sigma      -.5555475639853523E+01       -0.30E-04       -0.12E-05        0.20E-04
   62   6 sigma      -.5556360196785311E+01        0.81E-04        0.11E-02        0.25E-04
   63   1 sigma      -.5000000004908065E+02        0.20E-07        0.00E+00        0.00E+00
   63   2 sigma      -.1250000088802350E+02        0.16E-06       -0.64E-07        0.58E-07
   63   3 sigma      -.1250054677927133E+02        0.98E-04       -0.80E-04        0.16E-04
   63   4 sigma      -.5556539706819394E+01        0.11E-03       -0.46E-03        0.75E-05
   63   5 sigma      -.5555499696651734E+01       -0.24E-04       -0.34E-05        0.18E-04
   63   6 sigma      -.5556282684281743E+01        0.78E-04        0.91E-03        0.21E-04
   64   1 sigma      -.5000000004908065E+02        0.20E-07        0.00E+00        0.00E+00
   64   2 sigma      -.1250000074838279E+02        0.14E-06       -0.53E-07        0.50E-07
   64   3 sigma      -.1250046369619610E+02        0.83E-04       -0.67E-04        0.14E-04
   64   4 sigma      -.5556440870068136E+01        0.99E-04       -0.41E-03        0.66E-05
   64   5 sigma      -.5555518868585432E+01       -0.19E-04       -0.50E-05        0.16E-04
   64   6 sigma      -.5556209867219827E+01        0.73E-04        0.76E-03        0.18E-04
   65   1 sigma      -.5000000004908065E+02        0.20E-07        0.00E+00        0.00E+00
   65   2 sigma      -.1250000062998847E+02        0.12E-06       -0.44E-07        0.44E-07
   65   3 sigma      -.1250039310869465E+02        0.71E-04       -0.57E-04        0.12E-04
   65   4 sigma      -.5556351652738770E+01        0.89E-04       -0.36E-03        0.58E-05
   65   5 sigma      -.5555534039247746E+01       -0.15E-04       -0.63E-05        0.15E-04
   65   6 sigma      -.5556142567083571E+01        0.67E-04        0.64E-03        0.16E-04
   66   1 sigma      -.5000000004908065E+02        0.20E-07        0.00E+00        0.00E+00
   66   2 sigma      -.1250000052960369E+02        0.10E-06       -0.36E-07        0.39E-07
   66   3 sigma      -.1250033318458738E+02        0.60E-04       -0.48E-04        0.99E-05
   66   4 sigma      -.5556271247860044E+01        0.80E-04       -0.32E-03        0.51E-05
   66   5 sigma      -.5555545939025775E+01       -0.12E-04       -0.72E-05        0.13E-04
   66   6 sigma      -.5556081093338999E+01        0.61E-04        0.53E-03        0.14E-04
   67   1 sigma      -.5000000004908065E+02        0.20E-07        0.00E+00        0.00E+00
   67   2 sigma      -.1250000044448542E+02        0.85E-07       -0.30E-07        0.35E-07
   67   3 sigma      -.1250028234365120E+02        0.51E-04       -0.41E-04        0.84E-05
   67   4 sigma      -.5556198865138352E+01        0.72E-04       -0.28E-03        0.46E-05
   67   5 sigma      -.5555555171930589E+01       -0.92E-05       -0.79E-05        0.12E-04
   67   6 sigma      -.5556025423568492E+01        0.56E-04        0.44E-03        0.12E-04
   68   1 sigma      -.5000000004908065E+02        0.20E-07        0.00E+00        0.00E+00
   68   2 sigma      -.1250000037230946E+02        0.72E-07       -0.24E-07        0.31E-07
   68   3 sigma      -.1250023922904772E+02        0.43E-04       -0.34E-04        0.71E-05
   68   4 sigma      -.5556133751526832E+01        0.65E-04       -0.24E-03        0.41E-05
   68   5 sigma      -.5555562237194136E+01       -0.71E-05       -0.83E-05        0.11E-04
   68   6 sigma      -.5555975328419726E+01        0.50E-04        0.37E-03        0.10E-04
   69   1 sigma      -.5000000004908065E+02        0.20E-07        0.00E+00        0.00E+00
   69   2 sigma      -.1250000031110523E+02        0.61E-07       -0.20E-07        0.28E-07
   69   3 sigma      -.1250020267958783E+02        0.37E-04       -0.29E-04        0.60E-05
   69   4 sigma      -.5556075204766215E+01        0.59E-04       -0.21E-03        0.36E-05
   69   5 sigma      -.5555567546843569E+01       -0.53E-05       -0.85E-05        0.98E-05
   69   6 sigma      -.5555930457597705E+01        0.45E-04        0.31E-03        0.88E-05
   70   1 sigma      -.5000000004908065E+02        0.20E-07        0.00E+00        0.00E+00
   70   2 sigma      -.1250000025920308E+02        0.52E-07       -0.16E-07        0.26E-07
   70   3 sigma      -.1250017170392387E+02        0.31E-04       -0.25E-04        0.51E-05
   70   4 sigma      -.5556022580167907E+01        0.53E-04       -0.19E-03        0.32E-05
   70   5 sigma      -.5555571440256757E+01       -0.39E-05       -0.86E-05        0.89E-05
   70   6 sigma      -.5555890398525020E+01        0.40E-04        0.26E-03        0.76E-05
   71   1 sigma      -.5000000004908065E+02        0.20E-07        0.00E+00        0.00E+00
   71   2 sigma      -.1250000021518918E+02        0.44E-07       -0.12E-07        0.23E-07
   71   3 sigma      -.1250014545728373E+02        0.26E-04       -0.21E-04        0.43E-05
   71   4 sigma      -.5555975291609732E+01        0.47E-04       -0.17E-03        0.29E-05
   71   5 sigma      -.5555574196391613E+01       -0.28E-05       -0.85E-05        0.80E-05
   71   6 sigma      -.5555854715789111E+01        0.36E-04        0.22E-03        0.66E-05
   72   1 sigma      -.5000000004908065E+02        0.20E-07        0.00E+00        0.00E+00
   72   2 sigma      -.1250000017786251E+02        0.37E-07       -0.94E-08        0.22E-07
   72   3 sigma      -.1250012322086764E+02        0.22E-04       -0.18E-04        0.37E-05
   72   4 sigma      -.5555932808633202E+01        0.42E-04       -0.15E-03        0.26E-05
   72   5 sigma      -.5555576044116615E+01       -0.18E-05       -0.84E-05        0.73E-05
   72   6 sigma      -.5555822976956464E+01        0.32E-04        0.18E-03        0.58E-05
   73   1 sigma      -.5000000004908065E+02        0.20E-07        0.00E+00        0.00E+00
   73   2 sigma      -.1250000014620736E+02        0.32E-07       -0.70E-08        0.20E-07
   73   3 sigma      -.1250010438380568E+02        0.19E-04       -0.15E-04        0.31E-05
   73   4 sigma      -.5555894651749013E+01        0.38E-04       -0.13E-03        0.23E-05
   73   5 sigma      -.5555577170912015E+01       -0.11E-05       -0.81E-05        0.66E-05
   73   6 sigma      -.5555794768625056E+01        0.28E-04        0.15E-03        0.50E-05
   74   1 sigma      -.5000000004908065E+02        0.20E-07        0.00E+00        0.00E+00
   74   2 sigma      -.1250000011936025E+02        0.27E-07       -0.49E-08        0.19E-07
   74   3 sigma      -.1250008842744182E+02        0.16E-04       -0.13E-04        0.26E-05
   74   4 sigma      -.5555860387515086E+01        0.34E-04       -0.11E-03        0.21E-05
   74   5 sigma      -.5555577730129984E+01       -0.56E-06       -0.79E-05        0.60E-05
   74   6 sigma      -.5555769705558645E+01        0.25E-04        0.13E-03        0.44E-05
   75   1 sigma      -.5000000004908065E+02        0.20E-07        0.00E+00        0.00E+00
   75   2 sigma      -.1250000009659151E+02        0.23E-07       -0.32E-08        0.17E-07
   75   3 sigma      -.1250007491172639E+02        0.14E-04       -0.11E-04        0.22E-05
   75   4 sigma      -.5555829624103708E+01        0.31E-04       -0.99E-04        0.19E-05
   75   5 sigma      -.5555577846989473E+01       -0.12E-06       -0.75E-05        0.55E-05
   75   6 sigma      -.5555747435072680E+01        0.22E-04        0.11E-03        0.38E-05
   76   1 sigma      -.5000000004908065E+02        0.20E-07        0.00E+00        0.00E+00
   76   2 sigma      -.1250000007728153E+02        0.19E-07       -0.17E-08        0.16E-07
   76   3 sigma      -.1250006346349965E+02        0.11E-04       -0.90E-05        0.19E-05
   76   4 sigma      -.5555802007454372E+01        0.28E-04       -0.87E-04        0.17E-05
   76   5 sigma      -.5555577623502541E+01        0.22E-06       -0.72E-05        0.50E-05
   76   6 sigma      -.5555727638315545E+01        0.20E-04        0.92E-04        0.33E-05
   77   1 sigma      -.5000000004908065E+02        0.20E-07        0.00E+00        0.00E+00
   77   2 sigma      -.1250000006090325E+02        0.16E-07       -0.41E-09        0.16E-07
   77   3 sigma      -.1250005376646442E+02        0.97E-05       -0.76E-05        0.16E-05
   77   4 sigma      -.5555777217847244E+01        0.25E-04       -0.76E-04        0.16E-05
   77   5 sigma      -.5555577142526442E+01        0.48E-06       -0.68E-05        0.45E-05
   77   6 sigma      -.5555710029625629E+01        0.18E-04        0.78E-04        0.29E-05
   78   1 sigma      -.5000000004908065E+02        0.20E-07        0.00E+00        0.00E+00
   78   2 sigma      -.1250000004701216E+02        0.14E-07        0.65E-09        0.15E-07
   78   3 sigma      -.1250004555260545E+02        0.82E-05       -0.65E-05        0.14E-05
   78   4 sigma      -.5555754966780813E+01        0.22E-04       -0.67E-04        0.14E-05
   78   5 sigma      -.5555576471108858E+01        0.67E-06       -0.64E-05        0.41E-05
   78   6 sigma      -.5555694354760408E+01        0.16E-04        0.66E-04        0.26E-05
   79   1 sigma      -.5000000004908065E+02        0.20E-07        0.00E+00        0.00E+00
   79   2 sigma      -.1250000003523067E+02        0.12E-07        0.16E-08        0.14E-07
   79   3 sigma      -.1250003859488187E+02        0.70E-05       -0.55E-05        0.12E-05
   79   4 sigma      -.5555734994138641E+01        0.20E-04       -0.59E-04        0.95E-06
   79   5 sigma      -.5555575663262250E+01        0.81E-06       -0.61E-05        0.37E-05
   79   6 sigma      -.5555680388517499E+01        0.14E-04        0.56E-04        0.22E-05
   80   1 sigma      -.5000000004908065E+02        0.20E-07        0.00E+00        0.00E+00
   80   2 sigma      -.1250000002523821E+02        0.10E-07        0.23E-08        0.14E-07
   80   3 sigma      -.1250003270099721E+02        0.59E-05       -0.46E-05        0.98E-06
   80   4 sigma      -.5555717065620621E+01        0.18E-04       -0.52E-04        0.58E-06
   80   5 sigma      -.5555574762264479E+01        0.90E-06       -0.57E-05        0.34E-05
   80   6 sigma      -.5555667932088912E+01        0.12E-04        0.47E-04        0.20E-05
 ... writing functions to disk (current precision) ...
 total energy:    -0.9166699253529009E+02
   81   1 sigma      -.5000000004908065E+02        0.20E-07        0.00E+00        0.00E+00
   81   2 sigma      -.1250000002523827E+02       -0.59E-13        0.58E-14        0.80E-15
   81   3 sigma      -.1250002770809854E+02        0.50E-05       -0.39E-05        0.83E-06
   81   4 sigma      -.5555700970407041E+01        0.16E-04       -0.45E-04        0.30E-06
   81   5 sigma      -.5555573802566167E+01        0.96E-06       -0.53E-05        0.31E-05
   81   6 sigma      -.5555656810373516E+01        0.11E-04        0.40E-04        0.17E-05
   82   1 sigma      -.5000000004908065E+02        0.20E-07        0.00E+00        0.00E+00
   82   2 sigma      -.1250000002523830E+02       -0.37E-13        0.44E-15        0.26E-15
   82   3 sigma      -.1250002347828048E+02        0.42E-05       -0.33E-05        0.71E-06
   82   4 sigma      -.5555686520654153E+01        0.14E-04       -0.40E-04        0.60E-07
   82   5 sigma      -.5555572811378290E+01        0.99E-06       -0.50E-05        0.28E-05
   82   6 sigma      -.5555646871726743E+01        0.99E-05        0.34E-04        0.73E-06
   83   1 sigma      -.5000000004908065E+02        0.20E-07        0.00E+00        0.00E+00
   83   2 sigma      -.1250000002523834E+02       -0.39E-13        0.00E+00        0.40E-16
   83   3 sigma      -.1250001989476849E+02        0.36E-05       -0.28E-05        0.60E-06
   83   4 sigma      -.5555673544229436E+01        0.13E-04       -0.35E-04        0.13E-06
   83   5 sigma      -.5555571809986464E+01        0.10E-05       -0.46E-05        0.26E-05
   83   6 sigma      -.5555637977863348E+01        0.89E-05        0.29E-04        0.50E-06
   84   1 sigma      -.5000000004908065E+02        0.20E-07        0.00E+00        0.00E+00
   84   2 sigma      -.1250000002523834E+02        0.20E-07        0.00E+00        0.12E-16
   84   3 sigma      -.1250001685867795E+02        0.30E-05       -0.24E-05        0.51E-06
   84   4 sigma      -.5555661888408405E+01        0.12E-04       -0.31E-04        0.28E-06
   84   5 sigma      -.5555570814826388E+01        0.10E-05       -0.43E-05        0.23E-05
   84   6 sigma      -.5555630010109479E+01        0.80E-05        0.24E-04        0.12E-05
   85   1 sigma      -.5000000004908065E+02        0.20E-07        0.00E+00        0.00E+00
   85   2 sigma      -.1250000002523834E+02        0.20E-07        0.00E+00        0.12E-16
   85   3 sigma      -.1250001428627688E+02        0.26E-05       -0.20E-05        0.44E-06
   85   4 sigma      -.5555651416413750E+01        0.10E-04       -0.27E-04        0.40E-06
   85   5 sigma      -.5555569838402103E+01        0.98E-06       -0.40E-05        0.21E-05
   85   6 sigma      -.5555622864313667E+01        0.71E-05        0.21E-04        0.11E-05
   86   1 sigma      -.5000000004908065E+02        0.20E-07        0.00E+00        0.00E+00
   86   2 sigma      -.1250000002523834E+02        0.20E-07        0.00E+00        0.12E-16
   86   3 sigma      -.1250001210665744E+02        0.22E-05       -0.17E-05        0.37E-06
   86   4 sigma      -.5555642005606598E+01        0.94E-05       -0.24E-04        0.49E-06
   86   5 sigma      -.5555568890031379E+01        0.95E-06       -0.37E-05        0.19E-05
   86   6 sigma      -.5555616448779266E+01        0.64E-05        0.18E-04        0.94E-06
   87   1 sigma      -.5000000004908065E+02        0.20E-07        0.00E+00        0.00E+00
   87   2 sigma      -.1250000002523834E+02        0.18E-14        0.00E+00        0.12E-16
   87   3 sigma      -.1250001025977193E+02        0.18E-05       -0.15E-05        0.32E-06
   87   4 sigma      -.5555633546036360E+01        0.85E-05       -0.21E-04        0.55E-06
   87   5 sigma      -.5555567976458984E+01        0.91E-06       -0.34E-05        0.18E-05
   87   6 sigma      -.5555610682746163E+01        0.58E-05        0.15E-04        0.83E-06
   88   1 sigma      -.5000000004908065E+02        0.20E-07        0.00E+00        0.00E+00
   88   2 sigma      -.1250000002523834E+02       -0.18E-14        0.00E+00        0.12E-16
   88   3 sigma      -.1250000869476825E+02        0.16E-05       -0.12E-05        0.27E-06
   88   4 sigma      -.5555625939191467E+01        0.76E-05       -0.19E-04        0.54E-06
   88   5 sigma      -.5555567102364682E+01        0.87E-06       -0.32E-05        0.16E-05
   88   6 sigma      -.5555605495099378E+01        0.52E-05        0.13E-04        0.74E-06
   89   1 sigma      -.5000000004908065E+02        0.20E-07        0.00E+00        0.00E+00
   89   2 sigma      -.1250000002523834E+02        0.20E-07        0.00E+00        0.12E-16
   89   3 sigma      -.1250000736857602E+02        0.13E-05       -0.10E-05        0.23E-06
   89   4 sigma      -.5555619096865271E+01        0.68E-05       -0.17E-04        0.49E-06
   89   5 sigma      -.5555566270777560E+01        0.83E-06       -0.29E-05        0.15E-05
   89   6 sigma      -.5555600823189551E+01        0.47E-05        0.11E-04        0.65E-06
   90   1 sigma      -.5000000004908065E+02        0.20E-07        0.00E+00        0.00E+00
   90   2 sigma      -.1250000002523834E+02        0.20E-07        0.00E+00        0.12E-16
   90   3 sigma      -.1250000624471571E+02        0.11E-05       -0.89E-06        0.20E-06
   90   4 sigma      -.5555612940108832E+01        0.62E-05       -0.15E-04        0.44E-06
   90   5 sigma      -.5555565483422802E+01        0.79E-06       -0.27E-05        0.13E-05
   90   6 sigma      -.5555596611766835E+01        0.42E-05        0.94E-05        0.53E-06
   91   1 sigma      -.5000000004908065E+02        0.20E-07        0.00E+00        0.00E+00
   91   2 sigma      -.1250000002523834E+02       -0.18E-14        0.00E+00        0.12E-16
   91   3 sigma      -.1250000529228795E+02        0.95E-06       -0.75E-06        0.17E-06
   91   4 sigma      -.5555607398272152E+01        0.55E-05       -0.13E-04        0.40E-06
   91   5 sigma      -.5555564741000224E+01        0.74E-06       -0.25E-05        0.12E-05
   91   6 sigma      -.5555592812034498E+01        0.38E-05        0.81E-05        0.40E-06
   92   1 sigma      -.5000000004908065E+02        0.20E-07        0.00E+00        0.00E+00
   92   2 sigma      -.1250000002523834E+02        0.20E-07        0.00E+00        0.12E-16
   92   3 sigma      -.1250000448511812E+02        0.81E-06       -0.64E-06        0.15E-06
   92   4 sigma      -.5555602408127593E+01        0.50E-05       -0.11E-04        0.37E-06
   92   5 sigma      -.5555564043414997E+01        0.70E-06       -0.23E-05        0.11E-05
   92   6 sigma      -.5555589380827860E+01        0.34E-05        0.69E-05        0.30E-06
   93   1 sigma      -.5000000004908065E+02        0.20E-07        0.00E+00        0.00E+00
   93   2 sigma      -.1250000002523834E+02        0.20E-07        0.00E+00        0.12E-16
   93   3 sigma      -.1250000380103462E+02        0.68E-06       -0.54E-06        0.13E-06
   93   4 sigma      -.5555597913090234E+01        0.45E-05       -0.10E-04        0.33E-06
   93   5 sigma      -.5555563389965882E+01        0.65E-06       -0.21E-05        0.10E-05
   93   6 sigma      -.5555586279912164E+01        0.31E-05        0.60E-05        0.21E-06
   94   1 sigma      -.5000000004908065E+02        0.20E-07        0.00E+00        0.00E+00
   94   2 sigma      -.1250000002523834E+02        0.20E-07        0.00E+00        0.12E-16
   94   3 sigma      -.1250000322125286E+02        0.58E-06       -0.46E-06        0.11E-06
   94   4 sigma      -.5555593862511296E+01        0.41E-05       -0.89E-05        0.30E-06
   94   5 sigma      -.5555562779494766E+01        0.61E-06       -0.19E-05        0.92E-06
   94   6 sigma      -.5555583475362588E+01        0.28E-05        0.51E-05        0.14E-06
   95   1 sigma      -.5000000004908065E+02        0.20E-07        0.00E+00        0.00E+00
   95   2 sigma      -.1250000002523834E+02        0.20E-07        0.00E+00        0.12E-16
   95   3 sigma      -.1250000272985791E+02        0.49E-06       -0.39E-06        0.94E-07
   95   4 sigma      -.5555590211050022E+01        0.37E-05       -0.79E-05        0.27E-06
   95   5 sigma      -.5555562210512762E+01        0.57E-06       -0.18E-05        0.84E-06
   95   6 sigma      -.5555580937035984E+01        0.25E-05        0.44E-05        0.91E-07
   96   1 sigma      -.5000000004908065E+02        0.20E-07        0.00E+00        0.00E+00
   96   2 sigma      -.1250000002523834E+02        0.20E-07        0.00E+00        0.12E-16
   96   3 sigma      -.1250000231336732E+02        0.42E-06       -0.33E-06        0.81E-07
   96   4 sigma      -.5555586918114183E+01        0.33E-05       -0.70E-05        0.25E-06
   96   5 sigma      -.5555561681296393E+01        0.53E-06       -0.16E-05        0.76E-06
   96   6 sigma      -.5555578638115829E+01        0.23E-05        0.38E-05        0.50E-07
   97   1 sigma      -.5000000004908065E+02        0.20E-07        0.00E+00        0.00E+00
   97   2 sigma      -.1250000002523834E+02        0.20E-07        0.00E+00        0.12E-16
   97   3 sigma      -.1250000196035495E+02        0.35E-06       -0.28E-06        0.71E-07
   97   4 sigma      -.5555583947353952E+01        0.30E-05       -0.62E-05        0.23E-06
   97   5 sigma      -.5555561189967237E+01        0.49E-06       -0.15E-05        0.70E-06
   97   6 sigma      -.5555576554709268E+01        0.21E-05        0.33E-05        0.18E-07
   98   1 sigma      -.5000000004908065E+02        0.20E-07        0.00E+00        0.00E+00
   98   2 sigma      -.1250000002523835E+02       -0.18E-14        0.00E+00        0.12E-16
   98   3 sigma      -.1250000166114094E+02        0.30E-06       -0.24E-06        0.62E-07
   98   4 sigma      -.5555581266213466E+01        0.27E-05       -0.55E-05        0.20E-06
   98   5 sigma      -.5555560734555124E+01        0.46E-06       -0.14E-05        0.64E-06
   98   6 sigma      -.5555574665502705E+01        0.19E-05        0.29E-05        0.65E-08
   99   1 sigma      -.5000000004908065E+02        0.20E-07        0.00E+00        0.00E+00
   99   2 sigma      -.1250000002523834E+02        0.53E-14        0.00E+00        0.12E-16
   99   3 sigma      -.1250000140752334E+02        0.25E-06       -0.20E-06        0.55E-07
   99   4 sigma      -.5555578845530276E+01        0.24E-05       -0.49E-05        0.19E-06
   99   5 sigma      -.5555560313045891E+01        0.42E-06       -0.13E-05        0.58E-06
   99   6 sigma      -.5555572951463035E+01        0.17E-05        0.25E-05        0.25E-07
  100   1 sigma      -.5000000004908065E+02        0.20E-07        0.00E+00        0.00E+00
  100   2 sigma      -.1250000002523834E+02       -0.18E-14        0.00E+00        0.12E-16
  100   3 sigma      -.1250000119254947E+02        0.21E-06       -0.17E-06        0.48E-07
  100   4 sigma      -.5555576659172434E+01        0.22E-05       -0.43E-05        0.17E-06
  100   5 sigma      -.5555559923421584E+01        0.39E-06       -0.12E-05        0.53E-06
  100   6 sigma      -.5555571395561191E+01        0.16E-05        0.22E-05        0.38E-07
 ... writing functions to disk (current precision) ...
 total energy:    -0.9166670924502367E+02
  101   1 sigma      -.5000000004908065E+02        0.20E-07        0.00E+00        0.00E+00
  101   2 sigma      -.1250000002523834E+02        0.20E-07        0.00E+00        0.12E-16
  101   3 sigma      -.1250000101032933E+02        0.18E-06       -0.15E-06        0.43E-07
  101   4 sigma      -.5555574683716118E+01        0.20E-05       -0.38E-05        0.15E-06
  101   5 sigma      -.5555559563688369E+01        0.36E-06       -0.11E-05        0.48E-06
  101   6 sigma      -.5555569982545269E+01        0.14E-05        0.19E-05        0.48E-07
  102   1 sigma      -.5000000004908065E+02        0.20E-07        0.00E+00        0.00E+00
  102   2 sigma      -.1250000002523834E+02        0.20E-07        0.00E+00        0.12E-16
  102   3 sigma      -.1250000085586972E+02        0.15E-06       -0.13E-06        0.38E-07
  102   4 sigma      -.5555572898154943E+01        0.18E-05       -0.34E-05        0.14E-06
  102   5 sigma      -.5555559231899844E+01        0.33E-06       -0.98E-06        0.44E-06
  102   6 sigma      -.5555568698733646E+01        0.13E-05        0.17E-05        0.54E-07
  103   1 sigma      -.5000000004908065E+02        0.20E-07        0.00E+00        0.00E+00
  103   2 sigma      -.1250000002523834E+02       -0.18E-14        0.00E+00        0.12E-16
  103   3 sigma      -.1250000072494046E+02        0.13E-06       -0.11E-06        0.34E-07
  103   4 sigma      -.5555571283645896E+01        0.16E-05       -0.30E-05        0.12E-06
  103   5 sigma      -.5555558926172642E+01        0.31E-06       -0.89E-06        0.40E-06
  103   6 sigma      -.5555567531841626E+01        0.12E-05        0.15E-05        0.58E-07
  104   1 sigma      -.5000000004908065E+02        0.20E-07        0.00E+00        0.00E+00
  104   2 sigma      -.1250000002523834E+02        0.20E-07        0.00E+00        0.12E-16
  104   3 sigma      -.1250000061395586E+02        0.11E-06       -0.91E-07        0.31E-07
  104   4 sigma      -.5555569823278175E+01        0.15E-05       -0.27E-05        0.11E-06
  104   5 sigma      -.5555558644698123E+01        0.28E-06       -0.82E-06        0.37E-06
  104   6 sigma      -.5555566470825852E+01        0.11E-05        0.13E-05        0.60E-07
  105   1 sigma      -.5000000004908065E+02        0.20E-07        0.00E+00        0.00E+00
  105   2 sigma      -.1250000002523834E+02        0.20E-07        0.00E+00        0.12E-16
  105   3 sigma      -.1250000051987674E+02        0.94E-07       -0.78E-07        0.25E-07
  105   4 sigma      -.5555568501870031E+01        0.13E-05       -0.24E-05        0.99E-07
  105   5 sigma      -.5555558385751448E+01        0.26E-06       -0.75E-06        0.33E-06
  105   6 sigma      -.5555565505747412E+01        0.97E-06        0.11E-05        0.60E-07
  106   1 sigma      -.5000000004908065E+02        0.20E-07        0.00E+00        0.00E+00
  106   2 sigma      -.1250000002523834E+02        0.20E-07        0.00E+00        0.21E-17
  106   3 sigma      -.1250000044012671E+02        0.80E-07       -0.67E-07        0.21E-07
  106   4 sigma      -.5555567305787082E+01        0.12E-05       -0.22E-05        0.89E-07
  106   5 sigma      -.5555558147693880E+01        0.24E-06       -0.69E-06        0.30E-06
  106   6 sigma      -.5555564627653157E+01        0.88E-06        0.99E-06        0.60E-07
  107   1 sigma      -.5000000004908065E+02        0.20E-07        0.00E+00        0.00E+00
  107   2 sigma      -.1250000002523834E+02        0.20E-07        0.00E+00        0.21E-17
  107   3 sigma      -.1250000037252315E+02        0.68E-07       -0.57E-07        0.17E-07
  107   4 sigma      -.5555566222777816E+01        0.11E-05       -0.19E-05        0.79E-07
  107   5 sigma      -.5555557928978073E+01        0.22E-06       -0.63E-06        0.28E-06
  107   6 sigma      -.5555563828468474E+01        0.80E-06        0.87E-06        0.58E-07
  108   1 sigma      -.5000000004908065E+02        0.20E-07        0.00E+00        0.00E+00
  108   2 sigma      -.1250000002523834E+02        0.20E-07        0.00E+00        0.21E-17
  108   3 sigma      -.1250000031521609E+02        0.57E-07       -0.49E-07        0.14E-07
  108   4 sigma      -.5555565241830885E+01        0.98E-06       -0.17E-05        0.71E-07
  108   5 sigma      -.5555557728146872E+01        0.20E-06       -0.57E-06        0.25E-06
  108   6 sigma      -.5555563100907042E+01        0.73E-06        0.77E-06        0.56E-07
  109   1 sigma      -.5000000004908065E+02        0.20E-07        0.00E+00        0.00E+00
  109   2 sigma      -.1250000002523834E+02        0.36E-14        0.00E+00        0.12E-16
  109   3 sigma      -.1250000026663750E+02        0.49E-07       -0.42E-07        0.11E-07
  109   4 sigma      -.5555564353042919E+01        0.89E-06       -0.15E-05        0.63E-07
  109   5 sigma      -.5555557543832929E+01        0.18E-06       -0.53E-06        0.23E-06
  109   6 sigma      -.5555562438385738E+01        0.66E-06        0.68E-06        0.54E-07
  110   1 sigma      -.5000000004908065E+02        0.20E-07        0.00E+00        0.00E+00
  110   2 sigma      -.1250000002523834E+02        0.20E-07        0.00E+00        0.21E-17
  110   3 sigma      -.1250000022545723E+02        0.41E-07       -0.37E-07        0.85E-08
  110   4 sigma      -.5555563547504782E+01        0.81E-06       -0.14E-05        0.56E-07
  110   5 sigma      -.5555557374757345E+01        0.17E-06       -0.48E-06        0.21E-06
  110   6 sigma      -.5555561834952436E+01        0.60E-06        0.61E-06        0.49E-07
  111   1 sigma      -.5000000004908065E+02        0.20E-07        0.00E+00        0.00E+00
  111   2 sigma      -.1250000002523834E+02        0.20E-07        0.00E+00        0.21E-17
  111   3 sigma      -.1250000019054781E+02        0.35E-07       -0.32E-07        0.65E-08
  111   4 sigma      -.5555562817198427E+01        0.73E-06       -0.12E-05        0.49E-07
  111   5 sigma      -.5555557219726870E+01        0.16E-06       -0.44E-06        0.19E-06
  111   6 sigma      -.5555561285222879E+01        0.55E-06        0.54E-06        0.42E-07
  112   1 sigma      -.5000000004908065E+02        0.20E-07        0.00E+00        0.00E+00
  112   2 sigma      -.1250000002523834E+02        0.20E-07        0.00E+00        0.21E-17
  112   3 sigma      -.1250000016095414E+02        0.30E-07       -0.28E-07        0.48E-08
  112   4 sigma      -.5555562154903750E+01        0.66E-06       -0.11E-05        0.43E-07
  112   5 sigma      -.5555557077629591E+01        0.14E-06       -0.40E-06        0.18E-06
  112   6 sigma      -.5555560784321846E+01        0.50E-06        0.48E-06        0.35E-07
  113   1 sigma      -.5000000004908065E+02        0.20E-07        0.00E+00        0.00E+00
  113   2 sigma      -.1250000002523834E+02        0.20E-07        0.00E+00        0.21E-17
  113   3 sigma      -.1250000013586749E+02        0.25E-07       -0.24E-07        0.34E-08
  113   4 sigma      -.5555561554116045E+01        0.60E-06       -0.99E-06        0.37E-07
  113   5 sigma      -.5555556947433579E+01        0.13E-06       -0.37E-06        0.16E-06
  113   6 sigma      -.5555560327831556E+01        0.46E-06        0.43E-06        0.30E-07
  114   1 sigma      -.5000000004908065E+02        0.20E-07        0.00E+00        0.00E+00
  114   2 sigma      -.1250000002523834E+02       -0.18E-14        0.00E+00        0.12E-16
  114   3 sigma      -.1250000011460025E+02        0.21E-07       -0.21E-07        0.22E-08
  114   4 sigma      -.5555561008973892E+01        0.55E-06       -0.89E-06        0.32E-07
  114   5 sigma      -.5555556828179788E+01        0.12E-06       -0.34E-06        0.15E-06
  114   6 sigma      -.5555559911748094E+01        0.42E-06        0.38E-06        0.24E-07
  115   1 sigma      -.5000000004908065E+02        0.20E-07        0.00E+00        0.00E+00
  115   2 sigma      -.1250000002523830E+02        0.48E-13        0.00E+00        0.30E-16
  115   3 sigma      -.1250000009657227E+02        0.18E-07       -0.19E-07        0.12E-08
  115   4 sigma      -.5555560514192004E+01        0.49E-06       -0.80E-06        0.28E-07
  115   5 sigma      -.5555556718981432E+01        0.11E-06       -0.31E-06        0.13E-06
  115   6 sigma      -.5555559532438690E+01        0.38E-06        0.34E-06        0.19E-07
  116   1 sigma      -.5000000004908065E+02        0.20E-07        0.00E+00        0.00E+00
  116   2 sigma      -.1250000002523836E+02       -0.62E-13        0.00E+00        0.40E-16
  116   3 sigma      -.1250000008128985E+02        0.15E-07       -0.16E-07        0.30E-09
  116   4 sigma      -.5555560065003509E+01        0.45E-06       -0.72E-06        0.23E-07
  116   5 sigma      -.5555556619017401E+01        0.10E-06       -0.28E-06        0.12E-06
  116   6 sigma      -.5555559186606102E+01        0.35E-06        0.30E-06        0.15E-07
  117   1 sigma      -.5000000004908065E+02        0.20E-07        0.00E+00        0.00E+00
  117   2 sigma      -.1250000002523832E+02        0.37E-13        0.00E+00        0.58E-16
  117   3 sigma      -.1250000006833353E+02        0.13E-07       -0.15E-07        0.44E-09
  117   4 sigma      -.5555559657106793E+01        0.41E-06       -0.64E-06        0.19E-07
  117   5 sigma      -.5555556527529425E+01        0.91E-07       -0.26E-06        0.11E-06
  117   6 sigma      -.5555558871257792E+01        0.32E-06        0.27E-06        0.11E-07
  118   1 sigma      -.5000000004908065E+02        0.20E-07        0.00E+00        0.00E+00
  118   2 sigma      -.1250000002523836E+02       -0.36E-13        0.00E+00        0.40E-16
  118   3 sigma      -.1250000005735023E+02        0.11E-07       -0.13E-07        0.11E-08
  118   4 sigma      -.5555559286618243E+01        0.37E-06       -0.58E-06        0.16E-07
  118   5 sigma      -.5555556443817668E+01        0.84E-07       -0.23E-06        0.10E-06
  118   6 sigma      -.5555558583673688E+01        0.29E-06        0.24E-06        0.75E-08
  119   1 sigma      -.5000000004908065E+02        0.20E-07        0.00E+00        0.00E+00
  119   2 sigma      -.1250000002523833E+02        0.27E-13        0.00E+00        0.30E-16
  119   3 sigma      -.1250000004803997E+02        0.93E-08       -0.12E-07        0.16E-08
  119   4 sigma      -.5555558950030156E+01        0.34E-06       -0.52E-06        0.13E-07
  119   5 sigma      -.5555556367237088E+01        0.77E-07       -0.21E-06        0.92E-07
  119   6 sigma      -.5555558321383018E+01        0.26E-06        0.22E-06        0.43E-08
  120   1 sigma      -.5000000004908065E+02        0.20E-07        0.00E+00        0.00E+00
  120   2 sigma      -.1250000002523833E+02        0.18E-14        0.00E+00        0.12E-16
  120   3 sigma      -.1250000004803970E+02        0.27E-12       -0.22E-13        0.61E-15
  120   4 sigma      -.5555558644173630E+01        0.31E-06       -0.47E-06        0.97E-08
  120   5 sigma      -.5555556297192840E+01        0.70E-07       -0.19E-06        0.84E-07
  120   6 sigma      -.5555558082138389E+01        0.24E-06        0.19E-06        0.13E-08
 ... writing functions to disk (current precision) ...
 total energy:    -0.9166667314586354E+02
  121   1 sigma      -.5000000004908065E+02        0.20E-07        0.00E+00        0.00E+00
  121   2 sigma      -.1250000002523833E+02        0.18E-14        0.00E+00        0.12E-16
  121   3 sigma      -.1250000004803969E+02        0.71E-14       -0.67E-15        0.20E-16
  121   4 sigma      -.5555558367166391E+01        0.28E-06       -0.42E-06        0.71E-08
  121   5 sigma      -.5555556233111245E+01        0.64E-07       -0.18E-06        0.77E-07
  121   6 sigma      -.5555557865395302E+01        0.22E-06        0.17E-06        0.13E-08
  122   1 sigma      -.5000000004908065E+02        0.20E-07        0.00E+00        0.00E+00
  122   2 sigma      -.1250000002523833E+02       -0.18E-14        0.00E+00        0.12E-16
  122   3 sigma      -.1250000004803969E+02        0.36E-14       -0.22E-15        0.16E-17
  122   4 sigma      -.5555558115754105E+01        0.25E-06       -0.38E-06        0.47E-08
  122   5 sigma      -.5555556174551558E+01        0.59E-07       -0.16E-06        0.70E-07
  122   6 sigma      -.5555557668485375E+01        0.20E-06        0.16E-06        0.37E-08
  123   1 sigma      -.5000000004908065E+02        0.20E-07        0.00E+00        0.00E+00
  123   2 sigma      -.1250000002523833E+02        0.20E-07        0.00E+00        0.21E-17
  123   3 sigma      -.1250000004803969E+02        0.20E-07       -0.22E-15        0.90E-18
  123   4 sigma      -.5555557887318336E+01        0.23E-06       -0.34E-06        0.24E-08
  123   5 sigma      -.5555556121040230E+01        0.54E-07       -0.15E-06        0.64E-07
  123   6 sigma      -.5555557489072569E+01        0.18E-06        0.14E-06        0.59E-08
  124   1 sigma      -.5000000004908065E+02        0.20E-07        0.00E+00        0.00E+00
  124   2 sigma      -.1250000002523833E+02        0.20E-07        0.00E+00        0.21E-17
  124   3 sigma      -.1250000004803969E+02        0.20E-07       -0.22E-15        0.90E-18
  124   4 sigma      -.5555557679557852E+01        0.21E-06       -0.31E-06        0.43E-09
  124   5 sigma      -.5555556072135302E+01        0.49E-07       -0.14E-06        0.58E-07
  124   6 sigma      -.5555557325295906E+01        0.16E-06        0.13E-06        0.79E-08
  125   1 sigma      -.5000000004908065E+02        0.20E-07        0.00E+00        0.00E+00
  125   2 sigma      -.1250000002523833E+02        0.20E-07        0.00E+00        0.21E-17
  125   3 sigma      -.1250000004803969E+02        0.20E-07       -0.22E-15        0.90E-18
  125   4 sigma      -.5555557490476359E+01        0.19E-06       -0.28E-06        0.14E-08
  125   5 sigma      -.5555556027434259E+01        0.45E-07       -0.12E-06        0.53E-07
  125   6 sigma      -.5555557175658763E+01        0.15E-06        0.12E-06        0.97E-08
  126   1 sigma      -.5000000004908065E+02        0.20E-07        0.00E+00        0.00E+00
  126   2 sigma      -.1250000002523833E+02        0.20E-07        0.00E+00        0.21E-17
  126   3 sigma      -.1250000004803969E+02        0.20E-07       -0.22E-15        0.90E-18
  126   4 sigma      -.5555557318347867E+01        0.17E-06       -0.25E-06        0.31E-08
  126   5 sigma      -.5555555986576509E+01        0.41E-07       -0.11E-06        0.48E-07
  126   6 sigma      -.5555557038922503E+01        0.14E-06        0.10E-06        0.11E-07
  127   1 sigma      -.5000000004908065E+02        0.20E-07        0.00E+00        0.00E+00
  127   2 sigma      -.1250000002523832E+02        0.36E-14        0.00E+00        0.12E-16
  127   3 sigma      -.1250000004803969E+02        0.20E-07       -0.22E-15        0.90E-18
  127   4 sigma      -.5555557161647038E+01        0.16E-06       -0.23E-06        0.46E-08
  127   5 sigma      -.5555555949235484E+01        0.37E-07       -0.10E-06        0.44E-07
  127   6 sigma      -.5555556913996646E+01        0.12E-06        0.95E-07        0.13E-07
  128   1 sigma      -.5000000004908065E+02        0.20E-07        0.00E+00        0.00E+00
  128   2 sigma      -.1250000002523836E+02       -0.39E-13        0.00E+00        0.30E-16
  128   3 sigma      -.1250000004803969E+02        0.20E-07       -0.22E-15        0.90E-18
  128   4 sigma      -.5555557018992038E+01        0.14E-06       -0.21E-06        0.60E-08
  128   5 sigma      -.5555555915114324E+01        0.34E-07       -0.94E-07        0.40E-07
  128   6 sigma      -.5555556799882228E+01        0.11E-06        0.86E-07        0.13E-07
  129   1 sigma      -.5000000004908065E+02        0.20E-07        0.00E+00        0.00E+00
  129   2 sigma      -.1250000002523836E+02        0.20E-07        0.00E+00        0.12E-16
  129   3 sigma      -.1250000004803969E+02        0.20E-07       -0.22E-15        0.90E-18
  129   4 sigma      -.5555556889121084E+01        0.13E-06       -0.19E-06        0.73E-08
  129   5 sigma      -.5555555883939388E+01        0.31E-07       -0.86E-07        0.36E-07
  129   6 sigma      -.5555556695652138E+01        0.10E-06        0.78E-07        0.12E-07
  130   1 sigma      -.5000000004908065E+02        0.20E-07        0.00E+00        0.00E+00
  130   2 sigma      -.1250000002523836E+02        0.20E-07        0.00E+00        0.12E-16
  130   3 sigma      -.1250000004803969E+02        0.20E-07       -0.22E-15        0.90E-18
  130   4 sigma      -.5555556770878521E+01        0.12E-06       -0.17E-06        0.85E-08
  130   5 sigma      -.5555555855459693E+01        0.28E-07       -0.79E-07        0.33E-07
  130   6 sigma      -.5555556600451805E+01        0.95E-07        0.71E-07        0.11E-07
  131   1 sigma      -.5000000004908065E+02        0.20E-07        0.00E+00        0.00E+00
  131   2 sigma      -.1250000002523836E+02        0.20E-07        0.00E+00        0.21E-17
  131   3 sigma      -.1250000004803969E+02        0.20E-07       -0.22E-15        0.90E-18
  131   4 sigma      -.5555556663212697E+01        0.11E-06       -0.15E-06        0.96E-08
  131   5 sigma      -.5555555829444537E+01        0.26E-07       -0.72E-07        0.30E-07
  131   6 sigma      -.5555556513498954E+01        0.87E-07        0.64E-07        0.10E-07
  132   1 sigma      -.5000000004908065E+02        0.20E-07        0.00E+00        0.00E+00
  132   2 sigma      -.1250000002523836E+02        0.20E-07        0.00E+00        0.21E-17
  132   3 sigma      -.1250000004803969E+02        0.20E-07       -0.22E-15        0.90E-18
  132   4 sigma      -.5555556565165510E+01        0.98E-07       -0.14E-06        0.11E-07
  132   5 sigma      -.5555555805681947E+01        0.24E-07       -0.66E-07        0.28E-07
  132   6 sigma      -.5555556434077376E+01        0.79E-07        0.58E-07        0.97E-08
  133   1 sigma      -.5000000004908065E+02        0.20E-07        0.00E+00        0.00E+00
  133   2 sigma      -.1250000002523836E+02        0.20E-07        0.00E+00        0.21E-17
  133   3 sigma      -.1250000004803969E+02        0.20E-07       -0.22E-15        0.90E-18
  133   4 sigma      -.5555556475870548E+01        0.89E-07       -0.12E-06        0.11E-07
  133   5 sigma      -.5555555783978669E+01        0.22E-07       -0.60E-07        0.25E-07
  133   6 sigma      -.5555556361538672E+01        0.73E-07        0.53E-07        0.90E-08
  134   1 sigma      -.5000000004908065E+02        0.20E-07        0.00E+00        0.00E+00
  134   2 sigma      -.1250000002523836E+02        0.20E-07        0.00E+00        0.12E-16
  134   3 sigma      -.1250000004803969E+02        0.20E-07       -0.22E-15        0.90E-18
  134   4 sigma      -.5555556394541612E+01        0.81E-07       -0.11E-06        0.12E-07
  134   5 sigma      -.5555555764156785E+01        0.20E-07       -0.55E-07        0.23E-07
  134   6 sigma      -.5555556295294124E+01        0.66E-07        0.48E-07        0.84E-08
  135   1 sigma      -.5000000004908065E+02        0.20E-07        0.00E+00        0.00E+00
  135   2 sigma      -.1250000002523839E+02       -0.28E-13        0.00E+00        0.30E-16
  135   3 sigma      -.1250000004803969E+02        0.20E-07       -0.22E-15        0.90E-18
  135   4 sigma      -.5555556320465909E+01        0.74E-07       -0.10E-06        0.13E-07
  135   5 sigma      -.5555555746054399E+01        0.18E-07       -0.50E-07        0.21E-07
  135   6 sigma      -.5555556234806760E+01        0.60E-07        0.44E-07        0.79E-08
  136   1 sigma      -.5000000004908065E+02        0.20E-07        0.00E+00        0.00E+00
  136   2 sigma      -.1250000002523836E+02        0.32E-13        0.00E+00        0.40E-16
  136   3 sigma      -.1250000004803969E+02        0.20E-07       -0.22E-15        0.90E-18
  136   4 sigma      -.5555556252995877E+01        0.67E-07       -0.92E-07        0.14E-07
  136   5 sigma      -.5555555729523093E+01        0.17E-07       -0.46E-07        0.19E-07
  136   6 sigma      -.5555556179586614E+01        0.55E-07        0.40E-07        0.73E-08
  137   1 sigma      -.5000000004908065E+02        0.20E-07        0.00E+00        0.00E+00
  137   2 sigma      -.1250000002523839E+02       -0.28E-13        0.00E+00        0.30E-16
  137   3 sigma      -.1250000004803969E+02        0.20E-07       -0.22E-15        0.90E-18
  137   4 sigma      -.5555556191542600E+01        0.61E-07       -0.84E-07        0.14E-07
  137   5 sigma      -.5555555714427058E+01        0.15E-07       -0.42E-07        0.17E-07
  137   6 sigma      -.5555556129182431E+01        0.50E-07        0.36E-07        0.68E-08
  138   1 sigma      -.5000000004908065E+02        0.20E-07        0.00E+00        0.00E+00
  138   2 sigma      -.1250000002523839E+02       -0.18E-14        0.00E+00        0.12E-16
  138   3 sigma      -.1250000004803969E+02        0.20E-07       -0.22E-15        0.90E-18
  138   4 sigma      -.5555556135566710E+01        0.56E-07       -0.76E-07        0.15E-07
  138   5 sigma      -.5555555700642308E+01        0.14E-07       -0.38E-07        0.16E-07
  138   6 sigma      -.5555556083173931E+01        0.46E-07        0.33E-07        0.64E-08
  139   1 sigma      -.5000000004908065E+02        0.20E-07        0.00E+00        0.00E+00
  139   2 sigma      -.1250000002523839E+02        0.20E-07        0.00E+00        0.12E-16
  139   3 sigma      -.1250000004803969E+02        0.20E-07       -0.22E-15        0.90E-18
  139   4 sigma      -.5555556084575636E+01        0.51E-07       -0.69E-07        0.15E-07
  139   5 sigma      -.5555555688055479E+01        0.13E-07       -0.35E-07        0.14E-07
  139   6 sigma      -.5555556041177076E+01        0.42E-07        0.30E-07        0.60E-08
  140   1 sigma      -.5000000004908065E+02        0.20E-07        0.00E+00        0.00E+00
  140   2 sigma      -.1250000002523839E+02        0.36E-14        0.00E+00        0.16E-16
  140   3 sigma      -.1250000004803969E+02        0.20E-07       -0.22E-15        0.90E-18
  140   4 sigma      -.5555556038120831E+01        0.46E-07       -0.62E-07        0.16E-07
  140   5 sigma      -.5555555676562861E+01        0.11E-07       -0.32E-07        0.13E-07
  140   6 sigma      -.5555556002841245E+01        0.38E-07        0.27E-07        0.56E-08
 ... writing functions to disk (current precision) ...
 total energy:    -0.9166666783988367E+02
  141   1 sigma      -.5000000004908065E+02        0.20E-07        0.00E+00        0.00E+00
  141   2 sigma      -.1250000002523839E+02        0.20E-07        0.00E+00        0.12E-16
  141   3 sigma      -.1250000004803969E+02       -0.18E-14       -0.22E-15        0.90E-18
  141   4 sigma      -.5555555995794661E+01        0.42E-07       -0.56E-07        0.16E-07
  141   5 sigma      -.5555555666069366E+01        0.10E-07       -0.29E-07        0.12E-07
  141   6 sigma      -.5555555967847087E+01        0.35E-07        0.24E-07        0.52E-08
  142   1 sigma      -.5000000004908065E+02        0.20E-07        0.00E+00        0.00E+00
  142   2 sigma      -.1250000002523839E+02        0.20E-07        0.00E+00        0.12E-16
  142   3 sigma      -.1250000004803969E+02        0.20E-07       -0.22E-15        0.90E-18
  142   4 sigma      -.5555555957226026E+01        0.39E-07       -0.51E-07        0.17E-07
  142   5 sigma      -.5555555656488668E+01        0.96E-08       -0.27E-07        0.11E-07
  142   6 sigma      -.5555555935902629E+01        0.32E-07        0.22E-07        0.49E-08
  143   1 sigma      -.5000000004908065E+02        0.20E-07        0.00E+00        0.00E+00
  143   2 sigma      -.1250000002523839E+02       -0.36E-14        0.00E+00        0.16E-16
  143   3 sigma      -.1250000004803969E+02        0.20E-07       -0.22E-15        0.90E-18
  143   4 sigma      -.5555555922077383E+01        0.35E-07       -0.46E-07        0.17E-07
  143   5 sigma      -.5555555656488664E+01        0.36E-14       -0.11E-13        0.10E-14
  143   6 sigma      -.5555555906742273E+01        0.29E-07        0.20E-07        0.79E-08
  144   1 sigma      -.5000000004908065E+02        0.20E-07        0.00E+00        0.00E+00
  144   2 sigma      -.1250000002523839E+02        0.18E-14        0.00E+00        0.12E-16
  144   3 sigma      -.1250000004803969E+02        0.20E-07       -0.22E-15        0.90E-18
  144   4 sigma      -.5555555890043150E+01        0.32E-07       -0.42E-07        0.18E-07
  144   5 sigma      -.5555555656488576E+01        0.88E-13       -0.53E-14        0.37E-15
  144   6 sigma      -.5555555880123428E+01        0.27E-07        0.18E-07        0.74E-08
  145   1 sigma      -.5000000004908065E+02        0.20E-07        0.00E+00        0.00E+00
  145   2 sigma      -.1250000002523839E+02        0.20E-07        0.00E+00        0.12E-16
  145   3 sigma      -.1250000004803969E+02        0.20E-07       -0.22E-15        0.90E-18
  145   4 sigma      -.5555555860844807E+01        0.29E-07       -0.38E-07        0.18E-07
  145   5 sigma      -.5555555656488548E+01        0.28E-13        0.89E-15        0.31E-16
  145   6 sigma      -.5555555855823728E+01        0.24E-07        0.16E-07        0.68E-08
  146   1 sigma      -.5000000004908065E+02        0.20E-07        0.00E+00        0.00E+00
  146   2 sigma      -.1250000002523839E+02       -0.71E-14        0.00E+00        0.16E-16
  146   3 sigma      -.1250000004803969E+02        0.20E-07       -0.22E-15        0.90E-18
  146   4 sigma      -.5555555834228865E+01        0.27E-07       -0.35E-07        0.18E-07
  146   5 sigma      -.5555555656488610E+01       -0.62E-13       -0.49E-14        0.24E-15
  146   6 sigma      -.5555555833641470E+01        0.22E-07        0.15E-07        0.64E-08
  147   1 sigma      -.5000000004908065E+02        0.20E-07        0.00E+00        0.00E+00
  147   2 sigma      -.1250000002523839E+02        0.71E-14        0.00E+00        0.40E-16
  147   3 sigma      -.1250000004803969E+02        0.20E-07       -0.22E-15        0.90E-18
  147   4 sigma      -.5555555809965623E+01        0.24E-07       -0.31E-07        0.18E-07
  147   5 sigma      -.5555555656488630E+01       -0.20E-13        0.69E-14        0.20E-15
  147   6 sigma      -.5555555813391682E+01        0.20E-07        0.13E-07        0.60E-08
  148   1 sigma      -.5000000004908065E+02        0.20E-07        0.00E+00        0.00E+00
  148   2 sigma      -.1250000002523842E+02       -0.32E-13        0.00E+00        0.30E-16
  148   3 sigma      -.1250000004803969E+02        0.20E-07       -0.22E-15        0.90E-18
  148   4 sigma      -.5555555787845223E+01        0.22E-07       -0.28E-07        0.19E-07
  148   5 sigma      -.5555555656488555E+01        0.75E-13       -0.49E-14        0.50E-15
  148   6 sigma      -.5555555794906187E+01        0.18E-07        0.12E-07        0.56E-08
  149   1 sigma      -.5000000004908065E+02        0.20E-07        0.00E+00        0.00E+00
  149   2 sigma      -.1250000002523842E+02        0.18E-14        0.00E+00        0.12E-16
  149   3 sigma      -.1250000004803969E+02        0.20E-07       -0.22E-15        0.90E-18
  149   4 sigma      -.5555555767677053E+01        0.20E-07       -0.26E-07        0.19E-07
  149   5 sigma      -.5555555656488627E+01       -0.72E-13       -0.20E-14        0.16E-15
  149   6 sigma      -.5555555778031082E+01        0.17E-07        0.11E-07        0.52E-08
  150   1 sigma      -.5000000004908065E+02        0.20E-07        0.00E+00        0.00E+00
  150   2 sigma      -.1250000002523842E+02       -0.71E-14        0.00E+00        0.16E-16
  150   3 sigma      -.1250000004803969E+02        0.20E-07       -0.22E-15        0.90E-18
  150   4 sigma      -.5555555749288241E+01        0.18E-07       -0.23E-07        0.19E-07
  150   5 sigma      -.5555555656488551E+01        0.76E-13       -0.89E-15        0.29E-15
  150   6 sigma      -.5555555762626216E+01        0.15E-07        0.99E-08        0.49E-08
  151   1 sigma      -.5000000004908065E+02        0.20E-07        0.00E+00        0.00E+00
  151   2 sigma      -.1250000002523842E+02        0.20E-07        0.00E+00        0.12E-16
  151   3 sigma      -.1250000004803969E+02        0.20E-07       -0.22E-15        0.90E-18
  151   4 sigma      -.5555555732520467E+01        0.17E-07       -0.21E-07        0.19E-07
  151   5 sigma      -.5555555656488481E+01        0.69E-13       -0.16E-14        0.40E-15
  151   6 sigma      -.5555555748563020E+01        0.14E-07        0.90E-08        0.46E-08
  152   1 sigma      -.5000000004908065E+02        0.20E-07        0.00E+00        0.00E+00
  152   2 sigma      -.1250000002523842E+02        0.20E-07        0.00E+00        0.12E-16
  152   3 sigma      -.1250000004803969E+02        0.20E-07       -0.22E-15        0.90E-18
  152   4 sigma      -.5555555717230064E+01        0.15E-07       -0.19E-07        0.19E-07
  152   5 sigma      -.5555555656488495E+01       -0.13E-13        0.78E-15        0.14E-14
  152   6 sigma      -.5555555735725106E+01        0.13E-07        0.81E-08        0.43E-08
  153   1 sigma      -.5000000004908065E+02        0.20E-07        0.00E+00        0.00E+00
  153   2 sigma      -.1250000002523842E+02        0.20E-07        0.00E+00        0.16E-16
  153   3 sigma      -.1250000004803969E+02        0.20E-07       -0.22E-15        0.90E-18
  153   4 sigma      -.5555555703286736E+01        0.14E-07       -0.17E-07        0.19E-07
  153   5 sigma      -.5555555656488528E+01       -0.34E-13        0.33E-14        0.22E-15
  153   6 sigma      -.5555555724005174E+01        0.12E-07        0.73E-08        0.41E-08
  154   1 sigma      -.5000000004908065E+02        0.20E-07        0.00E+00        0.00E+00
  154   2 sigma      -.1250000002523842E+02        0.20E-07        0.00E+00        0.12E-16
  154   3 sigma      -.1250000004803969E+02        0.20E-07       -0.22E-15        0.90E-18
  154   4 sigma      -.5555555690570650E+01        0.13E-07       -0.16E-07        0.19E-07
  154   5 sigma      -.5555555656488502E+01        0.27E-13       -0.49E-14        0.95E-19
  154   6 sigma      -.5555555713305973E+01        0.11E-07        0.65E-08        0.38E-08
  155   1 sigma      -.5000000004908065E+02        0.20E-07        0.00E+00        0.00E+00
  155   2 sigma      -.1250000002523842E+02        0.20E-07        0.00E+00        0.12E-16
  155   3 sigma      -.1250000004803969E+02        0.20E-07       -0.22E-15        0.90E-18
  155   4 sigma      -.5555555678973330E+01        0.12E-07       -0.14E-07        0.18E-07
  155   5 sigma      -.5555555656488592E+01       -0.90E-13        0.14E-14        0.34E-15
  155   6 sigma      -.5555555703538626E+01        0.98E-08        0.58E-08        0.36E-08
  156   1 sigma      -.5000000004908065E+02        0.20E-07        0.00E+00        0.00E+00
  156   2 sigma      -.1250000002523843E+02       -0.18E-14        0.00E+00        0.16E-16
  156   3 sigma      -.1250000004803969E+02        0.20E-07       -0.22E-15        0.90E-18
  156   4 sigma      -.5555555668395859E+01        0.11E-07       -0.13E-07        0.17E-07
  156   5 sigma      -.5555555656488501E+01        0.91E-13        0.10E-14        0.51E-16
  156   6 sigma      -.5555555703538729E+01       -0.10E-12        0.15E-13        0.27E-15
  157   1 sigma      -.5000000004908065E+02        0.20E-07        0.00E+00        0.00E+00
  157   2 sigma      -.1250000002523843E+02        0.20E-07        0.00E+00        0.12E-16
  157   3 sigma      -.1250000004803969E+02        0.20E-07       -0.22E-15        0.90E-18
  157   4 sigma      -.5555555658748681E+01        0.96E-08       -0.12E-07        0.16E-07
  157   5 sigma      -.5555555656488426E+01        0.75E-13        0.00E+00        0.51E-16
  157   6 sigma      -.5555555703538691E+01        0.37E-13        0.46E-14        0.10E-16
           
 ... orbital energy threshold reached reached ...
 ... writing functions to disk (current precision) ...

 total energy:                 -0.9166666714113457E+02
 total electronic energy:      -0.9166666714113457E+02
 virial ratio:                 -0.2000000024546706E+01

 total energy contributions: 
     nuclear-electron attraction energy =    -183.333332032138
     kinetic energy                     =      91.666664891012
     one electron energy                =     -91.666667141126
     coulomb energy                     =       0.000000000000
     exchange energy                    =       0.000000000000
     coulomb energy (DFT)               =       0.000000000000
     exchange energy (DFT)              =       0.000000000000
     correlation energy (DFT)           =       0.000000000000

       orbital               energy                     1-norm
   6 sigma          -0.5555555703538691E+01            0.46E-14
   5 sigma          -0.5555555656488426E+01            0.00E+00
   4 sigma          -0.5555555658748681E+01           -0.12E-07
   3 sigma          -0.1250000004803969E+02           -0.22E-15
   2 sigma          -0.1250000002523843E+02            0.00E+00
   1 sigma          -0.5000000004908065E+02            0.00E+00


 total energy uncertainty due to orbital norms not being equal 1:
     absolute = +/-0.64E-07,  relative = +/-0.70E-07%

////////////////////////////////////////////////////////////////////////////////////////////////

 cpu summary (sec):
    Lagrange multipliers                       5.57
    normalization+orthogonalization            4.00
    multipole moments                          0.00
    relaxation of orb. and pot.               29.78
    total energy                               0.67
    all SCF iterations                        39.35
    single SCF iteration                       0.25


 start: 2011/05/05  23:29:03.21 
 stop:  2011/05/05  23:29:45.15 

////////////////////////////////////////////////////////////////////////////////////////////////

Linux wieslaw16.fizyka.umk.pl 2.6.18-prep x86_64 x86_64 GNU/Linux
 Quad-Core AMD Opteron(tm) Processor 8380

////////////////////////////////////////////////////////////////////////////////////////////////
