
////////////////////////////////////////////////////////////////////////////////////////////////



                         FINITE DIFFERENCE 2D HARTREE-FOCK  (version 2.0)



////////////////////////////////////////////////////////////////////////////////////////////////

   ... start of input data ...
  title BeF     R = 1.3610A                                                       
  method hf                                                                       
  nuclei  4.0 9.0 1.3610 angstroms                                                
  config  0                                                                       
  1 pi                                                                            
                    0
  1 sigma +                                                                       
                    0
  4 sigma  end                                                                    
                    0
  grid  169 40.0                                                                  
  orbpot hydrogen                                                                 
  lcao                                                                            
  0.5   2 1 2.0     0.5   2 1 5.0   0                                             
  0.5   2 1 2.0     0.5   2 1 5.0   0                                             
  0.5   2 0 4.0    -0.5   2 0 9.0   0                                             
  0.5   2 0 4.0     0.5   2 0 9.0   0                                             
  0.5   1 0 4.0     0.5   1 0 9.0   0                                             
  0.5   1 0 4.0    -0.5   1 0 9.0   0                                             
  scf 200 20 8 8                                                                  
  stop                                                                            
   ... end of input data  ...
         

   molecular system: 

          Be( 4.00)   F  ( 9.00)   R =  2.57192 bohr = 1.36100 angstroms

   method: HF

   electronic configuration:

           1  pi         + - + - 
           5  sigma      +   
           4  sigma      + - 
           3  sigma      + - 
           2  sigma      + - 
           1  sigma      + - 


          total charge            =   0
          number of
              electrons           =  13
              orbitals            =   6
              Coulomb potentials  =   6
              exchange potentials =  16

   LCAO via hydrogenic functions:

           orbital           n1 l1   Z1    c1       n2 l2   Z2    c2 

           1  pi              2  1  2.00  0.50       2  1  5.00  0.50
           5  sigma           2  1  2.00  0.50       2  1  5.00  0.50
           4  sigma           2  0  4.00  0.50       2  0  9.00 -0.50
           3  sigma           2  0  4.00  0.50       2  0  9.00  0.50
           2  sigma           1  0  4.00  0.50       1  0  9.00  0.50
           1  sigma           1  0  4.00  0.50       1  0  9.00 -0.50

   grid:
          nu (h_nu)  =  169  (0.01870)
          mu (h_mu)  =  217  (0.01912)
          R_infinity =   40.00

   scf: 
          thresholds
              scf iterations           =    200
              orbital energy           = 1.00E- 8
              orbital norm             = 1.00E- 8
              multipole moments recalc = 1.15E+00

          orbitals are relaxed
          Coulomb potentials are relaxed
          exchange potential for each pair of orbitals is relaxed once per single scf iteration

          multipole expansion coefficients =  4

   (mc)sor:
          sor method used for relaxing orbitals and potentials
          ordering: middle 

                            (mc)sor iterations
                            orbital  potentials
             1 pi              10        10
             5 sigma           10        10
             4 sigma           10        10
             3 sigma           10        10
             2 sigma           10        10
             1 sigma           10        10

          overrelaxation parameters:   orbitals       potentials 
                                        1.937       1.976   1.976

   machine accuracy      =    0.11E-15

   constants: 
               pi        =    0.3141592653589793E+01
               bohr      =    0.5291772490000000E+00 angstroms


   memory usage:
          text+data                                      0.9 MB 
          bss (common block contributions)              97.1 MB
          dynamical allocation                          20.0 MB 
              orbitals + Coulomb potentials              3.4 MB
              exchange potentials                        4.5 MB

////////////////////////////////////////////////////////////////////////////////////////////////

 ... initializing orbitals from hydrogenic functions ...
 ... initializing Coulomb potentials ...
 ... initializing exchange potentials ...
 ... initializing multipole moment coefficients ...
 ... initializing Lagrange multipliers ...

 total energy:                 -0.1301852935318304E+03
 total electronic energy:      -0.1441826344311691E+03
 virial ratio:                 -0.2002963152692890E+01

   scf  orbital              energy              energy diff        1-norm         overlap
    1   2 sigma       -.8647198458712799E+01        0.92E+01        0.16E+00
    1   1 sigma       -.2452752061369917E+02       -0.79E+01       -0.19E+00
    2   2 sigma       -.4403994161158888E+01        0.42E+01       -0.90E-01
    2   3 sigma       -.4593082065489062E+01        0.49E+00       -0.46E+00
 ... multipole moment expansion coefficients recalculated ...
    3   1 pi          -.3938002788237968E+01        0.61E+00        0.15E+00
    3   3 sigma       -.4338124893353439E+01        0.25E+00       -0.33E+00
 ... multipole moment expansion coefficients recalculated ...
    4   1 pi          -.3295808622584996E+01        0.64E+00        0.58E-01
    4   3 sigma       -.4197315322397194E+01        0.14E+00       -0.24E+00
    5   1 pi          -.2670189484397786E+01        0.63E+00        0.23E-02
    5   3 sigma       -.4190191091383346E+01        0.71E-02       -0.14E+00
    6   1 pi          -.2127712133750344E+01        0.54E+00       -0.41E-01
    6   4 sigma       -.1439059277757950E+01        0.65E-01       -0.11E+00
    7   1 pi          -.1705698132564710E+01        0.42E+00       -0.72E-01
    7   4 sigma       -.1300236645132727E+01        0.14E+00       -0.12E+00
 ... multipole moment expansion coefficients recalculated ...
    8   1 pi          -.1391485987781432E+01        0.31E+00       -0.86E-01
    8   4 sigma       -.1128680092496348E+01        0.17E+00       -0.14E+00
 ... multipole moment expansion coefficients recalculated ...
    9   1 sigma       -.2544962417986887E+02       -0.52E+00       -0.32E-02
    9   4 sigma       -.9626540136021307E+00        0.17E+00       -0.17E+00
 ... multipole moment expansion coefficients recalculated ...
   10   1 sigma       -.2612158480724641E+02       -0.67E+00       -0.84E-02
   10   4 sigma       -.8335272637174587E+00        0.13E+00       -0.19E+00
 ... multipole moment expansion coefficients recalculated ...
   11   1 sigma       -.2679583566296983E+02       -0.67E+00       -0.20E-01
   11   4 sigma       -.7611275729070419E+00        0.72E-01       -0.21E+00
   12   3 sigma       -.2379215517213250E+01        0.69E+00        0.11E+00
   12   4 sigma       -.7470849867705862E+00        0.14E-01       -0.21E+00
   13   1 sigma       -.2787951042955086E+02       -0.49E+00       -0.27E-01
   13   4 sigma       -.7686962152046162E+00       -0.22E-01       -0.18E+00
 ... multipole moment expansion coefficients recalculated ...
   14   1 sigma       -.2824521650653817E+02       -0.37E+00       -0.23E-01
   14   4 sigma       -.7989886987339432E+00       -0.30E-01       -0.12E+00
 ... multipole moment expansion coefficients recalculated ...
   15   5 sigma       -.1147712042800201E+01       -0.26E+00        0.15E+00
   15   5 sigma       -.1147712042800201E+01       -0.26E+00        0.15E+00
 ... multipole moment expansion coefficients recalculated ...
   16   5 sigma       -.1469654113767286E+01       -0.32E+00        0.11E+00
   16   1 pi          -.1140668916574610E+01       -0.18E+00        0.15E+00
 ... multipole moment expansion coefficients recalculated ...
   17   3 sigma       -.2416230985786417E+01       -0.27E+00        0.24E-01
   17   1 pi          -.1355827327517098E+01       -0.22E+00        0.13E+00
 ... multipole moment expansion coefficients recalculated ...
   18   1 sigma       -.2765134949837920E+02        0.58E+00        0.99E-02
   18   1 pi          -.1473077200799127E+01       -0.12E+00        0.52E-01
 ... multipole moment expansion coefficients recalculated ...
   19   1 sigma       -.2683757619445479E+02        0.81E+00        0.20E-01
   19   5 sigma       -.1590617528796500E+01        0.97E-01       -0.43E-01
 ... multipole moment expansion coefficients recalculated ...
   20   1 sigma       -.2607611633416154E+02        0.76E+00        0.25E-01
   20   1 pi          -.1308248723893026E+01        0.12E+00       -0.68E-01
 ... writing functions to disk (current precision) ...
 total energy:    -0.1173347199440072E+03
   21   1 sigma       -.2563046657031943E+02        0.45E+00        0.23E-01
   21   4 sigma       -.5660161447105123E+00        0.19E-01        0.79E-01
 ... multipole moment expansion coefficients recalculated ...
   22   5 sigma       -.9989927107453278E+00        0.19E+00       -0.14E-01
   22   4 sigma       -.5720717979677614E+00       -0.61E-02        0.80E-01
 ... multipole moment expansion coefficients recalculated ...
   23   1 sigma       -.2570688160228534E+02       -0.17E+00        0.12E-01
   23   1 pi          -.9627800484192299E+00        0.93E-01       -0.73E-01
   24   1 sigma       -.2601185380500027E+02       -0.30E+00        0.36E-02
   24   1 pi          -.8975673367448085E+00        0.65E-01       -0.61E-01
 ... multipole moment expansion coefficients recalculated ...
   25   1 sigma       -.2635834875887568E+02       -0.35E+00       -0.52E-02
   25   1 pi          -.8577068843725097E+00        0.40E-01       -0.42E-01
   26   1 sigma       -.2668954803705036E+02       -0.33E+00       -0.11E-01
   26   1 pi          -.8408136027727409E+00        0.17E-01       -0.18E-01
   27   1 sigma       -.2697616729551186E+02       -0.29E+00       -0.13E-01
   27   3 sigma       -.1705780010665821E+01        0.52E-01        0.21E-01
   28   1 sigma       -.2719430027977866E+02       -0.22E+00       -0.13E-01
   28   1 pi          -.8684745915041709E+00       -0.24E-01        0.36E-01
 ... multipole moment expansion coefficients recalculated ...
   29   2 sigma       -.4843800584526452E+01        0.13E+00        0.68E-02
   29   1 pi          -.9104704020891123E+00       -0.42E-01        0.57E-01
 ... multipole moment expansion coefficients recalculated ...
   30   2 sigma       -.4719442796255220E+01        0.12E+00        0.80E-02
   30   1 pi          -.9644777358831291E+00       -0.54E-01        0.66E-01
   31   1 sigma       -.2721774119518472E+02        0.12E+00       -0.17E-02
   31   1 pi          -.1015510940858158E+01       -0.51E-01        0.59E-01
   32   1 sigma       -.2698072294972368E+02        0.24E+00        0.31E-02
   32   1 pi          -.1043470287770079E+01       -0.28E-01        0.37E-01
 ... multipole moment expansion coefficients recalculated ...
   33   1 sigma       -.2666534910722564E+02        0.32E+00        0.74E-02
   33   5 sigma       -.9322980833605321E+00        0.26E-01       -0.22E-01
 ... multipole moment expansion coefficients recalculated ...
   34   1 sigma       -.2634784059562032E+02        0.32E+00        0.10E-01
   34   5 sigma       -.8751613592163343E+00        0.57E-01       -0.26E-01
   35   1 sigma       -.2610693103738914E+02        0.24E+00        0.11E-01
   35   1 pi          -.9439890163244815E+00        0.55E-01       -0.32E-01
 ... multipole moment expansion coefficients recalculated ...
   36   1 sigma       -.2598874655112617E+02        0.12E+00        0.95E-02
   36   1 pi          -.8868459769701875E+00        0.57E-01       -0.40E-01
 ... multipole moment expansion coefficients recalculated ...
   37   2 sigma       -.4822872073075628E+01       -0.83E-01       -0.39E-02
   37   1 pi          -.8367188741277225E+00        0.50E-01       -0.40E-01
 ... multipole moment expansion coefficients recalculated ...
   38   1 sigma       -.2609808275986648E+02       -0.10E+00        0.28E-02
   38   1 pi          -.7986435322948751E+00        0.38E-01       -0.35E-01
 ... multipole moment expansion coefficients recalculated ...
   39   1 sigma       -.2625665654235658E+02       -0.16E+00       -0.11E-02
   39   1 pi          -.7741887067717439E+00        0.24E-01       -0.25E-01
 ... multipole moment expansion coefficients recalculated ...
   40   1 sigma       -.2643346543825351E+02       -0.18E+00       -0.42E-02
   40   4 sigma       -.5436906324608763E+00       -0.83E-02        0.21E-01
 ... writing functions to disk (current precision) ...
 total energy:    -0.1139745798019844E+03
   41   1 sigma       -.2659868399321967E+02       -0.17E+00       -0.61E-02
   41   4 sigma       -.5530188048882296E+00       -0.93E-02        0.21E-01
   42   1 sigma       -.2672993223756280E+02       -0.13E+00       -0.65E-02
   42   4 sigma       -.5626251147217580E+00       -0.96E-02        0.21E-01
 ... multipole moment expansion coefficients recalculated ...
   43   1 sigma       -.2681076648643845E+02       -0.81E-01       -0.56E-02
   43   1 pi          -.7969519217963406E+00       -0.20E-01        0.26E-01
 ... multipole moment expansion coefficients recalculated ...
   44   2 sigma       -.4746318904892191E+01        0.66E-01        0.30E-02
   44   1 pi          -.8215736879553717E+00       -0.25E-01        0.32E-01
 ... multipole moment expansion coefficients recalculated ...
   45   2 sigma       -.4689001612621012E+01        0.57E-01        0.33E-02
   45   1 pi          -.8444735543731312E+00       -0.23E-01        0.30E-01
 ... multipole moment expansion coefficients recalculated ...
   46   1 sigma       -.2667999627804193E+02        0.10E+00        0.85E-03
   46   1 pi          -.8590664225678104E+00       -0.15E-01        0.22E-01
 ... multipole moment expansion coefficients recalculated ...
   47   1 sigma       -.2653625989671745E+02        0.14E+00        0.31E-02
   47   5 sigma       -.6300618942832559E+00        0.12E-01       -0.17E-01
 ... multipole moment expansion coefficients recalculated ...
   48   1 sigma       -.2638252783394100E+02        0.15E+00        0.47E-02
   48   5 sigma       -.6057478869531234E+00        0.24E-01       -0.19E-01
   49   1 sigma       -.2625098160557738E+02        0.13E+00        0.54E-02
   49   5 sigma       -.5734833390897069E+00        0.32E-01       -0.18E-01
   50   1 sigma       -.2616627524726168E+02        0.85E-01        0.51E-02
   50   1 pi          -.7982993205404192E+00        0.28E-01       -0.19E-01
 ... multipole moment expansion coefficients recalculated ...
   51   2 sigma       -.4753525266963916E+01       -0.43E-01       -0.16E-02
   51   1 pi          -.7706820120668869E+00        0.28E-01       -0.22E-01
 ... multipole moment expansion coefficients recalculated ...
   52   2 sigma       -.4790802434254531E+01       -0.37E-01       -0.19E-02
   52   1 pi          -.7470256942121232E+00        0.24E-01       -0.21E-01
   53   1 sigma       -.2623497907025715E+02       -0.68E-01        0.20E-03
   53   1 pi          -.7297595268661006E+00        0.17E-01       -0.17E-01
 ... multipole moment expansion coefficients recalculated ...
   54   1 sigma       -.2632607048788038E+02       -0.91E-01       -0.16E-02
   54   4 sigma       -.5622248867245885E+00       -0.59E-03        0.12E-01
 ... multipole moment expansion coefficients recalculated ...
   55   1 sigma       -.2642165525012904E+02       -0.96E-01       -0.29E-02
   55   4 sigma       -.5660441021045735E+00       -0.38E-02        0.14E-01
   56   1 sigma       -.2650542708966331E+02       -0.84E-01       -0.34E-02
   56   4 sigma       -.5730069153845472E+00       -0.70E-02        0.15E-01
   57   1 sigma       -.2656433305898500E+02       -0.59E-01       -0.33E-02
   57   4 sigma       -.5826695515867186E+00       -0.97E-02        0.16E-01
 ... multipole moment expansion coefficients recalculated ...
   58   2 sigma       -.4737086985108602E+01        0.33E-01        0.14E-02
   58   1 pi          -.7447855406450987E+00       -0.13E-01        0.16E-01
 ... multipole moment expansion coefficients recalculated ...
   59   2 sigma       -.4706151567783913E+01        0.31E-01        0.17E-02
   59   1 pi          -.7569788414134866E+00       -0.12E-01        0.17E-01
   60   1 sigma       -.2652893808815485E+02        0.48E-01       -0.66E-04
   60   1 pi          -.7655189859482636E+00       -0.85E-02        0.14E-01
 ... multipole moment expansion coefficients recalculated ...
 ... writing functions to disk (current precision) ...
 total energy:    -0.1144723436487411E+03
   61   1 sigma       -.2645430238582227E+02        0.75E-01        0.13E-02
   61   5 sigma       -.4738048192015514E+00        0.86E-02       -0.13E-01
 ... multipole moment expansion coefficients recalculated ...
   62   1 sigma       -.2636724671604101E+02        0.87E-01        0.24E-02
   62   5 sigma       -.4605773249848735E+00        0.13E-01       -0.13E-01
 ... multipole moment expansion coefficients recalculated ...
   63   1 sigma       -.2628454178555192E+02        0.83E-01        0.30E-02
   63   5 sigma       -.4445832759740309E+00        0.16E-01       -0.12E-01
   64   1 sigma       -.2622139259587085E+02        0.63E-01        0.31E-02
   64   5 sigma       -.4282389676636278E+00        0.16E-01       -0.10E-01
 ... multipole moment expansion coefficients recalculated ...
   65   1 sigma       -.2618779146212415E+02        0.34E-01        0.27E-02
   65   1 pi          -.7185941770224371E+00        0.17E-01       -0.12E-01
 ... multipole moment expansion coefficients recalculated ...
   66   2 sigma       -.4751844319100642E+01       -0.23E-01       -0.12E-02
   66   1 pi          -.7025612689185650E+00        0.16E-01       -0.13E-01
 ... multipole moment expansion coefficients recalculated ...
   67   1 sigma       -.2621466690913174E+02       -0.28E-01        0.67E-03
   67   1 pi          -.6897568469318092E+00        0.13E-01       -0.12E-01
 ... multipole moment expansion coefficients recalculated ...
   68   1 sigma       -.2626319877909240E+02       -0.49E-01       -0.45E-03
   68   1 pi          -.6814620991690408E+00        0.83E-02       -0.85E-02
 ... multipole moment expansion coefficients recalculated ...
   69   1 sigma       -.2632157579787273E+02       -0.58E-01       -0.14E-02
   69   4 sigma       -.6055439346953717E+00       -0.10E-02        0.80E-02
 ... multipole moment expansion coefficients recalculated ...
   70   1 sigma       -.2637862483882330E+02       -0.57E-01       -0.20E-02
   70   4 sigma       -.6099830298619491E+00       -0.44E-02        0.99E-02
   71   1 sigma       -.2642434684569827E+02       -0.46E-01       -0.21E-02
   71   4 sigma       -.6175583541839460E+00       -0.76E-02        0.11E-01
 ... multipole moment expansion coefficients recalculated ...
   72   1 sigma       -.2645108811959166E+02       -0.27E-01       -0.19E-02
   72   4 sigma       -.6274342057527100E+00       -0.99E-02        0.12E-01
 ... multipole moment expansion coefficients recalculated ...
   73   2 sigma       -.4714908147833891E+01        0.19E-01        0.10E-02
   73   4 sigma       -.6382728343430912E+00       -0.11E-01        0.11E-01
 ... multipole moment expansion coefficients recalculated ...
   74   1 sigma       -.2643405458442961E+02        0.20E-01       -0.46E-03
   74   1 pi          -.7060823663444360E+00       -0.61E-02        0.95E-02
   75   1 sigma       -.2639367417760688E+02        0.40E-01        0.42E-03
   75   5 sigma       -.3992856952841324E+00        0.53E-02       -0.79E-02
 ... multipole moment expansion coefficients recalculated ...
   76   1 sigma       -.2634089437317051E+02        0.53E-01        0.12E-02
   76   5 sigma       -.3919081204917205E+00        0.74E-02       -0.79E-02
 ... multipole moment expansion coefficients recalculated ...
   77   1 sigma       -.2628565782635841E+02        0.55E-01        0.18E-02
   77   5 sigma       -.3835034934203252E+00        0.84E-02       -0.72E-02
   78   1 sigma       -.2623815316378579E+02        0.48E-01        0.20E-02
   78   5 sigma       -.3752894337449533E+00        0.82E-02       -0.59E-02
   79   1 sigma       -.2620652753993174E+02        0.32E-01        0.19E-02
   79   1 pi          -.6814125025083815E+00        0.11E-01       -0.69E-02
 ... multipole moment expansion coefficients recalculated ...
   80   2 sigma       -.4731241465691820E+01       -0.15E-01       -0.72E-03
   80   1 pi          -.6704953419935471E+00        0.11E-01       -0.83E-02
 ... multipole moment expansion coefficients recalculated ...
 ... writing functions to disk (current precision) ...
 total energy:    -0.1143567749357380E+03
   81   3 sigma       -.1588964836798354E+01        0.14E-01       -0.33E-02
   81   1 pi          -.6611596626542315E+00        0.93E-02       -0.82E-02
   82   1 sigma       -.2623084472752814E+02       -0.26E-01        0.31E-04
   82   1 pi          -.6545438538150901E+00        0.66E-02       -0.68E-02
 ... multipole moment expansion coefficients recalculated ...
   83   1 sigma       -.2626782457950792E+02       -0.37E-01       -0.66E-03
   83   1 pi          -.6512453283285637E+00        0.33E-02       -0.43E-02
 ... multipole moment expansion coefficients recalculated ...
   84   1 sigma       -.2630798641590331E+02       -0.40E-01       -0.12E-02
   84   4 sigma       -.6432520894143181E+00       -0.20E-02        0.50E-02
   85   1 sigma       -.2634385557432827E+02       -0.36E-01       -0.14E-02
   85   4 sigma       -.6480207810033729E+00       -0.48E-02        0.63E-02
   86   1 sigma       -.2636912778159948E+02       -0.25E-01       -0.14E-02
   86   4 sigma       -.6549930034293432E+00       -0.70E-02        0.69E-02
 ... multipole moment expansion coefficients recalculated ...
   87   2 sigma       -.4717916511652253E+01        0.13E-01        0.64E-03
   87   4 sigma       -.6631547431980547E+00       -0.82E-02        0.68E-02
 ... multipole moment expansion coefficients recalculated ...
   88   2 sigma       -.4706274325660021E+01        0.12E-01        0.69E-03
   88   1 pi          -.6697266543001668E+00       -0.50E-02        0.66E-02
   89   1 sigma       -.2635227824396583E+02        0.21E-01       -0.13E-04
   89   1 pi          -.6728907375428026E+00       -0.32E-02        0.57E-02
 ... multipole moment expansion coefficients recalculated ...
   90   1 sigma       -.2632006012119791E+02        0.32E-01        0.57E-03
   90   5 sigma       -.3630722022827508E+00        0.43E-02       -0.39E-02
 ... multipole moment expansion coefficients recalculated ...
   91   1 sigma       -.2628295854034894E+02        0.37E-01        0.10E-02
   91   5 sigma       -.3581733625130603E+00        0.49E-02       -0.36E-02
 ... multipole moment expansion coefficients recalculated ...
   92   1 sigma       -.2624791380626264E+02        0.35E-01        0.13E-02
   92   5 sigma       -.3533928556670110E+00        0.48E-02       -0.29E-02
   93   1 sigma       -.2622120962358181E+02        0.27E-01        0.13E-02
   93   1 pi          -.6593450888483545E+00        0.67E-02       -0.38E-02
 ... multipole moment expansion coefficients recalculated ...
   94   1 sigma       -.2620718923745036E+02        0.14E-01        0.11E-02
   94   1 pi          -.6521546668499560E+00        0.72E-02       -0.52E-02
 ... multipole moment expansion coefficients recalculated ...
   95   3 sigma       -.1573248384120200E+01        0.95E-02       -0.25E-02
   95   1 pi          -.6455706262760046E+00        0.66E-02       -0.57E-02
 ... multipole moment expansion coefficients recalculated ...
   96   1 sigma       -.2622097933588081E+02       -0.13E-01        0.23E-03
   96   1 pi          -.6405345234679913E+00        0.50E-02       -0.52E-02
 ... multipole moment expansion coefficients recalculated ...
   97   1 sigma       -.2624418838070174E+02       -0.23E-01       -0.27E-03
   97   1 pi          -.6376505322330246E+00        0.29E-02       -0.39E-02
 ... multipole moment expansion coefficients recalculated ...
   98   1 sigma       -.2627222229095609E+02       -0.28E-01       -0.69E-03
   98   4 sigma       -.6648996954714033E+00       -0.15E-03        0.21E-02
 ... multipole moment expansion coefficients recalculated ...
   99   1 sigma       -.2629969219511981E+02       -0.27E-01       -0.96E-03
   99   4 sigma       -.6672702012086926E+00       -0.24E-02        0.32E-02
  100   1 sigma       -.2632163379510870E+02       -0.22E-01       -0.10E-02
  100   4 sigma       -.6715286588836165E+00       -0.43E-02        0.39E-02
 ... multipole moment expansion coefficients recalculated ...
 ... writing functions to disk (current precision) ...
 total energy:    -0.1141313496303327E+03
  101   1 sigma       -.2633427460429893E+02       -0.13E-01       -0.90E-03
  101   4 sigma       -.6770013181689567E+00       -0.55E-02        0.41E-02
 ... multipole moment expansion coefficients recalculated ...
  102   2 sigma       -.4710882348976906E+01        0.85E-02        0.47E-03
  102   1 pi          -.6502961789967383E+00       -0.41E-02        0.46E-02
 ... multipole moment expansion coefficients recalculated ...
  103   1 sigma       -.2632564831061156E+02        0.99E-02       -0.22E-03
  103   1 pi          -.6534223848734619E+00       -0.31E-02        0.44E-02
 ... multipole moment expansion coefficients recalculated ...
  104   1 sigma       -.2630652562987932E+02        0.19E-01        0.20E-03
  104   1 pi          -.6549038810831220E+00       -0.15E-02        0.34E-02
 ... multipole moment expansion coefficients recalculated ...
  105   1 sigma       -.2628198046033663E+02        0.25E-01        0.57E-03
  105   5 sigma       -.3473805162689523E+00        0.30E-02       -0.19E-02
 ... multipole moment expansion coefficients recalculated ...
  106   1 sigma       -.2625669566140385E+02        0.25E-01        0.83E-03
  106   5 sigma       -.3442943777167677E+00        0.31E-02       -0.16E-02
  107   1 sigma       -.2623533215240057E+02        0.21E-01        0.92E-03
  107   1 pi          -.6480993893929927E+00        0.39E-02       -0.19E-02
  108   1 sigma       -.2622159060206250E+02        0.14E-01        0.85E-03
  108   1 pi          -.6434630273898154E+00        0.46E-02       -0.32E-02
 ... multipole moment expansion coefficients recalculated ...
  109   2 sigma       -.4721278609644795E+01       -0.70E-02       -0.37E-03
  109   1 pi          -.6388783528002531E+00        0.46E-02       -0.39E-02
 ... multipole moment expansion coefficients recalculated ...
  110   3 sigma       -.1559717790031765E+01        0.64E-02       -0.15E-02
  110   1 pi          -.6350830612616942E+00        0.38E-02       -0.39E-02
  111   1 sigma       -.2623709270040545E+02       -0.14E-01       -0.49E-04
  111   1 pi          -.6326241066756726E+00        0.25E-02       -0.32E-02
 ... multipole moment expansion coefficients recalculated ...
  112   1 sigma       -.2625599991698456E+02       -0.19E-01       -0.38E-03
  112   1 pi          -.6317828414514697E+00        0.84E-03       -0.20E-02
 ... multipole moment expansion coefficients recalculated ...
  113   1 sigma       -.2627624564784718E+02       -0.20E-01       -0.62E-03
  113   4 sigma       -.6777462968315486E+00       -0.81E-03        0.15E-02
  114   1 sigma       -.2629408432692579E+02       -0.18E-01       -0.73E-03
  114   4 sigma       -.6800792829034012E+00       -0.23E-02        0.22E-02
  115   1 sigma       -.2630638461205824E+02       -0.12E-01       -0.70E-03
  115   4 sigma       -.6835283326810053E+00       -0.34E-02        0.25E-02
 ... multipole moment expansion coefficients recalculated ...
  116   2 sigma       -.4714212982579204E+01        0.60E-02        0.31E-03
  116   1 pi          -.6407623726745193E+00       -0.32E-02        0.31E-02
 ... multipole moment expansion coefficients recalculated ...
  117   2 sigma       -.4708880916401164E+01        0.53E-02        0.33E-03
  117   1 pi          -.6434951576032955E+00       -0.27E-02        0.32E-02
  118   1 sigma       -.2629698114745789E+02        0.11E-01        0.37E-05
  118   1 pi          -.6452494634622479E+00       -0.18E-02        0.28E-02
 ... multipole moment expansion coefficients recalculated ...
  119   1 sigma       -.2628118951300640E+02        0.16E-01        0.29E-03
  119   1 pi          -.6456811624129344E+00       -0.43E-03        0.18E-02
 ... multipole moment expansion coefficients recalculated ...
  120   1 sigma       -.2626339705925983E+02        0.18E-01        0.51E-03
  120   5 sigma       -.3407280622335875E+00        0.20E-02       -0.11E-02
 ... writing functions to disk (current precision) ...
 total energy:    -0.1142677282452703E+03
  121   1 sigma       -.2624695023853086E+02        0.16E-01        0.63E-03
  121   4 sigma       -.6947892159164688E+00        0.12E-02       -0.11E-02
  122   1 sigma       -.2623480159168309E+02        0.12E-01        0.63E-03
  122   1 pi          -.6396209206550232E+00        0.29E-02       -0.18E-02
 ... multipole moment expansion coefficients recalculated ...
  123   1 sigma       -.2622894919914666E+02        0.59E-02        0.52E-03
  123   1 pi          -.6364578985392519E+00        0.32E-02       -0.26E-02
 ... multipole moment expansion coefficients recalculated ...
  124   2 sigma       -.4721759169149999E+01       -0.46E-02       -0.27E-03
  124   1 pi          -.6336169760407397E+00        0.28E-02       -0.28E-02
 ... multipole moment expansion coefficients recalculated ...
  125   1 sigma       -.2623764573162340E+02       -0.75E-02        0.71E-04
  125   1 pi          -.6315561574566910E+00        0.21E-02       -0.25E-02
 ... multipole moment expansion coefficients recalculated ...
  126   1 sigma       -.2624982259548082E+02       -0.12E-01       -0.17E-03
  126   1 pi          -.6305672583659234E+00        0.99E-03       -0.18E-02
 ... multipole moment expansion coefficients recalculated ...
  127   1 sigma       -.2626416180861764E+02       -0.14E-01       -0.38E-03
  127   5 sigma       -.3400993563871197E+00       -0.14E-02        0.79E-03
 ... multipole moment expansion coefficients recalculated ...
  128   1 sigma       -.2627794692093956E+02       -0.14E-01       -0.50E-03
  128   4 sigma       -.6845359418977424E+00       -0.11E-02        0.12E-02
  129   1 sigma       -.2628870203534400E+02       -0.11E-01       -0.52E-03
  129   4 sigma       -.6866076032945188E+00       -0.21E-02        0.16E-02
 ... multipole moment expansion coefficients recalculated ...
  130   1 sigma       -.2629460333768879E+02       -0.59E-02       -0.45E-03
  130   1 pi          -.6362471865733141E+00       -0.23E-02        0.20E-02
 ... multipole moment expansion coefficients recalculated ...
  131   2 sigma       -.4712335225745851E+01        0.40E-02        0.23E-03
  131   1 pi          -.6384444927284676E+00       -0.22E-02        0.23E-02
 ... multipole moment expansion coefficients recalculated ...
  132   1 sigma       -.2628938006744551E+02        0.54E-02       -0.94E-04
  132   1 pi          -.6400997210249617E+00       -0.17E-02        0.22E-02
 ... multipole moment expansion coefficients recalculated ...
  133   1 sigma       -.2627963173228704E+02        0.97E-02        0.11E-03
  133   1 pi          -.6409036712334064E+00       -0.80E-03        0.16E-02
 ... multipole moment expansion coefficients recalculated ...
  134   1 sigma       -.2626747561742914E+02        0.12E-01        0.29E-03
  134   1 pi          -.6407215494117082E+00        0.18E-03        0.81E-03
 ... multipole moment expansion coefficients recalculated ...
  135   1 sigma       -.2625524196114729E+02        0.12E-01        0.41E-03
  135   4 sigma       -.6957532613608794E+00        0.54E-03       -0.68E-03
  136   1 sigma       -.2624517892500704E+02        0.10E-01        0.45E-03
  136   4 sigma       -.6943438319966830E+00        0.14E-02       -0.10E-02
 ... multipole moment expansion coefficients recalculated ...
  137   1 sigma       -.2623902515296768E+02        0.62E-02        0.41E-03
  137   1 pi          -.6356641075847236E+00        0.21E-02       -0.16E-02
 ... multipole moment expansion coefficients recalculated ...
  138   2 sigma       -.4718619706147928E+01       -0.35E-02       -0.19E-03
  138   1 pi          -.6335711109029312E+00        0.21E-02       -0.19E-02
 ... multipole moment expansion coefficients recalculated ...
  139   1 sigma       -.2624119365122885E+02       -0.35E-02        0.13E-03
  139   1 pi          -.6318917387176732E+00        0.17E-02       -0.19E-02
  140   1 sigma       -.2624859405249305E+02       -0.74E-02       -0.52E-04
  140   1 pi          -.6308924877479587E+00        0.10E-02       -0.15E-02
 ... multipole moment expansion coefficients recalculated ...
 ... writing functions to disk (current precision) ...
 total energy:    -0.1141501239494677E+03
  141   1 sigma       -.2625834826271110E+02       -0.98E-02       -0.21E-03
  141   1 pi          -.6307039624846968E+00        0.19E-03       -0.88E-03
 ... multipole moment expansion coefficients recalculated ...
  142   1 sigma       -.2626856146227078E+02       -0.10E-01       -0.32E-03
  142   4 sigma       -.6871022321829177E+00       -0.40E-03        0.67E-03
  143   1 sigma       -.2627735602239886E+02       -0.88E-02       -0.37E-03
  143   4 sigma       -.6882701415426347E+00       -0.12E-02        0.10E-02
  144   1 sigma       -.2628319857531740E+02       -0.58E-02       -0.35E-03
  144   1 pi          -.6341611487328453E+00       -0.16E-02        0.12E-02
 ... multipole moment expansion coefficients recalculated ...
  145   2 sigma       -.4714598295160730E+01        0.30E-02        0.15E-03
  145   1 pi          -.6358282170033576E+00       -0.17E-02        0.16E-02
 ... multipole moment expansion coefficients recalculated ...
  146   2 sigma       -.4712041727042678E+01        0.26E-02        0.16E-03
  146   1 pi          -.6372314244232857E+00       -0.14E-02        0.16E-02
 ... multipole moment expansion coefficients recalculated ...
  147   1 sigma       -.2627735566222819E+02        0.57E-02        0.16E-04
  147   1 pi          -.6381126526910972E+00       -0.88E-03        0.14E-02
 ... multipole moment expansion coefficients recalculated ...
  148   1 sigma       -.2626933842217684E+02        0.80E-02        0.16E-03
  148   1 pi          -.6383219879250195E+00       -0.21E-03        0.85E-03
 ... multipole moment expansion coefficients recalculated ...
  149   1 sigma       -.2626053705566870E+02        0.88E-02        0.26E-03
  149   5 sigma       -.3381291020256234E+00        0.95E-03       -0.49E-03
  150   1 sigma       -.2625260010662137E+02        0.79E-02        0.31E-03
  150   4 sigma       -.6947351095228260E+00        0.78E-03       -0.67E-03
  151   1 sigma       -.2624694225115143E+02        0.57E-02        0.31E-03
  151   1 pi          -.6353695078198403E+00        0.14E-02       -0.96E-03
 ... multipole moment expansion coefficients recalculated ...
  152   2 sigma       -.4716820988932056E+01       -0.25E-02       -0.13E-03
  152   1 pi          -.6338639686264322E+00        0.15E-02       -0.13E-02
 ... multipole moment expansion coefficients recalculated ...
  153   2 sigma       -.4719080603916797E+01       -0.23E-02       -0.14E-03
  153   1 pi          -.6325412989390262E+00        0.13E-02       -0.14E-02
  154   1 sigma       -.2624967006726776E+02       -0.42E-02        0.17E-04
  154   1 pi          -.6316255855425776E+00        0.92E-03       -0.12E-02
 ... multipole moment expansion coefficients recalculated ...
  155   1 sigma       -.2625601974484576E+02       -0.63E-02       -0.10E-03
  155   1 pi          -.6312554099097216E+00        0.37E-03       -0.83E-03
 ... multipole moment expansion coefficients recalculated ...
  156   1 sigma       -.2626330144474831E+02       -0.73E-02       -0.20E-03
  156   5 sigma       -.3385084829155356E+00       -0.76E-03        0.40E-03
  157   1 sigma       -.2627014537358376E+02       -0.68E-02       -0.25E-03
  157   4 sigma       -.6893445625116001E+00       -0.59E-03        0.60E-03
  158   1 sigma       -.2627532735329582E+02       -0.52E-02       -0.26E-03
  158   4 sigma       -.6903964568064307E+00       -0.11E-02        0.76E-03
 ... multipole moment expansion coefficients recalculated ...
  159   1 sigma       -.2627797898199279E+02       -0.27E-02       -0.22E-03
  159   1 pi          -.6344642721197982E+00       -0.12E-02        0.10E-02
 ... multipole moment expansion coefficients recalculated ...
  160   2 sigma       -.4713970390834864E+01        0.20E-02        0.11E-03
  160   1 pi          -.6355788347325966E+00       -0.11E-02        0.12E-02
 ... multipole moment expansion coefficients recalculated ...
 ... writing functions to disk (current precision) ...
 total energy:    -0.1141743955303777E+03
  161   1 sigma       -.2627473840293437E+02        0.30E-02       -0.36E-04
  161   1 pi          -.6363945339718455E+00       -0.82E-03        0.11E-02
 ... multipole moment expansion coefficients recalculated ...
  162   1 sigma       -.2626967722811955E+02        0.51E-02        0.68E-04
  162   1 pi          -.6367699851242108E+00       -0.38E-03        0.78E-03
 ... multipole moment expansion coefficients recalculated ...
  163   1 sigma       -.2626355832550380E+02        0.61E-02        0.16E-03
  163   5 sigma       -.3382515068583860E+00        0.66E-03       -0.37E-03
 ... multipole moment expansion coefficients recalculated ...
  164   1 sigma       -.2625754930594081E+02        0.60E-02        0.21E-03
  164   4 sigma       -.6945475597534863E+00        0.36E-03       -0.40E-03
  165   1 sigma       -.2625274611080481E+02        0.48E-02        0.22E-03
  165   4 sigma       -.6937634527406562E+00        0.78E-03       -0.57E-03
 ... multipole moment expansion coefficients recalculated ...
  166   1 sigma       -.2624997068514852E+02        0.28E-02        0.20E-03
  166   1 pi          -.6341282378246991E+00        0.11E-02       -0.83E-03
 ... multipole moment expansion coefficients recalculated ...
  167   2 sigma       -.4717564679373649E+01       -0.17E-02       -0.97E-04
  167   1 pi          -.6331223677598246E+00        0.10E-02       -0.97E-03
 ... multipole moment expansion coefficients recalculated ...
  168   1 sigma       -.2625166727758350E+02       -0.20E-02        0.51E-04
  168   1 pi          -.6323397890213514E+00        0.78E-03       -0.93E-03
 ... multipole moment expansion coefficients recalculated ...
  169   1 sigma       -.2625558753042129E+02       -0.39E-02       -0.38E-04
  169   1 pi          -.6319087839593180E+00        0.43E-03       -0.72E-03
 ... multipole moment expansion coefficients recalculated ...
  170   1 sigma       -.2626058413038586E+02       -0.50E-02       -0.12E-03
  170   1 pi          -.6318874330973454E+00        0.21E-04       -0.39E-03
 ... multipole moment expansion coefficients recalculated ...
  171   1 sigma       -.2626569454585833E+02       -0.51E-02       -0.17E-03
  171   4 sigma       -.6901345211947980E+00       -0.24E-03        0.34E-03
  172   1 sigma       -.2626998337282718E+02       -0.43E-02       -0.19E-03
  172   4 sigma       -.6907471349024163E+00       -0.61E-03        0.49E-03
 ... multipole moment expansion coefficients recalculated ...
  173   1 sigma       -.2627270743287669E+02       -0.27E-02       -0.17E-03
  173   1 pi          -.6337733350627186E+00       -0.84E-03        0.65E-03
 ... multipole moment expansion coefficients recalculated ...
  174   2 sigma       -.4715194984790595E+01        0.15E-02        0.79E-04
  174   1 pi          -.6346174705171421E+00       -0.84E-03        0.80E-03
 ... multipole moment expansion coefficients recalculated ...
  175   1 sigma       -.2627213554087540E+02        0.13E-02       -0.58E-04
  175   1 pi          -.6353084948103085E+00       -0.69E-03        0.80E-03
  176   1 sigma       -.2626912071976218E+02        0.30E-02        0.17E-04
  176   1 pi          -.6357241980895818E+00       -0.42E-03        0.65E-03
 ... multipole moment expansion coefficients recalculated ...
  177   1 sigma       -.2626502159102831E+02        0.41E-02        0.85E-04
  177   1 pi          -.6357987302376689E+00       -0.75E-04        0.39E-03
 ... multipole moment expansion coefficients recalculated ...
  178   1 sigma       -.2626063677230709E+02        0.44E-02        0.13E-03
  178   5 sigma       -.3378877735185575E+00        0.46E-03       -0.23E-03
  179   1 sigma       -.2625678205421606E+02        0.39E-02        0.16E-03
  179   4 sigma       -.6937261063390689E+00        0.44E-03       -0.37E-03
  180   1 sigma       -.2625413811209970E+02        0.26E-02        0.15E-03
  180   1 pi          -.6342785220943696E+00        0.71E-03       -0.51E-03
 ... multipole moment expansion coefficients recalculated ...
 ... writing functions to disk (current precision) ...
 total energy:    -0.1141852660510469E+03
  181   2 sigma       -.4716640676495238E+01       -0.13E-02       -0.65E-04
  181   1 pi          -.6335394226008528E+00        0.74E-03       -0.66E-03
 ... multipole moment expansion coefficients recalculated ...
  182   2 sigma       -.4717743663523546E+01       -0.11E-02       -0.69E-04
  182   1 pi          -.6329058113997998E+00        0.63E-03       -0.69E-03
  183   1 sigma       -.2625611792402870E+02       -0.23E-02        0.41E-06
  183   1 pi          -.6324866068576345E+00        0.42E-03       -0.59E-03
 ... multipole moment expansion coefficients recalculated ...
  184   1 sigma       -.2625940757484308E+02       -0.33E-02       -0.59E-04
  184   1 pi          -.6323461735752289E+00        0.14E-03       -0.39E-03
 ... multipole moment expansion coefficients recalculated ...
  185   1 sigma       -.2626308280313510E+02       -0.37E-02       -0.11E-03
  185   5 sigma       -.3382465825255383E+00       -0.39E-03        0.20E-03
  186   1 sigma       -.2626645583942117E+02       -0.34E-02       -0.13E-03
  186   4 sigma       -.6910722415776096E+00       -0.32E-03        0.31E-03
  187   1 sigma       -.2626892623493540E+02       -0.25E-02       -0.13E-03
  187   1 pi          -.6334544472082477E+00       -0.56E-03        0.38E-03
 ... multipole moment expansion coefficients recalculated ...
  188   1 sigma       -.2627008499383111E+02       -0.12E-02       -0.11E-03
  188   1 pi          -.6340686520403782E+00       -0.61E-03        0.53E-03
 ... multipole moment expansion coefficients recalculated ...
  189   2 sigma       -.4714951992333209E+01        0.97E-03        0.58E-04
  189   1 pi          -.6346204578494774E+00       -0.55E-03        0.58E-03
 ... multipole moment expansion coefficients recalculated ...
  190   1 sigma       -.2626813123493154E+02        0.16E-02       -0.12E-04
  190   1 pi          -.6350106104126123E+00       -0.39E-03        0.52E-03
 ... multipole moment expansion coefficients recalculated ...
  191   1 sigma       -.2626550071479080E+02        0.26E-02        0.40E-04
  191   1 pi          -.6351740019162939E+00       -0.16E-03        0.37E-03
 ... multipole moment expansion coefficients recalculated ...
  192   1 sigma       -.2626241325265214E+02        0.31E-02        0.82E-04
  192   5 sigma       -.3380613415796789E+00        0.33E-03       -0.18E-03
 ... multipole moment expansion coefficients recalculated ...
  193   1 sigma       -.2625945444853343E+02        0.30E-02        0.11E-03
  193   4 sigma       -.6935472207003848E+00        0.22E-03       -0.22E-03
  194   1 sigma       -.2625715968827815E+02        0.23E-02        0.11E-03
  194   4 sigma       -.6931278550996094E+00        0.42E-03       -0.30E-03
 ... multipole moment expansion coefficients recalculated ...
  195   1 sigma       -.2625591725513677E+02        0.12E-02        0.95E-04
  195   1 pi          -.6338003315885263E+00        0.52E-03       -0.43E-03
 ... multipole moment expansion coefficients recalculated ...
  196   2 sigma       -.4716962040790484E+01       -0.85E-03       -0.49E-04
  196   1 pi          -.6333095630514727E+00        0.49E-03       -0.49E-03
 ... multipole moment expansion coefficients recalculated ...
  197   1 sigma       -.2625706257853631E+02       -0.12E-02        0.20E-04
  197   1 pi          -.6329398904809072E+00        0.37E-03       -0.46E-03
 ... multipole moment expansion coefficients recalculated ...
  198   1 sigma       -.2625912505918630E+02       -0.21E-02       -0.24E-04
  198   1 pi          -.6327521193787966E+00        0.19E-03       -0.34E-03
 ... multipole moment expansion coefficients recalculated ...
  199   1 sigma       -.2626167167700552E+02       -0.25E-02       -0.62E-04
  199   1 pi          -.6327711822413509E+00       -0.19E-04       -0.17E-03
 ... multipole moment expansion coefficients recalculated ...
  200   1 sigma       -.2626421521562428E+02       -0.25E-02       -0.87E-04
  200   4 sigma       -.6913700256007225E+00       -0.14E-03        0.18E-03
           
 ... scf iteration limit reached ... 
 ... writing functions to disk (current precision) ...

 total energy:                 -0.1141620826481555E+03
 total electronic energy:      -0.1281594235474942E+03
 virial ratio:                 -0.2000294021117881E+01

 total energy contributions: 
     nuclear-electron attraction energy =    -301.110876261644
     kinetic energy                     =     114.128526451217
     one electron energy                =    -186.982349810427
     coulomb energy                     =      60.584496275717
     exchange energy                    =      -1.761570012775
     coulomb energy (DFT)               =      71.532135205890
     exchange energy (DFT)              =     -12.709208942948
     correlation energy (DFT)           =       0.000000000000

       orbital               energy                     1-norm
   1 pi             -0.6329833849739135E+00            0.22E-04
   5 sigma          -0.3383278954553584E+00            0.12E-03
   4 sigma          -0.6913700256007225E+00            0.18E-03
   3 sigma          -0.1554117847431561E+01            0.13E-03
   2 sigma          -0.4717644733965325E+01            0.89E-06
   1 sigma          -0.2626421521562428E+02           -0.87E-04


 total energy uncertainty due to orbital norms not being equal 1:
     absolute = +/-0.33E-02,  relative = +/-0.29E-02%

 multipole moments relative to geometrical centre:

                                    electronic (au/Debye-Ang^k)   total (au/Debye-Ang^k)
     dipole (Mu_z, k=1)               -0.6932095735921438E+01     -0.5023030597816511E+00
                                      -0.1761975831821435E+02     -0.1276736336745908E+01

     quadrupole (Theta_zz, k=2)       -0.2458905613683095E+02     -0.3091094530597708E+01
                                      -0.3307336759369642E+02     -0.4157658801884306E+01

     octopole (Omega_zzz, k=3)        -0.2404666187361113E+01      0.8228213511692184E+01
                                      -0.1711561545204384E+01      0.5856569159729522E+01

     hexadecapole (Phi_zzzz, k=4)     -0.5553695371177607E+02     -0.1998600346384695E+02
                                      -0.2091803773984871E+02     -0.7527744083609152E+01


 multipole moments relative to centre of mass:

      centre     atomic weight       z
        Be        9.01218220      -1.2860
        F        18.99840322       1.2860
  centre-of-mass                   0.4585


                                    electronic (au/Debye-Ang^k)   total (au/Debye-Ang^k)
     dipole (Mu_z, k=1)               -0.9710668376714744E+00     -0.5013159641654559E+00
                                      -0.2468223700654035E+01     -0.1274227371657010E+01

     quadrupole (Theta_zz, k=2)       -0.2095756645673013E+02     -0.2622802387033901E+01
                                      -0.2818885342469633E+02     -0.3527785165452731E+01

     octopole (Omega_zzz, k=3)         0.2828246892069112E+02      0.1214886783633202E+02
                                       0.2013052225814979E+02      0.8647160722651138E+01

     hexadecapole (Phi_zzzz, k=4)     -0.7999708290657723E+02     -0.3873748663362738E+02
                                      -0.3013096483473065E+02     -0.1459050511762736E+02

////////////////////////////////////////////////////////////////////////////////////////////////

 cpu summary (sec):
    Lagrange multipliers                      11.86
    normalization+orthogonalization            0.95
    multipole moments                         10.63
    relaxation of orb. and pot.               72.43
    total energy                               0.80
    all SCF iterations                        89.22
    single SCF iteration                       0.45


 start: 2011/05/05  22:48:49.48 
 stop:  2011/05/05  22:50:27.49 

////////////////////////////////////////////////////////////////////////////////////////////////

Linux wieslaw16.fizyka.umk.pl 2.6.18-prep x86_64 x86_64 GNU/Linux
 Quad-Core AMD Opteron(tm) Processor 8380

////////////////////////////////////////////////////////////////////////////////////////////////
