
////////////////////////////////////////////////////////////////////////////////////////////////



                         FINITE DIFFERENCE 2D HARTREE-FOCK  (version 2.0)



////////////////////////////////////////////////////////////////////////////////////////////////

   ... start of input data ...
  title  Be SCMC R_inf=35.0 bohr  R = 2.3860 bohr                                 
  method  scmc                                                                    
  nuclei  4.0  0.0  2.386                                                         
  config  0                                                                       
  2 sigma  end                                                                    
                    0
  grid   91 35.0                                                                  
  orbpot hydrogen                                                                 
  lcao                                                                            
  1.0   2 0 4.0     0.0   1 0 9.0  0                                              
  1.0   1 0 4.0     0.0   1 0 9.0  0                                              
  scf 1000 10 8 8 1                                                               
  omega 1.82  -1.82                                                               
  stop                                                                            
   ... end of input data  ...
         

   molecular system: 

          Be( 4.00)      ( 0.00)   R =  2.38600 bohr = 1.26262 angstroms

   method: SCMC

   electronic configuration:

           2  sigma      + - 
           1  sigma      + - 


          total charge            =   0
          number of
              electrons           =   4
              orbitals            =   2
              Coulomb potentials  =   2
              exchange potentials =   1

   LCAO via hydrogenic functions:

           orbital           n1 l1   Z1    c1       n2 l2   Z2    c2 

           2  sigma           2  0  4.00  1.00       1  0  9.00  0.00
           1  sigma           1  0  4.00  1.00       1  0  9.00  0.00

   grid:
          nu (h_nu)  =   91  (0.03491)
          mu (h_mu)  =  115  (0.03572)
          R_infinity =   35.00

   scf: 
          thresholds
              scf iterations           =   1000
              orbital energy           = 1.00E- 8
              orbital norm             = 1.00E- 8
              multipole moments recalc = 1.15E+00

          orbitals are relaxed
          Coulomb potentials are relaxed

          multipole expansion coefficients =  4

   (mc)sor:
          sor method used for relaxing orbitals and potentials
          ordering: middle 

                            (mc)sor iterations
                            orbital  potentials
             2 sigma           10        10
             1 sigma           10        10

          overrelaxation parameters:   orbitals       potentials 
                                        1.820       1.960   1.960

   machine accuracy      =    0.11E-15

   constants: 
               pi        =    0.3141592653589793E+01
               bohr      =    0.5291772490000000E+00 angstroms


   memory usage:
          text+data                                      0.9 MB 
          bss (common block contributions)              97.1 MB
          dynamical allocation                           3.7 MB 
              orbitals + Coulomb potentials              0.3 MB
              exchange potentials                        0.1 MB

////////////////////////////////////////////////////////////////////////////////////////////////

 ... initializing orbitals from hydrogenic functions ...
 ... initializing Coulomb potentials ...
 ... initializing Slater exchange potential ...
 ... initializing multipole moment coefficients ...
 ... initializing Lagrange multipliers ...

 total energy:                 -0.1684621741238154E+02
 total electronic energy:      -0.1684621741238154E+02
 virial ratio:                 -0.8423108542268025E+00

   scf  orbital              energy              energy diff        1-norm         overlap
    1   1 sigma      -.4442996919513737E+01       -0.39E+00       -0.15E+00        0.00E+00
    1   2 sigma      -.2972557271278358E+00       -0.38E+00       -0.63E+00        0.69E-01
    2   1 sigma      -.3322439540692600E+01        0.11E+01        0.61E-01        0.00E+00
    2   2 sigma      -.1959015605722576E+00        0.10E+00       -0.16E+00        0.29E-01
 ... multipole moment expansion coefficients recalculated ...
    3   1 sigma      -.3398928832947148E+01       -0.76E-01       -0.49E-01        0.00E+00
    3   2 sigma      -.2831277103410943E+00       -0.87E-01       -0.30E+00        0.44E-01
 ... multipole moment expansion coefficients recalculated ...
    4   1 sigma      -.3600210317238453E+01       -0.20E+00       -0.89E-02        0.00E+00
    4   2 sigma      -.3239581678641477E+00       -0.41E-01       -0.17E+00        0.10E-01
 ... multipole moment expansion coefficients recalculated ...
    5   1 sigma      -.3767842091290224E+01       -0.17E+00        0.13E-01        0.00E+00
    5   2 sigma      -.3009331631182166E+00        0.23E-01       -0.61E-01        0.23E-01
 ... multipole moment expansion coefficients recalculated ...
    6   1 sigma      -.3830862822763884E+01       -0.63E-01        0.13E-01        0.00E+00
    6   2 sigma      -.2521361951349557E+00        0.49E-01       -0.24E-01        0.32E-01
 ... multipole moment expansion coefficients recalculated ...
    7   1 sigma      -.3843305729736012E+01       -0.12E-01        0.39E-02        0.00E+00
    7   2 sigma      -.2155468159480587E+00        0.37E-01       -0.27E-01        0.21E-01
 ... multipole moment expansion coefficients recalculated ...
    8   1 sigma      -.3862211172944273E+01       -0.19E-01       -0.26E-02        0.00E+00
    8   2 sigma      -.1998074129359213E+00        0.16E-01       -0.29E-01        0.93E-02
 ... multipole moment expansion coefficients recalculated ...
    9   1 sigma      -.3898728176826095E+01       -0.37E-01       -0.40E-02        0.00E+00
    9   2 sigma      -.1990690881560941E+00        0.74E-03       -0.18E-01        0.27E-02
 ... multipole moment expansion coefficients recalculated ...
   10   1 sigma      -.3937832565308647E+01       -0.39E-01       -0.28E-02        0.00E+00
   10   2 sigma      -.2055800484594308E+00       -0.65E-02       -0.18E-02        0.68E-03
 ... writing functions to disk (current precision) ...
 total energy:    -0.1458452382081436E+02
   11   1 sigma      -.3964109396175438E+01       -0.26E-01       -0.13E-02        0.00E+00
   11   2 sigma      -.2131329359620286E+00       -0.76E-02        0.11E-01        0.52E-03
 ... multipole moment expansion coefficients recalculated ...
   12   1 sigma      -.3972658154217970E+01       -0.85E-02       -0.21E-03        0.00E+00
   12   2 sigma      -.2176043979819922E+00       -0.45E-02        0.14E-01        0.55E-03
 ... multipole moment expansion coefficients recalculated ...
   13   1 sigma      -.3967558238449485E+01        0.51E-02        0.45E-03        0.00E+00
   13   2 sigma      -.2178190056191780E+00       -0.21E-03        0.11E-01        0.36E-03
 ... multipole moment expansion coefficients recalculated ...
   14   1 sigma      -.3956695066318807E+01        0.11E-01        0.76E-03        0.00E+00
   14   2 sigma      -.2152410804093756E+00        0.26E-02        0.88E-02        0.19E-03
 ... multipole moment expansion coefficients recalculated ...
   15   1 sigma      -.3946413235716864E+01        0.10E-01        0.79E-03        0.00E+00
   15   2 sigma      -.2113371419931738E+00        0.39E-02        0.79E-02        0.24E-03
   16   1 sigma      -.3939798385972872E+01        0.66E-02        0.63E-03        0.00E+00
   16   2 sigma      -.2071228777407081E+00        0.42E-02        0.72E-02        0.45E-03
 ... multipole moment expansion coefficients recalculated ...
   17   1 sigma      -.3936298234997704E+01        0.35E-02        0.46E-03        0.00E+00
   17   2 sigma      -.2033806991268896E+00        0.37E-02        0.58E-02        0.63E-03
 ... multipole moment expansion coefficients recalculated ...
   18   1 sigma      -.3934576832742499E+01        0.17E-02        0.31E-03        0.00E+00
   18   2 sigma      -.2006366227995224E+00        0.27E-02        0.35E-02        0.66E-03
 ... multipole moment expansion coefficients recalculated ...
   19   1 sigma      -.3934434236330232E+01        0.14E-03        0.12E-03        0.00E+00
   19   2 sigma      -.1989342694897425E+00        0.17E-02        0.11E-02        0.58E-03
 ... multipole moment expansion coefficients recalculated ...
   20   1 sigma      -.3935419600794662E+01       -0.99E-03       -0.28E-04        0.00E+00
   20   2 sigma      -.1979344486213215E+00        0.10E-02       -0.22E-03        0.47E-03
 ... multipole moment expansion coefficients recalculated ...
 ... writing functions to disk (current precision) ...
 total energy:    -0.1457708950417078E+02
   21   1 sigma      -.3936903582275643E+01       -0.15E-02       -0.86E-04        0.00E+00
   21   2 sigma      -.1973309806215902E+00        0.60E-03       -0.39E-03        0.37E-03
 ... multipole moment expansion coefficients recalculated ...
   22   1 sigma      -.3938477428285356E+01       -0.16E-02       -0.10E-03        0.00E+00
   22   2 sigma      -.1969754705054103E+00        0.36E-03       -0.17E-03        0.28E-03
   23   1 sigma      -.3939839812608684E+01       -0.14E-02       -0.92E-04        0.00E+00
   23   2 sigma      -.1967840701698578E+00        0.19E-03        0.47E-04        0.20E-03
   24   1 sigma      -.3940749523825071E+01       -0.91E-03       -0.61E-04        0.00E+00
   24   2 sigma      -.1966337874059088E+00        0.15E-03        0.28E-03        0.14E-03
 ... multipole moment expansion coefficients recalculated ...
   25   1 sigma      -.3941132955974840E+01       -0.38E-03       -0.20E-04        0.00E+00
   25   2 sigma      -.1964191677123066E+00        0.21E-03        0.52E-03        0.11E-03
 ... multipole moment expansion coefficients recalculated ...
   26   1 sigma      -.3941110930510685E+01        0.22E-04        0.12E-04        0.00E+00
   26   2 sigma      -.1961572128975084E+00        0.26E-03        0.63E-03        0.82E-04
 ... multipole moment expansion coefficients recalculated ...
   27   1 sigma      -.3940949507855843E+01        0.16E-03        0.18E-04        0.00E+00
   27   2 sigma      -.1959064617758643E+00        0.25E-03        0.58E-03        0.65E-04
   28   1 sigma      -.3940772672168188E+01        0.18E-03        0.20E-04        0.00E+00
   28   2 sigma      -.1956781447348546E+00        0.23E-03        0.49E-03        0.56E-04
   29   1 sigma      -.3940642676875615E+01        0.13E-03        0.17E-04        0.00E+00
   29   2 sigma      -.1954744622186977E+00        0.20E-03        0.39E-03        0.52E-04
 ... multipole moment expansion coefficients recalculated ...
   30   1 sigma      -.3940569906586693E+01        0.73E-04        0.13E-04        0.00E+00
   30   2 sigma      -.1952974460282353E+00        0.18E-03        0.29E-03        0.49E-04
 ... multipole moment expansion coefficients recalculated ...
 ... writing functions to disk (current precision) ...
 total energy:    -0.1457205857308325E+02
   31   1 sigma      -.3940548995347450E+01        0.21E-04        0.80E-05        0.00E+00
   31   2 sigma      -.1951525270749670E+00        0.14E-03        0.19E-03        0.45E-04
 ... multipole moment expansion coefficients recalculated ...
   32   1 sigma      -.3940568320417464E+01       -0.19E-04        0.31E-05        0.00E+00
   32   2 sigma      -.1950424336662093E+00        0.11E-03        0.12E-03        0.39E-04
 ... multipole moment expansion coefficients recalculated ...
   33   1 sigma      -.3940614276095750E+01       -0.46E-04       -0.36E-06        0.00E+00
   33   2 sigma      -.1949624532912613E+00        0.80E-04        0.68E-04        0.32E-04
 ... multipole moment expansion coefficients recalculated ...
   34   1 sigma      -.3940671986335988E+01       -0.58E-04       -0.21E-05        0.00E+00
   34   2 sigma      -.1949041296792282E+00        0.58E-04        0.40E-04        0.26E-04
 ... multipole moment expansion coefficients recalculated ...
   35   1 sigma      -.3940727324090466E+01       -0.55E-04       -0.23E-05        0.00E+00
   35   2 sigma      -.1948595436837186E+00        0.45E-04        0.30E-04        0.20E-04
   36   1 sigma      -.3940772131005696E+01       -0.45E-04       -0.18E-05        0.00E+00
   36   2 sigma      -.1948235017755799E+00        0.36E-04        0.29E-04        0.16E-04
 ... multipole moment expansion coefficients recalculated ...
   37   1 sigma      -.3940804320956294E+01       -0.32E-04       -0.11E-05        0.00E+00
   37   2 sigma      -.1947932340743117E+00        0.30E-04        0.29E-04        0.13E-04
 ... multipole moment expansion coefficients recalculated ...
   38   1 sigma      -.3940825462380956E+01       -0.21E-04       -0.48E-06        0.00E+00
   38   2 sigma      -.1947671446073966E+00        0.26E-04        0.30E-04        0.10E-04
 ... multipole moment expansion coefficients recalculated ...
   39   1 sigma      -.3940837840552184E+01       -0.12E-04        0.27E-07        0.00E+00
   39   2 sigma      -.1947442681876626E+00        0.23E-04        0.29E-04        0.83E-05
   40   1 sigma      -.3940844636489774E+01       -0.68E-05        0.30E-06        0.00E+00
   40   2 sigma      -.1947243131337539E+00        0.20E-04        0.27E-04        0.67E-05
 ... multipole moment expansion coefficients recalculated ...
 ... writing functions to disk (current precision) ...
 total energy:    -0.1457088397687135E+02
   41   1 sigma      -.3940848669181315E+01       -0.40E-05        0.37E-06        0.00E+00
   41   2 sigma      -.1947073329695679E+00        0.17E-04        0.23E-04        0.55E-05
 ... multipole moment expansion coefficients recalculated ...
   42   1 sigma      -.3940851815240235E+01       -0.31E-05        0.31E-06        0.00E+00
   42   2 sigma      -.1946932797567564E+00        0.14E-04        0.18E-04        0.46E-05
 ... multipole moment expansion coefficients recalculated ...
   43   1 sigma      -.3940855032976713E+01       -0.32E-05        0.20E-06        0.00E+00
   43   2 sigma      -.1946818296921811E+00        0.11E-04        0.13E-04        0.38E-05
 ... multipole moment expansion coefficients recalculated ...
   44   1 sigma      -.3940858515430905E+01       -0.35E-05        0.97E-07        0.00E+00
   44   2 sigma      -.1946725672582685E+00        0.93E-05        0.93E-05        0.32E-05
 ... multipole moment expansion coefficients recalculated ...
   45   1 sigma      -.3940862190105856E+01       -0.37E-05        0.14E-07        0.00E+00
   45   2 sigma      -.1946651140041273E+00        0.75E-05        0.60E-05        0.26E-05
 ... multipole moment expansion coefficients recalculated ...
   46   1 sigma      -.3940865878825214E+01       -0.37E-05       -0.45E-07        0.00E+00
   46   2 sigma      -.1946591332259309E+00        0.60E-05        0.37E-05        0.21E-05
 ... multipole moment expansion coefficients recalculated ...
   47   1 sigma      -.3940869385199442E+01       -0.35E-05       -0.77E-07        0.00E+00
   47   2 sigma      -.1946543371985137E+00        0.48E-05        0.21E-05        0.17E-05
 ... multipole moment expansion coefficients recalculated ...
   48   1 sigma      -.3940872577783085E+01       -0.32E-05       -0.89E-07        0.00E+00
   48   2 sigma      -.1946504812223302E+00        0.39E-05        0.11E-05        0.14E-05
 ... multipole moment expansion coefficients recalculated ...
   49   1 sigma      -.3940875378208668E+01       -0.28E-05       -0.86E-07        0.00E+00
   49   2 sigma      -.1946473635660877E+00        0.31E-05        0.54E-06        0.11E-05
 ... multipole moment expansion coefficients recalculated ...
   50   1 sigma      -.3940877754329747E+01       -0.24E-05       -0.76E-07        0.00E+00
   50   2 sigma      -.1946448227596043E+00        0.25E-05        0.24E-06        0.86E-06
 ... multipole moment expansion coefficients recalculated ...
 ... writing functions to disk (current precision) ...
 total energy:    -0.1457071513555352E+02
   51   1 sigma      -.3940879715606180E+01       -0.20E-05       -0.64E-07        0.00E+00
   51   2 sigma      -.1946427456378235E+00        0.21E-05        0.61E-07        0.67E-06
 ... multipole moment expansion coefficients recalculated ...
   52   1 sigma      -.3940881313333855E+01       -0.16E-05       -0.54E-07        0.00E+00
   52   2 sigma      -.1946410537590877E+00        0.17E-05       -0.78E-07        0.52E-06
 ... multipole moment expansion coefficients recalculated ...
   53   1 sigma      -.3940882616080429E+01       -0.13E-05       -0.46E-07        0.00E+00
   53   2 sigma      -.1946396834864617E+00        0.14E-05       -0.21E-06        0.40E-06
 ... multipole moment expansion coefficients recalculated ...
   54   1 sigma      -.3940883690470199E+01       -0.11E-05       -0.41E-07        0.00E+00
   54   2 sigma      -.1946385815100147E+00        0.11E-05       -0.34E-06        0.31E-06
 ... multipole moment expansion coefficients recalculated ...
   55   1 sigma      -.3940884591319415E+01       -0.90E-06       -0.37E-07        0.00E+00
   55   2 sigma      -.1946377002224919E+00        0.88E-06       -0.46E-06        0.23E-06
 ... multipole moment expansion coefficients recalculated ...
   56   1 sigma      -.3940885358256947E+01       -0.77E-06       -0.35E-07        0.00E+00
   56   2 sigma      -.1946369989830239E+00        0.70E-06       -0.57E-06        0.17E-06
 ... multipole moment expansion coefficients recalculated ...
   57   1 sigma      -.3940886019666089E+01       -0.66E-06       -0.32E-07        0.00E+00
   57   2 sigma      -.1946364442063777E+00        0.55E-06       -0.66E-06        0.13E-06
 ... multipole moment expansion coefficients recalculated ...
   58   1 sigma      -.3940886596130599E+01       -0.58E-06       -0.31E-07        0.00E+00
   58   2 sigma      -.1946360082504048E+00        0.44E-06       -0.72E-06        0.90E-07
   59   1 sigma      -.3940887102287203E+01       -0.51E-06       -0.29E-07        0.00E+00
   59   2 sigma      -.1946356682048873E+00        0.34E-06       -0.75E-06        0.61E-07
 ... multipole moment expansion coefficients recalculated ...
   60   1 sigma      -.3940887548530954E+01       -0.45E-06       -0.27E-07        0.00E+00
   60   2 sigma      -.1946354051404828E+00        0.26E-06       -0.75E-06        0.38E-07
 ... writing functions to disk (current precision) ...
 total energy:    -0.1457069415160397E+02
   61   1 sigma      -.3940887942094990E+01       -0.39E-06       -0.25E-07        0.00E+00
   61   2 sigma      -.1946352037598846E+00        0.20E-06       -0.74E-06        0.20E-07
 ... multipole moment expansion coefficients recalculated ...
   62   1 sigma      -.3940888288663236E+01       -0.35E-06       -0.23E-07        0.00E+00
   62   2 sigma      -.1946350519136790E+00        0.15E-06       -0.71E-06        0.63E-08
   63   1 sigma      -.3940888593000353E+01       -0.30E-06       -0.21E-07        0.00E+00
   63   2 sigma      -.1946349398247942E+00        0.11E-06       -0.67E-06        0.41E-08
 ... multipole moment expansion coefficients recalculated ...
   64   1 sigma      -.3940888859303968E+01       -0.27E-06       -0.20E-07        0.00E+00
   64   2 sigma      -.1946348595091978E+00        0.80E-07       -0.62E-06        0.12E-07
   65   1 sigma      -.3940889091490217E+01       -0.23E-06       -0.18E-07        0.00E+00
   65   2 sigma      -.1946348043868020E+00        0.55E-07       -0.58E-06        0.18E-07
 ... multipole moment expansion coefficients recalculated ...
   66   1 sigma      -.3940889293326043E+01       -0.20E-06       -0.16E-07        0.00E+00
   66   2 sigma      -.1946347690675241E+00        0.35E-07       -0.54E-06        0.22E-07
 ... multipole moment expansion coefficients recalculated ...
   67   1 sigma      -.3940889468461298E+01       -0.18E-06       -0.15E-07        0.00E+00
   67   2 sigma      -.1946347489192974E+00        0.20E-07       -0.50E-06        0.24E-07
 ... multipole moment expansion coefficients recalculated ...
   68   1 sigma      -.3940889620680366E+01       -0.15E-06       -0.13E-07        0.00E+00
   68   2 sigma      -.1946347403232005E+00        0.86E-08       -0.46E-06        0.25E-07
 ... multipole moment expansion coefficients recalculated ...
   69   1 sigma      -.3940889752510245E+01       -0.13E-06       -0.12E-07        0.00E+00
   69   2 sigma      -.1946347402698989E+00        0.53E-10       -0.42E-06        0.26E-07
 ... multipole moment expansion coefficients recalculated ...
   70   1 sigma      -.3940889867310077E+01       -0.11E-06       -0.11E-07        0.00E+00
   70   2 sigma      -.1946347465185025E+00       -0.62E-08       -0.39E-06        0.26E-07
 ... writing functions to disk (current precision) ...
 total energy:    -0.1457069217409067E+02
   71   1 sigma      -.3940889967356916E+01       -0.10E-06       -0.97E-08        0.00E+00
   71   2 sigma      -.1946347574189859E+00       -0.11E-07       -0.35E-06        0.25E-07
 ... multipole moment expansion coefficients recalculated ...
   72   1 sigma      -.3940890055377962E+01       -0.88E-07       -0.88E-08        0.00E+00
   72   2 sigma      -.1946347713526109E+00       -0.14E-07       -0.32E-06        0.24E-07
   73   1 sigma      -.3940890132523702E+01       -0.77E-07       -0.79E-08        0.00E+00
   73   2 sigma      -.1946347875209766E+00       -0.16E-07       -0.30E-06        0.23E-07
 ... multipole moment expansion coefficients recalculated ...
   74   1 sigma      -.3940890200780092E+01       -0.68E-07       -0.72E-08        0.00E+00
   74   2 sigma      -.1946348048367810E+00       -0.17E-07       -0.27E-06        0.22E-07
   75   1 sigma      -.3940890260803027E+01       -0.60E-07       -0.64E-08        0.00E+00
   75   2 sigma      -.1946348229747805E+00       -0.18E-07       -0.24E-06        0.21E-07
 ... multipole moment expansion coefficients recalculated ...
   76   1 sigma      -.3940890313901372E+01       -0.53E-07       -0.58E-08        0.00E+00
   76   2 sigma      -.1946348412177716E+00       -0.18E-07       -0.22E-06        0.19E-07
   77   1 sigma      -.3940890360799985E+01       -0.47E-07       -0.53E-08        0.00E+00
   77   2 sigma      -.1946348594182246E+00       -0.18E-07       -0.20E-06        0.18E-07
 ... multipole moment expansion coefficients recalculated ...
   78   1 sigma      -.3940890402350802E+01       -0.42E-07       -0.48E-08        0.00E+00
   78   2 sigma      -.1946348771181443E+00       -0.18E-07       -0.18E-06        0.17E-07
   79   1 sigma      -.3940890438952605E+01       -0.37E-07       -0.43E-08        0.00E+00
   79   2 sigma      -.1946348941454692E+00       -0.17E-07       -0.16E-06        0.15E-07
 ... multipole moment expansion coefficients recalculated ...
   80   1 sigma      -.3940890471279714E+01       -0.32E-07       -0.38E-08        0.00E+00
   80   2 sigma      -.1946349103630161E+00       -0.16E-07       -0.15E-06        0.14E-07
 ... writing functions to disk (current precision) ...
 total energy:    -0.1457069230598292E+02
   81   1 sigma      -.3940890499645745E+01       -0.28E-07       -0.34E-08        0.00E+00
   81   2 sigma      -.1946349256578768E+00       -0.15E-07       -0.13E-06        0.13E-07
 ... multipole moment expansion coefficients recalculated ...
   82   1 sigma      -.3940890524670880E+01       -0.25E-07       -0.31E-08        0.00E+00
   82   2 sigma      -.1946349399990772E+00       -0.14E-07       -0.12E-06        0.12E-07
   83   1 sigma      -.3940890546702026E+01       -0.22E-07       -0.28E-08        0.00E+00
   83   2 sigma      -.1946349534152667E+00       -0.13E-07       -0.11E-06        0.11E-07
 ... multipole moment expansion coefficients recalculated ...
   84   1 sigma      -.3940890566277868E+01       -0.20E-07       -0.25E-08        0.00E+00
   84   2 sigma      -.1946349658218827E+00       -0.12E-07       -0.96E-07        0.98E-08
   85   1 sigma      -.3940890583513619E+01       -0.17E-07       -0.22E-08        0.00E+00
   85   2 sigma      -.1946349773273190E+00       -0.12E-07       -0.87E-07        0.89E-08
 ... multipole moment expansion coefficients recalculated ...
   86   1 sigma      -.3940890598846162E+01       -0.15E-07       -0.20E-08        0.00E+00
   86   2 sigma      -.1946349878870772E+00       -0.11E-07       -0.78E-07        0.80E-08
   87   1 sigma      -.3940890612351428E+01       -0.14E-07       -0.18E-08        0.00E+00
   87   2 sigma      -.1946349976143751E+00       -0.97E-08       -0.70E-07        0.73E-08
 ... multipole moment expansion coefficients recalculated ...
   88   1 sigma      -.3940890624382673E+01       -0.12E-07       -0.16E-08        0.00E+00
   88   2 sigma      -.1946350064947118E+00       -0.89E-08       -0.63E-07        0.66E-08
   89   1 sigma      -.3940890634992142E+01       -0.11E-07       -0.14E-08        0.00E+00
   89   2 sigma      -.1946350146337450E+00       -0.81E-08       -0.56E-07        0.59E-08
 ... multipole moment expansion coefficients recalculated ...
   90   1 sigma      -.3940890644450024E+01       -0.95E-08       -0.13E-08        0.00E+00
   90   2 sigma      -.1946350220312754E+00       -0.74E-08       -0.50E-07        0.53E-08
 ... multipole moment expansion coefficients recalculated ...
 ... writing functions to disk (current precision) ...
 total energy:    -0.1457069246961525E+02
   91   1 sigma      -.3940890652795130E+01       -0.83E-08       -0.11E-08        0.00E+00
   91   2 sigma      -.1946350287832117E+00       -0.68E-08       -0.45E-07        0.48E-08
           
 ... orbital energy threshold reached ...
 ... writing functions to disk (current precision) ...

 total energy:                 -0.1457069248014858E+02
 total electronic energy:      -0.1457069248014858E+02
 virial ratio:                 -0.9999999718184901E+00

 total energy contributions: 
     nuclear-electron attraction energy =     -33.665462389625
     kinetic energy                     =      14.570692890773
     one electron energy                =     -19.094769498852
     coulomb energy (DFT)               =       7.187423135832
     exchange energy (DFT)              =      -2.663346117129
     correlation energy (DFT)           =       0.000000000000

       orbital               energy                     1-norm
   2 sigma          -0.1946350287832117E+00           -0.45E-07
   1 sigma          -0.3940890652795130E+01           -0.11E-08


 total energy uncertainty due to orbital norms not being equal 1:
     absolute = +/-0.11E-06,  relative = +/-0.75E-06%

 multipole moments relative to geometrical centre:

                                    electronic (au/Debye-Ang^k)   total (au/Debye-Ang^k)
     dipole (Mu_z, k=1)                0.4771998496220919E+01     -0.1503779082590029E-05
                                       0.1212929875774696E+02     -0.3822253039859444E-05

     quadrupole (Theta_zz, k=2)       -0.5692994005941903E+01      0.1994058099974438E-05
                                      -0.7657328626990291E+01      0.2682096302381380E-05

     octopole (Omega_zzz, k=3)         0.6791742088627747E+01     -0.2139372258014305E-05
                                       0.4834136498836912E+01     -0.1522734135382292E-05

     hexadecapole (Phi_zzzz, k=4)     -0.8102548637863034E+01      0.2226140972894086E-05
                                      -0.3051831381954969E+01      0.8384777661175184E-06


 multipole moments relative to centre of mass:

      centre     atomic weight       z
        Be        9.01218220      -1.1930
                  0.00000000       1.1930
  centre-of-mass                  -1.1930


                                    electronic (au/Debye-Ang^k)   total (au/Debye-Ang^k)
     dipole (Mu_z, k=1)               -0.1341499639139279E-05     -0.1341499639139279E-05
                                      -0.3409776830276850E-05     -0.3409776830276850E-05

     quadrupole (Theta_zz, k=2)       -0.1441281797686777E-05     -0.1441281797686777E-05
                                      -0.1938587737395839E-05     -0.1938587737395839E-05

     octopole (Omega_zzz, k=3)        -0.1297064966484379E-05     -0.1297064966484379E-05
                                      -0.9232077740913877E-06     -0.9232077740913877E-06

     hexadecapole (Phi_zzzz, k=4)     -0.1064638955635853E-05     -0.1064638955635853E-05
                                      -0.4009971084997001E-06     -0.4009971084997001E-06

////////////////////////////////////////////////////////////////////////////////////////////////

 cpu summary (sec):
    Lagrange multipliers                       0.10
    normalization+orthogonalization            0.01
    multipole moments                          0.14
    relaxation of orb. and pot.                2.19
    total energy                               0.09
    all SCF iterations                         2.44
    single SCF iteration                       0.03


 start: 2011/05/05  23:29:45.25 
 stop:  2011/05/05  23:29:48.22 

////////////////////////////////////////////////////////////////////////////////////////////////

Linux wieslaw16.fizyka.umk.pl 2.6.18-prep x86_64 x86_64 GNU/Linux
 Quad-Core AMD Opteron(tm) Processor 8380

////////////////////////////////////////////////////////////////////////////////////////////////
