
////////////////////////////////////////////////////////////////////////////////////////////////



                         FINITE DIFFERENCE 2D HARTREE-FOCK  (version 2.0)



////////////////////////////////////////////////////////////////////////////////////////////////

   ... start of input data ...
  title C2     R = 2.358                                                          
  method hf                                                                       
  nuclei  6.0 6.0 2.358                                                           
  homo                                                                            
  config  0                                                                       
  1 pi    u                                                                       
                    0
  1 sigma u                                                                       
                    0
  1 sigma g                                                                       
                    0
  1 sigma u                                                                       
                    0
  1 sigma g end                                                                   
                    0
  grid  169 40.0                                                                  
  orbpot old                                                                      
  scf 500 10 10 10 1                                                              
  its more or less optimal value                                                  

Error: label "its     " is not supported. 

Try one of the following:
        break     config    conv      debug     dft     
        exchio    fefield   fermi     fix       fixorb  
        fixcoul   fixexch   gauss     grid      homo    
        initial   inout     interp    lcao      lagra   
        mcsor     method    multipol  nuclei    omega   
        orbpot    order     potgsz    potgszg   poth3   
        potkh     print     prtevery  scf       scfexch 
        sor       sormcsor  stop      title     xalpha  
        potharm   pothook 

Error: label TITLE is missing. 

Linux wieslaw16.fizyka.umk.pl 2.6.18-prep x86_64 x86_64 GNU/Linux
 Quad-Core AMD Opteron(tm) Processor 8380

////////////////////////////////////////////////////////////////////////////////////////////////
