
////////////////////////////////////////////////////////////////////////////////////////////////



                         FINITE DIFFERENCE 2D HARTREE-FOCK  (version 2.1)



////////////////////////////////////////////////////////////////////////////////////////////////

 ... start of input data ...
  title FH                                                                        
  method dft                                                                      
  dft lda                                                                         
  nuclei  9.0 1.0 1.7328                                                          
  config  0                                                                       
  1 pi                                                                            
  3 sigma  end                                                                    
  grid 269 50.0                                                                   
  orbpot old                                                                      
  scf 10 10 12 18 1                                                               
  omega 1.8 1.8                                                                   
  print 220                                                                       
  fixorb                                                                          
  fixcoul                                                                         
  stop                                                                            
 ... end of input data ...
 

   molecular system: 

          F ( 9.00)   H  ( 1.00)   R =  1.73280 bohr = 0.91696 angstroms

   method: DFT and 
                    lda  functional (alpha =    0.66667)

   electronic configuration:

           1  pi         + - + - 
           3  sigma      + - 
           2  sigma      + - 
           1  sigma      + - 


          total charge            =   0
          number of
              electrons           =  10
              orbitals            =   4
              Coulomb potentials  =   4
              exchange potentials =   7

   grid:
          nu (h_nu)  =  265  (0.01190)
          mu (h_mu)  =  403  (0.01181)
          R_infinity =   50.00

   scf: 
          thresholds
              scf iterations           =     10
              orbital energy           = 1.00E-12
              orbital norm             = 1.00E-18
              multipole moments recalc = 1.15E+00

          orbitals are kept frozen
          Coulomb potentials are kept frozen

          multipole expansion coefficients =  4

   (mc)sor:
          sor method used for relaxing orbitals and potentials
          ordering: middle 

                            (mc)sor iterations
                            orbital  potentials
             1 pi              10        10
             3 sigma           10        10
             2 sigma           10        10
             1 sigma           10        10

          overrelaxation parameters:   orbitals       potentials 
                                        1.800       1.800   1.800

   machine accuracy      =    0.11E-15

   constants: 
               pi        =    0.3141592653589793E+01
               bohr      =    0.5291772490000000E+00 angstroms


   memory usage:
          text+data                                      0.9 MB 
          bss (common block contributions)              96.9 MB
          dynamical allocation                          34.2 MB 
              orbitals + Coulomb potentials              6.0 MB
              exchange potentials                        5.0 MB

////////////////////////////////////////////////////////////////////////////////////////////////


 ... retrieving data from disk ...
     file with heading:  FH: LDA+SAP                                                                    
     created on: 2019/06/11  13:50:04.36                                                         

 total energy:                 -0.1480132609514995E+03
 total electronic energy:      -0.1532071667686740E+03
 virial ratio:                 -0.1575626130790697E+01

   scf  orbital              energy              energy diff        1-norm         overlap
    1   1 sigma      -.2438946722381340E+02        0.20E-11        0.80E-04        0.00E+00
    1   2 sigma      -.1321096941819370E+01        0.20E-11        0.11E-04        0.00E+00
    1   3 sigma      -.5633715138029157E+00        0.20E-11       -0.32E+00        0.00E+00
    1   1 pi         -.6061210102847567E+00        0.20E-11        0.26E-04        0.00E+00
    2   1 sigma      -.2438946722381340E+02        0.20E-11        0.80E-04        0.00E+00
    2   2 sigma      -.1321096941819370E+01        0.20E-11        0.11E-04        0.00E+00
    2   3 sigma      -.5633715138029157E+00        0.20E-11       -0.32E+00        0.00E+00
    2   1 pi         -.6061210102847567E+00        0.20E-11        0.26E-04        0.00E+00
    3   1 sigma      -.2438946722381340E+02        0.20E-11        0.80E-04        0.00E+00
    3   2 sigma      -.1321096941819370E+01        0.20E-11        0.11E-04        0.00E+00
    3   3 sigma      -.5633715138029157E+00        0.20E-11       -0.32E+00        0.00E+00
    3   1 pi         -.6061210102847567E+00        0.20E-11        0.26E-04        0.00E+00
    4   1 sigma      -.2438946722381340E+02        0.20E-11        0.80E-04        0.00E+00
    4   2 sigma      -.1321096941819370E+01        0.20E-11        0.11E-04        0.00E+00
    4   3 sigma      -.5633715138029157E+00        0.20E-11       -0.32E+00        0.00E+00
    4   1 pi         -.6061210102847567E+00        0.20E-11        0.26E-04        0.00E+00
    5   1 sigma      -.2438946722381340E+02        0.20E-11        0.80E-04        0.00E+00
    5   2 sigma      -.1321096941819370E+01        0.20E-11        0.11E-04        0.00E+00
    5   3 sigma      -.5633715138029157E+00        0.20E-11       -0.32E+00        0.00E+00
    5   1 pi         -.6061210102847567E+00        0.20E-11        0.26E-04        0.00E+00
    6   1 sigma      -.2438946722381340E+02        0.20E-11        0.80E-04        0.00E+00
    6   2 sigma      -.1321096941819370E+01        0.20E-11        0.11E-04        0.00E+00
    6   3 sigma      -.5633715138029157E+00        0.20E-11       -0.32E+00        0.00E+00
    6   1 pi         -.6061210102847567E+00        0.20E-11        0.26E-04        0.00E+00
    7   1 sigma      -.2438946722381340E+02        0.20E-11        0.80E-04        0.00E+00
    7   2 sigma      -.1321096941819370E+01        0.20E-11        0.11E-04        0.00E+00
    7   3 sigma      -.5633715138029157E+00        0.20E-11       -0.32E+00        0.00E+00
    7   1 pi         -.6061210102847567E+00        0.20E-11        0.26E-04        0.00E+00
    8   1 sigma      -.2438946722381340E+02        0.20E-11        0.80E-04        0.00E+00
    8   2 sigma      -.1321096941819370E+01        0.20E-11        0.11E-04        0.00E+00
    8   3 sigma      -.5633715138029157E+00        0.20E-11       -0.32E+00        0.00E+00
    8   1 pi         -.6061210102847567E+00        0.20E-11        0.26E-04        0.00E+00
    9   1 sigma      -.2438946722381340E+02        0.20E-11        0.80E-04        0.00E+00
    9   2 sigma      -.1321096941819370E+01        0.20E-11        0.11E-04        0.00E+00
    9   3 sigma      -.5633715138029157E+00        0.20E-11       -0.32E+00        0.00E+00
    9   1 pi         -.6061210102847567E+00        0.20E-11        0.26E-04        0.00E+00
   10   1 sigma      -.2438946722381340E+02        0.20E-11        0.80E-04        0.00E+00
   10   2 sigma      -.1321096941819370E+01        0.20E-11        0.11E-04        0.00E+00
   10   3 sigma      -.5633715138029157E+00        0.20E-11       -0.32E+00        0.00E+00
   10   1 pi         -.6061210102847567E+00        0.20E-11        0.26E-04        0.00E+00
           
 ... scf iteration limit reached ... 
 ... writing functions to disk (current precision) ...

 total energy:                 -0.1480132609514995E+03
 total electronic energy:      -0.1532071667686740E+03
 virial ratio:                 -0.1575626130790697E+01

 total energy contributions: 
     nuclear-electron attraction energy =    -241.544157223023
     kinetic energy                     =      97.235736177966
     one electron energy                =    -144.308421045057
     nuclear repulsion energy           =       5.193905817175
     coulomb energy (DFT)               =       0.000000000000
     exchange energy (DFT)              =      -8.898745723603
     correlation energy (DFT)           =       0.000000000000

       orbital               energy                     1-norm
   1 pi             -0.6061210102847567E+00           -0.26E-04
   3 sigma          -0.5633715138029157E+00            0.32E+00
   2 sigma          -0.1321096941819370E+01           -0.11E-04
   1 sigma          -0.2438946722381340E+02           -0.80E-04


 total energy uncertainty due to orbital norms not being equal 1:
     absolute = +/-0.32E+01,  relative = +/-0.22E+01%

 multipole moments relative to geometrical centre:

                                    electronic (au/Debye-Ang^k)   total (au/Debye-Ang^k)
     dipole (Mu_z, k=1)                0.0000000000000000E+00     -0.6931200000000001E+01
                                       0.0000000000000000E+00     -0.1761748156800000E+02

     quadrupole (Theta_zz, k=2)        0.0000000000000000E+00      0.7506489600000003E+01
                                       0.0000000000000000E+00      0.1009656037619083E+02

     octopole (Omega_zzz, k=3)         0.0000000000000000E+00     -0.5202898071552003E+01
                                       0.0000000000000000E+00     -0.3703250085060211E+01

     hexadecapole (Phi_zzzz, k=4)      0.0000000000000000E+00      0.5634738611490819E+01
                                       0.0000000000000000E+00      0.2122328774837987E+01


 multipole moments relative to centre of mass:

      centre     atomic weight       z
        F        18.99840322      -0.8664
        H         1.00782503       0.8664
  centre-of-mass              -0.77910922242869


                                    electronic (au/Debye-Ang^k)   total (au/Debye-Ang^k)
     dipole (Mu_z, k=1)               -0.7829952615503807E+00      0.7689696273655078E-01
                                      -0.1990189950974603E+01      0.1954540084900690E+00

     quadrupole (Theta_zz, k=2)       -0.1043003851528675E+01      0.1733273868210238E+01
                                      -0.1402886291823923E+01      0.2331329981308239E+01

     octopole (Omega_zzz, k=3)        -0.3152165142857631E+01      0.1297395017814877E+01
                                      -0.2243606481018236E+01      0.9234426936690793E+00

     hexadecapole (Phi_zzzz, k=4)     -0.4381756930815624E+01      0.2950408150059225E+01
                                      -0.1650392229313250E+01      0.1111273573829629E+01

////////////////////////////////////////////////////////////////////////////////////////////////

 cpu summary (sec):
    Lagrange multipliers                       0.00
    normalization+orthogonalization            0.00
    multipole moments                          0.00
    relaxation of orb. and pot.                0.00
    total energy                               0.00
    all SCF iterations                         0.00
    single SCF iteration                       0.00



 start: 2019/06/11  13:50:04.48                                                         
 stop:  2019/06/11  13:50:04.64                                                         

////////////////////////////////////////////////////////////////////////////////////////////////

Linux scobie 5.1.6-200.fc29.x86_64 x86_64 x86_64 GNU/Linux
Intell(R) Core(TM) i5-4200U CPU @ 1.60GHz

////////////////////////////////////////////////////////////////////////////////////////////////
