
////////////////////////////////////////////////////////////////////////////////////////////////



                         FINITE DIFFERENCE 2D HARTREE-FOCK  (version 2.1)



////////////////////////////////////////////////////////////////////////////////////////////////

 ... start of input data ...
  title FH: LDA+SAP                                                               
  method oed                                                                      
  nuclei  9.0 1.0 1.7328                                                          
  config  0                                                                       
  1 pi                                                                            
  3 sigma  end                                                                    
  grid 269 50.0                                                                   
  orbpot lda                                                                      
  potsap                                                                          
  lcao4lda                                                                        
  1.0  0.0                                                                        
  1.0  1.0                                                                        
  1.0  0.0                                                                        
  1.0  0.0                                                                        
  scf 10 10 12 18 1                                                               
  omega 1.8 1.8                                                                   
  print 220                                                                       
  fixorb                                                                          
  stop                                                                            
 ... end of input data ...
 

   molecular system: 

          F ( 9.00)   H  ( 1.00)   R =  1.73280 bohr = 0.91696 angstroms

   method: OED


   electronic configuration:

           1  pi         + - + - 
           3  sigma      + - 
           2  sigma      + - 
           1  sigma      + - 


          total charge            =   0
          number of
              electrons           =  10
              orbitals            =   4
              Coulomb potentials  =   4
              exchange potentials =   7

   grid:
          nu (h_nu)  =  265  (0.01190)
          mu (h_mu)  =  403  (0.01181)
          R_infinity =   50.00

   scf: 
          thresholds
              scf iterations           =     10
              orbital energy           = 1.00E-12
              orbital norm             = 1.00E-18
              multipole moments recalc = 1.15E+00

          orbitals are kept frozen
          Coulomb potentials are relaxed

          multipole expansion coefficients =  4

   (mc)sor:
          sor method used for relaxing orbitals and potentials
          ordering: middle 

                            (mc)sor iterations
                            orbital  potentials
             1 pi              10        10
             3 sigma           10        10
             2 sigma           10        10
             1 sigma           10        10

          overrelaxation parameters:   orbitals       potentials 
                                        1.800       1.800   1.800

   machine accuracy      =    0.11E-15

   constants: 
               pi        =    0.3141592653589793E+01
               bohr      =    0.5291772490000000E+00 angstroms


   memory usage:
          text+data                                      0.9 MB 
          bss (common block contributions)              96.9 MB
          dynamical allocation                          41.9 MB 
              orbitals + Coulomb potentials              6.0 MB
              exchange potentials                        0.0 MB

////////////////////////////////////////////////////////////////////////////////////////////////

 ... initializing molecular orbitals from LDA functions ...

 Orbitals on centre Z1 (Z=   9):
             n    l         e
        1    1    0   -0.241201E+02
        2    2    0   -0.103296E+01
        3    2    1   -0.363535E+00

 Orbitals on centre Z2 (Z=   1):
             n    l         e
        1    1    0   -0.194250E+00

 Normalization of LCAOs
   1 pi          0.1000025596095545E+01
   3 sigma       0.6763888332872249E+00
   2 sigma       0.1000010595452676E+01
   1 sigma       0.1000079655188867E+01

 ... initializing Lagrange multipliers ...

 total energy:                 -0.4977844958283588E+02
 total electronic energy:      -0.5497235540001039E+02
 virial ratio:                 -0.1511935750573414E+01

   scf  orbital              energy              energy diff        1-norm         overlap
    1   1 sigma      -.2438946722381340E+02        0.20E-11        0.80E-04        0.00E+00
    1   2 sigma      -.1321096941819370E+01        0.20E-11        0.11E-04        0.00E+00
    1   3 sigma      -.5633715138029157E+00        0.20E-11       -0.32E+00        0.00E+00
    1   1 pi         -.6061210102847567E+00        0.20E-11        0.26E-04        0.00E+00
           
 ... orbital energy threshold reached reached ...
 ... writing functions to disk (current precision) ...

 total energy:                 -0.4977844958283588E+02
 total electronic energy:      -0.5497235540001039E+02
 virial ratio:                 -0.1511935750573414E+01

 total energy contributions: 
     nuclear-electron attraction energy =    -152.208091577966
     kinetic energy                     =      97.235736177966
     one electron energy                =     -54.972355400000
     coulomb energy                     =       0.000000000000
     exchange energy                    =      -0.000000000000
     nuclear repulsion energy           =       5.193905817175
     coulomb energy (DFT)               =       0.000000000000
     exchange energy (DFT)              =       0.000000000000
     correlation energy (DFT)           =       0.000000000000

       orbital               energy                     1-norm
   1 pi             -0.6061210102847567E+00           -0.26E-04
   3 sigma          -0.5633715138029157E+00            0.32E+00
   2 sigma          -0.1321096941819370E+01           -0.11E-04
   1 sigma          -0.2438946722381340E+02           -0.80E-04


 total energy uncertainty due to orbital norms not being equal 1:
     absolute = +/-0.36E+00,  relative = +/-0.73E+00%

////////////////////////////////////////////////////////////////////////////////////////////////

 cpu summary (sec):
    Lagrange multipliers                       0.02
    normalization+orthogonalization            0.00
    multipole moments                          0.00
    relaxation of orb. and pot.                0.00
    total energy                               0.00
    all SCF iterations                         0.02
    single SCF iteration                       0.02



 start: 2019/06/11  13:50:04.03                                                         
 stop:  2019/06/11  13:50:04.41                                                         

////////////////////////////////////////////////////////////////////////////////////////////////

Linux scobie 5.1.6-200.fc29.x86_64 x86_64 x86_64 GNU/Linux
Intell(R) Core(TM) i5-4200U CPU @ 1.60GHz

////////////////////////////////////////////////////////////////////////////////////////////////
