
////////////////////////////////////////////////////////////////////////////////////////////////



                         FINITE DIFFERENCE 2D HARTREE-FOCK  (version 2.1)



////////////////////////////////////////////////////////////////////////////////////////////////

 ... start of input data ...
  title FH                                                                        
  method hf                                                                       
  nuclei  9.0 1.0 1.7328                                                          
  config  0                                                                       
  1 pi                                                                            
  3 sigma  end                                                                    
  grid 269 50.0                                                                   
  orbpot noexch                                                                   
  scf 1000 10 2 8 1                                                               
  fixorb                                                                          
  fixcoul                                                                         
  stop                                                                            
 ... end of input data ...
 

   molecular system: 

          F ( 9.00)   H  ( 1.00)   R =  1.73280 bohr = 0.91696 angstroms

   method: HF

   electronic configuration:

           1  pi         + - + - 
           3  sigma      + - 
           2  sigma      + - 
           1  sigma      + - 


          total charge            =   0
          number of
              electrons           =  10
              orbitals            =   4
              Coulomb potentials  =   4
              exchange potentials =   7

   grid:
          nu (h_nu)  =  265  (0.01190)
          mu (h_mu)  =  403  (0.01181)
          R_infinity =   50.00

   scf: 
          thresholds
              scf iterations           =   1000
              orbital energy           = 1.00E- 2
              orbital norm             = 1.00E- 8
              multipole moments recalc = 1.15E+00

          orbitals are kept frozen
          Coulomb potentials are kept frozen
          exchange potential for each pair of orbitals is relaxed once per single scf iteration

          multipole expansion coefficients =  4

   (mc)sor:
          sor method used for relaxing orbitals and potentials
          ordering: middle 

                            (mc)sor iterations
                            orbital  potentials
             1 pi              10        10
             3 sigma           10        10
             2 sigma           10        10
             1 sigma           10        10

          overrelaxation parameters:   orbitals       potentials 
                                        1.944       1.984   1.984

   machine accuracy      =    0.11E-15

   constants: 
               pi        =    0.3141592653589793E+01
               bohr      =    0.5291772490000000E+00 angstroms


   memory usage:
          text+data                                      0.9 MB 
          bss (common block contributions)              96.9 MB
          dynamical allocation                          41.9 MB 
              orbitals + Coulomb potentials              6.0 MB
              exchange potentials                        5.0 MB

////////////////////////////////////////////////////////////////////////////////////////////////


 ... retrieving data from disk ...
     file with heading:  FH                                                                             
     created on: 2019/06/11  13:50:04.54                                                         
 ... orbitals and potentials retrieved ... 

 total energy:                 -0.1391145152278964E+03
 total electronic energy:      -0.1443084210450709E+03
 virial ratio:                 -0.2430693289278613E+01

   scf  orbital              energy              energy diff        1-norm         overlap
    1   1 sigma      -.4095046746879725E+02       -0.17E+02        0.80E-04        0.00E+00
    1   2 sigma      -.9499204716739380E+01       -0.82E+01        0.11E-04        0.00E+00
    1   3 sigma      -.4610586566888143E+01       -0.40E+01       -0.32E+00        0.00E+00
    1   1 pi         -.8659716660436700E+01       -0.81E+01        0.26E-04        0.00E+00
    2   1 sigma      -.4101022296818841E+02       -0.60E-01        0.80E-04        0.00E+00
    2   2 sigma      -.9597291929248733E+01       -0.98E-01        0.11E-04        0.00E+00
    2   3 sigma      -.4635761247202473E+01       -0.25E-01       -0.32E+00        0.00E+00
    2   1 pi         -.8735936654597410E+01       -0.76E-01        0.26E-04        0.00E+00
    3   1 sigma      -.4106376888172914E+02       -0.54E-01        0.80E-04        0.00E+00
    3   2 sigma      -.9691683676274110E+01       -0.94E-01        0.11E-04        0.00E+00
    3   3 sigma      -.4657382264717095E+01       -0.22E-01       -0.32E+00        0.00E+00
    3   1 pi         -.8793586153616491E+01       -0.58E-01        0.26E-04        0.00E+00
    4   1 sigma      -.4110718130521851E+02       -0.43E-01        0.80E-04        0.00E+00
    4   2 sigma      -.9776726803261667E+01       -0.85E-01        0.11E-04        0.00E+00
    4   3 sigma      -.4675003780599391E+01       -0.18E-01       -0.32E+00        0.00E+00
    4   1 pi         -.8834993596660613E+01       -0.41E-01        0.26E-04        0.00E+00
    5   1 sigma      -.4113841685203813E+02       -0.31E-01        0.80E-04        0.00E+00
    5   2 sigma      -.9848478914395322E+01       -0.72E-01        0.11E-04        0.00E+00
    5   3 sigma      -.4688891420328156E+01       -0.14E-01       -0.32E+00        0.00E+00
    5   1 pi         -.8863186743468360E+01       -0.28E-01        0.26E-04        0.00E+00
    6   1 sigma      -.4115748724838384E+02       -0.19E-01        0.80E-04        0.00E+00
    6   2 sigma      -.9905036992060964E+01       -0.57E-01        0.11E-04        0.00E+00
    6   3 sigma      -.4699629216476325E+01       -0.11E-01       -0.32E+00        0.00E+00
    6   1 pi         -.8881311337676900E+01       -0.18E-01        0.26E-04        0.00E+00
    7   1 sigma      -.4116620645462654E+02       -0.87E-02        0.80E-04        0.00E+00
    7   2 sigma      -.9946529116988474E+01       -0.41E-01        0.11E-04        0.00E+00
    7   3 sigma      -.4707877259477244E+01       -0.82E-02       -0.32E+00        0.00E+00
    7   1 pi         -.8892214956067352E+01       -0.11E-01        0.26E-04        0.00E+00
    8   1 sigma      -.4116746069079390E+02       -0.13E-02        0.80E-04        0.00E+00
    8   2 sigma      -.9974686775073353E+01       -0.28E-01        0.11E-04        0.00E+00
    8   3 sigma      -.4714235775670252E+01       -0.64E-02       -0.32E+00        0.00E+00
    8   1 pi         -.8898218518668140E+01       -0.60E-02        0.26E-04        0.00E+00
    9   1 sigma      -.4116434142224017E+02        0.31E-02        0.80E-04        0.00E+00
    9   2 sigma      -.9992156733865837E+01       -0.17E-01        0.11E-04        0.00E+00
    9   3 sigma      -.4719187150875391E+01       -0.50E-02       -0.32E+00        0.00E+00
    9   1 pi         -.8901059986899195E+01       -0.28E-02        0.26E-04        0.00E+00
   10   1 sigma      -.4115945363753887E+02        0.49E-02        0.80E-04        0.00E+00
   10   2 sigma      -.1000181048293487E+02       -0.97E-02        0.11E-04        0.00E+00
   10   3 sigma      -.4723090591481487E+01       -0.39E-02       -0.32E+00        0.00E+00
   10   1 pi         -.8901956622273858E+01       -0.90E-03        0.26E-04        0.00E+00
 ... multipole moment expansion coefficients recalculated ...
 ... writing functions to disk (current precision) ...
 total energy:    -0.1406520321978479E+03
   11   1 sigma      -.4115456664948832E+02        0.49E-02        0.80E-04        0.00E+00
   11   2 sigma      -.1000624122844632E+02       -0.44E-02        0.11E-04        0.00E+00
   11   3 sigma      -.4726204438858296E+01       -0.31E-02       -0.32E+00        0.00E+00
   11   1 pi         -.8901721006298278E+01        0.24E-03        0.26E-04        0.00E+00
           
 ... orbital energy threshold reached ...
 ... writing functions to disk (current precision) ...

 total energy:                 -0.1406510691132170E+03
 total electronic energy:      -0.1458449749303915E+03
 virial ratio:                 -0.2446495646989037E+01

 total energy contributions: 
     nuclear-electron attraction energy =    -241.544157223023
     kinetic energy                     =      97.235736177966
     one electron energy                =    -144.308421045057
     coulomb energy                     =       0.000000000000
     exchange energy                    =      -1.536553885321
     nuclear repulsion energy           =       5.193905817175
     coulomb energy (DFT)               =       0.000000000000
     exchange energy (DFT)              =      -1.536553885321
     correlation energy (DFT)           =       0.000000000000

       orbital               energy                     1-norm
   1 pi             -0.8901721006298278E+01           -0.26E-04
   3 sigma          -0.4726204438858296E+01            0.32E+00
   2 sigma          -0.1000624122844632E+02           -0.11E-04
   1 sigma          -0.4115456664948832E+02           -0.80E-04


 total energy uncertainty due to orbital norms not being equal 1:
     absolute = +/-0.30E+01,  relative = +/-0.22E+01%

 multipole moments relative to geometrical centre:

                                    electronic (au/Debye-Ang^k)   total (au/Debye-Ang^k)
     dipole (Mu_z, k=1)                0.6504060472633983E+01     -0.4271395273660191E+00
                                       0.1653179326722451E+02     -0.1085688300775490E+01

     quadrupole (Theta_zz, k=2)       -0.5500338519599741E+01      0.2006151080400262E+01
                                      -0.7398198480502373E+01      0.2698361895688459E+01

     octopole (Omega_zzz, k=3)         0.2283140285732940E+01     -0.2919757785819062E+01
                                       0.1625063443693950E+01     -0.2078186641366262E+01

     hexadecapole (Phi_zzzz, k=4)     -0.3219743907732133E+00      0.5312764220717606E+01
                                      -0.1212719100945352E+00      0.2001056864743452E+01


 multipole moments relative to centre of mass:

      centre     atomic weight       z
        F        18.99840322      -0.8664
        H         1.00782503       0.8664
  centre-of-mass              -0.77910922242869


                                    electronic (au/Debye-Ang^k)   total (au/Debye-Ang^k)
     dipole (Mu_z, k=1)               -0.7829952615503807E+00      0.7689696273655078E-01
                                      -0.1990189950974603E+01      0.1954540084900690E+00

     quadrupole (Theta_zz, k=2)       -0.1043003851528675E+01      0.1733273868210238E+01
                                      -0.1402886291823923E+01      0.2331329981308239E+01

     octopole (Omega_zzz, k=3)        -0.3152165142857631E+01      0.1297395017814877E+01
                                      -0.2243606481018236E+01      0.9234426936690793E+00

     hexadecapole (Phi_zzzz, k=4)     -0.4381756930815624E+01      0.2950408150059225E+01
                                      -0.1650392229313250E+01      0.1111273573829629E+01

////////////////////////////////////////////////////////////////////////////////////////////////

 cpu summary (sec):
    Lagrange multipliers                       0.24
    normalization+orthogonalization            0.00
    multipole moments                          0.05
    relaxation of orb. and pot.                2.02
    total energy                               0.08
    all SCF iterations                         2.31
    single SCF iteration                       0.21



 start: 2019/06/11  13:50:04.69                                                         
 stop:  2019/06/11  13:50:07.18                                                         

////////////////////////////////////////////////////////////////////////////////////////////////

Linux scobie 5.1.6-200.fc29.x86_64 x86_64 x86_64 GNU/Linux
Intell(R) Core(TM) i5-4200U CPU @ 1.60GHz

////////////////////////////////////////////////////////////////////////////////////////////////
