
////////////////////////////////////////////////////////////////////////////////////////////////



                         FINITE DIFFERENCE 2D HARTREE-FOCK  (version 2.1)



////////////////////////////////////////////////////////////////////////////////////////////////

 ... start of input data ...
  title FH     R = 1.7328                                                         
  method oed                                                                      
  nuclei  9.0 1.0 1.7328                                                          
  config  0                                                                       
  1 pi                                                                            
  3 sigma  end                                                                    
  grid 269 50.0                                                                   
  orbpot lda                                                                      
  potsap                                                                          
  lcao                                                                            
  1.0  0.0                                                                        
  1.0  1.0                                                                        
  1.0  0.0                                                                        
  1.0  0.0                                                                        
  scf 10 10 12 18 1                                                               
  omega 1.8 1.8                                                                   
  print 220                                                                       
  fixorb                                                                          
  stop                                                                            
 ... end of input data ...
 

   molecular system: 

          F ( 9.00)   H  ( 1.00)   R =  1.73280 bohr = 0.91696 angstroms

   method: OED


   electronic configuration:

           1  pi         + - + - 
           3  sigma      + - 
           2  sigma      + - 
           1  sigma      + - 


          total charge            =   0
          number of
              electrons           =  10
              orbitals            =   4
              Coulomb potentials  =   4
              exchange potentials =   7

   grid:
          nu (h_nu)  =  265  (0.01190)
          mu (h_mu)  =  403  (0.01181)
          R_infinity =   50.00

   scf: 
          thresholds
              scf iterations           =     10
              orbital energy           = 1.00E-12
              orbital norm             = 1.00E-18
              multipole moments recalc = 1.15E+00

          orbitals are kept frozen
          Coulomb potentials are relaxed

          multipole expansion coefficients =  4

   (mc)sor:
          sor method used for relaxing orbitals and potentials
          ordering: middle 

                            (mc)sor iterations
                            orbital  potentials
             1 pi              10        10
             3 sigma           10        10
             2 sigma           10        10
             1 sigma           10        10

          overrelaxation parameters:   orbitals       potentials 
                                        1.800       1.800   1.800

   machine accuracy      =    0.11E-15

   constants: 
               pi        =    0.3141592653589793E+01
               bohr      =    0.5291772490000000E+00 angstroms


   memory usage:
          text+data                                      0.9 MB 
          bss (common block contributions)              96.9 MB
          dynamical allocation                          41.9 MB 
              orbitals + Coulomb potentials              6.0 MB
              exchange potentials                        0.0 MB

////////////////////////////////////////////////////////////////////////////////////////////////

 ... initializing molecular orbitals from LDA functions ...
 Orbitals on centre Z1 (Z=   9):
             n    l         e
        1    1    0   -0.241201E+02
        2    2    0   -0.103296E+01
        3    2    1   -0.363535E+00

 Orbitals on centre Z2 (Z=   1):
             n    l         e
        1    1    0   -0.194250E+00
initLDA: could not find orbital with n= 0, l= 0 on Z1
Linux scobie 5.0.17-200.fc29.x86_64 x86_64 x86_64 GNU/Linux
Intell(R) Core(TM) i5-4200U CPU @ 1.60GHz

////////////////////////////////////////////////////////////////////////////////////////////////
