
////////////////////////////////////////////////////////////////////////////////////////////////



                         FINITE DIFFERENCE 2D HARTREE-FOCK  (version 2.0)



////////////////////////////////////////////////////////////////////////////////////////////////

   ... start of input data ...
  title Hydrogen in 2D Krammers-Henneberger potential: ground sigma state         
  method oed                                                                      
  nuclei  1.0 1.0  2.0                                                            
  potkh 0 5.0 1.0 1.0 1.0 500   ! m eps w a v0 n                                  
  homo                                                                            
  config 0                                                                        
  1 sigma g + end                                                                 
                    4
 Warning: mismatch in given and calculated total charge:   1.00000000000000        2.00000000000000     
  grid 269 50.0                                                                   
  initial  1 3 1                                                                  
  1.0 1 0 1.0   1.0   1 0  1.0  0                                                 
  scf  1000 10 10 10  1                                                           
  omega  1.92  -1.87                                                              
  stop                                                                            
   ... end of input data  ...
         

   molecular system: 

          H ( 1.00)   H  ( 1.00)   R =  2.00000 bohr = 1.05835 angstroms

   method: OED

   nuclear potential: Kramers-Henneberger

   electronic configuration:

           1  sigma   g  +   


          total charge            =   1
          number of
              electrons           =   1
              orbitals            =   1
              Coulomb potentials  =   1
              exchange potentials =   0

   LCAO via hydrogenic functions:

           orbital           n1 l1   Z1    c1       n2 l2   Z2    c2 

           1  sigma   g       1  0  1.00  0.50       1  0  1.00  0.50

   grid:
          nu (h_nu)  =  265  (0.01190)
          mu (h_mu)  =  391  (0.01181)
          R_infinity =   50.00

   scf: 
          thresholds
              scf iterations           =   1000
              orbital energy           = 1.00E-10
              orbital norm             = 1.00E-10
              multipole moments recalc = 1.00E+15

          orbitals are relaxed
          Coulomb potentials are kept frozen

          multipole expansion coefficients =  4

   (mc)sor:
          sor method used for relaxing orbitals and potentials
          ordering: middle 

                            (mc)sor iterations
                            orbital  potentials
             1 sigma   g       10        10

          overrelaxation parameters:   orbitals       potentials 
                                        1.920       1.984   1.984

   machine accuracy      =    0.11E-15

   constants: 
               pi        =    0.3141592653589793E+01
               bohr      =    0.5291772490000000E+00 angstroms


   memory usage:
          text+data                                      0.9 MB 
          bss (common block contributions)              97.1 MB
          dynamical allocation                          30.1 MB 
              orbitals + Coulomb potentials              1.6 MB
              exchange potentials                        0.8 MB

////////////////////////////////////////////////////////////////////////////////////////////////

 ... initializing orbitals from hydrogenic functions ...
 ... initializing Lagrange multipliers ...

 total energy:                  0.5645147874721709E+00
 total electronic energy:       0.6451478747217088E-01
 virial ratio:                  0.4614984027952137E+00

   scf  orbital              energy              energy diff        1-norm         overlap
    1   1 sigma   g  0.1439017303257659E-01       -0.50E-01       -0.65E-01        0.00E+00
    2   1 sigma   g  -.1375340340368424E-01       -0.28E-01       -0.63E-01        0.00E+00
    3   1 sigma   g  -.3588211193125278E-01       -0.22E-01       -0.63E-01        0.00E+00
    4   1 sigma   g  -.5446466942590935E-01       -0.19E-01       -0.63E-01        0.00E+00
    5   1 sigma   g  -.7030671205277314E-01       -0.16E-01       -0.63E-01        0.00E+00
    6   1 sigma   g  -.8387109151311493E-01       -0.14E-01       -0.62E-01        0.00E+00
    7   1 sigma   g  -.9550052961653295E-01       -0.12E-01       -0.60E-01        0.00E+00
    8   1 sigma   g  -.1054790215550556E+00       -0.10E-01       -0.58E-01        0.00E+00
    9   1 sigma   g  -.1140506604552200E+00       -0.86E-02       -0.55E-01        0.00E+00
   10   1 sigma   g  -.1214254785133309E+00       -0.74E-02       -0.53E-01        0.00E+00
 ... writing functions to disk (current precision) ...
 total energy:     0.3785745214866691E+00
   11   1 sigma   g  -.1277839508246043E+00       -0.64E-02       -0.50E-01        0.00E+00
   12   1 sigma   g  -.1332801924975370E+00       -0.55E-02       -0.47E-01        0.00E+00
   13   1 sigma   g  -.1380434244904041E+00       -0.48E-02       -0.44E-01        0.00E+00
   14   1 sigma   g  -.1421833024569081E+00       -0.41E-02       -0.41E-01        0.00E+00
   15   1 sigma   g  -.1457921606298378E+00       -0.36E-02       -0.39E-01        0.00E+00
   16   1 sigma   g  -.1489476184172953E+00       -0.32E-02       -0.36E-01        0.00E+00
   17   1 sigma   g  -.1517155441052460E+00       -0.28E-02       -0.34E-01        0.00E+00
   18   1 sigma   g  -.1541504675211915E+00       -0.24E-02       -0.32E-01        0.00E+00
   19   1 sigma   g  -.1562974710516331E+00       -0.21E-02       -0.30E-01        0.00E+00
   20   1 sigma   g  -.1581949854709394E+00       -0.19E-02       -0.28E-01        0.00E+00
 ... writing functions to disk (current precision) ...
 total energy:     0.3418050145290606E+00
   21   1 sigma   g  -.1598756708307754E+00       -0.17E-02       -0.26E-01        0.00E+00
   22   1 sigma   g  -.1613672826413717E+00       -0.15E-02       -0.25E-01        0.00E+00
   23   1 sigma   g  -.1626935650173729E+00       -0.13E-02       -0.23E-01        0.00E+00
   24   1 sigma   g  -.1638749009854492E+00       -0.12E-02       -0.22E-01        0.00E+00
   25   1 sigma   g  -.1649288742491377E+00       -0.11E-02       -0.21E-01        0.00E+00
   26   1 sigma   g  -.1658707234285458E+00       -0.94E-03       -0.20E-01        0.00E+00
   27   1 sigma   g  -.1667137032499665E+00       -0.84E-03       -0.18E-01        0.00E+00
   28   1 sigma   g  -.1674693787529023E+00       -0.76E-03       -0.17E-01        0.00E+00
   29   1 sigma   g  -.1681478560141906E+00       -0.68E-03       -0.16E-01        0.00E+00
   30   1 sigma   g  -.1687579797511360E+00       -0.61E-03       -0.16E-01        0.00E+00
 ... writing functions to disk (current precision) ...
 total energy:     0.3312420202488641E+00
   31   1 sigma   g  -.1693074994569057E+00       -0.55E-03       -0.15E-01        0.00E+00
   32   1 sigma   g  -.1698032132528834E+00       -0.50E-03       -0.14E-01        0.00E+00
   33   1 sigma   g  -.1702510922907143E+00       -0.45E-03       -0.13E-01        0.00E+00
   34   1 sigma   g  -.1706563879683414E+00       -0.41E-03       -0.13E-01        0.00E+00
   35   1 sigma   g  -.1710237242172975E+00       -0.37E-03       -0.12E-01        0.00E+00
   36   1 sigma   g  -.1713571769133591E+00       -0.33E-03       -0.12E-01        0.00E+00
   37   1 sigma   g  -.1716603426098526E+00       -0.30E-03       -0.11E-01        0.00E+00
   38   1 sigma   g  -.1719363982359320E+00       -0.28E-03       -0.10E-01        0.00E+00
   39   1 sigma   g  -.1721881530817271E+00       -0.25E-03       -0.10E-01        0.00E+00
   40   1 sigma   g  -.1724180942952317E+00       -0.23E-03       -0.95E-02        0.00E+00
 ... writing functions to disk (current precision) ...
 total energy:     0.3275819057047683E+00
   41   1 sigma   g  -.1726284265596395E+00       -0.21E-03       -0.91E-02        0.00E+00
   42   1 sigma   g  -.1728211067131284E+00       -0.19E-03       -0.87E-02        0.00E+00
   43   1 sigma   g  -.1729978738454003E+00       -0.18E-03       -0.83E-02        0.00E+00
   44   1 sigma   g  -.1731602755071424E+00       -0.16E-03       -0.80E-02        0.00E+00
   45   1 sigma   g  -.1733096905980465E+00       -0.15E-03       -0.76E-02        0.00E+00
   46   1 sigma   g  -.1734473493328181E+00       -0.14E-03       -0.73E-02        0.00E+00
   47   1 sigma   g  -.1735743506937076E+00       -0.13E-03       -0.70E-02        0.00E+00
   48   1 sigma   g  -.1736916776917156E+00       -0.12E-03       -0.67E-02        0.00E+00
   49   1 sigma   g  -.1738002107283261E+00       -0.11E-03       -0.64E-02        0.00E+00
   50   1 sigma   g  -.1739007393097547E+00       -0.10E-03       -0.62E-02        0.00E+00
 ... writing functions to disk (current precision) ...
 total energy:     0.3260992606902453E+00
   51   1 sigma   g  -.1739939723262082E+00       -0.93E-04       -0.59E-02        0.00E+00
   52   1 sigma   g  -.1740805470835998E+00       -0.87E-04       -0.57E-02        0.00E+00
   53   1 sigma   g  -.1741610372473218E+00       -0.80E-04       -0.54E-02        0.00E+00
   54   1 sigma   g  -.1742359598379541E+00       -0.75E-04       -0.52E-02        0.00E+00
   55   1 sigma   g  -.1743057813985917E+00       -0.70E-04       -0.50E-02        0.00E+00
   56   1 sigma   g  -.1743709234384289E+00       -0.65E-04       -0.48E-02        0.00E+00
   57   1 sigma   g  -.1744317672427362E+00       -0.61E-04       -0.46E-02        0.00E+00
   58   1 sigma   g  -.1744886581276441E+00       -0.57E-04       -0.44E-02        0.00E+00
   59   1 sigma   g  -.1745419092084604E+00       -0.53E-04       -0.43E-02        0.00E+00
   60   1 sigma   g  -.1745918047405321E+00       -0.50E-04       -0.41E-02        0.00E+00
 ... writing functions to disk (current precision) ...
 total energy:     0.3254081952594679E+00
   61   1 sigma   g  -.1746386030841834E+00       -0.47E-04       -0.39E-02        0.00E+00
   62   1 sigma   g  -.1746825393393552E+00       -0.44E-04       -0.38E-02        0.00E+00
   63   1 sigma   g  -.1747238276889736E+00       -0.41E-04       -0.36E-02        0.00E+00
   64   1 sigma   g  -.1747626634854302E+00       -0.39E-04       -0.35E-02        0.00E+00
   65   1 sigma   g  -.1747992251106902E+00       -0.37E-04       -0.34E-02        0.00E+00
   66   1 sigma   g  -.1748336756357546E+00       -0.34E-04       -0.32E-02        0.00E+00
   67   1 sigma   g  -.1748661643030687E+00       -0.32E-04       -0.31E-02        0.00E+00
   68   1 sigma   g  -.1748968278522798E+00       -0.31E-04       -0.30E-02        0.00E+00
   69   1 sigma   g  -.1749257917064764E+00       -0.29E-04       -0.29E-02        0.00E+00
   70   1 sigma   g  -.1749531710353631E+00       -0.27E-04       -0.28E-02        0.00E+00
 ... writing functions to disk (current precision) ...
 total energy:     0.3250468289646369E+00
   71   1 sigma   g  -.1749790717087687E+00       -0.26E-04       -0.27E-02        0.00E+00
   72   1 sigma   g  -.1750035911525905E+00       -0.25E-04       -0.26E-02        0.00E+00
   73   1 sigma   g  -.1750268191181008E+00       -0.23E-04       -0.25E-02        0.00E+00
   74   1 sigma   g  -.1750488383740305E+00       -0.22E-04       -0.24E-02        0.00E+00
   75   1 sigma   g  -.1750697253297395E+00       -0.21E-04       -0.23E-02        0.00E+00
   76   1 sigma   g  -.1750895505968052E+00       -0.20E-04       -0.22E-02        0.00E+00
   77   1 sigma   g  -.1751083794958898E+00       -0.19E-04       -0.21E-02        0.00E+00
   78   1 sigma   g  -.1751262725142382E+00       -0.18E-04       -0.20E-02        0.00E+00
   79   1 sigma   g  -.1751432857194794E+00       -0.17E-04       -0.20E-02        0.00E+00
   80   1 sigma   g  -.1751594711337394E+00       -0.16E-04       -0.19E-02        0.00E+00
 ... writing functions to disk (current precision) ...
 total energy:     0.3248405288662606E+00
   81   1 sigma   g  -.1751748770726809E+00       -0.15E-04       -0.18E-02        0.00E+00
   82   1 sigma   g  -.1751895484528038E+00       -0.15E-04       -0.17E-02        0.00E+00
   83   1 sigma   g  -.1752035270701030E+00       -0.14E-04       -0.17E-02        0.00E+00
   84   1 sigma   g  -.1752168518533333E+00       -0.13E-04       -0.16E-02        0.00E+00
   85   1 sigma   g  -.1752295590940696E+00       -0.13E-04       -0.16E-02        0.00E+00
   86   1 sigma   g  -.1752416826560683E+00       -0.12E-04       -0.15E-02        0.00E+00
   87   1 sigma   g  -.1752532541659605E+00       -0.12E-04       -0.14E-02        0.00E+00
   88   1 sigma   g  -.1752643031870051E+00       -0.11E-04       -0.14E-02        0.00E+00
   89   1 sigma   g  -.1752748573775666E+00       -0.11E-04       -0.13E-02        0.00E+00
   90   1 sigma   g  -.1752849426359206E+00       -0.10E-04       -0.13E-02        0.00E+00
 ... writing functions to disk (current precision) ...
 total energy:     0.3247150573640794E+00
   91   1 sigma   g  -.1752945832324918E+00       -0.96E-05       -0.12E-02        0.00E+00
   92   1 sigma   g  -.1753038019307026E+00       -0.92E-05       -0.12E-02        0.00E+00
   93   1 sigma   g  -.1753126200979874E+00       -0.88E-05       -0.12E-02        0.00E+00
   94   1 sigma   g  -.1753210578069664E+00       -0.84E-05       -0.11E-02        0.00E+00
   95   1 sigma   g  -.1753291339287023E+00       -0.81E-05       -0.11E-02        0.00E+00
   96   1 sigma   g  -.1753368662180334E+00       -0.77E-05       -0.10E-02        0.00E+00
   97   1 sigma   g  -.1753442713919128E+00       -0.74E-05       -0.99E-03        0.00E+00
   98   1 sigma   g  -.1753513652017289E+00       -0.71E-05       -0.96E-03        0.00E+00
   99   1 sigma   g  -.1753581624994551E+00       -0.68E-05       -0.92E-03        0.00E+00
  100   1 sigma   g  -.1753646772988411E+00       -0.65E-05       -0.89E-03        0.00E+00
 ... writing functions to disk (current precision) ...
 total energy:     0.3246353227011589E+00
  101   1 sigma   g  -.1753709228317540E+00       -0.62E-05       -0.86E-03        0.00E+00
  102   1 sigma   g  -.1753769116000312E+00       -0.60E-05       -0.83E-03        0.00E+00
  103   1 sigma   g  -.1753826554234610E+00       -0.57E-05       -0.80E-03        0.00E+00
  104   1 sigma   g  -.1753881654841566E+00       -0.55E-05       -0.77E-03        0.00E+00
  105   1 sigma   g  -.1753934523673822E+00       -0.53E-05       -0.74E-03        0.00E+00
  106   1 sigma   g  -.1753985260994903E+00       -0.51E-05       -0.71E-03        0.00E+00
  107   1 sigma   g  -.1754033961830415E+00       -0.49E-05       -0.69E-03        0.00E+00
  108   1 sigma   g  -.1754080716293239E+00       -0.47E-05       -0.66E-03        0.00E+00
  109   1 sigma   g  -.1754125609884780E+00       -0.45E-05       -0.64E-03        0.00E+00
  110   1 sigma   g  -.1754168723775285E+00       -0.43E-05       -0.61E-03        0.00E+00
 ... writing functions to disk (current precision) ...
 total energy:     0.3245831276224714E+00
  111   1 sigma   g  -.1754210135063537E+00       -0.41E-05       -0.59E-03        0.00E+00
  112   1 sigma   g  -.1754249917019773E+00       -0.40E-05       -0.57E-03        0.00E+00
  113   1 sigma   g  -.1754288139309033E+00       -0.38E-05       -0.55E-03        0.00E+00
  114   1 sigma   g  -.1754324868202050E+00       -0.37E-05       -0.53E-03        0.00E+00
  115   1 sigma   g  -.1754360166769086E+00       -0.35E-05       -0.51E-03        0.00E+00
  116   1 sigma   g  -.1754394095063045E+00       -0.34E-05       -0.49E-03        0.00E+00
  117   1 sigma   g  -.1754426710288261E+00       -0.33E-05       -0.47E-03        0.00E+00
  118   1 sigma   g  -.1754458066959872E+00       -0.31E-05       -0.46E-03        0.00E+00
  119   1 sigma   g  -.1754488217051045E+00       -0.30E-05       -0.44E-03        0.00E+00
  120   1 sigma   g  -.1754517210132298E+00       -0.29E-05       -0.42E-03        0.00E+00
 ... writing functions to disk (current precision) ...
 total energy:     0.3245482789867702E+00
  121   1 sigma   g  -.1754545093501451E+00       -0.28E-05       -0.41E-03        0.00E+00
  122   1 sigma   g  -.1754571912302984E+00       -0.27E-05       -0.39E-03        0.00E+00
  123   1 sigma   g  -.1754597709643790E+00       -0.26E-05       -0.38E-03        0.00E+00
  124   1 sigma   g  -.1754622526699838E+00       -0.25E-05       -0.37E-03        0.00E+00
  125   1 sigma   g  -.1754646402814709E+00       -0.24E-05       -0.35E-03        0.00E+00
  126   1 sigma   g  -.1754669375594674E+00       -0.23E-05       -0.34E-03        0.00E+00
  127   1 sigma   g  -.1754691480997561E+00       -0.22E-05       -0.33E-03        0.00E+00
  128   1 sigma   g  -.1754712753414261E+00       -0.21E-05       -0.32E-03        0.00E+00
  129   1 sigma   g  -.1754733225747210E+00       -0.20E-05       -0.30E-03        0.00E+00
  130   1 sigma   g  -.1754752929485078E+00       -0.20E-05       -0.29E-03        0.00E+00
 ... writing functions to disk (current precision) ...
 total energy:     0.3245247070514922E+00
  131   1 sigma   g  -.1754771894770498E+00       -0.19E-05       -0.28E-03        0.00E+00
  132   1 sigma   g  -.1754790150466835E+00       -0.18E-05       -0.27E-03        0.00E+00
  133   1 sigma   g  -.1754807724218513E+00       -0.18E-05       -0.26E-03        0.00E+00
  134   1 sigma   g  -.1754824642509378E+00       -0.17E-05       -0.25E-03        0.00E+00
  135   1 sigma   g  -.1754840930717991E+00       -0.16E-05       -0.24E-03        0.00E+00
  136   1 sigma   g  -.1754856613169364E+00       -0.16E-05       -0.23E-03        0.00E+00
  137   1 sigma   g  -.1754871713184135E+00       -0.15E-05       -0.23E-03        0.00E+00
  138   1 sigma   g  -.1754886253124114E+00       -0.15E-05       -0.22E-03        0.00E+00
  139   1 sigma   g  -.1754900254437440E+00       -0.14E-05       -0.21E-03        0.00E+00
  140   1 sigma   g  -.1754913737698043E+00       -0.13E-05       -0.20E-03        0.00E+00
 ... writing functions to disk (current precision) ...
 total energy:     0.3245086262301957E+00
  141   1 sigma   g  -.1754926722648033E+00       -0.13E-05       -0.20E-03        0.00E+00
  142   1 sigma   g  -.1754939228231657E+00       -0.13E-05       -0.19E-03        0.00E+00
  143   1 sigma   g  -.1754951272634229E+00       -0.12E-05       -0.18E-03        0.00E+00
  144   1 sigma   g  -.1754962873312104E+00       -0.12E-05       -0.17E-03        0.00E+00
  145   1 sigma   g  -.1754974047027287E+00       -0.11E-05       -0.17E-03        0.00E+00
  146   1 sigma   g  -.1754984809876877E+00       -0.11E-05       -0.16E-03        0.00E+00
  147   1 sigma   g  -.1754995177321216E+00       -0.10E-05       -0.16E-03        0.00E+00
  148   1 sigma   g  -.1755005164211774E+00       -0.10E-05       -0.15E-03        0.00E+00
  149   1 sigma   g  -.1755014784817649E+00       -0.96E-06       -0.15E-03        0.00E+00
  150   1 sigma   g  -.1755024052849216E+00       -0.93E-06       -0.14E-03        0.00E+00
 ... writing functions to disk (current precision) ...
 total energy:     0.3244975947150784E+00
  151   1 sigma   g  -.1755032981482816E+00       -0.89E-06       -0.14E-03        0.00E+00
  152   1 sigma   g  -.1755041583382304E+00       -0.86E-06       -0.13E-03        0.00E+00
  153   1 sigma   g  -.1755049870721440E+00       -0.83E-06       -0.13E-03        0.00E+00
  154   1 sigma   g  -.1755057855202742E+00       -0.80E-06       -0.12E-03        0.00E+00
  155   1 sigma   g  -.1755065548078749E+00       -0.77E-06       -0.12E-03        0.00E+00
  156   1 sigma   g  -.1755072960169206E+00       -0.74E-06       -0.11E-03        0.00E+00
  157   1 sigma   g  -.1755080101879267E+00       -0.71E-06       -0.11E-03        0.00E+00
  158   1 sigma   g  -.1755086983216604E+00       -0.69E-06       -0.10E-03        0.00E+00
  159   1 sigma   g  -.1755093613806940E+00       -0.66E-06       -0.10E-03        0.00E+00
  160   1 sigma   g  -.1755100002910182E+00       -0.64E-06       -0.97E-04        0.00E+00
 ... writing functions to disk (current precision) ...
 total energy:     0.3244899997089818E+00
  161   1 sigma   g  -.1755106159434485E+00       -0.62E-06       -0.94E-04        0.00E+00
  162   1 sigma   g  -.1755112091950251E+00       -0.59E-06       -0.90E-04        0.00E+00
  163   1 sigma   g  -.1755117808704626E+00       -0.57E-06       -0.87E-04        0.00E+00
  164   1 sigma   g  -.1755123317633482E+00       -0.55E-06       -0.84E-04        0.00E+00
  165   1 sigma   g  -.1755128626373909E+00       -0.53E-06       -0.81E-04        0.00E+00
  166   1 sigma   g  -.1755133742275233E+00       -0.51E-06       -0.78E-04        0.00E+00
  167   1 sigma   g  -.1755138672411742E+00       -0.49E-06       -0.75E-04        0.00E+00
  168   1 sigma   g  -.1755143423593277E+00       -0.48E-06       -0.72E-04        0.00E+00
  169   1 sigma   g  -.1755148002374158E+00       -0.46E-06       -0.70E-04        0.00E+00
  170   1 sigma   g  -.1755152415064377E+00       -0.44E-06       -0.67E-04        0.00E+00
 ... writing functions to disk (current precision) ...
 total energy:     0.3244847584935623E+00
  171   1 sigma   g  -.1755156667738575E+00       -0.43E-06       -0.65E-04        0.00E+00
  172   1 sigma   g  -.1755160766245629E+00       -0.41E-06       -0.62E-04        0.00E+00
  173   1 sigma   g  -.1755164716216780E+00       -0.39E-06       -0.60E-04        0.00E+00
  174   1 sigma   g  -.1755168523074259E+00       -0.38E-06       -0.58E-04        0.00E+00
  175   1 sigma   g  -.1755172192039252E+00       -0.37E-06       -0.56E-04        0.00E+00
  176   1 sigma   g  -.1755175728139891E+00       -0.35E-06       -0.54E-04        0.00E+00
  177   1 sigma   g  -.1755179136217906E+00       -0.34E-06       -0.52E-04        0.00E+00
  178   1 sigma   g  -.1755182420936665E+00       -0.33E-06       -0.50E-04        0.00E+00
  179   1 sigma   g  -.1755185586787145E+00       -0.32E-06       -0.48E-04        0.00E+00
  180   1 sigma   g  -.1755188638094528E+00       -0.31E-06       -0.47E-04        0.00E+00
 ... writing functions to disk (current precision) ...
 total energy:     0.3244811361905472E+00
  181   1 sigma   g  -.1755191579025469E+00       -0.29E-06       -0.45E-04        0.00E+00
  182   1 sigma   g  -.1755194413592575E+00       -0.28E-06       -0.43E-04        0.00E+00
  183   1 sigma   g  -.1755197145661292E+00       -0.27E-06       -0.42E-04        0.00E+00
  184   1 sigma   g  -.1755199778955273E+00       -0.26E-06       -0.40E-04        0.00E+00
  185   1 sigma   g  -.1755202317061051E+00       -0.25E-06       -0.39E-04        0.00E+00
  186   1 sigma   g  -.1755204763434326E+00       -0.24E-06       -0.37E-04        0.00E+00
  187   1 sigma   g  -.1755207121403889E+00       -0.24E-06       -0.36E-04        0.00E+00
  188   1 sigma   g  -.1755209394176292E+00       -0.23E-06       -0.35E-04        0.00E+00
  189   1 sigma   g  -.1755211584841191E+00       -0.22E-06       -0.33E-04        0.00E+00
  190   1 sigma   g  -.1755213696375545E+00       -0.21E-06       -0.32E-04        0.00E+00
 ... writing functions to disk (current precision) ...
 total energy:     0.3244786303624455E+00
  191   1 sigma   g  -.1755215731647119E+00       -0.20E-06       -0.31E-04        0.00E+00
  192   1 sigma   g  -.1755217693418854E+00       -0.20E-06       -0.30E-04        0.00E+00
  193   1 sigma   g  -.1755219584353454E+00       -0.19E-06       -0.29E-04        0.00E+00
  194   1 sigma   g  -.1755221407015971E+00       -0.18E-06       -0.28E-04        0.00E+00
  195   1 sigma   g  -.1755223163878171E+00       -0.18E-06       -0.27E-04        0.00E+00
  196   1 sigma   g  -.1755224857321959E+00       -0.17E-06       -0.26E-04        0.00E+00
  197   1 sigma   g  -.1755226489642252E+00       -0.16E-06       -0.25E-04        0.00E+00
  198   1 sigma   g  -.1755228063050597E+00       -0.16E-06       -0.24E-04        0.00E+00
  199   1 sigma   g  -.1755229579678148E+00       -0.15E-06       -0.23E-04        0.00E+00
  200   1 sigma   g  -.1755231041578383E+00       -0.15E-06       -0.22E-04        0.00E+00
 ... writing functions to disk (current precision) ...
 total energy:     0.3244768958421617E+00
  201   1 sigma   g  -.1755232450729972E+00       -0.14E-06       -0.22E-04        0.00E+00
  202   1 sigma   g  -.1755233809040598E+00       -0.14E-06       -0.21E-04        0.00E+00
  203   1 sigma   g  -.1755235118347629E+00       -0.13E-06       -0.20E-04        0.00E+00
  204   1 sigma   g  -.1755236380422412E+00       -0.13E-06       -0.19E-04        0.00E+00
  205   1 sigma   g  -.1755237596971287E+00       -0.12E-06       -0.19E-04        0.00E+00
  206   1 sigma   g  -.1755238769639332E+00       -0.12E-06       -0.18E-04        0.00E+00
  207   1 sigma   g  -.1755239900011916E+00       -0.11E-06       -0.17E-04        0.00E+00
  208   1 sigma   g  -.1755240989616656E+00       -0.11E-06       -0.17E-04        0.00E+00
  209   1 sigma   g  -.1755242039925830E+00       -0.11E-06       -0.16E-04        0.00E+00
  210   1 sigma   g  -.1755243052358696E+00       -0.10E-06       -0.15E-04        0.00E+00
 ... writing functions to disk (current precision) ...
 total energy:     0.3244756947641304E+00
  211   1 sigma   g  -.1755244028283406E+00       -0.98E-07       -0.15E-04        0.00E+00
  212   1 sigma   g  -.1755244969017240E+00       -0.94E-07       -0.14E-04        0.00E+00
  213   1 sigma   g  -.1755245875830839E+00       -0.91E-07       -0.14E-04        0.00E+00
  214   1 sigma   g  -.1755246749948703E+00       -0.87E-07       -0.13E-04        0.00E+00
  215   1 sigma   g  -.1755247592550910E+00       -0.84E-07       -0.13E-04        0.00E+00
  216   1 sigma   g  -.1755248404774889E+00       -0.81E-07       -0.12E-04        0.00E+00
  217   1 sigma   g  -.1755249187716967E+00       -0.78E-07       -0.12E-04        0.00E+00
  218   1 sigma   g  -.1755249942433501E+00       -0.75E-07       -0.12E-04        0.00E+00
  219   1 sigma   g  -.1755250669943082E+00       -0.73E-07       -0.11E-04        0.00E+00
  220   1 sigma   g  -.1755251371227282E+00       -0.70E-07       -0.11E-04        0.00E+00
 ... writing functions to disk (current precision) ...
 total energy:     0.3244748628772718E+00
  221   1 sigma   g  -.1755252047232370E+00       -0.68E-07       -0.10E-04        0.00E+00
  222   1 sigma   g  -.1755252698869860E+00       -0.65E-07       -0.10E-04        0.00E+00
  223   1 sigma   g  -.1755253327018904E+00       -0.63E-07       -0.96E-05        0.00E+00
  224   1 sigma   g  -.1755253932526634E+00       -0.61E-07       -0.93E-05        0.00E+00
  225   1 sigma   g  -.1755254516209887E+00       -0.58E-07       -0.89E-05        0.00E+00
  226   1 sigma   g  -.1755255078855270E+00       -0.56E-07       -0.86E-05        0.00E+00
  227   1 sigma   g  -.1755255621222052E+00       -0.54E-07       -0.83E-05        0.00E+00
  228   1 sigma   g  -.1755256144041117E+00       -0.52E-07       -0.80E-05        0.00E+00
  229   1 sigma   g  -.1755256648017634E+00       -0.50E-07       -0.77E-05        0.00E+00
  230   1 sigma   g  -.1755257133830624E+00       -0.49E-07       -0.74E-05        0.00E+00
 ... writing functions to disk (current precision) ...
 total energy:     0.3244742866169377E+00
  231   1 sigma   g  -.1755257602135444E+00       -0.47E-07       -0.72E-05        0.00E+00
  232   1 sigma   g  -.1755258053563270E+00       -0.45E-07       -0.69E-05        0.00E+00
  233   1 sigma   g  -.1755258488722026E+00       -0.44E-07       -0.66E-05        0.00E+00
  234   1 sigma   g  -.1755258908198924E+00       -0.42E-07       -0.64E-05        0.00E+00
  235   1 sigma   g  -.1755259312559304E+00       -0.40E-07       -0.62E-05        0.00E+00
  236   1 sigma   g  -.1755259702347269E+00       -0.39E-07       -0.60E-05        0.00E+00
  237   1 sigma   g  -.1755260078088861E+00       -0.38E-07       -0.57E-05        0.00E+00
  238   1 sigma   g  -.1755260440290470E+00       -0.36E-07       -0.55E-05        0.00E+00
  239   1 sigma   g  -.1755260789439382E+00       -0.35E-07       -0.53E-05        0.00E+00
  240   1 sigma   g  -.1755261126007222E+00       -0.34E-07       -0.51E-05        0.00E+00
 ... writing functions to disk (current precision) ...
 total energy:     0.3244738873992778E+00
  241   1 sigma   g  -.1755261450446984E+00       -0.32E-07       -0.50E-05        0.00E+00
  242   1 sigma   g  -.1755261763195362E+00       -0.31E-07       -0.48E-05        0.00E+00
  243   1 sigma   g  -.1755262064674213E+00       -0.30E-07       -0.46E-05        0.00E+00
  244   1 sigma   g  -.1755262355289529E+00       -0.29E-07       -0.44E-05        0.00E+00
  245   1 sigma   g  -.1755262635432959E+00       -0.28E-07       -0.43E-05        0.00E+00
  246   1 sigma   g  -.1755262905481684E+00       -0.27E-07       -0.41E-05        0.00E+00
  247   1 sigma   g  -.1755263165799805E+00       -0.26E-07       -0.40E-05        0.00E+00
  248   1 sigma   g  -.1755263416737749E+00       -0.25E-07       -0.38E-05        0.00E+00
  249   1 sigma   g  -.1755263658633678E+00       -0.24E-07       -0.37E-05        0.00E+00
  250   1 sigma   g  -.1755263891813559E+00       -0.23E-07       -0.36E-05        0.00E+00
 ... writing functions to disk (current precision) ...
 total energy:     0.3244736108186441E+00
  251   1 sigma   g  -.1755264116591495E+00       -0.22E-07       -0.34E-05        0.00E+00
  252   1 sigma   g  -.1755264333270015E+00       -0.22E-07       -0.33E-05        0.00E+00
  253   1 sigma   g  -.1755264542141313E+00       -0.21E-07       -0.32E-05        0.00E+00
  254   1 sigma   g  -.1755264743486444E+00       -0.20E-07       -0.31E-05        0.00E+00
  255   1 sigma   g  -.1755264937576849E+00       -0.19E-07       -0.30E-05        0.00E+00
  256   1 sigma   g  -.1755265124673740E+00       -0.19E-07       -0.29E-05        0.00E+00
  257   1 sigma   g  -.1755265305028947E+00       -0.18E-07       -0.28E-05        0.00E+00
  258   1 sigma   g  -.1755265478886352E+00       -0.17E-07       -0.27E-05        0.00E+00
  259   1 sigma   g  -.1755265646479314E+00       -0.17E-07       -0.26E-05        0.00E+00
  260   1 sigma   g  -.1755265808033445E+00       -0.16E-07       -0.25E-05        0.00E+00
 ... writing functions to disk (current precision) ...
 total energy:     0.3244734191966555E+00
  261   1 sigma   g  -.1755265963766573E+00       -0.16E-07       -0.24E-05        0.00E+00
  262   1 sigma   g  -.1755266113888648E+00       -0.15E-07       -0.23E-05        0.00E+00
  263   1 sigma   g  -.1755266258601392E+00       -0.14E-07       -0.22E-05        0.00E+00
  264   1 sigma   g  -.1755266398100107E+00       -0.14E-07       -0.21E-05        0.00E+00
  265   1 sigma   g  -.1755266532572597E+00       -0.13E-07       -0.21E-05        0.00E+00
  266   1 sigma   g  -.1755266662199862E+00       -0.13E-07       -0.20E-05        0.00E+00
  267   1 sigma   g  -.1755266787156494E+00       -0.12E-07       -0.19E-05        0.00E+00
  268   1 sigma   g  -.1755266907611109E+00       -0.12E-07       -0.18E-05        0.00E+00
  269   1 sigma   g  -.1755267023725662E+00       -0.12E-07       -0.18E-05        0.00E+00
  270   1 sigma   g  -.1755267135656440E+00       -0.11E-07       -0.17E-05        0.00E+00
 ... writing functions to disk (current precision) ...
 total energy:     0.3244732864343560E+00
  271   1 sigma   g  -.1755267243553931E+00       -0.11E-07       -0.16E-05        0.00E+00
  272   1 sigma   g  -.1755267347563978E+00       -0.10E-07       -0.16E-05        0.00E+00
  273   1 sigma   g  -.1755267447826587E+00       -0.10E-07       -0.15E-05        0.00E+00
  274   1 sigma   g  -.1755267544476711E+00       -0.97E-08       -0.15E-05        0.00E+00
  275   1 sigma   g  -.1755267637644315E+00       -0.93E-08       -0.14E-05        0.00E+00
  276   1 sigma   g  -.1755267727455317E+00       -0.90E-08       -0.14E-05        0.00E+00
  277   1 sigma   g  -.1755267814030117E+00       -0.87E-08       -0.13E-05        0.00E+00
  278   1 sigma   g  -.1755267897485781E+00       -0.83E-08       -0.13E-05        0.00E+00
  279   1 sigma   g  -.1755267977934510E+00       -0.80E-08       -0.12E-05        0.00E+00
  280   1 sigma   g  -.1755268055484450E+00       -0.78E-08       -0.12E-05        0.00E+00
 ... writing functions to disk (current precision) ...
 total energy:     0.3244731944515550E+00
  281   1 sigma   g  -.1755268130240323E+00       -0.75E-08       -0.11E-05        0.00E+00
  282   1 sigma   g  -.1755268202302685E+00       -0.72E-08       -0.11E-05        0.00E+00
  283   1 sigma   g  -.1755268271768911E+00       -0.69E-08       -0.11E-05        0.00E+00
  284   1 sigma   g  -.1755268338731900E+00       -0.67E-08       -0.10E-05        0.00E+00
  285   1 sigma   g  -.1755268403282043E+00       -0.65E-08       -0.99E-06        0.00E+00
  286   1 sigma   g  -.1755268465506424E+00       -0.62E-08       -0.95E-06        0.00E+00
  287   1 sigma   g  -.1755268525488831E+00       -0.60E-08       -0.92E-06        0.00E+00
  288   1 sigma   g  -.1755268583310136E+00       -0.58E-08       -0.88E-06        0.00E+00
  289   1 sigma   g  -.1755268639048232E+00       -0.56E-08       -0.85E-06        0.00E+00
  290   1 sigma   g  -.1755268692777896E+00       -0.54E-08       -0.82E-06        0.00E+00
 ... writing functions to disk (current precision) ...
 total energy:     0.3244731307222104E+00
  291   1 sigma   g  -.1755268744571715E+00       -0.52E-08       -0.79E-06        0.00E+00
  292   1 sigma   g  -.1755268794499217E+00       -0.50E-08       -0.76E-06        0.00E+00
  293   1 sigma   g  -.1755268842627910E+00       -0.48E-08       -0.74E-06        0.00E+00
  294   1 sigma   g  -.1755268889022445E+00       -0.46E-08       -0.71E-06        0.00E+00
  295   1 sigma   g  -.1755268933745530E+00       -0.45E-08       -0.68E-06        0.00E+00
  296   1 sigma   g  -.1755268976856935E+00       -0.43E-08       -0.66E-06        0.00E+00
  297   1 sigma   g  -.1755269018415383E+00       -0.42E-08       -0.63E-06        0.00E+00
  298   1 sigma   g  -.1755269058476288E+00       -0.40E-08       -0.61E-06        0.00E+00
  299   1 sigma   g  -.1755269097093794E+00       -0.39E-08       -0.59E-06        0.00E+00
  300   1 sigma   g  -.1755269134319839E+00       -0.37E-08       -0.57E-06        0.00E+00
 ... writing functions to disk (current precision) ...
 total energy:     0.3244730865680161E+00
  301   1 sigma   g  -.1755269170204605E+00       -0.36E-08       -0.55E-06        0.00E+00
  302   1 sigma   g  -.1755269204796599E+00       -0.35E-08       -0.53E-06        0.00E+00
  303   1 sigma   g  -.1755269238141954E+00       -0.33E-08       -0.51E-06        0.00E+00
  304   1 sigma   g  -.1755269270286121E+00       -0.32E-08       -0.49E-06        0.00E+00
  305   1 sigma   g  -.1755269301271810E+00       -0.31E-08       -0.47E-06        0.00E+00
  306   1 sigma   g  -.1755269331141065E+00       -0.30E-08       -0.46E-06        0.00E+00
  307   1 sigma   g  -.1755269359934061E+00       -0.29E-08       -0.44E-06        0.00E+00
  308   1 sigma   g  -.1755269387689825E+00       -0.28E-08       -0.42E-06        0.00E+00
  309   1 sigma   g  -.1755269414445497E+00       -0.27E-08       -0.41E-06        0.00E+00
  310   1 sigma   g  -.1755269440236975E+00       -0.26E-08       -0.39E-06        0.00E+00
 ... writing functions to disk (current precision) ...
 total energy:     0.3244730559763025E+00
  311   1 sigma   g  -.1755269465099600E+00       -0.25E-08       -0.38E-06        0.00E+00
  312   1 sigma   g  -.1755269489066019E+00       -0.24E-08       -0.37E-06        0.00E+00
  313   1 sigma   g  -.1755269512169005E+00       -0.23E-08       -0.35E-06        0.00E+00
  314   1 sigma   g  -.1755269534439488E+00       -0.22E-08       -0.34E-06        0.00E+00
  315   1 sigma   g  -.1755269555907513E+00       -0.21E-08       -0.33E-06        0.00E+00
  316   1 sigma   g  -.1755269576601880E+00       -0.21E-08       -0.32E-06        0.00E+00
  317   1 sigma   g  -.1755269596550799E+00       -0.20E-08       -0.30E-06        0.00E+00
  318   1 sigma   g  -.1755269615780854E+00       -0.19E-08       -0.29E-06        0.00E+00
  319   1 sigma   g  -.1755269634318156E+00       -0.19E-08       -0.28E-06        0.00E+00
  320   1 sigma   g  -.1755269652187532E+00       -0.18E-08       -0.27E-06        0.00E+00
 ... writing functions to disk (current precision) ...
 total energy:     0.3244730347812468E+00
  321   1 sigma   g  -.1755269669413069E+00       -0.17E-08       -0.26E-06        0.00E+00
  322   1 sigma   g  -.1755269686018077E+00       -0.17E-08       -0.25E-06        0.00E+00
  323   1 sigma   g  -.1755269702024554E+00       -0.16E-08       -0.24E-06        0.00E+00
  324   1 sigma   g  -.1755269717454249E+00       -0.15E-08       -0.24E-06        0.00E+00
  325   1 sigma   g  -.1755269732327996E+00       -0.15E-08       -0.23E-06        0.00E+00
  326   1 sigma   g  -.1755269746666065E+00       -0.14E-08       -0.22E-06        0.00E+00
  327   1 sigma   g  -.1755269760487260E+00       -0.14E-08       -0.21E-06        0.00E+00
  328   1 sigma   g  -.1755269773810462E+00       -0.13E-08       -0.20E-06        0.00E+00
  329   1 sigma   g  -.1755269786653776E+00       -0.13E-08       -0.20E-06        0.00E+00
  330   1 sigma   g  -.1755269799034345E+00       -0.12E-08       -0.19E-06        0.00E+00
 ... writing functions to disk (current precision) ...
 total energy:     0.3244730200965654E+00
  331   1 sigma   g  -.1755269810968799E+00       -0.12E-08       -0.18E-06        0.00E+00
  332   1 sigma   g  -.1755269822473107E+00       -0.12E-08       -0.18E-06        0.00E+00
  333   1 sigma   g  -.1755269833562988E+00       -0.11E-08       -0.17E-06        0.00E+00
  334   1 sigma   g  -.1755269844253413E+00       -0.11E-08       -0.16E-06        0.00E+00
  335   1 sigma   g  -.1755269854558567E+00       -0.10E-08       -0.16E-06        0.00E+00
  336   1 sigma   g  -.1755269864492285E+00       -0.99E-09       -0.15E-06        0.00E+00
  337   1 sigma   g  -.1755269874068112E+00       -0.96E-09       -0.15E-06        0.00E+00
  338   1 sigma   g  -.1755269883298831E+00       -0.92E-09       -0.14E-06        0.00E+00
  339   1 sigma   g  -.1755269892197411E+00       -0.89E-09       -0.14E-06        0.00E+00
  340   1 sigma   g  -.1755269900775137E+00       -0.86E-09       -0.13E-06        0.00E+00
 ... writing functions to disk (current precision) ...
 total energy:     0.3244730099224863E+00
  341   1 sigma   g  -.1755269909043355E+00       -0.83E-09       -0.13E-06        0.00E+00
  342   1 sigma   g  -.1755269917014126E+00       -0.80E-09       -0.12E-06        0.00E+00
  343   1 sigma   g  -.1755269924697512E+00       -0.77E-09       -0.12E-06        0.00E+00
  344   1 sigma   g  -.1755269932104078E+00       -0.74E-09       -0.11E-06        0.00E+00
  345   1 sigma   g  -.1755269939243765E+00       -0.71E-09       -0.11E-06        0.00E+00
  346   1 sigma   g  -.1755269946126212E+00       -0.69E-09       -0.11E-06        0.00E+00
  347   1 sigma   g  -.1755269952760803E+00       -0.66E-09       -0.10E-06        0.00E+00
  348   1 sigma   g  -.1755269959156219E+00       -0.64E-09       -0.98E-07        0.00E+00
  349   1 sigma   g  -.1755269965321208E+00       -0.62E-09       -0.94E-07        0.00E+00
  350   1 sigma   g  -.1755269971264024E+00       -0.59E-09       -0.91E-07        0.00E+00
 ... writing functions to disk (current precision) ...
 total energy:     0.3244730028735976E+00
  351   1 sigma   g  -.1755269976992806E+00       -0.57E-09       -0.88E-07        0.00E+00
  352   1 sigma   g  -.1755269982515087E+00       -0.55E-09       -0.84E-07        0.00E+00
  353   1 sigma   g  -.1755269987838401E+00       -0.53E-09       -0.81E-07        0.00E+00
  354   1 sigma   g  -.1755269992970070E+00       -0.51E-09       -0.78E-07        0.00E+00
  355   1 sigma   g  -.1755269997916597E+00       -0.49E-09       -0.76E-07        0.00E+00
  356   1 sigma   g  -.1755270002685072E+00       -0.48E-09       -0.73E-07        0.00E+00
  357   1 sigma   g  -.1755270007281587E+00       -0.46E-09       -0.70E-07        0.00E+00
  358   1 sigma   g  -.1755270011712331E+00       -0.44E-09       -0.68E-07        0.00E+00
  359   1 sigma   g  -.1755270015983846E+00       -0.43E-09       -0.65E-07        0.00E+00
  360   1 sigma   g  -.1755270020101156E+00       -0.41E-09       -0.63E-07        0.00E+00
 ... writing functions to disk (current precision) ...
 total energy:     0.3244729979898844E+00
  361   1 sigma   g  -.1755270024070257E+00       -0.40E-09       -0.61E-07        0.00E+00
  362   1 sigma   g  -.1755270027896135E+00       -0.38E-09       -0.58E-07        0.00E+00
  363   1 sigma   g  -.1755270031584239E+00       -0.37E-09       -0.56E-07        0.00E+00
  364   1 sigma   g  -.1755270035139710E+00       -0.36E-09       -0.54E-07        0.00E+00
  365   1 sigma   g  -.1755270038567014E+00       -0.34E-09       -0.52E-07        0.00E+00
  366   1 sigma   g  -.1755270041870655E+00       -0.33E-09       -0.50E-07        0.00E+00
  367   1 sigma   g  -.1755270045055280E+00       -0.32E-09       -0.49E-07        0.00E+00
  368   1 sigma   g  -.1755270048125299E+00       -0.31E-09       -0.47E-07        0.00E+00
  369   1 sigma   g  -.1755270051084408E+00       -0.30E-09       -0.45E-07        0.00E+00
  370   1 sigma   g  -.1755270053937214E+00       -0.29E-09       -0.44E-07        0.00E+00
 ... writing functions to disk (current precision) ...
 total energy:     0.3244729946062787E+00
  371   1 sigma   g  -.1755270056686805E+00       -0.27E-09       -0.42E-07        0.00E+00
  372   1 sigma   g  -.1755270059337679E+00       -0.27E-09       -0.40E-07        0.00E+00
  373   1 sigma   g  -.1755270061893045E+00       -0.26E-09       -0.39E-07        0.00E+00
  374   1 sigma   g  -.1755270064356264E+00       -0.25E-09       -0.38E-07        0.00E+00
  375   1 sigma   g  -.1755270066730772E+00       -0.24E-09       -0.36E-07        0.00E+00
  376   1 sigma   g  -.1755270069019637E+00       -0.23E-09       -0.35E-07        0.00E+00
  377   1 sigma   g  -.1755270071226329E+00       -0.22E-09       -0.34E-07        0.00E+00
  378   1 sigma   g  -.1755270073353132E+00       -0.21E-09       -0.32E-07        0.00E+00
  379   1 sigma   g  -.1755270075403414E+00       -0.21E-09       -0.31E-07        0.00E+00
  380   1 sigma   g  -.1755270077379949E+00       -0.20E-09       -0.30E-07        0.00E+00
 ... writing functions to disk (current precision) ...
 total energy:     0.3244729922620051E+00
  381   1 sigma   g  -.1755270079285028E+00       -0.19E-09       -0.29E-07        0.00E+00
  382   1 sigma   g  -.1755270081121567E+00       -0.18E-09       -0.28E-07        0.00E+00
  383   1 sigma   g  -.1755270082891847E+00       -0.18E-09       -0.27E-07        0.00E+00
  384   1 sigma   g  -.1755270084598279E+00       -0.17E-09       -0.26E-07        0.00E+00
  385   1 sigma   g  -.1755270086243370E+00       -0.16E-09       -0.25E-07        0.00E+00
  386   1 sigma   g  -.1755270087829281E+00       -0.16E-09       -0.24E-07        0.00E+00
  387   1 sigma   g  -.1755270089358083E+00       -0.15E-09       -0.23E-07        0.00E+00
  388   1 sigma   g  -.1755270090831510E+00       -0.15E-09       -0.23E-07        0.00E+00
  389   1 sigma   g  -.1755270092252332E+00       -0.14E-09       -0.22E-07        0.00E+00
  390   1 sigma   g  -.1755270093621824E+00       -0.14E-09       -0.21E-07        0.00E+00
 ... writing functions to disk (current precision) ...
 total energy:     0.3244729906378176E+00
  391   1 sigma   g  -.1755270094941538E+00       -0.13E-09       -0.20E-07        0.00E+00
  392   1 sigma   g  -.1755270096213739E+00       -0.13E-09       -0.19E-07        0.00E+00
  393   1 sigma   g  -.1755270097440433E+00       -0.12E-09       -0.19E-07        0.00E+00
  394   1 sigma   g  -.1755270098623020E+00       -0.12E-09       -0.18E-07        0.00E+00
  395   1 sigma   g  -.1755270099762642E+00       -0.11E-09       -0.17E-07        0.00E+00
  396   1 sigma   g  -.1755270100861363E+00       -0.11E-09       -0.17E-07        0.00E+00
  397   1 sigma   g  -.1755270101920527E+00       -0.11E-09       -0.16E-07        0.00E+00
  398   1 sigma   g  -.1755270102941288E+00       -0.10E-09       -0.16E-07        0.00E+00
  399   1 sigma   g  -.1755270103925597E+00       -0.98E-10       -0.15E-07        0.00E+00
           
 ... orbital energy threshold reached reached ...
 ... writing functions to disk (current precision) ...

 total energy:                  0.3244729896074403E+00
 total electronic energy:      -0.1755270103925597E+00
 virial ratio:                  0.4066596719175052E+01

 total energy contributions: 
     nuclear-electron attraction energy =      -0.239568616147
     kinetic energy                     =       0.064041605755
     one electron energy                =      -0.175527010393
     coulomb energy                     =       0.000000000000
     exchange energy                    =       0.000000000000
     coulomb energy (DFT)               =       0.000000000000
     exchange energy (DFT)              =       0.000000000000
     correlation energy (DFT)           =       0.000000000000

       orbital               energy                     1-norm
   1 sigma    g     -0.1755270103925597E+00           -0.15E-07


 total energy uncertainty due to orbital norms not being equal 1:
     absolute = +/-0.26E-08,  relative = +/-0.81E-06%

 checking symmetry of orbitals:
          required    actual 
   1 sigma    g          g

////////////////////////////////////////////////////////////////////////////////////////////////

 cpu summary (sec):
    Lagrange multipliers                       2.08
    normalization+orthogonalization            0.40
    multipole moments                          0.00
    relaxation of orb. and pot.               14.59
    total energy                               0.39
    all SCF iterations                        17.07
    single SCF iteration                       0.04


 start: 2011/05/05  23:28:40.66 
 stop:  2011/05/05  23:29:02.59 

////////////////////////////////////////////////////////////////////////////////////////////////

Linux wieslaw16.fizyka.umk.pl 2.6.18-prep x86_64 x86_64 GNU/Linux
 Quad-Core AMD Opteron(tm) Processor 8380

////////////////////////////////////////////////////////////////////////////////////////////////
