
////////////////////////////////////////////////////////////////////////////////////////////////



                         FINITE DIFFERENCE 2D HARTREE-FOCK  (version 2.0)



////////////////////////////////////////////////////////////////////////////////////////////////

   ... start of input data ...
  title H2: R = 2.0au !!!!!                                                       
  method hf                                                                       
  nuclei  1.0 1.0  2.0                                                            
  config 0                                                                        
  1 sigma g end                                                                   
                    0
  grid 169 40.0                                                                   
  orbpot hydrogen                                                                 
  lcao                                                                            
  1.0 1 0 1.0   1.0   1 0  1.0  0                                                 
  scf  400 10 16 16                                                               
  omega 1.95 -1.87                                                                
  stop                                                                            
   ... end of input data  ...
         

   molecular system: 

          H ( 1.00)   H  ( 1.00)   R =  2.00000 bohr = 1.05835 angstroms

   method: HF

   electronic configuration:

           1  sigma   g  + - 


          total charge            =   0
          number of
              electrons           =   2
              orbitals            =   1
              Coulomb potentials  =   1
              exchange potentials =   0

   LCAO via hydrogenic functions:

           orbital           n1 l1   Z1    c1       n2 l2   Z2    c2 

           1  sigma   g       1  0  1.00  0.50       1  0  1.00  0.50

   grid:
          nu (h_nu)  =  169  (0.01870)
          mu (h_mu)  =  235  (0.01873)
          R_infinity =   40.00

   scf: 
          thresholds
              scf iterations           =    400
              orbital energy           = 1.00E-16
              orbital norm             = 1.00E-16
              multipole moments recalc = 1.15E+00

          orbitals are relaxed
          Coulomb potentials are relaxed
          exchange potential for each pair of orbitals is relaxed once per single scf iteration

          multipole expansion coefficients =  4

   (mc)sor:
          sor method used for relaxing orbitals and potentials
          ordering: middle 

                            (mc)sor iterations
                            orbital  potentials
             1 sigma   g       10        10

          overrelaxation parameters:   orbitals       potentials 
                                        1.950       1.977   1.977

   machine accuracy      =    0.11E-15

   constants: 
               pi        =    0.3141592653589793E+01
               bohr      =    0.5291772490000000E+00 angstroms


   memory usage:
          text+data                                      0.9 MB 
          bss (common block contributions)              97.1 MB
          dynamical allocation                          11.7 MB 
              orbitals + Coulomb potentials              0.6 MB
              exchange potentials                        0.0 MB

////////////////////////////////////////////////////////////////////////////////////////////////

 ... initializing orbitals from hydrogenic functions ...
 ... initializing Coulomb potentials ...
 ... initializing exchange potentials ...
 ... initializing multipole moment coefficients ...
 ... initializing Lagrange multipliers ...

 total energy:                 -0.1156671513373217E+01
 total electronic energy:      -0.1656671513373217E+01
 virial ratio:                 -0.2497280148248727E+01

   scf  orbital              energy              energy diff        1-norm         overlap
    1   1 sigma   g   -.6007053432436400E+00        0.22E-02        0.32E-01
    1   1 sigma   g   -.6007053432436400E+00        0.22E-02        0.32E-01
    2   1 sigma   g   -.5932749138997745E+00        0.74E-02        0.28E-01
    2   1 sigma   g   -.5932749138997745E+00        0.74E-02        0.28E-01
 ... multipole moment expansion coefficients recalculated ...
    3   1 sigma   g   -.5847258175620360E+00        0.85E-02        0.21E-01
    3   1 sigma   g   -.5847258175620360E+00        0.85E-02        0.21E-01
 ... multipole moment expansion coefficients recalculated ...
    4   1 sigma   g   -.5760623595308099E+00        0.87E-02        0.15E-01
    4   1 sigma   g   -.5760623595308099E+00        0.87E-02        0.15E-01
    5   1 sigma   g   -.5677644189162286E+00        0.83E-02        0.11E-01
    5   1 sigma   g   -.5677644189162286E+00        0.83E-02        0.11E-01
    6   1 sigma   g   -.5601292175685925E+00        0.76E-02        0.75E-02
    6   1 sigma   g   -.5601292175685925E+00        0.76E-02        0.75E-02
    7   1 sigma   g   -.5534610881244686E+00        0.67E-02        0.54E-02
    7   1 sigma   g   -.5534610881244686E+00        0.67E-02        0.54E-02
 ... multipole moment expansion coefficients recalculated ...
    8   1 sigma   g   -.5475395300930971E+00        0.59E-02        0.40E-02
    8   1 sigma   g   -.5475395300930971E+00        0.59E-02        0.40E-02
    9   1 sigma   g   -.5426872526085326E+00        0.49E-02        0.31E-02
    9   1 sigma   g   -.5426872526085326E+00        0.49E-02        0.31E-02
 ... multipole moment expansion coefficients recalculated ...
   10   1 sigma   g   -.5388684157546326E+00        0.38E-02        0.26E-02
   10   1 sigma   g   -.5388684157546326E+00        0.38E-02        0.26E-02
 ... multipole moment expansion coefficients recalculated ...
 ... writing functions to disk (current precision) ...
 total energy:    -0.1114103280189131E+01
   11   1 sigma   g   -.5359095561387123E+00        0.30E-02        0.24E-02
   11   1 sigma   g   -.5359095561387123E+00        0.30E-02        0.24E-02
 ... multipole moment expansion coefficients recalculated ...
   12   1 sigma   g   -.5340118788830190E+00        0.19E-02        0.23E-02
   12   1 sigma   g   -.5340118788830190E+00        0.19E-02        0.23E-02
 ... multipole moment expansion coefficients recalculated ...
   13   1 sigma   g   -.5328678857233293E+00        0.11E-02        0.23E-02
   13   1 sigma   g   -.5328678857233293E+00        0.11E-02        0.23E-02
 ... multipole moment expansion coefficients recalculated ...
   14   1 sigma   g   -.5321112870576273E+00        0.76E-03        0.23E-02
   14   1 sigma   g   -.5321112870576273E+00        0.76E-03        0.23E-02
 ... multipole moment expansion coefficients recalculated ...
   15   1 sigma   g   -.5314932399367867E+00        0.62E-03        0.22E-02
   15   1 sigma   g   -.5314932399367867E+00        0.62E-03        0.22E-02
 ... multipole moment expansion coefficients recalculated ...
   16   1 sigma   g   -.5308784180577650E+00        0.61E-03        0.19E-02
   16   1 sigma   g   -.5308784180577650E+00        0.61E-03        0.19E-02
   17   1 sigma   g   -.5301801374417445E+00        0.70E-03        0.16E-02
   17   1 sigma   g   -.5301801374417445E+00        0.70E-03        0.16E-02
   18   1 sigma   g   -.5293575004846856E+00        0.82E-03        0.11E-02
   18   1 sigma   g   -.5293575004846856E+00        0.82E-03        0.11E-02
 ... multipole moment expansion coefficients recalculated ...
   19   1 sigma   g   -.5284222227557208E+00        0.94E-03        0.66E-03
   19   1 sigma   g   -.5284222227557208E+00        0.94E-03        0.66E-03
   20   1 sigma   g   -.5274141427127976E+00        0.10E-02        0.28E-03
   20   1 sigma   g   -.5274141427127976E+00        0.10E-02        0.28E-03
 ... multipole moment expansion coefficients recalculated ...
 ... writing functions to disk (current precision) ...
 total energy:    -0.1105996373609841E+01
   21   1 sigma   g   -.5263838568694936E+00        0.10E-02        0.24E-04
   21   1 sigma   g   -.5263838568694936E+00        0.10E-02        0.24E-04
   22   1 sigma   g   -.5253801167418028E+00        0.10E-02       -0.11E-03
   22   1 sigma   g   -.5253801167418028E+00        0.10E-02       -0.11E-03
   23   1 sigma   g   -.5244387349313753E+00        0.94E-03       -0.13E-03
   23   1 sigma   g   -.5244387349313753E+00        0.94E-03       -0.13E-03
   24   1 sigma   g   -.5235794155014373E+00        0.86E-03       -0.82E-04
   24   1 sigma   g   -.5235794155014373E+00        0.86E-03       -0.82E-04
 ... multipole moment expansion coefficients recalculated ...
   25   1 sigma   g   -.5228077645605820E+00        0.77E-03       -0.14E-05
   25   1 sigma   g   -.5228077645605820E+00        0.77E-03       -0.14E-05
   26   1 sigma   g   -.5221111078398012E+00        0.70E-03        0.78E-04
   26   1 sigma   g   -.5221111078398012E+00        0.70E-03        0.78E-04
 ... multipole moment expansion coefficients recalculated ...
   27   1 sigma   g   -.5214795773181855E+00        0.63E-03        0.11E-03
   27   1 sigma   g   -.5214795773181855E+00        0.63E-03        0.11E-03
   28   1 sigma   g   -.5209022118508784E+00        0.58E-03        0.12E-03
   28   1 sigma   g   -.5209022118508784E+00        0.58E-03        0.12E-03
 ... multipole moment expansion coefficients recalculated ...
   29   1 sigma   g   -.5203652010802370E+00        0.54E-03        0.12E-03
   29   1 sigma   g   -.5203652010802370E+00        0.54E-03        0.12E-03
   30   1 sigma   g   -.5198594653750129E+00        0.51E-03        0.12E-03
   30   1 sigma   g   -.5198594653750129E+00        0.51E-03        0.12E-03
 ... writing functions to disk (current precision) ...
 total energy:    -0.1097844792660226E+01
   31   1 sigma   g   -.5193813233899222E+00        0.48E-03        0.12E-03
   31   1 sigma   g   -.5193813233899222E+00        0.48E-03        0.12E-03
 ... multipole moment expansion coefficients recalculated ...
   32   1 sigma   g   -.5189313096087899E+00        0.45E-03        0.11E-03
   32   1 sigma   g   -.5189313096087899E+00        0.45E-03        0.11E-03
   33   1 sigma   g   -.5185124701508981E+00        0.42E-03        0.11E-03
   33   1 sigma   g   -.5185124701508981E+00        0.42E-03        0.11E-03
   34   1 sigma   g   -.5181279127636300E+00        0.38E-03        0.10E-03
   34   1 sigma   g   -.5181279127636300E+00        0.38E-03        0.10E-03
 ... multipole moment expansion coefficients recalculated ...
   35   1 sigma   g   -.5177787628926274E+00        0.35E-03        0.95E-04
   35   1 sigma   g   -.5177787628926274E+00        0.35E-03        0.95E-04
   36   1 sigma   g   -.5174641657615500E+00        0.31E-03        0.88E-04
   36   1 sigma   g   -.5174641657615500E+00        0.31E-03        0.88E-04
 ... multipole moment expansion coefficients recalculated ...
   37   1 sigma   g   -.5171814516971448E+00        0.28E-03        0.79E-04
   37   1 sigma   g   -.5171814516971448E+00        0.28E-03        0.79E-04
   38   1 sigma   g   -.5169254966302104E+00        0.26E-03        0.70E-04
   38   1 sigma   g   -.5169254966302104E+00        0.26E-03        0.70E-04
 ... multipole moment expansion coefficients recalculated ...
   39   1 sigma   g   -.5166921567582020E+00        0.23E-03        0.61E-04
   39   1 sigma   g   -.5166921567582020E+00        0.23E-03        0.61E-04
   40   1 sigma   g   -.5164781646127798E+00        0.21E-03        0.54E-04
   40   1 sigma   g   -.5164781646127798E+00        0.21E-03        0.54E-04
 ... multipole moment expansion coefficients recalculated ...
 ... writing functions to disk (current precision) ...
 total energy:    -0.1094355487655755E+01
   41   1 sigma   g   -.5162805882664622E+00        0.20E-03        0.50E-04
   41   1 sigma   g   -.5162805882664622E+00        0.20E-03        0.50E-04
   42   1 sigma   g   -.5160968080575722E+00        0.18E-03        0.47E-04
   42   1 sigma   g   -.5160968080575722E+00        0.18E-03        0.47E-04
 ... multipole moment expansion coefficients recalculated ...
   43   1 sigma   g   -.5159249086675869E+00        0.17E-03        0.45E-04
   43   1 sigma   g   -.5159249086675869E+00        0.17E-03        0.45E-04
   44   1 sigma   g   -.5157641367647473E+00        0.16E-03        0.42E-04
   44   1 sigma   g   -.5157641367647473E+00        0.16E-03        0.42E-04
   45   1 sigma   g   -.5156144165829493E+00        0.15E-03        0.40E-04
   45   1 sigma   g   -.5156144165829493E+00        0.15E-03        0.40E-04
 ... multipole moment expansion coefficients recalculated ...
   46   1 sigma   g   -.5154755715392166E+00        0.14E-03        0.37E-04
   46   1 sigma   g   -.5154755715392166E+00        0.14E-03        0.37E-04
   47   1 sigma   g   -.5153468661788330E+00        0.13E-03        0.35E-04
   47   1 sigma   g   -.5153468661788330E+00        0.13E-03        0.35E-04
 ... multipole moment expansion coefficients recalculated ...
   48   1 sigma   g   -.5152277332112527E+00        0.12E-03        0.33E-04
   48   1 sigma   g   -.5152277332112527E+00        0.12E-03        0.33E-04
   49   1 sigma   g   -.5151178231383442E+00        0.11E-03        0.30E-04
   49   1 sigma   g   -.5151178231383442E+00        0.11E-03        0.30E-04
 ... multipole moment expansion coefficients recalculated ...
   50   1 sigma   g   -.5150166987865548E+00        0.10E-03        0.27E-04
   50   1 sigma   g   -.5150166987865548E+00        0.10E-03        0.27E-04
 ... writing functions to disk (current precision) ...
 total energy:    -0.1092861374612526E+01
   51   1 sigma   g   -.5149238763661236E+00        0.93E-04        0.24E-04
   51   1 sigma   g   -.5149238763661236E+00        0.93E-04        0.24E-04
 ... multipole moment expansion coefficients recalculated ...
   52   1 sigma   g   -.5148382136642207E+00        0.86E-04        0.22E-04
   52   1 sigma   g   -.5148382136642207E+00        0.86E-04        0.22E-04
   53   1 sigma   g   -.5147589100103298E+00        0.79E-04        0.20E-04
   53   1 sigma   g   -.5147589100103298E+00        0.79E-04        0.20E-04
 ... multipole moment expansion coefficients recalculated ...
   54   1 sigma   g   -.5146856202462741E+00        0.73E-04        0.18E-04
   54   1 sigma   g   -.5146856202462741E+00        0.73E-04        0.18E-04
   55   1 sigma   g   -.5146179110274040E+00        0.68E-04        0.17E-04
   55   1 sigma   g   -.5146179110274040E+00        0.68E-04        0.17E-04
 ... multipole moment expansion coefficients recalculated ...
   56   1 sigma   g   -.5145553724917135E+00        0.63E-04        0.15E-04
   56   1 sigma   g   -.5145553724917135E+00        0.63E-04        0.15E-04
   57   1 sigma   g   -.5144976357341948E+00        0.58E-04        0.14E-04
   57   1 sigma   g   -.5144976357341948E+00        0.58E-04        0.14E-04
 ... multipole moment expansion coefficients recalculated ...
   58   1 sigma   g   -.5144443634484283E+00        0.53E-04        0.13E-04
   58   1 sigma   g   -.5144443634484283E+00        0.53E-04        0.13E-04
   59   1 sigma   g   -.5143952349358804E+00        0.49E-04        0.12E-04
   59   1 sigma   g   -.5143952349358804E+00        0.49E-04        0.12E-04
 ... multipole moment expansion coefficients recalculated ...
   60   1 sigma   g   -.5143499366698694E+00        0.45E-04        0.11E-04
   60   1 sigma   g   -.5143499366698694E+00        0.45E-04        0.11E-04
 ... writing functions to disk (current precision) ...
 total energy:    -0.1092177608910895E+01
   61   1 sigma   g   -.5143081408302614E+00        0.42E-04        0.11E-04
   61   1 sigma   g   -.5143081408302614E+00        0.42E-04        0.11E-04
 ... multipole moment expansion coefficients recalculated ...
   62   1 sigma   g   -.5142695325607368E+00        0.39E-04        0.99E-05
   62   1 sigma   g   -.5142695325607368E+00        0.39E-04        0.99E-05
   63   1 sigma   g   -.5142339023978788E+00        0.36E-04        0.92E-05
   63   1 sigma   g   -.5142339023978788E+00        0.36E-04        0.92E-05
 ... multipole moment expansion coefficients recalculated ...
   64   1 sigma   g   -.5142010242405073E+00        0.33E-04        0.85E-05
   64   1 sigma   g   -.5142010242405073E+00        0.33E-04        0.85E-05
   65   1 sigma   g   -.5141706818637032E+00        0.30E-04        0.79E-05
   65   1 sigma   g   -.5141706818637032E+00        0.30E-04        0.79E-05
 ... multipole moment expansion coefficients recalculated ...
   66   1 sigma   g   -.5141426776953477E+00        0.28E-04        0.73E-05
   66   1 sigma   g   -.5141426776953477E+00        0.28E-04        0.73E-05
   67   1 sigma   g   -.5141168305793553E+00        0.26E-04        0.67E-05
   67   1 sigma   g   -.5141168305793553E+00        0.26E-04        0.67E-05
 ... multipole moment expansion coefficients recalculated ...
   68   1 sigma   g   -.5140929733580615E+00        0.24E-04        0.62E-05
   68   1 sigma   g   -.5140929733580615E+00        0.24E-04        0.62E-05
   69   1 sigma   g   -.5140709504565562E+00        0.22E-04        0.57E-05
   69   1 sigma   g   -.5140709504565562E+00        0.22E-04        0.57E-05
 ... multipole moment expansion coefficients recalculated ...
   70   1 sigma   g   -.5140506175500317E+00        0.20E-04        0.53E-05
   70   1 sigma   g   -.5140506175500317E+00        0.20E-04        0.53E-05
 ... writing functions to disk (current precision) ...
 total energy:    -0.1091870832340589E+01
   71   1 sigma   g   -.5140318421183554E+00        0.19E-04        0.48E-05
   71   1 sigma   g   -.5140318421183554E+00        0.19E-04        0.48E-05
 ... multipole moment expansion coefficients recalculated ...
   72   1 sigma   g   -.5140145016950305E+00        0.17E-04        0.45E-05
   72   1 sigma   g   -.5140145016950305E+00        0.17E-04        0.45E-05
   73   1 sigma   g   -.5139984854551699E+00        0.16E-04        0.41E-05
   73   1 sigma   g   -.5139984854551699E+00        0.16E-04        0.41E-05
 ... multipole moment expansion coefficients recalculated ...
   74   1 sigma   g   -.5139836950399301E+00        0.15E-04        0.38E-05
   74   1 sigma   g   -.5139836950399301E+00        0.15E-04        0.38E-05
   75   1 sigma   g   -.5139700384461814E+00        0.14E-04        0.35E-05
   75   1 sigma   g   -.5139700384461814E+00        0.14E-04        0.35E-05
 ... multipole moment expansion coefficients recalculated ...
   76   1 sigma   g   -.5139574288070039E+00        0.13E-04        0.32E-05
   76   1 sigma   g   -.5139574288070039E+00        0.13E-04        0.32E-05
   77   1 sigma   g   -.5139457860567040E+00        0.12E-04        0.30E-05
   77   1 sigma   g   -.5139457860567040E+00        0.12E-04        0.30E-05
 ... multipole moment expansion coefficients recalculated ...
   78   1 sigma   g   -.5139350362572321E+00        0.11E-04        0.27E-05
   78   1 sigma   g   -.5139350362572321E+00        0.11E-04        0.27E-05
   79   1 sigma   g   -.5139251112285652E+00        0.99E-05        0.25E-05
   79   1 sigma   g   -.5139251112285652E+00        0.99E-05        0.25E-05
 ... multipole moment expansion coefficients recalculated ...
   80   1 sigma   g   -.5139159478606153E+00        0.92E-05        0.23E-05
   80   1 sigma   g   -.5139159478606153E+00        0.92E-05        0.23E-05
 ... writing functions to disk (current precision) ...
 total energy:    -0.1091732779903508E+01
   81   1 sigma   g   -.5139074880027051E+00        0.85E-05        0.22E-05
   81   1 sigma   g   -.5139074880027051E+00        0.85E-05        0.22E-05
 ... multipole moment expansion coefficients recalculated ...
   82   1 sigma   g   -.5138996777449621E+00        0.78E-05        0.20E-05
   82   1 sigma   g   -.5138996777449621E+00        0.78E-05        0.20E-05
   83   1 sigma   g   -.5138924673445895E+00        0.72E-05        0.18E-05
   83   1 sigma   g   -.5138924673445895E+00        0.72E-05        0.18E-05
 ... multipole moment expansion coefficients recalculated ...
   84   1 sigma   g   -.5138858107005221E+00        0.67E-05        0.17E-05
   84   1 sigma   g   -.5138858107005221E+00        0.67E-05        0.17E-05
   85   1 sigma   g   -.5138796653611246E+00        0.61E-05        0.16E-05
   85   1 sigma   g   -.5138796653611246E+00        0.61E-05        0.16E-05
 ... multipole moment expansion coefficients recalculated ...
   86   1 sigma   g   -.5138739921206622E+00        0.57E-05        0.15E-05
   86   1 sigma   g   -.5138739921206622E+00        0.57E-05        0.15E-05
   87   1 sigma   g   -.5138687548355509E+00        0.52E-05        0.13E-05
   87   1 sigma   g   -.5138687548355509E+00        0.52E-05        0.13E-05
 ... multipole moment expansion coefficients recalculated ...
   88   1 sigma   g   -.5138639199792292E+00        0.48E-05        0.12E-05
   88   1 sigma   g   -.5138639199792292E+00        0.48E-05        0.12E-05
   89   1 sigma   g   -.5138594566653940E+00        0.45E-05        0.11E-05
   89   1 sigma   g   -.5138594566653940E+00        0.45E-05        0.11E-05
 ... multipole moment expansion coefficients recalculated ...
   90   1 sigma   g   -.5138553362928133E+00        0.41E-05        0.11E-05
   90   1 sigma   g   -.5138553362928133E+00        0.41E-05        0.11E-05
 ... writing functions to disk (current precision) ...
 total energy:    -0.1091670640047429E+01
   91   1 sigma   g   -.5138515324627301E+00        0.38E-05        0.97E-06
   91   1 sigma   g   -.5138515324627301E+00        0.38E-05        0.97E-06
 ... multipole moment expansion coefficients recalculated ...
   92   1 sigma   g   -.5138480207451004E+00        0.35E-05        0.90E-06
   92   1 sigma   g   -.5138480207451004E+00        0.35E-05        0.90E-06
   93   1 sigma   g   -.5138447786767334E+00        0.32E-05        0.83E-06
   93   1 sigma   g   -.5138447786767334E+00        0.32E-05        0.83E-06
 ... multipole moment expansion coefficients recalculated ...
   94   1 sigma   g   -.5138417855030798E+00        0.30E-05        0.77E-06
   94   1 sigma   g   -.5138417855030798E+00        0.30E-05        0.77E-06
   95   1 sigma   g   -.5138390221073392E+00        0.28E-05        0.71E-06
   95   1 sigma   g   -.5138390221073392E+00        0.28E-05        0.71E-06
 ... multipole moment expansion coefficients recalculated ...
   96   1 sigma   g   -.5138364707872124E+00        0.26E-05        0.65E-06
   96   1 sigma   g   -.5138364707872124E+00        0.26E-05        0.65E-06
   97   1 sigma   g   -.5138341152684802E+00        0.24E-05        0.60E-06
   97   1 sigma   g   -.5138341152684802E+00        0.24E-05        0.60E-06
 ... multipole moment expansion coefficients recalculated ...
   98   1 sigma   g   -.5138319405160877E+00        0.22E-05        0.56E-06
   98   1 sigma   g   -.5138319405160877E+00        0.22E-05        0.56E-06
   99   1 sigma   g   -.5138299326917984E+00        0.20E-05        0.51E-06
   99   1 sigma   g   -.5138299326917984E+00        0.20E-05        0.51E-06
 ... multipole moment expansion coefficients recalculated ...
  100   1 sigma   g   -.5138280789864761E+00        0.19E-05        0.47E-06
  100   1 sigma   g   -.5138280789864761E+00        0.19E-05        0.47E-06
 ... writing functions to disk (current precision) ...
 total energy:    -0.1091642697859231E+01
  101   1 sigma   g   -.5138263675961698E+00        0.17E-05        0.44E-06
  101   1 sigma   g   -.5138263675961698E+00        0.17E-05        0.44E-06
 ... multipole moment expansion coefficients recalculated ...
  102   1 sigma   g   -.5138247875908665E+00        0.16E-05        0.40E-06
  102   1 sigma   g   -.5138247875908665E+00        0.16E-05        0.40E-06
  103   1 sigma   g   -.5138233288924398E+00        0.15E-05        0.37E-06
  103   1 sigma   g   -.5138233288924398E+00        0.15E-05        0.37E-06
 ... multipole moment expansion coefficients recalculated ...
  104   1 sigma   g   -.5138219821786879E+00        0.13E-05        0.34E-06
  104   1 sigma   g   -.5138219821786879E+00        0.13E-05        0.34E-06
  105   1 sigma   g   -.5138207388634869E+00        0.12E-05        0.32E-06
  105   1 sigma   g   -.5138207388634869E+00        0.12E-05        0.32E-06
 ... multipole moment expansion coefficients recalculated ...
  106   1 sigma   g   -.5138195909992713E+00        0.11E-05        0.29E-06
  106   1 sigma   g   -.5138195909992713E+00        0.11E-05        0.29E-06
  107   1 sigma   g   -.5138185312662629E+00        0.11E-05        0.27E-06
  107   1 sigma   g   -.5138185312662629E+00        0.11E-05        0.27E-06
 ... multipole moment expansion coefficients recalculated ...
  108   1 sigma   g   -.5138175528908960E+00        0.98E-06        0.25E-06
  108   1 sigma   g   -.5138175528908960E+00        0.98E-06        0.25E-06
  109   1 sigma   g   -.5138166496348303E+00        0.90E-06        0.23E-06
  109   1 sigma   g   -.5138166496348303E+00        0.90E-06        0.23E-06
 ... multipole moment expansion coefficients recalculated ...
  110   1 sigma   g   -.5138158157247394E+00        0.83E-06        0.21E-06
  110   1 sigma   g   -.5138158157247394E+00        0.83E-06        0.21E-06
 ... writing functions to disk (current precision) ...
 total energy:    -0.1091630126145608E+01
  111   1 sigma   g   -.5138150458429903E+00        0.77E-06        0.20E-06
  111   1 sigma   g   -.5138150458429903E+00        0.77E-06        0.20E-06
 ... multipole moment expansion coefficients recalculated ...
  112   1 sigma   g   -.5138143350681665E+00        0.71E-06        0.18E-06
  112   1 sigma   g   -.5138143350681665E+00        0.71E-06        0.18E-06
  113   1 sigma   g   -.5138136788684287E+00        0.66E-06        0.17E-06
  113   1 sigma   g   -.5138136788684287E+00        0.66E-06        0.17E-06
 ... multipole moment expansion coefficients recalculated ...
  114   1 sigma   g   -.5138130730492561E+00        0.61E-06        0.16E-06
  114   1 sigma   g   -.5138130730492561E+00        0.61E-06        0.16E-06
  115   1 sigma   g   -.5138125137469612E+00        0.56E-06        0.14E-06
  115   1 sigma   g   -.5138125137469612E+00        0.56E-06        0.14E-06
 ... multipole moment expansion coefficients recalculated ...
  116   1 sigma   g   -.5138119973860629E+00        0.52E-06        0.13E-06
  116   1 sigma   g   -.5138119973860629E+00        0.52E-06        0.13E-06
  117   1 sigma   g   -.5138115206729836E+00        0.48E-06        0.12E-06
  117   1 sigma   g   -.5138115206729836E+00        0.48E-06        0.12E-06
 ... multipole moment expansion coefficients recalculated ...
  118   1 sigma   g   -.5138110805597168E+00        0.44E-06        0.11E-06
  118   1 sigma   g   -.5138110805597168E+00        0.44E-06        0.11E-06
  119   1 sigma   g   -.5138106742388981E+00        0.41E-06        0.10E-06
  119   1 sigma   g   -.5138106742388981E+00        0.41E-06        0.10E-06
 ... multipole moment expansion coefficients recalculated ...
  120   1 sigma   g   -.5138102991125415E+00        0.38E-06        0.96E-07
  120   1 sigma   g   -.5138102991125415E+00        0.38E-06        0.96E-07
 ... writing functions to disk (current precision) ...
 total energy:    -0.1091624470753586E+01
  121   1 sigma   g   -.5138099527879634E+00        0.35E-06        0.89E-07
  121   1 sigma   g   -.5138099527879634E+00        0.35E-06        0.89E-07
 ... multipole moment expansion coefficients recalculated ...
  122   1 sigma   g   -.5138096330511536E+00        0.32E-06        0.82E-07
  122   1 sigma   g   -.5138096330511536E+00        0.32E-06        0.82E-07
  123   1 sigma   g   -.5138093378630704E+00        0.30E-06        0.76E-07
  123   1 sigma   g   -.5138093378630704E+00        0.30E-06        0.76E-07
 ... multipole moment expansion coefficients recalculated ...
  124   1 sigma   g   -.5138090653368808E+00        0.27E-06        0.70E-07
  124   1 sigma   g   -.5138090653368808E+00        0.27E-06        0.70E-07
  125   1 sigma   g   -.5138088137347830E+00        0.25E-06        0.64E-07
  125   1 sigma   g   -.5138088137347830E+00        0.25E-06        0.64E-07
 ... multipole moment expansion coefficients recalculated ...
  126   1 sigma   g   -.5138085814484129E+00        0.23E-06        0.59E-07
  126   1 sigma   g   -.5138085814484129E+00        0.23E-06        0.59E-07
  127   1 sigma   g   -.5138083669966107E+00        0.21E-06        0.55E-07
  127   1 sigma   g   -.5138083669966107E+00        0.21E-06        0.55E-07
 ... multipole moment expansion coefficients recalculated ...
  128   1 sigma   g   -.5138081690086497E+00        0.20E-06        0.51E-07
  128   1 sigma   g   -.5138081690086497E+00        0.20E-06        0.51E-07
  129   1 sigma   g   -.5138079862219548E+00        0.18E-06        0.47E-07
  129   1 sigma   g   -.5138079862219548E+00        0.18E-06        0.47E-07
 ... multipole moment expansion coefficients recalculated ...
  130   1 sigma   g   -.5138078174681311E+00        0.17E-06        0.43E-07
  130   1 sigma   g   -.5138078174681311E+00        0.17E-06        0.43E-07
 ... writing functions to disk (current precision) ...
 total energy:    -0.1091621926691364E+01
  131   1 sigma   g   -.5138076616710681E+00        0.16E-06        0.40E-07
  131   1 sigma   g   -.5138076616710681E+00        0.16E-06        0.40E-07
 ... multipole moment expansion coefficients recalculated ...
  132   1 sigma   g   -.5138075178348536E+00        0.14E-06        0.37E-07
  132   1 sigma   g   -.5138075178348536E+00        0.14E-06        0.37E-07
  133   1 sigma   g   -.5138073850421665E+00        0.13E-06        0.34E-07
  133   1 sigma   g   -.5138073850421665E+00        0.13E-06        0.34E-07
 ... multipole moment expansion coefficients recalculated ...
  134   1 sigma   g   -.5138072624443275E+00        0.12E-06        0.31E-07
  134   1 sigma   g   -.5138072624443275E+00        0.12E-06        0.31E-07
  135   1 sigma   g   -.5138071492594982E+00        0.11E-06        0.29E-07
  135   1 sigma   g   -.5138071492594982E+00        0.11E-06        0.29E-07
 ... multipole moment expansion coefficients recalculated ...
  136   1 sigma   g   -.5138070447641360E+00        0.10E-06        0.27E-07
  136   1 sigma   g   -.5138070447641360E+00        0.10E-06        0.27E-07
  137   1 sigma   g   -.5138069482918457E+00        0.96E-07        0.25E-07
  137   1 sigma   g   -.5138069482918457E+00        0.96E-07        0.25E-07
 ... multipole moment expansion coefficients recalculated ...
  138   1 sigma   g   -.5138068592260758E+00        0.89E-07        0.23E-07
  138   1 sigma   g   -.5138068592260758E+00        0.89E-07        0.23E-07
  139   1 sigma   g   -.5138067769987390E+00        0.82E-07        0.21E-07
  139   1 sigma   g   -.5138067769987390E+00        0.82E-07        0.21E-07
 ... multipole moment expansion coefficients recalculated ...
  140   1 sigma   g   -.5138067010843360E+00        0.76E-07        0.19E-07
  140   1 sigma   g   -.5138067010843360E+00        0.76E-07        0.19E-07
 ... writing functions to disk (current precision) ...
 total energy:    -0.1091620782225718E+01
  141   1 sigma   g   -.5138066309985312E+00        0.70E-07        0.18E-07
  141   1 sigma   g   -.5138066309985312E+00        0.70E-07        0.18E-07
 ... multipole moment expansion coefficients recalculated ...
  142   1 sigma   g   -.5138065662934186E+00        0.65E-07        0.17E-07
  142   1 sigma   g   -.5138065662934186E+00        0.65E-07        0.17E-07
  143   1 sigma   g   -.5138065065563084E+00        0.60E-07        0.15E-07
  143   1 sigma   g   -.5138065065563084E+00        0.60E-07        0.15E-07
 ... multipole moment expansion coefficients recalculated ...
  144   1 sigma   g   -.5138064514054389E+00        0.55E-07        0.14E-07
  144   1 sigma   g   -.5138064514054389E+00        0.55E-07        0.14E-07
  145   1 sigma   g   -.5138064004890043E+00        0.51E-07        0.13E-07
  145   1 sigma   g   -.5138064004890043E+00        0.51E-07        0.13E-07
 ... multipole moment expansion coefficients recalculated ...
  146   1 sigma   g   -.5138063534815808E+00        0.47E-07        0.12E-07
  146   1 sigma   g   -.5138063534815808E+00        0.47E-07        0.12E-07
  147   1 sigma   g   -.5138063100832710E+00        0.43E-07        0.11E-07
  147   1 sigma   g   -.5138063100832710E+00        0.43E-07        0.11E-07
 ... multipole moment expansion coefficients recalculated ...
  148   1 sigma   g   -.5138062700168287E+00        0.40E-07        0.10E-07
  148   1 sigma   g   -.5138062700168287E+00        0.40E-07        0.10E-07
  149   1 sigma   g   -.5138062330266184E+00        0.37E-07        0.95E-08
  149   1 sigma   g   -.5138062330266184E+00        0.37E-07        0.95E-08
 ... multipole moment expansion coefficients recalculated ...
  150   1 sigma   g   -.5138061988762203E+00        0.34E-07        0.87E-08
  150   1 sigma   g   -.5138061988762203E+00        0.34E-07        0.87E-08
 ... writing functions to disk (current precision) ...
 total energy:    -0.1091620267385226E+01
  151   1 sigma   g   -.5138061673478866E+00        0.32E-07        0.81E-08
  151   1 sigma   g   -.5138061673478866E+00        0.32E-07        0.81E-08
 ... multipole moment expansion coefficients recalculated ...
  152   1 sigma   g   -.5138061382400733E+00        0.29E-07        0.75E-08
  152   1 sigma   g   -.5138061382400733E+00        0.29E-07        0.75E-08
  153   1 sigma   g   -.5138061113671304E+00        0.27E-07        0.69E-08
  153   1 sigma   g   -.5138061113671304E+00        0.27E-07        0.69E-08
 ... multipole moment expansion coefficients recalculated ...
  154   1 sigma   g   -.5138060865572476E+00        0.25E-07        0.64E-08
  154   1 sigma   g   -.5138060865572476E+00        0.25E-07        0.64E-08
  155   1 sigma   g   -.5138060636523371E+00        0.23E-07        0.59E-08
  155   1 sigma   g   -.5138060636523371E+00        0.23E-07        0.59E-08
 ... multipole moment expansion coefficients recalculated ...
  156   1 sigma   g   -.5138060425057890E+00        0.21E-07        0.54E-08
  156   1 sigma   g   -.5138060425057890E+00        0.21E-07        0.54E-08
  157   1 sigma   g   -.5138060229829340E+00        0.20E-07        0.50E-08
  157   1 sigma   g   -.5138060229829340E+00        0.20E-07        0.50E-08
 ... multipole moment expansion coefficients recalculated ...
  158   1 sigma   g   -.5138060049588251E+00        0.18E-07        0.46E-08
  158   1 sigma   g   -.5138060049588251E+00        0.18E-07        0.46E-08
  159   1 sigma   g   -.5138059883186481E+00        0.17E-07        0.43E-08
  159   1 sigma   g   -.5138059883186481E+00        0.17E-07        0.43E-08
 ... multipole moment expansion coefficients recalculated ...
  160   1 sigma   g   -.5138059729560059E+00        0.15E-07        0.39E-08
  160   1 sigma   g   -.5138059729560059E+00        0.15E-07        0.39E-08
 ... writing functions to disk (current precision) ...
 total energy:    -0.1091620035782308E+01
  161   1 sigma   g   -.5138059587728240E+00        0.14E-07        0.36E-08
  161   1 sigma   g   -.5138059587728240E+00        0.14E-07        0.36E-08
 ... multipole moment expansion coefficients recalculated ...
  162   1 sigma   g   -.5138059456785991E+00        0.13E-07        0.34E-08
  162   1 sigma   g   -.5138059456785991E+00        0.13E-07        0.34E-08
  163   1 sigma   g   -.5138059335896938E+00        0.12E-07        0.31E-08
  163   1 sigma   g   -.5138059335896938E+00        0.12E-07        0.31E-08
 ... multipole moment expansion coefficients recalculated ...
  164   1 sigma   g   -.5138059224289548E+00        0.11E-07        0.29E-08
  164   1 sigma   g   -.5138059224289548E+00        0.11E-07        0.29E-08
  165   1 sigma   g   -.5138059121250329E+00        0.10E-07        0.26E-08
  165   1 sigma   g   -.5138059121250329E+00        0.10E-07        0.26E-08
 ... multipole moment expansion coefficients recalculated ...
  166   1 sigma   g   -.5138059026122113E+00        0.95E-08        0.24E-08
  166   1 sigma   g   -.5138059026122113E+00        0.95E-08        0.24E-08
  167   1 sigma   g   -.5138058938297230E+00        0.88E-08        0.22E-08
  167   1 sigma   g   -.5138058938297230E+00        0.88E-08        0.22E-08
 ... multipole moment expansion coefficients recalculated ...
  168   1 sigma   g   -.5138058857215035E+00        0.81E-08        0.21E-08
  168   1 sigma   g   -.5138058857215035E+00        0.81E-08        0.21E-08
  169   1 sigma   g   -.5138058782359186E+00        0.75E-08        0.19E-08
  169   1 sigma   g   -.5138058782359186E+00        0.75E-08        0.19E-08
 ... multipole moment expansion coefficients recalculated ...
  170   1 sigma   g   -.5138058713249499E+00        0.69E-08        0.18E-08
  170   1 sigma   g   -.5138058713249499E+00        0.69E-08        0.18E-08
 ... writing functions to disk (current precision) ...
 total energy:    -0.1091619931594824E+01
  171   1 sigma   g   -.5138058649445869E+00        0.64E-08        0.16E-08
  171   1 sigma   g   -.5138058649445869E+00        0.64E-08        0.16E-08
 ... multipole moment expansion coefficients recalculated ...
  172   1 sigma   g   -.5138058590541266E+00        0.59E-08        0.15E-08
  172   1 sigma   g   -.5138058590541266E+00        0.59E-08        0.15E-08
  173   1 sigma   g   -.5138058536158175E+00        0.54E-08        0.14E-08
  173   1 sigma   g   -.5138058536158175E+00        0.54E-08        0.14E-08
 ... multipole moment expansion coefficients recalculated ...
  174   1 sigma   g   -.5138058485951226E+00        0.50E-08        0.13E-08
  174   1 sigma   g   -.5138058485951226E+00        0.50E-08        0.13E-08
  175   1 sigma   g   -.5138058439598476E+00        0.46E-08        0.12E-08
  175   1 sigma   g   -.5138058439598476E+00        0.46E-08        0.12E-08
 ... multipole moment expansion coefficients recalculated ...
  176   1 sigma   g   -.5138058396804525E+00        0.43E-08        0.11E-08
  176   1 sigma   g   -.5138058396804525E+00        0.43E-08        0.11E-08
  177   1 sigma   g   -.5138058357296168E+00        0.40E-08        0.10E-08
  177   1 sigma   g   -.5138058357296168E+00        0.40E-08        0.10E-08
 ... multipole moment expansion coefficients recalculated ...
  178   1 sigma   g   -.5138058320821643E+00        0.36E-08        0.93E-09
  178   1 sigma   g   -.5138058320821643E+00        0.36E-08        0.93E-09
  179   1 sigma   g   -.5138058287147615E+00        0.34E-08        0.86E-09
  179   1 sigma   g   -.5138058287147615E+00        0.34E-08        0.86E-09
 ... multipole moment expansion coefficients recalculated ...
  180   1 sigma   g   -.5138058256058484E+00        0.31E-08        0.80E-09
  180   1 sigma   g   -.5138058256058484E+00        0.31E-08        0.80E-09
 ... writing functions to disk (current precision) ...
 total energy:    -0.1091619884725692E+01
  181   1 sigma   g   -.5138058227356423E+00        0.29E-08        0.73E-09
  181   1 sigma   g   -.5138058227356423E+00        0.29E-08        0.73E-09
 ... multipole moment expansion coefficients recalculated ...
  182   1 sigma   g   -.5138058200858157E+00        0.26E-08        0.68E-09
  182   1 sigma   g   -.5138058200858157E+00        0.26E-08        0.68E-09
  183   1 sigma   g   -.5138058176393726E+00        0.24E-08        0.63E-09
  183   1 sigma   g   -.5138058176393726E+00        0.24E-08        0.63E-09
 ... multipole moment expansion coefficients recalculated ...
  184   1 sigma   g   -.5138058153807075E+00        0.23E-08        0.58E-09
  184   1 sigma   g   -.5138058153807075E+00        0.23E-08        0.58E-09
  185   1 sigma   g   -.5138058132955643E+00        0.21E-08        0.53E-09
  185   1 sigma   g   -.5138058132955643E+00        0.21E-08        0.53E-09
 ... multipole moment expansion coefficients recalculated ...
  186   1 sigma   g   -.5138058113704493E+00        0.19E-08        0.49E-09
  186   1 sigma   g   -.5138058113704493E+00        0.19E-08        0.49E-09
  187   1 sigma   g   -.5138058095931815E+00        0.18E-08        0.46E-09
  187   1 sigma   g   -.5138058095931815E+00        0.18E-08        0.46E-09
 ... multipole moment expansion coefficients recalculated ...
  188   1 sigma   g   -.5138058079523361E+00        0.16E-08        0.42E-09
  188   1 sigma   g   -.5138058079523361E+00        0.16E-08        0.42E-09
  189   1 sigma   g   -.5138058064374837E+00        0.15E-08        0.39E-09
  189   1 sigma   g   -.5138058064374837E+00        0.15E-08        0.39E-09
 ... multipole moment expansion coefficients recalculated ...
  190   1 sigma   g   -.5138058050389546E+00        0.14E-08        0.36E-09
  190   1 sigma   g   -.5138058050389546E+00        0.14E-08        0.36E-09
 ... writing functions to disk (current precision) ...
 total energy:    -0.1091619863641475E+01
  191   1 sigma   g   -.5138058037477715E+00        0.13E-08        0.33E-09
  191   1 sigma   g   -.5138058037477715E+00        0.13E-08        0.33E-09
 ... multipole moment expansion coefficients recalculated ...
  192   1 sigma   g   -.5138058025557523E+00        0.12E-08        0.31E-09
  192   1 sigma   g   -.5138058025557523E+00        0.12E-08        0.31E-09
  193   1 sigma   g   -.5138058014552213E+00        0.11E-08        0.28E-09
  193   1 sigma   g   -.5138058014552213E+00        0.11E-08        0.28E-09
 ... multipole moment expansion coefficients recalculated ...
  194   1 sigma   g   -.5138058004391420E+00        0.10E-08        0.26E-09
  194   1 sigma   g   -.5138058004391420E+00        0.10E-08        0.26E-09
  195   1 sigma   g   -.5138057995011120E+00        0.94E-09        0.24E-09
  195   1 sigma   g   -.5138057995011120E+00        0.94E-09        0.24E-09
 ... multipole moment expansion coefficients recalculated ...
  196   1 sigma   g   -.5138057986350534E+00        0.87E-09        0.22E-09
  196   1 sigma   g   -.5138057986350534E+00        0.87E-09        0.22E-09
  197   1 sigma   g   -.5138057978355429E+00        0.80E-09        0.20E-09
  197   1 sigma   g   -.5138057978355429E+00        0.80E-09        0.20E-09
 ... multipole moment expansion coefficients recalculated ...
  198   1 sigma   g   -.5138057970974191E+00        0.74E-09        0.19E-09
  198   1 sigma   g   -.5138057970974191E+00        0.74E-09        0.19E-09
  199   1 sigma   g   -.5138057964159526E+00        0.68E-09        0.17E-09
  199   1 sigma   g   -.5138057964159526E+00        0.68E-09        0.17E-09
 ... multipole moment expansion coefficients recalculated ...
  200   1 sigma   g   -.5138057957867617E+00        0.63E-09        0.16E-09
  200   1 sigma   g   -.5138057957867617E+00        0.63E-09        0.16E-09
 ... writing functions to disk (current precision) ...
 total energy:    -0.1091619854156461E+01
  201   1 sigma   g   -.5138057952059460E+00        0.58E-09        0.15E-09
  201   1 sigma   g   -.5138057952059460E+00        0.58E-09        0.15E-09
 ... multipole moment expansion coefficients recalculated ...
  202   1 sigma   g   -.5138057946696766E+00        0.54E-09        0.14E-09
  202   1 sigma   g   -.5138057946696766E+00        0.54E-09        0.14E-09
  203   1 sigma   g   -.5138057941745959E+00        0.50E-09        0.13E-09
  203   1 sigma   g   -.5138057941745959E+00        0.50E-09        0.13E-09
 ... multipole moment expansion coefficients recalculated ...
  204   1 sigma   g   -.5138057937176232E+00        0.46E-09        0.12E-09
  204   1 sigma   g   -.5138057937176232E+00        0.46E-09        0.12E-09
  205   1 sigma   g   -.5138057932956027E+00        0.42E-09        0.11E-09
  205   1 sigma   g   -.5138057932956027E+00        0.42E-09        0.11E-09
 ... multipole moment expansion coefficients recalculated ...
  206   1 sigma   g   -.5138057929060156E+00        0.39E-09        0.10E-09
  206   1 sigma   g   -.5138057929060156E+00        0.39E-09        0.10E-09
  207   1 sigma   g   -.5138057925463194E+00        0.36E-09        0.92E-10
  207   1 sigma   g   -.5138057925463194E+00        0.36E-09        0.92E-10
 ... multipole moment expansion coefficients recalculated ...
  208   1 sigma   g   -.5138057922143069E+00        0.33E-09        0.85E-10
  208   1 sigma   g   -.5138057922143069E+00        0.33E-09        0.85E-10
  209   1 sigma   g   -.5138057919077652E+00        0.31E-09        0.79E-10
  209   1 sigma   g   -.5138057919077652E+00        0.31E-09        0.79E-10
 ... multipole moment expansion coefficients recalculated ...
  210   1 sigma   g   -.5138057916247531E+00        0.28E-09        0.73E-10
  210   1 sigma   g   -.5138057916247531E+00        0.28E-09        0.73E-10
 ... writing functions to disk (current precision) ...
 total energy:    -0.1091619849889824E+01
  211   1 sigma   g   -.5138057913634582E+00        0.26E-09        0.67E-10
  211   1 sigma   g   -.5138057913634582E+00        0.26E-09        0.67E-10
 ... multipole moment expansion coefficients recalculated ...
  212   1 sigma   g   -.5138057911222144E+00        0.24E-09        0.62E-10
  212   1 sigma   g   -.5138057911222144E+00        0.24E-09        0.62E-10
  213   1 sigma   g   -.5138057908995349E+00        0.22E-09        0.57E-10
  213   1 sigma   g   -.5138057908995349E+00        0.22E-09        0.57E-10
 ... multipole moment expansion coefficients recalculated ...
  214   1 sigma   g   -.5138057906939434E+00        0.21E-09        0.53E-10
  214   1 sigma   g   -.5138057906939434E+00        0.21E-09        0.53E-10
  215   1 sigma   g   -.5138057905040938E+00        0.19E-09        0.49E-10
  215   1 sigma   g   -.5138057905040938E+00        0.19E-09        0.49E-10
 ... multipole moment expansion coefficients recalculated ...
  216   1 sigma   g   -.5138057903288236E+00        0.18E-09        0.45E-10
  216   1 sigma   g   -.5138057903288236E+00        0.18E-09        0.45E-10
  217   1 sigma   g   -.5138057901669755E+00        0.16E-09        0.41E-10
  217   1 sigma   g   -.5138057901669755E+00        0.16E-09        0.41E-10
 ... multipole moment expansion coefficients recalculated ...
  218   1 sigma   g   -.5138057900176055E+00        0.15E-09        0.38E-10
  218   1 sigma   g   -.5138057900176055E+00        0.15E-09        0.38E-10
  219   1 sigma   g   -.5138057898796956E+00        0.14E-09        0.35E-10
  219   1 sigma   g   -.5138057898796956E+00        0.14E-09        0.35E-10
 ... multipole moment expansion coefficients recalculated ...
  220   1 sigma   g   -.5138057897524086E+00        0.13E-09        0.33E-10
  220   1 sigma   g   -.5138057897524086E+00        0.13E-09        0.33E-10
 ... writing functions to disk (current precision) ...
 total energy:    -0.1091619847970380E+01
  221   1 sigma   g   -.5138057896349115E+00        0.12E-09        0.30E-10
  221   1 sigma   g   -.5138057896349115E+00        0.12E-09        0.30E-10
 ... multipole moment expansion coefficients recalculated ...
  222   1 sigma   g   -.5138057895263757E+00        0.11E-09        0.28E-10
  222   1 sigma   g   -.5138057895263757E+00        0.11E-09        0.28E-10
  223   1 sigma   g   -.5138057894262035E+00        0.10E-09        0.26E-10
  223   1 sigma   g   -.5138057894262035E+00        0.10E-09        0.26E-10
 ... multipole moment expansion coefficients recalculated ...
  224   1 sigma   g   -.5138057893337319E+00        0.92E-10        0.24E-10
  224   1 sigma   g   -.5138057893337319E+00        0.92E-10        0.24E-10
  225   1 sigma   g   -.5138057892482917E+00        0.85E-10        0.22E-10
  225   1 sigma   g   -.5138057892482917E+00        0.85E-10        0.22E-10
 ... multipole moment expansion coefficients recalculated ...
  226   1 sigma   g   -.5138057891694008E+00        0.79E-10        0.20E-10
  226   1 sigma   g   -.5138057891694008E+00        0.79E-10        0.20E-10
  227   1 sigma   g   -.5138057890965944E+00        0.73E-10        0.19E-10
  227   1 sigma   g   -.5138057890965944E+00        0.73E-10        0.19E-10
 ... multipole moment expansion coefficients recalculated ...
  228   1 sigma   g   -.5138057890294491E+00        0.67E-10        0.17E-10
  228   1 sigma   g   -.5138057890294491E+00        0.67E-10        0.17E-10
  229   1 sigma   g   -.5138057889674472E+00        0.62E-10        0.16E-10
  229   1 sigma   g   -.5138057889674472E+00        0.62E-10        0.16E-10
 ... multipole moment expansion coefficients recalculated ...
  230   1 sigma   g   -.5138057889101386E+00        0.57E-10        0.15E-10
  230   1 sigma   g   -.5138057889101386E+00        0.57E-10        0.15E-10
 ... writing functions to disk (current precision) ...
 total energy:    -0.1091619847106918E+01
  231   1 sigma   g   -.5138057888572982E+00        0.53E-10        0.14E-10
  231   1 sigma   g   -.5138057888572982E+00        0.53E-10        0.14E-10
 ... multipole moment expansion coefficients recalculated ...
  232   1 sigma   g   -.5138057888084797E+00        0.49E-10        0.13E-10
  232   1 sigma   g   -.5138057888084797E+00        0.49E-10        0.13E-10
  233   1 sigma   g   -.5138057887634395E+00        0.45E-10        0.12E-10
  233   1 sigma   g   -.5138057887634395E+00        0.45E-10        0.12E-10
 ... multipole moment expansion coefficients recalculated ...
  234   1 sigma   g   -.5138057887218220E+00        0.42E-10        0.11E-10
  234   1 sigma   g   -.5138057887218220E+00        0.42E-10        0.11E-10
  235   1 sigma   g   -.5138057886833687E+00        0.38E-10        0.99E-11
  235   1 sigma   g   -.5138057886833687E+00        0.38E-10        0.99E-11
 ... multipole moment expansion coefficients recalculated ...
  236   1 sigma   g   -.5138057886478946E+00        0.35E-10        0.92E-11
  236   1 sigma   g   -.5138057886478946E+00        0.35E-10        0.92E-11
  237   1 sigma   g   -.5138057886151193E+00        0.33E-10        0.85E-11
  237   1 sigma   g   -.5138057886151193E+00        0.33E-10        0.85E-11
 ... multipole moment expansion coefficients recalculated ...
  238   1 sigma   g   -.5138057885849323E+00        0.30E-10        0.78E-11
  238   1 sigma   g   -.5138057885849323E+00        0.30E-10        0.78E-11
  239   1 sigma   g   -.5138057885570462E+00        0.28E-10        0.72E-11
  239   1 sigma   g   -.5138057885570462E+00        0.28E-10        0.72E-11
 ... multipole moment expansion coefficients recalculated ...
  240   1 sigma   g   -.5138057885312411E+00        0.26E-10        0.67E-11
  240   1 sigma   g   -.5138057885312411E+00        0.26E-10        0.67E-11
 ... writing functions to disk (current precision) ...
 total energy:    -0.1091619846718501E+01
  241   1 sigma   g   -.5138057885074273E+00        0.24E-10        0.62E-11
  241   1 sigma   g   -.5138057885074273E+00        0.24E-10        0.62E-11
 ... multipole moment expansion coefficients recalculated ...
  242   1 sigma   g   -.5138057884855136E+00        0.22E-10        0.57E-11
  242   1 sigma   g   -.5138057884855136E+00        0.22E-10        0.57E-11
  243   1 sigma   g   -.5138057884652593E+00        0.20E-10        0.53E-11
  243   1 sigma   g   -.5138057884652593E+00        0.20E-10        0.53E-11
 ... multipole moment expansion coefficients recalculated ...
  244   1 sigma   g   -.5138057884465108E+00        0.19E-10        0.49E-11
  244   1 sigma   g   -.5138057884465108E+00        0.19E-10        0.49E-11
  245   1 sigma   g   -.5138057884292028E+00        0.17E-10        0.45E-11
  245   1 sigma   g   -.5138057884292028E+00        0.17E-10        0.45E-11
 ... multipole moment expansion coefficients recalculated ...
  246   1 sigma   g   -.5138057884132500E+00        0.16E-10        0.41E-11
  246   1 sigma   g   -.5138057884132500E+00        0.16E-10        0.41E-11
  247   1 sigma   g   -.5138057883984876E+00        0.15E-10        0.38E-11
  247   1 sigma   g   -.5138057883984876E+00        0.15E-10        0.38E-11
 ... multipole moment expansion coefficients recalculated ...
  248   1 sigma   g   -.5138057883849245E+00        0.14E-10        0.35E-11
  248   1 sigma   g   -.5138057883849245E+00        0.14E-10        0.35E-11
  249   1 sigma   g   -.5138057883723902E+00        0.13E-10        0.33E-11
  249   1 sigma   g   -.5138057883723902E+00        0.13E-10        0.33E-11
 ... multipole moment expansion coefficients recalculated ...
  250   1 sigma   g   -.5138057883608059E+00        0.12E-10        0.30E-11
  250   1 sigma   g   -.5138057883608059E+00        0.12E-10        0.30E-11
 ... writing functions to disk (current precision) ...
 total energy:    -0.1091619846543797E+01
  251   1 sigma   g   -.5138057883501685E+00        0.11E-10        0.28E-11
  251   1 sigma   g   -.5138057883501685E+00        0.11E-10        0.28E-11
 ... multipole moment expansion coefficients recalculated ...
  252   1 sigma   g   -.5138057883402103E+00        0.10E-10        0.26E-11
  252   1 sigma   g   -.5138057883402103E+00        0.10E-10        0.26E-11
  253   1 sigma   g   -.5138057883311079E+00        0.91E-11        0.24E-11
  253   1 sigma   g   -.5138057883311079E+00        0.91E-11        0.24E-11
 ... multipole moment expansion coefficients recalculated ...
  254   1 sigma   g   -.5138057883227114E+00        0.84E-11        0.22E-11
  254   1 sigma   g   -.5138057883227114E+00        0.84E-11        0.22E-11
  255   1 sigma   g   -.5138057883149382E+00        0.78E-11        0.21E-11
  255   1 sigma   g   -.5138057883149382E+00        0.78E-11        0.21E-11
 ... multipole moment expansion coefficients recalculated ...
  256   1 sigma   g   -.5138057883077317E+00        0.72E-11        0.19E-11
  256   1 sigma   g   -.5138057883077317E+00        0.72E-11        0.19E-11
  257   1 sigma   g   -.5138057883011298E+00        0.66E-11        0.18E-11
  257   1 sigma   g   -.5138057883011298E+00        0.66E-11        0.18E-11
 ... multipole moment expansion coefficients recalculated ...
  258   1 sigma   g   -.5138057882949670E+00        0.62E-11        0.17E-11
  258   1 sigma   g   -.5138057882949670E+00        0.62E-11        0.17E-11
  259   1 sigma   g   -.5138057882893368E+00        0.56E-11        0.15E-11
  259   1 sigma   g   -.5138057882893368E+00        0.56E-11        0.15E-11
 ... multipole moment expansion coefficients recalculated ...
  260   1 sigma   g   -.5138057882841083E+00        0.52E-11        0.14E-11
  260   1 sigma   g   -.5138057882841083E+00        0.52E-11        0.14E-11
 ... writing functions to disk (current precision) ...
 total energy:    -0.1091619846465152E+01
  261   1 sigma   g   -.5138057882792925E+00        0.48E-11        0.13E-11
  261   1 sigma   g   -.5138057882792925E+00        0.48E-11        0.13E-11
 ... multipole moment expansion coefficients recalculated ...
  262   1 sigma   g   -.5138057882747721E+00        0.45E-11        0.12E-11
  262   1 sigma   g   -.5138057882747721E+00        0.45E-11        0.12E-11
  263   1 sigma   g   -.5138057882706882E+00        0.41E-11        0.11E-11
  263   1 sigma   g   -.5138057882706882E+00        0.41E-11        0.11E-11
 ... multipole moment expansion coefficients recalculated ...
  264   1 sigma   g   -.5138057882669306E+00        0.38E-11        0.10E-11
  264   1 sigma   g   -.5138057882669306E+00        0.38E-11        0.10E-11
  265   1 sigma   g   -.5138057882634569E+00        0.35E-11        0.96E-12
  265   1 sigma   g   -.5138057882634569E+00        0.35E-11        0.96E-12
 ... multipole moment expansion coefficients recalculated ...
  266   1 sigma   g   -.5138057882602504E+00        0.32E-11        0.89E-12
  266   1 sigma   g   -.5138057882602504E+00        0.32E-11        0.89E-12
  267   1 sigma   g   -.5138057882572372E+00        0.30E-11        0.85E-12
  267   1 sigma   g   -.5138057882572372E+00        0.30E-11        0.85E-12
 ... multipole moment expansion coefficients recalculated ...
  268   1 sigma   g   -.5138057882544892E+00        0.27E-11        0.78E-12
  268   1 sigma   g   -.5138057882544892E+00        0.27E-11        0.78E-12
  269   1 sigma   g   -.5138057882519899E+00        0.25E-11        0.71E-12
  269   1 sigma   g   -.5138057882519899E+00        0.25E-11        0.71E-12
 ... multipole moment expansion coefficients recalculated ...
  270   1 sigma   g   -.5138057882496470E+00        0.23E-11        0.69E-12
  270   1 sigma   g   -.5138057882496470E+00        0.23E-11        0.69E-12
 ... writing functions to disk (current precision) ...
 total energy:    -0.1091619846429858E+01
  271   1 sigma   g   -.5138057882474532E+00        0.22E-11        0.65E-12
  271   1 sigma   g   -.5138057882474532E+00        0.22E-11        0.65E-12
  272   1 sigma   g   -.5138057882454126E+00        0.20E-11        0.59E-12
  272   1 sigma   g   -.5138057882454126E+00        0.20E-11        0.59E-12
 ... multipole moment expansion coefficients recalculated ...
  273   1 sigma   g   -.5138057882436055E+00        0.18E-11        0.53E-12
  273   1 sigma   g   -.5138057882436055E+00        0.18E-11        0.53E-12
  274   1 sigma   g   -.5138057882419165E+00        0.17E-11        0.50E-12
  274   1 sigma   g   -.5138057882419165E+00        0.17E-11        0.50E-12
 ... multipole moment expansion coefficients recalculated ...
  275   1 sigma   g   -.5138057882404037E+00        0.15E-11        0.48E-12
  275   1 sigma   g   -.5138057882404037E+00        0.15E-11        0.48E-12
  276   1 sigma   g   -.5138057882389491E+00        0.15E-11        0.48E-12
  276   1 sigma   g   -.5138057882389491E+00        0.15E-11        0.48E-12
 ... multipole moment expansion coefficients recalculated ...
  277   1 sigma   g   -.5138057882375320E+00        0.14E-11        0.45E-12
  277   1 sigma   g   -.5138057882375320E+00        0.14E-11        0.45E-12
  278   1 sigma   g   -.5138057882363252E+00        0.12E-11        0.39E-12
  278   1 sigma   g   -.5138057882363252E+00        0.12E-11        0.39E-12
 ... multipole moment expansion coefficients recalculated ...
  279   1 sigma   g   -.5138057882351617E+00        0.12E-11        0.38E-12
  279   1 sigma   g   -.5138057882351617E+00        0.12E-11        0.38E-12
  280   1 sigma   g   -.5138057882341329E+00        0.10E-11        0.34E-12
  280   1 sigma   g   -.5138057882341329E+00        0.10E-11        0.34E-12
 ... multipole moment expansion coefficients recalculated ...
 ... writing functions to disk (current precision) ...
 total energy:    -0.1091619846413964E+01
  281   1 sigma   g   -.5138057882331238E+00        0.10E-11        0.33E-12
  281   1 sigma   g   -.5138057882331238E+00        0.10E-11        0.33E-12
  282   1 sigma   g   -.5138057882322038E+00        0.92E-12        0.30E-12
  282   1 sigma   g   -.5138057882322038E+00        0.92E-12        0.30E-12
  283   1 sigma   g   -.5138057882313818E+00        0.82E-12        0.27E-12
  283   1 sigma   g   -.5138057882313818E+00        0.82E-12        0.27E-12
 ... multipole moment expansion coefficients recalculated ...
  284   1 sigma   g   -.5138057882306182E+00        0.76E-12        0.26E-12
  284   1 sigma   g   -.5138057882306182E+00        0.76E-12        0.26E-12
  285   1 sigma   g   -.5138057882299428E+00        0.68E-12        0.25E-12
  285   1 sigma   g   -.5138057882299428E+00        0.68E-12        0.25E-12
 ... multipole moment expansion coefficients recalculated ...
  286   1 sigma   g   -.5138057882292877E+00        0.66E-12        0.25E-12
  286   1 sigma   g   -.5138057882292877E+00        0.66E-12        0.25E-12
  287   1 sigma   g   -.5138057882286695E+00        0.62E-12        0.24E-12
  287   1 sigma   g   -.5138057882286695E+00        0.62E-12        0.24E-12
  288   1 sigma   g   -.5138057882281367E+00        0.53E-12        0.22E-12
  288   1 sigma   g   -.5138057882281367E+00        0.53E-12        0.22E-12
 ... multipole moment expansion coefficients recalculated ...
  289   1 sigma   g   -.5138057882276467E+00        0.49E-12        0.21E-12
  289   1 sigma   g   -.5138057882276467E+00        0.49E-12        0.21E-12
  290   1 sigma   g   -.5138057882270983E+00        0.55E-12        0.22E-12
  290   1 sigma   g   -.5138057882270983E+00        0.55E-12        0.22E-12
 ... writing functions to disk (current precision) ...
 total energy:    -0.1091619846406696E+01
  291   1 sigma   g   -.5138057882266576E+00        0.44E-12        0.17E-12
  291   1 sigma   g   -.5138057882266576E+00        0.44E-12        0.17E-12
 ... multipole moment expansion coefficients recalculated ...
  292   1 sigma   g   -.5138057882262630E+00        0.39E-12        0.16E-12
  292   1 sigma   g   -.5138057882262630E+00        0.39E-12        0.16E-12
  293   1 sigma   g   -.5138057882258774E+00        0.39E-12        0.16E-12
  293   1 sigma   g   -.5138057882258774E+00        0.39E-12        0.16E-12
  294   1 sigma   g   -.5138057882255528E+00        0.32E-12        0.14E-12
  294   1 sigma   g   -.5138057882255528E+00        0.32E-12        0.14E-12
 ... multipole moment expansion coefficients recalculated ...
  295   1 sigma   g   -.5138057882252176E+00        0.34E-12        0.15E-12
  295   1 sigma   g   -.5138057882252176E+00        0.34E-12        0.15E-12
  296   1 sigma   g   -.5138057882249176E+00        0.30E-12        0.14E-12
  296   1 sigma   g   -.5138057882249176E+00        0.30E-12        0.14E-12
  297   1 sigma   g   -.5138057882246468E+00        0.27E-12        0.13E-12
  297   1 sigma   g   -.5138057882246468E+00        0.27E-12        0.13E-12
 ... multipole moment expansion coefficients recalculated ...
  298   1 sigma   g   -.5138057882244284E+00        0.22E-12        0.12E-12
  298   1 sigma   g   -.5138057882244284E+00        0.22E-12        0.12E-12
 ... multipole moment expansion coefficients recalculated ...
  299   1 sigma   g   -.5138057882242013E+00        0.23E-12        0.14E-12
  299   1 sigma   g   -.5138057882242013E+00        0.23E-12        0.14E-12
  300   1 sigma   g   -.5138057882240197E+00        0.18E-12        0.13E-12
  300   1 sigma   g   -.5138057882240197E+00        0.18E-12        0.13E-12
 ... multipole moment expansion coefficients recalculated ...
 ... writing functions to disk (current precision) ...
 total energy:    -0.1091619846403578E+01
  301   1 sigma   g   -.5138057882238083E+00        0.21E-12        0.15E-12
  301   1 sigma   g   -.5138057882238083E+00        0.21E-12        0.15E-12
 ... multipole moment expansion coefficients recalculated ...
  302   1 sigma   g   -.5138057882235881E+00        0.22E-12        0.13E-12
  302   1 sigma   g   -.5138057882235881E+00        0.22E-12        0.13E-12
  303   1 sigma   g   -.5138057882233921E+00        0.20E-12        0.11E-12
  303   1 sigma   g   -.5138057882233921E+00        0.20E-12        0.11E-12
  304   1 sigma   g   -.5138057882232662E+00        0.13E-12        0.84E-13
  304   1 sigma   g   -.5138057882232662E+00        0.13E-12        0.84E-13
 ... multipole moment expansion coefficients recalculated ...
  305   1 sigma   g   -.5138057882231396E+00        0.13E-12        0.96E-13
  305   1 sigma   g   -.5138057882231396E+00        0.13E-12        0.96E-13
  306   1 sigma   g   -.5138057882229887E+00        0.15E-12        0.10E-12
  306   1 sigma   g   -.5138057882229887E+00        0.15E-12        0.10E-12
 ... multipole moment expansion coefficients recalculated ...
  307   1 sigma   g   -.5138057882229121E+00        0.77E-13        0.94E-13
  307   1 sigma   g   -.5138057882229121E+00        0.77E-13        0.94E-13
 ... multipole moment expansion coefficients recalculated ...
  308   1 sigma   g   -.5138057882227972E+00        0.11E-12        0.12E-12
  308   1 sigma   g   -.5138057882227972E+00        0.11E-12        0.12E-12
 ... multipole moment expansion coefficients recalculated ...
  309   1 sigma   g   -.5138057882226207E+00        0.18E-12        0.11E-12
  309   1 sigma   g   -.5138057882226207E+00        0.18E-12        0.11E-12
 ... multipole moment expansion coefficients recalculated ...
  310   1 sigma   g   -.5138057882225353E+00        0.85E-13        0.70E-13
  310   1 sigma   g   -.5138057882225353E+00        0.85E-13        0.70E-13
 ... multipole moment expansion coefficients recalculated ...
 ... writing functions to disk (current precision) ...
 total energy:    -0.1091619846401986E+01
  311   1 sigma   g   -.5138057882224332E+00        0.10E-12        0.74E-13
  311   1 sigma   g   -.5138057882224332E+00        0.10E-12        0.74E-13
 ... multipole moment expansion coefficients recalculated ...
  312   1 sigma   g   -.5138057882223613E+00        0.72E-13        0.68E-13
  312   1 sigma   g   -.5138057882223613E+00        0.72E-13        0.68E-13
 ... multipole moment expansion coefficients recalculated ...
  313   1 sigma   g   -.5138057882222854E+00        0.76E-13        0.70E-13
  313   1 sigma   g   -.5138057882222854E+00        0.76E-13        0.70E-13
  314   1 sigma   g   -.5138057882222795E+00        0.59E-14        0.69E-13
  314   1 sigma   g   -.5138057882222795E+00        0.59E-14        0.69E-13
 ... multipole moment expansion coefficients recalculated ...
  315   1 sigma   g   -.5138057882221707E+00        0.11E-12        0.10E-12
  315   1 sigma   g   -.5138057882221707E+00        0.11E-12        0.10E-12
 ... multipole moment expansion coefficients recalculated ...
  316   1 sigma   g   -.5138057882220949E+00        0.76E-13        0.79E-13
  316   1 sigma   g   -.5138057882220949E+00        0.76E-13        0.79E-13
 ... multipole moment expansion coefficients recalculated ...
  317   1 sigma   g   -.5138057882220276E+00        0.67E-13        0.65E-13
  317   1 sigma   g   -.5138057882220276E+00        0.67E-13        0.65E-13
  318   1 sigma   g   -.5138057882220217E+00        0.59E-14        0.60E-13
  318   1 sigma   g   -.5138057882220217E+00        0.59E-14        0.60E-13
 ... multipole moment expansion coefficients recalculated ...
  319   1 sigma   g   -.5138057882219240E+00        0.98E-13        0.81E-13
  319   1 sigma   g   -.5138057882219240E+00        0.98E-13        0.81E-13
 ... multipole moment expansion coefficients recalculated ...
  320   1 sigma   g   -.5138057882218759E+00        0.48E-13        0.58E-13
  320   1 sigma   g   -.5138057882218759E+00        0.48E-13        0.58E-13
 ... multipole moment expansion coefficients recalculated ...
 ... writing functions to disk (current precision) ...
 total energy:    -0.1091619846401288E+01
  321   1 sigma   g   -.5138057882218757E+00        0.22E-15        0.53E-13
  321   1 sigma   g   -.5138057882218757E+00        0.22E-15        0.53E-13
 ... multipole moment expansion coefficients recalculated ...
  322   1 sigma   g   -.5138057882218412E+00        0.35E-13        0.75E-13
  322   1 sigma   g   -.5138057882218412E+00        0.35E-13        0.75E-13
 ... multipole moment expansion coefficients recalculated ...
  323   1 sigma   g   -.5138057882218883E+00       -0.47E-13        0.75E-13
  323   1 sigma   g   -.5138057882218883E+00       -0.47E-13        0.75E-13
 ... multipole moment expansion coefficients recalculated ...
  324   1 sigma   g   -.5138057882217786E+00        0.11E-12        0.12E-12
  324   1 sigma   g   -.5138057882217786E+00        0.11E-12        0.12E-12
 ... multipole moment expansion coefficients recalculated ...
  325   1 sigma   g   -.5138057882217433E+00        0.35E-13        0.75E-13
  325   1 sigma   g   -.5138057882217433E+00        0.35E-13        0.75E-13
 ... multipole moment expansion coefficients recalculated ...
  326   1 sigma   g   -.5138057882217355E+00        0.78E-14        0.69E-13
  326   1 sigma   g   -.5138057882217355E+00        0.78E-14        0.69E-13
 ... multipole moment expansion coefficients recalculated ...
  327   1 sigma   g   -.5138057882217176E+00        0.18E-13        0.76E-13
  327   1 sigma   g   -.5138057882217176E+00        0.18E-13        0.76E-13
 ... multipole moment expansion coefficients recalculated ...
  328   1 sigma   g   -.5138057882217364E+00       -0.19E-13        0.78E-13
  328   1 sigma   g   -.5138057882217364E+00       -0.19E-13        0.78E-13
  329   1 sigma   g   -.5138057882216787E+00        0.58E-13        0.96E-13
  329   1 sigma   g   -.5138057882216787E+00        0.58E-13        0.96E-13
 ... multipole moment expansion coefficients recalculated ...
  330   1 sigma   g   -.5138057882217255E+00       -0.47E-13        0.79E-13
  330   1 sigma   g   -.5138057882217255E+00       -0.47E-13        0.79E-13
 ... multipole moment expansion coefficients recalculated ...
 ... writing functions to disk (current precision) ...
 total energy:    -0.1091619846401264E+01
  331   1 sigma   g   -.5138057882216187E+00        0.11E-12        0.11E-12
  331   1 sigma   g   -.5138057882216187E+00        0.11E-12        0.11E-12
 ... multipole moment expansion coefficients recalculated ...
  332   1 sigma   g   -.5138057882215719E+00        0.47E-13        0.66E-13
  332   1 sigma   g   -.5138057882215719E+00        0.47E-13        0.66E-13
 ... multipole moment expansion coefficients recalculated ...
  333   1 sigma   g   -.5138057882215541E+00        0.18E-13        0.42E-13
  333   1 sigma   g   -.5138057882215541E+00        0.18E-13        0.42E-13
 ... multipole moment expansion coefficients recalculated ...
  334   1 sigma   g   -.5138057882215551E+00       -0.10E-14        0.41E-13
  334   1 sigma   g   -.5138057882215551E+00       -0.10E-14        0.41E-13
 ... multipole moment expansion coefficients recalculated ...
  335   1 sigma   g   -.5138057882215489E+00        0.62E-14        0.48E-13
  335   1 sigma   g   -.5138057882215489E+00        0.62E-14        0.48E-13
 ... multipole moment expansion coefficients recalculated ...
  336   1 sigma   g   -.5138057882215369E+00        0.12E-13        0.53E-13
  336   1 sigma   g   -.5138057882215369E+00        0.12E-13        0.53E-13
 ... multipole moment expansion coefficients recalculated ...
  337   1 sigma   g   -.5138057882215534E+00       -0.17E-13        0.53E-13
  337   1 sigma   g   -.5138057882215534E+00       -0.17E-13        0.53E-13
 ... multipole moment expansion coefficients recalculated ...
  338   1 sigma   g   -.5138057882215389E+00        0.15E-13        0.69E-13
  338   1 sigma   g   -.5138057882215389E+00        0.15E-13        0.69E-13
  339   1 sigma   g   -.5138057882215414E+00       -0.26E-14        0.67E-13
  339   1 sigma   g   -.5138057882215414E+00       -0.26E-14        0.67E-13
 ... multipole moment expansion coefficients recalculated ...
  340   1 sigma   g   -.5138057882214719E+00        0.69E-13        0.73E-13
  340   1 sigma   g   -.5138057882214719E+00        0.69E-13        0.73E-13
 ... multipole moment expansion coefficients recalculated ...
 ... writing functions to disk (current precision) ...
 total energy:    -0.1091619846400866E+01
  341   1 sigma   g   -.5138057882215002E+00       -0.28E-13        0.39E-13
  341   1 sigma   g   -.5138057882215002E+00       -0.28E-13        0.39E-13
 ... multipole moment expansion coefficients recalculated ...
  342   1 sigma   g   -.5138057882214941E+00        0.61E-14        0.55E-13
  342   1 sigma   g   -.5138057882214941E+00        0.61E-14        0.55E-13
 ... multipole moment expansion coefficients recalculated ...
  343   1 sigma   g   -.5138057882215046E+00       -0.10E-13        0.57E-13
  343   1 sigma   g   -.5138057882215046E+00       -0.10E-13        0.57E-13
 ... multipole moment expansion coefficients recalculated ...
  344   1 sigma   g   -.5138057882214823E+00        0.22E-13        0.67E-13
  344   1 sigma   g   -.5138057882214823E+00        0.22E-13        0.67E-13
 ... multipole moment expansion coefficients recalculated ...
  345   1 sigma   g   -.5138057882215616E+00       -0.79E-13        0.58E-13
  345   1 sigma   g   -.5138057882215616E+00       -0.79E-13        0.58E-13
 ... multipole moment expansion coefficients recalculated ...
  346   1 sigma   g   -.5138057882215438E+00        0.18E-13        0.10E-12
  346   1 sigma   g   -.5138057882215438E+00        0.18E-13        0.10E-12
 ... multipole moment expansion coefficients recalculated ...
  347   1 sigma   g   -.5138057882215255E+00        0.18E-13        0.95E-13
  347   1 sigma   g   -.5138057882215255E+00        0.18E-13        0.95E-13
  348   1 sigma   g   -.5138057882214602E+00        0.65E-13        0.85E-13
  348   1 sigma   g   -.5138057882214602E+00        0.65E-13        0.85E-13
 ... multipole moment expansion coefficients recalculated ...
  349   1 sigma   g   -.5138057882214845E+00       -0.24E-13        0.52E-13
  349   1 sigma   g   -.5138057882214845E+00       -0.24E-13        0.52E-13
 ... multipole moment expansion coefficients recalculated ...
  350   1 sigma   g   -.5138057882215150E+00       -0.31E-13        0.63E-13
  350   1 sigma   g   -.5138057882215150E+00       -0.31E-13        0.63E-13
 ... multipole moment expansion coefficients recalculated ...
 ... writing functions to disk (current precision) ...
 total energy:    -0.1091619846401007E+01
  351   1 sigma   g   -.5138057882214948E+00        0.20E-13        0.83E-13
  351   1 sigma   g   -.5138057882214948E+00        0.20E-13        0.83E-13
 ... multipole moment expansion coefficients recalculated ...
  352   1 sigma   g   -.5138057882214911E+00        0.37E-14        0.73E-13
  352   1 sigma   g   -.5138057882214911E+00        0.37E-14        0.73E-13
 ... multipole moment expansion coefficients recalculated ...
  353   1 sigma   g   -.5138057882214784E+00        0.13E-13        0.75E-13
  353   1 sigma   g   -.5138057882214784E+00        0.13E-13        0.75E-13
 ... multipole moment expansion coefficients recalculated ...
  354   1 sigma   g   -.5138057882214752E+00        0.32E-14        0.69E-13
  354   1 sigma   g   -.5138057882214752E+00        0.32E-14        0.69E-13
 ... multipole moment expansion coefficients recalculated ...
  355   1 sigma   g   -.5138057882214609E+00        0.14E-13        0.68E-13
  355   1 sigma   g   -.5138057882214609E+00        0.14E-13        0.68E-13
 ... multipole moment expansion coefficients recalculated ...
  356   1 sigma   g   -.5138057882214530E+00        0.80E-14        0.63E-13
  356   1 sigma   g   -.5138057882214530E+00        0.80E-14        0.63E-13
 ... multipole moment expansion coefficients recalculated ...
  357   1 sigma   g   -.5138057882214275E+00        0.25E-13        0.59E-13
  357   1 sigma   g   -.5138057882214275E+00        0.25E-13        0.59E-13
 ... multipole moment expansion coefficients recalculated ...
  358   1 sigma   g   -.5138057882214313E+00       -0.38E-14        0.48E-13
  358   1 sigma   g   -.5138057882214313E+00       -0.38E-14        0.48E-13
 ... multipole moment expansion coefficients recalculated ...
  359   1 sigma   g   -.5138057882214452E+00       -0.14E-13        0.51E-13
  359   1 sigma   g   -.5138057882214452E+00       -0.14E-13        0.51E-13
 ... multipole moment expansion coefficients recalculated ...
  360   1 sigma   g   -.5138057882213921E+00        0.53E-13        0.63E-13
  360   1 sigma   g   -.5138057882213921E+00        0.53E-13        0.63E-13
 ... multipole moment expansion coefficients recalculated ...
 ... writing functions to disk (current precision) ...
 total energy:    -0.1091619846400788E+01
  361   1 sigma   g   -.5138057882214647E+00       -0.73E-13        0.38E-13
  361   1 sigma   g   -.5138057882214647E+00       -0.73E-13        0.38E-13
 ... multipole moment expansion coefficients recalculated ...
  362   1 sigma   g   -.5138057882214881E+00       -0.23E-13        0.77E-13
  362   1 sigma   g   -.5138057882214881E+00       -0.23E-13        0.77E-13
 ... multipole moment expansion coefficients recalculated ...
  363   1 sigma   g   -.5138057882214312E+00        0.57E-13        0.92E-13
  363   1 sigma   g   -.5138057882214312E+00        0.57E-13        0.92E-13
 ... multipole moment expansion coefficients recalculated ...
  364   1 sigma   g   -.5138057882214203E+00        0.11E-13        0.59E-13
  364   1 sigma   g   -.5138057882214203E+00        0.11E-13        0.59E-13
 ... multipole moment expansion coefficients recalculated ...
  365   1 sigma   g   -.5138057882214035E+00        0.17E-13        0.54E-13
  365   1 sigma   g   -.5138057882214035E+00        0.17E-13        0.54E-13
 ... multipole moment expansion coefficients recalculated ...
  366   1 sigma   g   -.5138057882213880E+00        0.16E-13        0.46E-13
  366   1 sigma   g   -.5138057882213880E+00        0.16E-13        0.46E-13
  367   1 sigma   g   -.5138057882214050E+00       -0.17E-13        0.39E-13
  367   1 sigma   g   -.5138057882214050E+00       -0.17E-13        0.39E-13
  368   1 sigma   g   -.5138057882214698E+00       -0.65E-13        0.51E-13
  368   1 sigma   g   -.5138057882214698E+00       -0.65E-13        0.51E-13
 ... multipole moment expansion coefficients recalculated ...
  369   1 sigma   g   -.5138057882214552E+00        0.15E-13        0.87E-13
  369   1 sigma   g   -.5138057882214552E+00        0.15E-13        0.87E-13
 ... multipole moment expansion coefficients recalculated ...
  370   1 sigma   g   -.5138057882214228E+00        0.32E-13        0.79E-13
  370   1 sigma   g   -.5138057882214228E+00        0.32E-13        0.79E-13
 ... multipole moment expansion coefficients recalculated ...
 ... writing functions to disk (current precision) ...
 total energy:    -0.1091619846400864E+01
  371   1 sigma   g   -.5138057882214473E+00       -0.25E-13        0.61E-13
  371   1 sigma   g   -.5138057882214473E+00       -0.25E-13        0.61E-13
 ... multipole moment expansion coefficients recalculated ...
  372   1 sigma   g   -.5138057882214881E+00       -0.41E-13        0.72E-13
  372   1 sigma   g   -.5138057882214881E+00       -0.41E-13        0.72E-13
 ... multipole moment expansion coefficients recalculated ...
  373   1 sigma   g   -.5138057882214567E+00        0.31E-13        0.97E-13
  373   1 sigma   g   -.5138057882214567E+00        0.31E-13        0.97E-13
 ... multipole moment expansion coefficients recalculated ...
  374   1 sigma   g   -.5138057882213779E+00        0.79E-13        0.77E-13
  374   1 sigma   g   -.5138057882213779E+00        0.79E-13        0.77E-13
 ... multipole moment expansion coefficients recalculated ...
  375   1 sigma   g   -.5138057882213887E+00       -0.11E-13        0.37E-13
  375   1 sigma   g   -.5138057882213887E+00       -0.11E-13        0.37E-13
 ... multipole moment expansion coefficients recalculated ...
  376   1 sigma   g   -.5138057882214616E+00       -0.73E-13        0.38E-13
  376   1 sigma   g   -.5138057882214616E+00       -0.73E-13        0.38E-13
 ... multipole moment expansion coefficients recalculated ...
  377   1 sigma   g   -.5138057882214261E+00        0.36E-13        0.83E-13
  377   1 sigma   g   -.5138057882214261E+00        0.36E-13        0.83E-13
 ... multipole moment expansion coefficients recalculated ...
  378   1 sigma   g   -.5138057882214158E+00        0.10E-13        0.63E-13
  378   1 sigma   g   -.5138057882214158E+00        0.10E-13        0.63E-13
 ... multipole moment expansion coefficients recalculated ...
  379   1 sigma   g   -.5138057882213912E+00        0.25E-13        0.59E-13
  379   1 sigma   g   -.5138057882213912E+00        0.25E-13        0.59E-13
 ... multipole moment expansion coefficients recalculated ...
  380   1 sigma   g   -.5138057882214371E+00       -0.46E-13        0.46E-13
  380   1 sigma   g   -.5138057882214371E+00       -0.46E-13        0.46E-13
 ... multipole moment expansion coefficients recalculated ...
 ... writing functions to disk (current precision) ...
 total energy:    -0.1091619846400901E+01
  381   1 sigma   g   -.5138057882214436E+00       -0.66E-14        0.72E-13
  381   1 sigma   g   -.5138057882214436E+00       -0.66E-14        0.72E-13
 ... multipole moment expansion coefficients recalculated ...
  382   1 sigma   g   -.5138057882214752E+00       -0.32E-13        0.75E-13
  382   1 sigma   g   -.5138057882214752E+00       -0.32E-13        0.75E-13
 ... multipole moment expansion coefficients recalculated ...
  383   1 sigma   g   -.5138057882214280E+00        0.47E-13        0.94E-13
  383   1 sigma   g   -.5138057882214280E+00        0.47E-13        0.94E-13
 ... multipole moment expansion coefficients recalculated ...
  384   1 sigma   g   -.5138057882214211E+00        0.69E-14        0.66E-13
  384   1 sigma   g   -.5138057882214211E+00        0.69E-14        0.66E-13
 ... multipole moment expansion coefficients recalculated ...
  385   1 sigma   g   -.5138057882214377E+00       -0.17E-13        0.61E-13
  385   1 sigma   g   -.5138057882214377E+00       -0.17E-13        0.61E-13
 ... multipole moment expansion coefficients recalculated ...
  386   1 sigma   g   -.5138057882214272E+00        0.11E-13        0.70E-13
  386   1 sigma   g   -.5138057882214272E+00        0.11E-13        0.70E-13
 ... multipole moment expansion coefficients recalculated ...
  387   1 sigma   g   -.5138057882214132E+00        0.14E-13        0.67E-13
  387   1 sigma   g   -.5138057882214132E+00        0.14E-13        0.67E-13
 ... multipole moment expansion coefficients recalculated ...
  388   1 sigma   g   -.5138057882214632E+00       -0.50E-13        0.59E-13
  388   1 sigma   g   -.5138057882214632E+00       -0.50E-13        0.59E-13
 ... multipole moment expansion coefficients recalculated ...
  389   1 sigma   g   -.5138057882214488E+00        0.14E-13        0.84E-13
  389   1 sigma   g   -.5138057882214488E+00        0.14E-13        0.84E-13
 ... multipole moment expansion coefficients recalculated ...
  390   1 sigma   g   -.5138057882214646E+00       -0.16E-13        0.79E-13
  390   1 sigma   g   -.5138057882214646E+00       -0.16E-13        0.79E-13
 ... writing functions to disk (current precision) ...
 total energy:    -0.1091619846400967E+01
  391   1 sigma   g   -.5138057882214440E+00        0.21E-13        0.89E-13
  391   1 sigma   g   -.5138057882214440E+00        0.21E-13        0.89E-13
 ... multipole moment expansion coefficients recalculated ...
  392   1 sigma   g   -.5138057882214270E+00        0.17E-13        0.76E-13
  392   1 sigma   g   -.5138057882214270E+00        0.17E-13        0.76E-13
 ... multipole moment expansion coefficients recalculated ...
  393   1 sigma   g   -.5138057882214704E+00       -0.43E-13        0.67E-13
  393   1 sigma   g   -.5138057882214704E+00       -0.43E-13        0.67E-13
 ... multipole moment expansion coefficients recalculated ...
  394   1 sigma   g   -.5138057882214581E+00        0.12E-13        0.88E-13
  394   1 sigma   g   -.5138057882214581E+00        0.12E-13        0.88E-13
 ... multipole moment expansion coefficients recalculated ...
  395   1 sigma   g   -.5138057882214270E+00        0.31E-13        0.84E-13
  395   1 sigma   g   -.5138057882214270E+00        0.31E-13        0.84E-13
 ... multipole moment expansion coefficients recalculated ...
  396   1 sigma   g   -.5138057882214236E+00        0.33E-14        0.67E-13
  396   1 sigma   g   -.5138057882214236E+00        0.33E-14        0.67E-13
 ... multipole moment expansion coefficients recalculated ...
  397   1 sigma   g   -.5138057882214304E+00       -0.68E-14        0.63E-13
  397   1 sigma   g   -.5138057882214304E+00       -0.68E-14        0.63E-13
 ... multipole moment expansion coefficients recalculated ...
  398   1 sigma   g   -.5138057882213821E+00        0.48E-13        0.69E-13
  398   1 sigma   g   -.5138057882213821E+00        0.48E-13        0.69E-13
 ... multipole moment expansion coefficients recalculated ...
  399   1 sigma   g   -.5138057882213729E+00        0.92E-14        0.45E-13
  399   1 sigma   g   -.5138057882213729E+00        0.92E-14        0.45E-13
 ... multipole moment expansion coefficients recalculated ...
  400   1 sigma   g   -.5138057882213692E+00        0.37E-14        0.38E-13
  400   1 sigma   g   -.5138057882213692E+00        0.37E-14        0.38E-13
           
 ... scf iteration limit reached ... 
 ... writing functions to disk (current precision) ...

 total energy:                 -0.1091619846400778E+01
 total electronic energy:      -0.1591619846400778E+01
 virial ratio:                 -0.2230392684982845E+01

 total energy contributions: 
     nuclear-electron attraction energy =      -3.042840678433
     kinetic energy                     =       0.887212562074
     one electron energy                =      -2.155628116359
     coulomb energy                     =       0.564008269958
     exchange energy                    =       0.000000000000
     coulomb energy (DFT)               =       1.128016539916
     exchange energy (DFT)              =      -0.564008269958
     correlation energy (DFT)           =       0.000000000000

       orbital               energy                     1-norm
   1 sigma    g     -0.5138057882213692E+00            0.38E-13


 total energy uncertainty due to orbital norms not being equal 1:
     absolute = +/-0.84E-13,  relative = +/-0.77E-11%

 checking symmetry of orbitals:
          required    actual 
   1 sigma    g          g

 multipole moments relative to geometrical centre:

                                    electronic (au/Debye-Ang^k)   total (au/Debye-Ang^k)
     dipole (Mu_z, k=1)               -0.9938184132497529E-15     -0.8881784197001252E-15
                                      -0.2526052859153758E-14     -0.2257540820949089E-14

     quadrupole (Theta_zz, k=2)       -0.1100852661284843E+01      0.8991473387151567E+00
                                      -0.1480695498459462E+01      0.1209392922149507E+01

     octopole (Omega_zzz, k=3)         0.5100228383323360E-14      0.5107025913275720E-14
                                       0.3630173210126852E-14      0.3635011466234907E-14

     hexadecapole (Phi_zzzz, k=4)     -0.8802162596056102E+00      0.1119783740394390E+01
                                      -0.3315341535154179E+00      0.4217674354917316E+00


 multipole moments relative to centre of mass:

      centre     atomic weight       z
        H         1.00782503      -1.0000
        H         1.00782503       1.0000
  centre-of-mass                   0.0000


                                    electronic (au/Debye-Ang^k)   total (au/Debye-Ang^k)
     dipole (Mu_z, k=1)               -0.3552713678800501E-14     -0.3552713678800501E-14
                                      -0.9030163283796355E-14     -0.9030163283796355E-14

     quadrupole (Theta_zz, k=2)       -0.1100852661284867E+01      0.8991473387151334E+00
                                      -0.1480695498459494E+01      0.1209392922149476E+01

     octopole (Omega_zzz, k=3)         0.5911937606128959E-14      0.5884182030513330E-14
                                       0.4207920882108887E-14      0.4188165385009784E-14

     hexadecapole (Phi_zzzz, k=4)     -0.8802162596056657E+00      0.1119783740394334E+01
                                      -0.3315341535154389E+00      0.4217674354917107E+00

////////////////////////////////////////////////////////////////////////////////////////////////

 cpu summary (sec):
    Lagrange multipliers                       0.89
    normalization+orthogonalization            0.09
    multipole moments                          0.84
    relaxation of orb. and pot.               11.10
    total energy                               0.24
    all SCF iterations                        12.92
    single SCF iteration                       0.03


 start: 2011/05/05  23:05:00.02 
 stop:  2011/05/05  23:05:13.47 

////////////////////////////////////////////////////////////////////////////////////////////////

Linux wieslaw16.fizyka.umk.pl 2.6.18-prep x86_64 x86_64 GNU/Linux
 Quad-Core AMD Opteron(tm) Processor 8380

////////////////////////////////////////////////////////////////////////////////////////////////
