
////////////////////////////////////////////////////////////////////////////////////////////////



                         FINITE DIFFERENCE 2D HARTREE-FOCK  (version 2.0)



////////////////////////////////////////////////////////////////////////////////////////////////

   ... start of input data ...
  title H2: R = 2.0au !!!!!                                                       
  method hf                                                                       
  nuclei  1.0 1.0  2.0                                                            
  homo                                                                            
  config 0                                                                        
  1 sigma g end                                                                   
                    0
  grid 169 40.0                                                                   
  orbpot hydrogen                                                                 
  lcao                                                                            
  1.0 1 0 1.0   1.0   1 0  1.0  0                                                 
  scf  400 10 16 16                                                               
  omega 1.95 -1.87                                                                
  stop                                                                            
   ... end of input data  ...
         

   molecular system: 

          H ( 1.00)   H  ( 1.00)   R =  2.00000 bohr = 1.05835 angstroms

   method: HF

   electronic configuration:

           1  sigma   g  + - 


          total charge            =   0
          number of
              electrons           =   2
              orbitals            =   1
              Coulomb potentials  =   1
              exchange potentials =   0

   LCAO via hydrogenic functions:

           orbital           n1 l1   Z1    c1       n2 l2   Z2    c2 

           1  sigma   g       1  0  1.00  0.50       1  0  1.00  0.50

   grid:
          nu (h_nu)  =  169  (0.01870)
          mu (h_mu)  =  235  (0.01873)
          R_infinity =   40.00

   scf: 
          thresholds
              scf iterations           =    400
              orbital energy           = 1.00E-16
              orbital norm             = 1.00E-16
              multipole moments recalc = 1.15E+00

          orbitals are relaxed
          Coulomb potentials are relaxed
          exchange potential for each pair of orbitals is relaxed once per single scf iteration

          multipole expansion coefficients =  4

   (mc)sor:
          sor method used for relaxing orbitals and potentials
          ordering: middle 

                            (mc)sor iterations
                            orbital  potentials
             1 sigma   g       10        10

          overrelaxation parameters:   orbitals       potentials 
                                        1.950       1.977   1.977

   machine accuracy      =    0.11E-15

   constants: 
               pi        =    0.3141592653589793E+01
               bohr      =    0.5291772490000000E+00 angstroms


   memory usage:
          text+data                                      0.9 MB 
          bss (common block contributions)              97.1 MB
          dynamical allocation                          11.7 MB 
              orbitals + Coulomb potentials              0.6 MB
              exchange potentials                        0.0 MB

////////////////////////////////////////////////////////////////////////////////////////////////

 ... initializing orbitals from hydrogenic functions ...
 ... initializing Coulomb potentials ...
 ... initializing exchange potentials ...
 ... initializing multipole moment coefficients ...
 ... initializing Lagrange multipliers ...

 total energy:                 -0.1156671513373217E+01
 total electronic energy:      -0.1656671513373217E+01
 virial ratio:                 -0.2497280148248727E+01

   scf  orbital              energy              energy diff        1-norm         overlap
    1   1 sigma   g   -.6051288452440511E+00       -0.22E-02        0.32E-01
    1   1 sigma   g   -.6051288452440511E+00       -0.22E-02        0.32E-01
    2   1 sigma   g   -.5970866135953160E+00        0.80E-02        0.30E-01
    2   1 sigma   g   -.5970866135953160E+00        0.80E-02        0.30E-01
 ... multipole moment expansion coefficients recalculated ...
    3   1 sigma   g   -.5878798959831608E+00        0.92E-02        0.23E-01
    3   1 sigma   g   -.5878798959831608E+00        0.92E-02        0.23E-01
    4   1 sigma   g   -.5783334430575029E+00        0.95E-02        0.17E-01
    4   1 sigma   g   -.5783334430575029E+00        0.95E-02        0.17E-01
 ... multipole moment expansion coefficients recalculated ...
    5   1 sigma   g   -.5689056452093824E+00        0.94E-02        0.12E-01
    5   1 sigma   g   -.5689056452093824E+00        0.94E-02        0.12E-01
    6   1 sigma   g   -.5600666626001705E+00        0.88E-02        0.78E-02
    6   1 sigma   g   -.5600666626001705E+00        0.88E-02        0.78E-02
    7   1 sigma   g   -.5522798498033087E+00        0.78E-02        0.50E-02
    7   1 sigma   g   -.5522798498033087E+00        0.78E-02        0.50E-02
 ... multipole moment expansion coefficients recalculated ...
    8   1 sigma   g   -.5454433205588729E+00        0.68E-02        0.31E-02
    8   1 sigma   g   -.5454433205588729E+00        0.68E-02        0.31E-02
    9   1 sigma   g   -.5399563693670546E+00        0.55E-02        0.17E-02
    9   1 sigma   g   -.5399563693670546E+00        0.55E-02        0.17E-02
 ... multipole moment expansion coefficients recalculated ...
   10   1 sigma   g   -.5358043119703451E+00        0.42E-02        0.88E-03
   10   1 sigma   g   -.5358043119703451E+00        0.42E-02        0.88E-03
 ... multipole moment expansion coefficients recalculated ...
 ... writing functions to disk (current precision) ...
 total energy:    -0.1108063528400772E+01
   11   1 sigma   g   -.5326200733585730E+00        0.32E-02        0.56E-03
   11   1 sigma   g   -.5326200733585730E+00        0.32E-02        0.56E-03
 ... multipole moment expansion coefficients recalculated ...
   12   1 sigma   g   -.5311940804529627E+00        0.14E-02        0.42E-03
   12   1 sigma   g   -.5311940804529627E+00        0.14E-02        0.42E-03
 ... multipole moment expansion coefficients recalculated ...
   13   1 sigma   g   -.5307950701786971E+00        0.40E-03        0.79E-03
   13   1 sigma   g   -.5307950701786971E+00        0.40E-03        0.79E-03
 ... multipole moment expansion coefficients recalculated ...
   14   1 sigma   g   -.5307161746419019E+00        0.79E-04        0.13E-02
   14   1 sigma   g   -.5307161746419019E+00        0.79E-04        0.13E-02
 ... multipole moment expansion coefficients recalculated ...
   15   1 sigma   g   -.5306265713309246E+00        0.90E-04        0.17E-02
   15   1 sigma   g   -.5306265713309246E+00        0.90E-04        0.17E-02
   16   1 sigma   g   -.5304033851169494E+00        0.22E-03        0.18E-02
   16   1 sigma   g   -.5304033851169494E+00        0.22E-03        0.18E-02
 ... multipole moment expansion coefficients recalculated ...
   17   1 sigma   g   -.5299650967389802E+00        0.44E-03        0.17E-02
   17   1 sigma   g   -.5299650967389802E+00        0.44E-03        0.17E-02
 ... multipole moment expansion coefficients recalculated ...
   18   1 sigma   g   -.5292816435043221E+00        0.68E-03        0.13E-02
   18   1 sigma   g   -.5292816435043221E+00        0.68E-03        0.13E-02
 ... multipole moment expansion coefficients recalculated ...
   19   1 sigma   g   -.5284020642766275E+00        0.88E-03        0.93E-03
   19   1 sigma   g   -.5284020642766275E+00        0.88E-03        0.93E-03
 ... multipole moment expansion coefficients recalculated ...
   20   1 sigma   g   -.5273999421001083E+00        0.10E-02        0.53E-03
   20   1 sigma   g   -.5273999421001083E+00        0.10E-02        0.53E-03
 ... writing functions to disk (current precision) ...
 total energy:    -0.1105772105613830E+01
   21   1 sigma   g   -.5263478172900216E+00        0.11E-02        0.21E-03
   21   1 sigma   g   -.5263478172900216E+00        0.11E-02        0.21E-03
 ... multipole moment expansion coefficients recalculated ...
   22   1 sigma   g   -.5253156235900425E+00        0.10E-02       -0.74E-05
   22   1 sigma   g   -.5253156235900425E+00        0.10E-02       -0.74E-05
   23   1 sigma   g   -.5243492943760520E+00        0.97E-03       -0.12E-03
   23   1 sigma   g   -.5243492943760520E+00        0.97E-03       -0.12E-03
   24   1 sigma   g   -.5234764653785861E+00        0.87E-03       -0.14E-03
   24   1 sigma   g   -.5234764653785861E+00        0.87E-03       -0.14E-03
 ... multipole moment expansion coefficients recalculated ...
   25   1 sigma   g   -.5227045803668739E+00        0.77E-03       -0.11E-03
   25   1 sigma   g   -.5227045803668739E+00        0.77E-03       -0.11E-03
   26   1 sigma   g   -.5220228463192019E+00        0.68E-03       -0.50E-04
   26   1 sigma   g   -.5220228463192019E+00        0.68E-03       -0.50E-04
 ... multipole moment expansion coefficients recalculated ...
   27   1 sigma   g   -.5214157992574794E+00        0.61E-03       -0.12E-04
   27   1 sigma   g   -.5214157992574794E+00        0.61E-03       -0.12E-04
   28   1 sigma   g   -.5208614648526770E+00        0.55E-03        0.15E-04
   28   1 sigma   g   -.5208614648526770E+00        0.55E-03        0.15E-04
 ... multipole moment expansion coefficients recalculated ...
   29   1 sigma   g   -.5203377424852546E+00        0.52E-03        0.39E-04
   29   1 sigma   g   -.5203377424852546E+00        0.52E-03        0.39E-04
   30   1 sigma   g   -.5198326954351867E+00        0.51E-03        0.55E-04
   30   1 sigma   g   -.5198326954351867E+00        0.51E-03        0.55E-04
 ... writing functions to disk (current precision) ...
 total energy:    -0.1097745226082167E+01
   31   1 sigma   g   -.5193448037458168E+00        0.49E-03        0.62E-04
   31   1 sigma   g   -.5193448037458168E+00        0.49E-03        0.62E-04
   32   1 sigma   g   -.5188796702072658E+00        0.47E-03        0.61E-04
   32   1 sigma   g   -.5188796702072658E+00        0.47E-03        0.61E-04
 ... multipole moment expansion coefficients recalculated ...
   33   1 sigma   g   -.5184459129076072E+00        0.43E-03        0.56E-04
   33   1 sigma   g   -.5184459129076072E+00        0.43E-03        0.56E-04
   34   1 sigma   g   -.5180506714775729E+00        0.40E-03        0.49E-04
   34   1 sigma   g   -.5180506714775729E+00        0.40E-03        0.49E-04
 ... multipole moment expansion coefficients recalculated ...
   35   1 sigma   g   -.5176967579936352E+00        0.35E-03        0.44E-04
   35   1 sigma   g   -.5176967579936352E+00        0.35E-03        0.44E-04
   36   1 sigma   g   -.5173836384736439E+00        0.31E-03        0.40E-04
   36   1 sigma   g   -.5173836384736439E+00        0.31E-03        0.40E-04
 ... multipole moment expansion coefficients recalculated ...
   37   1 sigma   g   -.5171069019190098E+00        0.28E-03        0.37E-04
   37   1 sigma   g   -.5171069019190098E+00        0.28E-03        0.37E-04
   38   1 sigma   g   -.5168593004636528E+00        0.25E-03        0.34E-04
   38   1 sigma   g   -.5168593004636528E+00        0.25E-03        0.34E-04
 ... multipole moment expansion coefficients recalculated ...
   39   1 sigma   g   -.5166351530289336E+00        0.22E-03        0.32E-04
   39   1 sigma   g   -.5166351530289336E+00        0.22E-03        0.32E-04
   40   1 sigma   g   -.5164302799971126E+00        0.20E-03        0.30E-04
   40   1 sigma   g   -.5164302799971126E+00        0.20E-03        0.30E-04
 ... multipole moment expansion coefficients recalculated ...
 ... writing functions to disk (current precision) ...
 total energy:    -0.1094235906800348E+01
   41   1 sigma   g   -.5162411314009909E+00        0.19E-03        0.30E-04
   41   1 sigma   g   -.5162411314009909E+00        0.19E-03        0.30E-04
   42   1 sigma   g   -.5160645158855400E+00        0.18E-03        0.30E-04
   42   1 sigma   g   -.5160645158855400E+00        0.18E-03        0.30E-04
 ... multipole moment expansion coefficients recalculated ...
   43   1 sigma   g   -.5158980562579413E+00        0.17E-03        0.30E-04
   43   1 sigma   g   -.5158980562579413E+00        0.17E-03        0.30E-04
   44   1 sigma   g   -.5157408938047734E+00        0.16E-03        0.29E-04
   44   1 sigma   g   -.5157408938047734E+00        0.16E-03        0.29E-04
   45   1 sigma   g   -.5155935063294566E+00        0.15E-03        0.27E-04
   45   1 sigma   g   -.5155935063294566E+00        0.15E-03        0.27E-04
 ... multipole moment expansion coefficients recalculated ...
   46   1 sigma   g   -.5154565125856649E+00        0.14E-03        0.24E-04
   46   1 sigma   g   -.5154565125856649E+00        0.14E-03        0.24E-04
   47   1 sigma   g   -.5153294098708374E+00        0.13E-03        0.22E-04
   47   1 sigma   g   -.5153294098708374E+00        0.13E-03        0.22E-04
 ... multipole moment expansion coefficients recalculated ...
   48   1 sigma   g   -.5152116962187266E+00        0.12E-03        0.20E-04
   48   1 sigma   g   -.5152116962187266E+00        0.12E-03        0.20E-04
   49   1 sigma   g   -.5151031575221312E+00        0.11E-03        0.18E-04
   49   1 sigma   g   -.5151031575221312E+00        0.11E-03        0.18E-04
 ... multipole moment expansion coefficients recalculated ...
   50   1 sigma   g   -.5150034105648700E+00        0.10E-03        0.15E-04
   50   1 sigma   g   -.5150034105648700E+00        0.10E-03        0.15E-04
 ... writing functions to disk (current precision) ...
 total energy:    -0.1092820273617107E+01
   51   1 sigma   g   -.5149119850280114E+00        0.91E-04        0.13E-04
   51   1 sigma   g   -.5149119850280114E+00        0.91E-04        0.13E-04
 ... multipole moment expansion coefficients recalculated ...
   52   1 sigma   g   -.5148275374621704E+00        0.84E-04        0.12E-04
   52   1 sigma   g   -.5148275374621704E+00        0.84E-04        0.12E-04
   53   1 sigma   g   -.5147491728097574E+00        0.78E-04        0.11E-04
   53   1 sigma   g   -.5147491728097574E+00        0.78E-04        0.11E-04
 ... multipole moment expansion coefficients recalculated ...
   54   1 sigma   g   -.5146766814185066E+00        0.72E-04        0.99E-05
   54   1 sigma   g   -.5146766814185066E+00        0.72E-04        0.99E-05
   55   1 sigma   g   -.5146096493143322E+00        0.67E-04        0.90E-05
   55   1 sigma   g   -.5146096493143322E+00        0.67E-04        0.90E-05
 ... multipole moment expansion coefficients recalculated ...
   56   1 sigma   g   -.5145476851527766E+00        0.62E-04        0.82E-05
   56   1 sigma   g   -.5145476851527766E+00        0.62E-04        0.82E-05
   57   1 sigma   g   -.5144904511187705E+00        0.57E-04        0.76E-05
   57   1 sigma   g   -.5144904511187705E+00        0.57E-04        0.76E-05
 ... multipole moment expansion coefficients recalculated ...
   58   1 sigma   g   -.5144376453008914E+00        0.53E-04        0.70E-05
   58   1 sigma   g   -.5144376453008914E+00        0.53E-04        0.70E-05
   59   1 sigma   g   -.5143889760298571E+00        0.49E-04        0.65E-05
   59   1 sigma   g   -.5143889760298571E+00        0.49E-04        0.65E-05
 ... multipole moment expansion coefficients recalculated ...
   60   1 sigma   g   -.5143441412357014E+00        0.45E-04        0.61E-05
   60   1 sigma   g   -.5143441412357014E+00        0.45E-04        0.61E-05
 ... writing functions to disk (current precision) ...
 total energy:    -0.1092159141292284E+01
   61   1 sigma   g   -.5143027860320381E+00        0.41E-04        0.58E-05
   61   1 sigma   g   -.5143027860320381E+00        0.41E-04        0.58E-05
 ... multipole moment expansion coefficients recalculated ...
   62   1 sigma   g   -.5142646024511782E+00        0.38E-04        0.55E-05
   62   1 sigma   g   -.5142646024511782E+00        0.38E-04        0.55E-05
   63   1 sigma   g   -.5142293976083211E+00        0.35E-04        0.51E-05
   63   1 sigma   g   -.5142293976083211E+00        0.35E-04        0.51E-05
 ... multipole moment expansion coefficients recalculated ...
   64   1 sigma   g   -.5141969330468252E+00        0.32E-04        0.48E-05
   64   1 sigma   g   -.5141969330468252E+00        0.32E-04        0.48E-05
   65   1 sigma   g   -.5141669822671080E+00        0.30E-04        0.45E-05
   65   1 sigma   g   -.5141669822671080E+00        0.30E-04        0.45E-05
 ... multipole moment expansion coefficients recalculated ...
   66   1 sigma   g   -.5141393430260724E+00        0.28E-04        0.42E-05
   66   1 sigma   g   -.5141393430260724E+00        0.28E-04        0.42E-05
   67   1 sigma   g   -.5141138319772518E+00        0.26E-04        0.39E-05
   67   1 sigma   g   -.5141138319772518E+00        0.26E-04        0.39E-05
 ... multipole moment expansion coefficients recalculated ...
   68   1 sigma   g   -.5140902809907112E+00        0.24E-04        0.36E-05
   68   1 sigma   g   -.5140902809907112E+00        0.24E-04        0.36E-05
   69   1 sigma   g   -.5140685339267420E+00        0.22E-04        0.33E-05
   69   1 sigma   g   -.5140685339267420E+00        0.22E-04        0.33E-05
 ... multipole moment expansion coefficients recalculated ...
   70   1 sigma   g   -.5140484473230269E+00        0.20E-04        0.30E-05
   70   1 sigma   g   -.5140484473230269E+00        0.20E-04        0.30E-05
 ... writing functions to disk (current precision) ...
 total energy:    -0.1091862956819420E+01
   71   1 sigma   g   -.5140298901429040E+00        0.19E-04        0.28E-05
   71   1 sigma   g   -.5140298901429040E+00        0.19E-04        0.28E-05
 ... multipole moment expansion coefficients recalculated ...
   72   1 sigma   g   -.5140127416499705E+00        0.17E-04        0.26E-05
   72   1 sigma   g   -.5140127416499705E+00        0.17E-04        0.26E-05
   73   1 sigma   g   -.5139968955581650E+00        0.16E-04        0.23E-05
   73   1 sigma   g   -.5139968955581650E+00        0.16E-04        0.23E-05
 ... multipole moment expansion coefficients recalculated ...
   74   1 sigma   g   -.5139822586849828E+00        0.15E-04        0.22E-05
   74   1 sigma   g   -.5139822586849828E+00        0.15E-04        0.22E-05
   75   1 sigma   g   -.5139687406196612E+00        0.14E-04        0.20E-05
   75   1 sigma   g   -.5139687406196612E+00        0.14E-04        0.20E-05
 ... multipole moment expansion coefficients recalculated ...
   76   1 sigma   g   -.5139562558137375E+00        0.12E-04        0.18E-05
   76   1 sigma   g   -.5139562558137375E+00        0.12E-04        0.18E-05
   77   1 sigma   g   -.5139447255684397E+00        0.12E-04        0.17E-05
   77   1 sigma   g   -.5139447255684397E+00        0.12E-04        0.17E-05
 ... multipole moment expansion coefficients recalculated ...
   78   1 sigma   g   -.5139340771277826E+00        0.11E-04        0.16E-05
   78   1 sigma   g   -.5139340771277826E+00        0.11E-04        0.16E-05
   79   1 sigma   g   -.5139242433908923E+00        0.98E-05        0.14E-05
   79   1 sigma   g   -.5139242433908923E+00        0.98E-05        0.14E-05
 ... multipole moment expansion coefficients recalculated ...
   80   1 sigma   g   -.5139151622938741E+00        0.91E-05        0.13E-05
   80   1 sigma   g   -.5139151622938741E+00        0.91E-05        0.13E-05
 ... writing functions to disk (current precision) ...
 total energy:    -0.1091729445814158E+01
   81   1 sigma   g   -.5139067766434352E+00        0.84E-05        0.12E-05
   81   1 sigma   g   -.5139067766434352E+00        0.84E-05        0.12E-05
 ... multipole moment expansion coefficients recalculated ...
   82   1 sigma   g   -.5138990333879415E+00        0.77E-05        0.11E-05
   82   1 sigma   g   -.5138990333879415E+00        0.77E-05        0.11E-05
   83   1 sigma   g   -.5138918836044440E+00        0.71E-05        0.10E-05
   83   1 sigma   g   -.5138918836044440E+00        0.71E-05        0.10E-05
 ... multipole moment expansion coefficients recalculated ...
   84   1 sigma   g   -.5138852819561809E+00        0.66E-05        0.96E-06
   84   1 sigma   g   -.5138852819561809E+00        0.66E-05        0.96E-06
   85   1 sigma   g   -.5138791867473304E+00        0.61E-05        0.89E-06
   85   1 sigma   g   -.5138791867473304E+00        0.61E-05        0.89E-06
 ... multipole moment expansion coefficients recalculated ...
   86   1 sigma   g   -.5138735594039839E+00        0.56E-05        0.82E-06
   86   1 sigma   g   -.5138735594039839E+00        0.56E-05        0.82E-06
   87   1 sigma   g   -.5138683641475982E+00        0.52E-05        0.76E-06
   87   1 sigma   g   -.5138683641475982E+00        0.52E-05        0.76E-06
 ... multipole moment expansion coefficients recalculated ...
   88   1 sigma   g   -.5138635677474601E+00        0.48E-05        0.70E-06
   88   1 sigma   g   -.5138635677474601E+00        0.48E-05        0.70E-06
   89   1 sigma   g   -.5138591395876705E+00        0.44E-05        0.65E-06
   89   1 sigma   g   -.5138591395876705E+00        0.44E-05        0.65E-06
 ... multipole moment expansion coefficients recalculated ...
   90   1 sigma   g   -.5138550513095665E+00        0.41E-05        0.60E-06
   90   1 sigma   g   -.5138550513095665E+00        0.41E-05        0.60E-06
 ... writing functions to disk (current precision) ...
 total energy:    -0.1091669202463625E+01
   91   1 sigma   g   -.5138512767072700E+00        0.38E-05        0.55E-06
   91   1 sigma   g   -.5138512767072700E+00        0.38E-05        0.55E-06
 ... multipole moment expansion coefficients recalculated ...
   92   1 sigma   g   -.5138477915233235E+00        0.35E-05        0.51E-06
   92   1 sigma   g   -.5138477915233235E+00        0.35E-05        0.51E-06
   93   1 sigma   g   -.5138445734825200E+00        0.32E-05        0.47E-06
   93   1 sigma   g   -.5138445734825200E+00        0.32E-05        0.47E-06
 ... multipole moment expansion coefficients recalculated ...
   94   1 sigma   g   -.5138416020221664E+00        0.30E-05        0.44E-06
   94   1 sigma   g   -.5138416020221664E+00        0.30E-05        0.44E-06
   95   1 sigma   g   -.5138388582162792E+00        0.27E-05        0.40E-06
   95   1 sigma   g   -.5138388582162792E+00        0.27E-05        0.40E-06
 ... multipole moment expansion coefficients recalculated ...
   96   1 sigma   g   -.5138363245295864E+00        0.25E-05        0.37E-06
   96   1 sigma   g   -.5138363245295864E+00        0.25E-05        0.37E-06
   97   1 sigma   g   -.5138339848634818E+00        0.23E-05        0.34E-06
   97   1 sigma   g   -.5138339848634818E+00        0.23E-05        0.34E-06
 ... multipole moment expansion coefficients recalculated ...
   98   1 sigma   g   -.5138318243581080E+00        0.22E-05        0.32E-06
   98   1 sigma   g   -.5138318243581080E+00        0.22E-05        0.32E-06
   99   1 sigma   g   -.5138298293375611E+00        0.20E-05        0.29E-06
   99   1 sigma   g   -.5138298293375611E+00        0.20E-05        0.29E-06
 ... multipole moment expansion coefficients recalculated ...
  100   1 sigma   g   -.5138279871322450E+00        0.18E-05        0.27E-06
  100   1 sigma   g   -.5138279871322450E+00        0.18E-05        0.27E-06
 ... writing functions to disk (current precision) ...
 total energy:    -0.1091642088467547E+01
  101   1 sigma   g   -.5138262860675413E+00        0.17E-05        0.25E-06
  101   1 sigma   g   -.5138262860675413E+00        0.17E-05        0.25E-06
 ... multipole moment expansion coefficients recalculated ...
  102   1 sigma   g   -.5138247153289631E+00        0.16E-05        0.23E-06
  102   1 sigma   g   -.5138247153289631E+00        0.16E-05        0.23E-06
  103   1 sigma   g   -.5138232649400726E+00        0.15E-05        0.21E-06
  103   1 sigma   g   -.5138232649400726E+00        0.15E-05        0.21E-06
 ... multipole moment expansion coefficients recalculated ...
  104   1 sigma   g   -.5138219256723429E+00        0.13E-05        0.20E-06
  104   1 sigma   g   -.5138219256723429E+00        0.13E-05        0.20E-06
  105   1 sigma   g   -.5138206890257090E+00        0.12E-05        0.18E-06
  105   1 sigma   g   -.5138206890257090E+00        0.12E-05        0.18E-06
 ... multipole moment expansion coefficients recalculated ...
  106   1 sigma   g   -.5138195471296931E+00        0.11E-05        0.17E-06
  106   1 sigma   g   -.5138195471296931E+00        0.11E-05        0.17E-06
  107   1 sigma   g   -.5138184927350727E+00        0.11E-05        0.15E-06
  107   1 sigma   g   -.5138184927350727E+00        0.11E-05        0.15E-06
 ... multipole moment expansion coefficients recalculated ...
  108   1 sigma   g   -.5138175191322165E+00        0.97E-06        0.14E-06
  108   1 sigma   g   -.5138175191322165E+00        0.97E-06        0.14E-06
  109   1 sigma   g   -.5138166201407049E+00        0.90E-06        0.13E-06
  109   1 sigma   g   -.5138166201407049E+00        0.90E-06        0.13E-06
 ... multipole moment expansion coefficients recalculated ...
  110   1 sigma   g   -.5138157900389737E+00        0.83E-06        0.12E-06
  110   1 sigma   g   -.5138157900389737E+00        0.83E-06        0.12E-06
 ... writing functions to disk (current precision) ...
 total energy:    -0.1091629867672304E+01
  111   1 sigma   g   -.5138150235563020E+00        0.77E-06        0.11E-06
  111   1 sigma   g   -.5138150235563020E+00        0.77E-06        0.11E-06
 ... multipole moment expansion coefficients recalculated ...
  112   1 sigma   g   -.5138143158126940E+00        0.71E-06        0.10E-06
  112   1 sigma   g   -.5138143158126940E+00        0.71E-06        0.10E-06
  113   1 sigma   g   -.5138136623138905E+00        0.65E-06        0.96E-07
  113   1 sigma   g   -.5138136623138905E+00        0.65E-06        0.96E-07
 ... multipole moment expansion coefficients recalculated ...
  114   1 sigma   g   -.5138130588981829E+00        0.60E-06        0.88E-07
  114   1 sigma   g   -.5138130588981829E+00        0.60E-06        0.88E-07
  115   1 sigma   g   -.5138125017318043E+00        0.56E-06        0.82E-07
  115   1 sigma   g   -.5138125017318043E+00        0.56E-06        0.82E-07
 ... multipole moment expansion coefficients recalculated ...
  116   1 sigma   g   -.5138119872652528E+00        0.51E-06        0.75E-07
  116   1 sigma   g   -.5138119872652528E+00        0.51E-06        0.75E-07
  117   1 sigma   g   -.5138115122292949E+00        0.48E-06        0.70E-07
  117   1 sigma   g   -.5138115122292949E+00        0.48E-06        0.70E-07
 ... multipole moment expansion coefficients recalculated ...
  118   1 sigma   g   -.5138110735971751E+00        0.44E-06        0.64E-07
  118   1 sigma   g   -.5138110735971751E+00        0.44E-06        0.64E-07
  119   1 sigma   g   -.5138106685810118E+00        0.41E-06        0.59E-07
  119   1 sigma   g   -.5138106685810118E+00        0.41E-06        0.59E-07
 ... multipole moment expansion coefficients recalculated ...
  120   1 sigma   g   -.5138102946007223E+00        0.37E-06        0.55E-07
  120   1 sigma   g   -.5138102946007223E+00        0.37E-06        0.55E-07
 ... writing functions to disk (current precision) ...
 total energy:    -0.1091624361510793E+01
  121   1 sigma   g   -.5138099492797674E+00        0.35E-06        0.51E-07
  121   1 sigma   g   -.5138099492797674E+00        0.35E-06        0.51E-07
 ... multipole moment expansion coefficients recalculated ...
  122   1 sigma   g   -.5138096304189731E+00        0.32E-06        0.47E-07
  122   1 sigma   g   -.5138096304189731E+00        0.32E-06        0.47E-07
  123   1 sigma   g   -.5138093359929090E+00        0.29E-06        0.43E-07
  123   1 sigma   g   -.5138093359929090E+00        0.29E-06        0.43E-07
 ... multipole moment expansion coefficients recalculated ...
  124   1 sigma   g   -.5138090641269960E+00        0.27E-06        0.40E-07
  124   1 sigma   g   -.5138090641269960E+00        0.27E-06        0.40E-07
  125   1 sigma   g   -.5138088130945253E+00        0.25E-06        0.37E-07
  125   1 sigma   g   -.5138088130945253E+00        0.25E-06        0.37E-07
 ... multipole moment expansion coefficients recalculated ...
  126   1 sigma   g   -.5138085812973288E+00        0.23E-06        0.34E-07
  126   1 sigma   g   -.5138085812973288E+00        0.23E-06        0.34E-07
  127   1 sigma   g   -.5138083672631779E+00        0.21E-06        0.31E-07
  127   1 sigma   g   -.5138083672631779E+00        0.21E-06        0.31E-07
 ... multipole moment expansion coefficients recalculated ...
  128   1 sigma   g   -.5138081696292867E+00        0.20E-06        0.29E-07
  128   1 sigma   g   -.5138081696292867E+00        0.20E-06        0.29E-07
  129   1 sigma   g   -.5138079871406566E+00        0.18E-06        0.27E-07
  129   1 sigma   g   -.5138079871406566E+00        0.18E-06        0.27E-07
 ... multipole moment expansion coefficients recalculated ...
  130   1 sigma   g   -.5138078186352554E+00        0.17E-06        0.25E-07
  130   1 sigma   g   -.5138078186352554E+00        0.17E-06        0.25E-07
 ... writing functions to disk (current precision) ...
 total energy:    -0.1091621880757160E+01
  131   1 sigma   g   -.5138076630430241E+00        0.16E-06        0.23E-07
  131   1 sigma   g   -.5138076630430241E+00        0.16E-06        0.23E-07
 ... multipole moment expansion coefficients recalculated ...
  132   1 sigma   g   -.5138075193731060E+00        0.14E-06        0.21E-07
  132   1 sigma   g   -.5138075193731060E+00        0.14E-06        0.21E-07
  133   1 sigma   g   -.5138073867132025E+00        0.13E-06        0.19E-07
  133   1 sigma   g   -.5138073867132025E+00        0.13E-06        0.19E-07
 ... multipole moment expansion coefficients recalculated ...
  134   1 sigma   g   -.5138072642184699E+00        0.12E-06        0.18E-07
  134   1 sigma   g   -.5138072642184699E+00        0.12E-06        0.18E-07
  135   1 sigma   g   -.5138071511111083E+00        0.11E-06        0.17E-07
  135   1 sigma   g   -.5138071511111083E+00        0.11E-06        0.17E-07
 ... multipole moment expansion coefficients recalculated ...
  136   1 sigma   g   -.5138070466709360E+00        0.10E-06        0.15E-07
  136   1 sigma   g   -.5138070466709360E+00        0.10E-06        0.15E-07
  137   1 sigma   g   -.5138069502345568E+00        0.96E-07        0.14E-07
  137   1 sigma   g   -.5138069502345568E+00        0.96E-07        0.14E-07
 ... multipole moment expansion coefficients recalculated ...
  138   1 sigma   g   -.5138068611879940E+00        0.89E-07        0.13E-07
  138   1 sigma   g   -.5138068611879940E+00        0.89E-07        0.13E-07
  139   1 sigma   g   -.5138067789655129E+00        0.82E-07        0.12E-07
  139   1 sigma   g   -.5138067789655129E+00        0.82E-07        0.12E-07
 ... multipole moment expansion coefficients recalculated ...
  140   1 sigma   g   -.5138067030435416E+00        0.76E-07        0.11E-07
  140   1 sigma   g   -.5138067030435416E+00        0.76E-07        0.11E-07
 ... writing functions to disk (current precision) ...
 total energy:    -0.1091620762998081E+01
  141   1 sigma   g   -.5138066329399151E+00        0.70E-07        0.10E-07
  141   1 sigma   g   -.5138066329399151E+00        0.70E-07        0.10E-07
 ... multipole moment expansion coefficients recalculated ...
  142   1 sigma   g   -.5138065682082766E+00        0.65E-07        0.95E-08
  142   1 sigma   g   -.5138065682082766E+00        0.65E-07        0.95E-08
  143   1 sigma   g   -.5138065084373110E+00        0.60E-07        0.88E-08
  143   1 sigma   g   -.5138065084373110E+00        0.60E-07        0.88E-08
 ... multipole moment expansion coefficients recalculated ...
  144   1 sigma   g   -.5138064532464695E+00        0.55E-07        0.81E-08
  144   1 sigma   g   -.5138064532464695E+00        0.55E-07        0.81E-08
  145   1 sigma   g   -.5138064022851883E+00        0.51E-07        0.75E-08
  145   1 sigma   g   -.5138064022851883E+00        0.51E-07        0.75E-08
 ... multipole moment expansion coefficients recalculated ...
  146   1 sigma   g   -.5138063552288290E+00        0.47E-07        0.69E-08
  146   1 sigma   g   -.5138063552288290E+00        0.47E-07        0.69E-08
  147   1 sigma   g   -.5138063117786837E+00        0.43E-07        0.64E-08
  147   1 sigma   g   -.5138063117786837E+00        0.43E-07        0.64E-08
 ... multipole moment expansion coefficients recalculated ...
  148   1 sigma   g   -.5138062716580476E+00        0.40E-07        0.59E-08
  148   1 sigma   g   -.5138062716580476E+00        0.40E-07        0.59E-08
  149   1 sigma   g   -.5138062346119331E+00        0.37E-07        0.54E-08
  149   1 sigma   g   -.5138062346119331E+00        0.37E-07        0.54E-08
 ... multipole moment expansion coefficients recalculated ...
  150   1 sigma   g   -.5138062004045988E+00        0.34E-07        0.50E-08
  150   1 sigma   g   -.5138062004045988E+00        0.34E-07        0.50E-08
 ... writing functions to disk (current precision) ...
 total energy:    -0.1091620259383841E+01
  151   1 sigma   g   -.5138061688187644E+00        0.32E-07        0.46E-08
  151   1 sigma   g   -.5138061688187644E+00        0.32E-07        0.46E-08
 ... multipole moment expansion coefficients recalculated ...
  152   1 sigma   g   -.5138061396532325E+00        0.29E-07        0.43E-08
  152   1 sigma   g   -.5138061396532325E+00        0.29E-07        0.43E-08
  153   1 sigma   g   -.5138061127227564E+00        0.27E-07        0.39E-08
  153   1 sigma   g   -.5138061127227564E+00        0.27E-07        0.39E-08
 ... multipole moment expansion coefficients recalculated ...
  154   1 sigma   g   -.5138060878558505E+00        0.25E-07        0.36E-08
  154   1 sigma   g   -.5138060878558505E+00        0.25E-07        0.36E-08
  155   1 sigma   g   -.5138060648946391E+00        0.23E-07        0.34E-08
  155   1 sigma   g   -.5138060648946391E+00        0.23E-07        0.34E-08
 ... multipole moment expansion coefficients recalculated ...
  156   1 sigma   g   -.5138060436929430E+00        0.21E-07        0.31E-08
  156   1 sigma   g   -.5138060436929430E+00        0.21E-07        0.31E-08
  157   1 sigma   g   -.5138060241159439E+00        0.20E-07        0.29E-08
  157   1 sigma   g   -.5138060241159439E+00        0.20E-07        0.29E-08
 ... multipole moment expansion coefficients recalculated ...
  158   1 sigma   g   -.5138060060391604E+00        0.18E-07        0.26E-08
  158   1 sigma   g   -.5138060060391604E+00        0.18E-07        0.26E-08
  159   1 sigma   g   -.5138059893476005E+00        0.17E-07        0.24E-08
  159   1 sigma   g   -.5138059893476005E+00        0.17E-07        0.24E-08
 ... multipole moment expansion coefficients recalculated ...
  160   1 sigma   g   -.5138059739351059E+00        0.15E-07        0.23E-08
  160   1 sigma   g   -.5138059739351059E+00        0.15E-07        0.23E-08
 ... writing functions to disk (current precision) ...
 total energy:    -0.1091620032475003E+01
  161   1 sigma   g   -.5138059597037377E+00        0.14E-07        0.21E-08
  161   1 sigma   g   -.5138059597037377E+00        0.14E-07        0.21E-08
 ... multipole moment expansion coefficients recalculated ...
  162   1 sigma   g   -.5138059465627939E+00        0.13E-07        0.19E-08
  162   1 sigma   g   -.5138059465627939E+00        0.13E-07        0.19E-08
  163   1 sigma   g   -.5138059344289830E+00        0.12E-07        0.18E-08
  163   1 sigma   g   -.5138059344289830E+00        0.12E-07        0.18E-08
 ... multipole moment expansion coefficients recalculated ...
  164   1 sigma   g   -.5138059232249440E+00        0.11E-07        0.16E-08
  164   1 sigma   g   -.5138059232249440E+00        0.11E-07        0.16E-08
  165   1 sigma   g   -.5138059128795053E+00        0.10E-07        0.15E-08
  165   1 sigma   g   -.5138059128795053E+00        0.10E-07        0.15E-08
 ... multipole moment expansion coefficients recalculated ...
  166   1 sigma   g   -.5138059033268827E+00        0.96E-08        0.14E-08
  166   1 sigma   g   -.5138059033268827E+00        0.96E-08        0.14E-08
  167   1 sigma   g   -.5138058945063214E+00        0.88E-08        0.13E-08
  167   1 sigma   g   -.5138058945063214E+00        0.88E-08        0.13E-08
 ... multipole moment expansion coefficients recalculated ...
  168   1 sigma   g   -.5138058863615574E+00        0.81E-08        0.12E-08
  168   1 sigma   g   -.5138058863615574E+00        0.81E-08        0.12E-08
  169   1 sigma   g   -.5138058788408889E+00        0.75E-08        0.11E-08
  169   1 sigma   g   -.5138058788408889E+00        0.75E-08        0.11E-08
 ... multipole moment expansion coefficients recalculated ...
  170   1 sigma   g   -.5138058718966381E+00        0.69E-08        0.10E-08
  170   1 sigma   g   -.5138058718966381E+00        0.69E-08        0.10E-08
 ... writing functions to disk (current precision) ...
 total energy:    -0.1091619930238420E+01
  171   1 sigma   g   -.5138058654846021E+00        0.64E-08        0.94E-09
  171   1 sigma   g   -.5138058654846021E+00        0.64E-08        0.94E-09
 ... multipole moment expansion coefficients recalculated ...
  172   1 sigma   g   -.5138058595638110E+00        0.59E-08        0.87E-09
  172   1 sigma   g   -.5138058595638110E+00        0.59E-08        0.87E-09
  173   1 sigma   g   -.5138058540967425E+00        0.55E-08        0.80E-09
  173   1 sigma   g   -.5138058540967425E+00        0.55E-08        0.80E-09
 ... multipole moment expansion coefficients recalculated ...
  174   1 sigma   g   -.5138058490486171E+00        0.50E-08        0.74E-09
  174   1 sigma   g   -.5138058490486171E+00        0.50E-08        0.74E-09
  175   1 sigma   g   -.5138058443874638E+00        0.47E-08        0.68E-09
  175   1 sigma   g   -.5138058443874638E+00        0.47E-08        0.68E-09
 ... multipole moment expansion coefficients recalculated ...
  176   1 sigma   g   -.5138058400834160E+00        0.43E-08        0.63E-09
  176   1 sigma   g   -.5138058400834160E+00        0.43E-08        0.63E-09
  177   1 sigma   g   -.5138058361092216E+00        0.40E-08        0.58E-09
  177   1 sigma   g   -.5138058361092216E+00        0.40E-08        0.58E-09
 ... multipole moment expansion coefficients recalculated ...
  178   1 sigma   g   -.5138058324394517E+00        0.37E-08        0.54E-09
  178   1 sigma   g   -.5138058324394517E+00        0.37E-08        0.54E-09
  179   1 sigma   g   -.5138058290510187E+00        0.34E-08        0.50E-09
  179   1 sigma   g   -.5138058290510187E+00        0.34E-08        0.50E-09
 ... multipole moment expansion coefficients recalculated ...
  180   1 sigma   g   -.5138058259222239E+00        0.31E-08        0.46E-09
  180   1 sigma   g   -.5138058259222239E+00        0.31E-08        0.46E-09
 ... writing functions to disk (current precision) ...
 total energy:    -0.1091619884174853E+01
  181   1 sigma   g   -.5138058230331696E+00        0.29E-08        0.42E-09
  181   1 sigma   g   -.5138058230331696E+00        0.29E-08        0.42E-09
 ... multipole moment expansion coefficients recalculated ...
  182   1 sigma   g   -.5138058203654896E+00        0.27E-08        0.39E-09
  182   1 sigma   g   -.5138058203654896E+00        0.27E-08        0.39E-09
  183   1 sigma   g   -.5138058179023091E+00        0.25E-08        0.36E-09
  183   1 sigma   g   -.5138058179023091E+00        0.25E-08        0.36E-09
 ... multipole moment expansion coefficients recalculated ...
  184   1 sigma   g   -.5138058156278777E+00        0.23E-08        0.33E-09
  184   1 sigma   g   -.5138058156278777E+00        0.23E-08        0.33E-09
  185   1 sigma   g   -.5138058135276815E+00        0.21E-08        0.31E-09
  185   1 sigma   g   -.5138058135276815E+00        0.21E-08        0.31E-09
 ... multipole moment expansion coefficients recalculated ...
  186   1 sigma   g   -.5138058115884649E+00        0.19E-08        0.28E-09
  186   1 sigma   g   -.5138058115884649E+00        0.19E-08        0.28E-09
  187   1 sigma   g   -.5138058097977630E+00        0.18E-08        0.26E-09
  187   1 sigma   g   -.5138058097977630E+00        0.18E-08        0.26E-09
 ... multipole moment expansion coefficients recalculated ...
  188   1 sigma   g   -.5138058081443103E+00        0.17E-08        0.24E-09
  188   1 sigma   g   -.5138058081443103E+00        0.17E-08        0.24E-09
  189   1 sigma   g   -.5138058066175512E+00        0.15E-08        0.22E-09
  189   1 sigma   g   -.5138058066175512E+00        0.15E-08        0.22E-09
 ... multipole moment expansion coefficients recalculated ...
  190   1 sigma   g   -.5138058052079236E+00        0.14E-08        0.21E-09
  190   1 sigma   g   -.5138058052079236E+00        0.14E-08        0.21E-09
 ... writing functions to disk (current precision) ...
 total energy:    -0.1091619863420354E+01
  191   1 sigma   g   -.5138058039062460E+00        0.13E-08        0.19E-09
  191   1 sigma   g   -.5138058039062460E+00        0.13E-08        0.19E-09
 ... multipole moment expansion coefficients recalculated ...
  192   1 sigma   g   -.5138058027042395E+00        0.12E-08        0.18E-09
  192   1 sigma   g   -.5138058027042395E+00        0.12E-08        0.18E-09
  193   1 sigma   g   -.5138058015944451E+00        0.11E-08        0.16E-09
  193   1 sigma   g   -.5138058015944451E+00        0.11E-08        0.16E-09
 ... multipole moment expansion coefficients recalculated ...
  194   1 sigma   g   -.5138058005696080E+00        0.10E-08        0.15E-09
  194   1 sigma   g   -.5138058005696080E+00        0.10E-08        0.15E-09
  195   1 sigma   g   -.5138057996234432E+00        0.95E-09        0.14E-09
  195   1 sigma   g   -.5138057996234432E+00        0.95E-09        0.14E-09
 ... multipole moment expansion coefficients recalculated ...
  196   1 sigma   g   -.5138057987496932E+00        0.87E-09        0.13E-09
  196   1 sigma   g   -.5138057987496932E+00        0.87E-09        0.13E-09
  197   1 sigma   g   -.5138057979429015E+00        0.81E-09        0.12E-09
  197   1 sigma   g   -.5138057979429015E+00        0.81E-09        0.12E-09
 ... multipole moment expansion coefficients recalculated ...
  198   1 sigma   g   -.5138057971979243E+00        0.74E-09        0.11E-09
  198   1 sigma   g   -.5138057971979243E+00        0.74E-09        0.11E-09
  199   1 sigma   g   -.5138057965100391E+00        0.69E-09        0.10E-09
  199   1 sigma   g   -.5138057965100391E+00        0.69E-09        0.10E-09
 ... multipole moment expansion coefficients recalculated ...
  200   1 sigma   g   -.5138057958749116E+00        0.64E-09        0.93E-10
  200   1 sigma   g   -.5138057958749116E+00        0.64E-09        0.93E-10
 ... writing functions to disk (current precision) ...
 total energy:    -0.1091619854069277E+01
  201   1 sigma   g   -.5138057952884370E+00        0.59E-09        0.86E-10
  201   1 sigma   g   -.5138057952884370E+00        0.59E-09        0.86E-10
 ... multipole moment expansion coefficients recalculated ...
  202   1 sigma   g   -.5138057947468510E+00        0.54E-09        0.79E-10
  202   1 sigma   g   -.5138057947468510E+00        0.54E-09        0.79E-10
  203   1 sigma   g   -.5138057942467446E+00        0.50E-09        0.73E-10
  203   1 sigma   g   -.5138057942467446E+00        0.50E-09        0.73E-10
 ... multipole moment expansion coefficients recalculated ...
  204   1 sigma   g   -.5138057937849986E+00        0.46E-09        0.68E-10
  204   1 sigma   g   -.5138057937849986E+00        0.46E-09        0.68E-10
  205   1 sigma   g   -.5138057933586814E+00        0.43E-09        0.62E-10
  205   1 sigma   g   -.5138057933586814E+00        0.43E-09        0.62E-10
 ... multipole moment expansion coefficients recalculated ...
  206   1 sigma   g   -.5138057929649834E+00        0.39E-09        0.58E-10
  206   1 sigma   g   -.5138057929649834E+00        0.39E-09        0.58E-10
  207   1 sigma   g   -.5138057926015085E+00        0.36E-09        0.53E-10
  207   1 sigma   g   -.5138057926015085E+00        0.36E-09        0.53E-10
 ... multipole moment expansion coefficients recalculated ...
  208   1 sigma   g   -.5138057922658024E+00        0.34E-09        0.49E-10
  208   1 sigma   g   -.5138057922658024E+00        0.34E-09        0.49E-10
  209   1 sigma   g   -.5138057919558872E+00        0.31E-09        0.45E-10
  209   1 sigma   g   -.5138057919558872E+00        0.31E-09        0.45E-10
 ... multipole moment expansion coefficients recalculated ...
  210   1 sigma   g   -.5138057916697683E+00        0.29E-09        0.42E-10
  210   1 sigma   g   -.5138057916697683E+00        0.29E-09        0.42E-10
 ... writing functions to disk (current precision) ...
 total energy:    -0.1091619849855926E+01
  211   1 sigma   g   -.5138057914054283E+00        0.26E-09        0.39E-10
  211   1 sigma   g   -.5138057914054283E+00        0.26E-09        0.39E-10
 ... multipole moment expansion coefficients recalculated ...
  212   1 sigma   g   -.5138057911614018E+00        0.24E-09        0.36E-10
  212   1 sigma   g   -.5138057911614018E+00        0.24E-09        0.36E-10
  213   1 sigma   g   -.5138057909361662E+00        0.23E-09        0.33E-10
  213   1 sigma   g   -.5138057909361662E+00        0.23E-09        0.33E-10
 ... multipole moment expansion coefficients recalculated ...
  214   1 sigma   g   -.5138057907280668E+00        0.21E-09        0.31E-10
  214   1 sigma   g   -.5138057907280668E+00        0.21E-09        0.31E-10
  215   1 sigma   g   -.5138057905360005E+00        0.19E-09        0.28E-10
  215   1 sigma   g   -.5138057905360005E+00        0.19E-09        0.28E-10
 ... multipole moment expansion coefficients recalculated ...
  216   1 sigma   g   -.5138057903586178E+00        0.18E-09        0.26E-10
  216   1 sigma   g   -.5138057903586178E+00        0.18E-09        0.26E-10
  217   1 sigma   g   -.5138057901948576E+00        0.16E-09        0.24E-10
  217   1 sigma   g   -.5138057901948576E+00        0.16E-09        0.24E-10
 ... multipole moment expansion coefficients recalculated ...
  218   1 sigma   g   -.5138057900436482E+00        0.15E-09        0.22E-10
  218   1 sigma   g   -.5138057900436482E+00        0.15E-09        0.22E-10
  219   1 sigma   g   -.5138057899039569E+00        0.14E-09        0.21E-10
  219   1 sigma   g   -.5138057899039569E+00        0.14E-09        0.21E-10
 ... multipole moment expansion coefficients recalculated ...
  220   1 sigma   g   -.5138057897750627E+00        0.13E-09        0.19E-10
  220   1 sigma   g   -.5138057897750627E+00        0.13E-09        0.19E-10
 ... writing functions to disk (current precision) ...
 total energy:    -0.1091619847957493E+01
  221   1 sigma   g   -.5138057896559826E+00        0.12E-09        0.17E-10
  221   1 sigma   g   -.5138057896559826E+00        0.12E-09        0.17E-10
 ... multipole moment expansion coefficients recalculated ...
  222   1 sigma   g   -.5138057895460891E+00        0.11E-09        0.16E-10
  222   1 sigma   g   -.5138057895460891E+00        0.11E-09        0.16E-10
  223   1 sigma   g   -.5138057894445928E+00        0.10E-09        0.15E-10
  223   1 sigma   g   -.5138057894445928E+00        0.10E-09        0.15E-10
 ... multipole moment expansion coefficients recalculated ...
  224   1 sigma   g   -.5138057893508526E+00        0.94E-10        0.14E-10
  224   1 sigma   g   -.5138057893508526E+00        0.94E-10        0.14E-10
  225   1 sigma   g   -.5138057892642836E+00        0.87E-10        0.13E-10
  225   1 sigma   g   -.5138057892642836E+00        0.87E-10        0.13E-10
 ... multipole moment expansion coefficients recalculated ...
  226   1 sigma   g   -.5138057891843556E+00        0.80E-10        0.12E-10
  226   1 sigma   g   -.5138057891843556E+00        0.80E-10        0.12E-10
  227   1 sigma   g   -.5138057891106145E+00        0.74E-10        0.11E-10
  227   1 sigma   g   -.5138057891106145E+00        0.74E-10        0.11E-10
 ... multipole moment expansion coefficients recalculated ...
  228   1 sigma   g   -.5138057890424474E+00        0.68E-10        0.10E-10
  228   1 sigma   g   -.5138057890424474E+00        0.68E-10        0.10E-10
  229   1 sigma   g   -.5138057889795202E+00        0.63E-10        0.93E-11
  229   1 sigma   g   -.5138057889795202E+00        0.63E-10        0.93E-11
 ... multipole moment expansion coefficients recalculated ...
  230   1 sigma   g   -.5138057889214886E+00        0.58E-10        0.86E-11
  230   1 sigma   g   -.5138057889214886E+00        0.58E-10        0.86E-11
 ... writing functions to disk (current precision) ...
 total energy:    -0.1091619847102349E+01
  231   1 sigma   g   -.5138057888678076E+00        0.54E-10        0.80E-11
  231   1 sigma   g   -.5138057888678076E+00        0.54E-10        0.80E-11
 ... multipole moment expansion coefficients recalculated ...
  232   1 sigma   g   -.5138057888182997E+00        0.50E-10        0.73E-11
  232   1 sigma   g   -.5138057888182997E+00        0.50E-10        0.73E-11
  233   1 sigma   g   -.5138057887725699E+00        0.46E-10        0.68E-11
  233   1 sigma   g   -.5138057887725699E+00        0.46E-10        0.68E-11
 ... multipole moment expansion coefficients recalculated ...
  234   1 sigma   g   -.5138057887302542E+00        0.42E-10        0.63E-11
  234   1 sigma   g   -.5138057887302542E+00        0.42E-10        0.63E-11
  235   1 sigma   g   -.5138057886912921E+00        0.39E-10        0.58E-11
  235   1 sigma   g   -.5138057886912921E+00        0.39E-10        0.58E-11
 ... multipole moment expansion coefficients recalculated ...
  236   1 sigma   g   -.5138057886553441E+00        0.36E-10        0.53E-11
  236   1 sigma   g   -.5138057886553441E+00        0.36E-10        0.53E-11
  237   1 sigma   g   -.5138057886220847E+00        0.33E-10        0.50E-11
  237   1 sigma   g   -.5138057886220847E+00        0.33E-10        0.50E-11
 ... multipole moment expansion coefficients recalculated ...
  238   1 sigma   g   -.5138057885912720E+00        0.31E-10        0.46E-11
  238   1 sigma   g   -.5138057885912720E+00        0.31E-10        0.46E-11
  239   1 sigma   g   -.5138057885629309E+00        0.28E-10        0.42E-11
  239   1 sigma   g   -.5138057885629309E+00        0.28E-10        0.42E-11
 ... multipole moment expansion coefficients recalculated ...
  240   1 sigma   g   -.5138057885368310E+00        0.26E-10        0.39E-11
  240   1 sigma   g   -.5138057885368310E+00        0.26E-10        0.39E-11
 ... writing functions to disk (current precision) ...
 total energy:    -0.1091619846716905E+01
  241   1 sigma   g   -.5138057885126521E+00        0.24E-10        0.36E-11
  241   1 sigma   g   -.5138057885126521E+00        0.24E-10        0.36E-11
 ... multipole moment expansion coefficients recalculated ...
  242   1 sigma   g   -.5138057884903547E+00        0.22E-10        0.33E-11
  242   1 sigma   g   -.5138057884903547E+00        0.22E-10        0.33E-11
  243   1 sigma   g   -.5138057884697552E+00        0.21E-10        0.31E-11
  243   1 sigma   g   -.5138057884697552E+00        0.21E-10        0.31E-11
 ... multipole moment expansion coefficients recalculated ...
  244   1 sigma   g   -.5138057884506543E+00        0.19E-10        0.29E-11
  244   1 sigma   g   -.5138057884506543E+00        0.19E-10        0.29E-11
  245   1 sigma   g   -.5138057884330587E+00        0.18E-10        0.26E-11
  245   1 sigma   g   -.5138057884330587E+00        0.18E-10        0.26E-11
 ... multipole moment expansion coefficients recalculated ...
  246   1 sigma   g   -.5138057884168215E+00        0.16E-10        0.24E-11
  246   1 sigma   g   -.5138057884168215E+00        0.16E-10        0.24E-11
  247   1 sigma   g   -.5138057884018280E+00        0.15E-10        0.22E-11
  247   1 sigma   g   -.5138057884018280E+00        0.15E-10        0.22E-11
 ... multipole moment expansion coefficients recalculated ...
  248   1 sigma   g   -.5138057883879966E+00        0.14E-10        0.20E-11
  248   1 sigma   g   -.5138057883879966E+00        0.14E-10        0.20E-11
  249   1 sigma   g   -.5138057883753380E+00        0.13E-10        0.19E-11
  249   1 sigma   g   -.5138057883753380E+00        0.13E-10        0.19E-11
 ... multipole moment expansion coefficients recalculated ...
  250   1 sigma   g   -.5138057883634388E+00        0.12E-10        0.18E-11
  250   1 sigma   g   -.5138057883634388E+00        0.12E-10        0.18E-11
 ... writing functions to disk (current precision) ...
 total energy:    -0.1091619846543088E+01
  251   1 sigma   g   -.5138057883525825E+00        0.11E-10        0.16E-11
  251   1 sigma   g   -.5138057883525825E+00        0.11E-10        0.16E-11
 ... multipole moment expansion coefficients recalculated ...
  252   1 sigma   g   -.5138057883425363E+00        0.10E-10        0.15E-11
  252   1 sigma   g   -.5138057883425363E+00        0.10E-10        0.15E-11
  253   1 sigma   g   -.5138057883332637E+00        0.93E-11        0.14E-11
  253   1 sigma   g   -.5138057883332637E+00        0.93E-11        0.14E-11
 ... multipole moment expansion coefficients recalculated ...
  254   1 sigma   g   -.5138057883247450E+00        0.85E-11        0.13E-11
  254   1 sigma   g   -.5138057883247450E+00        0.85E-11        0.13E-11
  255   1 sigma   g   -.5138057883168493E+00        0.79E-11        0.12E-11
  255   1 sigma   g   -.5138057883168493E+00        0.79E-11        0.12E-11
 ... multipole moment expansion coefficients recalculated ...
  256   1 sigma   g   -.5138057883094864E+00        0.74E-11        0.12E-11
  256   1 sigma   g   -.5138057883094864E+00        0.74E-11        0.12E-11
  257   1 sigma   g   -.5138057883027536E+00        0.67E-11        0.11E-11
  257   1 sigma   g   -.5138057883027536E+00        0.67E-11        0.11E-11
 ... multipole moment expansion coefficients recalculated ...
  258   1 sigma   g   -.5138057882964592E+00        0.63E-11        0.98E-12
  258   1 sigma   g   -.5138057882964592E+00        0.63E-11        0.98E-12
  259   1 sigma   g   -.5138057882907838E+00        0.57E-11        0.89E-12
  259   1 sigma   g   -.5138057882907838E+00        0.57E-11        0.89E-12
 ... multipole moment expansion coefficients recalculated ...
  260   1 sigma   g   -.5138057882854761E+00        0.53E-11        0.86E-12
  260   1 sigma   g   -.5138057882854761E+00        0.53E-11        0.86E-12
 ... writing functions to disk (current precision) ...
 total energy:    -0.1091619846465099E+01
  261   1 sigma   g   -.5138057882805217E+00        0.50E-11        0.80E-12
  261   1 sigma   g   -.5138057882805217E+00        0.50E-11        0.80E-12
  262   1 sigma   g   -.5138057882759717E+00        0.46E-11        0.72E-12
  262   1 sigma   g   -.5138057882759717E+00        0.46E-11        0.72E-12
 ... multipole moment expansion coefficients recalculated ...
  263   1 sigma   g   -.5138057882719133E+00        0.41E-11        0.67E-12
  263   1 sigma   g   -.5138057882719133E+00        0.41E-11        0.67E-12
  264   1 sigma   g   -.5138057882679676E+00        0.39E-11        0.68E-12
  264   1 sigma   g   -.5138057882679676E+00        0.39E-11        0.68E-12
 ... multipole moment expansion coefficients recalculated ...
  265   1 sigma   g   -.5138057882643563E+00        0.36E-11        0.59E-12
  265   1 sigma   g   -.5138057882643563E+00        0.36E-11        0.59E-12
  266   1 sigma   g   -.5138057882611068E+00        0.32E-11        0.53E-12
  266   1 sigma   g   -.5138057882611068E+00        0.32E-11        0.53E-12
 ... multipole moment expansion coefficients recalculated ...
  267   1 sigma   g   -.5138057882579924E+00        0.31E-11        0.52E-12
  267   1 sigma   g   -.5138057882579924E+00        0.31E-11        0.52E-12
  268   1 sigma   g   -.5138057882552831E+00        0.27E-11        0.45E-12
  268   1 sigma   g   -.5138057882552831E+00        0.27E-11        0.45E-12
 ... multipole moment expansion coefficients recalculated ...
  269   1 sigma   g   -.5138057882526296E+00        0.27E-11        0.46E-12
  269   1 sigma   g   -.5138057882526296E+00        0.27E-11        0.46E-12
  270   1 sigma   g   -.5138057882502221E+00        0.24E-11        0.41E-12
  270   1 sigma   g   -.5138057882502221E+00        0.24E-11        0.41E-12
 ... writing functions to disk (current precision) ...
 total energy:    -0.1091619846429718E+01
  271   1 sigma   g   -.5138057882480812E+00        0.21E-11        0.38E-12
  271   1 sigma   g   -.5138057882480812E+00        0.21E-11        0.38E-12
 ... multipole moment expansion coefficients recalculated ...
  272   1 sigma   g   -.5138057882459455E+00        0.21E-11        0.39E-12
  272   1 sigma   g   -.5138057882459455E+00        0.21E-11        0.39E-12
  273   1 sigma   g   -.5138057882440805E+00        0.19E-11        0.32E-12
  273   1 sigma   g   -.5138057882440805E+00        0.19E-11        0.32E-12
  274   1 sigma   g   -.5138057882423738E+00        0.17E-11        0.31E-12
  274   1 sigma   g   -.5138057882423738E+00        0.17E-11        0.31E-12
 ... multipole moment expansion coefficients recalculated ...
  275   1 sigma   g   -.5138057882406832E+00        0.17E-11        0.30E-12
  275   1 sigma   g   -.5138057882406832E+00        0.17E-11        0.30E-12
  276   1 sigma   g   -.5138057882393188E+00        0.14E-11        0.24E-12
  276   1 sigma   g   -.5138057882393188E+00        0.14E-11        0.24E-12
 ... multipole moment expansion coefficients recalculated ...
  277   1 sigma   g   -.5138057882379498E+00        0.14E-11        0.30E-12
  277   1 sigma   g   -.5138057882379498E+00        0.14E-11        0.30E-12
  278   1 sigma   g   -.5138057882366879E+00        0.13E-11        0.27E-12
  278   1 sigma   g   -.5138057882366879E+00        0.13E-11        0.27E-12
  279   1 sigma   g   -.5138057882354350E+00        0.13E-11        0.26E-12
  279   1 sigma   g   -.5138057882354350E+00        0.13E-11        0.26E-12
  280   1 sigma   g   -.5138057882343676E+00        0.11E-11        0.20E-12
  280   1 sigma   g   -.5138057882343676E+00        0.11E-11        0.20E-12
 ... multipole moment expansion coefficients recalculated ...
 ... writing functions to disk (current precision) ...
 total energy:    -0.1091619846413818E+01
  281   1 sigma   g   -.5138057882333390E+00        0.10E-11        0.20E-12
  281   1 sigma   g   -.5138057882333390E+00        0.10E-11        0.20E-12
  282   1 sigma   g   -.5138057882324475E+00        0.89E-12        0.17E-12
  282   1 sigma   g   -.5138057882324475E+00        0.89E-12        0.17E-12
 ... multipole moment expansion coefficients recalculated ...
  283   1 sigma   g   -.5138057882316251E+00        0.82E-12        0.18E-12
  283   1 sigma   g   -.5138057882316251E+00        0.82E-12        0.18E-12
  284   1 sigma   g   -.5138057882308499E+00        0.78E-12        0.18E-12
  284   1 sigma   g   -.5138057882308499E+00        0.78E-12        0.18E-12
  285   1 sigma   g   -.5138057882301189E+00        0.73E-12        0.18E-12
  285   1 sigma   g   -.5138057882301189E+00        0.73E-12        0.18E-12
 ... multipole moment expansion coefficients recalculated ...
  286   1 sigma   g   -.5138057882294538E+00        0.67E-12        0.17E-12
  286   1 sigma   g   -.5138057882294538E+00        0.67E-12        0.17E-12
  287   1 sigma   g   -.5138057882288320E+00        0.62E-12        0.16E-12
  287   1 sigma   g   -.5138057882288320E+00        0.62E-12        0.16E-12
 ... multipole moment expansion coefficients recalculated ...
  288   1 sigma   g   -.5138057882282542E+00        0.58E-12        0.14E-12
  288   1 sigma   g   -.5138057882282542E+00        0.58E-12        0.14E-12
  289   1 sigma   g   -.5138057882277424E+00        0.51E-12        0.14E-12
  289   1 sigma   g   -.5138057882277424E+00        0.51E-12        0.14E-12
 ... multipole moment expansion coefficients recalculated ...
  290   1 sigma   g   -.5138057882272467E+00        0.50E-12        0.14E-12
  290   1 sigma   g   -.5138057882272467E+00        0.50E-12        0.14E-12
 ... writing functions to disk (current precision) ...
 total energy:    -0.1091619846406699E+01
  291   1 sigma   g   -.5138057882267598E+00        0.49E-12        0.12E-12
  291   1 sigma   g   -.5138057882267598E+00        0.49E-12        0.12E-12
  292   1 sigma   g   -.5138057882264606E+00        0.30E-12        0.10E-12
  292   1 sigma   g   -.5138057882264606E+00        0.30E-12        0.10E-12
 ... multipole moment expansion coefficients recalculated ...
  293   1 sigma   g   -.5138057882259978E+00        0.46E-12        0.16E-12
  293   1 sigma   g   -.5138057882259978E+00        0.46E-12        0.16E-12
 ... multipole moment expansion coefficients recalculated ...
  294   1 sigma   g   -.5138057882256589E+00        0.34E-12        0.11E-12
  294   1 sigma   g   -.5138057882256589E+00        0.34E-12        0.11E-12
 ... multipole moment expansion coefficients recalculated ...
  295   1 sigma   g   -.5138057882252773E+00        0.38E-12        0.11E-12
  295   1 sigma   g   -.5138057882252773E+00        0.38E-12        0.11E-12
  296   1 sigma   g   -.5138057882249274E+00        0.35E-12        0.81E-13
  296   1 sigma   g   -.5138057882249274E+00        0.35E-12        0.81E-13
  297   1 sigma   g   -.5138057882247566E+00        0.17E-12        0.58E-13
  297   1 sigma   g   -.5138057882247566E+00        0.17E-12        0.58E-13
 ... multipole moment expansion coefficients recalculated ...
  298   1 sigma   g   -.5138057882245336E+00        0.22E-12        0.11E-12
  298   1 sigma   g   -.5138057882245336E+00        0.22E-12        0.11E-12
 ... multipole moment expansion coefficients recalculated ...
  299   1 sigma   g   -.5138057882242846E+00        0.25E-12        0.12E-12
  299   1 sigma   g   -.5138057882242846E+00        0.25E-12        0.12E-12
  300   1 sigma   g   -.5138057882240549E+00        0.23E-12        0.11E-12
  300   1 sigma   g   -.5138057882240549E+00        0.23E-12        0.11E-12
 ... writing functions to disk (current precision) ...
 total energy:    -0.1091619846403515E+01
  301   1 sigma   g   -.5138057882238820E+00        0.17E-12        0.10E-12
  301   1 sigma   g   -.5138057882238820E+00        0.17E-12        0.10E-12
 ... multipole moment expansion coefficients recalculated ...
  302   1 sigma   g   -.5138057882236400E+00        0.24E-12        0.12E-12
  302   1 sigma   g   -.5138057882236400E+00        0.24E-12        0.12E-12
 ... multipole moment expansion coefficients recalculated ...
  303   1 sigma   g   -.5138057882234129E+00        0.23E-12        0.87E-13
  303   1 sigma   g   -.5138057882234129E+00        0.23E-12        0.87E-13
  304   1 sigma   g   -.5138057882232639E+00        0.15E-12        0.49E-13
  304   1 sigma   g   -.5138057882232639E+00        0.15E-12        0.49E-13
 ... multipole moment expansion coefficients recalculated ...
  305   1 sigma   g   -.5138057882231313E+00        0.13E-12        0.55E-13
  305   1 sigma   g   -.5138057882231313E+00        0.13E-12        0.55E-13
  306   1 sigma   g   -.5138057882229620E+00        0.17E-12        0.62E-13
  306   1 sigma   g   -.5138057882229620E+00        0.17E-12        0.62E-13
  307   1 sigma   g   -.5138057882228362E+00        0.13E-12        0.42E-13
  307   1 sigma   g   -.5138057882228362E+00        0.13E-12        0.42E-13
 ... multipole moment expansion coefficients recalculated ...
  308   1 sigma   g   -.5138057882227149E+00        0.12E-12        0.46E-13
  308   1 sigma   g   -.5138057882227149E+00        0.12E-12        0.46E-13
  309   1 sigma   g   -.5138057882226484E+00        0.67E-13        0.41E-13
  309   1 sigma   g   -.5138057882226484E+00        0.67E-13        0.41E-13
 ... multipole moment expansion coefficients recalculated ...
  310   1 sigma   g   -.5138057882225663E+00        0.82E-13        0.66E-13
  310   1 sigma   g   -.5138057882225663E+00        0.82E-13        0.66E-13
 ... multipole moment expansion coefficients recalculated ...
 ... writing functions to disk (current precision) ...
 total energy:    -0.1091619846401974E+01
  311   1 sigma   g   -.5138057882225533E+00        0.13E-13        0.70E-13
  311   1 sigma   g   -.5138057882225533E+00        0.13E-13        0.70E-13
 ... multipole moment expansion coefficients recalculated ...
  312   1 sigma   g   -.5138057882223904E+00        0.16E-12        0.11E-12
  312   1 sigma   g   -.5138057882223904E+00        0.16E-12        0.11E-12
 ... multipole moment expansion coefficients recalculated ...
  313   1 sigma   g   -.5138057882223297E+00        0.61E-13        0.70E-13
  313   1 sigma   g   -.5138057882223297E+00        0.61E-13        0.70E-13
 ... multipole moment expansion coefficients recalculated ...
  314   1 sigma   g   -.5138057882223021E+00        0.28E-13        0.70E-13
  314   1 sigma   g   -.5138057882223021E+00        0.28E-13        0.70E-13
 ... multipole moment expansion coefficients recalculated ...
  315   1 sigma   g   -.5138057882221280E+00        0.17E-12        0.93E-13
  315   1 sigma   g   -.5138057882221280E+00        0.17E-12        0.93E-13
 ... multipole moment expansion coefficients recalculated ...
  316   1 sigma   g   -.5138057882221250E+00        0.30E-14        0.38E-13
  316   1 sigma   g   -.5138057882221250E+00        0.30E-14        0.38E-13
 ... multipole moment expansion coefficients recalculated ...
  317   1 sigma   g   -.5138057882221914E+00       -0.66E-13        0.61E-13
  317   1 sigma   g   -.5138057882221914E+00       -0.66E-13        0.61E-13
 ... multipole moment expansion coefficients recalculated ...
  318   1 sigma   g   -.5138057882220525E+00        0.14E-12        0.13E-12
  318   1 sigma   g   -.5138057882220525E+00        0.14E-12        0.13E-12
 ... multipole moment expansion coefficients recalculated ...
  319   1 sigma   g   -.5138057882220590E+00       -0.66E-14        0.82E-13
  319   1 sigma   g   -.5138057882220590E+00       -0.66E-14        0.82E-13
 ... multipole moment expansion coefficients recalculated ...
  320   1 sigma   g   -.5138057882219771E+00        0.82E-13        0.11E-12
  320   1 sigma   g   -.5138057882219771E+00        0.82E-13        0.11E-12
 ... multipole moment expansion coefficients recalculated ...
 ... writing functions to disk (current precision) ...
 total energy:    -0.1091619846401470E+01
  321   1 sigma   g   -.5138057882219176E+00        0.60E-13        0.86E-13
  321   1 sigma   g   -.5138057882219176E+00        0.60E-13        0.86E-13
 ... multipole moment expansion coefficients recalculated ...
  322   1 sigma   g   -.5138057882218786E+00        0.39E-13        0.76E-13
  322   1 sigma   g   -.5138057882218786E+00        0.39E-13        0.76E-13
 ... multipole moment expansion coefficients recalculated ...
  323   1 sigma   g   -.5138057882218686E+00        0.10E-13        0.74E-13
  323   1 sigma   g   -.5138057882218686E+00        0.10E-13        0.74E-13
 ... multipole moment expansion coefficients recalculated ...
  324   1 sigma   g   -.5138057882217960E+00        0.73E-13        0.87E-13
  324   1 sigma   g   -.5138057882217960E+00        0.73E-13        0.87E-13
 ... multipole moment expansion coefficients recalculated ...
  325   1 sigma   g   -.5138057882217351E+00        0.61E-13        0.65E-13
  325   1 sigma   g   -.5138057882217351E+00        0.61E-13        0.65E-13
 ... multipole moment expansion coefficients recalculated ...
  326   1 sigma   g   -.5138057882217357E+00       -0.67E-15        0.49E-13
  326   1 sigma   g   -.5138057882217357E+00       -0.67E-15        0.49E-13
 ... multipole moment expansion coefficients recalculated ...
  327   1 sigma   g   -.5138057882217215E+00        0.14E-13        0.65E-13
  327   1 sigma   g   -.5138057882217215E+00        0.14E-13        0.65E-13
 ... multipole moment expansion coefficients recalculated ...
  328   1 sigma   g   -.5138057882216324E+00        0.89E-13        0.70E-13
  328   1 sigma   g   -.5138057882216324E+00        0.89E-13        0.70E-13
 ... multipole moment expansion coefficients recalculated ...
  329   1 sigma   g   -.5138057882215786E+00        0.54E-13        0.34E-13
  329   1 sigma   g   -.5138057882215786E+00        0.54E-13        0.34E-13
 ... multipole moment expansion coefficients recalculated ...
  330   1 sigma   g   -.5138057882216390E+00       -0.60E-13        0.18E-13
  330   1 sigma   g   -.5138057882216390E+00       -0.60E-13        0.18E-13
 ... writing functions to disk (current precision) ...
 total energy:    -0.1091619846401072E+01
  331   1 sigma   g   -.5138057882216186E+00        0.20E-13        0.64E-13
  331   1 sigma   g   -.5138057882216186E+00        0.20E-13        0.64E-13
 ... multipole moment expansion coefficients recalculated ...
  332   1 sigma   g   -.5138057882216368E+00       -0.18E-13        0.62E-13
  332   1 sigma   g   -.5138057882216368E+00       -0.18E-13        0.62E-13
  333   1 sigma   g   -.5138057882215665E+00        0.70E-13        0.80E-13
  333   1 sigma   g   -.5138057882215665E+00        0.70E-13        0.80E-13
 ... multipole moment expansion coefficients recalculated ...
  334   1 sigma   g   -.5138057882215651E+00        0.14E-14        0.52E-13
  334   1 sigma   g   -.5138057882215651E+00        0.14E-14        0.52E-13
 ... multipole moment expansion coefficients recalculated ...
  335   1 sigma   g   -.5138057882215331E+00        0.32E-13        0.54E-13
  335   1 sigma   g   -.5138057882215331E+00        0.32E-13        0.54E-13
 ... multipole moment expansion coefficients recalculated ...
  336   1 sigma   g   -.5138057882215212E+00        0.12E-13        0.46E-13
  336   1 sigma   g   -.5138057882215212E+00        0.12E-13        0.46E-13
 ... multipole moment expansion coefficients recalculated ...
  337   1 sigma   g   -.5138057882215429E+00       -0.22E-13        0.45E-13
  337   1 sigma   g   -.5138057882215429E+00       -0.22E-13        0.45E-13
 ... multipole moment expansion coefficients recalculated ...
  338   1 sigma   g   -.5138057882215634E+00       -0.21E-13        0.60E-13
  338   1 sigma   g   -.5138057882215634E+00       -0.21E-13        0.60E-13
  339   1 sigma   g   -.5138057882215215E+00        0.42E-13        0.81E-13
  339   1 sigma   g   -.5138057882215215E+00        0.42E-13        0.81E-13
 ... multipole moment expansion coefficients recalculated ...
  340   1 sigma   g   -.5138057882214754E+00        0.46E-13        0.57E-13
  340   1 sigma   g   -.5138057882214754E+00        0.46E-13        0.57E-13
 ... writing functions to disk (current precision) ...
 total energy:    -0.1091619846400866E+01
  341   1 sigma   g   -.5138057882215499E+00       -0.74E-13        0.39E-13
  341   1 sigma   g   -.5138057882215499E+00       -0.74E-13        0.39E-13
 ... multipole moment expansion coefficients recalculated ...
  342   1 sigma   g   -.5138057882215168E+00        0.33E-13        0.81E-13
  342   1 sigma   g   -.5138057882215168E+00        0.33E-13        0.81E-13
 ... multipole moment expansion coefficients recalculated ...
  343   1 sigma   g   -.5138057882214525E+00        0.64E-13        0.66E-13
  343   1 sigma   g   -.5138057882214525E+00        0.64E-13        0.66E-13
 ... multipole moment expansion coefficients recalculated ...
  344   1 sigma   g   -.5138057882215558E+00       -0.10E-12        0.35E-13
  344   1 sigma   g   -.5138057882215558E+00       -0.10E-12        0.35E-13
 ... multipole moment expansion coefficients recalculated ...
  345   1 sigma   g   -.5138057882215515E+00        0.42E-14        0.92E-13
  345   1 sigma   g   -.5138057882215515E+00        0.42E-14        0.92E-13
 ... multipole moment expansion coefficients recalculated ...
  346   1 sigma   g   -.5138057882214676E+00        0.84E-13        0.92E-13
  346   1 sigma   g   -.5138057882214676E+00        0.84E-13        0.92E-13
 ... multipole moment expansion coefficients recalculated ...
  347   1 sigma   g   -.5138057882214616E+00        0.60E-14        0.51E-13
  347   1 sigma   g   -.5138057882214616E+00        0.60E-14        0.51E-13
 ... multipole moment expansion coefficients recalculated ...
  348   1 sigma   g   -.5138057882214895E+00       -0.28E-13        0.47E-13
  348   1 sigma   g   -.5138057882214895E+00       -0.28E-13        0.47E-13
 ... multipole moment expansion coefficients recalculated ...
  349   1 sigma   g   -.5138057882214042E+00        0.85E-13        0.63E-13
  349   1 sigma   g   -.5138057882214042E+00        0.85E-13        0.63E-13
 ... multipole moment expansion coefficients recalculated ...
  350   1 sigma   g   -.5138057882213990E+00        0.52E-14        0.23E-13
  350   1 sigma   g   -.5138057882213990E+00        0.52E-14        0.23E-13
 ... multipole moment expansion coefficients recalculated ...
 ... writing functions to disk (current precision) ...
 total energy:    -0.1091619846400768E+01
  351   1 sigma   g   -.5138057882214198E+00       -0.21E-13        0.24E-13
  351   1 sigma   g   -.5138057882214198E+00       -0.21E-13        0.24E-13
 ... multipole moment expansion coefficients recalculated ...
  352   1 sigma   g   -.5138057882214225E+00       -0.28E-14        0.38E-13
  352   1 sigma   g   -.5138057882214225E+00       -0.28E-14        0.38E-13
 ... multipole moment expansion coefficients recalculated ...
  353   1 sigma   g   -.5138057882214061E+00        0.16E-13        0.43E-13
  353   1 sigma   g   -.5138057882214061E+00        0.16E-13        0.43E-13
 ... multipole moment expansion coefficients recalculated ...
  354   1 sigma   g   -.5138057882213948E+00        0.11E-13        0.38E-13
  354   1 sigma   g   -.5138057882213948E+00        0.11E-13        0.38E-13
 ... multipole moment expansion coefficients recalculated ...
  355   1 sigma   g   -.5138057882214770E+00       -0.82E-13        0.33E-13
  355   1 sigma   g   -.5138057882214770E+00       -0.82E-13        0.33E-13
 ... multipole moment expansion coefficients recalculated ...
  356   1 sigma   g   -.5138057882214290E+00        0.48E-13        0.78E-13
  356   1 sigma   g   -.5138057882214290E+00        0.48E-13        0.78E-13
 ... multipole moment expansion coefficients recalculated ...
  357   1 sigma   g   -.5138057882214752E+00       -0.46E-13        0.55E-13
  357   1 sigma   g   -.5138057882214752E+00       -0.46E-13        0.55E-13
  358   1 sigma   g   -.5138057882214683E+00        0.69E-14        0.81E-13
  358   1 sigma   g   -.5138057882214683E+00        0.69E-14        0.81E-13
 ... multipole moment expansion coefficients recalculated ...
  359   1 sigma   g   -.5138057882214919E+00       -0.24E-13        0.75E-13
  359   1 sigma   g   -.5138057882214919E+00       -0.24E-13        0.75E-13
 ... multipole moment expansion coefficients recalculated ...
  360   1 sigma   g   -.5138057882214313E+00        0.61E-13        0.88E-13
  360   1 sigma   g   -.5138057882214313E+00        0.61E-13        0.88E-13
 ... multipole moment expansion coefficients recalculated ...
 ... writing functions to disk (current precision) ...
 total energy:    -0.1091619846400864E+01
  361   1 sigma   g   -.5138057882214396E+00       -0.83E-14        0.53E-13
  361   1 sigma   g   -.5138057882214396E+00       -0.83E-14        0.53E-13
 ... multipole moment expansion coefficients recalculated ...
  362   1 sigma   g   -.5138057882214042E+00        0.35E-13        0.58E-13
  362   1 sigma   g   -.5138057882214042E+00        0.35E-13        0.58E-13
 ... multipole moment expansion coefficients recalculated ...
  363   1 sigma   g   -.5138057882214194E+00       -0.15E-13        0.40E-13
  363   1 sigma   g   -.5138057882214194E+00       -0.15E-13        0.40E-13
 ... multipole moment expansion coefficients recalculated ...
  364   1 sigma   g   -.5138057882214108E+00        0.87E-14        0.49E-13
  364   1 sigma   g   -.5138057882214108E+00        0.87E-14        0.49E-13
 ... multipole moment expansion coefficients recalculated ...
  365   1 sigma   g   -.5138057882213812E+00        0.30E-13        0.48E-13
  365   1 sigma   g   -.5138057882213812E+00        0.30E-13        0.48E-13
 ... multipole moment expansion coefficients recalculated ...
  366   1 sigma   g   -.5138057882213972E+00       -0.16E-13        0.35E-13
  366   1 sigma   g   -.5138057882213972E+00       -0.16E-13        0.35E-13
 ... multipole moment expansion coefficients recalculated ...
  367   1 sigma   g   -.5138057882214107E+00       -0.13E-13        0.44E-13
  367   1 sigma   g   -.5138057882214107E+00       -0.13E-13        0.44E-13
 ... multipole moment expansion coefficients recalculated ...
  368   1 sigma   g   -.5138057882213840E+00        0.27E-13        0.53E-13
  368   1 sigma   g   -.5138057882213840E+00        0.27E-13        0.53E-13
 ... multipole moment expansion coefficients recalculated ...
  369   1 sigma   g   -.5138057882214441E+00       -0.60E-13        0.43E-13
  369   1 sigma   g   -.5138057882214441E+00       -0.60E-13        0.43E-13
 ... multipole moment expansion coefficients recalculated ...
  370   1 sigma   g   -.5138057882213928E+00        0.51E-13        0.72E-13
  370   1 sigma   g   -.5138057882213928E+00        0.51E-13        0.72E-13
 ... multipole moment expansion coefficients recalculated ...
 ... writing functions to disk (current precision) ...
 total energy:    -0.1091619846400801E+01
  371   1 sigma   g   -.5138057882214282E+00       -0.35E-13        0.47E-13
  371   1 sigma   g   -.5138057882214282E+00       -0.35E-13        0.47E-13
 ... multipole moment expansion coefficients recalculated ...
  372   1 sigma   g   -.5138057882213996E+00        0.29E-13        0.66E-13
  372   1 sigma   g   -.5138057882213996E+00        0.29E-13        0.66E-13
 ... multipole moment expansion coefficients recalculated ...
  373   1 sigma   g   -.5138057882213897E+00        0.99E-14        0.48E-13
  373   1 sigma   g   -.5138057882213897E+00        0.99E-14        0.48E-13
 ... multipole moment expansion coefficients recalculated ...
  374   1 sigma   g   -.5138057882213469E+00        0.43E-13        0.46E-13
  374   1 sigma   g   -.5138057882213469E+00        0.43E-13        0.46E-13
 ... multipole moment expansion coefficients recalculated ...
  375   1 sigma   g   -.5138057882213728E+00       -0.26E-13        0.22E-13
  375   1 sigma   g   -.5138057882213728E+00       -0.26E-13        0.22E-13
 ... multipole moment expansion coefficients recalculated ...
  376   1 sigma   g   -.5138057882214060E+00       -0.33E-13        0.39E-13
  376   1 sigma   g   -.5138057882214060E+00       -0.33E-13        0.39E-13
 ... multipole moment expansion coefficients recalculated ...
  377   1 sigma   g   -.5138057882214144E+00       -0.84E-14        0.57E-13
  377   1 sigma   g   -.5138057882214144E+00       -0.84E-14        0.57E-13
 ... multipole moment expansion coefficients recalculated ...
  378   1 sigma   g   -.5138057882214053E+00        0.91E-14        0.62E-13
  378   1 sigma   g   -.5138057882214053E+00        0.91E-14        0.62E-13
  379   1 sigma   g   -.5138057882213869E+00        0.18E-13        0.56E-13
  379   1 sigma   g   -.5138057882213869E+00        0.18E-13        0.56E-13
 ... multipole moment expansion coefficients recalculated ...
  380   1 sigma   g   -.5138057882213781E+00        0.88E-14        0.48E-13
  380   1 sigma   g   -.5138057882213781E+00        0.88E-14        0.48E-13
 ... multipole moment expansion coefficients recalculated ...
 ... writing functions to disk (current precision) ...
 total energy:    -0.1091619846400778E+01
  381   1 sigma   g   -.5138057882213841E+00       -0.60E-14        0.43E-13
  381   1 sigma   g   -.5138057882213841E+00       -0.60E-14        0.43E-13
 ... multipole moment expansion coefficients recalculated ...
  382   1 sigma   g   -.5138057882213360E+00        0.48E-13        0.45E-13
  382   1 sigma   g   -.5138057882213360E+00        0.48E-13        0.45E-13
 ... multipole moment expansion coefficients recalculated ...
  383   1 sigma   g   -.5138057882213417E+00       -0.57E-14        0.19E-13
  383   1 sigma   g   -.5138057882213417E+00       -0.57E-14        0.19E-13
 ... multipole moment expansion coefficients recalculated ...
  384   1 sigma   g   -.5138057882213448E+00       -0.31E-14        0.25E-13
  384   1 sigma   g   -.5138057882213448E+00       -0.31E-14        0.25E-13
 ... multipole moment expansion coefficients recalculated ...
  385   1 sigma   g   -.5138057882214317E+00       -0.87E-13        0.29E-13
  385   1 sigma   g   -.5138057882214317E+00       -0.87E-13        0.29E-13
 ... multipole moment expansion coefficients recalculated ...
  386   1 sigma   g   -.5138057882214374E+00       -0.57E-14        0.74E-13
  386   1 sigma   g   -.5138057882214374E+00       -0.57E-14        0.74E-13
 ... multipole moment expansion coefficients recalculated ...
  387   1 sigma   g   -.5138057882214424E+00       -0.50E-14        0.79E-13
  387   1 sigma   g   -.5138057882214424E+00       -0.50E-14        0.79E-13
  388   1 sigma   g   -.5138057882213790E+00        0.63E-13        0.80E-13
  388   1 sigma   g   -.5138057882213790E+00        0.63E-13        0.80E-13
 ... multipole moment expansion coefficients recalculated ...
  389   1 sigma   g   -.5138057882213916E+00       -0.13E-13        0.43E-13
  389   1 sigma   g   -.5138057882213916E+00       -0.13E-13        0.43E-13
 ... multipole moment expansion coefficients recalculated ...
  390   1 sigma   g   -.5138057882214243E+00       -0.33E-13        0.51E-13
  390   1 sigma   g   -.5138057882214243E+00       -0.33E-13        0.51E-13
 ... multipole moment expansion coefficients recalculated ...
 ... writing functions to disk (current precision) ...
 total energy:    -0.1091619846400878E+01
  391   1 sigma   g   -.5138057882213513E+00        0.73E-13        0.66E-13
  391   1 sigma   g   -.5138057882213513E+00        0.73E-13        0.66E-13
 ... multipole moment expansion coefficients recalculated ...
  392   1 sigma   g   -.5138057882213268E+00        0.24E-13        0.30E-13
  392   1 sigma   g   -.5138057882213268E+00        0.24E-13        0.30E-13
 ... multipole moment expansion coefficients recalculated ...
  393   1 sigma   g   -.5138057882213104E+00        0.16E-13        0.18E-13
  393   1 sigma   g   -.5138057882213104E+00        0.16E-13        0.18E-13
 ... multipole moment expansion coefficients recalculated ...
  394   1 sigma   g   -.5138057882212902E+00        0.20E-13        0.10E-13
  394   1 sigma   g   -.5138057882212902E+00        0.20E-13        0.10E-13
 ... multipole moment expansion coefficients recalculated ...
  395   1 sigma   g   -.5138057882214068E+00       -0.12E-12        0.48E-14
  395   1 sigma   g   -.5138057882214068E+00       -0.12E-12        0.48E-14
 ... multipole moment expansion coefficients recalculated ...
  396   1 sigma   g   -.5138057882213793E+00        0.27E-13        0.59E-13
  396   1 sigma   g   -.5138057882213793E+00        0.27E-13        0.59E-13
 ... multipole moment expansion coefficients recalculated ...
  397   1 sigma   g   -.5138057882214013E+00       -0.22E-13        0.55E-13
  397   1 sigma   g   -.5138057882214013E+00       -0.22E-13        0.55E-13
 ... multipole moment expansion coefficients recalculated ...
  398   1 sigma   g   -.5138057882213813E+00        0.20E-13        0.64E-13
  398   1 sigma   g   -.5138057882213813E+00        0.20E-13        0.64E-13
  399   1 sigma   g   -.5138057882214498E+00       -0.69E-13        0.53E-13
  399   1 sigma   g   -.5138057882214498E+00       -0.69E-13        0.53E-13
 ... multipole moment expansion coefficients recalculated ...
  400   1 sigma   g   -.5138057882213704E+00        0.79E-13        0.87E-13
  400   1 sigma   g   -.5138057882213704E+00        0.79E-13        0.87E-13
           
 ... scf iteration limit reached ... 
 ... writing functions to disk (current precision) ...

 total energy:                 -0.1091619846400773E+01
 total electronic energy:      -0.1591619846400773E+01
 virial ratio:                 -0.2230392684982853E+01

 total energy contributions: 
     nuclear-electron attraction energy =      -3.042840678433
     kinetic energy                     =       0.887212562074
     one electron energy                =      -2.155628116359
     coulomb energy                     =       0.564008269958
     exchange energy                    =       0.000000000000
     coulomb energy (DFT)               =       1.128016539916
     exchange energy (DFT)              =      -0.564008269958
     correlation energy (DFT)           =       0.000000000000

       orbital               energy                     1-norm
   1 sigma    g     -0.5138057882213704E+00            0.87E-13


 total energy uncertainty due to orbital norms not being equal 1:
     absolute = +/-0.14E-12,  relative = +/-0.13E-10%

 checking symmetry of orbitals:
          required    actual 
   1 sigma    g          g

 multipole moments relative to geometrical centre:

                                    electronic (au/Debye-Ang^k)   total (au/Debye-Ang^k)
     dipole (Mu_z, k=1)                0.0000000000000000E+00      0.0000000000000000E+00
                                       0.0000000000000000E+00      0.0000000000000000E+00

     quadrupole (Theta_zz, k=2)       -0.1100852661284860E+01      0.8991473387151403E+00
                                      -0.1480695498459485E+01      0.1209392922149485E+01

     octopole (Omega_zzz, k=3)         0.0000000000000000E+00      0.0000000000000000E+00
                                       0.0000000000000000E+00      0.0000000000000000E+00

     hexadecapole (Phi_zzzz, k=4)     -0.8802162596055997E+00      0.1119783740394400E+01
                                      -0.3315341535154140E+00      0.4217674354917356E+00


 multipole moments relative to centre of mass:

      centre     atomic weight       z
        H         1.00782503      -1.0000
        H         1.00782503       1.0000
  centre-of-mass                   0.0000


                                    electronic (au/Debye-Ang^k)   total (au/Debye-Ang^k)
     dipole (Mu_z, k=1)                0.1110223024625157E-15      0.1110223024625157E-15
                                       0.2821926026186361E-15      0.2821926026186361E-15

     quadrupole (Theta_zz, k=2)       -0.1100852661284812E+01      0.8991473387151876E+00
                                      -0.1480695498459421E+01      0.1209392922149549E+01

     octopole (Omega_zzz, k=3)         0.8881784197001252E-15      0.8881784197001252E-15
                                       0.6321759071712882E-15      0.6321759071712882E-15

     hexadecapole (Phi_zzzz, k=4)     -0.8802162596055527E+00      0.1119783740394447E+01
                                      -0.3315341535153963E+00      0.4217674354917533E+00

////////////////////////////////////////////////////////////////////////////////////////////////

 cpu summary (sec):
    Lagrange multipliers                       0.81
    normalization+orthogonalization            0.19
    multipole moments                          0.65
    relaxation of orb. and pot.               10.96
    total energy                               0.25
    all SCF iterations                        12.61
    single SCF iteration                       0.03


 start: 2011/05/05  23:05:13.54 
 stop:  2011/05/05  23:05:26.84 

////////////////////////////////////////////////////////////////////////////////////////////////

Linux wieslaw16.fizyka.umk.pl 2.6.18-prep x86_64 x86_64 GNU/Linux
 Quad-Core AMD Opteron(tm) Processor 8380

////////////////////////////////////////////////////////////////////////////////////////////////
