
////////////////////////////////////////////////////////////////////////////////////////////////



                         FINITE DIFFERENCE 2D HARTREE-FOCK  (version 2.0)



////////////////////////////////////////////////////////////////////////////////////////////////

   ... start of input data ...
  title Hydrogen in 2D harmonic potential: ground sigma state                     
  method oed                                                                      
  nuclei  1.0 1.0  2.0                                                            
  poth3 0 0.0  1.0                                                                
  homo                                                                            
  config 0                                                                        
  1 sigma g + end                                                                 
                    3
 Warning: mismatch in given and calculated total charge:   1.00000000000000        2.00000000000000     
  grid 269 50.0                                                                   
  orbpot hydrogen                                                                 
  lcao                                                                            
  1.0 1 0 1.0   1.0   1 0  1.0  0                                                 
  scf  1000 10 10 10  1                                                           
  omega  1.92  -1.87                                                              
  stop                                                                            
   ... end of input data  ...
         

   molecular system: 

          H ( 1.00)   H  ( 1.00)   R =  2.00000 bohr = 1.05835 angstroms

   method: OED

   nuclear potential: Coulomb 3D 

   electronic configuration:

           1  sigma   g  +   


          total charge            =   1
          number of
              electrons           =   1
              orbitals            =   1
              Coulomb potentials  =   1
              exchange potentials =   0

   LCAO via hydrogenic functions:

           orbital           n1 l1   Z1    c1       n2 l2   Z2    c2 

           1  sigma   g       1  0  1.00  0.50       1  0  1.00  0.50

   grid:
          nu (h_nu)  =  265  (0.01190)
          mu (h_mu)  =  391  (0.01181)
          R_infinity =   50.00

   scf: 
          thresholds
              scf iterations           =   1000
              orbital energy           = 1.00E-10
              orbital norm             = 1.00E-10
              multipole moments recalc = 1.00E+15

          orbitals are relaxed
          Coulomb potentials are kept frozen

          multipole expansion coefficients =  4

   (mc)sor:
          sor method used for relaxing orbitals and potentials
          ordering: middle 

                            (mc)sor iterations
                            orbital  potentials
             1 sigma   g       10        10

          overrelaxation parameters:   orbitals       potentials 
                                        1.920       1.984   1.984

   machine accuracy      =    0.11E-15

   constants: 
               pi        =    0.3141592653589793E+01
               bohr      =    0.5291772490000000E+00 angstroms


   memory usage:
          text+data                                      0.9 MB 
          bss (common block contributions)              97.1 MB
          dynamical allocation                          30.1 MB 
              orbitals + Coulomb potentials              1.6 MB
              exchange potentials                        0.8 MB

////////////////////////////////////////////////////////////////////////////////////////////////

 ... initializing orbitals from hydrogenic functions ...
 ... initializing Lagrange multipliers ...

 total energy:                  0.1336827236732963E+00
 total electronic energy:      -0.3663172763267037E+00
 virial ratio:                 -0.6539026231628867E+00

   scf  orbital              energy              energy diff        1-norm         overlap
    1   1 sigma   g  -.4208806500912681E+00       -0.55E-01       -0.17E-01        0.00E+00
    2   1 sigma   g  -.4399021852150130E+00       -0.19E-01       -0.77E-02        0.00E+00
    3   1 sigma   g  -.4536888226750139E+00       -0.14E-01       -0.41E-02        0.00E+00
    4   1 sigma   g  -.4645908822209263E+00       -0.11E-01       -0.16E-02        0.00E+00
    5   1 sigma   g  -.4734997395915795E+00       -0.89E-02        0.38E-03        0.00E+00
    6   1 sigma   g  -.4808984497238439E+00       -0.74E-02        0.19E-02        0.00E+00
    7   1 sigma   g  -.4870825106517984E+00       -0.62E-02        0.30E-02        0.00E+00
    8   1 sigma   g  -.4922537654222494E+00       -0.52E-02        0.39E-02        0.00E+00
    9   1 sigma   g  -.4965658308746869E+00       -0.43E-02        0.46E-02        0.00E+00
   10   1 sigma   g  -.5001390146222798E+00       -0.36E-02        0.51E-02        0.00E+00
 ... writing functions to disk (current precision) ...
 total energy:    -0.1390146222798316E-03
   11   1 sigma   g  -.5030734955803778E+00       -0.29E-02        0.54E-02        0.00E+00
   12   1 sigma   g  -.5054547166323907E+00       -0.24E-02        0.56E-02        0.00E+00
   13   1 sigma   g  -.5073565187553916E+00       -0.19E-02        0.57E-02        0.00E+00
   14   1 sigma   g  -.5088438866210118E+00       -0.15E-02        0.57E-02        0.00E+00
   15   1 sigma   g  -.5099739211379808E+00       -0.11E-02        0.57E-02        0.00E+00
   16   1 sigma   g  -.5107969713325434E+00       -0.82E-03        0.56E-02        0.00E+00
   17   1 sigma   g  -.5113570744357682E+00       -0.56E-03        0.54E-02        0.00E+00
   18   1 sigma   g  -.5116918561583341E+00       -0.33E-03        0.53E-02        0.00E+00
   19   1 sigma   g  -.5118368833573863E+00       -0.15E-03        0.51E-02        0.00E+00
   20   1 sigma   g  -.5118261140604472E+00        0.11E-04        0.49E-02        0.00E+00
 ... writing functions to disk (current precision) ...
 total energy:    -0.1182611406044720E-01
   21   1 sigma   g  -.5116903590727395E+00        0.14E-03        0.47E-02        0.00E+00
   22   1 sigma   g  -.5114564508959776E+00        0.23E-03        0.45E-02        0.00E+00
   23   1 sigma   g  -.5111471361662014E+00        0.31E-03        0.42E-02        0.00E+00
   24   1 sigma   g  -.5107814543955714E+00        0.37E-03        0.40E-02        0.00E+00
   25   1 sigma   g  -.5103751766282137E+00        0.41E-03        0.38E-02        0.00E+00
   26   1 sigma   g  -.5099412500902120E+00        0.43E-03        0.36E-02        0.00E+00
   27   1 sigma   g  -.5094902162186181E+00        0.45E-03        0.34E-02        0.00E+00
   28   1 sigma   g  -.5090305876474043E+00        0.46E-03        0.32E-02        0.00E+00
   29   1 sigma   g  -.5085691738740250E+00        0.46E-03        0.30E-02        0.00E+00
   30   1 sigma   g  -.5081113653183094E+00        0.46E-03        0.28E-02        0.00E+00
 ... writing functions to disk (current precision) ...
 total energy:    -0.8111365318309360E-02
   31   1 sigma   g  -.5076613731721740E+00        0.45E-03        0.26E-02        0.00E+00
   32   1 sigma   g  -.5072224309533834E+00        0.44E-03        0.25E-02        0.00E+00
   33   1 sigma   g  -.5067969669849222E+00        0.43E-03        0.23E-02        0.00E+00
   34   1 sigma   g  -.5063867487152330E+00        0.41E-03        0.22E-02        0.00E+00
   35   1 sigma   g  -.5059930038681247E+00        0.39E-03        0.20E-02        0.00E+00
   36   1 sigma   g  -.5056165216902109E+00        0.38E-03        0.19E-02        0.00E+00
   37   1 sigma   g  -.5052577374947685E+00        0.36E-03        0.18E-02        0.00E+00
   38   1 sigma   g  -.5049168030349236E+00        0.34E-03        0.17E-02        0.00E+00
   39   1 sigma   g  -.5045936449482996E+00        0.32E-03        0.16E-02        0.00E+00
   40   1 sigma   g  -.5042880132561240E+00        0.31E-03        0.15E-02        0.00E+00
 ... writing functions to disk (current precision) ...
 total energy:    -0.4288013256124046E-02
   41   1 sigma   g  -.5039995214392189E+00        0.29E-03        0.14E-02        0.00E+00
   42   1 sigma   g  -.5037276794646942E+00        0.27E-03        0.13E-02        0.00E+00
   43   1 sigma   g  -.5034719209571407E+00        0.26E-03        0.12E-02        0.00E+00
   44   1 sigma   g  -.5032316254327165E+00        0.24E-03        0.11E-02        0.00E+00
   45   1 sigma   g  -.5030061363854794E+00        0.23E-03        0.10E-02        0.00E+00
   46   1 sigma   g  -.5027947759306125E+00        0.21E-03        0.97E-03        0.00E+00
   47   1 sigma   g  -.5025968565798714E+00        0.20E-03        0.91E-03        0.00E+00
   48   1 sigma   g  -.5024116906312801E+00        0.19E-03        0.85E-03        0.00E+00
   49   1 sigma   g  -.5022385975803751E+00        0.17E-03        0.80E-03        0.00E+00
   50   1 sigma   g  -.5020769098942852E+00        0.16E-03        0.74E-03        0.00E+00
 ... writing functions to disk (current precision) ...
 total energy:    -0.2076909894285217E-02
   51   1 sigma   g  -.5019259774331353E+00        0.15E-03        0.69E-03        0.00E+00
   52   1 sigma   g  -.5017851707573481E+00        0.14E-03        0.65E-03        0.00E+00
   53   1 sigma   g  -.5016538835221922E+00        0.13E-03        0.61E-03        0.00E+00
   54   1 sigma   g  -.5015315341239757E+00        0.12E-03        0.57E-03        0.00E+00
   55   1 sigma   g  -.5014175667399324E+00        0.11E-03        0.53E-03        0.00E+00
   56   1 sigma   g  -.5013114518772138E+00        0.11E-03        0.49E-03        0.00E+00
   57   1 sigma   g  -.5012126865274418E+00        0.99E-04        0.46E-03        0.00E+00
   58   1 sigma   g  -.5011207940081610E+00        0.92E-04        0.43E-03        0.00E+00
   59   1 sigma   g  -.5010353235579361E+00        0.85E-04        0.40E-03        0.00E+00
   60   1 sigma   g  -.5009558497417448E+00        0.79E-04        0.38E-03        0.00E+00
 ... writing functions to disk (current precision) ...
 total energy:    -0.9558497417447853E-03
   61   1 sigma   g  -.5008819717102444E+00        0.74E-04        0.35E-03        0.00E+00
   62   1 sigma   g  -.5008133123536822E+00        0.69E-04        0.33E-03        0.00E+00
   63   1 sigma   g  -.5007495173794739E+00        0.64E-04        0.31E-03        0.00E+00
   64   1 sigma   g  -.5006902543388916E+00        0.59E-04        0.29E-03        0.00E+00
   65   1 sigma   g  -.5006352116264308E+00        0.55E-04        0.27E-03        0.00E+00
   66   1 sigma   g  -.5005840974630196E+00        0.51E-04        0.25E-03        0.00E+00
   67   1 sigma   g  -.5005366388828988E+00        0.47E-04        0.23E-03        0.00E+00
   68   1 sigma   g  -.5004925807291335E+00        0.44E-04        0.22E-03        0.00E+00
   69   1 sigma   g  -.5004516846699000E+00        0.41E-04        0.20E-03        0.00E+00
   70   1 sigma   g  -.5004137282399036E+00        0.38E-04        0.19E-03        0.00E+00
 ... writing functions to disk (current precision) ...
 total energy:    -0.4137282399035991E-03
   71   1 sigma   g  -.5003785039121905E+00        0.35E-04        0.18E-03        0.00E+00
   72   1 sigma   g  -.5003458182048665E+00        0.33E-04        0.17E-03        0.00E+00
   73   1 sigma   g  -.5003154908222782E+00        0.30E-04        0.16E-03        0.00E+00
   74   1 sigma   g  -.5002873538364281E+00        0.28E-04        0.15E-03        0.00E+00
   75   1 sigma   g  -.5002612509050057E+00        0.26E-04        0.14E-03        0.00E+00
   76   1 sigma   g  -.5002370365300980E+00        0.24E-04        0.13E-03        0.00E+00
   77   1 sigma   g  -.5002145753536318E+00        0.22E-04        0.12E-03        0.00E+00
   78   1 sigma   g  -.5001937414933562E+00        0.21E-04        0.11E-03        0.00E+00
   79   1 sigma   g  -.5001744179145339E+00        0.19E-04        0.10E-03        0.00E+00
   80   1 sigma   g  -.5001564958378215E+00        0.18E-04        0.96E-04        0.00E+00
 ... writing functions to disk (current precision) ...
 total energy:    -0.1564958378215131E-03
   81   1 sigma   g  -.5001398741829093E+00        0.17E-04        0.90E-04        0.00E+00
   82   1 sigma   g  -.5001244590453122E+00        0.15E-04        0.84E-04        0.00E+00
   83   1 sigma   g  -.5001101632053795E+00        0.14E-04        0.79E-04        0.00E+00
   84   1 sigma   g  -.5000969056684385E+00        0.13E-04        0.73E-04        0.00E+00
   85   1 sigma   g  -.5000846112334254E+00        0.12E-04        0.69E-04        0.00E+00
   86   1 sigma   g  -.5000732100905210E+00        0.11E-04        0.64E-04        0.00E+00
   87   1 sigma   g  -.5000626374432983E+00        0.11E-04        0.60E-04        0.00E+00
   88   1 sigma   g  -.5000528331576855E+00        0.98E-05        0.56E-04        0.00E+00
   89   1 sigma   g  -.5000437414331190E+00        0.91E-05        0.52E-04        0.00E+00
   90   1 sigma   g  -.5000353104962614E+00        0.84E-05        0.49E-04        0.00E+00
 ... writing functions to disk (current precision) ...
 total energy:    -0.3531049626137595E-04
   91   1 sigma   g  -.5000274923143571E+00        0.78E-05        0.46E-04        0.00E+00
   92   1 sigma   g  -.5000202423303949E+00        0.72E-05        0.43E-04        0.00E+00
   93   1 sigma   g  -.5000135192138756E+00        0.67E-05        0.40E-04        0.00E+00
   94   1 sigma   g  -.5000072846314412E+00        0.62E-05        0.37E-04        0.00E+00
   95   1 sigma   g  -.5000015030302534E+00        0.58E-05        0.35E-04        0.00E+00
   96   1 sigma   g  -.4999961414396848E+00        0.54E-05        0.32E-04        0.00E+00
   97   1 sigma   g  -.4999911692850278E+00        0.50E-05        0.30E-04        0.00E+00
   98   1 sigma   g  -.4999865582143771E+00        0.46E-05        0.28E-04        0.00E+00
   99   1 sigma   g  -.4999822819389687E+00        0.43E-05        0.26E-04        0.00E+00
  100   1 sigma   g  -.4999783160830193E+00        0.40E-05        0.25E-04        0.00E+00
 ... writing functions to disk (current precision) ...
 total energy:     0.2168391698070815E-04
  101   1 sigma   g  -.4999746380459629E+00        0.37E-05        0.23E-04        0.00E+00
  102   1 sigma   g  -.4999712268736526E+00        0.34E-05        0.21E-04        0.00E+00
  103   1 sigma   g  -.4999680631384057E+00        0.32E-05        0.20E-04        0.00E+00
  104   1 sigma   g  -.4999651288289392E+00        0.29E-05        0.19E-04        0.00E+00
  105   1 sigma   g  -.4999624072464764E+00        0.27E-05        0.17E-04        0.00E+00
  106   1 sigma   g  -.4999598829104802E+00        0.25E-05        0.16E-04        0.00E+00
  107   1 sigma   g  -.4999575414684084E+00        0.23E-05        0.15E-04        0.00E+00
  108   1 sigma   g  -.4999553696151027E+00        0.22E-05        0.14E-04        0.00E+00
  109   1 sigma   g  -.4999533550156500E+00        0.20E-05        0.13E-04        0.00E+00
  110   1 sigma   g  -.4999514862344380E+00        0.19E-05        0.12E-04        0.00E+00
 ... writing functions to disk (current precision) ...
 total energy:     0.4851376556203046E-04
  111   1 sigma   g  -.4999497526699729E+00        0.17E-05        0.12E-04        0.00E+00
  112   1 sigma   g  -.4999481444942946E+00        0.16E-05        0.11E-04        0.00E+00
  113   1 sigma   g  -.4999466525957670E+00        0.15E-05        0.10E-04        0.00E+00
  114   1 sigma   g  -.4999452685271180E+00        0.14E-05        0.95E-05        0.00E+00
  115   1 sigma   g  -.4999439844573781E+00        0.13E-05        0.88E-05        0.00E+00
  116   1 sigma   g  -.4999427931258505E+00        0.12E-05        0.83E-05        0.00E+00
  117   1 sigma   g  -.4999416878014648E+00        0.11E-05        0.77E-05        0.00E+00
  118   1 sigma   g  -.4999406622438188E+00        0.10E-05        0.72E-05        0.00E+00
  119   1 sigma   g  -.4999397106668043E+00        0.95E-06        0.67E-05        0.00E+00
  120   1 sigma   g  -.4999388277059476E+00        0.88E-06        0.63E-05        0.00E+00
 ... writing functions to disk (current precision) ...
 total energy:     0.6117229405244728E-04
  121   1 sigma   g  -.4999380083876154E+00        0.82E-06        0.59E-05        0.00E+00
  122   1 sigma   g  -.4999372481001536E+00        0.76E-06        0.55E-05        0.00E+00
  123   1 sigma   g  -.4999365425675273E+00        0.71E-06        0.51E-05        0.00E+00
  124   1 sigma   g  -.4999358878251576E+00        0.65E-06        0.48E-05        0.00E+00
  125   1 sigma   g  -.4999352801967984E+00        0.61E-06        0.45E-05        0.00E+00
  126   1 sigma   g  -.4999347162733182E+00        0.56E-06        0.42E-05        0.00E+00
  127   1 sigma   g  -.4999341928940957E+00        0.52E-06        0.39E-05        0.00E+00
  128   1 sigma   g  -.4999337071275219E+00        0.49E-06        0.36E-05        0.00E+00
  129   1 sigma   g  -.4999332562554327E+00        0.45E-06        0.34E-05        0.00E+00
  130   1 sigma   g  -.4999328377571678E+00        0.42E-06        0.32E-05        0.00E+00
 ... writing functions to disk (current precision) ...
 total energy:     0.6716224283215277E-04
  131   1 sigma   g  -.4999324492946750E+00        0.39E-06        0.30E-05        0.00E+00
  132   1 sigma   g  -.4999320887001911E+00        0.36E-06        0.28E-05        0.00E+00
  133   1 sigma   g  -.4999317539628512E+00        0.33E-06        0.26E-05        0.00E+00
  134   1 sigma   g  -.4999314432179300E+00        0.31E-06        0.24E-05        0.00E+00
  135   1 sigma   g  -.4999311547353884E+00        0.29E-06        0.23E-05        0.00E+00
  136   1 sigma   g  -.4999308869114544E+00        0.27E-06        0.21E-05        0.00E+00
  137   1 sigma   g  -.4999306382577706E+00        0.25E-06        0.20E-05        0.00E+00
  138   1 sigma   g  -.4999304073942260E+00        0.23E-06        0.18E-05        0.00E+00
  139   1 sigma   g  -.4999301930406138E+00        0.21E-06        0.17E-05        0.00E+00
  140   1 sigma   g  -.4999299940088260E+00        0.20E-06        0.16E-05        0.00E+00
 ... writing functions to disk (current precision) ...
 total energy:     0.7000599117396034E-04
  141   1 sigma   g  -.4999298091976401E+00        0.18E-06        0.15E-05        0.00E+00
  142   1 sigma   g  -.4999296375845935E+00        0.17E-06        0.14E-05        0.00E+00
  143   1 sigma   g  -.4999294782215405E+00        0.16E-06        0.13E-05        0.00E+00
  144   1 sigma   g  -.4999293302291182E+00        0.15E-06        0.12E-05        0.00E+00
  145   1 sigma   g  -.4999291927909546E+00        0.14E-06        0.11E-05        0.00E+00
  146   1 sigma   g  -.4999290651499696E+00        0.13E-06        0.11E-05        0.00E+00
  147   1 sigma   g  -.4999289466032753E+00        0.12E-06        0.10E-05        0.00E+00
  148   1 sigma   g  -.4999288364993963E+00        0.11E-06        0.93E-06        0.00E+00
  149   1 sigma   g  -.4999287342331468E+00        0.10E-06        0.87E-06        0.00E+00
  150   1 sigma   g  -.4999286392432290E+00        0.95E-07        0.81E-06        0.00E+00
 ... writing functions to disk (current precision) ...
 total energy:     0.7136075677099951E-04
  151   1 sigma   g  -.4999285510088520E+00        0.88E-07        0.76E-06        0.00E+00
  152   1 sigma   g  -.4999284690467430E+00        0.82E-07        0.71E-06        0.00E+00
  153   1 sigma   g  -.4999283929080410E+00        0.76E-07        0.66E-06        0.00E+00
  154   1 sigma   g  -.4999283221768527E+00        0.71E-07        0.62E-06        0.00E+00
  155   1 sigma   g  -.4999282564664822E+00        0.66E-07        0.58E-06        0.00E+00
  156   1 sigma   g  -.4999281954185064E+00        0.61E-07        0.54E-06        0.00E+00
  157   1 sigma   g  -.4999281386999752E+00        0.57E-07        0.50E-06        0.00E+00
  158   1 sigma   g  -.4999280860023222E+00        0.53E-07        0.47E-06        0.00E+00
  159   1 sigma   g  -.4999280370382183E+00        0.49E-07        0.44E-06        0.00E+00
  160   1 sigma   g  -.4999279915420743E+00        0.45E-07        0.41E-06        0.00E+00
 ... writing functions to disk (current precision) ...
 total energy:     0.7200845792570965E-04
  161   1 sigma   g  -.4999279492663572E+00        0.42E-07        0.38E-06        0.00E+00
  162   1 sigma   g  -.4999279099817650E+00        0.39E-07        0.36E-06        0.00E+00
  163   1 sigma   g  -.4999278734756502E+00        0.37E-07        0.33E-06        0.00E+00
  164   1 sigma   g  -.4999278395501529E+00        0.34E-07        0.31E-06        0.00E+00
  165   1 sigma   g  -.4999278080215631E+00        0.32E-07        0.29E-06        0.00E+00
  166   1 sigma   g  -.4999277787197924E+00        0.29E-07        0.27E-06        0.00E+00
  167   1 sigma   g  -.4999277514865059E+00        0.27E-07        0.25E-06        0.00E+00
  168   1 sigma   g  -.4999277261746730E+00        0.25E-07        0.24E-06        0.00E+00
  169   1 sigma   g  -.4999277026480792E+00        0.24E-07        0.22E-06        0.00E+00
  170   1 sigma   g  -.4999276807800495E+00        0.22E-07        0.21E-06        0.00E+00
 ... writing functions to disk (current precision) ...
 total energy:     0.7231921995048962E-04
  171   1 sigma   g  -.4999276604527608E+00        0.20E-07        0.19E-06        0.00E+00
  172   1 sigma   g  -.4999276415571342E+00        0.19E-07        0.18E-06        0.00E+00
  173   1 sigma   g  -.4999276239916557E+00        0.18E-07        0.17E-06        0.00E+00
  174   1 sigma   g  -.4999276076622562E+00        0.16E-07        0.16E-06        0.00E+00
  175   1 sigma   g  -.4999275924812911E+00        0.15E-07        0.15E-06        0.00E+00
  176   1 sigma   g  -.4999275783673872E+00        0.14E-07        0.14E-06        0.00E+00
  177   1 sigma   g  -.4999275652453929E+00        0.13E-07        0.13E-06        0.00E+00
  178   1 sigma   g  -.4999275530450679E+00        0.12E-07        0.12E-06        0.00E+00
  179   1 sigma   g  -.4999275417012465E+00        0.11E-07        0.11E-06        0.00E+00
  180   1 sigma   g  -.4999275311533388E+00        0.11E-07        0.10E-06        0.00E+00
 ... writing functions to disk (current precision) ...
 total energy:     0.7246884666117781E-04
  181   1 sigma   g  -.4999275213453397E+00        0.98E-08        0.98E-07        0.00E+00
  182   1 sigma   g  -.4999275122249776E+00        0.91E-08        0.91E-07        0.00E+00
  183   1 sigma   g  -.4999275037437871E+00        0.85E-08        0.85E-07        0.00E+00
  184   1 sigma   g  -.4999274958566262E+00        0.79E-08        0.80E-07        0.00E+00
  185   1 sigma   g  -.4999274885216046E+00        0.73E-08        0.74E-07        0.00E+00
  186   1 sigma   g  -.4999274817000749E+00        0.68E-08        0.70E-07        0.00E+00
  187   1 sigma   g  -.4999274753556727E+00        0.63E-08        0.65E-07        0.00E+00
  188   1 sigma   g  -.4999274694548056E+00        0.59E-08        0.61E-07        0.00E+00
  189   1 sigma   g  -.4999274639664509E+00        0.55E-08        0.57E-07        0.00E+00
  190   1 sigma   g  -.4999274588615147E+00        0.51E-08        0.53E-07        0.00E+00
 ... writing functions to disk (current precision) ...
 total energy:     0.7254113848526034E-04
  191   1 sigma   g  -.4999274541129869E+00        0.47E-08        0.49E-07        0.00E+00
  192   1 sigma   g  -.4999274496958948E+00        0.44E-08        0.46E-07        0.00E+00
  193   1 sigma   g  -.4999274455869896E+00        0.41E-08        0.43E-07        0.00E+00
  194   1 sigma   g  -.4999274417645711E+00        0.38E-08        0.40E-07        0.00E+00
  195   1 sigma   g  -.4999274382086807E+00        0.36E-08        0.38E-07        0.00E+00
  196   1 sigma   g  -.4999274349006473E+00        0.33E-08        0.35E-07        0.00E+00
  197   1 sigma   g  -.4999274318229247E+00        0.31E-08        0.33E-07        0.00E+00
  198   1 sigma   g  -.4999274289595144E+00        0.29E-08        0.31E-07        0.00E+00
  199   1 sigma   g  -.4999274262953242E+00        0.27E-08        0.29E-07        0.00E+00
  200   1 sigma   g  -.4999274238165297E+00        0.25E-08        0.27E-07        0.00E+00
 ... writing functions to disk (current precision) ...
 total energy:     0.7257618347034089E-04
  201   1 sigma   g  -.4999274215099303E+00        0.23E-08        0.25E-07        0.00E+00
  202   1 sigma   g  -.4999274193636274E+00        0.21E-08        0.23E-07        0.00E+00
  203   1 sigma   g  -.4999274173664487E+00        0.20E-08        0.22E-07        0.00E+00
  204   1 sigma   g  -.4999274155080162E+00        0.19E-08        0.20E-07        0.00E+00
  205   1 sigma   g  -.4999274137786486E+00        0.17E-08        0.19E-07        0.00E+00
  206   1 sigma   g  -.4999274121691679E+00        0.16E-08        0.18E-07        0.00E+00
  207   1 sigma   g  -.4999274106711785E+00        0.15E-08        0.17E-07        0.00E+00
  208   1 sigma   g  -.4999274092773119E+00        0.14E-08        0.16E-07        0.00E+00
  209   1 sigma   g  -.4999274079800575E+00        0.13E-08        0.14E-07        0.00E+00
  210   1 sigma   g  -.4999274067723122E+00        0.12E-08        0.14E-07        0.00E+00
 ... writing functions to disk (current precision) ...
 total energy:     0.7259322768776721E-04
  211   1 sigma   g  -.4999274056482981E+00        0.11E-08        0.13E-07        0.00E+00
  212   1 sigma   g  -.4999274046021307E+00        0.10E-08        0.12E-07        0.00E+00
  213   1 sigma   g  -.4999274036283382E+00        0.97E-09        0.11E-07        0.00E+00
  214   1 sigma   g  -.4999274027219378E+00        0.91E-09        0.10E-07        0.00E+00
  215   1 sigma   g  -.4999274018782087E+00        0.84E-09        0.96E-08        0.00E+00
  216   1 sigma   g  -.4999274010927456E+00        0.79E-09        0.90E-08        0.00E+00
  217   1 sigma   g  -.4999274003615222E+00        0.73E-09        0.84E-08        0.00E+00
  218   1 sigma   g  -.4999273996808764E+00        0.68E-09        0.78E-08        0.00E+00
  219   1 sigma   g  -.4999273990470299E+00        0.63E-09        0.73E-08        0.00E+00
  220   1 sigma   g  -.4999273984570659E+00        0.59E-09        0.68E-08        0.00E+00
 ... writing functions to disk (current precision) ...
 total energy:     0.7260154293414756E-04
  221   1 sigma   g  -.4999273979078445E+00        0.55E-09        0.64E-08        0.00E+00
  222   1 sigma   g  -.4999273973962501E+00        0.51E-09        0.60E-08        0.00E+00
  223   1 sigma   g  -.4999273969201254E+00        0.48E-09        0.56E-08        0.00E+00
  224   1 sigma   g  -.4999273964766883E+00        0.44E-09        0.52E-08        0.00E+00
  225   1 sigma   g  -.4999273960636141E+00        0.41E-09        0.49E-08        0.00E+00
  226   1 sigma   g  -.4999273956792345E+00        0.38E-09        0.45E-08        0.00E+00
  227   1 sigma   g  -.4999273953213139E+00        0.36E-09        0.42E-08        0.00E+00
  228   1 sigma   g  -.4999273949878822E+00        0.33E-09        0.40E-08        0.00E+00
  229   1 sigma   g  -.4999273946775759E+00        0.31E-09        0.37E-08        0.00E+00
  230   1 sigma   g  -.4999273943883828E+00        0.29E-09        0.35E-08        0.00E+00
 ... writing functions to disk (current precision) ...
 total energy:     0.7260561161720469E-04
  231   1 sigma   g  -.4999273941191939E+00        0.27E-09        0.32E-08        0.00E+00
  232   1 sigma   g  -.4999273938683715E+00        0.25E-09        0.30E-08        0.00E+00
  233   1 sigma   g  -.4999273936349246E+00        0.23E-09        0.28E-08        0.00E+00
  234   1 sigma   g  -.4999273934173196E+00        0.22E-09        0.26E-08        0.00E+00
  235   1 sigma   g  -.4999273932146439E+00        0.20E-09        0.25E-08        0.00E+00
  236   1 sigma   g  -.4999273930260558E+00        0.19E-09        0.23E-08        0.00E+00
  237   1 sigma   g  -.4999273928502966E+00        0.18E-09        0.21E-08        0.00E+00
  238   1 sigma   g  -.4999273926865325E+00        0.16E-09        0.20E-08        0.00E+00
  239   1 sigma   g  -.4999273925339985E+00        0.15E-09        0.19E-08        0.00E+00
  240   1 sigma   g  -.4999273923919024E+00        0.14E-09        0.17E-08        0.00E+00
 ... writing functions to disk (current precision) ...
 total energy:     0.7260760809757461E-04
  241   1 sigma   g  -.4999273922595405E+00        0.13E-09        0.16E-08        0.00E+00
  242   1 sigma   g  -.4999273921362218E+00        0.12E-09        0.15E-08        0.00E+00
  243   1 sigma   g  -.4999273920213644E+00        0.11E-09        0.14E-08        0.00E+00
  244   1 sigma   g  -.4999273919143067E+00        0.11E-09        0.13E-08        0.00E+00
  245   1 sigma   g  -.4999273918146620E+00        0.10E-09        0.12E-08        0.00E+00
           
 ... orbital energy threshold reached reached ...
 ... writing functions to disk (current precision) ...

 total energy:                  0.7260818533799673E-04
 total electronic energy:      -0.4999273918146620E+00
 virial ratio:                 -0.9998547310499392E+00

 total energy contributions: 
     nuclear-electron attraction energy =      -0.999746419622
     kinetic energy                     =       0.499819027808
     one electron energy                =      -0.499927391815
     coulomb energy                     =       0.000000000000
     exchange energy                    =       0.000000000000
     coulomb energy (DFT)               =       0.000000000000
     exchange energy (DFT)              =       0.000000000000
     correlation energy (DFT)           =       0.000000000000

       orbital               energy                     1-norm
   1 sigma    g     -0.4999273918146620E+00            0.12E-08


 total energy uncertainty due to orbital norms not being equal 1:
     absolute = +/-0.62E-09,  relative = +/-0.86E-03%

 checking symmetry of orbitals:
          required    actual 
   1 sigma    g          g

////////////////////////////////////////////////////////////////////////////////////////////////

 cpu summary (sec):
    Lagrange multipliers                       1.30
    normalization+orthogonalization            0.20
    multipole moments                          0.00
    relaxation of orb. and pot.                9.13
    total energy                               0.26
    all SCF iterations                        10.63
    single SCF iteration                       0.04


 start: 2011/05/05  23:27:59.41 
 stop:  2011/05/05  23:28:10.71 

////////////////////////////////////////////////////////////////////////////////////////////////

Linux wieslaw16.fizyka.umk.pl 2.6.18-prep x86_64 x86_64 GNU/Linux
 Quad-Core AMD Opteron(tm) Processor 8380

////////////////////////////////////////////////////////////////////////////////////////////////
